#
# A fatal error has been detected by the Java Runtime Environment:
#
#  EXCEPTION_ACCESS_VIOLATION (0xc0000005) at pc=0x000000005cccc051, pid=17344, tid=15328
#
# JRE version: 7.0_02-b13
# Java VM: Java HotSpot(TM) 64-Bit Server VM (22.0-b10 mixed mode windows-amd64 compressed oops)
# Problematic frame:
# C  [msvcr100.dll+0x3c051]
#
# Failed to write core dump. Minidumps are not enabled by default on client versions of Windows
#
# If you would like to submit a bug report, please visit:
#   http://bugreport.sun.com/bugreport/crash.jsp
#

---------------  T H R E A D  ---------------

Current thread (0x0000000001e5e800):  JavaThread "main" [_thread_in_vm, id=15328, stack(0x0000000002660000,0x0000000002760000)]

siginfo: ExceptionCode=0xc0000005, writing address 0x000000000a630000

Registers:
RAX=0x0000000000000000, RBX=0x0000000001e5e800, RCX=0x000000000a630018, RDX=0x0000000776629d01
RSP=0x000000000275f028, RBP=0x0000000780c59ac8, RSI=0x0000000000002000, RDI=0x0000000000000000
R8 =0x0000000000001fff, R9 =0x00000000000000ee, R10=0x0000000000000000, R11=0x000000000a62fdd7
R12=0x0000000000000010, R13=0x000000067aefd720, R14=0x000000000275f1a8, R15=0x0000000001e5e800
RIP=0x000000005cccc051, EFLAGS=0x0000000000010206

Top of Stack: (sp=0x000000000275f028)
0x000000000275f028:   0000000059e1ca46 00000000cf5c16c3
0x000000000275f038:   000000000275f0d0 0000000001e5e800
0x000000000275f048:   0000000059ca8e3b 0000000001e5e800
0x000000000275f058:   0000000059dbbc00 000000067aefd720
0x000000000275f068:   000000000275f1a8 000000000275f108
0x000000000275f078:   0000000002778602 0000000002765350
0x000000000275f088:   0000000000000000 0000000000000000
0x000000000275f098:   0000000002778a82 00000000027660d8
0x000000000275f0a8:   000000067aefd720 000000000275f148
0x000000000275f0b8:   00000000cf5c16c3 0000000000000000
0x000000000275f0c8:   000000000a62fdd7 0000000000002000
0x000000000275f0d8:   0000000002778648 000000067aefd720
0x000000000275f0e8:   00000000cf5c16c3 00000000027660d8
0x000000000275f0f8:   0000000001f17e90 0000000002778602
0x000000000275f108:   000000000275f108 000000067aefd720
0x000000000275f118:   000000000275f1a8 000000067af00758 

Instructions: (pc=0x000000005cccc051)
0x000000005cccc031:   66 66 90 66 66 90 49 81 f9 00 20 00 00 73 42 48
0x000000005cccc041:   8b 04 0a 4c 8b 54 0a 08 48 83 c1 20 48 89 41 e0
0x000000005cccc051:   4c 89 51 e8 48 8b 44 0a f0 4c 8b 54 0a f8 49 ff
0x000000005cccc061:   c9 48 89 41 f0 4c 89 51 f8 75 d4 49 83 e0 1f e9 


Register to memory mapping:

RAX=0x0000000000000000 is an unknown value
RBX=0x0000000001e5e800 is a thread
RCX=0x000000000a630018 is an unknown value
RDX=0x0000000776629d01 is an unallocated location in the heap
RSP=0x000000000275f028 is pointing into the stack for thread: 0x0000000001e5e800
RBP=0x0000000780c59ac8 is an oop
[B 
 - klass: {type array byte}
 - length: 8192
RSI=0x0000000000002000 is an unknown value
RDI=0x0000000000000000 is an unknown value
R8 =0x0000000000001fff is an unknown value
R9 =0x00000000000000ee is an unknown value
R10=0x0000000000000000 is an unknown value
R11=0x000000000a62fdd7 is an unknown value
R12=0x0000000000000010 is an unknown value
R13=0x000000067aefd720 is an oop
{method} 
 - klass: {other class}
R14=0x000000000275f1a8 is pointing into the stack for thread: 0x0000000001e5e800
R15=0x0000000001e5e800 is a thread


Stack: [0x0000000002660000,0x0000000002760000],  sp=0x000000000275f028,  free space=1020k
Native frames: (J=compiled Java code, j=interpreted, Vv=VM code, C=native code)
C  [msvcr100.dll+0x3c051]  memcpy+0xc1

Java frames: (J=compiled Java code, j=interpreted, Vv=VM code)
j  sun.misc.Unsafe.copyMemory(Ljava/lang/Object;JLjava/lang/Object;JJ)V+0
j  org.helios.apmrouter.trace.DirectMetricCollection.writeBytes([B)V+22
j  org.helios.apmrouter.trace.DirectMetricCollection.writeBytes(Ljava/nio/ByteBuffer;)V+49
j  org.helios.apmrouter.trace.DirectMetricCollection.append(Lorg/helios/apmrouter/metric/IMetric;)V+172
j  org.helios.apmrouter.trace.TracerFactory.main([Ljava/lang/String;)V+52
v  ~StubRoutines::call_stub

---------------  P R O C E S S  ---------------

Java Threads: ( => current thread )
  0x000000000a548000 JavaThread "New I/O  worker #1" daemon [_thread_blocked, id=3680, stack(0x000000000b040000,0x000000000b140000)]
  0x000000000a382000 JavaThread "udp://localhost:2094-QueueProcessor" daemon [_thread_in_Java, id=14676, stack(0x000000000a650000,0x000000000a750000)]
  0x0000000007c07000 JavaThread "Service Thread" daemon [_thread_blocked, id=16732, stack(0x0000000009f60000,0x000000000a060000)]
  0x0000000007c06000 JavaThread "C2 CompilerThread1" daemon [_thread_blocked, id=17052, stack(0x0000000009db0000,0x0000000009eb0000)]
  0x0000000007c04800 JavaThread "C2 CompilerThread0" daemon [_thread_blocked, id=17352, stack(0x0000000009be0000,0x0000000009ce0000)]
  0x0000000007bfa800 JavaThread "JDWP Command Reader" daemon [_thread_in_native, id=16032, stack(0x0000000009a40000,0x0000000009b40000)]
  0x0000000007bf5800 JavaThread "JDWP Event Helper Thread" daemon [_thread_blocked, id=17396, stack(0x0000000009820000,0x0000000009920000)]
  0x0000000007be3000 JavaThread "JDWP Transport Listener: dt_socket" daemon [_thread_blocked, id=11472, stack(0x00000000093a0000,0x00000000094a0000)]
  0x0000000007bdc000 JavaThread "Attach Listener" daemon [_thread_blocked, id=15060, stack(0x00000000089f0000,0x0000000008af0000)]
  0x0000000007bdb800 JavaThread "Signal Dispatcher" daemon [_thread_blocked, id=13428, stack(0x0000000008b70000,0x0000000008c70000)]
  0x0000000007b58000 JavaThread "Finalizer" daemon [_thread_blocked, id=14132, stack(0x0000000008590000,0x0000000008690000)]
  0x0000000007b52000 JavaThread "Reference Handler" daemon [_thread_blocked, id=14448, stack(0x0000000008890000,0x0000000008990000)]
=>0x0000000001e5e800 JavaThread "main" [_thread_in_vm, id=15328, stack(0x0000000002660000,0x0000000002760000)]

Other Threads:
  0x0000000007b48800 VMThread [stack: 0x00000000086b0000,0x00000000087b0000] [id=17192]
  0x0000000007c21800 WatcherThread [stack: 0x000000000a130000,0x000000000a230000] [id=15684]

VM state:not at safepoint (normal execution)

VM Mutex/Monitor currently owned by a thread: None

Heap
 PSYoungGen      total 114688K, used 15730K [0x0000000780000000, 0x0000000788000000, 0x0000000800000000)
  eden space 98304K, 16% used [0x0000000780000000,0x0000000780f5c990,0x0000000786000000)
  from space 16384K, 0% used [0x0000000787000000,0x0000000787000000,0x0000000788000000)
  to   space 16384K, 0% used [0x0000000786000000,0x0000000786000000,0x0000000787000000)
 PSOldGen        total 262144K, used 0K [0x0000000680000000, 0x0000000690000000, 0x0000000780000000)
  object space 262144K, 0% used [0x0000000680000000,0x0000000680000000,0x0000000690000000)
 PSPermGen       total 21248K, used 7615K [0x000000067ae00000, 0x000000067c2c0000, 0x0000000680000000)
  object space 21248K, 35% used [0x000000067ae00000,0x000000067b56ff70,0x000000067c2c0000)

Code Cache  [0x0000000002760000, 0x00000000029d0000, 0x0000000005760000)
 total_blobs=287 nmethods=40 adapters=208 free_code_cache=48661Kb largest_free_block=49821056

Dynamic libraries:
0x000000013f410000 - 0x000000013f443000 	C:\Java\jdk1.7.0_02\bin\javaw.exe
0x0000000076e30000 - 0x0000000076fdc000 	C:\Windows\SYSTEM32\ntdll.dll
0x0000000076b00000 - 0x0000000076c1f000 	C:\Windows\system32\kernel32.dll
0x000007fefd5e0000 - 0x000007fefd64c000 	C:\Windows\system32\KERNELBASE.dll
0x000007fefdd70000 - 0x000007fefde4b000 	C:\Windows\system32\ADVAPI32.dll
0x000007fefd670000 - 0x000007fefd70f000 	C:\Windows\system32\msvcrt.dll
0x000007fefd900000 - 0x000007fefd91f000 	C:\Windows\SYSTEM32\sechost.dll
0x000007fefef40000 - 0x000007feff06e000 	C:\Windows\system32\RPCRT4.dll
0x00000000768b0000 - 0x00000000769aa000 	C:\Windows\system32\USER32.dll
0x000007fefdd00000 - 0x000007fefdd67000 	C:\Windows\system32\GDI32.dll
0x000007fefdcf0000 - 0x000007fefdcfe000 	C:\Windows\system32\LPK.dll
0x000007feff070000 - 0x000007feff13a000 	C:\Windows\system32\USP10.dll
0x000007fefbb90000 - 0x000007fefbd84000 	C:\Windows\WinSxS\amd64_microsoft.windows.common-controls_6595b64144ccf1df_6.0.7600.16661_none_fa62ad231704eab7\COMCTL32.dll
0x000007fefeec0000 - 0x000007fefef31000 	C:\Windows\system32\SHLWAPI.dll
0x000007fefdab0000 - 0x000007fefdade000 	C:\Windows\system32\IMM32.DLL
0x000007fefd710000 - 0x000007fefd819000 	C:\Windows\system32\MSCTF.dll
0x000007fefd280000 - 0x000007fefd297000 	C:\Windows\system32\AMINIT64.DLL
0x000000005cc90000 - 0x000000005cd61000 	C:\Java\jdk1.7.0_02\jre\bin\msvcr100.dll
0x0000000059c30000 - 0x000000005a30a000 	C:\Java\jdk1.7.0_02\jre\bin\server\jvm.dll
0x000007fefc740000 - 0x000007fefc749000 	C:\Windows\system32\WSOCK32.dll
0x000007fefee70000 - 0x000007fefeebd000 	C:\Windows\system32\WS2_32.dll
0x000007fefee60000 - 0x000007fefee68000 	C:\Windows\system32\NSI.dll
0x000007fefb0b0000 - 0x000007fefb0eb000 	C:\Windows\system32\WINMM.dll
0x0000000076ff0000 - 0x0000000076ff7000 	C:\Windows\system32\PSAPI.DLL
0x000000006f1a0000 - 0x000000006f1af000 	C:\Java\jdk1.7.0_02\jre\bin\verify.dll
0x0000000062870000 - 0x0000000062898000 	C:\Java\jdk1.7.0_02\jre\bin\java.dll
0x00000000556a0000 - 0x00000000556d5000 	C:\Java\jdk1.7.0_02\jre\bin\jdwp.dll
0x0000000062800000 - 0x0000000062808000 	C:\Java\jdk1.7.0_02\jre\bin\npt.dll
0x00000000628b0000 - 0x00000000628c5000 	C:\Java\jdk1.7.0_02\jre\bin\zip.dll
0x0000000063760000 - 0x0000000063769000 	C:\Java\jdk1.7.0_02\jre\bin\dt_socket.dll
0x000007fefb320000 - 0x000007fefb335000 	C:\Windows\system32\NLAapi.dll
0x000007fefcab0000 - 0x000007fefcb04000 	C:\Windows\System32\mswsock.dll
0x000007fefc990000 - 0x000007fefc9eb000 	C:\Windows\system32\DNSAPI.dll
0x000007fefa060000 - 0x000007fefa06b000 	C:\Windows\System32\winrnr.dll
0x000007fefa040000 - 0x000007fefa055000 	C:\Windows\system32\napinsp.dll
0x000007fefa020000 - 0x000007fefa039000 	C:\Windows\system32\pnrpnsp.dll
0x0000000074470000 - 0x00000000744a5000 	C:\Program Files\Bonjour\mdnsNSP.dll
0x000007fefadd0000 - 0x000007fefadf7000 	C:\Windows\system32\Iphlpapi.DLL
0x000007fefadc0000 - 0x000007fefadcb000 	C:\Windows\system32\WINNSI.DLL
0x000007fefac90000 - 0x000007feface3000 	C:\Windows\System32\fwpuclnt.dll
0x000007fefa0a0000 - 0x000007fefa0a8000 	C:\Windows\system32\rasadhlp.dll
0x000007fefc620000 - 0x000007fefc627000 	C:\Windows\System32\wshtcpip.dll
0x000000005fb00000 - 0x000000005fb0b000 	C:\Java\jdk1.7.0_02\jre\bin\management.dll
0x0000000062710000 - 0x0000000062729000 	C:\Java\jdk1.7.0_02\jre\bin\net.dll
0x000007fefcaa0000 - 0x000007fefcaa7000 	C:\Windows\System32\wship6.dll
0x0000000062810000 - 0x0000000062821000 	C:\Java\jdk1.7.0_02\jre\bin\nio.dll
0x000007fefcc40000 - 0x000007fefcc57000 	C:\Windows\system32\CRYPTSP.dll
0x000007fefc800000 - 0x000007fefc847000 	C:\Windows\system32\rsaenh.dll
0x000007fefc710000 - 0x000007fefc72e000 	C:\Windows\system32\USERENV.dll
0x000007fefd2a0000 - 0x000007fefd2af000 	C:\Windows\system32\profapi.dll
0x000007fefd170000 - 0x000007fefd17f000 	C:\Windows\system32\CRYPTBASE.dll

VM Arguments:
jvm_args: -agentlib:jdwp=transport=dt_socket,suspend=y,address=localhost:56184 -Dfile.encoding=Cp1252 
java_command: org.helios.apmrouter.trace.TracerFactory
Launcher Type: SUN_STANDARD

Environment Variables:
JAVA_HOME=C:\Java\jdk1.6.0_21
CLASSPATH=.;C:\Program Files (x86)\Java\jre6\lib\ext\QTJava.zip
PATH=C:\Java\jdk1.7.0_02\jre\bin;c:\tools\git\bin;C:\Java\jdk1.6.0_21\bin;C:\tools\SlikSvn\bin\;C:\csvn\bin\;C:\csvn\Python25\;C:\oracle\app\nwhitehe\product\11.2.0\dbhome_1\bin;C:\Windows\system32;C:\Windows;C:\Windows\System32\Wbem;C:\Windows\System32\WindowsPowerShell\v1.0\;c:\Program Files (x86)\ATI Technologies\ATI.ACE\Core-Static;C:\Program Files (x86)\NTRU Cryptosystems\NTRU TCG Software Stack\bin\;C:\Program Files\NTRU Cryptosystems\NTRU TCG Software Stack\bin\;C:\Program Files\Wave Systems Corp\Gemalto\Access Client\v5\;C:\tools\Mercurial\;C:\libs\java\ant\apache-ant-1.8.0\bin;c:\cygwin\bin;c:\java\jdk1.6.0_21;c:\groovy\Groovy-1.7.4\bin;C:\libs\java\apache-maven-2.2.1\bin;c:\tools\exploder\bin;C:\tools\StarTeam2009\SDK\StarTeam SDK 11.0\Lib;C:\tools\StarTeam2009\SDK\StarTeam SDK 11.0\Bin;C:\tools\TortoiseHg\;C:\Program Files (x86)\Enterprise Vault\EVClient\;C:\tools\strawberry\c\bin;C:\tools\strawberry\perl\site\bin;C:\tools\strawberry\perl\bin;C:\Program Files (x86)\QuickTime\QTSystem\;C:\tools\GnuPG\pub;C:\tools\Graphviz\bin;C:\Tools\TortoiseGit\bin;C:\Groovy\Groovy-1.8.5\bin;c:\Program Files\Microsoft Windows Performance Toolkit\;c:\Program Files (x86)\Microsoft SQL Server\100\Tools\Binn\;c:\Program Files\Microsoft SQL Server\100\Tools\Binn\;c:\Program Files\Microsoft SQL Server\100\DTS\Binn\;C:\Go\bin;C:\tools\Lua\5.1;C:\tools\Lua\5.1\clibs;C:\tools\UltraEdit\;C:\tools\UltraCompare\
USERNAME=nwhitehe
OS=Windows_NT
PROCESSOR_IDENTIFIER=Intel64 Family 6 Model 44 Stepping 2, GenuineIntel



---------------  S Y S T E M  ---------------

OS: Windows 7 , 64 bit Build 7600 

CPU:total 12 (6 cores per cpu, 2 threads per core) family 6 model 44 stepping 2, cmov, cx8, fxsr, mmx, sse, sse2, sse3, ssse3, sse4.1, sse4.2, popcnt, ht

Memory: 4k page, physical 25163320k(5648468k free), swap 50324740k(24053804k free)

vm_info: Java HotSpot(TM) 64-Bit Server VM (22.0-b10) for windows-amd64 JRE (1.7.0_02-b13), built on Nov 17 2011 13:51:15 by "java_re" with unknown MS VC++:1600

time: Tue Sep 11 15:49:48 2012
elapsed time: 47 seconds

