#
# A fatal error has been detected by the Java Runtime Environment:
#
#  SIGSEGV (0xb) at pc=0x00007fd789041ecc, pid=16852, tid=140563458205440
#
# JRE version: 7.0_04-b20
# Java VM: Java HotSpot(TM) 64-Bit Server VM (23.0-b21 mixed mode linux-amd64 compressed oops)
# Problematic frame:
# v  ~StubRoutines::jshort_disjoint_arraycopy
#
# Failed to write core dump. Core dumps have been disabled. To enable core dumping, try "ulimit -c unlimited" before starting Java again
#
# If you would like to submit a bug report, please visit:
#   http://bugreport.sun.com/bugreport/crash.jsp
#

---------------  T H R E A D  ---------------

Current thread (0x00007fd78c1ae000):  JavaThread "CollectionFunnelThread#3" daemon [_thread_in_Java, id=16879, stack(0x00007fd77aeea000,0x00007fd77afeb000)]

siginfo:si_signo=SIGSEGV: si_errno=0, si_code=2 (SEGV_ACCERR), si_addr=0x00007fd78c28a000

Registers:
RAX=0x00007fd7184e43e0, RBX=0x0000000700a5faa8, RCX=0x7fffffffc61371e8, RDX=0xe00000000e7b4b86
RSP=0x00007fd77afe9450, RBP=0x00007fd77afe9450, RSI=0x00007fd6a826f83e, RDI=0x00007fd7184e43d8
R8 =0x00007fd78c276010, R9 =0x00007fd7928f25af, R10=0x00007fd789042680, R11=0x00000000000003b6
R12=0x0000000000000000, R13=0x00007fd77afe94a0, R14=0x0000000700ce8820, R15=0x00007fd78c1ae000
RIP=0x00007fd789041ecc, EFLAGS=0x0000000000010282, CSGSFS=0x0000000000000033, ERR=0x0000000000000004
  TRAPNO=0x000000000000000e

Top of Stack: (sp=0x00007fd77afe9450)
0x00007fd77afe9450:   00000007ade994b0 00007fd7890848d0
0x00007fd77afe9460:   000000078c26e3d0 00007fd78c276010
0x00007fd77afe9470:   0000000700c404a8 0000000000000000
0x00007fd77afe9480:   00007fd77afe9500 00007fd789006158
0x00007fd77afe9490:   0000000700cbf640 00007fd789006158
0x00007fd77afe94a0:   000000008c26e3d0 00007fd78c276010
0x00007fd77afe94b0:   00007fd789006450 00000007ade994b0
0x00007fd77afe94c0:   00007fd77afe94c0 0000000700cbf5d6
0x00007fd77afe94d0:   00007fd77afe9518 0000000700cc16a8
0x00007fd77afe94e0:   0000000700ce8820 0000000700cbf640
0x00007fd77afe94f0:   00007fd77afe94a0 00007fd77afe9518
0x00007fd77afe9500:   00007fd77afe9560 00007fd789006333
0x00007fd77afe9510:   0000000000000000 00000007ade96510
0x00007fd77afe9520:   00007fd77afe9520 0000000700cbf7f9
0x00007fd77afe9530:   00007fd77afe9570 0000000700cc16a8
0x00007fd77afe9540:   0000000000000000 0000000700cbf800
0x00007fd77afe9550:   00007fd77afe9518 00007fd77afe9570
0x00007fd77afe9560:   00007fd77afe95b8 00007fd7890069e1
0x00007fd77afe9570:   00000007ade96510 00007fd77afe9578
0x00007fd77afe9580:   0000000700b452e1 00007fd77afe9608
0x00007fd77afe9590:   0000000700b4c580 0000000000000000
0x00007fd77afe95a0:   0000000700b453c8 00007fd77afe9570
0x00007fd77afe95b0:   00007fd77afe9600 00007fd77afe9650
0x00007fd77afe95c0:   00007fd789006806 00000007ade99a20
0x00007fd77afe95d0:   00000000000003e5 0000000000000000
0x00007fd77afe95e0:   00000007ade96510 00000007ade98ed0
0x00007fd77afe95f0:   00000007ade96510 00000007ade96138
0x00007fd77afe9600:   00000007ad638fa8 00000007ad142748
0x00007fd77afe9610:   00007fd77afe9610 0000000700a5f457
0x00007fd77afe9620:   00007fd77afe9660 0000000700a617b8
0x00007fd77afe9630:   0000000000000000 0000000700a5f478
0x00007fd77afe9640:   00007fd77afe9600 00007fd77afe9660 

Instructions: (pc=0x00007fd789041ecc)
0x00007fd789041eac:   47 08 66 89 46 08 48 33 c0 c9 c3 66 0f 1f 84 00
0x00007fd789041ebc:   00 00 00 00 c5 fa 6f 44 d7 e8 c5 fa 7f 44 d6 e8
0x00007fd789041ecc:   c5 fa 6f 4c d7 f8 c5 fa 7f 4c d6 f8 48 83 c2 04
0x00007fd789041edc:   7e e2 48 83 ea 04 7c 99 eb a6 66 66 66 0f 1f 84 

Register to memory mapping:

RAX=0x00007fd7184e43e0 is an unknown value
RBX=0x0000000700a5faa8 is an oop
{method} 
 - klass: {other class}
RCX=0x7fffffffc61371e8 is an unknown value
RDX=0xe00000000e7b4b86 is an unknown value
RSP=0x00007fd77afe9450 is pointing into the stack for thread: 0x00007fd78c1ae000
RBP=0x00007fd77afe9450 is pointing into the stack for thread: 0x00007fd78c1ae000
RSI=0x00007fd6a826f83e is an unknown value
RDI=0x00007fd7184e43d8 is an unknown value
R8 =0x00007fd78c276010 is an unknown value
R9 =0x00007fd7928f25af: <offset 0x9075af> in /usr/lib/jvm/jdk1.7.0_04/jre/lib/amd64/server/libjvm.so at 0x00007fd791feb000
R10=StubRoutines::unsafe_arraycopy [0x00007fd789042680, 0x00007fd7890426bb[ (59 bytes)R11=0x00000000000003b6 is an unknown value
R12=0x0000000000000000 is an unknown value
R13=0x00007fd77afe94a0 is pointing into the stack for thread: 0x00007fd78c1ae000
R14=0x0000000700ce8820 is an oop
{method data} 
 - klass: {other class}
R15=0x00007fd78c1ae000 is a thread


Stack: [0x00007fd77aeea000,0x00007fd77afeb000],  sp=0x00007fd77afe9450,  free space=1021k
Native frames: (J=compiled Java code, j=interpreted, Vv=VM code, C=native code)
v  ~StubRoutines::jshort_disjoint_arraycopy


---------------  P R O C E S S  ---------------

Java Threads: ( => current thread )
  0x00007fd710284000 JavaThread "New I/O  worker #1" daemon [_thread_in_native, id=16887, stack(0x00007fd77a6e2000,0x00007fd77a7e3000)]
  0x00007fd78c285000 JavaThread "CollectionFunnelThread#8" daemon [_thread_blocked, id=16886, stack(0x00007fd77a7e3000,0x00007fd77a8e4000)]
  0x00007fd78c281000 JavaThread "CollectionFunnelThread#7" daemon [_thread_blocked, id=16885, stack(0x00007fd77a8e4000,0x00007fd77a9e5000)]
  0x00007fd78c1b4800 JavaThread "CollectionFunnelThread#6" daemon [_thread_blocked, id=16884, stack(0x00007fd77a9e5000,0x00007fd77aae6000)]
  0x00007fd78c26b800 JavaThread "CollectionFunnelThread#5" daemon [_thread_blocked, id=16883, stack(0x00007fd77aae6000,0x00007fd77abe7000)]
  0x00007fd78c1ee800 JavaThread "DEBUG STOP THREAD" [_thread_blocked, id=16882, stack(0x00007fd77abe7000,0x00007fd77ace8000)]
  0x00007fd78c1b2000 JavaThread "CollectionFunnelTimer" daemon [_thread_blocked, id=16881, stack(0x00007fd77ace8000,0x00007fd77ade9000)]
  0x00007fd78c1b0000 JavaThread "CollectionFunnelThread#4" daemon [_thread_blocked, id=16880, stack(0x00007fd77ade9000,0x00007fd77aeea000)]
=>0x00007fd78c1ae000 JavaThread "CollectionFunnelThread#3" daemon [_thread_in_Java, id=16879, stack(0x00007fd77aeea000,0x00007fd77afeb000)]
  0x00007fd78c1ac800 JavaThread "CollectionFunnelThread#2" daemon [_thread_blocked, id=16878, stack(0x00007fd77afeb000,0x00007fd77b0ec000)]
  0x00007fd78c1ab800 JavaThread "CollectionFunnelThread#1" daemon [_thread_blocked, id=16877, stack(0x00007fd77b0ec000,0x00007fd77b1ed000)]
  0x00007fd78c0f7800 JavaThread "Service Thread" daemon [_thread_blocked, id=16875, stack(0x00007fd7800c5000,0x00007fd7801c6000)]
  0x00007fd78c0f5800 JavaThread "C2 CompilerThread1" daemon [_thread_in_vm, id=16874, stack(0x00007fd7801c6000,0x00007fd7802c7000)]
  0x00007fd78c0f2800 JavaThread "C2 CompilerThread0" daemon [_thread_in_native, id=16873, stack(0x00007fd7802c7000,0x00007fd7803c8000)]
  0x00007fd78c0f0000 JavaThread "Signal Dispatcher" daemon [_thread_blocked, id=16872, stack(0x00007fd7803c8000,0x00007fd7804c9000)]
  0x00007fd78c0a4000 JavaThread "Finalizer" daemon [_thread_blocked, id=16871, stack(0x00007fd7804c9000,0x00007fd7805ca000)]
  0x00007fd78c0a1800 JavaThread "Reference Handler" daemon [_thread_blocked, id=16870, stack(0x00007fd7805ca000,0x00007fd7806cb000)]
  0x00007fd78c009000 JavaThread "main" [_thread_in_Java, id=16858, stack(0x00007fd7937fa000,0x00007fd7938fb000)]

Other Threads:
  0x00007fd78c09a000 VMThread [stack: 0x00007fd7806cb000,0x00007fd7807cc000] [id=16869]
  0x00007fd78c102000 WatcherThread [stack: 0x00007fd77b81c000,0x00007fd77b91d000] [id=16876]

VM state:not at safepoint (normal execution)

VM Mutex/Monitor currently owned by a thread: None

Heap
 PSYoungGen      total 74816K, used 24374K [0x00000007ac800000, 0x00000007b1b80000, 0x0000000800000000)
  eden space 64128K, 38% used [0x00000007ac800000,0x00000007adfcd810,0x00000007b06a0000)
  from space 10688K, 0% used [0x00000007b1110000,0x00000007b1110000,0x00000007b1b80000)
  to   space 10688K, 0% used [0x00000007b06a0000,0x00000007b06a0000,0x00000007b1110000)
 ParOldGen       total 171008K, used 0K [0x0000000705800000, 0x000000070ff00000, 0x00000007ac800000)
  object space 171008K, 0% used [0x0000000705800000,0x0000000705800000,0x000000070ff00000)
 PSPermGen       total 21248K, used 7077K [0x0000000700600000, 0x0000000701ac0000, 0x0000000705800000)
  object space 21248K, 33% used [0x0000000700600000,0x0000000700ce9510,0x0000000701ac0000)

Code Cache  [0x00007fd789000000, 0x00007fd789270000, 0x00007fd78c000000)
 total_blobs=323 nmethods=69 adapters=206 free_code_cache=48636Kb largest_free_block=49775424

Compilation events (10 events):
Event: 1.200 Thread 0x00007fd78c0f5800 nmethod 71 0x00007fd789084710 code [0x00007fd789084860, 0x00007fd789084968]
Event: 1.200 Thread 0x00007fd78c0f5800   72             sun.misc.Unsafe::copyMemory (11 bytes)
Event: 1.201 Thread 0x00007fd78c0f5800 nmethod 72 0x00007fd789084510 code [0x00007fd789084640, 0x00007fd7890846b8]
Event: 1.201 Thread 0x00007fd78c0f5800   73             org.helios.apmrouter.trace.DirectMetricCollection$Reader::_next (63 bytes)
Event: 1.204 Thread 0x00007fd78c0f5800 nmethod 73 0x00007fd789084290 code [0x00007fd7890843c0, 0x00007fd789084478]
Event: 1.204 Thread 0x00007fd78c0f5800   74             org.helios.apmrouter.trace.DirectMetricCollection$Reader::getSize (20 bytes)
Event: 1.206 Thread 0x00007fd78c0f5800 nmethod 74 0x00007fd789084050 code [0x00007fd789084180, 0x00007fd7890841f8]
Event: 1.206 Thread 0x00007fd78c0f5800   75             java.lang.String::toCharArray (20 bytes)
Event: 1.214 Thread 0x00007fd78c0f5800 nmethod 75 0x00007fd789083bd0 code [0x00007fd789083d20, 0x00007fd789083ed8]
Event: 1.214 Thread 0x00007fd78c0f5800   76             java.util.Formatter::parse (151 bytes)

GC Heap History (0 events):
No events

Deoptimization events (5 events):
Event: 0.599 Thread 0x00007fd78c1b0000 Uncommon trap -12 fr.pc 0x00007fd78906b384
Event: 0.889 Thread 0x00007fd78c1b0000 Uncommon trap -34 fr.pc 0x00007fd789068cf4
Event: 0.889 Thread 0x00007fd78c1b0000 Uncommon trap -34 fr.pc 0x00007fd789068cf4
Event: 0.889 Thread 0x00007fd78c1b0000 Uncommon trap -34 fr.pc 0x00007fd789068cf4
Event: 0.889 Thread 0x00007fd78c1b0000 Uncommon trap -34 fr.pc 0x00007fd789068cf4

Internal exceptions (10 events):
Event: 1.091 Thread 0x00007fd78c26b800 Threw 0x00000007adc0c590 at /HUDSON/workspace/jdk7u4-2-build-linux-amd64-product/jdk7u4/hotspot/src/share/vm/prims/jvm.cpp:1166
Event: 1.095 Thread 0x00007fd78c26b800 Threw 0x00000007adc1f438 at /HUDSON/workspace/jdk7u4-2-build-linux-amd64-product/jdk7u4/hotspot/src/share/vm/prims/jvm.cpp:1166
Event: 1.102 Thread 0x00007fd78c26b800 Threw 0x00000007adc25950 at /HUDSON/workspace/jdk7u4-2-build-linux-amd64-product/jdk7u4/hotspot/src/share/vm/prims/jvm.cpp:1166
Event: 1.103 Thread 0x00007fd78c26b800 Threw 0x00000007adc2b3f8 at /HUDSON/workspace/jdk7u4-2-build-linux-amd64-product/jdk7u4/hotspot/src/share/vm/prims/jvm.cpp:1166
Event: 1.105 Thread 0x00007fd78c26b800 Threw 0x00000007adc31ca0 at /HUDSON/workspace/jdk7u4-2-build-linux-amd64-product/jdk7u4/hotspot/src/share/vm/prims/jvm.cpp:1166
Event: 1.116 Thread 0x00007fd78c26b800 Threw 0x00000007adc44a10 at /HUDSON/workspace/jdk7u4-2-build-linux-amd64-product/jdk7u4/hotspot/src/share/vm/prims/jvm.cpp:1166
Event: 1.121 Thread 0x00007fd78c1ae000 Threw 0x00000007ade8e618 at /HUDSON/workspace/jdk7u4-2-build-linux-amd64-product/jdk7u4/hotspot/src/share/vm/prims/jvm.cpp:1166
Event: 1.123 Thread 0x00007fd78c26b800 Threw 0x00000007adc4f588 at /HUDSON/workspace/jdk7u4-2-build-linux-amd64-product/jdk7u4/hotspot/src/share/vm/prims/jvm.cpp:1166
Event: 1.124 Thread 0x00007fd78c26b800 Threw 0x00000007adc51a08 at /HUDSON/workspace/jdk7u4-2-build-linux-amd64-product/jdk7u4/hotspot/src/share/vm/prims/jvm.cpp:1166
Event: 1.198 Thread 0x00007fd78c1ac800 Threw 0x00000007add510e8 at /HUDSON/workspace/jdk7u4-2-build-linux-amd64-product/jdk7u4/hotspot/src/share/vm/prims/jvm.cpp:1166

Events (10 events):
Event: 1.124 loading class 0x00007fd7100a6d50
Event: 1.124 loading class 0x00007fd7100a6d50 done
Event: 1.125 loading class 0x00007fd78c06fdf0
Event: 1.125 loading class 0x00007fd78c0700a0
Event: 1.125 loading class 0x00007fd78c0700a0 done
Event: 1.125 loading class 0x00007fd78c06fdf0 done
Event: 1.125 loading class 0x00007fd78c134f90
Event: 1.125 loading class 0x00007fd78c134f90 done
Event: 1.198 loading class 0x00007fd710007160
Event: 1.198 loading class 0x00007fd710007160 done


Dynamic libraries:
00400000-00401000 r-xp 00000000 08:02 29627988                           /usr/lib/jvm/jdk1.7.0_04/bin/java
00600000-00601000 rw-p 00000000 08:02 29627988                           /usr/lib/jvm/jdk1.7.0_04/bin/java
0220b000-0222c000 rw-p 00000000 00:00 0                                  [heap]
700600000-701ac0000 rw-p 00000000 00:00 0 
701ac0000-705800000 rw-p 00000000 00:00 0 
705800000-70ff00000 rw-p 00000000 00:00 0 
70ff00000-7ac800000 rw-p 00000000 00:00 0 
7ac800000-7b1b80000 rw-p 00000000 00:00 0 
7b1b80000-800000000 rw-p 00000000 00:00 0 
7fd6f8000000-7fd6f8021000 rw-p 00000000 00:00 0 
7fd6f8021000-7fd6fc000000 ---p 00000000 00:00 0 
7fd6fc000000-7fd6fc021000 rw-p 00000000 00:00 0 
7fd6fc021000-7fd700000000 ---p 00000000 00:00 0 
7fd700000000-7fd700021000 rw-p 00000000 00:00 0 
7fd700021000-7fd704000000 ---p 00000000 00:00 0 
7fd704000000-7fd704021000 rw-p 00000000 00:00 0 
7fd704021000-7fd708000000 ---p 00000000 00:00 0 
7fd708000000-7fd708021000 rw-p 00000000 00:00 0 
7fd708021000-7fd70c000000 ---p 00000000 00:00 0 
7fd70c000000-7fd70c050000 rw-p 00000000 00:00 0 
7fd70c050000-7fd710000000 ---p 00000000 00:00 0 
7fd710000000-7fd7102a6000 rw-p 00000000 00:00 0 
7fd7102a6000-7fd714000000 ---p 00000000 00:00 0 
7fd714000000-7fd714021000 rw-p 00000000 00:00 0 
7fd714021000-7fd718000000 ---p 00000000 00:00 0 
7fd718000000-7fd718021000 rw-p 00000000 00:00 0 
7fd718021000-7fd71c000000 ---p 00000000 00:00 0 
7fd71c000000-7fd71c021000 rw-p 00000000 00:00 0 
7fd71c021000-7fd720000000 ---p 00000000 00:00 0 
7fd720000000-7fd720021000 rw-p 00000000 00:00 0 
7fd720021000-7fd724000000 ---p 00000000 00:00 0 
7fd724000000-7fd724021000 rw-p 00000000 00:00 0 
7fd724021000-7fd728000000 ---p 00000000 00:00 0 
7fd728000000-7fd72832c000 rw-p 00000000 00:00 0 
7fd72832c000-7fd72c000000 ---p 00000000 00:00 0 
7fd72c000000-7fd72c021000 rw-p 00000000 00:00 0 
7fd72c021000-7fd730000000 ---p 00000000 00:00 0 
7fd730000000-7fd730021000 rw-p 00000000 00:00 0 
7fd730021000-7fd734000000 ---p 00000000 00:00 0 
7fd734000000-7fd734684000 rw-p 00000000 00:00 0 
7fd734684000-7fd738000000 ---p 00000000 00:00 0 
7fd738000000-7fd738021000 rw-p 00000000 00:00 0 
7fd738021000-7fd73c000000 ---p 00000000 00:00 0 
7fd73c000000-7fd73c021000 rw-p 00000000 00:00 0 
7fd73c021000-7fd740000000 ---p 00000000 00:00 0 
7fd740000000-7fd740021000 rw-p 00000000 00:00 0 
7fd740021000-7fd744000000 ---p 00000000 00:00 0 
7fd744030000-7fd74c000000 rw-p 00000000 00:00 0 
7fd74c000000-7fd74c021000 rw-p 00000000 00:00 0 
7fd74c021000-7fd750000000 ---p 00000000 00:00 0 
7fd754000000-7fd754021000 rw-p 00000000 00:00 0 
7fd754021000-7fd758000000 ---p 00000000 00:00 0 
7fd75c000000-7fd75c021000 rw-p 00000000 00:00 0 
7fd75c021000-7fd760000000 ---p 00000000 00:00 0 
7fd764000000-7fd764021000 rw-p 00000000 00:00 0 
7fd764021000-7fd768000000 ---p 00000000 00:00 0 
7fd76c000000-7fd76c021000 rw-p 00000000 00:00 0 
7fd76c021000-7fd770000000 ---p 00000000 00:00 0 
7fd774000000-7fd774021000 rw-p 00000000 00:00 0 
7fd774021000-7fd778000000 ---p 00000000 00:00 0 
7fd77a6e2000-7fd77a6e5000 ---p 00000000 00:00 0 
7fd77a6e5000-7fd77a7e3000 rw-p 00000000 00:00 0 
7fd77a7e3000-7fd77a7e6000 ---p 00000000 00:00 0 
7fd77a7e6000-7fd77a8e4000 rw-p 00000000 00:00 0 
7fd77a8e4000-7fd77a8e7000 ---p 00000000 00:00 0 
7fd77a8e7000-7fd77a9e5000 rw-p 00000000 00:00 0 
7fd77a9e5000-7fd77a9e8000 ---p 00000000 00:00 0 
7fd77a9e8000-7fd77aae6000 rw-p 00000000 00:00 0 
7fd77aae6000-7fd77aae9000 ---p 00000000 00:00 0 
7fd77aae9000-7fd77abe7000 rw-p 00000000 00:00 0 
7fd77abe7000-7fd77abea000 ---p 00000000 00:00 0 
7fd77abea000-7fd77ace8000 rw-p 00000000 00:00 0 
7fd77ace8000-7fd77aceb000 ---p 00000000 00:00 0 
7fd77aceb000-7fd77ade9000 rw-p 00000000 00:00 0 
7fd77ade9000-7fd77adec000 ---p 00000000 00:00 0 
7fd77adec000-7fd77aeea000 rw-p 00000000 00:00 0 
7fd77aeea000-7fd77aeed000 ---p 00000000 00:00 0 
7fd77aeed000-7fd77afeb000 rw-p 00000000 00:00 0 
7fd77afeb000-7fd77afee000 ---p 00000000 00:00 0 
7fd77afee000-7fd77b0ec000 rw-p 00000000 00:00 0 
7fd77b0ec000-7fd77b0ef000 ---p 00000000 00:00 0 
7fd77b0ef000-7fd77b1ed000 rw-p 00000000 00:00 0 
7fd77b1ed000-7fd77b1fd000 r-xp 00000000 08:02 34741734                   /usr/lib/jvm/jdk1.7.0_04/jre/lib/amd64/libnio.so
7fd77b1fd000-7fd77b3fd000 ---p 00010000 08:02 34741734                   /usr/lib/jvm/jdk1.7.0_04/jre/lib/amd64/libnio.so
7fd77b3fd000-7fd77b3fe000 rw-p 00010000 08:02 34741734                   /usr/lib/jvm/jdk1.7.0_04/jre/lib/amd64/libnio.so
7fd77b3fe000-7fd77b413000 r-xp 00000000 08:02 34741739                   /usr/lib/jvm/jdk1.7.0_04/jre/lib/amd64/libnet.so
7fd77b413000-7fd77b613000 ---p 00015000 08:02 34741739                   /usr/lib/jvm/jdk1.7.0_04/jre/lib/amd64/libnet.so
7fd77b613000-7fd77b614000 rw-p 00015000 08:02 34741739                   /usr/lib/jvm/jdk1.7.0_04/jre/lib/amd64/libnet.so
7fd77b614000-7fd77b61c000 r-xp 00000000 08:02 34741773                   /usr/lib/jvm/jdk1.7.0_04/jre/lib/amd64/libmanagement.so
7fd77b61c000-7fd77b81b000 ---p 00008000 08:02 34741773                   /usr/lib/jvm/jdk1.7.0_04/jre/lib/amd64/libmanagement.so
7fd77b81b000-7fd77b81c000 rw-p 00007000 08:02 34741773                   /usr/lib/jvm/jdk1.7.0_04/jre/lib/amd64/libmanagement.so
7fd77b81c000-7fd77b81d000 ---p 00000000 00:00 0 
7fd77b81d000-7fd77b91d000 rw-p 00000000 00:00 0 
7fd77b91d000-7fd77c000000 r--p 00000000 08:02 30808157                   /usr/lib/locale/locale-archive
7fd77c000000-7fd77c021000 rw-p 00000000 00:00 0 
7fd77c021000-7fd780000000 ---p 00000000 00:00 0 
7fd7800c5000-7fd7800c8000 ---p 00000000 00:00 0 
7fd7800c8000-7fd7801c6000 rw-p 00000000 00:00 0 
7fd7801c6000-7fd7801c9000 ---p 00000000 00:00 0 
7fd7801c9000-7fd7802c7000 rw-p 00000000 00:00 0 
7fd7802c7000-7fd7802ca000 ---p 00000000 00:00 0 
7fd7802ca000-7fd7803c8000 rw-p 00000000 00:00 0 
7fd7803c8000-7fd7803cb000 ---p 00000000 00:00 0 
7fd7803cb000-7fd7804c9000 rw-p 00000000 00:00 0 
7fd7804c9000-7fd7804cc000 ---p 00000000 00:00 0 
7fd7804cc000-7fd7805ca000 rw-p 00000000 00:00 0 
7fd7805ca000-7fd7805cd000 ---p 00000000 00:00 0 
7fd7805cd000-7fd7806cb000 rw-p 00000000 00:00 0 
7fd7806cb000-7fd7806cc000 ---p 00000000 00:00 0 
7fd7806cc000-7fd784000000 rw-p 00000000 00:00 0 
7fd784000000-7fd784021000 rw-p 00000000 00:00 0 
7fd784021000-7fd788000000 ---p 00000000 00:00 0 
7fd78800d000-7fd788016000 r--s 0006d000 08:02 30278826                   /home/nwhitehead/.m2/repository/log4j/log4j/1.2.16/log4j-1.2.16.jar
7fd788016000-7fd78801c000 r--s 00034000 08:02 29493006                   /home/nwhitehead/.m2/repository/junit/junit/4.8.2/junit-4.8.2.jar
7fd78801c000-7fd788031000 r--s 000f9000 08:02 33035637                   /home/nwhitehead/.m2/repository/com/sun/xml/bind/jaxb-impl/2.2.5/jaxb-impl-2.2.5.jar
7fd788031000-7fd788033000 r--s 0000c000 08:02 8522586                    /home/nwhitehead/.m2/repository/org/apache/camel/camel-test/2.10.0/camel-test-2.10.0.jar
7fd788033000-7fd788035000 r--s 0000e000 08:02 8522551                    /home/nwhitehead/.m2/repository/org/apache/camel/camel-netty/2.10.0/camel-netty-2.10.0.jar
7fd788035000-7fd78805e000 r--s 001f1000 08:02 8391906                    /home/nwhitehead/.m2/repository/org/apache/camel/camel-core/2.10.0/camel-core-2.10.0.jar
7fd78805e000-7fd788504000 rw-p 00000000 00:00 0 
7fd788504000-7fd7886c4000 r--s 03a2e000 08:02 30279738                   /usr/lib/jvm/jdk1.7.0_04/jre/lib/rt.jar
7fd7886c4000-7fd7886c5000 ---p 00000000 00:00 0 
7fd7886c5000-7fd7887c5000 rw-p 00000000 00:00 0 
7fd7887c5000-7fd7887c6000 ---p 00000000 00:00 0 
7fd7887c6000-7fd7888c6000 rw-p 00000000 00:00 0 
7fd7888c6000-7fd7888c7000 ---p 00000000 00:00 0 
7fd7888c7000-7fd7889c7000 rw-p 00000000 00:00 0 
7fd7889c7000-7fd7889c8000 ---p 00000000 00:00 0 
7fd7889c8000-7fd788b1c000 rw-p 00000000 00:00 0 
7fd788b1c000-7fd789000000 rw-p 00000000 00:00 0 
7fd789000000-7fd789270000 rwxp 00000000 00:00 0 
7fd789270000-7fd78c28a000 rw-p 00000000 00:00 0 
7fd78c28a000-7fd790000000 ---p 00000000 00:00 0 
7fd790004000-7fd79002c000 rw-p 00000000 00:00 0 
7fd79002c000-7fd79002d000 ---p 00000000 00:00 0 
7fd79002d000-7fd79012d000 rw-p 00000000 00:00 0 
7fd79012d000-7fd79012e000 ---p 00000000 00:00 0 
7fd79012e000-7fd79022e000 rw-p 00000000 00:00 0 
7fd79022e000-7fd79022f000 ---p 00000000 00:00 0 
7fd79022f000-7fd79032f000 rw-p 00000000 00:00 0 
7fd79032f000-7fd790330000 ---p 00000000 00:00 0 
7fd790330000-7fd79043b000 rw-p 00000000 00:00 0 
7fd79043b000-7fd790459000 rw-p 00000000 00:00 0 
7fd790459000-7fd790464000 rw-p 00000000 00:00 0 
7fd790464000-7fd790482000 rw-p 00000000 00:00 0 
7fd790482000-7fd7904d6000 rw-p 00000000 00:00 0 
7fd7904d6000-7fd7909ba000 rw-p 00000000 00:00 0 
7fd7909ba000-7fd7909e4000 rw-p 00000000 00:00 0 
7fd7909e4000-7fd790c56000 rw-p 00000000 00:00 0 
7fd790c56000-7fd790c57000 rw-p 00000000 00:00 0 
7fd790c57000-7fd790c71000 r-xp 00000000 08:02 34741776                   /usr/lib/jvm/jdk1.7.0_04/jre/lib/amd64/libzip.so
7fd790c71000-7fd790e71000 ---p 0001a000 08:02 34741776                   /usr/lib/jvm/jdk1.7.0_04/jre/lib/amd64/libzip.so
7fd790e71000-7fd790e72000 rw-p 0001a000 08:02 34741776                   /usr/lib/jvm/jdk1.7.0_04/jre/lib/amd64/libzip.so
7fd790e72000-7fd790e7e000 r-xp 00000000 08:02 6295070                    /lib/x86_64-linux-gnu/libnss_files-2.15.so
7fd790e7e000-7fd79107d000 ---p 0000c000 08:02 6295070                    /lib/x86_64-linux-gnu/libnss_files-2.15.so
7fd79107d000-7fd79107e000 r--p 0000b000 08:02 6295070                    /lib/x86_64-linux-gnu/libnss_files-2.15.so
7fd79107e000-7fd79107f000 rw-p 0000c000 08:02 6295070                    /lib/x86_64-linux-gnu/libnss_files-2.15.so
7fd79107f000-7fd791089000 r-xp 00000000 08:02 6295074                    /lib/x86_64-linux-gnu/libnss_nis-2.15.so
7fd791089000-7fd791289000 ---p 0000a000 08:02 6295074                    /lib/x86_64-linux-gnu/libnss_nis-2.15.so
7fd791289000-7fd79128a000 r--p 0000a000 08:02 6295074                    /lib/x86_64-linux-gnu/libnss_nis-2.15.so
7fd79128a000-7fd79128b000 rw-p 0000b000 08:02 6295074                    /lib/x86_64-linux-gnu/libnss_nis-2.15.so
7fd79128b000-7fd7912a2000 r-xp 00000000 08:02 6295064                    /lib/x86_64-linux-gnu/libnsl-2.15.so
7fd7912a2000-7fd7914a1000 ---p 00017000 08:02 6295064                    /lib/x86_64-linux-gnu/libnsl-2.15.so
7fd7914a1000-7fd7914a2000 r--p 00016000 08:02 6295064                    /lib/x86_64-linux-gnu/libnsl-2.15.so
7fd7914a2000-7fd7914a3000 rw-p 00017000 08:02 6295064                    /lib/x86_64-linux-gnu/libnsl-2.15.so
7fd7914a3000-7fd7914a5000 rw-p 00000000 00:00 0 
7fd7914a5000-7fd7914ad000 r-xp 00000000 08:02 6295066                    /lib/x86_64-linux-gnu/libnss_compat-2.15.so
7fd7914ad000-7fd7916ac000 ---p 00008000 08:02 6295066                    /lib/x86_64-linux-gnu/libnss_compat-2.15.so
7fd7916ac000-7fd7916ad000 r--p 00007000 08:02 6295066                    /lib/x86_64-linux-gnu/libnss_compat-2.15.so
7fd7916ad000-7fd7916ae000 rw-p 00008000 08:02 6295066                    /lib/x86_64-linux-gnu/libnss_compat-2.15.so
7fd7916ae000-7fd7916d7000 r-xp 00000000 08:02 34741764                   /usr/lib/jvm/jdk1.7.0_04/jre/lib/amd64/libjava.so
7fd7916d7000-7fd7918d7000 ---p 00029000 08:02 34741764                   /usr/lib/jvm/jdk1.7.0_04/jre/lib/amd64/libjava.so
7fd7918d7000-7fd7918d9000 rw-p 00029000 08:02 34741764                   /usr/lib/jvm/jdk1.7.0_04/jre/lib/amd64/libjava.so
7fd7918d9000-7fd7918e8000 r-xp 00000000 08:02 34741762                   /usr/lib/jvm/jdk1.7.0_04/jre/lib/amd64/libverify.so
7fd7918e8000-7fd791ae7000 ---p 0000f000 08:02 34741762                   /usr/lib/jvm/jdk1.7.0_04/jre/lib/amd64/libverify.so
7fd791ae7000-7fd791ae9000 rw-p 0000e000 08:02 34741762                   /usr/lib/jvm/jdk1.7.0_04/jre/lib/amd64/libverify.so
7fd791ae9000-7fd791af0000 r-xp 00000000 08:02 6295105                    /lib/x86_64-linux-gnu/librt-2.15.so
7fd791af0000-7fd791cef000 ---p 00007000 08:02 6295105                    /lib/x86_64-linux-gnu/librt-2.15.so
7fd791cef000-7fd791cf0000 r--p 00006000 08:02 6295105                    /lib/x86_64-linux-gnu/librt-2.15.so
7fd791cf0000-7fd791cf1000 rw-p 00007000 08:02 6295105                    /lib/x86_64-linux-gnu/librt-2.15.so
7fd791cf1000-7fd791dea000 r-xp 00000000 08:02 6295051                    /lib/x86_64-linux-gnu/libm-2.15.so
7fd791dea000-7fd791fe9000 ---p 000f9000 08:02 6295051                    /lib/x86_64-linux-gnu/libm-2.15.so
7fd791fe9000-7fd791fea000 r--p 000f8000 08:02 6295051                    /lib/x86_64-linux-gnu/libm-2.15.so
7fd791fea000-7fd791feb000 rw-p 000f9000 08:02 6295051                    /lib/x86_64-linux-gnu/libm-2.15.so
7fd791feb000-7fd792a2c000 r-xp 00000000 08:02 34741769                   /usr/lib/jvm/jdk1.7.0_04/jre/lib/amd64/server/libjvm.so
7fd792a2c000-7fd792c2b000 ---p 00a41000 08:02 34741769                   /usr/lib/jvm/jdk1.7.0_04/jre/lib/amd64/server/libjvm.so
7fd792c2b000-7fd792ccf000 rw-p 00a40000 08:02 34741769                   /usr/lib/jvm/jdk1.7.0_04/jre/lib/amd64/server/libjvm.so
7fd792ccf000-7fd792d0a000 rw-p 00000000 00:00 0 
7fd792d0a000-7fd792ebd000 r-xp 00000000 08:02 6295019                    /lib/x86_64-linux-gnu/libc-2.15.so
7fd792ebd000-7fd7930bc000 ---p 001b3000 08:02 6295019                    /lib/x86_64-linux-gnu/libc-2.15.so
7fd7930bc000-7fd7930c0000 r--p 001b2000 08:02 6295019                    /lib/x86_64-linux-gnu/libc-2.15.so
7fd7930c0000-7fd7930c2000 rw-p 001b6000 08:02 6295019                    /lib/x86_64-linux-gnu/libc-2.15.so
7fd7930c2000-7fd7930c7000 rw-p 00000000 00:00 0 
7fd7930c7000-7fd7930c9000 r-xp 00000000 08:02 6295032                    /lib/x86_64-linux-gnu/libdl-2.15.so
7fd7930c9000-7fd7932c9000 ---p 00002000 08:02 6295032                    /lib/x86_64-linux-gnu/libdl-2.15.so
7fd7932c9000-7fd7932ca000 r--p 00002000 08:02 6295032                    /lib/x86_64-linux-gnu/libdl-2.15.so
7fd7932ca000-7fd7932cb000 rw-p 00003000 08:02 6295032                    /lib/x86_64-linux-gnu/libdl-2.15.so
7fd7932cb000-7fd7932e1000 r-xp 00000000 08:02 34741744                   /usr/lib/jvm/jdk1.7.0_04/jre/lib/amd64/jli/libjli.so
7fd7932e1000-7fd7934e0000 ---p 00016000 08:02 34741744                   /usr/lib/jvm/jdk1.7.0_04/jre/lib/amd64/jli/libjli.so
7fd7934e0000-7fd7934e1000 rw-p 00015000 08:02 34741744                   /usr/lib/jvm/jdk1.7.0_04/jre/lib/amd64/jli/libjli.so
7fd7934e1000-7fd7934f9000 r-xp 00000000 08:02 6295099                    /lib/x86_64-linux-gnu/libpthread-2.15.so
7fd7934f9000-7fd7936f8000 ---p 00018000 08:02 6295099                    /lib/x86_64-linux-gnu/libpthread-2.15.so
7fd7936f8000-7fd7936f9000 r--p 00017000 08:02 6295099                    /lib/x86_64-linux-gnu/libpthread-2.15.so
7fd7936f9000-7fd7936fa000 rw-p 00018000 08:02 6295099                    /lib/x86_64-linux-gnu/libpthread-2.15.so
7fd7936fa000-7fd7936fe000 rw-p 00000000 00:00 0 
7fd7936fe000-7fd793720000 r-xp 00000000 08:02 6294999                    /lib/x86_64-linux-gnu/ld-2.15.so
7fd793737000-7fd793738000 r--s 00002000 08:02 8522569                    /home/nwhitehead/.m2/repository/org/slf4j/slf4j-log4j12/1.6.6/slf4j-log4j12-1.6.6.jar
7fd793738000-7fd79373a000 r--s 00005000 08:02 8391930                    /home/nwhitehead/.m2/repository/org/slf4j/slf4j-api/1.6.6/slf4j-api-1.6.6.jar
7fd79373a000-7fd793744000 rw-p 00000000 00:00 0 
7fd793744000-7fd7937fa000 rw-p 00000000 00:00 0 
7fd7937fa000-7fd7937fd000 ---p 00000000 00:00 0 
7fd7937fd000-7fd7938ff000 rw-p 00000000 00:00 0 
7fd7938ff000-7fd793914000 r--s 000fc000 08:02 30802879                   /home/nwhitehead/.m2/repository/io/netty/netty/3.5.1.Final/netty-3.5.1.Final.jar
7fd793914000-7fd79391c000 rw-s 00000000 08:02 7471150                    /tmp/hsperfdata_nwhitehead/16852
7fd79391c000-7fd79391d000 rw-p 00000000 00:00 0 
7fd79391d000-7fd79391e000 r--p 00000000 00:00 0 
7fd79391e000-7fd793920000 rw-p 00000000 00:00 0 
7fd793920000-7fd793921000 r--p 00022000 08:02 6294999                    /lib/x86_64-linux-gnu/ld-2.15.so
7fd793921000-7fd793923000 rw-p 00023000 08:02 6294999                    /lib/x86_64-linux-gnu/ld-2.15.so
7fff7ed56000-7fff7ed77000 rw-p 00000000 00:00 0                          [stack]
7fff7edff000-7fff7ee00000 r-xp 00000000 00:00 0                          [vdso]
ffffffffff600000-ffffffffff601000 r-xp 00000000 00:00 0                  [vsyscall]

VM Arguments:
jvm_args: -Ddebug-stop=10000 -Dfile.encoding=UTF-8 
java_command: org.helios.apmrouter.trace.TracerFactory
Launcher Type: SUN_STANDARD

Environment Variables:
PATH=/home/nwhitehead/bin:/usr/lib/lightdm/lightdm:/usr/local/sbin:/usr/local/bin:/usr/sbin:/usr/bin:/sbin:/bin:/usr/games
SHELL=/bin/bash
DISPLAY=:0

Signal Handlers:
SIGSEGV: [libjvm.so+0x8a0cb0], sa_mask[0]=0x7ffbfeff, sa_flags=0x10000004
SIGBUS: [libjvm.so+0x8a0cb0], sa_mask[0]=0x7ffbfeff, sa_flags=0x10000004
SIGFPE: [libjvm.so+0x73d630], sa_mask[0]=0x7ffbfeff, sa_flags=0x10000004
SIGPIPE: [libjvm.so+0x73d630], sa_mask[0]=0x7ffbfeff, sa_flags=0x10000004
SIGXFSZ: [libjvm.so+0x73d630], sa_mask[0]=0x7ffbfeff, sa_flags=0x10000004
SIGILL: [libjvm.so+0x73d630], sa_mask[0]=0x7ffbfeff, sa_flags=0x10000004
SIGUSR1: SIG_DFL, sa_mask[0]=0x00000000, sa_flags=0x00000000
SIGUSR2: [libjvm.so+0x73cf80], sa_mask[0]=0x00000004, sa_flags=0x10000004
SIGHUP: [libjvm.so+0x73f310], sa_mask[0]=0x7ffbfeff, sa_flags=0x10000004
SIGINT: [libjvm.so+0x73f310], sa_mask[0]=0x7ffbfeff, sa_flags=0x10000004
SIGTERM: [libjvm.so+0x73f310], sa_mask[0]=0x7ffbfeff, sa_flags=0x10000004
SIGQUIT: [libjvm.so+0x73f310], sa_mask[0]=0x7ffbfeff, sa_flags=0x10000004


---------------  S Y S T E M  ---------------

OS:wheezy/sid

uname:Linux 3.2.0-30-generic #48-Ubuntu SMP Fri Aug 24 16:52:48 UTC 2012 x86_64
libc:glibc 2.15 NPTL 2.15 
rlimit: STACK 8192k, CORE 0k, NPROC 128088, NOFILE 4096, AS infinity
load average:1.27 1.38 1.48

/proc/meminfo:
MemTotal:       16412920 kB
MemFree:         9597008 kB
Buffers:          756888 kB
Cached:          2313392 kB
SwapCached:            0 kB
Active:          3950448 kB
Inactive:        2206388 kB
Active(anon):    3088196 kB
Inactive(anon):    24128 kB
Active(file):     862252 kB
Inactive(file):  2182260 kB
Unevictable:        1776 kB
Mlocked:            1776 kB
SwapTotal:      31249404 kB
SwapFree:       31249404 kB
Dirty:              5408 kB
Writeback:             0 kB
AnonPages:       3088868 kB
Mapped:           278212 kB
Shmem:             25772 kB
Slab:             357348 kB
SReclaimable:     314288 kB
SUnreclaim:        43060 kB
KernelStack:        6112 kB
PageTables:        50152 kB
NFS_Unstable:          0 kB
Bounce:                0 kB
WritebackTmp:          0 kB
CommitLimit:    39455864 kB
Committed_AS:    7976888 kB
VmallocTotal:   34359738367 kB
VmallocUsed:      150996 kB
VmallocChunk:   34359579644 kB
HardwareCorrupted:     0 kB
AnonHugePages:         0 kB
HugePages_Total:       0
HugePages_Free:        0
HugePages_Rsvd:        0
HugePages_Surp:        0
Hugepagesize:       2048 kB
DirectMap4k:      202524 kB
DirectMap2M:    16553984 kB


CPU:total 8 (4 cores per cpu, 2 threads per core) family 6 model 42 stepping 7, cmov, cx8, fxsr, mmx, sse, sse2, sse3, ssse3, sse4.1, sse4.2, popcnt, avx, ht, tsc, tscinvbit

/proc/cpuinfo:
processor	: 0
vendor_id	: GenuineIntel
cpu family	: 6
model		: 42
model name	: Intel(R) Core(TM) i7-2860QM CPU @ 2.50GHz
stepping	: 7
microcode	: 0x1b
cpu MHz		: 800.000
cache size	: 8192 KB
physical id	: 0
siblings	: 8
core id		: 0
cpu cores	: 4
apicid		: 0
initial apicid	: 0
fpu		: yes
fpu_exception	: yes
cpuid level	: 13
wp		: yes
flags		: fpu vme de pse tsc msr pae mce cx8 apic sep mtrr pge mca cmov pat pse36 clflush dts acpi mmx fxsr sse sse2 ss ht tm pbe syscall nx rdtscp lm constant_tsc arch_perfmon pebs bts rep_good nopl xtopology nonstop_tsc aperfmperf pni pclmulqdq dtes64 monitor ds_cpl vmx smx est tm2 ssse3 cx16 xtpr pdcm pcid sse4_1 sse4_2 x2apic popcnt tsc_deadline_timer aes xsave avx lahf_lm ida arat epb xsaveopt pln pts dtherm tpr_shadow vnmi flexpriority ept vpid
bogomips	: 4989.01
clflush size	: 64
cache_alignment	: 64
address sizes	: 36 bits physical, 48 bits virtual
power management:

processor	: 1
vendor_id	: GenuineIntel
cpu family	: 6
model		: 42
model name	: Intel(R) Core(TM) i7-2860QM CPU @ 2.50GHz
stepping	: 7
microcode	: 0x1b
cpu MHz		: 800.000
cache size	: 8192 KB
physical id	: 0
siblings	: 8
core id		: 1
cpu cores	: 4
apicid		: 2
initial apicid	: 2
fpu		: yes
fpu_exception	: yes
cpuid level	: 13
wp		: yes
flags		: fpu vme de pse tsc msr pae mce cx8 apic sep mtrr pge mca cmov pat pse36 clflush dts acpi mmx fxsr sse sse2 ss ht tm pbe syscall nx rdtscp lm constant_tsc arch_perfmon pebs bts rep_good nopl xtopology nonstop_tsc aperfmperf pni pclmulqdq dtes64 monitor ds_cpl vmx smx est tm2 ssse3 cx16 xtpr pdcm pcid sse4_1 sse4_2 x2apic popcnt tsc_deadline_timer aes xsave avx lahf_lm ida arat epb xsaveopt pln pts dtherm tpr_shadow vnmi flexpriority ept vpid
bogomips	: 4988.44
clflush size	: 64
cache_alignment	: 64
address sizes	: 36 bits physical, 48 bits virtual
power management:

processor	: 2
vendor_id	: GenuineIntel
cpu family	: 6
model		: 42
model name	: Intel(R) Core(TM) i7-2860QM CPU @ 2.50GHz
stepping	: 7
microcode	: 0x1b
cpu MHz		: 800.000
cache size	: 8192 KB
physical id	: 0
siblings	: 8
core id		: 2
cpu cores	: 4
apicid		: 4
initial apicid	: 4
fpu		: yes
fpu_exception	: yes
cpuid level	: 13
wp		: yes
flags		: fpu vme de pse tsc msr pae mce cx8 apic sep mtrr pge mca cmov pat pse36 clflush dts acpi mmx fxsr sse sse2 ss ht tm pbe syscall nx rdtscp lm constant_tsc arch_perfmon pebs bts rep_good nopl xtopology nonstop_tsc aperfmperf pni pclmulqdq dtes64 monitor ds_cpl vmx smx est tm2 ssse3 cx16 xtpr pdcm pcid sse4_1 sse4_2 x2apic popcnt tsc_deadline_timer aes xsave avx lahf_lm ida arat epb xsaveopt pln pts dtherm tpr_shadow vnmi flexpriority ept vpid
bogomips	: 4988.44
clflush size	: 64
cache_alignment	: 64
address sizes	: 36 bits physical, 48 bits virtual
power management:

processor	: 3
vendor_id	: GenuineIntel
cpu family	: 6
model		: 42
model name	: Intel(R) Core(TM) i7-2860QM CPU @ 2.50GHz
stepping	: 7
microcode	: 0x1b
cpu MHz		: 800.000
cache size	: 8192 KB
physical id	: 0
siblings	: 8
core id		: 3
cpu cores	: 4
apicid		: 6
initial apicid	: 6
fpu		: yes
fpu_exception	: yes
cpuid level	: 13
wp		: yes
flags		: fpu vme de pse tsc msr pae mce cx8 apic sep mtrr pge mca cmov pat pse36 clflush dts acpi mmx fxsr sse sse2 ss ht tm pbe syscall nx rdtscp lm constant_tsc arch_perfmon pebs bts rep_good nopl xtopology nonstop_tsc aperfmperf pni pclmulqdq dtes64 monitor ds_cpl vmx smx est tm2 ssse3 cx16 xtpr pdcm pcid sse4_1 sse4_2 x2apic popcnt tsc_deadline_timer aes xsave avx lahf_lm ida arat epb xsaveopt pln pts dtherm tpr_shadow vnmi flexpriority ept vpid
bogomips	: 4988.44
clflush size	: 64
cache_alignment	: 64
address sizes	: 36 bits physical, 48 bits virtual
power management:

processor	: 4
vendor_id	: GenuineIntel
cpu family	: 6
model		: 42
model name	: Intel(R) Core(TM) i7-2860QM CPU @ 2.50GHz
stepping	: 7
microcode	: 0x1b
cpu MHz		: 800.000
cache size	: 8192 KB
physical id	: 0
siblings	: 8
core id		: 0
cpu cores	: 4
apicid		: 1
initial apicid	: 1
fpu		: yes
fpu_exception	: yes
cpuid level	: 13
wp		: yes
flags		: fpu vme de pse tsc msr pae mce cx8 apic sep mtrr pge mca cmov pat pse36 clflush dts acpi mmx fxsr sse sse2 ss ht tm pbe syscall nx rdtscp lm constant_tsc arch_perfmon pebs bts rep_good nopl xtopology nonstop_tsc aperfmperf pni pclmulqdq dtes64 monitor ds_cpl vmx smx est tm2 ssse3 cx16 xtpr pdcm pcid sse4_1 sse4_2 x2apic popcnt tsc_deadline_timer aes xsave avx lahf_lm ida arat epb xsaveopt pln pts dtherm tpr_shadow vnmi flexpriority ept vpid
bogomips	: 4988.44
clflush size	: 64
cache_alignment	: 64
address sizes	: 36 bits physical, 48 bits virtual
power management:

processor	: 5
vendor_id	: GenuineIntel
cpu family	: 6
model		: 42
model name	: Intel(R) Core(TM) i7-2860QM CPU @ 2.50GHz
stepping	: 7
microcode	: 0x1b
cpu MHz		: 800.000
cache size	: 8192 KB
physical id	: 0
siblings	: 8
core id		: 1
cpu cores	: 4
apicid		: 3
initial apicid	: 3
fpu		: yes
fpu_exception	: yes
cpuid level	: 13
wp		: yes
flags		: fpu vme de pse tsc msr pae mce cx8 apic sep mtrr pge mca cmov pat pse36 clflush dts acpi mmx fxsr sse sse2 ss ht tm pbe syscall nx rdtscp lm constant_tsc arch_perfmon pebs bts rep_good nopl xtopology nonstop_tsc aperfmperf pni pclmulqdq dtes64 monitor ds_cpl vmx smx est tm2 ssse3 cx16 xtpr pdcm pcid sse4_1 sse4_2 x2apic popcnt tsc_deadline_timer aes xsave avx lahf_lm ida arat epb xsaveopt pln pts dtherm tpr_shadow vnmi flexpriority ept vpid
bogomips	: 4988.44
clflush size	: 64
cache_alignment	: 64
address sizes	: 36 bits physical, 48 bits virtual
power management:

processor	: 6
vendor_id	: GenuineIntel
cpu family	: 6
model		: 42
model name	: Intel(R) Core(TM) i7-2860QM CPU @ 2.50GHz
stepping	: 7
microcode	: 0x1b
cpu MHz		: 800.000
cache size	: 8192 KB
physical id	: 0
siblings	: 8
core id		: 2
cpu cores	: 4
apicid		: 5
initial apicid	: 5
fpu		: yes
fpu_exception	: yes
cpuid level	: 13
wp		: yes
flags		: fpu vme de pse tsc msr pae mce cx8 apic sep mtrr pge mca cmov pat pse36 clflush dts acpi mmx fxsr sse sse2 ss ht tm pbe syscall nx rdtscp lm constant_tsc arch_perfmon pebs bts rep_good nopl xtopology nonstop_tsc aperfmperf pni pclmulqdq dtes64 monitor ds_cpl vmx smx est tm2 ssse3 cx16 xtpr pdcm pcid sse4_1 sse4_2 x2apic popcnt tsc_deadline_timer aes xsave avx lahf_lm ida arat epb xsaveopt pln pts dtherm tpr_shadow vnmi flexpriority ept vpid
bogomips	: 4988.44
clflush size	: 64
cache_alignment	: 64
address sizes	: 36 bits physical, 48 bits virtual
power management:

processor	: 7
vendor_id	: GenuineIntel
cpu family	: 6
model		: 42
model name	: Intel(R) Core(TM) i7-2860QM CPU @ 2.50GHz
stepping	: 7
microcode	: 0x1b
cpu MHz		: 800.000
cache size	: 8192 KB
physical id	: 0
siblings	: 8
core id		: 3
cpu cores	: 4
apicid		: 7
initial apicid	: 7
fpu		: yes
fpu_exception	: yes
cpuid level	: 13
wp		: yes
flags		: fpu vme de pse tsc msr pae mce cx8 apic sep mtrr pge mca cmov pat pse36 clflush dts acpi mmx fxsr sse sse2 ss ht tm pbe syscall nx rdtscp lm constant_tsc arch_perfmon pebs bts rep_good nopl xtopology nonstop_tsc aperfmperf pni pclmulqdq dtes64 monitor ds_cpl vmx smx est tm2 ssse3 cx16 xtpr pdcm pcid sse4_1 sse4_2 x2apic popcnt tsc_deadline_timer aes xsave avx lahf_lm ida arat epb xsaveopt pln pts dtherm tpr_shadow vnmi flexpriority ept vpid
bogomips	: 4988.44
clflush size	: 64
cache_alignment	: 64
address sizes	: 36 bits physical, 48 bits virtual
power management:



Memory: 4k page, physical 16412920k(9597008k free), swap 31249404k(31249404k free)

vm_info: Java HotSpot(TM) 64-Bit Server VM (23.0-b21) for linux-amd64 JRE (1.7.0_04-b20), built on Apr 12 2012 01:59:40 by "java_re" with gcc 4.3.0 20080428 (Red Hat 4.3.0-8)

