#
# A fatal error has been detected by the Java Runtime Environment:
#
#  EXCEPTION_ACCESS_VIOLATION (0xc0000005) at pc=0x000000006725ca00, pid=11844, tid=10696
#
# JRE version: 7.0_02-b13
# Java VM: Java HotSpot(TM) 64-Bit Server VM (22.0-b10 mixed mode windows-amd64 compressed oops)
# Problematic frame:
# V  [jvm.dll+0x1eca00]
#
# Failed to write core dump. Minidumps are not enabled by default on client versions of Windows
#
# If you would like to submit a bug report, please visit:
#   http://bugreport.sun.com/bugreport/crash.jsp
#

---------------  T H R E A D  ---------------

Current thread (0x0000000009640800):  JavaThread "CollectionFunnelThread#9" daemon [_thread_in_vm, id=10696, stack(0x000000000b150000,0x000000000b250000)]

siginfo: ExceptionCode=0xc0000005, reading address 0x00000000097cb028

Registers:
RAX=0x000000078b7eaa38, RBX=0x0000000009640800, RCX=0x00000000097cb028, RDX=0x00000007820aca30
RSP=0x000000000b24f4b0, RBP=0x0000000000000000, RSI=0x0000000000002830, RDI=0x00000007820aa1f8
R8 =0x0000000000000506, R9 =0x00000007820aa208, R10=0x00000000024d21bc, R11=0x0000000067228940
R12=0x00000000097c8800, R13=0x000000067aefa7b8, R14=0x000000000b24f628, R15=0x0000000009640800
RIP=0x000000006725ca00, EFLAGS=0x0000000000010206

Top of Stack: (sp=0x000000000b24f4b0)
0x000000000b24f4b0:   000000067b57ed72 000000000b24f500
0x000000000b24f4c0:   000000067b587908 0000000000000000
0x000000000b24f4d0:   000000067b57edc8 00000000671fbc00
0x000000000b24f4e0:   000000000b24f4f8 000000000b24f548
0x000000000b24f4f0:   00000000024c6038 0000000000000000
0x000000000b24f500:   00000007820aa108 0000000000000000
0x000000000b24f510:   0000000000000000 00000000024d21e9
0x000000000b24f520:   00000000024c6038 000000067aefa7b8
0x000000000b24f530:   000000000b24f5c8 00000000cf605d91
0x000000000b24f540:   000000000b24f608 0000000000000010
0x000000000b24f550:   0000000000002830 0000000000000001
0x000000000b24f560:   0000000009640800 00000007820aa108
0x000000000b24f570:   0000000009640800 000000006715adeb
0x000000000b24f580:   000000000944d2a8 000000000b24f588
0x000000000b24f590:   0000000000000000 000000000b24f628
0x000000000b24f5a0:   000000067aefd630 0000000000000000 

Instructions: (pc=0x000000006725ca00)
0x000000006725c9e0:   ef 48 83 c4 28 c3 4a 8d 4c c1 f8 4a 8d 54 c2 f8
0x000000006725c9f0:   4d 85 c0 74 51 66 66 66 0f 1f 84 00 00 00 00 00
0x000000006725ca00:   48 8b 01 48 83 ea 08 48 83 e9 08 49 ff c8 48 89
0x000000006725ca10:   42 08 75 ec 48 83 c4 28 c3 a8 03 75 15 48 8b d1 


Register to memory mapping:

RAX=0x000000078b7eaa38 is an unallocated location in the heap
RBX=0x0000000009640800 is a thread
RCX=0x00000000097cb028 is an unknown value
RDX=0x00000007820aca30 is an unknown value
RSP=0x000000000b24f4b0 is pointing into the stack for thread: 0x0000000009640800
RBP=0x0000000000000000 is an unknown value
RSI=0x0000000000002830 is an unknown value
RDI=0x00000007820aa1f8 is an oop
[B 
 - klass: {type array byte}
 - length: 10288
R8 =0x0000000000000506 is an unknown value
R9 =0x00000007820aa208 is an unknown value
R10=0x00000000024d21bc is an Interpreter codelet
method entry point (kind = native)  [0x00000000024d1f40, 0x00000000024d27c0]  2176 bytes
R11=0x0000000067228940 is an unknown value
R12=0x00000000097c8800 is an unknown value
R13=0x000000067aefa7b8 is an oop
{method} 
 - klass: {other class}
R14=0x000000000b24f628 is pointing into the stack for thread: 0x0000000009640800
R15=0x0000000009640800 is a thread


Stack: [0x000000000b150000,0x000000000b250000],  sp=0x000000000b24f4b0,  free space=1021k
Native frames: (J=compiled Java code, j=interpreted, Vv=VM code, C=native code)
V  [jvm.dll+0x1eca00]

[error occurred during error reporting (printing native stack), id 0xc0000005]

Java frames: (J=compiled Java code, j=interpreted, Vv=VM code)
j  sun.misc.Unsafe.copyMemory(Ljava/lang/Object;JLjava/lang/Object;JJ)V+0
j  org.helios.apmrouter.trace.DirectMetricCollection.toChannelBuffer()Lorg/jboss/netty/buffer/ChannelBuffer;+39
j  org.helios.apmrouter.sender.netty.UDPSender.send(Lorg/helios/apmrouter/trace/DirectMetricCollection;)V+66
j  org.helios.apmrouter.trace.DirectMetricCollection.run()V+7
j  java.util.concurrent.ThreadPoolExecutor.runWorker(Ljava/util/concurrent/ThreadPoolExecutor$Worker;)V+46
j  java.util.concurrent.ThreadPoolExecutor$Worker.run()V+5
j  java.lang.Thread.run()V+11
v  ~StubRoutines::call_stub

---------------  P R O C E S S  ---------------

Java Threads: ( => current thread )
  0x000000000a9fb800 JavaThread "CollectionFunnelThread#13" daemon [_thread_in_vm, id=11636, stack(0x000000000b9a0000,0x000000000baa0000)]
  0x000000000a9fa800 JavaThread "CollectionFunnelThread#12" daemon [_thread_in_vm, id=3512, stack(0x000000000b700000,0x000000000b800000)]
  0x000000000a9fa000 JavaThread "New I/O  worker #1" daemon [_thread_in_native, id=10328, stack(0x000000000b5a0000,0x000000000b6a0000)]
  0x000000000a9f9000 JavaThread "CollectionFunnelThread#11" daemon [_thread_in_vm, id=772, stack(0x000000000b390000,0x000000000b490000)]
  0x000000000a9f8800 JavaThread "CollectionFunnelThread#10" daemon [_thread_in_vm, id=2620, stack(0x000000000b280000,0x000000000b380000)]
=>0x0000000009640800 JavaThread "CollectionFunnelThread#9" daemon [_thread_in_vm, id=10696, stack(0x000000000b150000,0x000000000b250000)]
  0x000000000962f800 JavaThread "CollectionFunnelThread#8" daemon [_thread_in_vm, id=9820, stack(0x000000000a5f0000,0x000000000a6f0000)]
  0x00000000095e8800 JavaThread "CollectionFunnelThread#7" daemon [_thread_in_vm, id=12272, stack(0x000000000a810000,0x000000000a910000)]
  0x000000000967b000 JavaThread "CollectionFunnelThread#6" daemon [_thread_in_vm, id=5224, stack(0x000000000a6f0000,0x000000000a7f0000)]
  0x0000000009685800 JavaThread "CollectionFunnelThread#5" daemon [_thread_in_vm, id=6424, stack(0x000000000a480000,0x000000000a580000)]
  0x0000000009617800 JavaThread "CollectionFunnelThread#4" daemon [_thread_in_vm, id=12140, stack(0x000000000a310000,0x000000000a410000)]
  0x00000000095df000 JavaThread "CollectionFunnelThread#3" daemon [_thread_in_vm, id=804, stack(0x000000000a1f0000,0x000000000a2f0000)]
  0x0000000009592800 JavaThread "CollectionFunnelThread#2" daemon [_thread_in_vm, id=11836, stack(0x0000000009c60000,0x0000000009d60000)]
  0x000000000957c000 JavaThread "CollectionFunnelThread#1" daemon [_thread_in_vm, id=12076, stack(0x0000000009fe0000,0x000000000a0e0000)]
  0x0000000009492800 JavaThread "DEBUG STOP THREAD" [_thread_blocked, id=3632, stack(0x0000000009ec0000,0x0000000009fc0000)]
  0x0000000009430800 JavaThread "CollectionFunnelTimer" daemon [_thread_blocked, id=10360, stack(0x0000000009040000,0x0000000009140000)]
  0x00000000079e2000 JavaThread "Service Thread" daemon [_thread_blocked, id=9228, stack(0x0000000009160000,0x0000000009260000)]
  0x00000000079d7000 JavaThread "C2 CompilerThread1" daemon [_thread_blocked, id=11212, stack(0x0000000008f10000,0x0000000009010000)]
  0x00000000079be800 JavaThread "C2 CompilerThread0" daemon [_thread_blocked, id=8256, stack(0x0000000008d90000,0x0000000008e90000)]
  0x00000000079be000 JavaThread "Attach Listener" daemon [_thread_blocked, id=9748, stack(0x0000000008b90000,0x0000000008c90000)]
  0x00000000079bb000 JavaThread "Signal Dispatcher" daemon [_thread_blocked, id=11920, stack(0x0000000008710000,0x0000000008810000)]
  0x0000000007935800 JavaThread "Finalizer" daemon [_thread_blocked, id=8520, stack(0x0000000008970000,0x0000000008a70000)]
  0x000000000792e800 JavaThread "Reference Handler" daemon [_thread_blocked, id=2920, stack(0x0000000008860000,0x0000000008960000)]
  0x00000000021cc800 JavaThread "main" [_thread_in_vm, id=6600, stack(0x0000000002310000,0x0000000002410000)]

Other Threads:
  0x0000000007927000 VMThread [stack: 0x00000000085e0000,0x00000000086e0000] [id=9496]
  0x00000000079ea800 WatcherThread [stack: 0x00000000092d0000,0x00000000093d0000] [id=2396]

VM state:not at safepoint (normal execution)

VM Mutex/Monitor currently owned by a thread: None

Heap
 PSYoungGen      total 114688K, used 53107K [0x0000000780000000, 0x0000000788000000, 0x0000000800000000)
  eden space 98304K, 54% used [0x0000000780000000,0x00000007833dcfc0,0x0000000786000000)
  from space 16384K, 0% used [0x0000000787000000,0x0000000787000000,0x0000000788000000)
  to   space 16384K, 0% used [0x0000000786000000,0x0000000786000000,0x0000000787000000)
 PSOldGen        total 262144K, used 0K [0x0000000680000000, 0x0000000690000000, 0x0000000780000000)
  object space 262144K, 0% used [0x0000000680000000,0x0000000680000000,0x0000000690000000)
 PSPermGen       total 21248K, used 7739K [0x000000067ae00000, 0x000000067c2c0000, 0x0000000680000000)
  object space 21248K, 36% used [0x000000067ae00000,0x000000067b58ef88,0x000000067c2c0000)

Code Cache  [0x00000000024c0000, 0x0000000002730000, 0x00000000054c0000)
 total_blobs=317 nmethods=59 adapters=210 free_code_cache=48633Kb largest_free_block=49782080

Dynamic libraries:
0x000000013faf0000 - 0x000000013fb23000 	C:\Java\jdk1.7.0_02\bin\javaw.exe
0x0000000076e30000 - 0x0000000076fdc000 	C:\Windows\SYSTEM32\ntdll.dll
0x0000000076d10000 - 0x0000000076e2f000 	C:\Windows\system32\kernel32.dll
0x000007fefd500000 - 0x000007fefd56c000 	C:\Windows\system32\KERNELBASE.dll
0x000007fefef40000 - 0x000007feff01b000 	C:\Windows\system32\ADVAPI32.dll
0x000007fefd670000 - 0x000007fefd70f000 	C:\Windows\system32\msvcrt.dll
0x000007fefe7f0000 - 0x000007fefe80f000 	C:\Windows\SYSTEM32\sechost.dll
0x000007fefee10000 - 0x000007fefef3e000 	C:\Windows\system32\RPCRT4.dll
0x0000000076ac0000 - 0x0000000076bba000 	C:\Windows\system32\USER32.dll
0x000007fefea90000 - 0x000007fefeaf7000 	C:\Windows\system32\GDI32.dll
0x000007fefe4d0000 - 0x000007fefe4de000 	C:\Windows\system32\LPK.dll
0x000007fefe920000 - 0x000007fefe9ea000 	C:\Windows\system32\USP10.dll
0x000007fefbb90000 - 0x000007fefbd84000 	C:\Windows\WinSxS\amd64_microsoft.windows.common-controls_6595b64144ccf1df_6.0.7600.16661_none_fa62ad231704eab7\COMCTL32.dll
0x000007fefea10000 - 0x000007fefea81000 	C:\Windows\system32\SHLWAPI.dll
0x000007fefd710000 - 0x000007fefd73e000 	C:\Windows\system32\IMM32.DLL
0x000007fefe810000 - 0x000007fefe919000 	C:\Windows\system32\MSCTF.dll
0x000007fefd280000 - 0x000007fefd297000 	C:\Windows\system32\AMINIT64.DLL
0x0000000067750000 - 0x0000000067821000 	C:\Java\jdk1.7.0_02\jre\bin\msvcr100.dll
0x0000000067070000 - 0x000000006774a000 	C:\Java\jdk1.7.0_02\jre\bin\server\jvm.dll
0x000007fefcc90000 - 0x000007fefcc99000 	C:\Windows\system32\WSOCK32.dll
0x000007fefedc0000 - 0x000007fefee0d000 	C:\Windows\system32\WS2_32.dll
0x000007fefeb00000 - 0x000007fefeb08000 	C:\Windows\system32\NSI.dll
0x000007fefb2a0000 - 0x000007fefb2db000 	C:\Windows\system32\WINMM.dll
0x0000000076ff0000 - 0x0000000076ff7000 	C:\Windows\system32\PSAPI.DLL
0x000000006f240000 - 0x000000006f24f000 	C:\Java\jdk1.7.0_02\jre\bin\verify.dll
0x000000006f210000 - 0x000000006f238000 	C:\Java\jdk1.7.0_02\jre\bin\java.dll
0x000000006f180000 - 0x000000006f195000 	C:\Java\jdk1.7.0_02\jre\bin\zip.dll
0x000000006a670000 - 0x000000006a67b000 	C:\Java\jdk1.7.0_02\jre\bin\management.dll
0x000000006f160000 - 0x000000006f179000 	C:\Java\jdk1.7.0_02\jre\bin\net.dll
0x000007fefca90000 - 0x000007fefcae4000 	C:\Windows\system32\mswsock.dll
0x000007fefcd00000 - 0x000007fefcd07000 	C:\Windows\System32\wship6.dll
0x000000006f140000 - 0x000000006f151000 	C:\Java\jdk1.7.0_02\jre\bin\nio.dll
0x000007fefb350000 - 0x000007fefb365000 	C:\Windows\system32\NLAapi.dll
0x000007fefc8f0000 - 0x000007fefc94b000 	C:\Windows\system32\DNSAPI.dll
0x000007fefa090000 - 0x000007fefa09b000 	C:\Windows\System32\winrnr.dll
0x000007fefa070000 - 0x000007fefa085000 	C:\Windows\system32\napinsp.dll
0x000007fefa020000 - 0x000007fefa039000 	C:\Windows\system32\pnrpnsp.dll
0x0000000074470000 - 0x00000000744a5000 	C:\Program Files\Bonjour\mdnsNSP.dll
0x000007fefaec0000 - 0x000007fefaee7000 	C:\Windows\system32\Iphlpapi.DLL
0x000007fefad80000 - 0x000007fefad8b000 	C:\Windows\system32\WINNSI.DLL
0x000007fefc370000 - 0x000007fefc377000 	C:\Windows\System32\wshtcpip.dll
0x000007fefa0a0000 - 0x000007fefa0a8000 	C:\Windows\system32\rasadhlp.dll
0x000007fefac80000 - 0x000007fefacd3000 	C:\Windows\System32\fwpuclnt.dll
0x000007fefcc20000 - 0x000007fefcc37000 	C:\Windows\system32\CRYPTSP.dll
0x000007fefc800000 - 0x000007fefc847000 	C:\Windows\system32\rsaenh.dll
0x000007fefc730000 - 0x000007fefc74e000 	C:\Windows\system32\USERENV.dll
0x000007fefd2a0000 - 0x000007fefd2af000 	C:\Windows\system32\profapi.dll
0x000007fefd170000 - 0x000007fefd17f000 	C:\Windows\system32\CRYPTBASE.dll
0x000007fef8550000 - 0x000007fef8675000 	C:\Windows\system32\dbghelp.dll

VM Arguments:
jvm_args: -Ddebug-stop=10000 -Dfile.encoding=Cp1252 
java_command: org.helios.apmrouter.trace.TracerFactory
Launcher Type: SUN_STANDARD

Environment Variables:
JAVA_HOME=C:\Java\jdk1.6.0_21
CLASSPATH=.;C:\Program Files (x86)\Java\jre6\lib\ext\QTJava.zip
PATH=c:\tools\git\bin;C:\Java\jdk1.6.0_21\bin;C:\tools\SlikSvn\bin\;C:\csvn\bin\;C:\csvn\Python25\;C:\oracle\app\nwhitehe\product\11.2.0\dbhome_1\bin;C:\Windows\system32;C:\Windows;C:\Windows\System32\Wbem;C:\Windows\System32\WindowsPowerShell\v1.0\;c:\Program Files (x86)\ATI Technologies\ATI.ACE\Core-Static;C:\Program Files (x86)\NTRU Cryptosystems\NTRU TCG Software Stack\bin\;C:\Program Files\NTRU Cryptosystems\NTRU TCG Software Stack\bin\;C:\Program Files\Wave Systems Corp\Gemalto\Access Client\v5\;C:\tools\Mercurial\;C:\libs\java\ant\apache-ant-1.8.0\bin;c:\cygwin\bin;c:\java\jdk1.6.0_21;c:\groovy\Groovy-1.7.4\bin;C:\libs\java\apache-maven-2.2.1\bin;c:\tools\exploder\bin;C:\tools\StarTeam2009\SDK\StarTeam SDK 11.0\Lib;C:\tools\StarTeam2009\SDK\StarTeam SDK 11.0\Bin;C:\tools\TortoiseHg\;C:\Program Files (x86)\Enterprise Vault\EVClient\;C:\tools\strawberry\c\bin;C:\tools\strawberry\perl\site\bin;C:\tools\strawberry\perl\bin;C:\Program Files (x86)\QuickTime\QTSystem\;C:\tools\GnuPG\pub;C:\tools\Graphviz\bin;C:\Tools\TortoiseGit\bin;C:\Groovy\Groovy-1.8.5\bin;c:\Program Files\Microsoft Windows Performance Toolkit\;c:\Program Files (x86)\Microsoft SQL Server\100\Tools\Binn\;c:\Program Files\Microsoft SQL Server\100\Tools\Binn\;c:\Program Files\Microsoft SQL Server\100\DTS\Binn\;C:\Go\bin;C:\tools\Lua\5.1;C:\tools\Lua\5.1\clibs;C:\tools\UltraEdit\;C:\tools\UltraCompare\
USERNAME=nwhitehe
OS=Windows_NT
PROCESSOR_IDENTIFIER=Intel64 Family 6 Model 44 Stepping 2, GenuineIntel



---------------  S Y S T E M  ---------------

OS: Windows 7 , 64 bit Build 7600 

CPU:total 12 (6 cores per cpu, 2 threads per core) family 6 model 44 stepping 2, cmov, cx8, fxsr, mmx, sse, sse2, sse3, ssse3, sse4.1, sse4.2, popcnt, ht

Memory: 4k page, physical 25163320k(13590820k free), swap 50324740k(30513696k free)

vm_info: Java HotSpot(TM) 64-Bit Server VM (22.0-b10) for windows-amd64 JRE (1.7.0_02-b13), built on Nov 17 2011 13:51:15 by "java_re" with unknown MS VC++:1600

time: Wed Sep 12 16:54:21 2012
elapsed time: 0 seconds

