#
# A fatal error has been detected by the Java Runtime Environment:
#
#  SIGSEGV (0xb) at pc=0x00007f47bbbbbf88, pid=28717, tid=139946086405888
#
# JRE version: 7.0_04-b20
# Java VM: Java HotSpot(TM) 64-Bit Server VM (23.0-b21 mixed mode linux-amd64 compressed oops)
# Problematic frame:
# V  [libjvm.so+0x881f88]  Unsafe_GetNativeShort+0xa8
#
# Failed to write core dump. Core dumps have been disabled. To enable core dumping, try "ulimit -c unlimited" before starting Java again
#
# If you would like to submit a bug report, please visit:
#   http://bugreport.sun.com/bugreport/crash.jsp
#

---------------  T H R E A D  ---------------

Current thread (0x00007f47b4009000):  JavaThread "main" [_thread_in_vm, id=28723, stack(0x00007f47bcb49000,0x00007f47bcc4a000)]

siginfo:si_signo=SIGSEGV: si_errno=0, si_code=1 (SEGV_MAPERR), si_addr=0x0000000000000009

Registers:
RAX=0x00007f47b4009000, RBX=0x00007f47bcc48a90, RCX=0x00007f47bca482c0, RDX=0x00007f47bcc49a20
RSP=0x00007f47bcc48440, RBP=0x00007f47bcc48470, RSI=0x0000000000000001, RDI=0x0000000000000010
R8 =0x00007f47bc028c00, R9 =0x0000000000000000, R10=0x00007f47b1011f64, R11=0x00007f47bbb04460
R12=0x0000000000000009, R13=0x00000007006e9a60, R14=0x00007f47bcc48508, R15=0x00007f47b4009000
RIP=0x00007f47bbbbbf88, EFLAGS=0x0000000000010246, CSGSFS=0x0000000000000033, ERR=0x0000000000000004
  TRAPNO=0x000000000000000e

Top of Stack: (sp=0x00007f47bcc48440)
0x00007f47bcc48440:   00007f47b4009000 0000000000000000
0x00007f47bcc48450:   00000007006e9a60 00000007006e9a60
0x00007f47bcc48460:   0000000000000000 00000007006e9a60
0x00007f47bcc48470:   00007f47bcc484d8 00007f47b1011f90
0x00007f47bcc48480:   00007f47b4009d58 00007f47b101cc83
0x00007f47bcc48490:   00007f47b4009000 00007f47bcc48498
0x00007f47bcc484a0:   00000007006e9a60 00007f47bcc48508
0x00007f47bcc484b0:   00000007006ed890 0000000000000000
0x00007f47bcc484c0:   00000007006e9a60 0000000000000000
0x00007f47bcc484d0:   00007f47bcc484f8 00007f47bcc48550
0x00007f47bcc484e0:   00007f47b1006392 0000000000000000
0x00007f47bcc484f0:   00007f47b100edd2 0000000000000009
0x00007f47bcc48500:   00000007ac89f370 00000007ac8118e8
0x00007f47bcc48510:   00007f47bcc48510 0000000700870b4f
0x00007f47bcc48520:   00007f47bcc48568 00000007008a5e50
0x00007f47bcc48530:   0000000000000000 0000000700870b88
0x00007f47bcc48540:   00007f47bcc484f8 00007f47bcc48568
0x00007f47bcc48550:   00007f47bcc485b0 00007f47b1006392
0x00007f47bcc48560:   0000000000000000 00000007ac89f370
0x00007f47bcc48570:   00007f47bcc48570 00000007008687d9
0x00007f47bcc48580:   00007f47bcc485c0 00000007008a4dd0
0x00007f47bcc48590:   0000000000000000 00000007008687f8
0x00007f47bcc485a0:   00007f47bcc48568 00007f47bcc485c0
0x00007f47bcc485b0:   00007f47bcc48608 00007f47b1006982
0x00007f47bcc485c0:   00000007ac89f370 00007f47bcc485c8
0x00007f47bcc485d0:   00000007008c3069 00007f47bcc48658
0x00007f47bcc485e0:   00000007008c3698 0000000000000000
0x00007f47bcc485f0:   00000007008c3298 00007f47bcc485c0
0x00007f47bcc48600:   00007f47bcc48658 00007f47bcc486a0
0x00007f47bcc48610:   00007f47b1006333 0000000000000000
0x00007f47bcc48620:   0000000000000000 0000000000000000
0x00007f47bcc48630:   0000000000000000 0000000000000000 

Instructions: (pc=0x00007f47bbbbbf88)
0x00007f47bbbbbf68:   b4 e0 43 00 c7 83 50 02 00 00 06 00 00 00 8b 38
0x00007f47bbbbbf78:   e8 5b 6f 91 ff 48 8b 5b 48 c6 80 74 02 00 00 01
0x00007f47bbbbbf88:   45 0f b7 2c 24 c6 80 74 02 00 00 00 48 8b 7b 10
0x00007f47bbbbbf98:   4c 8b 63 08 48 83 3f 00 74 09 e8 e9 88 9a ff 48 

Register to memory mapping:

RAX=0x00007f47b4009000 is a thread
RBX=0x00007f47bcc48a90 is pointing into the stack for thread: 0x00007f47b4009000
RCX=0x00007f47bca482c0: <offset 0x2182c0> in /lib/x86_64-linux-gnu/libpthread.so.0 at 0x00007f47bc830000
RDX=0x00007f47bcc49a20 is pointing into the stack for thread: 0x00007f47b4009000
RSP=0x00007f47bcc48440 is pointing into the stack for thread: 0x00007f47b4009000
RBP=0x00007f47bcc48470 is pointing into the stack for thread: 0x00007f47b4009000
RSI=0x0000000000000001 is an unknown value
RDI=0x0000000000000010 is an unknown value
R8 =0x00007f47bc028c00: <offset 0xceec00> in /usr/lib/jvm/jdk1.7.0_04/jre/lib/amd64/server/libjvm.so at 0x00007f47bb33a000
R9 =0x0000000000000000 is an unknown value
R10=0x00007f47b1011f64 is an Interpreter codelet
method entry point (kind = native)  [0x00007f47b1011d00, 0x00007f47b1012540]  2112 bytes
R11=0x00007f47bbb04460: <offset 0x7ca460> in /usr/lib/jvm/jdk1.7.0_04/jre/lib/amd64/server/libjvm.so at 0x00007f47bb33a000
R12=0x0000000000000009 is an unknown value
R13=0x00000007006e9a60 is an oop
{method} 
 - klass: {other class}
R14=0x00007f47bcc48508 is pointing into the stack for thread: 0x00007f47b4009000
R15=0x00007f47b4009000 is a thread


Stack: [0x00007f47bcb49000,0x00007f47bcc4a000],  sp=0x00007f47bcc48440,  free space=1021k
Native frames: (J=compiled Java code, j=interpreted, Vv=VM code, C=native code)
V  [libjvm.so+0x881f88]  Unsafe_GetNativeShort+0xa8
j  sun.misc.Unsafe.getShort(J)S+0
j  vanilla.java.chronicle.impl.UnsafeExcerpt.readShort()S+7
j  vanilla.java.chronicle.impl.AbstractExcerpt.readUnsignedShort()I+1
j  java.io.DataInputStream.readUTF(Ljava/io/DataInput;)Ljava/lang/String;+1
j  vanilla.java.chronicle.impl.AbstractExcerpt.readUTF()Ljava/lang/String;+1
j  vanilla.java.chronicle.impl.AbstractExcerpt.readUTF(I)Ljava/lang/String;+12
j  org.helios.apmrouter.metric.catalog.direct.ChronicleICEMetric.getHost()Ljava/lang/String;+11
j  org.helios.apmrouter.metric.catalog.direct.ChronicleICEMetric.toString()Ljava/lang/String;+122
j  java.lang.String.valueOf(Ljava/lang/Object;)Ljava/lang/String;+10
j  java.io.PrintStream.println(Ljava/lang/Object;)V+1
j  org.helios.apmrouter.metric.catalog.direct.ChronicleICEMetric.log(Ljava/lang/Object;)V+4
j  org.helios.apmrouter.metric.catalog.direct.ChronicleICEMetric.main([Ljava/lang/String;)V+135
v  ~StubRoutines::call_stub
V  [libjvm.so+0x54df25]  JavaCalls::call_helper(JavaValue*, methodHandle*, JavaCallArguments*, Thread*)+0x355
V  [libjvm.so+0x54ca48]  JavaCalls::call(JavaValue*, methodHandle, JavaCallArguments*, Thread*)+0x28
V  [libjvm.so+0x56094a]  jni_invoke_static(JNIEnv_*, JavaValue*, _jobject*, JNICallType, _jmethodID*, JNI_ArgumentPusher*, Thread*)+0x20a
V  [libjvm.so+0x57df1c]  jni_CallStaticVoidMethod+0x16c
C  [libjli.so+0x3b83]  JavaMain+0x8a3

Java frames: (J=compiled Java code, j=interpreted, Vv=VM code)
j  sun.misc.Unsafe.getShort(J)S+0
j  vanilla.java.chronicle.impl.UnsafeExcerpt.readShort()S+7
j  vanilla.java.chronicle.impl.AbstractExcerpt.readUnsignedShort()I+1
j  java.io.DataInputStream.readUTF(Ljava/io/DataInput;)Ljava/lang/String;+1
j  vanilla.java.chronicle.impl.AbstractExcerpt.readUTF()Ljava/lang/String;+1
j  vanilla.java.chronicle.impl.AbstractExcerpt.readUTF(I)Ljava/lang/String;+12
j  org.helios.apmrouter.metric.catalog.direct.ChronicleICEMetric.getHost()Ljava/lang/String;+11
j  org.helios.apmrouter.metric.catalog.direct.ChronicleICEMetric.toString()Ljava/lang/String;+122
j  java.lang.String.valueOf(Ljava/lang/Object;)Ljava/lang/String;+10
j  java.io.PrintStream.println(Ljava/lang/Object;)V+1
j  org.helios.apmrouter.metric.catalog.direct.ChronicleICEMetric.log(Ljava/lang/Object;)V+4
j  org.helios.apmrouter.metric.catalog.direct.ChronicleICEMetric.main([Ljava/lang/String;)V+135
v  ~StubRoutines::call_stub

---------------  P R O C E S S  ---------------

Java Threads: ( => current thread )
  0x00007f47b40f7800 JavaThread "Service Thread" daemon [_thread_blocked, id=28739, stack(0x00007f47a4d15000,0x00007f47a4e16000)]
  0x00007f47b40f5800 JavaThread "C2 CompilerThread1" daemon [_thread_blocked, id=28738, stack(0x00007f47a4e16000,0x00007f47a4f17000)]
  0x00007f47b40f2800 JavaThread "C2 CompilerThread0" daemon [_thread_blocked, id=28737, stack(0x00007f47a4f17000,0x00007f47a5018000)]
  0x00007f47b40f0000 JavaThread "Signal Dispatcher" daemon [_thread_blocked, id=28736, stack(0x00007f47a5018000,0x00007f47a5119000)]
  0x00007f47b40a4000 JavaThread "Finalizer" daemon [_thread_blocked, id=28734, stack(0x00007f47a57fc000,0x00007f47a58fd000)]
  0x00007f47b40a1800 JavaThread "Reference Handler" daemon [_thread_blocked, id=28733, stack(0x00007f47a58fd000,0x00007f47a59fe000)]
=>0x00007f47b4009000 JavaThread "main" [_thread_in_vm, id=28723, stack(0x00007f47bcb49000,0x00007f47bcc4a000)]

Other Threads:
  0x00007f47b409a000 VMThread [stack: 0x00007f47a59fe000,0x00007f47a5aff000] [id=28732]
  0x00007f47b410a800 WatcherThread [stack: 0x00007f47a4c14000,0x00007f47a4d15000] [id=28740]

VM state:not at safepoint (normal execution)

VM Mutex/Monitor currently owned by a thread: None

Heap
 PSYoungGen      total 74816K, used 1282K [0x00000007ac800000, 0x00000007b1b80000, 0x0000000800000000)
  eden space 64128K, 2% used [0x00000007ac800000,0x00000007ac940aa8,0x00000007b06a0000)
  from space 10688K, 0% used [0x00000007b1110000,0x00000007b1110000,0x00000007b1b80000)
  to   space 10688K, 0% used [0x00000007b06a0000,0x00000007b06a0000,0x00000007b1110000)
 ParOldGen       total 171008K, used 0K [0x0000000705800000, 0x000000070ff00000, 0x00000007ac800000)
  object space 171008K, 0% used [0x0000000705800000,0x0000000705800000,0x000000070ff00000)
 PSPermGen       total 21248K, used 2830K [0x0000000700600000, 0x0000000701ac0000, 0x0000000705800000)
  object space 21248K, 13% used [0x0000000700600000,0x00000007008c3a58,0x0000000701ac0000)

Code Cache  [0x00007f47b1000000, 0x00007f47b1270000, 0x00007f47b4000000)
 total_blobs=193 nmethods=1 adapters=145 free_code_cache=48764Kb largest_free_block=49914624

Compilation events (1 events):
Event: 0.049 Thread 0x00007f47b40f2800    1             java.lang.String::indexOf (87 bytes)

GC Heap History (0 events):
No events

Deoptimization events (0 events):
No events

Internal exceptions (10 events):
Event: 0.041 Thread 0x00007f47b4009000 Threw 0x00000007ac86d0f8 at /HUDSON/workspace/jdk7u4-2-build-linux-amd64-product/jdk7u4/hotspot/src/share/vm/prims/jvm.cpp:1166
Event: 0.041 Thread 0x00007f47b4009000 Threw 0x00000007ac87b480 at /HUDSON/workspace/jdk7u4-2-build-linux-amd64-product/jdk7u4/hotspot/src/share/vm/prims/jvm.cpp:1166
Event: 0.041 Thread 0x00007f47b4009000 Threw 0x00000007ac87d1b8 at /HUDSON/workspace/jdk7u4-2-build-linux-amd64-product/jdk7u4/hotspot/src/share/vm/prims/jvm.cpp:1166
Event: 0.042 Thread 0x00007f47b4009000 Threw 0x00000007ac87fb28 at /HUDSON/workspace/jdk7u4-2-build-linux-amd64-product/jdk7u4/hotspot/src/share/vm/prims/jvm.cpp:1166
Event: 0.042 Thread 0x00007f47b4009000 Threw 0x00000007ac882258 at /HUDSON/workspace/jdk7u4-2-build-linux-amd64-product/jdk7u4/hotspot/src/share/vm/prims/jvm.cpp:1166
Event: 0.043 Thread 0x00007f47b4009000 Threw 0x00000007ac884450 at /HUDSON/workspace/jdk7u4-2-build-linux-amd64-product/jdk7u4/hotspot/src/share/vm/prims/jvm.cpp:1166
Event: 0.043 Thread 0x00007f47b4009000 Threw 0x00000007ac8888d8 at /HUDSON/workspace/jdk7u4-2-build-linux-amd64-product/jdk7u4/hotspot/src/share/vm/prims/jvm.cpp:1166
Event: 0.047 Thread 0x00007f47b4009000 Threw 0x00000007ac894128 at /HUDSON/workspace/jdk7u4-2-build-linux-amd64-product/jdk7u4/hotspot/src/share/vm/prims/jvm.cpp:1166
Event: 0.048 Thread 0x00007f47b4009000 Threw 0x00000007ac897e78 at /HUDSON/workspace/jdk7u4-2-build-linux-amd64-product/jdk7u4/hotspot/src/share/vm/prims/jvm.cpp:1166
Event: 0.049 Thread 0x00007f47b4009000 Threw 0x00000007ac89a8f0 at /HUDSON/workspace/jdk7u4-2-build-linux-amd64-product/jdk7u4/hotspot/src/share/vm/prims/jvm.cpp:1166

Events (10 events):
Event: 0.051 loading class 0x00007f47b4148be0
Event: 0.051 loading class 0x00007f47b4148be0 done
Event: 0.052 loading class 0x00007f47b41451a0
Event: 0.052 loading class 0x00007f47b41451a0 done
Event: 0.052 loading class 0x00007f47b4148c70
Event: 0.052 loading class 0x00007f47b4148c70 done
Event: 0.052 loading class 0x00007f47b414aec0
Event: 0.052 loading class 0x00007f47b414aec0 done
Event: 0.052 loading class 0x00007f47b411b400
Event: 0.053 loading class 0x00007f47b411b400 done


Dynamic libraries:
00400000-00401000 r-xp 00000000 08:02 29627988                           /usr/lib/jvm/jdk1.7.0_04/bin/java
00600000-00601000 rw-p 00000000 08:02 29627988                           /usr/lib/jvm/jdk1.7.0_04/bin/java
025c0000-025e1000 rw-p 00000000 00:00 0                                  [heap]
700600000-701ac0000 rw-p 00000000 00:00 0 
701ac0000-705800000 rw-p 00000000 00:00 0 
705800000-70ff00000 rw-p 00000000 00:00 0 
70ff00000-7ac800000 rw-p 00000000 00:00 0 
7ac800000-7b1b80000 rw-p 00000000 00:00 0 
7b1b80000-800000000 rw-p 00000000 00:00 0 
7f4748000000-7f4748021000 rw-p 00000000 00:00 0 
7f4748021000-7f474c000000 ---p 00000000 00:00 0 
7f474c000000-7f474c021000 rw-p 00000000 00:00 0 
7f474c021000-7f4750000000 ---p 00000000 00:00 0 
7f4750000000-7f475004e000 rw-p 00000000 00:00 0 
7f475004e000-7f4754000000 ---p 00000000 00:00 0 
7f4754000000-7f4754021000 rw-p 00000000 00:00 0 
7f4754021000-7f4758000000 ---p 00000000 00:00 0 
7f4758000000-7f4758021000 rw-p 00000000 00:00 0 
7f4758021000-7f475c000000 ---p 00000000 00:00 0 
7f475c000000-7f475c021000 rw-p 00000000 00:00 0 
7f475c021000-7f4760000000 ---p 00000000 00:00 0 
7f4760000000-7f4760021000 rw-p 00000000 00:00 0 
7f4760021000-7f4764000000 ---p 00000000 00:00 0 
7f4764000000-7f4764021000 rw-p 00000000 00:00 0 
7f4764021000-7f4768000000 ---p 00000000 00:00 0 
7f4768000000-7f4768021000 rw-p 00000000 00:00 0 
7f4768021000-7f476c000000 ---p 00000000 00:00 0 
7f4770000000-7f4770021000 rw-p 00000000 00:00 0 
7f4770021000-7f4774000000 ---p 00000000 00:00 0 
7f4778000000-7f4778021000 rw-p 00000000 00:00 0 
7f4778021000-7f477c000000 ---p 00000000 00:00 0 
7f4780000000-7f4780021000 rw-p 00000000 00:00 0 
7f4780021000-7f4784000000 ---p 00000000 00:00 0 
7f4788000000-7f4788021000 rw-p 00000000 00:00 0 
7f4788021000-7f478c000000 ---p 00000000 00:00 0 
7f4790000000-7f4790021000 rw-p 00000000 00:00 0 
7f4790021000-7f4794000000 ---p 00000000 00:00 0 
7f4798000000-7f4798021000 rw-p 00000000 00:00 0 
7f4798021000-7f479c000000 ---p 00000000 00:00 0 
7f47a0000000-7f47a0021000 rw-p 00000000 00:00 0 
7f47a0021000-7f47a4000000 ---p 00000000 00:00 0 
7f47a45f7000-7f47a47ed000 rw-p 00000000 00:00 0 
7f47a47ed000-7f47a47fd000 r-xp 00000000 08:02 34741734                   /usr/lib/jvm/jdk1.7.0_04/jre/lib/amd64/libnio.so
7f47a47fd000-7f47a49fd000 ---p 00010000 08:02 34741734                   /usr/lib/jvm/jdk1.7.0_04/jre/lib/amd64/libnio.so
7f47a49fd000-7f47a49fe000 rw-p 00010000 08:02 34741734                   /usr/lib/jvm/jdk1.7.0_04/jre/lib/amd64/libnio.so
7f47a49fe000-7f47a4a13000 r-xp 00000000 08:02 34741739                   /usr/lib/jvm/jdk1.7.0_04/jre/lib/amd64/libnet.so
7f47a4a13000-7f47a4c13000 ---p 00015000 08:02 34741739                   /usr/lib/jvm/jdk1.7.0_04/jre/lib/amd64/libnet.so
7f47a4c13000-7f47a4c14000 rw-p 00015000 08:02 34741739                   /usr/lib/jvm/jdk1.7.0_04/jre/lib/amd64/libnet.so
7f47a4c14000-7f47a4c15000 ---p 00000000 00:00 0 
7f47a4c15000-7f47a4d15000 rw-p 00000000 00:00 0 
7f47a4d15000-7f47a4d18000 ---p 00000000 00:00 0 
7f47a4d18000-7f47a4e16000 rw-p 00000000 00:00 0 
7f47a4e16000-7f47a4e19000 ---p 00000000 00:00 0 
7f47a4e19000-7f47a4f17000 rw-p 00000000 00:00 0 
7f47a4f17000-7f47a4f1a000 ---p 00000000 00:00 0 
7f47a4f1a000-7f47a5018000 rw-p 00000000 00:00 0 
7f47a5018000-7f47a501b000 ---p 00000000 00:00 0 
7f47a501b000-7f47a5119000 rw-p 00000000 00:00 0 
7f47a5119000-7f47a57fc000 r--p 00000000 08:02 30808157                   /usr/lib/locale/locale-archive
7f47a57fc000-7f47a57ff000 ---p 00000000 00:00 0 
7f47a57ff000-7f47a58fd000 rw-p 00000000 00:00 0 
7f47a58fd000-7f47a5900000 ---p 00000000 00:00 0 
7f47a5900000-7f47a59fe000 rw-p 00000000 00:00 0 
7f47a59fe000-7f47a59ff000 ---p 00000000 00:00 0 
7f47a59ff000-7f47b1000000 rw-p 00000000 00:00 0 
7f47b1000000-7f47b1270000 rwxp 00000000 00:00 0 
7f47b1270000-7f47b415c000 rw-p 00000000 00:00 0 
7f47b415c000-7f47b8000000 ---p 00000000 00:00 0 
7f47b80ae000-7f47b8857000 rw-p 00000000 00:00 0 
7f47b8857000-7f47b8a17000 r--s 03a2e000 08:02 30279738                   /usr/lib/jvm/jdk1.7.0_04/jre/lib/rt.jar
7f47b8a17000-7f47b8a3f000 rw-p 00000000 00:00 0 
7f47b8a3f000-7f47b8a40000 ---p 00000000 00:00 0 
7f47b8a40000-7f47b8b40000 rw-p 00000000 00:00 0 
7f47b8b40000-7f47b8b41000 ---p 00000000 00:00 0 
7f47b8b41000-7f47b8c41000 rw-p 00000000 00:00 0 
7f47b8c41000-7f47b8c42000 ---p 00000000 00:00 0 
7f47b8c42000-7f47b8d42000 rw-p 00000000 00:00 0 
7f47b8d42000-7f47b8d43000 ---p 00000000 00:00 0 
7f47b8d43000-7f47b8e43000 rw-p 00000000 00:00 0 
7f47b8e43000-7f47b8e44000 ---p 00000000 00:00 0 
7f47b8e44000-7f47b8f44000 rw-p 00000000 00:00 0 
7f47b8f44000-7f47b8f45000 ---p 00000000 00:00 0 
7f47b8f45000-7f47b9045000 rw-p 00000000 00:00 0 
7f47b9045000-7f47b9046000 ---p 00000000 00:00 0 
7f47b9046000-7f47b9146000 rw-p 00000000 00:00 0 
7f47b9146000-7f47b9147000 ---p 00000000 00:00 0 
7f47b9147000-7f47b9252000 rw-p 00000000 00:00 0 
7f47b9252000-7f47b9270000 rw-p 00000000 00:00 0 
7f47b9270000-7f47b92c4000 rw-p 00000000 00:00 0 
7f47b92c4000-7f47b97a8000 rw-p 00000000 00:00 0 
7f47b97a8000-7f47b97b3000 rw-p 00000000 00:00 0 
7f47b97b3000-7f47b97d1000 rw-p 00000000 00:00 0 
7f47b97d1000-7f47b9825000 rw-p 00000000 00:00 0 
7f47b9825000-7f47b9d09000 rw-p 00000000 00:00 0 
7f47b9d09000-7f47b9d33000 rw-p 00000000 00:00 0 
7f47b9d33000-7f47b9fa5000 rw-p 00000000 00:00 0 
7f47b9fa5000-7f47b9fa6000 rw-p 00000000 00:00 0 
7f47b9fa6000-7f47b9fc0000 r-xp 00000000 08:02 34741776                   /usr/lib/jvm/jdk1.7.0_04/jre/lib/amd64/libzip.so
7f47b9fc0000-7f47ba1c0000 ---p 0001a000 08:02 34741776                   /usr/lib/jvm/jdk1.7.0_04/jre/lib/amd64/libzip.so
7f47ba1c0000-7f47ba1c1000 rw-p 0001a000 08:02 34741776                   /usr/lib/jvm/jdk1.7.0_04/jre/lib/amd64/libzip.so
7f47ba1c1000-7f47ba1cd000 r-xp 00000000 08:02 6295070                    /lib/x86_64-linux-gnu/libnss_files-2.15.so
7f47ba1cd000-7f47ba3cc000 ---p 0000c000 08:02 6295070                    /lib/x86_64-linux-gnu/libnss_files-2.15.so
7f47ba3cc000-7f47ba3cd000 r--p 0000b000 08:02 6295070                    /lib/x86_64-linux-gnu/libnss_files-2.15.so
7f47ba3cd000-7f47ba3ce000 rw-p 0000c000 08:02 6295070                    /lib/x86_64-linux-gnu/libnss_files-2.15.so
7f47ba3ce000-7f47ba3d8000 r-xp 00000000 08:02 6295074                    /lib/x86_64-linux-gnu/libnss_nis-2.15.so
7f47ba3d8000-7f47ba5d8000 ---p 0000a000 08:02 6295074                    /lib/x86_64-linux-gnu/libnss_nis-2.15.so
7f47ba5d8000-7f47ba5d9000 r--p 0000a000 08:02 6295074                    /lib/x86_64-linux-gnu/libnss_nis-2.15.so
7f47ba5d9000-7f47ba5da000 rw-p 0000b000 08:02 6295074                    /lib/x86_64-linux-gnu/libnss_nis-2.15.so
7f47ba5da000-7f47ba5f1000 r-xp 00000000 08:02 6295064                    /lib/x86_64-linux-gnu/libnsl-2.15.so
7f47ba5f1000-7f47ba7f0000 ---p 00017000 08:02 6295064                    /lib/x86_64-linux-gnu/libnsl-2.15.so
7f47ba7f0000-7f47ba7f1000 r--p 00016000 08:02 6295064                    /lib/x86_64-linux-gnu/libnsl-2.15.so
7f47ba7f1000-7f47ba7f2000 rw-p 00017000 08:02 6295064                    /lib/x86_64-linux-gnu/libnsl-2.15.so
7f47ba7f2000-7f47ba7f4000 rw-p 00000000 00:00 0 
7f47ba7f4000-7f47ba7fc000 r-xp 00000000 08:02 6295066                    /lib/x86_64-linux-gnu/libnss_compat-2.15.so
7f47ba7fc000-7f47ba9fb000 ---p 00008000 08:02 6295066                    /lib/x86_64-linux-gnu/libnss_compat-2.15.so
7f47ba9fb000-7f47ba9fc000 r--p 00007000 08:02 6295066                    /lib/x86_64-linux-gnu/libnss_compat-2.15.so
7f47ba9fc000-7f47ba9fd000 rw-p 00008000 08:02 6295066                    /lib/x86_64-linux-gnu/libnss_compat-2.15.so
7f47ba9fd000-7f47baa26000 r-xp 00000000 08:02 34741764                   /usr/lib/jvm/jdk1.7.0_04/jre/lib/amd64/libjava.so
7f47baa26000-7f47bac26000 ---p 00029000 08:02 34741764                   /usr/lib/jvm/jdk1.7.0_04/jre/lib/amd64/libjava.so
7f47bac26000-7f47bac28000 rw-p 00029000 08:02 34741764                   /usr/lib/jvm/jdk1.7.0_04/jre/lib/amd64/libjava.so
7f47bac28000-7f47bac37000 r-xp 00000000 08:02 34741762                   /usr/lib/jvm/jdk1.7.0_04/jre/lib/amd64/libverify.so
7f47bac37000-7f47bae36000 ---p 0000f000 08:02 34741762                   /usr/lib/jvm/jdk1.7.0_04/jre/lib/amd64/libverify.so
7f47bae36000-7f47bae38000 rw-p 0000e000 08:02 34741762                   /usr/lib/jvm/jdk1.7.0_04/jre/lib/amd64/libverify.so
7f47bae38000-7f47bae3f000 r-xp 00000000 08:02 6295105                    /lib/x86_64-linux-gnu/librt-2.15.so
7f47bae3f000-7f47bb03e000 ---p 00007000 08:02 6295105                    /lib/x86_64-linux-gnu/librt-2.15.so
7f47bb03e000-7f47bb03f000 r--p 00006000 08:02 6295105                    /lib/x86_64-linux-gnu/librt-2.15.so
7f47bb03f000-7f47bb040000 rw-p 00007000 08:02 6295105                    /lib/x86_64-linux-gnu/librt-2.15.so
7f47bb040000-7f47bb139000 r-xp 00000000 08:02 6295051                    /lib/x86_64-linux-gnu/libm-2.15.so
7f47bb139000-7f47bb338000 ---p 000f9000 08:02 6295051                    /lib/x86_64-linux-gnu/libm-2.15.so
7f47bb338000-7f47bb339000 r--p 000f8000 08:02 6295051                    /lib/x86_64-linux-gnu/libm-2.15.so
7f47bb339000-7f47bb33a000 rw-p 000f9000 08:02 6295051                    /lib/x86_64-linux-gnu/libm-2.15.so
7f47bb33a000-7f47bbd7b000 r-xp 00000000 08:02 34741769                   /usr/lib/jvm/jdk1.7.0_04/jre/lib/amd64/server/libjvm.so
7f47bbd7b000-7f47bbf7a000 ---p 00a41000 08:02 34741769                   /usr/lib/jvm/jdk1.7.0_04/jre/lib/amd64/server/libjvm.so
7f47bbf7a000-7f47bc01e000 rw-p 00a40000 08:02 34741769                   /usr/lib/jvm/jdk1.7.0_04/jre/lib/amd64/server/libjvm.so
7f47bc01e000-7f47bc059000 rw-p 00000000 00:00 0 
7f47bc059000-7f47bc20c000 r-xp 00000000 08:02 6295019                    /lib/x86_64-linux-gnu/libc-2.15.so
7f47bc20c000-7f47bc40b000 ---p 001b3000 08:02 6295019                    /lib/x86_64-linux-gnu/libc-2.15.so
7f47bc40b000-7f47bc40f000 r--p 001b2000 08:02 6295019                    /lib/x86_64-linux-gnu/libc-2.15.so
7f47bc40f000-7f47bc411000 rw-p 001b6000 08:02 6295019                    /lib/x86_64-linux-gnu/libc-2.15.so
7f47bc411000-7f47bc416000 rw-p 00000000 00:00 0 
7f47bc416000-7f47bc418000 r-xp 00000000 08:02 6295032                    /lib/x86_64-linux-gnu/libdl-2.15.so
7f47bc418000-7f47bc618000 ---p 00002000 08:02 6295032                    /lib/x86_64-linux-gnu/libdl-2.15.so
7f47bc618000-7f47bc619000 r--p 00002000 08:02 6295032                    /lib/x86_64-linux-gnu/libdl-2.15.so
7f47bc619000-7f47bc61a000 rw-p 00003000 08:02 6295032                    /lib/x86_64-linux-gnu/libdl-2.15.so
7f47bc61a000-7f47bc630000 r-xp 00000000 08:02 34741744                   /usr/lib/jvm/jdk1.7.0_04/jre/lib/amd64/jli/libjli.so
7f47bc630000-7f47bc82f000 ---p 00016000 08:02 34741744                   /usr/lib/jvm/jdk1.7.0_04/jre/lib/amd64/jli/libjli.so
7f47bc82f000-7f47bc830000 rw-p 00015000 08:02 34741744                   /usr/lib/jvm/jdk1.7.0_04/jre/lib/amd64/jli/libjli.so
7f47bc830000-7f47bc848000 r-xp 00000000 08:02 6295099                    /lib/x86_64-linux-gnu/libpthread-2.15.so
7f47bc848000-7f47bca47000 ---p 00018000 08:02 6295099                    /lib/x86_64-linux-gnu/libpthread-2.15.so
7f47bca47000-7f47bca48000 r--p 00017000 08:02 6295099                    /lib/x86_64-linux-gnu/libpthread-2.15.so
7f47bca48000-7f47bca49000 rw-p 00018000 08:02 6295099                    /lib/x86_64-linux-gnu/libpthread-2.15.so
7f47bca49000-7f47bca4d000 rw-p 00000000 00:00 0 
7f47bca4d000-7f47bca6f000 r-xp 00000000 08:02 6294999                    /lib/x86_64-linux-gnu/ld-2.15.so
7f47bca89000-7f47bca93000 rw-p 00000000 00:00 0 
7f47bca93000-7f47bcb49000 rw-p 00000000 00:00 0 
7f47bcb49000-7f47bcb4c000 ---p 00000000 00:00 0 
7f47bcb4c000-7f47bcc4e000 rw-p 00000000 00:00 0 
7f47bcc5f000-7f47bcc61000 rw-p 00000000 00:00 0 
7f47bcc61000-7f47bcc62000 rw-s 00000000 08:02 30015737                   /home/nwhitehead/.apmrouter/apmrouter.data
7f47bcc62000-7f47bcc63000 rw-s 00000000 08:02 30015736                   /home/nwhitehead/.apmrouter/apmrouter.index
7f47bcc63000-7f47bcc6b000 rw-s 00000000 08:02 7475745                    /tmp/hsperfdata_nwhitehead/28717
7f47bcc6b000-7f47bcc6c000 rw-p 00000000 00:00 0 
7f47bcc6c000-7f47bcc6d000 r--p 00000000 00:00 0 
7f47bcc6d000-7f47bcc6f000 rw-p 00000000 00:00 0 
7f47bcc6f000-7f47bcc70000 r--p 00022000 08:02 6294999                    /lib/x86_64-linux-gnu/ld-2.15.so
7f47bcc70000-7f47bcc72000 rw-p 00023000 08:02 6294999                    /lib/x86_64-linux-gnu/ld-2.15.so
7fff48125000-7fff48146000 rw-p 00000000 00:00 0                          [stack]
7fff481fe000-7fff481ff000 r-xp 00000000 00:00 0                          [vdso]
ffffffffff600000-ffffffffff601000 r-xp 00000000 00:00 0                  [vsyscall]

VM Arguments:
jvm_args: -Dfile.encoding=UTF-8 
java_command: org.helios.apmrouter.metric.catalog.direct.ChronicleICEMetric
Launcher Type: SUN_STANDARD

Environment Variables:
PATH=/home/nwhitehead/bin:/usr/lib/lightdm/lightdm:/usr/local/sbin:/usr/local/bin:/usr/sbin:/usr/bin:/sbin:/bin:/usr/games
SHELL=/bin/bash
DISPLAY=:0

Signal Handlers:
SIGSEGV: [libjvm.so+0x8a0cb0], sa_mask[0]=0x7ffbfeff, sa_flags=0x10000004
SIGBUS: [libjvm.so+0x8a0cb0], sa_mask[0]=0x7ffbfeff, sa_flags=0x10000004
SIGFPE: [libjvm.so+0x73d630], sa_mask[0]=0x7ffbfeff, sa_flags=0x10000004
SIGPIPE: [libjvm.so+0x73d630], sa_mask[0]=0x7ffbfeff, sa_flags=0x10000004
SIGXFSZ: [libjvm.so+0x73d630], sa_mask[0]=0x7ffbfeff, sa_flags=0x10000004
SIGILL: [libjvm.so+0x73d630], sa_mask[0]=0x7ffbfeff, sa_flags=0x10000004
SIGUSR1: SIG_DFL, sa_mask[0]=0x00000000, sa_flags=0x00000000
SIGUSR2: [libjvm.so+0x73cf80], sa_mask[0]=0x00000004, sa_flags=0x10000004
SIGHUP: [libjvm.so+0x73f310], sa_mask[0]=0x7ffbfeff, sa_flags=0x10000004
SIGINT: [libjvm.so+0x73f310], sa_mask[0]=0x7ffbfeff, sa_flags=0x10000004
SIGTERM: [libjvm.so+0x73f310], sa_mask[0]=0x7ffbfeff, sa_flags=0x10000004
SIGQUIT: [libjvm.so+0x73f310], sa_mask[0]=0x7ffbfeff, sa_flags=0x10000004


---------------  S Y S T E M  ---------------

OS:wheezy/sid

uname:Linux 3.2.0-30-generic #48-Ubuntu SMP Fri Aug 24 16:52:48 UTC 2012 x86_64
libc:glibc 2.15 NPTL 2.15 
rlimit: STACK 8192k, CORE 0k, NPROC 128088, NOFILE 4096, AS infinity
load average:0.14 0.17 0.18

/proc/meminfo:
MemTotal:       16412920 kB
MemFree:        12416264 kB
Buffers:          263136 kB
Cached:          1433184 kB
SwapCached:            0 kB
Active:          2350016 kB
Inactive:        1239196 kB
Active(anon):    1894932 kB
Inactive(anon):    42268 kB
Active(file):     455084 kB
Inactive(file):  1196928 kB
Unevictable:          72 kB
Mlocked:              72 kB
SwapTotal:      31249404 kB
SwapFree:       31249404 kB
Dirty:             13388 kB
Writeback:             0 kB
AnonPages:       1893644 kB
Mapped:           284896 kB
Shmem:             43912 kB
Slab:             120192 kB
SReclaimable:      77612 kB
SUnreclaim:        42580 kB
KernelStack:        5800 kB
PageTables:        47644 kB
NFS_Unstable:          0 kB
Bounce:                0 kB
WritebackTmp:          0 kB
CommitLimit:    39455864 kB
Committed_AS:    7184200 kB
VmallocTotal:   34359738367 kB
VmallocUsed:      150736 kB
VmallocChunk:   34359579644 kB
HardwareCorrupted:     0 kB
AnonHugePages:         0 kB
HugePages_Total:       0
HugePages_Free:        0
HugePages_Rsvd:        0
HugePages_Surp:        0
Hugepagesize:       2048 kB
DirectMap4k:      147228 kB
DirectMap2M:    16609280 kB


CPU:total 8 (4 cores per cpu, 2 threads per core) family 6 model 42 stepping 7, cmov, cx8, fxsr, mmx, sse, sse2, sse3, ssse3, sse4.1, sse4.2, popcnt, avx, ht, tsc, tscinvbit

/proc/cpuinfo:
processor	: 0
vendor_id	: GenuineIntel
cpu family	: 6
model		: 42
model name	: Intel(R) Core(TM) i7-2860QM CPU @ 2.50GHz
stepping	: 7
microcode	: 0x1b
cpu MHz		: 2501.000
cache size	: 8192 KB
physical id	: 0
siblings	: 8
core id		: 0
cpu cores	: 4
apicid		: 0
initial apicid	: 0
fpu		: yes
fpu_exception	: yes
cpuid level	: 13
wp		: yes
flags		: fpu vme de pse tsc msr pae mce cx8 apic sep mtrr pge mca cmov pat pse36 clflush dts acpi mmx fxsr sse sse2 ss ht tm pbe syscall nx rdtscp lm constant_tsc arch_perfmon pebs bts rep_good nopl xtopology nonstop_tsc aperfmperf pni pclmulqdq dtes64 monitor ds_cpl vmx smx est tm2 ssse3 cx16 xtpr pdcm pcid sse4_1 sse4_2 x2apic popcnt tsc_deadline_timer aes xsave avx lahf_lm ida arat epb xsaveopt pln pts dtherm tpr_shadow vnmi flexpriority ept vpid
bogomips	: 4988.43
clflush size	: 64
cache_alignment	: 64
address sizes	: 36 bits physical, 48 bits virtual
power management:

processor	: 1
vendor_id	: GenuineIntel
cpu family	: 6
model		: 42
model name	: Intel(R) Core(TM) i7-2860QM CPU @ 2.50GHz
stepping	: 7
microcode	: 0x1b
cpu MHz		: 2501.000
cache size	: 8192 KB
physical id	: 0
siblings	: 8
core id		: 1
cpu cores	: 4
apicid		: 2
initial apicid	: 2
fpu		: yes
fpu_exception	: yes
cpuid level	: 13
wp		: yes
flags		: fpu vme de pse tsc msr pae mce cx8 apic sep mtrr pge mca cmov pat pse36 clflush dts acpi mmx fxsr sse sse2 ss ht tm pbe syscall nx rdtscp lm constant_tsc arch_perfmon pebs bts rep_good nopl xtopology nonstop_tsc aperfmperf pni pclmulqdq dtes64 monitor ds_cpl vmx smx est tm2 ssse3 cx16 xtpr pdcm pcid sse4_1 sse4_2 x2apic popcnt tsc_deadline_timer aes xsave avx lahf_lm ida arat epb xsaveopt pln pts dtherm tpr_shadow vnmi flexpriority ept vpid
bogomips	: 4988.44
clflush size	: 64
cache_alignment	: 64
address sizes	: 36 bits physical, 48 bits virtual
power management:

processor	: 2
vendor_id	: GenuineIntel
cpu family	: 6
model		: 42
model name	: Intel(R) Core(TM) i7-2860QM CPU @ 2.50GHz
stepping	: 7
microcode	: 0x1b
cpu MHz		: 2501.000
cache size	: 8192 KB
physical id	: 0
siblings	: 8
core id		: 2
cpu cores	: 4
apicid		: 4
initial apicid	: 4
fpu		: yes
fpu_exception	: yes
cpuid level	: 13
wp		: yes
flags		: fpu vme de pse tsc msr pae mce cx8 apic sep mtrr pge mca cmov pat pse36 clflush dts acpi mmx fxsr sse sse2 ss ht tm pbe syscall nx rdtscp lm constant_tsc arch_perfmon pebs bts rep_good nopl xtopology nonstop_tsc aperfmperf pni pclmulqdq dtes64 monitor ds_cpl vmx smx est tm2 ssse3 cx16 xtpr pdcm pcid sse4_1 sse4_2 x2apic popcnt tsc_deadline_timer aes xsave avx lahf_lm ida arat epb xsaveopt pln pts dtherm tpr_shadow vnmi flexpriority ept vpid
bogomips	: 4988.44
clflush size	: 64
cache_alignment	: 64
address sizes	: 36 bits physical, 48 bits virtual
power management:

processor	: 3
vendor_id	: GenuineIntel
cpu family	: 6
model		: 42
model name	: Intel(R) Core(TM) i7-2860QM CPU @ 2.50GHz
stepping	: 7
microcode	: 0x1b
cpu MHz		: 2501.000
cache size	: 8192 KB
physical id	: 0
siblings	: 8
core id		: 3
cpu cores	: 4
apicid		: 6
initial apicid	: 6
fpu		: yes
fpu_exception	: yes
cpuid level	: 13
wp		: yes
flags		: fpu vme de pse tsc msr pae mce cx8 apic sep mtrr pge mca cmov pat pse36 clflush dts acpi mmx fxsr sse sse2 ss ht tm pbe syscall nx rdtscp lm constant_tsc arch_perfmon pebs bts rep_good nopl xtopology nonstop_tsc aperfmperf pni pclmulqdq dtes64 monitor ds_cpl vmx smx est tm2 ssse3 cx16 xtpr pdcm pcid sse4_1 sse4_2 x2apic popcnt tsc_deadline_timer aes xsave avx lahf_lm ida arat epb xsaveopt pln pts dtherm tpr_shadow vnmi flexpriority ept vpid
bogomips	: 4988.44
clflush size	: 64
cache_alignment	: 64
address sizes	: 36 bits physical, 48 bits virtual
power management:

processor	: 4
vendor_id	: GenuineIntel
cpu family	: 6
model		: 42
model name	: Intel(R) Core(TM) i7-2860QM CPU @ 2.50GHz
stepping	: 7
microcode	: 0x1b
cpu MHz		: 2501.000
cache size	: 8192 KB
physical id	: 0
siblings	: 8
core id		: 0
cpu cores	: 4
apicid		: 1
initial apicid	: 1
fpu		: yes
fpu_exception	: yes
cpuid level	: 13
wp		: yes
flags		: fpu vme de pse tsc msr pae mce cx8 apic sep mtrr pge mca cmov pat pse36 clflush dts acpi mmx fxsr sse sse2 ss ht tm pbe syscall nx rdtscp lm constant_tsc arch_perfmon pebs bts rep_good nopl xtopology nonstop_tsc aperfmperf pni pclmulqdq dtes64 monitor ds_cpl vmx smx est tm2 ssse3 cx16 xtpr pdcm pcid sse4_1 sse4_2 x2apic popcnt tsc_deadline_timer aes xsave avx lahf_lm ida arat epb xsaveopt pln pts dtherm tpr_shadow vnmi flexpriority ept vpid
bogomips	: 4988.43
clflush size	: 64
cache_alignment	: 64
address sizes	: 36 bits physical, 48 bits virtual
power management:

processor	: 5
vendor_id	: GenuineIntel
cpu family	: 6
model		: 42
model name	: Intel(R) Core(TM) i7-2860QM CPU @ 2.50GHz
stepping	: 7
microcode	: 0x1b
cpu MHz		: 2501.000
cache size	: 8192 KB
physical id	: 0
siblings	: 8
core id		: 1
cpu cores	: 4
apicid		: 3
initial apicid	: 3
fpu		: yes
fpu_exception	: yes
cpuid level	: 13
wp		: yes
flags		: fpu vme de pse tsc msr pae mce cx8 apic sep mtrr pge mca cmov pat pse36 clflush dts acpi mmx fxsr sse sse2 ss ht tm pbe syscall nx rdtscp lm constant_tsc arch_perfmon pebs bts rep_good nopl xtopology nonstop_tsc aperfmperf pni pclmulqdq dtes64 monitor ds_cpl vmx smx est tm2 ssse3 cx16 xtpr pdcm pcid sse4_1 sse4_2 x2apic popcnt tsc_deadline_timer aes xsave avx lahf_lm ida arat epb xsaveopt pln pts dtherm tpr_shadow vnmi flexpriority ept vpid
bogomips	: 4988.43
clflush size	: 64
cache_alignment	: 64
address sizes	: 36 bits physical, 48 bits virtual
power management:

processor	: 6
vendor_id	: GenuineIntel
cpu family	: 6
model		: 42
model name	: Intel(R) Core(TM) i7-2860QM CPU @ 2.50GHz
stepping	: 7
microcode	: 0x1b
cpu MHz		: 2501.000
cache size	: 8192 KB
physical id	: 0
siblings	: 8
core id		: 2
cpu cores	: 4
apicid		: 5
initial apicid	: 5
fpu		: yes
fpu_exception	: yes
cpuid level	: 13
wp		: yes
flags		: fpu vme de pse tsc msr pae mce cx8 apic sep mtrr pge mca cmov pat pse36 clflush dts acpi mmx fxsr sse sse2 ss ht tm pbe syscall nx rdtscp lm constant_tsc arch_perfmon pebs bts rep_good nopl xtopology nonstop_tsc aperfmperf pni pclmulqdq dtes64 monitor ds_cpl vmx smx est tm2 ssse3 cx16 xtpr pdcm pcid sse4_1 sse4_2 x2apic popcnt tsc_deadline_timer aes xsave avx lahf_lm ida arat epb xsaveopt pln pts dtherm tpr_shadow vnmi flexpriority ept vpid
bogomips	: 4988.44
clflush size	: 64
cache_alignment	: 64
address sizes	: 36 bits physical, 48 bits virtual
power management:

processor	: 7
vendor_id	: GenuineIntel
cpu family	: 6
model		: 42
model name	: Intel(R) Core(TM) i7-2860QM CPU @ 2.50GHz
stepping	: 7
microcode	: 0x1b
cpu MHz		: 2501.000
cache size	: 8192 KB
physical id	: 0
siblings	: 8
core id		: 3
cpu cores	: 4
apicid		: 7
initial apicid	: 7
fpu		: yes
fpu_exception	: yes
cpuid level	: 13
wp		: yes
flags		: fpu vme de pse tsc msr pae mce cx8 apic sep mtrr pge mca cmov pat pse36 clflush dts acpi mmx fxsr sse sse2 ss ht tm pbe syscall nx rdtscp lm constant_tsc arch_perfmon pebs bts rep_good nopl xtopology nonstop_tsc aperfmperf pni pclmulqdq dtes64 monitor ds_cpl vmx smx est tm2 ssse3 cx16 xtpr pdcm pcid sse4_1 sse4_2 x2apic popcnt tsc_deadline_timer aes xsave avx lahf_lm ida arat epb xsaveopt pln pts dtherm tpr_shadow vnmi flexpriority ept vpid
bogomips	: 4988.44
clflush size	: 64
cache_alignment	: 64
address sizes	: 36 bits physical, 48 bits virtual
power management:



Memory: 4k page, physical 16412920k(12416264k free), swap 31249404k(31249404k free)

vm_info: Java HotSpot(TM) 64-Bit Server VM (23.0-b21) for linux-amd64 JRE (1.7.0_04-b20), built on Apr 12 2012 01:59:40 by "java_re" with gcc 4.3.0 20080428 (Red Hat 4.3.0-8)

time: Sat Sep  1 13:16:47 2012
elapsed time: 0 seconds

