#
# A fatal error has been detected by the Java Runtime Environment:
#
#  EXCEPTION_ACCESS_VIOLATION (0xc0000005) at pc=0x000000006778c150, pid=6920, tid=1532
#
# JRE version: 7.0_02-b13
# Java VM: Java HotSpot(TM) 64-Bit Server VM (22.0-b10 mixed mode windows-amd64 compressed oops)
# Problematic frame:
# C  [msvcr100.dll+0x3c150]
#
# Failed to write core dump. Minidumps are not enabled by default on client versions of Windows
#
# If you would like to submit a bug report, please visit:
#   http://bugreport.sun.com/bugreport/crash.jsp
#

---------------  T H R E A D  ---------------

Current thread (0x000000000b134800):  JavaThread "CollectionFunnelThread#12" daemon [_thread_in_vm, id=1532, stack(0x000000000bbb0000,0x000000000bcb0000)]

siginfo: ExceptionCode=0xc0000005, reading address 0x000000000b15c08d

Registers:
RAX=0x000000078bfdffff, RBX=0x000000000b134800, RCX=0x0000000781ec440e, RDX=0xfffffff889297c7f
RSP=0x000000000bcaf5e8, RBP=0x0000000000000000, RSI=0x00000000000003b7, RDI=0x0000000781ec4048
R8 =0x00000000000003b7, R9 =0x0000000781ec4058, R10=0x00000000028c21bc, R11=0x0000000781ec4058
R12=0x000000000b15bcd7, R13=0x000000067aefa7b8, R14=0x000000000bcaf768, R15=0x000000000b134800
RIP=0x000000006778c150, EFLAGS=0x0000000000010202

Top of Stack: (sp=0x000000000bcaf5e8)
0x000000000bcaf5e8:   000000006725ca46 000000067b57ed7a
0x000000000bcaf5f8:   000000000bcaf640 000000067b587910
0x000000000bcaf608:   0000000000000000 000000067b57edd0
0x000000000bcaf618:   00000000671fbc00 000000000bcaf638
0x000000000bcaf628:   000000000bcaf688 00000000028b6038
0x000000000bcaf638:   0000000000000000 0000000781ec3f58
0x000000000bcaf648:   0000000000000000 0000000000000000
0x000000000bcaf658:   00000000028c21e9 00000000028b6038
0x000000000bcaf668:   000000067aefa7b8 000000000bcaf708
0x000000000bcaf678:   00000000cf605d91 000000000bcaf748
0x000000000bcaf688:   0000000000000010 00000000000003b7
0x000000000bcaf698:   0000000000000001 000000000b134800
0x000000000bcaf6a8:   0000000781ec3f58 000000000b134800
0x000000000bcaf6b8:   000000006715adeb 000000000992eb98
0x000000000bcaf6c8:   000000000bcaf6c8 0000000000000000
0x000000000bcaf6d8:   000000000bcaf768 000000067aefd630 

Instructions: (pc=0x000000006778c150)
0x000000006778c130:   66 66 66 90 66 66 66 90 66 90 49 03 c8 49 83 f8
0x000000006778c140:   08 72 61 f6 c1 07 74 36 f6 c1 01 74 0b 48 ff c9
0x000000006778c150:   8a 04 0a 49 ff c8 88 01 f6 c1 02 74 0f 48 83 e9
0x000000006778c160:   02 66 8b 04 0a 49 83 e8 02 66 89 01 f6 c1 04 74 


Register to memory mapping:

RAX=0x000000078bfdffff is an unallocated location in the heap
RBX=0x000000000b134800 is a thread
RCX=0x0000000781ec440e is an unknown value
RDX=0xfffffff889297c7f is an unknown value
RSP=0x000000000bcaf5e8 is pointing into the stack for thread: 0x000000000b134800
RBP=0x0000000000000000 is an unknown value
RSI=0x00000000000003b7 is an unknown value
RDI=0x0000000781ec4048 is an oop
[B 
 - klass: {type array byte}
 - length: 951
R8 =0x00000000000003b7 is an unknown value
R9 =0x0000000781ec4058 is an unknown value
R10=0x00000000028c21bc is an Interpreter codelet
method entry point (kind = native)  [0x00000000028c1f40, 0x00000000028c27c0]  2176 bytes
R11=0x0000000781ec4058 is an unknown value
R12=0x000000000b15bcd7 is an unknown value
R13=0x000000067aefa7b8 is an oop
{method} 
 - klass: {other class}
R14=0x000000000bcaf768 is pointing into the stack for thread: 0x000000000b134800
R15=0x000000000b134800 is a thread


Stack: [0x000000000bbb0000,0x000000000bcb0000],  sp=0x000000000bcaf5e8,  free space=1021k
Native frames: (J=compiled Java code, j=interpreted, Vv=VM code, C=native code)
C  [msvcr100.dll+0x3c150]  memcpy+0x1c0

[error occurred during error reporting (printing native stack), id 0xc0000005]

Java frames: (J=compiled Java code, j=interpreted, Vv=VM code)
j  sun.misc.Unsafe.copyMemory(Ljava/lang/Object;JLjava/lang/Object;JJ)V+0
j  org.helios.apmrouter.trace.DirectMetricCollection.toChannelBuffer()Lorg/jboss/netty/buffer/ChannelBuffer;+39
j  org.helios.apmrouter.sender.netty.UDPSender.send(Lorg/helios/apmrouter/trace/DirectMetricCollection;)V+67
j  org.helios.apmrouter.trace.DirectMetricCollection.run()V+7
j  java.util.concurrent.ThreadPoolExecutor.runWorker(Ljava/util/concurrent/ThreadPoolExecutor$Worker;)V+46
j  java.util.concurrent.ThreadPoolExecutor$Worker.run()V+5
j  java.lang.Thread.run()V+11
v  ~StubRoutines::call_stub

---------------  P R O C E S S  ---------------

Java Threads: ( => current thread )
  0x000000000b135000 JavaThread "New I/O  worker #1" daemon [_thread_in_native, id=368, stack(0x000000000bda0000,0x000000000bea0000)]
=>0x000000000b134800 JavaThread "CollectionFunnelThread#12" daemon [_thread_in_vm, id=1532, stack(0x000000000bbb0000,0x000000000bcb0000)]
  0x000000000b133800 JavaThread "CollectionFunnelThread#11" daemon [_thread_blocked, id=3624, stack(0x000000000b830000,0x000000000b930000)]
  0x000000000b133000 JavaThread "CollectionFunnelThread#10" daemon [_thread_blocked, id=9668, stack(0x000000000ba80000,0x000000000bb80000)]
  0x000000000b0df800 JavaThread "CollectionFunnelThread#9" daemon [_thread_blocked, id=8900, stack(0x000000000b970000,0x000000000ba70000)]
  0x0000000009822000 JavaThread "CollectionFunnelThread#8" daemon [_thread_blocked, id=8064, stack(0x000000000aed0000,0x000000000afd0000)]
  0x0000000009840000 JavaThread "CollectionFunnelThread#7" daemon [_thread_blocked, id=4380, stack(0x000000000ac90000,0x000000000ad90000)]
  0x00000000097a0800 JavaThread "CollectionFunnelThread#6" daemon [_thread_blocked, id=10880, stack(0x000000000ab10000,0x000000000ac10000)]
  0x000000000986f800 JavaThread "CollectionFunnelThread#5" daemon [_thread_blocked, id=2968, stack(0x000000000a970000,0x000000000aa70000)]
  0x000000000979f800 JavaThread "CollectionFunnelThread#4" daemon [_thread_blocked, id=1380, stack(0x000000000a660000,0x000000000a760000)]
  0x00000000097ba800 JavaThread "CollectionFunnelThread#3" daemon [_thread_blocked, id=9460, stack(0x000000000a7f0000,0x000000000a8f0000)]
  0x00000000097b9800 JavaThread "CollectionFunnelThread#2" daemon [_thread_blocked, id=9376, stack(0x000000000a380000,0x000000000a480000)]
  0x000000000974d800 JavaThread "CollectionFunnelThread#1" daemon [_thread_blocked, id=12004, stack(0x000000000a550000,0x000000000a650000)]
  0x00000000096b4000 JavaThread "DEBUG STOP THREAD" [_thread_blocked, id=10932, stack(0x000000000a1b0000,0x000000000a2b0000)]
  0x0000000009651800 JavaThread "CollectionFunnelTimer" daemon [_thread_blocked, id=10764, stack(0x0000000009d60000,0x0000000009e60000)]
  0x0000000007cfb000 JavaThread "Service Thread" daemon [_thread_blocked, id=9068, stack(0x00000000093c0000,0x00000000094c0000)]
  0x0000000007cf8800 JavaThread "C2 CompilerThread1" daemon [_thread_blocked, id=11396, stack(0x0000000009130000,0x0000000009230000)]
  0x0000000007ce0000 JavaThread "C2 CompilerThread0" daemon [_thread_blocked, id=10092, stack(0x0000000008fb0000,0x00000000090b0000)]
  0x0000000007cdb000 JavaThread "Attach Listener" daemon [_thread_blocked, id=10112, stack(0x00000000088c0000,0x00000000089c0000)]
  0x0000000007cd8000 JavaThread "Signal Dispatcher" daemon [_thread_blocked, id=8928, stack(0x0000000008e60000,0x0000000008f60000)]
  0x0000000007c52800 JavaThread "Finalizer" daemon [_thread_blocked, id=360, stack(0x0000000008d00000,0x0000000008e00000)]
  0x0000000007c4b000 JavaThread "Reference Handler" daemon [_thread_blocked, id=9048, stack(0x0000000008b10000,0x0000000008c10000)]
  0x0000000001d2c800 JavaThread "main" [_thread_in_Java, id=11020, stack(0x00000000027b0000,0x00000000028b0000)]

Other Threads:
  0x0000000007c43800 VMThread [stack: 0x00000000089d0000,0x0000000008ad0000] [id=8668]
  0x0000000007d0c000 WatcherThread [stack: 0x00000000094f0000,0x00000000095f0000] [id=8376]

VM state:not at safepoint (normal execution)

VM Mutex/Monitor currently owned by a thread: None

Heap
 PSYoungGen      total 114688K, used 53137K [0x0000000780000000, 0x0000000788000000, 0x0000000800000000)
  eden space 98304K, 54% used [0x0000000780000000,0x00000007833e4498,0x0000000786000000)
  from space 16384K, 0% used [0x0000000787000000,0x0000000787000000,0x0000000788000000)
  to   space 16384K, 0% used [0x0000000786000000,0x0000000786000000,0x0000000787000000)
 PSOldGen        total 262144K, used 0K [0x0000000680000000, 0x0000000690000000, 0x0000000780000000)
  object space 262144K, 0% used [0x0000000680000000,0x0000000680000000,0x0000000690000000)
 PSPermGen       total 21248K, used 7742K [0x000000067ae00000, 0x000000067c2c0000, 0x0000000680000000)
  object space 21248K, 36% used [0x000000067ae00000,0x000000067b58fbb0,0x000000067c2c0000)

Code Cache  [0x00000000028b0000, 0x0000000002b20000, 0x00000000058b0000)
 total_blobs=318 nmethods=60 adapters=210 free_code_cache=48632Kb largest_free_block=49782400

Dynamic libraries:
0x000000013faf0000 - 0x000000013fb23000 	C:\Java\jdk1.7.0_02\bin\javaw.exe
0x0000000076e30000 - 0x0000000076fdc000 	C:\Windows\SYSTEM32\ntdll.dll
0x0000000076d10000 - 0x0000000076e2f000 	C:\Windows\system32\kernel32.dll
0x000007fefd500000 - 0x000007fefd56c000 	C:\Windows\system32\KERNELBASE.dll
0x000007fefef40000 - 0x000007feff01b000 	C:\Windows\system32\ADVAPI32.dll
0x000007fefd670000 - 0x000007fefd70f000 	C:\Windows\system32\msvcrt.dll
0x000007fefe7f0000 - 0x000007fefe80f000 	C:\Windows\SYSTEM32\sechost.dll
0x000007fefee10000 - 0x000007fefef3e000 	C:\Windows\system32\RPCRT4.dll
0x0000000076ac0000 - 0x0000000076bba000 	C:\Windows\system32\USER32.dll
0x000007fefea90000 - 0x000007fefeaf7000 	C:\Windows\system32\GDI32.dll
0x000007fefe4d0000 - 0x000007fefe4de000 	C:\Windows\system32\LPK.dll
0x000007fefe920000 - 0x000007fefe9ea000 	C:\Windows\system32\USP10.dll
0x000007fefbb90000 - 0x000007fefbd84000 	C:\Windows\WinSxS\amd64_microsoft.windows.common-controls_6595b64144ccf1df_6.0.7600.16661_none_fa62ad231704eab7\COMCTL32.dll
0x000007fefea10000 - 0x000007fefea81000 	C:\Windows\system32\SHLWAPI.dll
0x000007fefd710000 - 0x000007fefd73e000 	C:\Windows\system32\IMM32.DLL
0x000007fefe810000 - 0x000007fefe919000 	C:\Windows\system32\MSCTF.dll
0x000007fefd280000 - 0x000007fefd297000 	C:\Windows\system32\AMINIT64.DLL
0x0000000067750000 - 0x0000000067821000 	C:\Java\jdk1.7.0_02\jre\bin\msvcr100.dll
0x0000000067070000 - 0x000000006774a000 	C:\Java\jdk1.7.0_02\jre\bin\server\jvm.dll
0x000007fefcc90000 - 0x000007fefcc99000 	C:\Windows\system32\WSOCK32.dll
0x000007fefedc0000 - 0x000007fefee0d000 	C:\Windows\system32\WS2_32.dll
0x000007fefeb00000 - 0x000007fefeb08000 	C:\Windows\system32\NSI.dll
0x000007fefb2a0000 - 0x000007fefb2db000 	C:\Windows\system32\WINMM.dll
0x0000000076ff0000 - 0x0000000076ff7000 	C:\Windows\system32\PSAPI.DLL
0x000000006f240000 - 0x000000006f24f000 	C:\Java\jdk1.7.0_02\jre\bin\verify.dll
0x000000006f210000 - 0x000000006f238000 	C:\Java\jdk1.7.0_02\jre\bin\java.dll
0x000000006f180000 - 0x000000006f195000 	C:\Java\jdk1.7.0_02\jre\bin\zip.dll
0x000000006ae60000 - 0x000000006ae6b000 	C:\Java\jdk1.7.0_02\jre\bin\management.dll
0x000000006f160000 - 0x000000006f179000 	C:\Java\jdk1.7.0_02\jre\bin\net.dll
0x000007fefca90000 - 0x000007fefcae4000 	C:\Windows\system32\mswsock.dll
0x000007fefcd00000 - 0x000007fefcd07000 	C:\Windows\System32\wship6.dll
0x000000006f140000 - 0x000000006f151000 	C:\Java\jdk1.7.0_02\jre\bin\nio.dll
0x000007fefb350000 - 0x000007fefb365000 	C:\Windows\system32\NLAapi.dll
0x000007fefc8f0000 - 0x000007fefc94b000 	C:\Windows\system32\DNSAPI.dll
0x000007fefa090000 - 0x000007fefa09b000 	C:\Windows\System32\winrnr.dll
0x000007fefa070000 - 0x000007fefa085000 	C:\Windows\system32\napinsp.dll
0x000007fefa020000 - 0x000007fefa039000 	C:\Windows\system32\pnrpnsp.dll
0x0000000074470000 - 0x00000000744a5000 	C:\Program Files\Bonjour\mdnsNSP.dll
0x000007fefaec0000 - 0x000007fefaee7000 	C:\Windows\system32\Iphlpapi.DLL
0x000007fefad80000 - 0x000007fefad8b000 	C:\Windows\system32\WINNSI.DLL
0x000007fefc370000 - 0x000007fefc377000 	C:\Windows\System32\wshtcpip.dll
0x000007fefa0a0000 - 0x000007fefa0a8000 	C:\Windows\system32\rasadhlp.dll
0x000007fefac80000 - 0x000007fefacd3000 	C:\Windows\System32\fwpuclnt.dll
0x000007fefcc20000 - 0x000007fefcc37000 	C:\Windows\system32\CRYPTSP.dll
0x000007fefc800000 - 0x000007fefc847000 	C:\Windows\system32\rsaenh.dll
0x000007fefc730000 - 0x000007fefc74e000 	C:\Windows\system32\USERENV.dll
0x000007fefd2a0000 - 0x000007fefd2af000 	C:\Windows\system32\profapi.dll
0x000007fefd170000 - 0x000007fefd17f000 	C:\Windows\system32\CRYPTBASE.dll
0x000007fef8550000 - 0x000007fef8675000 	C:\Windows\system32\dbghelp.dll

VM Arguments:
jvm_args: -Ddebug-stop=10000 -Dfile.encoding=Cp1252 
java_command: org.helios.apmrouter.trace.TracerFactory
Launcher Type: SUN_STANDARD

Environment Variables:
JAVA_HOME=C:\Java\jdk1.6.0_21
CLASSPATH=.;C:\Program Files (x86)\Java\jre6\lib\ext\QTJava.zip
PATH=c:\tools\git\bin;C:\Java\jdk1.6.0_21\bin;C:\tools\SlikSvn\bin\;C:\csvn\bin\;C:\csvn\Python25\;C:\oracle\app\nwhitehe\product\11.2.0\dbhome_1\bin;C:\Windows\system32;C:\Windows;C:\Windows\System32\Wbem;C:\Windows\System32\WindowsPowerShell\v1.0\;c:\Program Files (x86)\ATI Technologies\ATI.ACE\Core-Static;C:\Program Files (x86)\NTRU Cryptosystems\NTRU TCG Software Stack\bin\;C:\Program Files\NTRU Cryptosystems\NTRU TCG Software Stack\bin\;C:\Program Files\Wave Systems Corp\Gemalto\Access Client\v5\;C:\tools\Mercurial\;C:\libs\java\ant\apache-ant-1.8.0\bin;c:\cygwin\bin;c:\java\jdk1.6.0_21;c:\groovy\Groovy-1.7.4\bin;C:\libs\java\apache-maven-2.2.1\bin;c:\tools\exploder\bin;C:\tools\StarTeam2009\SDK\StarTeam SDK 11.0\Lib;C:\tools\StarTeam2009\SDK\StarTeam SDK 11.0\Bin;C:\tools\TortoiseHg\;C:\Program Files (x86)\Enterprise Vault\EVClient\;C:\tools\strawberry\c\bin;C:\tools\strawberry\perl\site\bin;C:\tools\strawberry\perl\bin;C:\Program Files (x86)\QuickTime\QTSystem\;C:\tools\GnuPG\pub;C:\tools\Graphviz\bin;C:\Tools\TortoiseGit\bin;C:\Groovy\Groovy-1.8.5\bin;c:\Program Files\Microsoft Windows Performance Toolkit\;c:\Program Files (x86)\Microsoft SQL Server\100\Tools\Binn\;c:\Program Files\Microsoft SQL Server\100\Tools\Binn\;c:\Program Files\Microsoft SQL Server\100\DTS\Binn\;C:\Go\bin;C:\tools\Lua\5.1;C:\tools\Lua\5.1\clibs;C:\tools\UltraEdit\;C:\tools\UltraCompare\
USERNAME=nwhitehe
OS=Windows_NT
PROCESSOR_IDENTIFIER=Intel64 Family 6 Model 44 Stepping 2, GenuineIntel



---------------  S Y S T E M  ---------------

OS: Windows 7 , 64 bit Build 7600 

CPU:total 12 (6 cores per cpu, 2 threads per core) family 6 model 44 stepping 2, cmov, cx8, fxsr, mmx, sse, sse2, sse3, ssse3, sse4.1, sse4.2, popcnt, ht

Memory: 4k page, physical 25163320k(13570000k free), swap 50324740k(30496100k free)

vm_info: Java HotSpot(TM) 64-Bit Server VM (22.0-b10) for windows-amd64 JRE (1.7.0_02-b13), built on Nov 17 2011 13:51:15 by "java_re" with unknown MS VC++:1600

time: Wed Sep 12 16:55:13 2012
elapsed time: 0 seconds

