#
# A fatal error has been detected by the Java Runtime Environment:
#
#  SIGSEGV (0xb) at pc=0x00007f805f55aac4, pid=18122, tid=140187929593600
#
# JRE version: 7.0_04-b20
# Java VM: Java HotSpot(TM) 64-Bit Server VM (23.0-b21 mixed mode linux-amd64 compressed oops)
# Problematic frame:
# V  [libjvm.so+0x881ac4]  Unsafe_GetNativeInt+0x74
#
# Failed to write core dump. Core dumps have been disabled. To enable core dumping, try "ulimit -c unlimited" before starting Java again
#
# If you would like to submit a bug report, please visit:
#   http://bugreport.sun.com/bugreport/crash.jsp
#

---------------  T H R E A D  ---------------

Current thread (0x00007f80581b8000):  JavaThread "CollectionFunnelThread#4" daemon [_thread_in_vm, id=18149, stack(0x00007f800baec000,0x00007f800bbed000)]

siginfo:si_signo=SIGSEGV: si_errno=0, si_code=1 (SEGV_MAPERR), si_addr=0x00007f80b0448400

Registers:
RAX=0x00007f80581b8000, RBX=0x00007f800bbebb10, RCX=0x00007f80603e72c0, RDX=0x00007f800bbeca20
RSP=0x00007f800bbeb5b0, RBP=0x00007f800bbeb5e0, RSI=0x0000000000000001, RDI=0x0000000000000010
R8 =0x0000000000000000, R9 =0x00007f7ff01ddc97, R10=0x00007f8055011f64, R11=0x00007f805f4a3460
R12=0x00007f80b0448400, R13=0x00000007006e9de0, R14=0x00007f800bbeb5b0, R15=0x00007f80581b8000
RIP=0x00007f805f55aac4, EFLAGS=0x0000000000010246, CSGSFS=0x0000000000000033, ERR=0x0000000000000004
  TRAPNO=0x000000000000000e

Top of Stack: (sp=0x00007f800bbeb5b0)
0x00007f800bbeb5b0:   00007f80581b8000 0000000000000000
0x00007f800bbeb5c0:   00000007006e9de0 0000000000000000
0x00007f800bbeb5d0:   00000007006e9de0 00007f800bbeb680
0x00007f800bbeb5e0:   00007f800bbeb650 00007f8055011f90
0x00007f800bbeb5f0:   00000007ac8118e8 00007f800bbeb5f8
0x00007f800bbeb600:   0000000000000000 00007f800bbeb668
0x00007f800bbeb610:   00007f800bbeb610 0000000000000000
0x00007f800bbeb620:   00007f800bbeb680 00000007006ed890
0x00007f800bbeb630:   0000000000000000 00000007006e9de0
0x00007f800bbeb640:   0000000000000000 00007f800bbeb670
0x00007f800bbeb650:   00007f800bbeb6c8 00007f80550062d4
0x00007f800bbeb660:   0000000000000000 00007f805500edd6
0x00007f800bbeb670:   00007f80b0448400 0000000700a60112
0x00007f800bbeb680:   00000007ac8118e8 00007f800bbeb688
0x00007f800bbeb690:   0000000700cbf7d8 00007f800bbeb6d8
0x00007f800bbeb6a0:   0000000700cc0520 0000000000000000
0x00007f800bbeb6b0:   0000000700cbf7f0 00007f800bbeb670
0x00007f800bbeb6c0:   00007f800bbeb6d8 00007f800bbeb728
0x00007f800bbeb6d0:   00007f80550062d4 00000007ad32ced8
0x00007f800bbeb6e0:   00000007ad32ced8 00007f800bbeb6e8
0x00007f800bbeb6f0:   0000000700cbf6cf 00007f800bbeb738
0x00007f800bbeb700:   0000000700cc0520 0000000000000000
0x00007f800bbeb710:   0000000700cbf6f8 00007f800bbeb6d8
0x00007f800bbeb720:   00007f800bbeb738 00007f800bbeb780
0x00007f800bbeb730:   00007f8055006450 00000007ad32ced8
0x00007f800bbeb740:   00007f800bbeb740 0000000700cbe600
0x00007f800bbeb750:   00007f800bbeb798 0000000700cc0800
0x00007f800bbeb760:   0000000000000000 0000000700cbe640
0x00007f800bbeb770:   00007f800bbeb738 00007f800bbeb798
0x00007f800bbeb780:   00007f800bbeb7e0 00007f8055006333
0x00007f800bbeb790:   0000000000000000 00000007ad32ced8
0x00007f800bbeb7a0:   00007f800bbeb7a0 0000000700cbe7f9 

Instructions: (pc=0x00007f805f55aac4)
0x00007f805f55aaa4:   89 f7 e8 d5 70 ef ff 48 8b 05 6e e5 43 00 8b 38
0x00007f805f55aab4:   e8 1f 74 91 ff 48 8b 5b 48 c6 80 74 02 00 00 01
0x00007f805f55aac4:   45 8b 2c 24 c6 80 74 02 00 00 00 48 8b 7b 10 4c
0x00007f805f55aad4:   8b 63 08 48 83 3f 00 74 09 e8 ae 8d 9a ff 48 8b 

Register to memory mapping:

RAX=0x00007f80581b8000 is a thread
RBX=0x00007f800bbebb10 is pointing into the stack for thread: 0x00007f80581b8000
RCX=0x00007f80603e72c0: <offset 0x2182c0> in /lib/x86_64-linux-gnu/libpthread.so.0 at 0x00007f80601cf000
RDX=0x00007f800bbeca20 is pointing into the stack for thread: 0x00007f80581b8000
RSP=0x00007f800bbeb5b0 is pointing into the stack for thread: 0x00007f80581b8000
RBP=0x00007f800bbeb5e0 is pointing into the stack for thread: 0x00007f80581b8000
RSI=0x0000000000000001 is an unknown value
RDI=0x0000000000000010 is an unknown value
R8 =0x0000000000000000 is an unknown value
R9 =0x00007f7ff01ddc97 is an unknown value
R10=0x00007f8055011f64 is an Interpreter codelet
method entry point (kind = native)  [0x00007f8055011d00, 0x00007f8055012540]  2112 bytes
R11=0x00007f805f4a3460: <offset 0x7ca460> in /usr/lib/jvm/jdk1.7.0_04/jre/lib/amd64/server/libjvm.so at 0x00007f805ecd9000
R12=0x00007f80b0448400 is an unknown value
R13=0x00000007006e9de0 is an oop
{method} 
 - klass: {other class}
R14=0x00007f800bbeb5b0 is pointing into the stack for thread: 0x00007f80581b8000
R15=0x00007f80581b8000 is a thread


Stack: [0x00007f800baec000,0x00007f800bbed000],  sp=0x00007f800bbeb5b0,  free space=1021k
Native frames: (J=compiled Java code, j=interpreted, Vv=VM code, C=native code)
V  [libjvm.so+0x881ac4]  Unsafe_GetNativeInt+0x74
j  sun.misc.Unsafe.getInt(J)I+0
j  org.helios.apmrouter.trace.DirectMetricCollection$Reader.getSize()I+16
j  org.helios.apmrouter.trace.DirectMetricCollection$Reader._next()Z+55
j  org.helios.apmrouter.trace.DirectMetricCollection$SplitReader.next()Lorg/helios/apmrouter/trace/DirectMetricCollection;+96
j  org.helios.apmrouter.trace.DirectMetricCollection$SplitReader.next()Ljava/lang/Object;+1
j  org.helios.apmrouter.sender.netty.UDPSender.send(Lorg/helios/apmrouter/trace/DirectMetricCollection;)V+33
j  org.helios.apmrouter.trace.DirectMetricCollection.run()V+7
j  java.util.concurrent.ThreadPoolExecutor.runWorker(Ljava/util/concurrent/ThreadPoolExecutor$Worker;)V+46
j  java.util.concurrent.ThreadPoolExecutor$Worker.run()V+5
j  java.lang.Thread.run()V+11
v  ~StubRoutines::call_stub
V  [libjvm.so+0x54df25]  JavaCalls::call_helper(JavaValue*, methodHandle*, JavaCallArguments*, Thread*)+0x355
V  [libjvm.so+0x54ca48]  JavaCalls::call(JavaValue*, methodHandle, JavaCallArguments*, Thread*)+0x28
V  [libjvm.so+0x54ccdc]  JavaCalls::call_virtual(JavaValue*, KlassHandle, Symbol*, Symbol*, JavaCallArguments*, Thread*)+0x17c
V  [libjvm.so+0x54ce07]  JavaCalls::call_virtual(JavaValue*, Handle, KlassHandle, Symbol*, Symbol*, Thread*)+0x47
V  [libjvm.so+0x5a6e3f]  thread_entry(JavaThread*, Thread*)+0xdf
V  [libjvm.so+0x860228]  JavaThread::thread_main_inner()+0xc8
V  [libjvm.so+0x860378]  JavaThread::run()+0x138
V  [libjvm.so+0x741ff0]  java_start(Thread*)+0x100

Java frames: (J=compiled Java code, j=interpreted, Vv=VM code)
j  sun.misc.Unsafe.getInt(J)I+0
j  org.helios.apmrouter.trace.DirectMetricCollection$Reader.getSize()I+16
j  org.helios.apmrouter.trace.DirectMetricCollection$Reader._next()Z+55
j  org.helios.apmrouter.trace.DirectMetricCollection$SplitReader.next()Lorg/helios/apmrouter/trace/DirectMetricCollection;+96
j  org.helios.apmrouter.trace.DirectMetricCollection$SplitReader.next()Ljava/lang/Object;+1
j  org.helios.apmrouter.sender.netty.UDPSender.send(Lorg/helios/apmrouter/trace/DirectMetricCollection;)V+33
j  org.helios.apmrouter.trace.DirectMetricCollection.run()V+7
j  java.util.concurrent.ThreadPoolExecutor.runWorker(Ljava/util/concurrent/ThreadPoolExecutor$Worker;)V+46
j  java.util.concurrent.ThreadPoolExecutor$Worker.run()V+5
j  java.lang.Thread.run()V+11
v  ~StubRoutines::call_stub

---------------  P R O C E S S  ---------------

Java Threads: ( => current thread )
  0x00007f7ff01dd000 JavaThread "New I/O  worker #1" daemon [_thread_blocked, id=18154, stack(0x00007f800b5e7000,0x00007f800b6e8000)]
  0x00007f805829c800 JavaThread "CollectionFunnelThread#6" daemon [_thread_blocked, id=18153, stack(0x00007f800b6e8000,0x00007f800b7e9000)]
  0x00007f80581bc800 JavaThread "CollectionFunnelThread#5" daemon [_thread_blocked, id=18152, stack(0x00007f800b7e9000,0x00007f800b8ea000)]
  0x00007f80581fe800 JavaThread "DEBUG STOP THREAD" [_thread_blocked, id=18151, stack(0x00007f800b8ea000,0x00007f800b9eb000)]
  0x00007f80581ba000 JavaThread "CollectionFunnelTimer" daemon [_thread_blocked, id=18150, stack(0x00007f800b9eb000,0x00007f800baec000)]
=>0x00007f80581b8000 JavaThread "CollectionFunnelThread#4" daemon [_thread_in_vm, id=18149, stack(0x00007f800baec000,0x00007f800bbed000)]
  0x00007f80581b6000 JavaThread "CollectionFunnelThread#3" daemon [_thread_blocked, id=18148, stack(0x00007f800bbed000,0x00007f800bcee000)]
  0x00007f80581b4800 JavaThread "CollectionFunnelThread#2" daemon [_thread_blocked, id=18147, stack(0x00007f800bcee000,0x00007f800bdef000)]
  0x00007f80581b3800 JavaThread "CollectionFunnelThread#1" daemon [_thread_blocked, id=18146, stack(0x00007f803c0b5000,0x00007f803c1b6000)]
  0x00007f80580f7800 JavaThread "Service Thread" daemon [_thread_blocked, id=18144, stack(0x00007f803c6d5000,0x00007f803c7d6000)]
  0x00007f80580f5800 JavaThread "C2 CompilerThread1" daemon [_thread_blocked, id=18143, stack(0x00007f803c7d6000,0x00007f803c8d7000)]
  0x00007f80580f2800 JavaThread "C2 CompilerThread0" daemon [_thread_blocked, id=18142, stack(0x00007f803c8d7000,0x00007f803c9d8000)]
  0x00007f80580f0000 JavaThread "Signal Dispatcher" daemon [_thread_blocked, id=18141, stack(0x00007f803c9d8000,0x00007f803cad9000)]
  0x00007f80580a4000 JavaThread "Finalizer" daemon [_thread_blocked, id=18139, stack(0x00007f803d1bc000,0x00007f803d2bd000)]
  0x00007f80580a1800 JavaThread "Reference Handler" daemon [_thread_blocked, id=18138, stack(0x00007f803d2bd000,0x00007f803d3be000)]
  0x00007f8058009000 JavaThread "main" [_thread_blocked, id=18128, stack(0x00007f80604e8000,0x00007f80605e9000)]

Other Threads:
  0x00007f805809a000 VMThread [stack: 0x00007f803d3be000,0x00007f803d4bf000] [id=18137]
  0x00007f8058102800 WatcherThread [stack: 0x00007f803c5d4000,0x00007f803c6d5000] [id=18145]

VM state:synchronizing (normal execution)

VM Mutex/Monitor currently owned by a thread:  ([mutex/lock_event])
[0x00007f80580057e0] Threads_lock - owner thread: 0x00007f805809a000

Heap
 PSYoungGen      total 74816K, used 21808K [0x00000007ac800000, 0x00000007b1b80000, 0x0000000800000000)
  eden space 64128K, 34% used [0x00000007ac800000,0x00000007add4c288,0x00000007b06a0000)
  from space 10688K, 0% used [0x00000007b1110000,0x00000007b1110000,0x00000007b1b80000)
  to   space 10688K, 0% used [0x00000007b06a0000,0x00000007b06a0000,0x00000007b1110000)
 ParOldGen       total 171008K, used 0K [0x0000000705800000, 0x000000070ff00000, 0x00000007ac800000)
  object space 171008K, 0% used [0x0000000705800000,0x0000000705800000,0x000000070ff00000)
 PSPermGen       total 21248K, used 7063K [0x0000000700600000, 0x0000000701ac0000, 0x0000000705800000)
  object space 21248K, 33% used [0x0000000700600000,0x0000000700ce5de0,0x0000000701ac0000)

Code Cache  [0x00007f8055000000, 0x00007f8055270000, 0x00007f8058000000)
 total_blobs=309 nmethods=55 adapters=206 free_code_cache=48647Kb largest_free_block=49790016

Compilation events (10 events):
Event: 0.980 Thread 0x00007f80580f5800   47             java.lang.String::subSequence (7 bytes)
Event: 0.984 Thread 0x00007f80580f5800 nmethod 47 0x00007f805507ba50 code [0x00007f805507bba0, 0x00007f805507bd18]
Event: 0.984 Thread 0x00007f80580f5800   48             java.util.Formatter$Conversion::isGeneral (64 bytes)
Event: 0.985 Thread 0x00007f80580f2800 nmethod 45 0x00007f805507ac90 code [0x00007f805507ae00, 0x00007f805507b008]
Event: 0.985 Thread 0x00007f80580f2800   49             java.util.ArrayList::ensureCapacityInternal (26 bytes)
Event: 0.987 Thread 0x00007f80580f5800 nmethod 48 0x00007f805507df50 code [0x00007f805507e280, 0x00007f805507e2f8]
Event: 0.987 Thread 0x00007f80580f5800   50             java.util.ArrayList::add (29 bytes)
Event: 0.987 Thread 0x00007f80580f2800 nmethod 49 0x00007f805507fbd0 code [0x00007f805507fd20, 0x00007f805507fdc8]
Event: 0.991 Thread 0x00007f80580f5800 nmethod 50 0x00007f805507a890 code [0x00007f805507a9e0, 0x00007f805507ab48]
Event: 1.028 Thread 0x00007f80580f2800   52             java.lang.CharacterDataLatin1::toLowerCase (39 bytes)

GC Heap History (0 events):
No events

Deoptimization events (5 events):
Event: 0.590 Thread 0x00007f80581b8000 Uncommon trap -12 fr.pc 0x00007f8055067d84
Event: 0.819 Thread 0x00007f80581b8000 Uncommon trap -34 fr.pc 0x00007f8055071974
Event: 0.819 Thread 0x00007f80581b8000 Uncommon trap -34 fr.pc 0x00007f8055071974
Event: 0.819 Thread 0x00007f80581b8000 Uncommon trap -34 fr.pc 0x00007f8055071974
Event: 0.819 Thread 0x00007f80581b8000 Uncommon trap -34 fr.pc 0x00007f8055071974

Internal exceptions (10 events):
Event: 0.998 Thread 0x00007f80581b8000 Threw 0x00000007ad32a730 at /HUDSON/workspace/jdk7u4-2-build-linux-amd64-product/jdk7u4/hotspot/src/share/vm/prims/jvm.cpp:1166
Event: 1.000 Thread 0x00007f80581b8000 Threw 0x00000007ad32d468 at /HUDSON/workspace/jdk7u4-2-build-linux-amd64-product/jdk7u4/hotspot/src/share/vm/prims/jvm.cpp:1166
Event: 1.003 Thread 0x00007f80581b8000 Threw 0x00000007ad3401f8 at /HUDSON/workspace/jdk7u4-2-build-linux-amd64-product/jdk7u4/hotspot/src/share/vm/prims/jvm.cpp:1166
Event: 1.007 Thread 0x00007f80581b8000 Threw 0x00000007ad346710 at /HUDSON/workspace/jdk7u4-2-build-linux-amd64-product/jdk7u4/hotspot/src/share/vm/prims/jvm.cpp:1166
Event: 1.009 Thread 0x00007f80581b8000 Threw 0x00000007adad0208 at /HUDSON/workspace/jdk7u4-2-build-linux-amd64-product/jdk7u4/hotspot/src/share/vm/prims/jvm.cpp:1166
Event: 1.010 Thread 0x00007f80581b8000 Threw 0x00000007adad6ab0 at /HUDSON/workspace/jdk7u4-2-build-linux-amd64-product/jdk7u4/hotspot/src/share/vm/prims/jvm.cpp:1166
Event: 1.019 Thread 0x00007f80581b8000 Threw 0x00000007adae9820 at /HUDSON/workspace/jdk7u4-2-build-linux-amd64-product/jdk7u4/hotspot/src/share/vm/prims/jvm.cpp:1166
Event: 1.023 Thread 0x00007f80581b8000 Threw 0x00000007adaf4198 at /HUDSON/workspace/jdk7u4-2-build-linux-amd64-product/jdk7u4/hotspot/src/share/vm/prims/jvm.cpp:1166
Event: 1.025 Thread 0x00007f80581bc800 Threw 0x00000007ad5c99d8 at /HUDSON/workspace/jdk7u4-2-build-linux-amd64-product/jdk7u4/hotspot/src/share/vm/prims/jvm.cpp:1166
Event: 1.027 Thread 0x00007f80581b8000 Threw 0x00000007adaf8918 at /HUDSON/workspace/jdk7u4-2-build-linux-amd64-product/jdk7u4/hotspot/src/share/vm/prims/jvm.cpp:1166

Events (10 events):
Event: 1.010 loading class 0x00007f7ff01e6e40
Event: 1.010 loading class 0x00007f7ff01e6e40 done
Event: 1.019 loading class 0x00007f7ff01e3fa0
Event: 1.019 loading class 0x00007f7ff01e3fa0 done
Event: 1.023 loading class 0x00007f7ff00be110
Event: 1.023 loading class 0x00007f7ff00be110 done
Event: 1.025 loading class 0x00007f7ff0007010
Event: 1.025 loading class 0x00007f7ff0007010 done
Event: 1.027 loading class 0x00007f7ff00b7280
Event: 1.027 loading class 0x00007f7ff00b7280 done


Dynamic libraries:
00400000-00401000 r-xp 00000000 08:02 29627988                           /usr/lib/jvm/jdk1.7.0_04/bin/java
00600000-00601000 rw-p 00000000 08:02 29627988                           /usr/lib/jvm/jdk1.7.0_04/bin/java
013a3000-013c4000 rw-p 00000000 00:00 0                                  [heap]
700600000-701ac0000 rw-p 00000000 00:00 0 
701ac0000-705800000 rw-p 00000000 00:00 0 
705800000-70ff00000 rw-p 00000000 00:00 0 
70ff00000-7ac800000 rw-p 00000000 00:00 0 
7ac800000-7b1b80000 rw-p 00000000 00:00 0 
7b1b80000-800000000 rw-p 00000000 00:00 0 
7f7fe0000000-7f7fe0021000 rw-p 00000000 00:00 0 
7f7fe0021000-7f7fe4000000 ---p 00000000 00:00 0 
7f7fe4000000-7f7fe4021000 rw-p 00000000 00:00 0 
7f7fe4021000-7f7fe8000000 ---p 00000000 00:00 0 
7f7fe8000000-7f7fe8021000 rw-p 00000000 00:00 0 
7f7fe8021000-7f7fec000000 ---p 00000000 00:00 0 
7f7fec000000-7f7fec021000 rw-p 00000000 00:00 0 
7f7fec021000-7f7ff0000000 ---p 00000000 00:00 0 
7f7ff0000000-7f7ff0202000 rw-p 00000000 00:00 0 
7f7ff0202000-7f7ff4000000 ---p 00000000 00:00 0 
7f7ff4000000-7f7ff4021000 rw-p 00000000 00:00 0 
7f7ff4021000-7f7ff8000000 ---p 00000000 00:00 0 
7f7ff8000000-7f7ff8021000 rw-p 00000000 00:00 0 
7f7ff8021000-7f7ffc000000 ---p 00000000 00:00 0 
7f7ffc000000-7f7ffc021000 rw-p 00000000 00:00 0 
7f7ffc021000-7f8000000000 ---p 00000000 00:00 0 
7f8000000000-7f8000021000 rw-p 00000000 00:00 0 
7f8000021000-7f8004000000 ---p 00000000 00:00 0 
7f8004000000-7f8004021000 rw-p 00000000 00:00 0 
7f8004021000-7f8008000000 ---p 00000000 00:00 0 
7f800b3f1000-7f800b5e7000 rw-p 00000000 00:00 0 
7f800b5e7000-7f800b5ea000 ---p 00000000 00:00 0 
7f800b5ea000-7f800b6e8000 rw-p 00000000 00:00 0 
7f800b6e8000-7f800b6eb000 ---p 00000000 00:00 0 
7f800b6eb000-7f800b7e9000 rw-p 00000000 00:00 0 
7f800b7e9000-7f800b7ec000 ---p 00000000 00:00 0 
7f800b7ec000-7f800b8ea000 rw-p 00000000 00:00 0 
7f800b8ea000-7f800b8ed000 ---p 00000000 00:00 0 
7f800b8ed000-7f800b9eb000 rw-p 00000000 00:00 0 
7f800b9eb000-7f800b9ee000 ---p 00000000 00:00 0 
7f800b9ee000-7f800baec000 rw-p 00000000 00:00 0 
7f800baec000-7f800baef000 ---p 00000000 00:00 0 
7f800baef000-7f800bbed000 rw-p 00000000 00:00 0 
7f800bbed000-7f800bbf0000 ---p 00000000 00:00 0 
7f800bbf0000-7f800bcee000 rw-p 00000000 00:00 0 
7f800bcee000-7f800bcf1000 ---p 00000000 00:00 0 
7f800bcf1000-7f800bdef000 rw-p 00000000 00:00 0 
7f800bdef000-7f800bdff000 r-xp 00000000 08:02 34741734                   /usr/lib/jvm/jdk1.7.0_04/jre/lib/amd64/libnio.so
7f800bdff000-7f800bfff000 ---p 00010000 08:02 34741734                   /usr/lib/jvm/jdk1.7.0_04/jre/lib/amd64/libnio.so
7f800bfff000-7f800c000000 rw-p 00010000 08:02 34741734                   /usr/lib/jvm/jdk1.7.0_04/jre/lib/amd64/libnio.so
7f800c000000-7f800c120000 rw-p 00000000 00:00 0 
7f800c120000-7f8010000000 ---p 00000000 00:00 0 
7f8010000000-7f8010021000 rw-p 00000000 00:00 0 
7f8010021000-7f8014000000 ---p 00000000 00:00 0 
7f8014000000-7f8014021000 rw-p 00000000 00:00 0 
7f8014021000-7f8018000000 ---p 00000000 00:00 0 
7f8018000000-7f8018110000 rw-p 00000000 00:00 0 
7f8018110000-7f801c000000 ---p 00000000 00:00 0 
7f801c000000-7f801c021000 rw-p 00000000 00:00 0 
7f801c021000-7f8020000000 ---p 00000000 00:00 0 
7f8020000000-7f8020021000 rw-p 00000000 00:00 0 
7f8020021000-7f8024000000 ---p 00000000 00:00 0 
7f8024000000-7f8024021000 rw-p 00000000 00:00 0 
7f8024021000-7f8028000000 ---p 00000000 00:00 0 
7f8028030000-7f8030000000 rw-p 00000000 00:00 0 
7f8030000000-7f8030021000 rw-p 00000000 00:00 0 
7f8030021000-7f8034000000 ---p 00000000 00:00 0 
7f8034000000-7f8034021000 rw-p 00000000 00:00 0 
7f8034021000-7f8038000000 ---p 00000000 00:00 0 
7f8038000000-7f8038021000 rw-p 00000000 00:00 0 
7f8038021000-7f803c000000 ---p 00000000 00:00 0 
7f803c0b5000-7f803c0b8000 ---p 00000000 00:00 0 
7f803c0b8000-7f803c1b6000 rw-p 00000000 00:00 0 
7f803c1b6000-7f803c1cb000 r-xp 00000000 08:02 34741739                   /usr/lib/jvm/jdk1.7.0_04/jre/lib/amd64/libnet.so
7f803c1cb000-7f803c3cb000 ---p 00015000 08:02 34741739                   /usr/lib/jvm/jdk1.7.0_04/jre/lib/amd64/libnet.so
7f803c3cb000-7f803c3cc000 rw-p 00015000 08:02 34741739                   /usr/lib/jvm/jdk1.7.0_04/jre/lib/amd64/libnet.so
7f803c3cc000-7f803c3d4000 r-xp 00000000 08:02 34741773                   /usr/lib/jvm/jdk1.7.0_04/jre/lib/amd64/libmanagement.so
7f803c3d4000-7f803c5d3000 ---p 00008000 08:02 34741773                   /usr/lib/jvm/jdk1.7.0_04/jre/lib/amd64/libmanagement.so
7f803c5d3000-7f803c5d4000 rw-p 00007000 08:02 34741773                   /usr/lib/jvm/jdk1.7.0_04/jre/lib/amd64/libmanagement.so
7f803c5d4000-7f803c5d5000 ---p 00000000 00:00 0 
7f803c5d5000-7f803c6d5000 rw-p 00000000 00:00 0 
7f803c6d5000-7f803c6d8000 ---p 00000000 00:00 0 
7f803c6d8000-7f803c7d6000 rw-p 00000000 00:00 0 
7f803c7d6000-7f803c7d9000 ---p 00000000 00:00 0 
7f803c7d9000-7f803c8d7000 rw-p 00000000 00:00 0 
7f803c8d7000-7f803c8da000 ---p 00000000 00:00 0 
7f803c8da000-7f803c9d8000 rw-p 00000000 00:00 0 
7f803c9d8000-7f803c9db000 ---p 00000000 00:00 0 
7f803c9db000-7f803cad9000 rw-p 00000000 00:00 0 
7f803cad9000-7f803d1bc000 r--p 00000000 08:02 30808157                   /usr/lib/locale/locale-archive
7f803d1bc000-7f803d1bf000 ---p 00000000 00:00 0 
7f803d1bf000-7f803d2bd000 rw-p 00000000 00:00 0 
7f803d2bd000-7f803d2c0000 ---p 00000000 00:00 0 
7f803d2c0000-7f803d3be000 rw-p 00000000 00:00 0 
7f803d3be000-7f803d3bf000 ---p 00000000 00:00 0 
7f803d3bf000-7f8040000000 rw-p 00000000 00:00 0 
7f8040000000-7f8040021000 rw-p 00000000 00:00 0 
7f8040021000-7f8044000000 ---p 00000000 00:00 0 
7f8044000000-7f8044021000 rw-p 00000000 00:00 0 
7f8044021000-7f8048000000 ---p 00000000 00:00 0 
7f8048000000-7f8048021000 rw-p 00000000 00:00 0 
7f8048021000-7f804c000000 ---p 00000000 00:00 0 
7f804c000000-7f804c021000 rw-p 00000000 00:00 0 
7f804c021000-7f8050000000 ---p 00000000 00:00 0 
7f8050000000-7f8050021000 rw-p 00000000 00:00 0 
7f8050021000-7f8054000000 ---p 00000000 00:00 0 
7f805400a000-7f8055000000 rw-p 00000000 00:00 0 
7f8055000000-7f8055270000 rwxp 00000000 00:00 0 
7f8055270000-7f80582a0000 rw-p 00000000 00:00 0 
7f80582a0000-7f805c000000 ---p 00000000 00:00 0 
7f805c002000-7f805c00b000 r--s 0006d000 08:02 30278826                   /home/nwhitehead/.m2/repository/log4j/log4j/1.2.16/log4j-1.2.16.jar
7f805c00b000-7f805c011000 r--s 00034000 08:02 29493006                   /home/nwhitehead/.m2/repository/junit/junit/4.8.2/junit-4.8.2.jar
7f805c011000-7f805c026000 r--s 000f9000 08:02 33035637                   /home/nwhitehead/.m2/repository/com/sun/xml/bind/jaxb-impl/2.2.5/jaxb-impl-2.2.5.jar
7f805c026000-7f805c028000 r--s 0000c000 08:02 8522586                    /home/nwhitehead/.m2/repository/org/apache/camel/camel-test/2.10.0/camel-test-2.10.0.jar
7f805c028000-7f805c02a000 r--s 0000e000 08:02 8522551                    /home/nwhitehead/.m2/repository/org/apache/camel/camel-netty/2.10.0/camel-netty-2.10.0.jar
7f805c02a000-7f805c053000 r--s 001f1000 08:02 8391906                    /home/nwhitehead/.m2/repository/org/apache/camel/camel-core/2.10.0/camel-core-2.10.0.jar
7f805c053000-7f805c1f6000 rw-p 00000000 00:00 0 
7f805c1f6000-7f805c3b6000 r--s 03a2e000 08:02 30279738                   /usr/lib/jvm/jdk1.7.0_04/jre/lib/rt.jar
7f805c3b6000-7f805c3de000 rw-p 00000000 00:00 0 
7f805c3de000-7f805c3df000 ---p 00000000 00:00 0 
7f805c3df000-7f805c4df000 rw-p 00000000 00:00 0 
7f805c4df000-7f805c4e0000 ---p 00000000 00:00 0 
7f805c4e0000-7f805c5e0000 rw-p 00000000 00:00 0 
7f805c5e0000-7f805c5e1000 ---p 00000000 00:00 0 
7f805c5e1000-7f805c6e1000 rw-p 00000000 00:00 0 
7f805c6e1000-7f805c6e2000 ---p 00000000 00:00 0 
7f805c6e2000-7f805c7e2000 rw-p 00000000 00:00 0 
7f805c7e2000-7f805c7e3000 ---p 00000000 00:00 0 
7f805c7e3000-7f805c8e3000 rw-p 00000000 00:00 0 
7f805c8e3000-7f805c8e4000 ---p 00000000 00:00 0 
7f805c8e4000-7f805c9e4000 rw-p 00000000 00:00 0 
7f805c9e4000-7f805c9e5000 ---p 00000000 00:00 0 
7f805c9e5000-7f805cae5000 rw-p 00000000 00:00 0 
7f805cae5000-7f805cae6000 ---p 00000000 00:00 0 
7f805cae6000-7f805cbf1000 rw-p 00000000 00:00 0 
7f805cbf1000-7f805cc0f000 rw-p 00000000 00:00 0 
7f805cc0f000-7f805cc63000 rw-p 00000000 00:00 0 
7f805cc63000-7f805d147000 rw-p 00000000 00:00 0 
7f805d147000-7f805d152000 rw-p 00000000 00:00 0 
7f805d152000-7f805d170000 rw-p 00000000 00:00 0 
7f805d170000-7f805d1c4000 rw-p 00000000 00:00 0 
7f805d1c4000-7f805d6a8000 rw-p 00000000 00:00 0 
7f805d6a8000-7f805d6d2000 rw-p 00000000 00:00 0 
7f805d6d2000-7f805d944000 rw-p 00000000 00:00 0 
7f805d944000-7f805d945000 rw-p 00000000 00:00 0 
7f805d945000-7f805d95f000 r-xp 00000000 08:02 34741776                   /usr/lib/jvm/jdk1.7.0_04/jre/lib/amd64/libzip.so
7f805d95f000-7f805db5f000 ---p 0001a000 08:02 34741776                   /usr/lib/jvm/jdk1.7.0_04/jre/lib/amd64/libzip.so
7f805db5f000-7f805db60000 rw-p 0001a000 08:02 34741776                   /usr/lib/jvm/jdk1.7.0_04/jre/lib/amd64/libzip.so
7f805db60000-7f805db6c000 r-xp 00000000 08:02 6295070                    /lib/x86_64-linux-gnu/libnss_files-2.15.so
7f805db6c000-7f805dd6b000 ---p 0000c000 08:02 6295070                    /lib/x86_64-linux-gnu/libnss_files-2.15.so
7f805dd6b000-7f805dd6c000 r--p 0000b000 08:02 6295070                    /lib/x86_64-linux-gnu/libnss_files-2.15.so
7f805dd6c000-7f805dd6d000 rw-p 0000c000 08:02 6295070                    /lib/x86_64-linux-gnu/libnss_files-2.15.so
7f805dd6d000-7f805dd77000 r-xp 00000000 08:02 6295074                    /lib/x86_64-linux-gnu/libnss_nis-2.15.so
7f805dd77000-7f805df77000 ---p 0000a000 08:02 6295074                    /lib/x86_64-linux-gnu/libnss_nis-2.15.so
7f805df77000-7f805df78000 r--p 0000a000 08:02 6295074                    /lib/x86_64-linux-gnu/libnss_nis-2.15.so
7f805df78000-7f805df79000 rw-p 0000b000 08:02 6295074                    /lib/x86_64-linux-gnu/libnss_nis-2.15.so
7f805df79000-7f805df90000 r-xp 00000000 08:02 6295064                    /lib/x86_64-linux-gnu/libnsl-2.15.so
7f805df90000-7f805e18f000 ---p 00017000 08:02 6295064                    /lib/x86_64-linux-gnu/libnsl-2.15.so
7f805e18f000-7f805e190000 r--p 00016000 08:02 6295064                    /lib/x86_64-linux-gnu/libnsl-2.15.so
7f805e190000-7f805e191000 rw-p 00017000 08:02 6295064                    /lib/x86_64-linux-gnu/libnsl-2.15.so
7f805e191000-7f805e193000 rw-p 00000000 00:00 0 
7f805e193000-7f805e19b000 r-xp 00000000 08:02 6295066                    /lib/x86_64-linux-gnu/libnss_compat-2.15.so
7f805e19b000-7f805e39a000 ---p 00008000 08:02 6295066                    /lib/x86_64-linux-gnu/libnss_compat-2.15.so
7f805e39a000-7f805e39b000 r--p 00007000 08:02 6295066                    /lib/x86_64-linux-gnu/libnss_compat-2.15.so
7f805e39b000-7f805e39c000 rw-p 00008000 08:02 6295066                    /lib/x86_64-linux-gnu/libnss_compat-2.15.so
7f805e39c000-7f805e3c5000 r-xp 00000000 08:02 34741764                   /usr/lib/jvm/jdk1.7.0_04/jre/lib/amd64/libjava.so
7f805e3c5000-7f805e5c5000 ---p 00029000 08:02 34741764                   /usr/lib/jvm/jdk1.7.0_04/jre/lib/amd64/libjava.so
7f805e5c5000-7f805e5c7000 rw-p 00029000 08:02 34741764                   /usr/lib/jvm/jdk1.7.0_04/jre/lib/amd64/libjava.so
7f805e5c7000-7f805e5d6000 r-xp 00000000 08:02 34741762                   /usr/lib/jvm/jdk1.7.0_04/jre/lib/amd64/libverify.so
7f805e5d6000-7f805e7d5000 ---p 0000f000 08:02 34741762                   /usr/lib/jvm/jdk1.7.0_04/jre/lib/amd64/libverify.so
7f805e7d5000-7f805e7d7000 rw-p 0000e000 08:02 34741762                   /usr/lib/jvm/jdk1.7.0_04/jre/lib/amd64/libverify.so
7f805e7d7000-7f805e7de000 r-xp 00000000 08:02 6295105                    /lib/x86_64-linux-gnu/librt-2.15.so
7f805e7de000-7f805e9dd000 ---p 00007000 08:02 6295105                    /lib/x86_64-linux-gnu/librt-2.15.so
7f805e9dd000-7f805e9de000 r--p 00006000 08:02 6295105                    /lib/x86_64-linux-gnu/librt-2.15.so
7f805e9de000-7f805e9df000 rw-p 00007000 08:02 6295105                    /lib/x86_64-linux-gnu/librt-2.15.so
7f805e9df000-7f805ead8000 r-xp 00000000 08:02 6295051                    /lib/x86_64-linux-gnu/libm-2.15.so
7f805ead8000-7f805ecd7000 ---p 000f9000 08:02 6295051                    /lib/x86_64-linux-gnu/libm-2.15.so
7f805ecd7000-7f805ecd8000 r--p 000f8000 08:02 6295051                    /lib/x86_64-linux-gnu/libm-2.15.so
7f805ecd8000-7f805ecd9000 rw-p 000f9000 08:02 6295051                    /lib/x86_64-linux-gnu/libm-2.15.so
7f805ecd9000-7f805f71a000 r-xp 00000000 08:02 34741769                   /usr/lib/jvm/jdk1.7.0_04/jre/lib/amd64/server/libjvm.so
7f805f71a000-7f805f919000 ---p 00a41000 08:02 34741769                   /usr/lib/jvm/jdk1.7.0_04/jre/lib/amd64/server/libjvm.so
7f805f919000-7f805f9bd000 rw-p 00a40000 08:02 34741769                   /usr/lib/jvm/jdk1.7.0_04/jre/lib/amd64/server/libjvm.so
7f805f9bd000-7f805f9f8000 rw-p 00000000 00:00 0 
7f805f9f8000-7f805fbab000 r-xp 00000000 08:02 6295019                    /lib/x86_64-linux-gnu/libc-2.15.so
7f805fbab000-7f805fdaa000 ---p 001b3000 08:02 6295019                    /lib/x86_64-linux-gnu/libc-2.15.so
7f805fdaa000-7f805fdae000 r--p 001b2000 08:02 6295019                    /lib/x86_64-linux-gnu/libc-2.15.so
7f805fdae000-7f805fdb0000 rw-p 001b6000 08:02 6295019                    /lib/x86_64-linux-gnu/libc-2.15.so
7f805fdb0000-7f805fdb5000 rw-p 00000000 00:00 0 
7f805fdb5000-7f805fdb7000 r-xp 00000000 08:02 6295032                    /lib/x86_64-linux-gnu/libdl-2.15.so
7f805fdb7000-7f805ffb7000 ---p 00002000 08:02 6295032                    /lib/x86_64-linux-gnu/libdl-2.15.so
7f805ffb7000-7f805ffb8000 r--p 00002000 08:02 6295032                    /lib/x86_64-linux-gnu/libdl-2.15.so
7f805ffb8000-7f805ffb9000 rw-p 00003000 08:02 6295032                    /lib/x86_64-linux-gnu/libdl-2.15.so
7f805ffb9000-7f805ffcf000 r-xp 00000000 08:02 34741744                   /usr/lib/jvm/jdk1.7.0_04/jre/lib/amd64/jli/libjli.so
7f805ffcf000-7f80601ce000 ---p 00016000 08:02 34741744                   /usr/lib/jvm/jdk1.7.0_04/jre/lib/amd64/jli/libjli.so
7f80601ce000-7f80601cf000 rw-p 00015000 08:02 34741744                   /usr/lib/jvm/jdk1.7.0_04/jre/lib/amd64/jli/libjli.so
7f80601cf000-7f80601e7000 r-xp 00000000 08:02 6295099                    /lib/x86_64-linux-gnu/libpthread-2.15.so
7f80601e7000-7f80603e6000 ---p 00018000 08:02 6295099                    /lib/x86_64-linux-gnu/libpthread-2.15.so
7f80603e6000-7f80603e7000 r--p 00017000 08:02 6295099                    /lib/x86_64-linux-gnu/libpthread-2.15.so
7f80603e7000-7f80603e8000 rw-p 00018000 08:02 6295099                    /lib/x86_64-linux-gnu/libpthread-2.15.so
7f80603e8000-7f80603ec000 rw-p 00000000 00:00 0 
7f80603ec000-7f806040e000 r-xp 00000000 08:02 6294999                    /lib/x86_64-linux-gnu/ld-2.15.so
7f8060424000-7f8060425000 rw-p 00000000 00:00 0 
7f8060425000-7f8060426000 r--s 00002000 08:02 8522569                    /home/nwhitehead/.m2/repository/org/slf4j/slf4j-log4j12/1.6.6/slf4j-log4j12-1.6.6.jar
7f8060426000-7f8060428000 r--s 00005000 08:02 8391930                    /home/nwhitehead/.m2/repository/org/slf4j/slf4j-api/1.6.6/slf4j-api-1.6.6.jar
7f8060428000-7f8060432000 rw-p 00000000 00:00 0 
7f8060432000-7f80604e8000 rw-p 00000000 00:00 0 
7f80604e8000-7f80604eb000 ---p 00000000 00:00 0 
7f80604eb000-7f80605ed000 rw-p 00000000 00:00 0 
7f80605ed000-7f8060602000 r--s 000fc000 08:02 30802879                   /home/nwhitehead/.m2/repository/io/netty/netty/3.5.1.Final/netty-3.5.1.Final.jar
7f8060602000-7f806060a000 rw-s 00000000 08:02 7471150                    /tmp/hsperfdata_nwhitehead/18122
7f806060a000-7f806060b000 rw-p 00000000 00:00 0 
7f806060b000-7f806060c000 ---p 00000000 00:00 0 
7f806060c000-7f806060e000 rw-p 00000000 00:00 0 
7f806060e000-7f806060f000 r--p 00022000 08:02 6294999                    /lib/x86_64-linux-gnu/ld-2.15.so
7f806060f000-7f8060611000 rw-p 00023000 08:02 6294999                    /lib/x86_64-linux-gnu/ld-2.15.so
7fff4127d000-7fff4129e000 rw-p 00000000 00:00 0                          [stack]
7fff412b4000-7fff412b5000 r-xp 00000000 00:00 0                          [vdso]
ffffffffff600000-ffffffffff601000 r-xp 00000000 00:00 0                  [vsyscall]

VM Arguments:
jvm_args: -Ddebug-stop=10000 -Dfile.encoding=UTF-8 
java_command: org.helios.apmrouter.trace.TracerFactory
Launcher Type: SUN_STANDARD

Environment Variables:
PATH=/home/nwhitehead/bin:/usr/lib/lightdm/lightdm:/usr/local/sbin:/usr/local/bin:/usr/sbin:/usr/bin:/sbin:/bin:/usr/games
SHELL=/bin/bash
DISPLAY=:0

Signal Handlers:
SIGSEGV: [libjvm.so+0x8a0cb0], sa_mask[0]=0x7ffbfeff, sa_flags=0x10000004
SIGBUS: [libjvm.so+0x8a0cb0], sa_mask[0]=0x7ffbfeff, sa_flags=0x10000004
SIGFPE: [libjvm.so+0x73d630], sa_mask[0]=0x7ffbfeff, sa_flags=0x10000004
SIGPIPE: [libjvm.so+0x73d630], sa_mask[0]=0x7ffbfeff, sa_flags=0x10000004
SIGXFSZ: [libjvm.so+0x73d630], sa_mask[0]=0x7ffbfeff, sa_flags=0x10000004
SIGILL: [libjvm.so+0x73d630], sa_mask[0]=0x7ffbfeff, sa_flags=0x10000004
SIGUSR1: SIG_DFL, sa_mask[0]=0x00000000, sa_flags=0x00000000
SIGUSR2: [libjvm.so+0x73cf80], sa_mask[0]=0x00000004, sa_flags=0x10000004
SIGHUP: [libjvm.so+0x73f310], sa_mask[0]=0x7ffbfeff, sa_flags=0x10000004
SIGINT: [libjvm.so+0x73f310], sa_mask[0]=0x7ffbfeff, sa_flags=0x10000004
SIGTERM: [libjvm.so+0x73f310], sa_mask[0]=0x7ffbfeff, sa_flags=0x10000004
SIGQUIT: [libjvm.so+0x73f310], sa_mask[0]=0x7ffbfeff, sa_flags=0x10000004


---------------  S Y S T E M  ---------------

OS:wheezy/sid

uname:Linux 3.2.0-30-generic #48-Ubuntu SMP Fri Aug 24 16:52:48 UTC 2012 x86_64
libc:glibc 2.15 NPTL 2.15 
rlimit: STACK 8192k, CORE 0k, NPROC 128088, NOFILE 4096, AS infinity
load average:1.87 2.37 2.27

/proc/meminfo:
MemTotal:       16412920 kB
MemFree:         9537944 kB
Buffers:          757416 kB
Cached:          2356424 kB
SwapCached:            0 kB
Active:          3966100 kB
Inactive:        2237316 kB
Active(anon):    3091596 kB
Inactive(anon):    24128 kB
Active(file):     874504 kB
Inactive(file):  2213188 kB
Unevictable:        1776 kB
Mlocked:            1776 kB
SwapTotal:      31249404 kB
SwapFree:       31249404 kB
Dirty:                64 kB
Writeback:             0 kB
AnonPages:       3091960 kB
Mapped:           285412 kB
Shmem:             25772 kB
Slab:             361464 kB
SReclaimable:     317900 kB
SUnreclaim:        43564 kB
KernelStack:        6128 kB
PageTables:        50168 kB
NFS_Unstable:          0 kB
Bounce:                0 kB
WritebackTmp:          0 kB
CommitLimit:    39455864 kB
Committed_AS:    7972160 kB
VmallocTotal:   34359738367 kB
VmallocUsed:      150996 kB
VmallocChunk:   34359579644 kB
HardwareCorrupted:     0 kB
AnonHugePages:         0 kB
HugePages_Total:       0
HugePages_Free:        0
HugePages_Rsvd:        0
HugePages_Surp:        0
Hugepagesize:       2048 kB
DirectMap4k:      202524 kB
DirectMap2M:    16553984 kB


CPU:total 8 (4 cores per cpu, 2 threads per core) family 6 model 42 stepping 7, cmov, cx8, fxsr, mmx, sse, sse2, sse3, ssse3, sse4.1, sse4.2, popcnt, avx, ht, tsc, tscinvbit

/proc/cpuinfo:
processor	: 0
vendor_id	: GenuineIntel
cpu family	: 6
model		: 42
model name	: Intel(R) Core(TM) i7-2860QM CPU @ 2.50GHz
stepping	: 7
microcode	: 0x1b
cpu MHz		: 800.000
cache size	: 8192 KB
physical id	: 0
siblings	: 8
core id		: 0
cpu cores	: 4
apicid		: 0
initial apicid	: 0
fpu		: yes
fpu_exception	: yes
cpuid level	: 13
wp		: yes
flags		: fpu vme de pse tsc msr pae mce cx8 apic sep mtrr pge mca cmov pat pse36 clflush dts acpi mmx fxsr sse sse2 ss ht tm pbe syscall nx rdtscp lm constant_tsc arch_perfmon pebs bts rep_good nopl xtopology nonstop_tsc aperfmperf pni pclmulqdq dtes64 monitor ds_cpl vmx smx est tm2 ssse3 cx16 xtpr pdcm pcid sse4_1 sse4_2 x2apic popcnt tsc_deadline_timer aes xsave avx lahf_lm ida arat epb xsaveopt pln pts dtherm tpr_shadow vnmi flexpriority ept vpid
bogomips	: 4989.01
clflush size	: 64
cache_alignment	: 64
address sizes	: 36 bits physical, 48 bits virtual
power management:

processor	: 1
vendor_id	: GenuineIntel
cpu family	: 6
model		: 42
model name	: Intel(R) Core(TM) i7-2860QM CPU @ 2.50GHz
stepping	: 7
microcode	: 0x1b
cpu MHz		: 800.000
cache size	: 8192 KB
physical id	: 0
siblings	: 8
core id		: 1
cpu cores	: 4
apicid		: 2
initial apicid	: 2
fpu		: yes
fpu_exception	: yes
cpuid level	: 13
wp		: yes
flags		: fpu vme de pse tsc msr pae mce cx8 apic sep mtrr pge mca cmov pat pse36 clflush dts acpi mmx fxsr sse sse2 ss ht tm pbe syscall nx rdtscp lm constant_tsc arch_perfmon pebs bts rep_good nopl xtopology nonstop_tsc aperfmperf pni pclmulqdq dtes64 monitor ds_cpl vmx smx est tm2 ssse3 cx16 xtpr pdcm pcid sse4_1 sse4_2 x2apic popcnt tsc_deadline_timer aes xsave avx lahf_lm ida arat epb xsaveopt pln pts dtherm tpr_shadow vnmi flexpriority ept vpid
bogomips	: 4988.44
clflush size	: 64
cache_alignment	: 64
address sizes	: 36 bits physical, 48 bits virtual
power management:

processor	: 2
vendor_id	: GenuineIntel
cpu family	: 6
model		: 42
model name	: Intel(R) Core(TM) i7-2860QM CPU @ 2.50GHz
stepping	: 7
microcode	: 0x1b
cpu MHz		: 800.000
cache size	: 8192 KB
physical id	: 0
siblings	: 8
core id		: 2
cpu cores	: 4
apicid		: 4
initial apicid	: 4
fpu		: yes
fpu_exception	: yes
cpuid level	: 13
wp		: yes
flags		: fpu vme de pse tsc msr pae mce cx8 apic sep mtrr pge mca cmov pat pse36 clflush dts acpi mmx fxsr sse sse2 ss ht tm pbe syscall nx rdtscp lm constant_tsc arch_perfmon pebs bts rep_good nopl xtopology nonstop_tsc aperfmperf pni pclmulqdq dtes64 monitor ds_cpl vmx smx est tm2 ssse3 cx16 xtpr pdcm pcid sse4_1 sse4_2 x2apic popcnt tsc_deadline_timer aes xsave avx lahf_lm ida arat epb xsaveopt pln pts dtherm tpr_shadow vnmi flexpriority ept vpid
bogomips	: 4988.44
clflush size	: 64
cache_alignment	: 64
address sizes	: 36 bits physical, 48 bits virtual
power management:

processor	: 3
vendor_id	: GenuineIntel
cpu family	: 6
model		: 42
model name	: Intel(R) Core(TM) i7-2860QM CPU @ 2.50GHz
stepping	: 7
microcode	: 0x1b
cpu MHz		: 800.000
cache size	: 8192 KB
physical id	: 0
siblings	: 8
core id		: 3
cpu cores	: 4
apicid		: 6
initial apicid	: 6
fpu		: yes
fpu_exception	: yes
cpuid level	: 13
wp		: yes
flags		: fpu vme de pse tsc msr pae mce cx8 apic sep mtrr pge mca cmov pat pse36 clflush dts acpi mmx fxsr sse sse2 ss ht tm pbe syscall nx rdtscp lm constant_tsc arch_perfmon pebs bts rep_good nopl xtopology nonstop_tsc aperfmperf pni pclmulqdq dtes64 monitor ds_cpl vmx smx est tm2 ssse3 cx16 xtpr pdcm pcid sse4_1 sse4_2 x2apic popcnt tsc_deadline_timer aes xsave avx lahf_lm ida arat epb xsaveopt pln pts dtherm tpr_shadow vnmi flexpriority ept vpid
bogomips	: 4988.44
clflush size	: 64
cache_alignment	: 64
address sizes	: 36 bits physical, 48 bits virtual
power management:

processor	: 4
vendor_id	: GenuineIntel
cpu family	: 6
model		: 42
model name	: Intel(R) Core(TM) i7-2860QM CPU @ 2.50GHz
stepping	: 7
microcode	: 0x1b
cpu MHz		: 800.000
cache size	: 8192 KB
physical id	: 0
siblings	: 8
core id		: 0
cpu cores	: 4
apicid		: 1
initial apicid	: 1
fpu		: yes
fpu_exception	: yes
cpuid level	: 13
wp		: yes
flags		: fpu vme de pse tsc msr pae mce cx8 apic sep mtrr pge mca cmov pat pse36 clflush dts acpi mmx fxsr sse sse2 ss ht tm pbe syscall nx rdtscp lm constant_tsc arch_perfmon pebs bts rep_good nopl xtopology nonstop_tsc aperfmperf pni pclmulqdq dtes64 monitor ds_cpl vmx smx est tm2 ssse3 cx16 xtpr pdcm pcid sse4_1 sse4_2 x2apic popcnt tsc_deadline_timer aes xsave avx lahf_lm ida arat epb xsaveopt pln pts dtherm tpr_shadow vnmi flexpriority ept vpid
bogomips	: 4988.44
clflush size	: 64
cache_alignment	: 64
address sizes	: 36 bits physical, 48 bits virtual
power management:

processor	: 5
vendor_id	: GenuineIntel
cpu family	: 6
model		: 42
model name	: Intel(R) Core(TM) i7-2860QM CPU @ 2.50GHz
stepping	: 7
microcode	: 0x1b
cpu MHz		: 800.000
cache size	: 8192 KB
physical id	: 0
siblings	: 8
core id		: 1
cpu cores	: 4
apicid		: 3
initial apicid	: 3
fpu		: yes
fpu_exception	: yes
cpuid level	: 13
wp		: yes
flags		: fpu vme de pse tsc msr pae mce cx8 apic sep mtrr pge mca cmov pat pse36 clflush dts acpi mmx fxsr sse sse2 ss ht tm pbe syscall nx rdtscp lm constant_tsc arch_perfmon pebs bts rep_good nopl xtopology nonstop_tsc aperfmperf pni pclmulqdq dtes64 monitor ds_cpl vmx smx est tm2 ssse3 cx16 xtpr pdcm pcid sse4_1 sse4_2 x2apic popcnt tsc_deadline_timer aes xsave avx lahf_lm ida arat epb xsaveopt pln pts dtherm tpr_shadow vnmi flexpriority ept vpid
bogomips	: 4988.44
clflush size	: 64
cache_alignment	: 64
address sizes	: 36 bits physical, 48 bits virtual
power management:

processor	: 6
vendor_id	: GenuineIntel
cpu family	: 6
model		: 42
model name	: Intel(R) Core(TM) i7-2860QM CPU @ 2.50GHz
stepping	: 7
microcode	: 0x1b
cpu MHz		: 800.000
cache size	: 8192 KB
physical id	: 0
siblings	: 8
core id		: 2
cpu cores	: 4
apicid		: 5
initial apicid	: 5
fpu		: yes
fpu_exception	: yes
cpuid level	: 13
wp		: yes
flags		: fpu vme de pse tsc msr pae mce cx8 apic sep mtrr pge mca cmov pat pse36 clflush dts acpi mmx fxsr sse sse2 ss ht tm pbe syscall nx rdtscp lm constant_tsc arch_perfmon pebs bts rep_good nopl xtopology nonstop_tsc aperfmperf pni pclmulqdq dtes64 monitor ds_cpl vmx smx est tm2 ssse3 cx16 xtpr pdcm pcid sse4_1 sse4_2 x2apic popcnt tsc_deadline_timer aes xsave avx lahf_lm ida arat epb xsaveopt pln pts dtherm tpr_shadow vnmi flexpriority ept vpid
bogomips	: 4988.44
clflush size	: 64
cache_alignment	: 64
address sizes	: 36 bits physical, 48 bits virtual
power management:

processor	: 7
vendor_id	: GenuineIntel
cpu family	: 6
model		: 42
model name	: Intel(R) Core(TM) i7-2860QM CPU @ 2.50GHz
stepping	: 7
microcode	: 0x1b
cpu MHz		: 800.000
cache size	: 8192 KB
physical id	: 0
siblings	: 8
core id		: 3
cpu cores	: 4
apicid		: 7
initial apicid	: 7
fpu		: yes
fpu_exception	: yes
cpuid level	: 13
wp		: yes
flags		: fpu vme de pse tsc msr pae mce cx8 apic sep mtrr pge mca cmov pat pse36 clflush dts acpi mmx fxsr sse sse2 ss ht tm pbe syscall nx rdtscp lm constant_tsc arch_perfmon pebs bts rep_good nopl xtopology nonstop_tsc aperfmperf pni pclmulqdq dtes64 monitor ds_cpl vmx smx est tm2 ssse3 cx16 xtpr pdcm pcid sse4_1 sse4_2 x2apic popcnt tsc_deadline_timer aes xsave avx lahf_lm ida arat epb xsaveopt pln pts dtherm tpr_shadow vnmi flexpriority ept vpid
bogomips	: 4988.44
clflush size	: 64
cache_alignment	: 64
address sizes	: 36 bits physical, 48 bits virtual
power management:



Memory: 4k page, physical 16412920k(9537944k free), swap 31249404k(31249404k free)

vm_info: Java HotSpot(TM) 64-Bit Server VM (23.0-b21) for linux-amd64 JRE (1.7.0_04-b20), built on Apr 12 2012 01:59:40 by "java_re" with gcc 4.3.0 20080428 (Red Hat 4.3.0-8)

time: Wed Sep 12 18:20:11 2012
elapsed time: 1 seconds

