#
# A fatal error has been detected by the Java Runtime Environment:
#
#  SIGSEGV (0xb) at pc=0x00007f1080c149f3, pid=21704, tid=139708514768640
#
# JRE version: 7.0_04-b20
# Java VM: Java HotSpot(TM) 64-Bit Server VM (23.0-b21 mixed mode linux-amd64 compressed oops)
# Problematic frame:
# V  [libjvm.so+0x8819f3]  Unsafe_SetNativeInt+0x73
#
# Failed to write core dump. Core dumps have been disabled. To enable core dumping, try "ulimit -c unlimited" before starting Java again
#
# If you would like to submit a bug report, please visit:
#   http://bugreport.sun.com/bugreport/crash.jsp
#

---------------  T H R E A D  ---------------

Current thread (0x00007f0ff8010000):  JavaThread "TraceObjectLongPerformance#8" daemon [_thread_in_vm, id=21744, stack(0x00007f106c551000,0x00007f106c652000)]

siginfo:si_signo=SIGSEGV: si_errno=0, si_code=1 (SEGV_MAPERR), si_addr=0x000000000000290e

Registers:
RAX=0x00007f0ff8010000, RBX=0x00007f0ff8010000, RCX=0x00007f1081aa12c0, RDX=0x00007f106c651a20
RSP=0x00007f106c64ffa0, RBP=0x00007f106c64ffd0, RSI=0x0000000000000001, RDI=0x0000000000000010
R8 =0x00007f1081081c00, R9 =0x0000000000000000, R10=0x00007f1077fe1158, R11=0x00007f1077fe1138
R12=0x0000000000000000, R13=0x000000000000290e, R14=0x00007f106c64ffa0, R15=0x00007f0ff8010000
RIP=0x00007f1080c149f3, EFLAGS=0x0000000000010246, CSGSFS=0x0000000000000033, ERR=0x0000000000000006
  TRAPNO=0x000000000000000e

Top of Stack: (sp=0x00007f106c64ffa0)
0x00007f106c64ffa0:   00007f0ff8010000 0000000700be6080
0x00007f106c64ffb0:   00000007006e9ec0 0000000000000000
0x00007f106c64ffc0:   00007f106c650040 00007f106c6500b8
0x00007f106c64ffd0:   00007f106c650020 00007f1077fe11ca
0x00007f106c64ffe0:   00000007ac8118e8 00000007acedf190
0x00007f106c64fff0:   0000000000000000 00007f106c64fff8
0x00007f106c650000:   0000000700a0378f 00007f106c650048
0x00007f106c650010:   00007f106c650010 0000000700be6080
0x00007f106c650020:   00007f106c6500a0 00007f1077f6c158
0x00007f106c650030:   0000000700d5dee8 00007f1077f6c158
0x00007f106c650040:   0000000000000000 000000000000290e
0x00007f106c650050:   00007f106c6500a8 00000007ac8118e8
0x00007f106c650060:   00007f106c650060 0000000700bc2476
0x00007f106c650070:   00007f106c6500b8 0000000700bc3710
0x00007f106c650080:   0000000700d6f238 0000000700bc24a8
0x00007f106c650090:   00007f106c650040 00007f106c6500b0
0x00007f106c6500a0:   00007f106c650100 00007f1077f6c158
0x00007f106c6500b0:   0000000000000000 00000007aedbe0c0
0x00007f106c6500c0:   00007f106c6500c0 0000000700bc1223
0x00007f106c6500d0:   00007f106c650138 0000000700bc3710
0x00007f106c6500e0:   0000000000000000 0000000700bc1338
0x00007f106c6500f0:   00007f106c6500b0 00007f106c650130
0x00007f106c650100:   00007f106c650190 00007f1077f6c2d4
0x00007f106c650110:   0000000000000000 000000000000290e
0x00007f106c650120:   ffffffffffffffff 0000000000000000
0x00007f106c650130:   00000007ade39f70 00000007aedbe0c0
0x00007f106c650140:   0000000000000003 00000007aedbe0c0
0x00007f106c650150:   00007f106c650140 0000000700bc0fcb
0x00007f106c650160:   00007f106c6501c8 0000000700bc3710
0x00007f106c650170:   0000000700d71d38 0000000700bc1010
0x00007f106c650180:   00007f106c650130 00007f106c6501c0
0x00007f106c650190:   00007f106c650210 00007f1077f6c2d4 

Instructions: (pc=0x00007f1080c149f3)
0x00007f1080c149d3:   89 5d d0 4c 89 f7 e8 a2 71 ef ff 48 8b 05 3b e6
0x00007f1080c149e3:   43 00 8b 38 e8 ec 74 91 ff c6 80 74 02 00 00 01
0x00007f1080c149f3:   45 89 65 00 48 8b 5b 48 c6 80 74 02 00 00 00 48
0x00007f1080c14a03:   8b 7b 10 4c 8b 63 08 48 83 3f 00 74 09 e8 7b 8e 

Register to memory mapping:

RAX=0x00007f0ff8010000 is a thread
RBX=0x00007f0ff8010000 is a thread
RCX=0x00007f1081aa12c0: <offset 0x2182c0> in /lib/x86_64-linux-gnu/libpthread.so.0 at 0x00007f1081889000
RDX=0x00007f106c651a20 is pointing into the stack for thread: 0x00007f0ff8010000
RSP=0x00007f106c64ffa0 is pointing into the stack for thread: 0x00007f0ff8010000
RBP=0x00007f106c64ffd0 is pointing into the stack for thread: 0x00007f0ff8010000
RSI=0x0000000000000001 is an unknown value
RDI=0x0000000000000010 is an unknown value
R8 =0x00007f1081081c00: <offset 0xceec00> in /usr/lib/jvm/jdk1.7.0_04/jre/lib/amd64/server/libjvm.so at 0x00007f1080393000
R9 =0x0000000000000000 is an unknown value
R10=0x00007f1077fe0f90 [CodeBlob (0x00007f1077fe0f90)]
Framesize: 10
R11=0x00007f1077fe0f90 [CodeBlob (0x00007f1077fe0f90)]
Framesize: 10
R12=0x0000000000000000 is an unknown value
R13=0x000000000000290e is an unknown value
R14=0x00007f106c64ffa0 is pointing into the stack for thread: 0x00007f0ff8010000
R15=0x00007f0ff8010000 is a thread


Stack: [0x00007f106c551000,0x00007f106c652000],  sp=0x00007f106c64ffa0,  free space=1019k
Native frames: (J=compiled Java code, j=interpreted, Vv=VM code, C=native code)
V  [libjvm.so+0x8819f3]  Unsafe_SetNativeInt+0x73
J  sun.misc.Unsafe.putInt(JI)V
j  org.helios.apmrouter.trace.DirectMetricCollection.writeInt(I)V+14
j  org.helios.apmrouter.trace.DirectMetricCollection._append(Lorg/helios/apmrouter/metric/IMetric;)I+43
j  org.helios.apmrouter.trace.DirectMetricCollection.append([Lorg/helios/apmrouter/metric/IMetric;)I+19
j  org.helios.apmrouter.trace.CollectionFunnel.submit([Lorg/helios/apmrouter/metric/IMetric;)V+63
j  org.helios.apmrouter.trace.TracerImpl._trace(ZLjava/lang/Object;Ljava/lang/CharSequence;Lorg/helios/apmrouter/metric/MetricType;[Ljava/lang/CharSequence;)Lorg/helios/apmrouter/metric/ICEMetric;+153
j  org.helios.apmrouter.trace.TracerImpl.trace(Ljava/lang/Object;Ljava/lang/CharSequence;Lorg/helios/apmrouter/metric/MetricType;[Ljava/lang/CharSequence;)Lorg/helios/apmrouter/metric/ICEMetric;+7
j  test.org.helios.apmrouter.performance.BaseTracingOperations$2.doTrace(II)Lorg/helios/apmrouter/metric/ICEMetric;+25
j  test.org.helios.apmrouter.performance.BaseTracingOperations$2.doTrace(II)Ljava/lang/Object;+3
j  test.org.helios.apmrouter.performance.BaseTracingOperations$8.run()V+16
j  test.org.helios.apmrouter.performance.BenchmarkRunnable.call()Ltest/org/helios/apmrouter/performance/ThreadBenchmarkResult;+19
j  test.org.helios.apmrouter.performance.BenchmarkRunnable.call()Ljava/lang/Object;+1
j  java.util.concurrent.FutureTask$Sync.innerRun()V+29
j  java.util.concurrent.FutureTask.run()V+4
j  java.util.concurrent.ThreadPoolExecutor.runWorker(Ljava/util/concurrent/ThreadPoolExecutor$Worker;)V+46
j  java.util.concurrent.ThreadPoolExecutor$Worker.run()V+5
j  java.lang.Thread.run()V+11
v  ~StubRoutines::call_stub
V  [libjvm.so+0x54df25]  JavaCalls::call_helper(JavaValue*, methodHandle*, JavaCallArguments*, Thread*)+0x355
V  [libjvm.so+0x54ca48]  JavaCalls::call(JavaValue*, methodHandle, JavaCallArguments*, Thread*)+0x28
V  [libjvm.so+0x54ccdc]  JavaCalls::call_virtual(JavaValue*, KlassHandle, Symbol*, Symbol*, JavaCallArguments*, Thread*)+0x17c
V  [libjvm.so+0x54ce07]  JavaCalls::call_virtual(JavaValue*, Handle, KlassHandle, Symbol*, Symbol*, Thread*)+0x47
V  [libjvm.so+0x5a6e3f]  thread_entry(JavaThread*, Thread*)+0xdf
V  [libjvm.so+0x860228]  JavaThread::thread_main_inner()+0xc8
V  [libjvm.so+0x860378]  JavaThread::run()+0x138
V  [libjvm.so+0x741ff0]  java_start(Thread*)+0x100

Java frames: (J=compiled Java code, j=interpreted, Vv=VM code)
J  sun.misc.Unsafe.putInt(JI)V
j  org.helios.apmrouter.trace.DirectMetricCollection.writeInt(I)V+14
j  org.helios.apmrouter.trace.DirectMetricCollection._append(Lorg/helios/apmrouter/metric/IMetric;)I+43
j  org.helios.apmrouter.trace.DirectMetricCollection.append([Lorg/helios/apmrouter/metric/IMetric;)I+19
j  org.helios.apmrouter.trace.CollectionFunnel.submit([Lorg/helios/apmrouter/metric/IMetric;)V+63
j  org.helios.apmrouter.trace.TracerImpl._trace(ZLjava/lang/Object;Ljava/lang/CharSequence;Lorg/helios/apmrouter/metric/MetricType;[Ljava/lang/CharSequence;)Lorg/helios/apmrouter/metric/ICEMetric;+153
j  org.helios.apmrouter.trace.TracerImpl.trace(Ljava/lang/Object;Ljava/lang/CharSequence;Lorg/helios/apmrouter/metric/MetricType;[Ljava/lang/CharSequence;)Lorg/helios/apmrouter/metric/ICEMetric;+7
j  test.org.helios.apmrouter.performance.BaseTracingOperations$2.doTrace(II)Lorg/helios/apmrouter/metric/ICEMetric;+25
j  test.org.helios.apmrouter.performance.BaseTracingOperations$2.doTrace(II)Ljava/lang/Object;+3
j  test.org.helios.apmrouter.performance.BaseTracingOperations$8.run()V+16
j  test.org.helios.apmrouter.performance.BenchmarkRunnable.call()Ltest/org/helios/apmrouter/performance/ThreadBenchmarkResult;+19
j  test.org.helios.apmrouter.performance.BenchmarkRunnable.call()Ljava/lang/Object;+1
j  java.util.concurrent.FutureTask$Sync.innerRun()V+29
j  java.util.concurrent.FutureTask.run()V+4
j  java.util.concurrent.ThreadPoolExecutor.runWorker(Ljava/util/concurrent/ThreadPoolExecutor$Worker;)V+46
j  java.util.concurrent.ThreadPoolExecutor$Worker.run()V+5
j  java.lang.Thread.run()V+11
v  ~StubRoutines::call_stub

---------------  P R O C E S S  ---------------

Java Threads: ( => current thread )
  0x00007f0ffc2bd800 JavaThread "New I/O  worker #1" daemon [_thread_in_native, id=21755, stack(0x00007f106c04c000,0x00007f106c14d000)]
  0x00007f0fe8004000 JavaThread "CollectionFunnelThread#8" daemon [_thread_blocked, id=21748, stack(0x00007f106c14d000,0x00007f106c24e000)]
  0x00007f0fd8008800 JavaThread "CollectionFunnelThread#7" daemon [_thread_blocked, id=21747, stack(0x00007f106c24e000,0x00007f106c34f000)]
  0x00007f0ff000a000 JavaThread "CollectionFunnelThread#6" daemon [_thread_blocked, id=21746, stack(0x00007f106c34f000,0x00007f106c450000)]
  0x00007f0ff0001800 JavaThread "CollectionFunnelThread#5" daemon [_thread_blocked, id=21745, stack(0x00007f106c450000,0x00007f106c551000)]
=>0x00007f0ff8010000 JavaThread "TraceObjectLongPerformance#8" daemon [_thread_in_vm, id=21744, stack(0x00007f106c551000,0x00007f106c652000)]
  0x00007f0ff800e000 JavaThread "TraceObjectLongPerformance#7" daemon [_thread_blocked, id=21743, stack(0x00007f106c652000,0x00007f106c753000)]
  0x00007f0ff800c000 JavaThread "TraceObjectLongPerformance#6" daemon [_thread_blocked, id=21742, stack(0x00007f106c753000,0x00007f106c854000)]
  0x00007f0ff800a000 JavaThread "TraceObjectLongPerformance#5" daemon [_thread_in_Java, id=21741, stack(0x00007f106c854000,0x00007f106c955000)]
  0x00007f0ff8008000 JavaThread "TraceObjectLongPerformance#4" daemon [_thread_blocked, id=21740, stack(0x00007f106c955000,0x00007f106ca56000)]
  0x00007f0ff8006000 JavaThread "TraceObjectLongPerformance#3" daemon [_thread_blocked, id=21739, stack(0x00007f106ca56000,0x00007f106cb57000)]
  0x00007f0ff8004000 JavaThread "TraceObjectLongPerformance#2" daemon [_thread_blocked, id=21738, stack(0x00007f106cb57000,0x00007f106cc58000)]
  0x00007f0ff8002800 JavaThread "TraceObjectLongPerformance#1" daemon [_thread_blocked, id=21737, stack(0x00007f106cc58000,0x00007f106cd59000)]
  0x00007f107c260800 JavaThread "Thread-1" [_thread_blocked, id=21736, stack(0x00007f106cd59000,0x00007f106ce5a000)]
  0x00007f107c25f800 JavaThread "DEBUG STOP THREAD" [_thread_blocked, id=21735, stack(0x00007f106ce5a000,0x00007f106cf5b000)]
  0x00007f107c25a800 JavaThread "CollectionFunnelTimer" daemon [_thread_blocked, id=21734, stack(0x00007f106cf5b000,0x00007f106d05c000)]
  0x00007f107c258800 JavaThread "CollectionFunnelThread#4" daemon [_thread_blocked, id=21733, stack(0x00007f106d05c000,0x00007f106d15d000)]
  0x00007f107c257000 JavaThread "CollectionFunnelThread#3" daemon [_thread_blocked, id=21732, stack(0x00007f106d15d000,0x00007f106d25e000)]
  0x00007f107c255800 JavaThread "CollectionFunnelThread#2" daemon [_thread_blocked, id=21731, stack(0x00007f106d25e000,0x00007f106d35f000)]
  0x00007f107c254000 JavaThread "CollectionFunnelThread#1" daemon [_thread_blocked, id=21730, stack(0x00007f106d35f000,0x00007f106d460000)]
  0x00007f107c183800 JavaThread "ReaderThread" [_thread_in_native, id=21729, stack(0x00007f106d879000,0x00007f106d97a000)]
  0x00007f107c0f8000 JavaThread "Service Thread" daemon [_thread_blocked, id=21726, stack(0x00007f106dcfa000,0x00007f106ddfb000)]
  0x00007f107c0f5800 JavaThread "C2 CompilerThread1" daemon [_thread_in_native, id=21725, stack(0x00007f106ddfb000,0x00007f106defc000)]
  0x00007f107c0f2800 JavaThread "C2 CompilerThread0" daemon [_thread_in_native, id=21724, stack(0x00007f106defc000,0x00007f106dffd000)]
  0x00007f107c0f0800 JavaThread "Signal Dispatcher" daemon [_thread_blocked, id=21723, stack(0x00007f106dffd000,0x00007f106e0fe000)]
  0x00007f107c0a4000 JavaThread "Finalizer" daemon [_thread_blocked, id=21722, stack(0x00007f106e7e1000,0x00007f106e8e2000)]
  0x00007f107c0a2000 JavaThread "Reference Handler" daemon [_thread_blocked, id=21721, stack(0x00007f106e8e2000,0x00007f106e9e3000)]
  0x00007f107c009800 JavaThread "main" [_thread_blocked, id=21711, stack(0x00007f1081ba2000,0x00007f1081ca3000)]

Other Threads:
  0x00007f107c09a800 VMThread [stack: 0x00007f106e9e3000,0x00007f106eae4000] [id=21720]
  0x00007f107c102800 WatcherThread [stack: 0x00007f106dbf9000,0x00007f106dcfa000] [id=21727]

VM state:not at safepoint (normal execution)

VM Mutex/Monitor currently owned by a thread: None

Heap
 PSYoungGen      total 74816K, used 41051K [0x00000007ac800000, 0x00000007b1b80000, 0x0000000800000000)
  eden space 64128K, 64% used [0x00000007ac800000,0x00000007af016eb8,0x00000007b06a0000)
  from space 10688K, 0% used [0x00000007b1110000,0x00000007b1110000,0x00000007b1b80000)
  to   space 10688K, 0% used [0x00000007b06a0000,0x00000007b06a0000,0x00000007b1110000)
 ParOldGen       total 171008K, used 0K [0x0000000705800000, 0x000000070ff00000, 0x00000007ac800000)
  object space 171008K, 0% used [0x0000000705800000,0x0000000705800000,0x000000070ff00000)
 PSPermGen       total 21248K, used 7706K [0x0000000700600000, 0x0000000701ac0000, 0x0000000705800000)
  object space 21248K, 36% used [0x0000000700600000,0x0000000700d86830,0x0000000701ac0000)

Code Cache  [0x00007f1077f66000, 0x00007f10781d6000, 0x00007f107af66000)
 total_blobs=340 nmethods=80 adapters=212 free_code_cache=48592Kb largest_free_block=49730368

Compilation events (10 events):
Event: 1.594 Thread 0x00007f107c0f5800 nmethod 75 0x00007f1077fe01d0 code [0x00007f1077fe0340, 0x00007f1077fe0778]
Event: 1.594 Thread 0x00007f107c0f5800   76             java.lang.StringBuilder::toString (17 bytes)
Event: 1.612 Thread 0x00007f107c0f5800 nmethod 76 0x00007f1077ff0250 code [0x00007f1077ff03a0, 0x00007f1077ff0698]
Event: 1.612 Thread 0x00007f107c0f5800   77             java.util.ArrayList$Itr::hasNext (20 bytes)
Event: 1.614 Thread 0x00007f107c0f5800 nmethod 77 0x00007f1077ff0890 code [0x00007f1077ff09c0, 0x00007f1077ff0a58]
Event: 1.614 Thread 0x00007f107c0f5800   78             java.lang.StringBuilder::append (6 bytes)
Event: 1.615 Thread 0x00007f107c0f5800 nmethod 78 0x00007f1077feffd0 code [0x00007f1077ff0120, 0x00007f1077ff01a8]
Event: 1.615 Thread 0x00007f107c0f5800   79             java.util.Formatter::access$000 (5 bytes)
Event: 1.616 Thread 0x00007f107c0f5800 nmethod 79 0x00007f1077fefdd0 code [0x00007f1077feff00, 0x00007f1077feff58]
Event: 1.616 Thread 0x00007f107c0f5800   80             org.helios.apmrouter.util.StringHelper::fastConcatAndDelim (76 bytes)

GC Heap History (0 events):
No events

Deoptimization events (5 events):
Event: 0.690 Thread 0x00007f107c009800 Uncommon trap -12 fr.pc 0x00007f1077fcacc4
Event: 1.245 Thread 0x00007f107c258800 Uncommon trap -34 fr.pc 0x00007f1077fde3f4
Event: 1.245 Thread 0x00007f107c258800 Uncommon trap -34 fr.pc 0x00007f1077fde3f4
Event: 1.245 Thread 0x00007f107c258800 Uncommon trap -34 fr.pc 0x00007f1077fde3f4
Event: 1.245 Thread 0x00007f107c258800 Uncommon trap -34 fr.pc 0x00007f1077fde3f4

Internal exceptions (10 events):
Event: 1.540 Thread 0x00007f107c257000 Threw 0x00000007adfcda38 at /HUDSON/workspace/jdk7u4-2-build-linux-amd64-product/jdk7u4/hotspot/src/share/vm/prims/jvm.cpp:1166
Event: 1.544 Thread 0x00007f107c257000 Threw 0x00000007adfe08e0 at /HUDSON/workspace/jdk7u4-2-build-linux-amd64-product/jdk7u4/hotspot/src/share/vm/prims/jvm.cpp:1166
Event: 1.552 Thread 0x00007f107c257000 Threw 0x00000007adfe6df8 at /HUDSON/workspace/jdk7u4-2-build-linux-amd64-product/jdk7u4/hotspot/src/share/vm/prims/jvm.cpp:1166
Event: 1.553 Thread 0x00007f107c257000 Threw 0x00000007adfec8a0 at /HUDSON/workspace/jdk7u4-2-build-linux-amd64-product/jdk7u4/hotspot/src/share/vm/prims/jvm.cpp:1166
Event: 1.570 Thread 0x00007f107c257000 Threw 0x00000007adff2ea8 at /HUDSON/workspace/jdk7u4-2-build-linux-amd64-product/jdk7u4/hotspot/src/share/vm/prims/jvm.cpp:1166
Event: 1.592 Thread 0x00007f0ff0001800 Threw 0x00000007ae9d4860 at /HUDSON/workspace/jdk7u4-2-build-linux-amd64-product/jdk7u4/hotspot/src/share/vm/prims/jvm.cpp:1166
Event: 1.598 Thread 0x00007f0ff0001800 Threw 0x00000007ae9df248 at /HUDSON/workspace/jdk7u4-2-build-linux-amd64-product/jdk7u4/hotspot/src/share/vm/prims/jvm.cpp:1166
Event: 1.601 Thread 0x00007f107c254000 Threw 0x00000007ad0c7638 at /HUDSON/workspace/jdk7u4-2-build-linux-amd64-product/jdk7u4/hotspot/src/share/vm/prims/jvm.cpp:1166
Event: 1.602 Thread 0x00007f0fd8008800 Threw 0x00000007ae618b48 at /HUDSON/workspace/jdk7u4-2-build-linux-amd64-product/jdk7u4/hotspot/src/share/vm/prims/jvm.cpp:1166
Event: 1.604 Thread 0x00007f107c255800 Threw 0x00000007aeb158b8 at /HUDSON/workspace/jdk7u4-2-build-linux-amd64-product/jdk7u4/hotspot/src/share/vm/prims/jvm.cpp:1166

Events (10 events):
Event: 1.591 loading class 0x00007f1008007120
Event: 1.591 loading class 0x00007f1008007120 done
Event: 1.598 loading class 0x00007f0ffc06cc00
Event: 1.598 loading class 0x00007f0ffc06cc00 done
Event: 1.601 loading class 0x00007f0ffc0037c0
Event: 1.601 loading class 0x00007f0ffc0037c0 done
Event: 1.602 loading class 0x00007f0ffc071ed0
Event: 1.602 loading class 0x00007f0ffc071ed0 done
Event: 1.604 loading class 0x00007f0ffc0038f0
Event: 1.604 loading class 0x00007f0ffc0038f0 done


Dynamic libraries:
00400000-00401000 r-xp 00000000 08:02 29627988                           /usr/lib/jvm/jdk1.7.0_04/bin/java
00600000-00601000 rw-p 00000000 08:02 29627988                           /usr/lib/jvm/jdk1.7.0_04/bin/java
024fd000-0251e000 rw-p 00000000 00:00 0                                  [heap]
700600000-701ac0000 rw-p 00000000 00:00 0 
701ac0000-705800000 rw-p 00000000 00:00 0 
705800000-70ff00000 rw-p 00000000 00:00 0 
70ff00000-7ac800000 rw-p 00000000 00:00 0 
7ac800000-7b1b80000 rw-p 00000000 00:00 0 
7b1b80000-800000000 rw-p 00000000 00:00 0 
7f0fbc000000-7f0fbc021000 rw-p 00000000 00:00 0 
7f0fbc021000-7f0fc0000000 ---p 00000000 00:00 0 
7f0fc4000000-7f0fc4021000 rw-p 00000000 00:00 0 
7f0fc4021000-7f0fc8000000 ---p 00000000 00:00 0 
7f0fc8000000-7f0fc8021000 rw-p 00000000 00:00 0 
7f0fc8021000-7f0fcc000000 ---p 00000000 00:00 0 
7f0fcc000000-7f0fcc021000 rw-p 00000000 00:00 0 
7f0fcc021000-7f0fd0000000 ---p 00000000 00:00 0 
7f0fd0000000-7f0fd0021000 rw-p 00000000 00:00 0 
7f0fd0021000-7f0fd4000000 ---p 00000000 00:00 0 
7f0fd4000000-7f0fd4021000 rw-p 00000000 00:00 0 
7f0fd4021000-7f0fd8000000 ---p 00000000 00:00 0 
7f0fd8000000-7f0fd80ce000 rw-p 00000000 00:00 0 
7f0fd80ce000-7f0fdc000000 ---p 00000000 00:00 0 
7f0fdc000000-7f0fdc021000 rw-p 00000000 00:00 0 
7f0fdc021000-7f0fe0000000 ---p 00000000 00:00 0 
7f0fe0000000-7f0fe0021000 rw-p 00000000 00:00 0 
7f0fe0021000-7f0fe4000000 ---p 00000000 00:00 0 
7f0fe4000000-7f0fe4021000 rw-p 00000000 00:00 0 
7f0fe4021000-7f0fe8000000 ---p 00000000 00:00 0 
7f0fe8000000-7f0fe8021000 rw-p 00000000 00:00 0 
7f0fe8021000-7f0fec000000 ---p 00000000 00:00 0 
7f0fec000000-7f0fec021000 rw-p 00000000 00:00 0 
7f0fec021000-7f0ff0000000 ---p 00000000 00:00 0 
7f0ff0000000-7f0ff0021000 rw-p 00000000 00:00 0 
7f0ff0021000-7f0ff4000000 ---p 00000000 00:00 0 
7f0ff4000000-7f0ff4021000 rw-p 00000000 00:00 0 
7f0ff4021000-7f0ff8000000 ---p 00000000 00:00 0 
7f0ff8000000-7f0ff8021000 rw-p 00000000 00:00 0 
7f0ff8021000-7f0ffc000000 ---p 00000000 00:00 0 
7f0ffc000000-7f0ffc328000 rw-p 00000000 00:00 0 
7f0ffc328000-7f1000000000 ---p 00000000 00:00 0 
7f1000000000-7f1000021000 rw-p 00000000 00:00 0 
7f1000021000-7f1004000000 ---p 00000000 00:00 0 
7f1004000000-7f1004021000 rw-p 00000000 00:00 0 
7f1004021000-7f1008000000 ---p 00000000 00:00 0 
7f1008000000-7f100802a000 rw-p 00000000 00:00 0 
7f100802a000-7f100c000000 ---p 00000000 00:00 0 
7f100c000000-7f100c021000 rw-p 00000000 00:00 0 
7f100c021000-7f1010000000 ---p 00000000 00:00 0 
7f1010000000-7f1010021000 rw-p 00000000 00:00 0 
7f1010021000-7f1014000000 ---p 00000000 00:00 0 
7f1014000000-7f1014021000 rw-p 00000000 00:00 0 
7f1014021000-7f1018000000 ---p 00000000 00:00 0 
7f1018000000-7f1018021000 rw-p 00000000 00:00 0 
7f1018021000-7f101c000000 ---p 00000000 00:00 0 
7f101c000000-7f101c74a000 rw-p 00000000 00:00 0 
7f101c74a000-7f1020000000 ---p 00000000 00:00 0 
7f1020000000-7f102065a000 rw-p 00000000 00:00 0 
7f102065a000-7f1024000000 ---p 00000000 00:00 0 
7f1024000000-7f1024021000 rw-p 00000000 00:00 0 
7f1024021000-7f1028000000 ---p 00000000 00:00 0 
7f1028000000-7f1028021000 rw-p 00000000 00:00 0 
7f1028021000-7f102c000000 ---p 00000000 00:00 0 
7f102c000000-7f102c021000 rw-p 00000000 00:00 0 
7f102c021000-7f1030000000 ---p 00000000 00:00 0 
7f1030030000-7f1038000000 rw-p 00000000 00:00 0 
7f1038000000-7f1038021000 rw-p 00000000 00:00 0 
7f1038021000-7f103c000000 ---p 00000000 00:00 0 
7f103c000000-7f103c021000 rw-p 00000000 00:00 0 
7f103c021000-7f1040000000 ---p 00000000 00:00 0 
7f1040000000-7f1040021000 rw-p 00000000 00:00 0 
7f1040021000-7f1044000000 ---p 00000000 00:00 0 
7f1048000000-7f1048021000 rw-p 00000000 00:00 0 
7f1048021000-7f104c000000 ---p 00000000 00:00 0 
7f1050000000-7f1050021000 rw-p 00000000 00:00 0 
7f1050021000-7f1054000000 ---p 00000000 00:00 0 
7f1058000000-7f1058021000 rw-p 00000000 00:00 0 
7f1058021000-7f105c000000 ---p 00000000 00:00 0 
7f1060000000-7f1060021000 rw-p 00000000 00:00 0 
7f1060021000-7f1064000000 ---p 00000000 00:00 0 
7f1067ec7000-7f1068000000 rw-p 00000000 00:00 0 
7f1068000000-7f1068021000 rw-p 00000000 00:00 0 
7f1068021000-7f106c000000 ---p 00000000 00:00 0 
7f106c04c000-7f106c04f000 ---p 00000000 00:00 0 
7f106c04f000-7f106c14d000 rw-p 00000000 00:00 0 
7f106c14d000-7f106c150000 ---p 00000000 00:00 0 
7f106c150000-7f106c24e000 rw-p 00000000 00:00 0 
7f106c24e000-7f106c251000 ---p 00000000 00:00 0 
7f106c251000-7f106c34f000 rw-p 00000000 00:00 0 
7f106c34f000-7f106c352000 ---p 00000000 00:00 0 
7f106c352000-7f106c450000 rw-p 00000000 00:00 0 
7f106c450000-7f106c453000 ---p 00000000 00:00 0 
7f106c453000-7f106c551000 rw-p 00000000 00:00 0 
7f106c551000-7f106c554000 ---p 00000000 00:00 0 
7f106c554000-7f106c652000 rw-p 00000000 00:00 0 
7f106c652000-7f106c655000 ---p 00000000 00:00 0 
7f106c655000-7f106c753000 rw-p 00000000 00:00 0 
7f106c753000-7f106c756000 ---p 00000000 00:00 0 
7f106c756000-7f106c854000 rw-p 00000000 00:00 0 
7f106c854000-7f106c857000 ---p 00000000 00:00 0 
7f106c857000-7f106c955000 rw-p 00000000 00:00 0 
7f106c955000-7f106c958000 ---p 00000000 00:00 0 
7f106c958000-7f106ca56000 rw-p 00000000 00:00 0 
7f106ca56000-7f106ca59000 ---p 00000000 00:00 0 
7f106ca59000-7f106cb57000 rw-p 00000000 00:00 0 
7f106cb57000-7f106cb5a000 ---p 00000000 00:00 0 
7f106cb5a000-7f106cc58000 rw-p 00000000 00:00 0 
7f106cc58000-7f106cc5b000 ---p 00000000 00:00 0 
7f106cc5b000-7f106cd59000 rw-p 00000000 00:00 0 
7f106cd59000-7f106cd5c000 ---p 00000000 00:00 0 
7f106cd5c000-7f106ce5a000 rw-p 00000000 00:00 0 
7f106ce5a000-7f106ce5d000 ---p 00000000 00:00 0 
7f106ce5d000-7f106cf5b000 rw-p 00000000 00:00 0 
7f106cf5b000-7f106cf5e000 ---p 00000000 00:00 0 
7f106cf5e000-7f106d05c000 rw-p 00000000 00:00 0 
7f106d05c000-7f106d05f000 ---p 00000000 00:00 0 
7f106d05f000-7f106d15d000 rw-p 00000000 00:00 0 
7f106d15d000-7f106d160000 ---p 00000000 00:00 0 
7f106d160000-7f106d25e000 rw-p 00000000 00:00 0 
7f106d25e000-7f106d261000 ---p 00000000 00:00 0 
7f106d261000-7f106d35f000 rw-p 00000000 00:00 0 
7f106d35f000-7f106d362000 ---p 00000000 00:00 0 
7f106d362000-7f106d460000 rw-p 00000000 00:00 0 
7f106d460000-7f106d470000 r-xp 00000000 08:02 34741734                   /usr/lib/jvm/jdk1.7.0_04/jre/lib/amd64/libnio.so
7f106d470000-7f106d670000 ---p 00010000 08:02 34741734                   /usr/lib/jvm/jdk1.7.0_04/jre/lib/amd64/libnio.so
7f106d670000-7f106d671000 rw-p 00010000 08:02 34741734                   /usr/lib/jvm/jdk1.7.0_04/jre/lib/amd64/libnio.so
7f106d671000-7f106d679000 r-xp 00000000 08:02 34741773                   /usr/lib/jvm/jdk1.7.0_04/jre/lib/amd64/libmanagement.so
7f106d679000-7f106d878000 ---p 00008000 08:02 34741773                   /usr/lib/jvm/jdk1.7.0_04/jre/lib/amd64/libmanagement.so
7f106d878000-7f106d879000 rw-p 00007000 08:02 34741773                   /usr/lib/jvm/jdk1.7.0_04/jre/lib/amd64/libmanagement.so
7f106d879000-7f106d87c000 ---p 00000000 00:00 0 
7f106d87c000-7f106d97a000 rw-p 00000000 00:00 0 
7f106d97a000-7f106d98f000 r-xp 00000000 08:02 34741739                   /usr/lib/jvm/jdk1.7.0_04/jre/lib/amd64/libnet.so
7f106d98f000-7f106db8f000 ---p 00015000 08:02 34741739                   /usr/lib/jvm/jdk1.7.0_04/jre/lib/amd64/libnet.so
7f106db8f000-7f106db90000 rw-p 00015000 08:02 34741739                   /usr/lib/jvm/jdk1.7.0_04/jre/lib/amd64/libnet.so
7f106db90000-7f106db91000 r--s 00002000 08:02 8522569                    /home/nwhitehead/.m2/repository/org/slf4j/slf4j-log4j12/1.6.6/slf4j-log4j12-1.6.6.jar
7f106db91000-7f106db93000 r--s 00005000 08:02 8391930                    /home/nwhitehead/.m2/repository/org/slf4j/slf4j-api/1.6.6/slf4j-api-1.6.6.jar
7f106db93000-7f106dba8000 r--s 000fc000 08:02 30802879                   /home/nwhitehead/.m2/repository/io/netty/netty/3.5.1.Final/netty-3.5.1.Final.jar
7f106dba8000-7f106dbb1000 r--s 0006d000 08:02 30278826                   /home/nwhitehead/.m2/repository/log4j/log4j/1.2.16/log4j-1.2.16.jar
7f106dbb1000-7f106dbb7000 r--s 00034000 08:02 29493006                   /home/nwhitehead/.m2/repository/junit/junit/4.8.2/junit-4.8.2.jar
7f106dbb7000-7f106dbcc000 r--s 000f9000 08:02 33035637                   /home/nwhitehead/.m2/repository/com/sun/xml/bind/jaxb-impl/2.2.5/jaxb-impl-2.2.5.jar
7f106dbcc000-7f106dbce000 r--s 0000c000 08:02 8522586                    /home/nwhitehead/.m2/repository/org/apache/camel/camel-test/2.10.0/camel-test-2.10.0.jar
7f106dbce000-7f106dbd0000 r--s 0000e000 08:02 8522551                    /home/nwhitehead/.m2/repository/org/apache/camel/camel-netty/2.10.0/camel-netty-2.10.0.jar
7f106dbd0000-7f106dbf9000 r--s 001f1000 08:02 8391906                    /home/nwhitehead/.m2/repository/org/apache/camel/camel-core/2.10.0/camel-core-2.10.0.jar
7f106dbf9000-7f106dbfa000 ---p 00000000 00:00 0 
7f106dbfa000-7f106dcfa000 rw-p 00000000 00:00 0 
7f106dcfa000-7f106dcfd000 ---p 00000000 00:00 0 
7f106dcfd000-7f106ddfb000 rw-p 00000000 00:00 0 
7f106ddfb000-7f106ddfe000 ---p 00000000 00:00 0 
7f106ddfe000-7f106defc000 rw-p 00000000 00:00 0 
7f106defc000-7f106deff000 ---p 00000000 00:00 0 
7f106deff000-7f106dffd000 rw-p 00000000 00:00 0 
7f106dffd000-7f106e000000 ---p 00000000 00:00 0 
7f106e000000-7f106e0fe000 rw-p 00000000 00:00 0 
7f106e0fe000-7f106e7e1000 r--p 00000000 08:02 30808157                   /usr/lib/locale/locale-archive
7f106e7e1000-7f106e7e4000 ---p 00000000 00:00 0 
7f106e7e4000-7f106e8e2000 rw-p 00000000 00:00 0 
7f106e8e2000-7f106e8e5000 ---p 00000000 00:00 0 
7f106e8e5000-7f106e9e3000 rw-p 00000000 00:00 0 
7f106e9e3000-7f106e9e4000 ---p 00000000 00:00 0 
7f106e9e4000-7f1070000000 rw-p 00000000 00:00 0 
7f1070000000-7f1070021000 rw-p 00000000 00:00 0 
7f1070021000-7f1074000000 ---p 00000000 00:00 0 
7f10740cb000-7f1074874000 rw-p 00000000 00:00 0 
7f1074874000-7f1074a34000 r--s 03a2e000 08:02 30279738                   /usr/lib/jvm/jdk1.7.0_04/jre/lib/rt.jar
7f1074a34000-7f1076a28000 rw-p 00000000 00:00 0 
7f1076a28000-7f1076a29000 ---p 00000000 00:00 0 
7f1076a29000-7f1076b29000 rw-p 00000000 00:00 0 
7f1076b29000-7f1076b2a000 ---p 00000000 00:00 0 
7f1076b2a000-7f1076c2a000 rw-p 00000000 00:00 0 
7f1076c2a000-7f1076c2b000 ---p 00000000 00:00 0 
7f1076c2b000-7f1076d2b000 rw-p 00000000 00:00 0 
7f1076d2b000-7f1076d2c000 ---p 00000000 00:00 0 
7f1076d2c000-7f1076e2c000 rw-p 00000000 00:00 0 
7f1076e2c000-7f1076e2d000 ---p 00000000 00:00 0 
7f1076e2d000-7f1076f2d000 rw-p 00000000 00:00 0 
7f1076f2d000-7f1076f2e000 ---p 00000000 00:00 0 
7f1076f2e000-7f107702e000 rw-p 00000000 00:00 0 
7f107702e000-7f107702f000 ---p 00000000 00:00 0 
7f107702f000-7f107712f000 rw-p 00000000 00:00 0 
7f107712f000-7f1077130000 ---p 00000000 00:00 0 
7f1077130000-7f1077284000 rw-p 00000000 00:00 0 
7f1077284000-7f1077768000 rw-p 00000000 00:00 0 
7f1077768000-7f1077773000 rw-p 00000000 00:00 0 
7f1077773000-7f1077791000 rw-p 00000000 00:00 0 
7f1077791000-7f10777e5000 rw-p 00000000 00:00 0 
7f10777e5000-7f1077cc9000 rw-p 00000000 00:00 0 
7f1077cc9000-7f1077cf3000 rw-p 00000000 00:00 0 
7f1077cf3000-7f1077f65000 rw-p 00000000 00:00 0 
7f1077f65000-7f1077f66000 rw-p 00000000 00:00 0 
7f1077f66000-7f10781d6000 rwxp 00000000 00:00 0 
7f10781d6000-7f107af66000 rw-p 00000000 00:00 0 
7f107af66000-7f107af80000 r-xp 00000000 08:02 34741776                   /usr/lib/jvm/jdk1.7.0_04/jre/lib/amd64/libzip.so
7f107af80000-7f107b180000 ---p 0001a000 08:02 34741776                   /usr/lib/jvm/jdk1.7.0_04/jre/lib/amd64/libzip.so
7f107b180000-7f107b181000 rw-p 0001a000 08:02 34741776                   /usr/lib/jvm/jdk1.7.0_04/jre/lib/amd64/libzip.so
7f107b181000-7f107b18d000 r-xp 00000000 08:02 6295070                    /lib/x86_64-linux-gnu/libnss_files-2.15.so
7f107b18d000-7f107b38c000 ---p 0000c000 08:02 6295070                    /lib/x86_64-linux-gnu/libnss_files-2.15.so
7f107b38c000-7f107b38d000 r--p 0000b000 08:02 6295070                    /lib/x86_64-linux-gnu/libnss_files-2.15.so
7f107b38d000-7f107b38e000 rw-p 0000c000 08:02 6295070                    /lib/x86_64-linux-gnu/libnss_files-2.15.so
7f107b38e000-7f107b398000 r-xp 00000000 08:02 6295074                    /lib/x86_64-linux-gnu/libnss_nis-2.15.so
7f107b398000-7f107b598000 ---p 0000a000 08:02 6295074                    /lib/x86_64-linux-gnu/libnss_nis-2.15.so
7f107b598000-7f107b599000 r--p 0000a000 08:02 6295074                    /lib/x86_64-linux-gnu/libnss_nis-2.15.so
7f107b599000-7f107b59a000 rw-p 0000b000 08:02 6295074                    /lib/x86_64-linux-gnu/libnss_nis-2.15.so
7f107b59a000-7f107b5b1000 r-xp 00000000 08:02 6295064                    /lib/x86_64-linux-gnu/libnsl-2.15.so
7f107b5b1000-7f107b7b0000 ---p 00017000 08:02 6295064                    /lib/x86_64-linux-gnu/libnsl-2.15.so
7f107b7b0000-7f107b7b1000 r--p 00016000 08:02 6295064                    /lib/x86_64-linux-gnu/libnsl-2.15.so
7f107b7b1000-7f107b7b2000 rw-p 00017000 08:02 6295064                    /lib/x86_64-linux-gnu/libnsl-2.15.so
7f107b7b2000-7f107b7b4000 rw-p 00000000 00:00 0 
7f107b7b4000-7f107b7bc000 r-xp 00000000 08:02 6295066                    /lib/x86_64-linux-gnu/libnss_compat-2.15.so
7f107b7bc000-7f107b9bb000 ---p 00008000 08:02 6295066                    /lib/x86_64-linux-gnu/libnss_compat-2.15.so
7f107b9bb000-7f107b9bc000 r--p 00007000 08:02 6295066                    /lib/x86_64-linux-gnu/libnss_compat-2.15.so
7f107b9bc000-7f107b9bd000 rw-p 00008000 08:02 6295066                    /lib/x86_64-linux-gnu/libnss_compat-2.15.so
7f107b9bd000-7f107b9e6000 r-xp 00000000 08:02 34741764                   /usr/lib/jvm/jdk1.7.0_04/jre/lib/amd64/libjava.so
7f107b9e6000-7f107bbe6000 ---p 00029000 08:02 34741764                   /usr/lib/jvm/jdk1.7.0_04/jre/lib/amd64/libjava.so
7f107bbe6000-7f107bbe8000 rw-p 00029000 08:02 34741764                   /usr/lib/jvm/jdk1.7.0_04/jre/lib/amd64/libjava.so
7f107bbe8000-7f107bbf7000 r-xp 00000000 08:02 34741762                   /usr/lib/jvm/jdk1.7.0_04/jre/lib/amd64/libverify.so
7f107bbf7000-7f107bdf6000 ---p 0000f000 08:02 34741762                   /usr/lib/jvm/jdk1.7.0_04/jre/lib/amd64/libverify.so
7f107bdf6000-7f107bdf8000 rw-p 0000e000 08:02 34741762                   /usr/lib/jvm/jdk1.7.0_04/jre/lib/amd64/libverify.so
7f107bdf8000-7f107bdff000 r-xp 00000000 08:02 6295105                    /lib/x86_64-linux-gnu/librt-2.15.so
7f107bdff000-7f107bffe000 ---p 00007000 08:02 6295105                    /lib/x86_64-linux-gnu/librt-2.15.so
7f107bffe000-7f107bfff000 r--p 00006000 08:02 6295105                    /lib/x86_64-linux-gnu/librt-2.15.so
7f107bfff000-7f107c000000 rw-p 00007000 08:02 6295105                    /lib/x86_64-linux-gnu/librt-2.15.so
7f107c000000-7f107c268000 rw-p 00000000 00:00 0 
7f107c268000-7f1080000000 ---p 00000000 00:00 0 
7f1080027000-7f108007b000 rw-p 00000000 00:00 0 
7f108007b000-7f1080099000 rw-p 00000000 00:00 0 
7f1080099000-7f1080192000 r-xp 00000000 08:02 6295051                    /lib/x86_64-linux-gnu/libm-2.15.so
7f1080192000-7f1080391000 ---p 000f9000 08:02 6295051                    /lib/x86_64-linux-gnu/libm-2.15.so
7f1080391000-7f1080392000 r--p 000f8000 08:02 6295051                    /lib/x86_64-linux-gnu/libm-2.15.so
7f1080392000-7f1080393000 rw-p 000f9000 08:02 6295051                    /lib/x86_64-linux-gnu/libm-2.15.so
7f1080393000-7f1080dd4000 r-xp 00000000 08:02 34741769                   /usr/lib/jvm/jdk1.7.0_04/jre/lib/amd64/server/libjvm.so
7f1080dd4000-7f1080fd3000 ---p 00a41000 08:02 34741769                   /usr/lib/jvm/jdk1.7.0_04/jre/lib/amd64/server/libjvm.so
7f1080fd3000-7f1081077000 rw-p 00a40000 08:02 34741769                   /usr/lib/jvm/jdk1.7.0_04/jre/lib/amd64/server/libjvm.so
7f1081077000-7f10810b2000 rw-p 00000000 00:00 0 
7f10810b2000-7f1081265000 r-xp 00000000 08:02 6295019                    /lib/x86_64-linux-gnu/libc-2.15.so
7f1081265000-7f1081464000 ---p 001b3000 08:02 6295019                    /lib/x86_64-linux-gnu/libc-2.15.so
7f1081464000-7f1081468000 r--p 001b2000 08:02 6295019                    /lib/x86_64-linux-gnu/libc-2.15.so
7f1081468000-7f108146a000 rw-p 001b6000 08:02 6295019                    /lib/x86_64-linux-gnu/libc-2.15.so
7f108146a000-7f108146f000 rw-p 00000000 00:00 0 
7f108146f000-7f1081471000 r-xp 00000000 08:02 6295032                    /lib/x86_64-linux-gnu/libdl-2.15.so
7f1081471000-7f1081671000 ---p 00002000 08:02 6295032                    /lib/x86_64-linux-gnu/libdl-2.15.so
7f1081671000-7f1081672000 r--p 00002000 08:02 6295032                    /lib/x86_64-linux-gnu/libdl-2.15.so
7f1081672000-7f1081673000 rw-p 00003000 08:02 6295032                    /lib/x86_64-linux-gnu/libdl-2.15.so
7f1081673000-7f1081689000 r-xp 00000000 08:02 34741744                   /usr/lib/jvm/jdk1.7.0_04/jre/lib/amd64/jli/libjli.so
7f1081689000-7f1081888000 ---p 00016000 08:02 34741744                   /usr/lib/jvm/jdk1.7.0_04/jre/lib/amd64/jli/libjli.so
7f1081888000-7f1081889000 rw-p 00015000 08:02 34741744                   /usr/lib/jvm/jdk1.7.0_04/jre/lib/amd64/jli/libjli.so
7f1081889000-7f10818a1000 r-xp 00000000 08:02 6295099                    /lib/x86_64-linux-gnu/libpthread-2.15.so
7f10818a1000-7f1081aa0000 ---p 00018000 08:02 6295099                    /lib/x86_64-linux-gnu/libpthread-2.15.so
7f1081aa0000-7f1081aa1000 r--p 00017000 08:02 6295099                    /lib/x86_64-linux-gnu/libpthread-2.15.so
7f1081aa1000-7f1081aa2000 rw-p 00018000 08:02 6295099                    /lib/x86_64-linux-gnu/libpthread-2.15.so
7f1081aa2000-7f1081aa6000 rw-p 00000000 00:00 0 
7f1081aa6000-7f1081ac8000 r-xp 00000000 08:02 6294999                    /lib/x86_64-linux-gnu/ld-2.15.so
7f1081ae2000-7f1081aec000 rw-p 00000000 00:00 0 
7f1081aec000-7f1081ba2000 rw-p 00000000 00:00 0 
7f1081ba2000-7f1081ba5000 ---p 00000000 00:00 0 
7f1081ba5000-7f1081ca7000 rw-p 00000000 00:00 0 
7f1081cbb000-7f1081cbc000 rw-p 00000000 00:00 0 
7f1081cbc000-7f1081cc4000 rw-s 00000000 08:02 7475732                    /tmp/hsperfdata_nwhitehead/21704
7f1081cc4000-7f1081cc5000 rw-p 00000000 00:00 0 
7f1081cc5000-7f1081cc6000 r--p 00000000 00:00 0 
7f1081cc6000-7f1081cc8000 rw-p 00000000 00:00 0 
7f1081cc8000-7f1081cc9000 r--p 00022000 08:02 6294999                    /lib/x86_64-linux-gnu/ld-2.15.so
7f1081cc9000-7f1081ccb000 rw-p 00023000 08:02 6294999                    /lib/x86_64-linux-gnu/ld-2.15.so
7fff454b1000-7fff454d2000 rw-p 00000000 00:00 0                          [stack]
7fff45596000-7fff45597000 r-xp 00000000 00:00 0                          [vdso]
ffffffffff600000-ffffffffff601000 r-xp 00000000 00:00 0                  [vsyscall]

VM Arguments:
jvm_args: -Ddebug-stop=30000 -Dfile.encoding=UTF-8 
java_command: org.eclipse.jdt.internal.junit.runner.RemoteTestRunner -version 3 -port 37155 -testLoaderClass org.eclipse.jdt.internal.junit4.runner.JUnit4TestLoader -loaderpluginname org.eclipse.jdt.junit4.runtime -classNames test.org.helios.apmrouter.performance.BaseTracingOperations
Launcher Type: SUN_STANDARD

Environment Variables:
PATH=/home/nwhitehead/bin:/usr/lib/lightdm/lightdm:/usr/local/sbin:/usr/local/bin:/usr/sbin:/usr/bin:/sbin:/bin:/usr/games
SHELL=/bin/bash
DISPLAY=:0

Signal Handlers:
SIGSEGV: [libjvm.so+0x8a0cb0], sa_mask[0]=0x7ffbfeff, sa_flags=0x10000004
SIGBUS: [libjvm.so+0x8a0cb0], sa_mask[0]=0x7ffbfeff, sa_flags=0x10000004
SIGFPE: [libjvm.so+0x73d630], sa_mask[0]=0x7ffbfeff, sa_flags=0x10000004
SIGPIPE: [libjvm.so+0x73d630], sa_mask[0]=0x7ffbfeff, sa_flags=0x10000004
SIGXFSZ: [libjvm.so+0x73d630], sa_mask[0]=0x7ffbfeff, sa_flags=0x10000004
SIGILL: [libjvm.so+0x73d630], sa_mask[0]=0x7ffbfeff, sa_flags=0x10000004
SIGUSR1: SIG_DFL, sa_mask[0]=0x00000000, sa_flags=0x00000000
SIGUSR2: [libjvm.so+0x73cf80], sa_mask[0]=0x00000004, sa_flags=0x10000004
SIGHUP: [libjvm.so+0x73f310], sa_mask[0]=0x7ffbfeff, sa_flags=0x10000004
SIGINT: [libjvm.so+0x73f310], sa_mask[0]=0x7ffbfeff, sa_flags=0x10000004
SIGTERM: [libjvm.so+0x73f310], sa_mask[0]=0x7ffbfeff, sa_flags=0x10000004
SIGQUIT: [libjvm.so+0x73f310], sa_mask[0]=0x7ffbfeff, sa_flags=0x10000004


---------------  S Y S T E M  ---------------

OS:wheezy/sid

uname:Linux 3.2.0-30-generic #48-Ubuntu SMP Fri Aug 24 16:52:48 UTC 2012 x86_64
libc:glibc 2.15 NPTL 2.15 
rlimit: STACK 8192k, CORE 0k, NPROC 128088, NOFILE 4096, AS infinity
load average:2.27 1.61 1.64

/proc/meminfo:
MemTotal:       16412920 kB
MemFree:         9450320 kB
Buffers:          757508 kB
Cached:          2365176 kB
SwapCached:            0 kB
Active:          4045484 kB
Inactive:        2243324 kB
Active(anon):    3167776 kB
Inactive(anon):    24120 kB
Active(file):     877708 kB
Inactive(file):  2219204 kB
Unevictable:        1776 kB
Mlocked:            1776 kB
SwapTotal:      31249404 kB
SwapFree:       31249404 kB
Dirty:               296 kB
Writeback:             0 kB
AnonPages:       3167992 kB
Mapped:           289432 kB
Shmem:             25776 kB
Slab:             362540 kB
SReclaimable:     318736 kB
SUnreclaim:        43804 kB
KernelStack:        6256 kB
PageTables:        51436 kB
NFS_Unstable:          0 kB
Bounce:                0 kB
WritebackTmp:          0 kB
CommitLimit:    39455864 kB
Committed_AS:    8083260 kB
VmallocTotal:   34359738367 kB
VmallocUsed:      150996 kB
VmallocChunk:   34359579644 kB
HardwareCorrupted:     0 kB
AnonHugePages:         0 kB
HugePages_Total:       0
HugePages_Free:        0
HugePages_Rsvd:        0
HugePages_Surp:        0
Hugepagesize:       2048 kB
DirectMap4k:      202524 kB
DirectMap2M:    16553984 kB


CPU:total 8 (4 cores per cpu, 2 threads per core) family 6 model 42 stepping 7, cmov, cx8, fxsr, mmx, sse, sse2, sse3, ssse3, sse4.1, sse4.2, popcnt, avx, ht, tsc, tscinvbit

/proc/cpuinfo:
processor	: 0
vendor_id	: GenuineIntel
cpu family	: 6
model		: 42
model name	: Intel(R) Core(TM) i7-2860QM CPU @ 2.50GHz
stepping	: 7
microcode	: 0x1b
cpu MHz		: 800.000
cache size	: 8192 KB
physical id	: 0
siblings	: 8
core id		: 0
cpu cores	: 4
apicid		: 0
initial apicid	: 0
fpu		: yes
fpu_exception	: yes
cpuid level	: 13
wp		: yes
flags		: fpu vme de pse tsc msr pae mce cx8 apic sep mtrr pge mca cmov pat pse36 clflush dts acpi mmx fxsr sse sse2 ss ht tm pbe syscall nx rdtscp lm constant_tsc arch_perfmon pebs bts rep_good nopl xtopology nonstop_tsc aperfmperf pni pclmulqdq dtes64 monitor ds_cpl vmx smx est tm2 ssse3 cx16 xtpr pdcm pcid sse4_1 sse4_2 x2apic popcnt tsc_deadline_timer aes xsave avx lahf_lm ida arat epb xsaveopt pln pts dtherm tpr_shadow vnmi flexpriority ept vpid
bogomips	: 4989.01
clflush size	: 64
cache_alignment	: 64
address sizes	: 36 bits physical, 48 bits virtual
power management:

processor	: 1
vendor_id	: GenuineIntel
cpu family	: 6
model		: 42
model name	: Intel(R) Core(TM) i7-2860QM CPU @ 2.50GHz
stepping	: 7
microcode	: 0x1b
cpu MHz		: 800.000
cache size	: 8192 KB
physical id	: 0
siblings	: 8
core id		: 1
cpu cores	: 4
apicid		: 2
initial apicid	: 2
fpu		: yes
fpu_exception	: yes
cpuid level	: 13
wp		: yes
flags		: fpu vme de pse tsc msr pae mce cx8 apic sep mtrr pge mca cmov pat pse36 clflush dts acpi mmx fxsr sse sse2 ss ht tm pbe syscall nx rdtscp lm constant_tsc arch_perfmon pebs bts rep_good nopl xtopology nonstop_tsc aperfmperf pni pclmulqdq dtes64 monitor ds_cpl vmx smx est tm2 ssse3 cx16 xtpr pdcm pcid sse4_1 sse4_2 x2apic popcnt tsc_deadline_timer aes xsave avx lahf_lm ida arat epb xsaveopt pln pts dtherm tpr_shadow vnmi flexpriority ept vpid
bogomips	: 4988.44
clflush size	: 64
cache_alignment	: 64
address sizes	: 36 bits physical, 48 bits virtual
power management:

processor	: 2
vendor_id	: GenuineIntel
cpu family	: 6
model		: 42
model name	: Intel(R) Core(TM) i7-2860QM CPU @ 2.50GHz
stepping	: 7
microcode	: 0x1b
cpu MHz		: 800.000
cache size	: 8192 KB
physical id	: 0
siblings	: 8
core id		: 2
cpu cores	: 4
apicid		: 4
initial apicid	: 4
fpu		: yes
fpu_exception	: yes
cpuid level	: 13
wp		: yes
flags		: fpu vme de pse tsc msr pae mce cx8 apic sep mtrr pge mca cmov pat pse36 clflush dts acpi mmx fxsr sse sse2 ss ht tm pbe syscall nx rdtscp lm constant_tsc arch_perfmon pebs bts rep_good nopl xtopology nonstop_tsc aperfmperf pni pclmulqdq dtes64 monitor ds_cpl vmx smx est tm2 ssse3 cx16 xtpr pdcm pcid sse4_1 sse4_2 x2apic popcnt tsc_deadline_timer aes xsave avx lahf_lm ida arat epb xsaveopt pln pts dtherm tpr_shadow vnmi flexpriority ept vpid
bogomips	: 4988.44
clflush size	: 64
cache_alignment	: 64
address sizes	: 36 bits physical, 48 bits virtual
power management:

processor	: 3
vendor_id	: GenuineIntel
cpu family	: 6
model		: 42
model name	: Intel(R) Core(TM) i7-2860QM CPU @ 2.50GHz
stepping	: 7
microcode	: 0x1b
cpu MHz		: 800.000
cache size	: 8192 KB
physical id	: 0
siblings	: 8
core id		: 3
cpu cores	: 4
apicid		: 6
initial apicid	: 6
fpu		: yes
fpu_exception	: yes
cpuid level	: 13
wp		: yes
flags		: fpu vme de pse tsc msr pae mce cx8 apic sep mtrr pge mca cmov pat pse36 clflush dts acpi mmx fxsr sse sse2 ss ht tm pbe syscall nx rdtscp lm constant_tsc arch_perfmon pebs bts rep_good nopl xtopology nonstop_tsc aperfmperf pni pclmulqdq dtes64 monitor ds_cpl vmx smx est tm2 ssse3 cx16 xtpr pdcm pcid sse4_1 sse4_2 x2apic popcnt tsc_deadline_timer aes xsave avx lahf_lm ida arat epb xsaveopt pln pts dtherm tpr_shadow vnmi flexpriority ept vpid
bogomips	: 4988.44
clflush size	: 64
cache_alignment	: 64
address sizes	: 36 bits physical, 48 bits virtual
power management:

processor	: 4
vendor_id	: GenuineIntel
cpu family	: 6
model		: 42
model name	: Intel(R) Core(TM) i7-2860QM CPU @ 2.50GHz
stepping	: 7
microcode	: 0x1b
cpu MHz		: 800.000
cache size	: 8192 KB
physical id	: 0
siblings	: 8
core id		: 0
cpu cores	: 4
apicid		: 1
initial apicid	: 1
fpu		: yes
fpu_exception	: yes
cpuid level	: 13
wp		: yes
flags		: fpu vme de pse tsc msr pae mce cx8 apic sep mtrr pge mca cmov pat pse36 clflush dts acpi mmx fxsr sse sse2 ss ht tm pbe syscall nx rdtscp lm constant_tsc arch_perfmon pebs bts rep_good nopl xtopology nonstop_tsc aperfmperf pni pclmulqdq dtes64 monitor ds_cpl vmx smx est tm2 ssse3 cx16 xtpr pdcm pcid sse4_1 sse4_2 x2apic popcnt tsc_deadline_timer aes xsave avx lahf_lm ida arat epb xsaveopt pln pts dtherm tpr_shadow vnmi flexpriority ept vpid
bogomips	: 4988.44
clflush size	: 64
cache_alignment	: 64
address sizes	: 36 bits physical, 48 bits virtual
power management:

processor	: 5
vendor_id	: GenuineIntel
cpu family	: 6
model		: 42
model name	: Intel(R) Core(TM) i7-2860QM CPU @ 2.50GHz
stepping	: 7
microcode	: 0x1b
cpu MHz		: 800.000
cache size	: 8192 KB
physical id	: 0
siblings	: 8
core id		: 1
cpu cores	: 4
apicid		: 3
initial apicid	: 3
fpu		: yes
fpu_exception	: yes
cpuid level	: 13
wp		: yes
flags		: fpu vme de pse tsc msr pae mce cx8 apic sep mtrr pge mca cmov pat pse36 clflush dts acpi mmx fxsr sse sse2 ss ht tm pbe syscall nx rdtscp lm constant_tsc arch_perfmon pebs bts rep_good nopl xtopology nonstop_tsc aperfmperf pni pclmulqdq dtes64 monitor ds_cpl vmx smx est tm2 ssse3 cx16 xtpr pdcm pcid sse4_1 sse4_2 x2apic popcnt tsc_deadline_timer aes xsave avx lahf_lm ida arat epb xsaveopt pln pts dtherm tpr_shadow vnmi flexpriority ept vpid
bogomips	: 4988.44
clflush size	: 64
cache_alignment	: 64
address sizes	: 36 bits physical, 48 bits virtual
power management:

processor	: 6
vendor_id	: GenuineIntel
cpu family	: 6
model		: 42
model name	: Intel(R) Core(TM) i7-2860QM CPU @ 2.50GHz
stepping	: 7
microcode	: 0x1b
cpu MHz		: 800.000
cache size	: 8192 KB
physical id	: 0
siblings	: 8
core id		: 2
cpu cores	: 4
apicid		: 5
initial apicid	: 5
fpu		: yes
fpu_exception	: yes
cpuid level	: 13
wp		: yes
flags		: fpu vme de pse tsc msr pae mce cx8 apic sep mtrr pge mca cmov pat pse36 clflush dts acpi mmx fxsr sse sse2 ss ht tm pbe syscall nx rdtscp lm constant_tsc arch_perfmon pebs bts rep_good nopl xtopology nonstop_tsc aperfmperf pni pclmulqdq dtes64 monitor ds_cpl vmx smx est tm2 ssse3 cx16 xtpr pdcm pcid sse4_1 sse4_2 x2apic popcnt tsc_deadline_timer aes xsave avx lahf_lm ida arat epb xsaveopt pln pts dtherm tpr_shadow vnmi flexpriority ept vpid
bogomips	: 4988.44
clflush size	: 64
cache_alignment	: 64
address sizes	: 36 bits physical, 48 bits virtual
power management:

processor	: 7
vendor_id	: GenuineIntel
cpu family	: 6
model		: 42
model name	: Intel(R) Core(TM) i7-2860QM CPU @ 2.50GHz
stepping	: 7
microcode	: 0x1b
cpu MHz		: 800.000
cache size	: 8192 KB
physical id	: 0
siblings	: 8
core id		: 3
cpu cores	: 4
apicid		: 7
initial apicid	: 7
fpu		: yes
fpu_exception	: yes
cpuid level	: 13
wp		: yes
flags		: fpu vme de pse tsc msr pae mce cx8 apic sep mtrr pge mca cmov pat pse36 clflush dts acpi mmx fxsr sse sse2 ss ht tm pbe syscall nx rdtscp lm constant_tsc arch_perfmon pebs bts rep_good nopl xtopology nonstop_tsc aperfmperf pni pclmulqdq dtes64 monitor ds_cpl vmx smx est tm2 ssse3 cx16 xtpr pdcm pcid sse4_1 sse4_2 x2apic popcnt tsc_deadline_timer aes xsave avx lahf_lm ida arat epb xsaveopt pln pts dtherm tpr_shadow vnmi flexpriority ept vpid
bogomips	: 4988.44
clflush size	: 64
cache_alignment	: 64
address sizes	: 36 bits physical, 48 bits virtual
power management:



Memory: 4k page, physical 16412920k(9449948k free), swap 31249404k(31249404k free)

vm_info: Java HotSpot(TM) 64-Bit Server VM (23.0-b21) for linux-amd64 JRE (1.7.0_04-b20), built on Apr 12 2012 01:59:40 by "java_re" with gcc 4.3.0 20080428 (Red Hat 4.3.0-8)

time: Wed Sep 12 18:45:50 2012
elapsed time: 1 seconds

