#
# A fatal error has been detected by the Java Runtime Environment:
#
#  SIGSEGV (0xb) at pc=0x00007f1a53207ac4, pid=20005, tid=139749641520896
#
# JRE version: 7.0_04-b20
# Java VM: Java HotSpot(TM) 64-Bit Server VM (23.0-b21 mixed mode linux-amd64 compressed oops)
# Problematic frame:
# V  [libjvm.so+0x881ac4]  Unsafe_GetNativeInt+0x74
#
# Failed to write core dump. Core dumps have been disabled. To enable core dumping, try "ulimit -c unlimited" before starting Java again
#
# If you would like to submit a bug report, please visit:
#   http://bugreport.sun.com/bugreport/crash.jsp
#

---------------  T H R E A D  ---------------

Current thread (0x00007f1a4c1a3800):  JavaThread "CollectionFunnelThread#1" daemon [_thread_in_vm, id=20029, stack(0x00007f19ffad8000,0x00007f19ffbd9000)]

siginfo:si_signo=SIGSEGV: si_errno=0, si_code=2 (SEGV_ACCERR), si_addr=0x00007f1a4c24a5f2

Registers:
RAX=0x00007f1a4c1a3800, RBX=0x00007f19ffbd7910, RCX=0x00007f1a540942c0, RDX=0x00007f19ffbd8a20
RSP=0x00007f19ffbd73b0, RBP=0x00007f19ffbd73e0, RSI=0x0000000000000001, RDI=0x0000000000000010
R8 =0x00007f19ffbd4f20, R9 =0x00000007ac817b38, R10=0x00007f1a49011f64, R11=0x00007f1a53150460
R12=0x00007f1a4c24a5f2, R13=0x00000007006e9de0, R14=0x00007f19ffbd73b0, R15=0x00007f1a4c1a3800
RIP=0x00007f1a53207ac4, EFLAGS=0x0000000000010246, CSGSFS=0x0000000000000033, ERR=0x0000000000000004
  TRAPNO=0x000000000000000e

Top of Stack: (sp=0x00007f19ffbd73b0)
0x00007f19ffbd73b0:   00007f1a4c1a3800 0000000700758938
0x00007f19ffbd73c0:   00000007006e9de0 0000000000000000
0x00007f19ffbd73d0:   00000007006e9de0 00007f19ffbd7480
0x00007f19ffbd73e0:   00007f19ffbd7450 00007f1a49011f90
0x00007f19ffbd73f0:   0000000000000000 00000007ac81a8b0
0x00007f19ffbd7400:   00000007ac81a8b0 0000000000000001
0x00007f19ffbd7410:   00007f19ffbd7410 0000000000000000
0x00007f19ffbd7420:   00007f19ffbd7480 00000007006ed890
0x00007f19ffbd7430:   0000000000000000 00000007006e9de0
0x00007f19ffbd7440:   0000000000000000 00007f19ffbd7470
0x00007f19ffbd7450:   00007f19ffbd74c8 00007f1a490062d4
0x00007f19ffbd7460:   0000000000000000 00007f1a4900edd6
0x00007f19ffbd7470:   00007f1a4c24a5f2 00000007ad1f01b0
0x00007f19ffbd7480:   00000007ac8118e8 00007f19ffbd7488
0x00007f19ffbd7490:   0000000700cb7551 00007f19ffbd74d8
0x00007f19ffbd74a0:   0000000700cb82a0 0000000000000000
0x00007f19ffbd74b0:   0000000700cb7570 00007f19ffbd7470
0x00007f19ffbd74c0:   00007f19ffbd74d8 00007f19ffbd7528
0x00007f19ffbd74d0:   00007f1a490062d4 00000007ad1ee500
0x00007f19ffbd74e0:   00000007ad1ee500 00007f19ffbd74e8
0x00007f19ffbd74f0:   0000000700cb7417 00007f19ffbd7538
0x00007f19ffbd7500:   0000000700cb82a0 0000000000000000
0x00007f19ffbd7510:   0000000700cb7440 00007f19ffbd74d8
0x00007f19ffbd7520:   00007f19ffbd7538 00007f19ffbd7580
0x00007f19ffbd7530:   00007f1a49006450 00000007ad1ee500
0x00007f19ffbd7540:   00007f19ffbd7540 0000000700cb6380
0x00007f19ffbd7550:   00007f19ffbd7598 0000000700cb8640
0x00007f19ffbd7560:   0000000000000000 0000000700cb63c0
0x00007f19ffbd7570:   00007f19ffbd7538 00007f19ffbd7598
0x00007f19ffbd7580:   00007f19ffbd75e0 00007f1a49006333
0x00007f19ffbd7590:   0000000000000000 00000007ad1ee500
0x00007f19ffbd75a0:   00007f19ffbd75a0 0000000700cb6579 

Instructions: (pc=0x00007f1a53207ac4)
0x00007f1a53207aa4:   89 f7 e8 d5 70 ef ff 48 8b 05 6e e5 43 00 8b 38
0x00007f1a53207ab4:   e8 1f 74 91 ff 48 8b 5b 48 c6 80 74 02 00 00 01
0x00007f1a53207ac4:   45 8b 2c 24 c6 80 74 02 00 00 00 48 8b 7b 10 4c
0x00007f1a53207ad4:   8b 63 08 48 83 3f 00 74 09 e8 ae 8d 9a ff 48 8b 

Register to memory mapping:

RAX=0x00007f1a4c1a3800 is a thread
RBX=0x00007f19ffbd7910 is pointing into the stack for thread: 0x00007f1a4c1a3800
RCX=0x00007f1a540942c0: <offset 0x2182c0> in /lib/x86_64-linux-gnu/libpthread.so.0 at 0x00007f1a53e7c000
RDX=0x00007f19ffbd8a20 is pointing into the stack for thread: 0x00007f1a4c1a3800
RSP=0x00007f19ffbd73b0 is pointing into the stack for thread: 0x00007f1a4c1a3800
RBP=0x00007f19ffbd73e0 is pointing into the stack for thread: 0x00007f1a4c1a3800
RSI=0x0000000000000001 is an unknown value
RDI=0x0000000000000010 is an unknown value
R8 =0x00007f19ffbd4f20 is pointing into the stack for thread: 0x00007f1a4c1a3800
R9 =0x00000007ac817b38 is an oop
java.io.FileDescriptor 
 - klass: 'java/io/FileDescriptor'
R10=0x00007f1a49011f64 is an Interpreter codelet
method entry point (kind = native)  [0x00007f1a49011d00, 0x00007f1a49012540]  2112 bytes
R11=0x00007f1a53150460: <offset 0x7ca460> in /usr/lib/jvm/jdk1.7.0_04/jre/lib/amd64/server/libjvm.so at 0x00007f1a52986000
R12=0x00007f1a4c24a5f2 is an unknown value
R13=0x00000007006e9de0 is an oop
{method} 
 - klass: {other class}
R14=0x00007f19ffbd73b0 is pointing into the stack for thread: 0x00007f1a4c1a3800
R15=0x00007f1a4c1a3800 is a thread


Stack: [0x00007f19ffad8000,0x00007f19ffbd9000],  sp=0x00007f19ffbd73b0,  free space=1020k
Native frames: (J=compiled Java code, j=interpreted, Vv=VM code, C=native code)
V  [libjvm.so+0x881ac4]  Unsafe_GetNativeInt+0x74
j  sun.misc.Unsafe.getInt(J)I+0
j  org.helios.apmrouter.trace.DirectMetricCollection$Reader.getSize()I+65
j  org.helios.apmrouter.trace.DirectMetricCollection$Reader._next()Z+55
j  org.helios.apmrouter.trace.DirectMetricCollection$SplitReader.next()Lorg/helios/apmrouter/trace/DirectMetricCollection;+96
j  org.helios.apmrouter.trace.DirectMetricCollection$SplitReader.next()Ljava/lang/Object;+1
j  org.helios.apmrouter.sender.netty.UDPSender.send(Lorg/helios/apmrouter/trace/DirectMetricCollection;)V+33
j  org.helios.apmrouter.trace.DirectMetricCollection.run()V+7
j  java.util.concurrent.ThreadPoolExecutor.runWorker(Ljava/util/concurrent/ThreadPoolExecutor$Worker;)V+46
j  java.util.concurrent.ThreadPoolExecutor$Worker.run()V+5
j  java.lang.Thread.run()V+11
v  ~StubRoutines::call_stub
V  [libjvm.so+0x54df25]  JavaCalls::call_helper(JavaValue*, methodHandle*, JavaCallArguments*, Thread*)+0x355
V  [libjvm.so+0x54ca48]  JavaCalls::call(JavaValue*, methodHandle, JavaCallArguments*, Thread*)+0x28
V  [libjvm.so+0x54ccdc]  JavaCalls::call_virtual(JavaValue*, KlassHandle, Symbol*, Symbol*, JavaCallArguments*, Thread*)+0x17c
V  [libjvm.so+0x54ce07]  JavaCalls::call_virtual(JavaValue*, Handle, KlassHandle, Symbol*, Symbol*, Thread*)+0x47
V  [libjvm.so+0x5a6e3f]  thread_entry(JavaThread*, Thread*)+0xdf
V  [libjvm.so+0x860228]  JavaThread::thread_main_inner()+0xc8
V  [libjvm.so+0x860378]  JavaThread::run()+0x138
V  [libjvm.so+0x741ff0]  java_start(Thread*)+0x100

Java frames: (J=compiled Java code, j=interpreted, Vv=VM code)
j  sun.misc.Unsafe.getInt(J)I+0
j  org.helios.apmrouter.trace.DirectMetricCollection$Reader.getSize()I+65
j  org.helios.apmrouter.trace.DirectMetricCollection$Reader._next()Z+55
j  org.helios.apmrouter.trace.DirectMetricCollection$SplitReader.next()Lorg/helios/apmrouter/trace/DirectMetricCollection;+96
j  org.helios.apmrouter.trace.DirectMetricCollection$SplitReader.next()Ljava/lang/Object;+1
j  org.helios.apmrouter.sender.netty.UDPSender.send(Lorg/helios/apmrouter/trace/DirectMetricCollection;)V+33
j  org.helios.apmrouter.trace.DirectMetricCollection.run()V+7
j  java.util.concurrent.ThreadPoolExecutor.runWorker(Ljava/util/concurrent/ThreadPoolExecutor$Worker;)V+46
j  java.util.concurrent.ThreadPoolExecutor$Worker.run()V+5
j  java.lang.Thread.run()V+11
v  ~StubRoutines::call_stub

---------------  P R O C E S S  ---------------

Java Threads: ( => current thread )
  0x00007f19f41fd800 JavaThread "New I/O  worker #1" daemon [_thread_in_native, id=20041, stack(0x00007f19ff7d5000,0x00007f19ff8d6000)]
  0x00007f1a4c009000 JavaThread "DestroyJavaVM" [_thread_blocked, id=20011, stack(0x00007f1a54195000,0x00007f1a54296000)]
  0x00007f1a4c1d8800 JavaThread "DEBUG STOP THREAD" [_thread_blocked, id=20031, stack(0x00007f19ff8d6000,0x00007f19ff9d7000)]
  0x00007f1a4c1a4800 JavaThread "CollectionFunnelTimer" daemon [_thread_blocked, id=20030, stack(0x00007f19ff9d7000,0x00007f19ffad8000)]
=>0x00007f1a4c1a3800 JavaThread "CollectionFunnelThread#1" daemon [_thread_in_vm, id=20029, stack(0x00007f19ffad8000,0x00007f19ffbd9000)]
  0x00007f1a4c0f7800 JavaThread "Service Thread" daemon [_thread_blocked, id=20026, stack(0x00007f1a3836f000,0x00007f1a38470000)]
  0x00007f1a4c0f5800 JavaThread "C2 CompilerThread1" daemon [_thread_blocked, id=20025, stack(0x00007f1a38470000,0x00007f1a38571000)]
  0x00007f1a4c0f2800 JavaThread "C2 CompilerThread0" daemon [_thread_blocked, id=20024, stack(0x00007f1a38571000,0x00007f1a38672000)]
  0x00007f1a4c0f0000 JavaThread "Signal Dispatcher" daemon [_thread_blocked, id=20023, stack(0x00007f1a38672000,0x00007f1a38773000)]
  0x00007f1a4c0a4000 JavaThread "Finalizer" daemon [_thread_blocked, id=20022, stack(0x00007f1a38e56000,0x00007f1a38f57000)]
  0x00007f1a4c0a1800 JavaThread "Reference Handler" daemon [_thread_blocked, id=20021, stack(0x00007f1a38f57000,0x00007f1a39058000)]

Other Threads:
  0x00007f1a4c09a000 VMThread [stack: 0x00007f1a39058000,0x00007f1a39159000] [id=20020]
  0x00007f1a4c102000 WatcherThread [stack: 0x00007f1a3826e000,0x00007f1a3836f000] [id=20027]

VM state:not at safepoint (normal execution)

VM Mutex/Monitor currently owned by a thread: None

Heap
 PSYoungGen      total 74816K, used 11546K [0x00000007ac800000, 0x00000007b1b80000, 0x0000000800000000)
  eden space 64128K, 18% used [0x00000007ac800000,0x00000007ad346b08,0x00000007b06a0000)
  from space 10688K, 0% used [0x00000007b1110000,0x00000007b1110000,0x00000007b1b80000)
  to   space 10688K, 0% used [0x00000007b06a0000,0x00000007b06a0000,0x00000007b1110000)
 ParOldGen       total 171008K, used 0K [0x0000000705800000, 0x000000070ff00000, 0x00000007ac800000)
  object space 171008K, 0% used [0x0000000705800000,0x0000000705800000,0x000000070ff00000)
 PSPermGen       total 21248K, used 6882K [0x0000000700600000, 0x0000000701ac0000, 0x0000000705800000)
  object space 21248K, 32% used [0x0000000700600000,0x0000000700cb8860,0x0000000701ac0000)

Code Cache  [0x00007f1a49000000, 0x00007f1a49270000, 0x00007f1a4c000000)
 total_blobs=272 nmethods=19 adapters=206 free_code_cache=48694Kb largest_free_block=49841664

Compilation events (10 events):
Event: 3.533 Thread 0x00007f1a4c0f5800   14             java.lang.String::replace (142 bytes)
Event: 3.557 Thread 0x00007f1a4c0f2800   15             java.io.UnixFileSystem::normalize (75 bytes)
Event: 3.563 Thread 0x00007f1a4c0f5800 nmethod 14 0x00007f1a4906db10 code [0x00007f1a4906dc60, 0x00007f1a4906e218]
Event: 3.567 Thread 0x00007f1a4c0f2800 nmethod 15 0x00007f1a4906d5d0 code [0x00007f1a4906d720, 0x00007f1a4906d998]
Event: 3.575 Thread 0x00007f1a4c0f5800   16             java.lang.String::startsWith (78 bytes)
Event: 3.582 Thread 0x00007f1a4c0f5800 nmethod 16 0x00007f1a4906e390 code [0x00007f1a4906e4e0, 0x00007f1a4906e698]
Event: 3.627 Thread 0x00007f1a4c0f2800   18             sun.net.www.ParseUtil::encodePath (336 bytes)
Event: 3.671 Thread 0x00007f1a4c0f5800   19             java.lang.Math::min (11 bytes)
Event: 3.672 Thread 0x00007f1a4c0f5800 nmethod 19 0x00007f1a4906e990 code [0x00007f1a4906eac0, 0x00007f1a4906eaf8]
Event: 3.676 Thread 0x00007f1a4c0f2800 nmethod 18 0x00007f1a49075f50 code [0x00007f1a490761a0, 0x00007f1a49077048]

GC Heap History (0 events):
No events

Deoptimization events (1 events):
Event: 3.448 Thread 0x00007f1a4c1a3800 Uncommon trap -12 fr.pc 0x00007f1a49068f84

Internal exceptions (10 events):
Event: 3.840 Thread 0x00007f1a4c1a3800 Threw 0x00000007ad1c6548 at /HUDSON/workspace/jdk7u4-2-build-linux-amd64-product/jdk7u4/hotspot/src/share/vm/prims/jvm.cpp:1166
Event: 3.842 Thread 0x00007f1a4c1a3800 Threw 0x00000007ad1ca828 at /HUDSON/workspace/jdk7u4-2-build-linux-amd64-product/jdk7u4/hotspot/src/share/vm/prims/jvm.cpp:1166
Event: 3.853 Thread 0x00007f1a4c1a3800 Threw 0x00000007ad1d0648 at /HUDSON/workspace/jdk7u4-2-build-linux-amd64-product/jdk7u4/hotspot/src/share/vm/prims/jvm.cpp:1166
Event: 3.855 Thread 0x00007f1a4c1a3800 Threw 0x00000007ad1d6060 at /HUDSON/workspace/jdk7u4-2-build-linux-amd64-product/jdk7u4/hotspot/src/share/vm/prims/jvm.cpp:1166
Event: 3.856 Thread 0x00007f1a4c1a3800 Threw 0x00000007ad1d9500 at /HUDSON/workspace/jdk7u4-2-build-linux-amd64-product/jdk7u4/hotspot/src/share/vm/prims/jvm.cpp:1166
Event: 3.857 Thread 0x00007f1a4c1a3800 Threw 0x00000007ad1dcb38 at /HUDSON/workspace/jdk7u4-2-build-linux-amd64-product/jdk7u4/hotspot/src/share/vm/prims/jvm.cpp:1166
Event: 3.859 Thread 0x00007f1a4c1a3800 Threw 0x00000007ad1e0330 at /HUDSON/workspace/jdk7u4-2-build-linux-amd64-product/jdk7u4/hotspot/src/share/vm/prims/jvm.cpp:1166
Event: 3.860 Thread 0x00007f1a4c1a3800 Threw 0x00000007ad1e4278 at /HUDSON/workspace/jdk7u4-2-build-linux-amd64-product/jdk7u4/hotspot/src/share/vm/prims/jvm.cpp:1166
Event: 3.863 Thread 0x00007f1a4c1a3800 Threw 0x00000007ad1e8e88 at /HUDSON/workspace/jdk7u4-2-build-linux-amd64-product/jdk7u4/hotspot/src/share/vm/prims/jvm.cpp:1166
Event: 3.865 Thread 0x00007f1a4c1a3800 Threw 0x00000007ad1ebbb0 at /HUDSON/workspace/jdk7u4-2-build-linux-amd64-product/jdk7u4/hotspot/src/share/vm/prims/jvm.cpp:1166

Events (10 events):
Event: 3.863 loading class 0x00007f1a4c1a93b0
Event: 3.863 loading class 0x00007f1a4c1a93b0 done
Event: 3.863 loading class 0x00007f19f40d6f10 done
Event: 3.863 loading class 0x00007f19f40d6450 done
Event: 3.864 loading class 0x00007f19f41e5620
Event: 3.864 loading class 0x00007f19f41e5620 done
Event: 3.864 loading class 0x00007f1a4c1b0770
Event: 3.864 loading class 0x00007f1a4c1b0770 done
Event: 3.864 loading class 0x00007f1a4c1a9820
Event: 3.865 loading class 0x00007f1a4c1a9820 done


Dynamic libraries:
00400000-00401000 r-xp 00000000 08:02 29627988                           /usr/lib/jvm/jdk1.7.0_04/bin/java
00600000-00601000 rw-p 00000000 08:02 29627988                           /usr/lib/jvm/jdk1.7.0_04/bin/java
021ab000-021cc000 rw-p 00000000 00:00 0                                  [heap]
700600000-701ac0000 rw-p 00000000 00:00 0 
701ac0000-705800000 rw-p 00000000 00:00 0 
705800000-70ff00000 rw-p 00000000 00:00 0 
70ff00000-7ac800000 rw-p 00000000 00:00 0 
7ac800000-7b1b80000 rw-p 00000000 00:00 0 
7b1b80000-800000000 rw-p 00000000 00:00 0 
7f19e4000000-7f19e4021000 rw-p 00000000 00:00 0 
7f19e4021000-7f19e8000000 ---p 00000000 00:00 0 
7f19ec000000-7f19ec021000 rw-p 00000000 00:00 0 
7f19ec021000-7f19f0000000 ---p 00000000 00:00 0 
7f19f0000000-7f19f0021000 rw-p 00000000 00:00 0 
7f19f0021000-7f19f4000000 ---p 00000000 00:00 0 
7f19f4000000-7f19f4201000 rw-p 00000000 00:00 0 
7f19f4201000-7f19f8000000 ---p 00000000 00:00 0 
7f19f8000000-7f19f8021000 rw-p 00000000 00:00 0 
7f19f8021000-7f19fc000000 ---p 00000000 00:00 0 
7f19ff5df000-7f19ff7d5000 rw-p 00000000 00:00 0 
7f19ff7d5000-7f19ff7d8000 ---p 00000000 00:00 0 
7f19ff7d8000-7f19ff8d6000 rw-p 00000000 00:00 0 
7f19ff8d6000-7f19ff8d9000 ---p 00000000 00:00 0 
7f19ff8d9000-7f19ff9d7000 rw-p 00000000 00:00 0 
7f19ff9d7000-7f19ff9da000 ---p 00000000 00:00 0 
7f19ff9da000-7f19ffad8000 rw-p 00000000 00:00 0 
7f19ffad8000-7f19ffadb000 ---p 00000000 00:00 0 
7f19ffadb000-7f19ffbd9000 rw-p 00000000 00:00 0 
7f19ffbd9000-7f19ffbe9000 r-xp 00000000 08:02 34741734                   /usr/lib/jvm/jdk1.7.0_04/jre/lib/amd64/libnio.so
7f19ffbe9000-7f19ffde9000 ---p 00010000 08:02 34741734                   /usr/lib/jvm/jdk1.7.0_04/jre/lib/amd64/libnio.so
7f19ffde9000-7f19ffdea000 rw-p 00010000 08:02 34741734                   /usr/lib/jvm/jdk1.7.0_04/jre/lib/amd64/libnio.so
7f19ffdea000-7f19ffdff000 r-xp 00000000 08:02 34741739                   /usr/lib/jvm/jdk1.7.0_04/jre/lib/amd64/libnet.so
7f19ffdff000-7f19fffff000 ---p 00015000 08:02 34741739                   /usr/lib/jvm/jdk1.7.0_04/jre/lib/amd64/libnet.so
7f19fffff000-7f1a00000000 rw-p 00015000 08:02 34741739                   /usr/lib/jvm/jdk1.7.0_04/jre/lib/amd64/libnet.so
7f1a00000000-7f1a000a9000 rw-p 00000000 00:00 0 
7f1a000a9000-7f1a04000000 ---p 00000000 00:00 0 
7f1a04000000-7f1a04021000 rw-p 00000000 00:00 0 
7f1a04021000-7f1a08000000 ---p 00000000 00:00 0 
7f1a08000000-7f1a08021000 rw-p 00000000 00:00 0 
7f1a08021000-7f1a0c000000 ---p 00000000 00:00 0 
7f1a0c000000-7f1a0c19f000 rw-p 00000000 00:00 0 
7f1a0c19f000-7f1a10000000 ---p 00000000 00:00 0 
7f1a10000000-7f1a10021000 rw-p 00000000 00:00 0 
7f1a10021000-7f1a14000000 ---p 00000000 00:00 0 
7f1a14000000-7f1a14021000 rw-p 00000000 00:00 0 
7f1a14021000-7f1a18000000 ---p 00000000 00:00 0 
7f1a18000000-7f1a18021000 rw-p 00000000 00:00 0 
7f1a18021000-7f1a1c000000 ---p 00000000 00:00 0 
7f1a1c030000-7f1a24000000 rw-p 00000000 00:00 0 
7f1a24000000-7f1a24021000 rw-p 00000000 00:00 0 
7f1a24021000-7f1a28000000 ---p 00000000 00:00 0 
7f1a28000000-7f1a28021000 rw-p 00000000 00:00 0 
7f1a28021000-7f1a2c000000 ---p 00000000 00:00 0 
7f1a2c000000-7f1a2c021000 rw-p 00000000 00:00 0 
7f1a2c021000-7f1a30000000 ---p 00000000 00:00 0 
7f1a30000000-7f1a30021000 rw-p 00000000 00:00 0 
7f1a30021000-7f1a34000000 ---p 00000000 00:00 0 
7f1a34000000-7f1a34021000 rw-p 00000000 00:00 0 
7f1a34021000-7f1a38000000 ---p 00000000 00:00 0 
7f1a38066000-7f1a3806e000 r-xp 00000000 08:02 34741773                   /usr/lib/jvm/jdk1.7.0_04/jre/lib/amd64/libmanagement.so
7f1a3806e000-7f1a3826d000 ---p 00008000 08:02 34741773                   /usr/lib/jvm/jdk1.7.0_04/jre/lib/amd64/libmanagement.so
7f1a3826d000-7f1a3826e000 rw-p 00007000 08:02 34741773                   /usr/lib/jvm/jdk1.7.0_04/jre/lib/amd64/libmanagement.so
7f1a3826e000-7f1a3826f000 ---p 00000000 00:00 0 
7f1a3826f000-7f1a3836f000 rw-p 00000000 00:00 0 
7f1a3836f000-7f1a38372000 ---p 00000000 00:00 0 
7f1a38372000-7f1a38470000 rw-p 00000000 00:00 0 
7f1a38470000-7f1a38473000 ---p 00000000 00:00 0 
7f1a38473000-7f1a38571000 rw-p 00000000 00:00 0 
7f1a38571000-7f1a38574000 ---p 00000000 00:00 0 
7f1a38574000-7f1a38672000 rw-p 00000000 00:00 0 
7f1a38672000-7f1a38675000 ---p 00000000 00:00 0 
7f1a38675000-7f1a38773000 rw-p 00000000 00:00 0 
7f1a38773000-7f1a38e56000 r--p 00000000 08:02 30808157                   /usr/lib/locale/locale-archive
7f1a38e56000-7f1a38e59000 ---p 00000000 00:00 0 
7f1a38e59000-7f1a38f57000 rw-p 00000000 00:00 0 
7f1a38f57000-7f1a38f5a000 ---p 00000000 00:00 0 
7f1a38f5a000-7f1a39058000 rw-p 00000000 00:00 0 
7f1a39058000-7f1a39059000 ---p 00000000 00:00 0 
7f1a39059000-7f1a3c000000 rw-p 00000000 00:00 0 
7f1a3c000000-7f1a3c021000 rw-p 00000000 00:00 0 
7f1a3c021000-7f1a40000000 ---p 00000000 00:00 0 
7f1a40000000-7f1a40021000 rw-p 00000000 00:00 0 
7f1a40021000-7f1a44000000 ---p 00000000 00:00 0 
7f1a44000000-7f1a44021000 rw-p 00000000 00:00 0 
7f1a44021000-7f1a48000000 ---p 00000000 00:00 0 
7f1a48026000-7f1a48027000 r--s 00002000 08:02 8522569                    /home/nwhitehead/.m2/repository/org/slf4j/slf4j-log4j12/1.6.6/slf4j-log4j12-1.6.6.jar
7f1a48027000-7f1a48029000 r--s 00005000 08:02 8391930                    /home/nwhitehead/.m2/repository/org/slf4j/slf4j-api/1.6.6/slf4j-api-1.6.6.jar
7f1a48029000-7f1a4803e000 r--s 000fc000 08:02 30802879                   /home/nwhitehead/.m2/repository/io/netty/netty/3.5.1.Final/netty-3.5.1.Final.jar
7f1a4803e000-7f1a48e40000 rw-p 00000000 00:00 0 
7f1a48e40000-7f1a49000000 r--s 03a2e000 08:02 30279738                   /usr/lib/jvm/jdk1.7.0_04/jre/lib/rt.jar
7f1a49000000-7f1a49270000 rwxp 00000000 00:00 0 
7f1a49270000-7f1a4c24a000 rw-p 00000000 00:00 0 
7f1a4c24a000-7f1a50000000 ---p 00000000 00:00 0 
7f1a50005000-7f1a50007000 r--s 0000c000 08:02 8522586                    /home/nwhitehead/.m2/repository/org/apache/camel/camel-test/2.10.0/camel-test-2.10.0.jar
7f1a50007000-7f1a50009000 r--s 0000e000 08:02 8522551                    /home/nwhitehead/.m2/repository/org/apache/camel/camel-netty/2.10.0/camel-netty-2.10.0.jar
7f1a50009000-7f1a50032000 r--s 001f1000 08:02 8391906                    /home/nwhitehead/.m2/repository/org/apache/camel/camel-core/2.10.0/camel-core-2.10.0.jar
7f1a50032000-7f1a5008b000 rw-p 00000000 00:00 0 
7f1a5008b000-7f1a5008c000 ---p 00000000 00:00 0 
7f1a5008c000-7f1a5018c000 rw-p 00000000 00:00 0 
7f1a5018c000-7f1a5018d000 ---p 00000000 00:00 0 
7f1a5018d000-7f1a5028d000 rw-p 00000000 00:00 0 
7f1a5028d000-7f1a5028e000 ---p 00000000 00:00 0 
7f1a5028e000-7f1a5038e000 rw-p 00000000 00:00 0 
7f1a5038e000-7f1a5038f000 ---p 00000000 00:00 0 
7f1a5038f000-7f1a5048f000 rw-p 00000000 00:00 0 
7f1a5048f000-7f1a50490000 ---p 00000000 00:00 0 
7f1a50490000-7f1a50590000 rw-p 00000000 00:00 0 
7f1a50590000-7f1a50591000 ---p 00000000 00:00 0 
7f1a50591000-7f1a50691000 rw-p 00000000 00:00 0 
7f1a50691000-7f1a50692000 ---p 00000000 00:00 0 
7f1a50692000-7f1a50792000 rw-p 00000000 00:00 0 
7f1a50792000-7f1a50793000 ---p 00000000 00:00 0 
7f1a50793000-7f1a5089e000 rw-p 00000000 00:00 0 
7f1a5089e000-7f1a508bc000 rw-p 00000000 00:00 0 
7f1a508bc000-7f1a50910000 rw-p 00000000 00:00 0 
7f1a50910000-7f1a50df4000 rw-p 00000000 00:00 0 
7f1a50df4000-7f1a50dff000 rw-p 00000000 00:00 0 
7f1a50dff000-7f1a50e1d000 rw-p 00000000 00:00 0 
7f1a50e1d000-7f1a50e71000 rw-p 00000000 00:00 0 
7f1a50e71000-7f1a51355000 rw-p 00000000 00:00 0 
7f1a51355000-7f1a5137f000 rw-p 00000000 00:00 0 
7f1a5137f000-7f1a515f1000 rw-p 00000000 00:00 0 
7f1a515f1000-7f1a515f2000 rw-p 00000000 00:00 0 
7f1a515f2000-7f1a5160c000 r-xp 00000000 08:02 34741776                   /usr/lib/jvm/jdk1.7.0_04/jre/lib/amd64/libzip.so
7f1a5160c000-7f1a5180c000 ---p 0001a000 08:02 34741776                   /usr/lib/jvm/jdk1.7.0_04/jre/lib/amd64/libzip.so
7f1a5180c000-7f1a5180d000 rw-p 0001a000 08:02 34741776                   /usr/lib/jvm/jdk1.7.0_04/jre/lib/amd64/libzip.so
7f1a5180d000-7f1a51819000 r-xp 00000000 08:02 6295070                    /lib/x86_64-linux-gnu/libnss_files-2.15.so
7f1a51819000-7f1a51a18000 ---p 0000c000 08:02 6295070                    /lib/x86_64-linux-gnu/libnss_files-2.15.so
7f1a51a18000-7f1a51a19000 r--p 0000b000 08:02 6295070                    /lib/x86_64-linux-gnu/libnss_files-2.15.so
7f1a51a19000-7f1a51a1a000 rw-p 0000c000 08:02 6295070                    /lib/x86_64-linux-gnu/libnss_files-2.15.so
7f1a51a1a000-7f1a51a24000 r-xp 00000000 08:02 6295074                    /lib/x86_64-linux-gnu/libnss_nis-2.15.so
7f1a51a24000-7f1a51c24000 ---p 0000a000 08:02 6295074                    /lib/x86_64-linux-gnu/libnss_nis-2.15.so
7f1a51c24000-7f1a51c25000 r--p 0000a000 08:02 6295074                    /lib/x86_64-linux-gnu/libnss_nis-2.15.so
7f1a51c25000-7f1a51c26000 rw-p 0000b000 08:02 6295074                    /lib/x86_64-linux-gnu/libnss_nis-2.15.so
7f1a51c26000-7f1a51c3d000 r-xp 00000000 08:02 6295064                    /lib/x86_64-linux-gnu/libnsl-2.15.so
7f1a51c3d000-7f1a51e3c000 ---p 00017000 08:02 6295064                    /lib/x86_64-linux-gnu/libnsl-2.15.so
7f1a51e3c000-7f1a51e3d000 r--p 00016000 08:02 6295064                    /lib/x86_64-linux-gnu/libnsl-2.15.so
7f1a51e3d000-7f1a51e3e000 rw-p 00017000 08:02 6295064                    /lib/x86_64-linux-gnu/libnsl-2.15.so
7f1a51e3e000-7f1a51e40000 rw-p 00000000 00:00 0 
7f1a51e40000-7f1a51e48000 r-xp 00000000 08:02 6295066                    /lib/x86_64-linux-gnu/libnss_compat-2.15.so
7f1a51e48000-7f1a52047000 ---p 00008000 08:02 6295066                    /lib/x86_64-linux-gnu/libnss_compat-2.15.so
7f1a52047000-7f1a52048000 r--p 00007000 08:02 6295066                    /lib/x86_64-linux-gnu/libnss_compat-2.15.so
7f1a52048000-7f1a52049000 rw-p 00008000 08:02 6295066                    /lib/x86_64-linux-gnu/libnss_compat-2.15.so
7f1a52049000-7f1a52072000 r-xp 00000000 08:02 34741764                   /usr/lib/jvm/jdk1.7.0_04/jre/lib/amd64/libjava.so
7f1a52072000-7f1a52272000 ---p 00029000 08:02 34741764                   /usr/lib/jvm/jdk1.7.0_04/jre/lib/amd64/libjava.so
7f1a52272000-7f1a52274000 rw-p 00029000 08:02 34741764                   /usr/lib/jvm/jdk1.7.0_04/jre/lib/amd64/libjava.so
7f1a52274000-7f1a52283000 r-xp 00000000 08:02 34741762                   /usr/lib/jvm/jdk1.7.0_04/jre/lib/amd64/libverify.so
7f1a52283000-7f1a52482000 ---p 0000f000 08:02 34741762                   /usr/lib/jvm/jdk1.7.0_04/jre/lib/amd64/libverify.so
7f1a52482000-7f1a52484000 rw-p 0000e000 08:02 34741762                   /usr/lib/jvm/jdk1.7.0_04/jre/lib/amd64/libverify.so
7f1a52484000-7f1a5248b000 r-xp 00000000 08:02 6295105                    /lib/x86_64-linux-gnu/librt-2.15.so
7f1a5248b000-7f1a5268a000 ---p 00007000 08:02 6295105                    /lib/x86_64-linux-gnu/librt-2.15.so
7f1a5268a000-7f1a5268b000 r--p 00006000 08:02 6295105                    /lib/x86_64-linux-gnu/librt-2.15.so
7f1a5268b000-7f1a5268c000 rw-p 00007000 08:02 6295105                    /lib/x86_64-linux-gnu/librt-2.15.so
7f1a5268c000-7f1a52785000 r-xp 00000000 08:02 6295051                    /lib/x86_64-linux-gnu/libm-2.15.so
7f1a52785000-7f1a52984000 ---p 000f9000 08:02 6295051                    /lib/x86_64-linux-gnu/libm-2.15.so
7f1a52984000-7f1a52985000 r--p 000f8000 08:02 6295051                    /lib/x86_64-linux-gnu/libm-2.15.so
7f1a52985000-7f1a52986000 rw-p 000f9000 08:02 6295051                    /lib/x86_64-linux-gnu/libm-2.15.so
7f1a52986000-7f1a533c7000 r-xp 00000000 08:02 34741769                   /usr/lib/jvm/jdk1.7.0_04/jre/lib/amd64/server/libjvm.so
7f1a533c7000-7f1a535c6000 ---p 00a41000 08:02 34741769                   /usr/lib/jvm/jdk1.7.0_04/jre/lib/amd64/server/libjvm.so
7f1a535c6000-7f1a5366a000 rw-p 00a40000 08:02 34741769                   /usr/lib/jvm/jdk1.7.0_04/jre/lib/amd64/server/libjvm.so
7f1a5366a000-7f1a536a5000 rw-p 00000000 00:00 0 
7f1a536a5000-7f1a53858000 r-xp 00000000 08:02 6295019                    /lib/x86_64-linux-gnu/libc-2.15.so
7f1a53858000-7f1a53a57000 ---p 001b3000 08:02 6295019                    /lib/x86_64-linux-gnu/libc-2.15.so
7f1a53a57000-7f1a53a5b000 r--p 001b2000 08:02 6295019                    /lib/x86_64-linux-gnu/libc-2.15.so
7f1a53a5b000-7f1a53a5d000 rw-p 001b6000 08:02 6295019                    /lib/x86_64-linux-gnu/libc-2.15.so
7f1a53a5d000-7f1a53a62000 rw-p 00000000 00:00 0 
7f1a53a62000-7f1a53a64000 r-xp 00000000 08:02 6295032                    /lib/x86_64-linux-gnu/libdl-2.15.so
7f1a53a64000-7f1a53c64000 ---p 00002000 08:02 6295032                    /lib/x86_64-linux-gnu/libdl-2.15.so
7f1a53c64000-7f1a53c65000 r--p 00002000 08:02 6295032                    /lib/x86_64-linux-gnu/libdl-2.15.so
7f1a53c65000-7f1a53c66000 rw-p 00003000 08:02 6295032                    /lib/x86_64-linux-gnu/libdl-2.15.so
7f1a53c66000-7f1a53c7c000 r-xp 00000000 08:02 34741744                   /usr/lib/jvm/jdk1.7.0_04/jre/lib/amd64/jli/libjli.so
7f1a53c7c000-7f1a53e7b000 ---p 00016000 08:02 34741744                   /usr/lib/jvm/jdk1.7.0_04/jre/lib/amd64/jli/libjli.so
7f1a53e7b000-7f1a53e7c000 rw-p 00015000 08:02 34741744                   /usr/lib/jvm/jdk1.7.0_04/jre/lib/amd64/jli/libjli.so
7f1a53e7c000-7f1a53e94000 r-xp 00000000 08:02 6295099                    /lib/x86_64-linux-gnu/libpthread-2.15.so
7f1a53e94000-7f1a54093000 ---p 00018000 08:02 6295099                    /lib/x86_64-linux-gnu/libpthread-2.15.so
7f1a54093000-7f1a54094000 r--p 00017000 08:02 6295099                    /lib/x86_64-linux-gnu/libpthread-2.15.so
7f1a54094000-7f1a54095000 rw-p 00018000 08:02 6295099                    /lib/x86_64-linux-gnu/libpthread-2.15.so
7f1a54095000-7f1a54099000 rw-p 00000000 00:00 0 
7f1a54099000-7f1a540bb000 r-xp 00000000 08:02 6294999                    /lib/x86_64-linux-gnu/ld-2.15.so
7f1a540c5000-7f1a540c6000 rw-p 00000000 00:00 0 
7f1a540c6000-7f1a540cf000 r--s 0006d000 08:02 30278826                   /home/nwhitehead/.m2/repository/log4j/log4j/1.2.16/log4j-1.2.16.jar
7f1a540cf000-7f1a540d5000 r--s 00034000 08:02 29493006                   /home/nwhitehead/.m2/repository/junit/junit/4.8.2/junit-4.8.2.jar
7f1a540d5000-7f1a540df000 rw-p 00000000 00:00 0 
7f1a540df000-7f1a54195000 rw-p 00000000 00:00 0 
7f1a54195000-7f1a54198000 ---p 00000000 00:00 0 
7f1a54198000-7f1a5429a000 rw-p 00000000 00:00 0 
7f1a5429a000-7f1a542af000 r--s 000f9000 08:02 33035637                   /home/nwhitehead/.m2/repository/com/sun/xml/bind/jaxb-impl/2.2.5/jaxb-impl-2.2.5.jar
7f1a542af000-7f1a542b7000 rw-s 00000000 08:02 7471150                    /tmp/hsperfdata_nwhitehead/20005
7f1a542b7000-7f1a542b8000 rw-p 00000000 00:00 0 
7f1a542b8000-7f1a542b9000 r--p 00000000 00:00 0 
7f1a542b9000-7f1a542bb000 rw-p 00000000 00:00 0 
7f1a542bb000-7f1a542bc000 r--p 00022000 08:02 6294999                    /lib/x86_64-linux-gnu/ld-2.15.so
7f1a542bc000-7f1a542be000 rw-p 00023000 08:02 6294999                    /lib/x86_64-linux-gnu/ld-2.15.so
7fff32940000-7fff32961000 rw-p 00000000 00:00 0                          [stack]
7fff329ff000-7fff32a00000 r-xp 00000000 00:00 0                          [vdso]
ffffffffff600000-ffffffffff601000 r-xp 00000000 00:00 0                  [vsyscall]

VM Arguments:
jvm_args: -Ddebug-stop=10000 -Dfile.encoding=UTF-8 
java_command: org.helios.apmrouter.trace.TracerFactory
Launcher Type: SUN_STANDARD

Environment Variables:
PATH=/home/nwhitehead/bin:/usr/lib/lightdm/lightdm:/usr/local/sbin:/usr/local/bin:/usr/sbin:/usr/bin:/sbin:/bin:/usr/games
SHELL=/bin/bash
DISPLAY=:0

Signal Handlers:
SIGSEGV: [libjvm.so+0x8a0cb0], sa_mask[0]=0x7ffbfeff, sa_flags=0x10000004
SIGBUS: [libjvm.so+0x8a0cb0], sa_mask[0]=0x7ffbfeff, sa_flags=0x10000004
SIGFPE: [libjvm.so+0x73d630], sa_mask[0]=0x7ffbfeff, sa_flags=0x10000004
SIGPIPE: [libjvm.so+0x73d630], sa_mask[0]=0x7ffbfeff, sa_flags=0x10000004
SIGXFSZ: [libjvm.so+0x73d630], sa_mask[0]=0x7ffbfeff, sa_flags=0x10000004
SIGILL: [libjvm.so+0x73d630], sa_mask[0]=0x7ffbfeff, sa_flags=0x10000004
SIGUSR1: SIG_DFL, sa_mask[0]=0x00000000, sa_flags=0x00000000
SIGUSR2: [libjvm.so+0x73cf80], sa_mask[0]=0x00000004, sa_flags=0x10000004
SIGHUP: [libjvm.so+0x73f310], sa_mask[0]=0x7ffbfeff, sa_flags=0x10000004
SIGINT: [libjvm.so+0x73f310], sa_mask[0]=0x7ffbfeff, sa_flags=0x10000004
SIGTERM: [libjvm.so+0x73f310], sa_mask[0]=0x7ffbfeff, sa_flags=0x10000004
SIGQUIT: [libjvm.so+0x73f310], sa_mask[0]=0x7ffbfeff, sa_flags=0x10000004


---------------  S Y S T E M  ---------------

OS:wheezy/sid

uname:Linux 3.2.0-30-generic #48-Ubuntu SMP Fri Aug 24 16:52:48 UTC 2012 x86_64
libc:glibc 2.15 NPTL 2.15 
rlimit: STACK 8192k, CORE 0k, NPROC 128088, NOFILE 4096, AS infinity
load average:1.36 1.47 1.79

/proc/meminfo:
MemTotal:       16412920 kB
MemFree:         9520528 kB
Buffers:          757424 kB
Cached:          2359628 kB
SwapCached:            0 kB
Active:          3981956 kB
Inactive:        2238320 kB
Active(anon):    3104864 kB
Inactive(anon):    24128 kB
Active(file):     877092 kB
Inactive(file):  2214192 kB
Unevictable:        1776 kB
Mlocked:            1776 kB
SwapTotal:      31249404 kB
SwapFree:       31249404 kB
Dirty:                64 kB
Writeback:             0 kB
AnonPages:       3104972 kB
Mapped:           285748 kB
Shmem:             25772 kB
Slab:             361672 kB
SReclaimable:     318000 kB
SUnreclaim:        43672 kB
KernelStack:        6128 kB
PageTables:        50180 kB
NFS_Unstable:          0 kB
Bounce:                0 kB
WritebackTmp:          0 kB
CommitLimit:    39455864 kB
Committed_AS:    7980348 kB
VmallocTotal:   34359738367 kB
VmallocUsed:      150996 kB
VmallocChunk:   34359579644 kB
HardwareCorrupted:     0 kB
AnonHugePages:         0 kB
HugePages_Total:       0
HugePages_Free:        0
HugePages_Rsvd:        0
HugePages_Surp:        0
Hugepagesize:       2048 kB
DirectMap4k:      202524 kB
DirectMap2M:    16553984 kB


CPU:total 8 (4 cores per cpu, 2 threads per core) family 6 model 42 stepping 7, cmov, cx8, fxsr, mmx, sse, sse2, sse3, ssse3, sse4.1, sse4.2, popcnt, avx, ht, tsc, tscinvbit

/proc/cpuinfo:
processor	: 0
vendor_id	: GenuineIntel
cpu family	: 6
model		: 42
model name	: Intel(R) Core(TM) i7-2860QM CPU @ 2.50GHz
stepping	: 7
microcode	: 0x1b
cpu MHz		: 800.000
cache size	: 8192 KB
physical id	: 0
siblings	: 8
core id		: 0
cpu cores	: 4
apicid		: 0
initial apicid	: 0
fpu		: yes
fpu_exception	: yes
cpuid level	: 13
wp		: yes
flags		: fpu vme de pse tsc msr pae mce cx8 apic sep mtrr pge mca cmov pat pse36 clflush dts acpi mmx fxsr sse sse2 ss ht tm pbe syscall nx rdtscp lm constant_tsc arch_perfmon pebs bts rep_good nopl xtopology nonstop_tsc aperfmperf pni pclmulqdq dtes64 monitor ds_cpl vmx smx est tm2 ssse3 cx16 xtpr pdcm pcid sse4_1 sse4_2 x2apic popcnt tsc_deadline_timer aes xsave avx lahf_lm ida arat epb xsaveopt pln pts dtherm tpr_shadow vnmi flexpriority ept vpid
bogomips	: 4989.01
clflush size	: 64
cache_alignment	: 64
address sizes	: 36 bits physical, 48 bits virtual
power management:

processor	: 1
vendor_id	: GenuineIntel
cpu family	: 6
model		: 42
model name	: Intel(R) Core(TM) i7-2860QM CPU @ 2.50GHz
stepping	: 7
microcode	: 0x1b
cpu MHz		: 800.000
cache size	: 8192 KB
physical id	: 0
siblings	: 8
core id		: 1
cpu cores	: 4
apicid		: 2
initial apicid	: 2
fpu		: yes
fpu_exception	: yes
cpuid level	: 13
wp		: yes
flags		: fpu vme de pse tsc msr pae mce cx8 apic sep mtrr pge mca cmov pat pse36 clflush dts acpi mmx fxsr sse sse2 ss ht tm pbe syscall nx rdtscp lm constant_tsc arch_perfmon pebs bts rep_good nopl xtopology nonstop_tsc aperfmperf pni pclmulqdq dtes64 monitor ds_cpl vmx smx est tm2 ssse3 cx16 xtpr pdcm pcid sse4_1 sse4_2 x2apic popcnt tsc_deadline_timer aes xsave avx lahf_lm ida arat epb xsaveopt pln pts dtherm tpr_shadow vnmi flexpriority ept vpid
bogomips	: 4988.44
clflush size	: 64
cache_alignment	: 64
address sizes	: 36 bits physical, 48 bits virtual
power management:

processor	: 2
vendor_id	: GenuineIntel
cpu family	: 6
model		: 42
model name	: Intel(R) Core(TM) i7-2860QM CPU @ 2.50GHz
stepping	: 7
microcode	: 0x1b
cpu MHz		: 800.000
cache size	: 8192 KB
physical id	: 0
siblings	: 8
core id		: 2
cpu cores	: 4
apicid		: 4
initial apicid	: 4
fpu		: yes
fpu_exception	: yes
cpuid level	: 13
wp		: yes
flags		: fpu vme de pse tsc msr pae mce cx8 apic sep mtrr pge mca cmov pat pse36 clflush dts acpi mmx fxsr sse sse2 ss ht tm pbe syscall nx rdtscp lm constant_tsc arch_perfmon pebs bts rep_good nopl xtopology nonstop_tsc aperfmperf pni pclmulqdq dtes64 monitor ds_cpl vmx smx est tm2 ssse3 cx16 xtpr pdcm pcid sse4_1 sse4_2 x2apic popcnt tsc_deadline_timer aes xsave avx lahf_lm ida arat epb xsaveopt pln pts dtherm tpr_shadow vnmi flexpriority ept vpid
bogomips	: 4988.44
clflush size	: 64
cache_alignment	: 64
address sizes	: 36 bits physical, 48 bits virtual
power management:

processor	: 3
vendor_id	: GenuineIntel
cpu family	: 6
model		: 42
model name	: Intel(R) Core(TM) i7-2860QM CPU @ 2.50GHz
stepping	: 7
microcode	: 0x1b
cpu MHz		: 800.000
cache size	: 8192 KB
physical id	: 0
siblings	: 8
core id		: 3
cpu cores	: 4
apicid		: 6
initial apicid	: 6
fpu		: yes
fpu_exception	: yes
cpuid level	: 13
wp		: yes
flags		: fpu vme de pse tsc msr pae mce cx8 apic sep mtrr pge mca cmov pat pse36 clflush dts acpi mmx fxsr sse sse2 ss ht tm pbe syscall nx rdtscp lm constant_tsc arch_perfmon pebs bts rep_good nopl xtopology nonstop_tsc aperfmperf pni pclmulqdq dtes64 monitor ds_cpl vmx smx est tm2 ssse3 cx16 xtpr pdcm pcid sse4_1 sse4_2 x2apic popcnt tsc_deadline_timer aes xsave avx lahf_lm ida arat epb xsaveopt pln pts dtherm tpr_shadow vnmi flexpriority ept vpid
bogomips	: 4988.44
clflush size	: 64
cache_alignment	: 64
address sizes	: 36 bits physical, 48 bits virtual
power management:

processor	: 4
vendor_id	: GenuineIntel
cpu family	: 6
model		: 42
model name	: Intel(R) Core(TM) i7-2860QM CPU @ 2.50GHz
stepping	: 7
microcode	: 0x1b
cpu MHz		: 800.000
cache size	: 8192 KB
physical id	: 0
siblings	: 8
core id		: 0
cpu cores	: 4
apicid		: 1
initial apicid	: 1
fpu		: yes
fpu_exception	: yes
cpuid level	: 13
wp		: yes
flags		: fpu vme de pse tsc msr pae mce cx8 apic sep mtrr pge mca cmov pat pse36 clflush dts acpi mmx fxsr sse sse2 ss ht tm pbe syscall nx rdtscp lm constant_tsc arch_perfmon pebs bts rep_good nopl xtopology nonstop_tsc aperfmperf pni pclmulqdq dtes64 monitor ds_cpl vmx smx est tm2 ssse3 cx16 xtpr pdcm pcid sse4_1 sse4_2 x2apic popcnt tsc_deadline_timer aes xsave avx lahf_lm ida arat epb xsaveopt pln pts dtherm tpr_shadow vnmi flexpriority ept vpid
bogomips	: 4988.44
clflush size	: 64
cache_alignment	: 64
address sizes	: 36 bits physical, 48 bits virtual
power management:

processor	: 5
vendor_id	: GenuineIntel
cpu family	: 6
model		: 42
model name	: Intel(R) Core(TM) i7-2860QM CPU @ 2.50GHz
stepping	: 7
microcode	: 0x1b
cpu MHz		: 800.000
cache size	: 8192 KB
physical id	: 0
siblings	: 8
core id		: 1
cpu cores	: 4
apicid		: 3
initial apicid	: 3
fpu		: yes
fpu_exception	: yes
cpuid level	: 13
wp		: yes
flags		: fpu vme de pse tsc msr pae mce cx8 apic sep mtrr pge mca cmov pat pse36 clflush dts acpi mmx fxsr sse sse2 ss ht tm pbe syscall nx rdtscp lm constant_tsc arch_perfmon pebs bts rep_good nopl xtopology nonstop_tsc aperfmperf pni pclmulqdq dtes64 monitor ds_cpl vmx smx est tm2 ssse3 cx16 xtpr pdcm pcid sse4_1 sse4_2 x2apic popcnt tsc_deadline_timer aes xsave avx lahf_lm ida arat epb xsaveopt pln pts dtherm tpr_shadow vnmi flexpriority ept vpid
bogomips	: 4988.44
clflush size	: 64
cache_alignment	: 64
address sizes	: 36 bits physical, 48 bits virtual
power management:

processor	: 6
vendor_id	: GenuineIntel
cpu family	: 6
model		: 42
model name	: Intel(R) Core(TM) i7-2860QM CPU @ 2.50GHz
stepping	: 7
microcode	: 0x1b
cpu MHz		: 800.000
cache size	: 8192 KB
physical id	: 0
siblings	: 8
core id		: 2
cpu cores	: 4
apicid		: 5
initial apicid	: 5
fpu		: yes
fpu_exception	: yes
cpuid level	: 13
wp		: yes
flags		: fpu vme de pse tsc msr pae mce cx8 apic sep mtrr pge mca cmov pat pse36 clflush dts acpi mmx fxsr sse sse2 ss ht tm pbe syscall nx rdtscp lm constant_tsc arch_perfmon pebs bts rep_good nopl xtopology nonstop_tsc aperfmperf pni pclmulqdq dtes64 monitor ds_cpl vmx smx est tm2 ssse3 cx16 xtpr pdcm pcid sse4_1 sse4_2 x2apic popcnt tsc_deadline_timer aes xsave avx lahf_lm ida arat epb xsaveopt pln pts dtherm tpr_shadow vnmi flexpriority ept vpid
bogomips	: 4988.44
clflush size	: 64
cache_alignment	: 64
address sizes	: 36 bits physical, 48 bits virtual
power management:

processor	: 7
vendor_id	: GenuineIntel
cpu family	: 6
model		: 42
model name	: Intel(R) Core(TM) i7-2860QM CPU @ 2.50GHz
stepping	: 7
microcode	: 0x1b
cpu MHz		: 800.000
cache size	: 8192 KB
physical id	: 0
siblings	: 8
core id		: 3
cpu cores	: 4
apicid		: 7
initial apicid	: 7
fpu		: yes
fpu_exception	: yes
cpuid level	: 13
wp		: yes
flags		: fpu vme de pse tsc msr pae mce cx8 apic sep mtrr pge mca cmov pat pse36 clflush dts acpi mmx fxsr sse sse2 ss ht tm pbe syscall nx rdtscp lm constant_tsc arch_perfmon pebs bts rep_good nopl xtopology nonstop_tsc aperfmperf pni pclmulqdq dtes64 monitor ds_cpl vmx smx est tm2 ssse3 cx16 xtpr pdcm pcid sse4_1 sse4_2 x2apic popcnt tsc_deadline_timer aes xsave avx lahf_lm ida arat epb xsaveopt pln pts dtherm tpr_shadow vnmi flexpriority ept vpid
bogomips	: 4988.44
clflush size	: 64
cache_alignment	: 64
address sizes	: 36 bits physical, 48 bits virtual
power management:



Memory: 4k page, physical 16412920k(9520528k free), swap 31249404k(31249404k free)

vm_info: Java HotSpot(TM) 64-Bit Server VM (23.0-b21) for linux-amd64 JRE (1.7.0_04-b20), built on Apr 12 2012 01:59:40 by "java_re" with gcc 4.3.0 20080428 (Red Hat 4.3.0-8)

time: Wed Sep 12 18:33:43 2012
elapsed time: 3 seconds

