#
# A fatal error has been detected by the Java Runtime Environment:
#
#  EXCEPTION_ACCESS_VIOLATION (0xc0000005) at pc=0x0000000076e7ec75, pid=13152, tid=11248
#
# JRE version: 7.0_02-b13
# Java VM: Java HotSpot(TM) 64-Bit Server VM (22.0-b10 mixed mode windows-amd64 compressed oops)
# Problematic frame:
# C  [ntdll.dll+0x4ec75]
#
# Failed to write core dump. Minidumps are not enabled by default on client versions of Windows
#
# If you would like to submit a bug report, please visit:
#   http://bugreport.sun.com/bugreport/crash.jsp
#

---------------  T H R E A D  ---------------

Current thread (0x00000000024da800):  JavaThread "main" [_thread_in_Java, id=11248, stack(0x00000000028d0000,0x00000000029d0000)]

siginfo: ExceptionCode=0xc0000005, reading address 0xffffffffffffffff

Registers:
RAX=0x00000000029cda18, RBX=0x0000000000000002, RCX=0x00000000029cdae8, RDX=0x00000000029cda58
RSP=0x00000000029cda08, RBP=0x000007fee71d6b40, RSI=0x0000000000000020, RDI=0x0000000000000000
R8 =0x00000000029c0000, R9 =0x0000000000000003, R10=0x0000000000000000, R11=0x0000000000004d7b
R12=0x0000000000000000, R13=0x0000000000000050, R14=0x0000000000000003, R15=0x00000000024da800
RIP=0x0000000076e7ec75, EFLAGS=0x0000000000010202

Top of Stack: (sp=0x00000000029cda08)
0x00000000029cda08:   0000000000000202 0000000076e37549
0x00000000029cda18:   000007fffffdb000 00000000029cdc00
0x00000000029cda28:   0000000059debf2b 0000000000000003
0x00000000029cda38:   0000000009a101b0 0000000000000001
0x00000000029cda48:   0000000009a10200 00000000029ce260
0x00000000029cda58:   00000000029d0000 00000000029c0000
0x00000000029cda68:   0000000000000000 0000000000000000
0x00000000029cda78:   00000000029ce260 00000000029ce2d0
0x00000000029cda88:   00000000029d6330 00000000029d5350
0x00000000029cda98:   0000000000000000 00000000029ce330
0x00000000029cdaa8:   00000000029ce2d0 0000000059df1536
0x00000000029cdab8:   0000000002a3c17c 0000000002a3bf90
0x00000000029cdac8:   000091d196cb5b3b 00000000029ce330
0x00000000029cdad8:   00000000025be110 0000000059df1aab
0x00000000029cdae8:   00000000029cdc48 00000000024db568
0x00000000029cdaf8:   00000000024da800 00000000029ce290 

Instructions: (pc=0x0000000076e7ec75)
0x0000000076e7ec55:   d0 00 00 00 4c 89 a1 d8 00 00 00 4c 89 a9 e0 00
0x0000000076e7ec65:   00 00 4c 89 b1 e8 00 00 00 4c 89 b9 f0 00 00 00
0x0000000076e7ec75:   0f ae 81 00 01 00 00 0f 29 81 a0 01 00 00 0f 29
0x0000000076e7ec85:   89 b0 01 00 00 0f 29 91 c0 01 00 00 0f 29 99 d0 


Register to memory mapping:

RAX=0x00000000029cda18 is pointing into the stack for thread: 0x00000000024da800
RBX=0x0000000000000002 is an unknown value
RCX=0x00000000029cdae8 is pointing into the stack for thread: 0x00000000024da800
RDX=0x00000000029cda58 is pointing into the stack for thread: 0x00000000024da800
RSP=0x00000000029cda08 is pointing into the stack for thread: 0x00000000024da800
RBP=0x000007fee71d6b40 is an unknown value
RSI=0x0000000000000020 is an unknown value
RDI=0x0000000000000000 is an unknown value
R8 =0x00000000029c0000 is pointing into the stack for thread: 0x00000000024da800
R9 =0x0000000000000003 is an unknown value
R10=0x0000000000000000 is an unknown value
R11=0x0000000000004d7b is an unknown value
R12=0x0000000000000000 is an unknown value
R13=0x0000000000000050 is an unknown value
R14=0x0000000000000003 is an unknown value
R15=0x00000000024da800 is a thread


Stack: [0x00000000028d0000,0x00000000029d0000],  sp=0x00000000029cda08,  free space=1014k
Native frames: (J=compiled Java code, j=interpreted, Vv=VM code, C=native code)
C  [ntdll.dll+0x4ec75]  RtlCaptureContext+0x85

Java frames: (J=compiled Java code, j=interpreted, Vv=VM code)
v  blob 0x0000000002a074ff
j  java.util.concurrent.locks.AbstractQueuedSynchronizer.release(I)Z+2
j  java.util.concurrent.locks.ReentrantReadWriteLock$WriteLock.unlock()V+5
j  com.sun.jmx.mbeanserver.Repository.addMBean(Ljavax/management/DynamicMBean;Ljavax/management/ObjectName;Lcom/sun/jmx/mbeanserver/Repository$RegistrationContext;)V+257
j  com.sun.jmx.interceptor.DefaultMBeanServerInterceptor.registerWithRepository(Ljava/lang/Object;Ljavax/management/DynamicMBean;Ljavax/management/ObjectName;)Lcom/sun/jmx/interceptor/DefaultMBeanServerInterceptor$ResourceContext;+16
j  com.sun.jmx.interceptor.DefaultMBeanServerInterceptor.registerDynamicMBean(Ljava/lang/String;Ljavax/management/DynamicMBean;Ljavax/management/ObjectName;)Ljavax/management/ObjectInstance;+213
j  com.sun.jmx.interceptor.DefaultMBeanServerInterceptor.registerObject(Ljava/lang/String;Ljava/lang/Object;Ljavax/management/ObjectName;)Ljavax/management/ObjectInstance;+38
j  com.sun.jmx.interceptor.DefaultMBeanServerInterceptor.registerMBean(Ljava/lang/Object;Ljavax/management/ObjectName;)Ljavax/management/ObjectInstance;+33
j  com.sun.jmx.mbeanserver.JmxMBeanServer$1.run()Ljava/lang/Object;+17
v  ~StubRoutines::call_stub
j  java.security.AccessController.doPrivileged(Ljava/security/PrivilegedExceptionAction;)Ljava/lang/Object;+0
j  com.sun.jmx.mbeanserver.JmxMBeanServer.initialize()V+25
j  com.sun.jmx.mbeanserver.JmxMBeanServer.<init>(Ljava/lang/String;Ljavax/management/MBeanServer;Ljavax/management/MBeanServerDelegate;Lcom/sun/jmx/mbeanserver/MBeanInstantiator;ZZ)V+118
j  com.sun.jmx.mbeanserver.JmxMBeanServer.newMBeanServer(Ljava/lang/String;Ljavax/management/MBeanServer;Ljavax/management/MBeanServerDelegate;Z)Ljavax/management/MBeanServer;+10
j  javax.management.MBeanServerBuilder.newMBeanServer(Ljava/lang/String;Ljavax/management/MBeanServer;Ljavax/management/MBeanServerDelegate;)Ljavax/management/MBeanServer;+4
j  javax.management.MBeanServerFactory.newMBeanServer(Ljava/lang/String;)Ljavax/management/MBeanServer;+36
j  javax.management.MBeanServerFactory.createMBeanServer(Ljava/lang/String;)Ljavax/management/MBeanServer;+6
j  javax.management.MBeanServerFactory.createMBeanServer()Ljavax/management/MBeanServer;+1
j  java.lang.management.ManagementFactory.getPlatformMBeanServer()Ljavax/management/MBeanServer;+29
j  org.helios.apmrouter.jmx.ThreadPoolFactory.<init>(Ljava/lang/String;Ljava/lang/String;)V+81
j  org.helios.apmrouter.jmx.ThreadPoolFactory.newCachedThreadPool(Ljava/lang/String;Ljava/lang/String;)Ljava/util/concurrent/Executor;+6
j  org.helios.apmrouter.sender.netty.UDPSender.<init>(Ljava/net/URI;)V+52
j  org.helios.apmrouter.sender.netty.UDPSender.getInstance(Ljava/net/URI;)Lorg/helios/apmrouter/sender/netty/UDPSender;+50
j  org.helios.apmrouter.trace.TracerFactory.<clinit>()V+183
v  ~StubRoutines::call_stub

---------------  P R O C E S S  ---------------

Java Threads: ( => current thread )
  0x00000000099f4000 JavaThread "udp://localhost:2094-QueueProcessor" daemon [_thread_in_Java, id=12776, stack(0x000000000a150000,0x000000000a250000)]
  0x0000000008cc0800 JavaThread "Service Thread" daemon [_thread_blocked, id=15836, stack(0x00000000096f0000,0x00000000097f0000)]
  0x0000000008cb4000 JavaThread "C2 CompilerThread1" daemon [_thread_blocked, id=12924, stack(0x0000000009530000,0x0000000009630000)]
  0x0000000008caf000 JavaThread "C2 CompilerThread0" daemon [_thread_blocked, id=15328, stack(0x0000000009090000,0x0000000009190000)]
  0x0000000008cae000 JavaThread "Attach Listener" daemon [_thread_blocked, id=14676, stack(0x00000000093c0000,0x00000000094c0000)]
  0x0000000008cad000 JavaThread "Signal Dispatcher" daemon [_thread_blocked, id=11708, stack(0x0000000009200000,0x0000000009300000)]
  0x0000000007c0c000 JavaThread "Finalizer" daemon [_thread_blocked, id=16288, stack(0x0000000008b80000,0x0000000008c80000)]
  0x0000000007c06000 JavaThread "Reference Handler" daemon [_thread_blocked, id=12592, stack(0x0000000008a10000,0x0000000008b10000)]
=>0x00000000024da800 JavaThread "main" [_thread_in_Java, id=11248, stack(0x00000000028d0000,0x00000000029d0000)]

Other Threads:
  0x0000000007bf1000 VMThread [stack: 0x00000000087e0000,0x00000000088e0000] [id=15424]
  0x0000000008ccd800 WatcherThread [stack: 0x0000000009820000,0x0000000009920000] [id=17316]

VM state:not at safepoint (normal execution)

VM Mutex/Monitor currently owned by a thread: None

Heap
 PSYoungGen      total 114688K, used 7865K [0x0000000780000000, 0x0000000788000000, 0x0000000800000000)
  eden space 98304K, 8% used [0x0000000780000000,0x00000007807ae420,0x0000000786000000)
  from space 16384K, 0% used [0x0000000787000000,0x0000000787000000,0x0000000788000000)
  to   space 16384K, 0% used [0x0000000786000000,0x0000000786000000,0x0000000787000000)
 PSOldGen        total 262144K, used 0K [0x0000000680000000, 0x0000000690000000, 0x0000000780000000)
  object space 262144K, 0% used [0x0000000680000000,0x0000000680000000,0x0000000690000000)
 PSPermGen       total 21248K, used 4584K [0x000000067ae00000, 0x000000067c2c0000, 0x0000000680000000)
  object space 21248K, 21% used [0x000000067ae00000,0x000000067b27a2c0,0x000000067c2c0000)

Code Cache  [0x00000000029d0000, 0x0000000002c40000, 0x00000000059d0000)
 total_blobs=235 nmethods=31 adapters=157 free_code_cache=48711Kb largest_free_block=49862720

Dynamic libraries:
0x000000013f410000 - 0x000000013f443000 	C:\Java\jdk1.7.0_02\bin\javaw.exe
0x0000000076e30000 - 0x0000000076fdc000 	C:\Windows\SYSTEM32\ntdll.dll
0x0000000076b00000 - 0x0000000076c1f000 	C:\Windows\system32\kernel32.dll
0x000007fefd5e0000 - 0x000007fefd64c000 	C:\Windows\system32\KERNELBASE.dll
0x000007fefdd70000 - 0x000007fefde4b000 	C:\Windows\system32\ADVAPI32.dll
0x000007fefd670000 - 0x000007fefd70f000 	C:\Windows\system32\msvcrt.dll
0x000007fefd900000 - 0x000007fefd91f000 	C:\Windows\SYSTEM32\sechost.dll
0x000007fefef40000 - 0x000007feff06e000 	C:\Windows\system32\RPCRT4.dll
0x00000000768b0000 - 0x00000000769aa000 	C:\Windows\system32\USER32.dll
0x000007fefdd00000 - 0x000007fefdd67000 	C:\Windows\system32\GDI32.dll
0x000007fefdcf0000 - 0x000007fefdcfe000 	C:\Windows\system32\LPK.dll
0x000007feff070000 - 0x000007feff13a000 	C:\Windows\system32\USP10.dll
0x000007fefbb90000 - 0x000007fefbd84000 	C:\Windows\WinSxS\amd64_microsoft.windows.common-controls_6595b64144ccf1df_6.0.7600.16661_none_fa62ad231704eab7\COMCTL32.dll
0x000007fefeec0000 - 0x000007fefef31000 	C:\Windows\system32\SHLWAPI.dll
0x000007fefd110000 - 0x000007fefd167000 	C:\Windows\system32\apphelp.dll
0x000007fee70d0000 - 0x000007fee7537000 	C:\Windows\AppPatch\AppPatch64\AcXtrnal.DLL
0x000007fefdab0000 - 0x000007fefdade000 	C:\Windows\system32\IMM32.DLL
0x000007fefd710000 - 0x000007fefd819000 	C:\Windows\system32\MSCTF.dll
0x000007fefd280000 - 0x000007fefd297000 	C:\Windows\system32\AMINIT64.DLL
0x000000005cc90000 - 0x000000005cd61000 	C:\Java\jdk1.7.0_02\jre\bin\msvcr100.dll
0x0000000059c30000 - 0x000000005a30a000 	C:\Java\jdk1.7.0_02\jre\bin\server\jvm.dll
0x000007fefc740000 - 0x000007fefc749000 	C:\Windows\system32\WSOCK32.dll
0x000007fefee70000 - 0x000007fefeebd000 	C:\Windows\system32\WS2_32.dll
0x000007fefee60000 - 0x000007fefee68000 	C:\Windows\system32\NSI.dll
0x000007fefb0b0000 - 0x000007fefb0eb000 	C:\Windows\system32\WINMM.dll
0x0000000076ff0000 - 0x0000000076ff7000 	C:\Windows\system32\PSAPI.DLL
0x000000006f1a0000 - 0x000000006f1af000 	C:\Java\jdk1.7.0_02\jre\bin\verify.dll
0x0000000062870000 - 0x0000000062898000 	C:\Java\jdk1.7.0_02\jre\bin\java.dll
0x00000000628b0000 - 0x00000000628c5000 	C:\Java\jdk1.7.0_02\jre\bin\zip.dll

VM Arguments:
jvm_args: -Dfile.encoding=Cp1252 
java_command: org.helios.apmrouter.trace.TracerFactory
Launcher Type: SUN_STANDARD

Environment Variables:
JAVA_HOME=C:\Java\jdk1.6.0_21
CLASSPATH=.;C:\Program Files (x86)\Java\jre6\lib\ext\QTJava.zip
PATH=c:\tools\git\bin;C:\Java\jdk1.6.0_21\bin;C:\tools\SlikSvn\bin\;C:\csvn\bin\;C:\csvn\Python25\;C:\oracle\app\nwhitehe\product\11.2.0\dbhome_1\bin;C:\Windows\system32;C:\Windows;C:\Windows\System32\Wbem;C:\Windows\System32\WindowsPowerShell\v1.0\;c:\Program Files (x86)\ATI Technologies\ATI.ACE\Core-Static;C:\Program Files (x86)\NTRU Cryptosystems\NTRU TCG Software Stack\bin\;C:\Program Files\NTRU Cryptosystems\NTRU TCG Software Stack\bin\;C:\Program Files\Wave Systems Corp\Gemalto\Access Client\v5\;C:\tools\Mercurial\;C:\libs\java\ant\apache-ant-1.8.0\bin;c:\cygwin\bin;c:\java\jdk1.6.0_21;c:\groovy\Groovy-1.7.4\bin;C:\libs\java\apache-maven-2.2.1\bin;c:\tools\exploder\bin;C:\tools\StarTeam2009\SDK\StarTeam SDK 11.0\Lib;C:\tools\StarTeam2009\SDK\StarTeam SDK 11.0\Bin;C:\tools\TortoiseHg\;C:\Program Files (x86)\Enterprise Vault\EVClient\;C:\tools\strawberry\c\bin;C:\tools\strawberry\perl\site\bin;C:\tools\strawberry\perl\bin;C:\Program Files (x86)\QuickTime\QTSystem\;C:\tools\GnuPG\pub;C:\tools\Graphviz\bin;C:\Tools\TortoiseGit\bin;C:\Groovy\Groovy-1.8.5\bin;c:\Program Files\Microsoft Windows Performance Toolkit\;c:\Program Files (x86)\Microsoft SQL Server\100\Tools\Binn\;c:\Program Files\Microsoft SQL Server\100\Tools\Binn\;c:\Program Files\Microsoft SQL Server\100\DTS\Binn\;C:\Go\bin;C:\tools\Lua\5.1;C:\tools\Lua\5.1\clibs;C:\tools\UltraEdit\;C:\tools\UltraCompare\
USERNAME=nwhitehe
OS=Windows_NT
PROCESSOR_IDENTIFIER=Intel64 Family 6 Model 44 Stepping 2, GenuineIntel



---------------  S Y S T E M  ---------------

OS: Windows 7 , 64 bit Build 7600 

CPU:total 12 (6 cores per cpu, 2 threads per core) family 6 model 44 stepping 2, cmov, cx8, fxsr, mmx, sse, sse2, sse3, ssse3, sse4.1, sse4.2, popcnt, ht

Memory: 4k page, physical 25163320k(5586768k free), swap 50324740k(24017404k free)

vm_info: Java HotSpot(TM) 64-Bit Server VM (22.0-b10) for windows-amd64 JRE (1.7.0_02-b13), built on Nov 17 2011 13:51:15 by "java_re" with unknown MS VC++:1600

time: Tue Sep 11 16:40:12 2012
elapsed time: 0 seconds

