#
# A fatal error has been detected by the Java Runtime Environment:
#
#  SIGSEGV (0xb) at pc=0x00007f62ab3ed15b, pid=6608, tid=140061356906240
#
# JRE version: 7.0_04-b20
# Java VM: Java HotSpot(TM) 64-Bit Server VM (23.0-b21 mixed mode linux-amd64 compressed oops)
# Problematic frame:
# C  [libc.so.6+0x14c15b]  __nss_hosts_lookup+0x1c13b
#
# Failed to write core dump. Core dumps have been disabled. To enable core dumping, try "ulimit -c unlimited" before starting Java again
#
# If you would like to submit a bug report, please visit:
#   http://bugreport.sun.com/bugreport/crash.jsp
#

---------------  T H R E A D  ---------------

Current thread (0x00007f62a45a2000):  JavaThread "New I/O  worker #1" daemon [_thread_in_vm, id=6641, stack(0x00007f62935cd000,0x00007f62936ce000)]

siginfo:si_signo=SIGSEGV: si_errno=0, si_code=2 (SEGV_ACCERR), si_addr=0x00007f6230029000

Registers:
RAX=0x00000007b0686c70, RBX=0x00007f62a45a2000, RCX=0x0000000000008000, RDX=0x0000000000000058
RSP=0x00007f62936cbfe8, RBP=0x00007f62936cc040, RSI=0x00007f6230028fb3, RDI=0x00000007b0687f80
R8 =0x00000007b0686c70, R9 =0x00007f62ab3ed140, R10=0x00007f62a1011f64, R11=0x00007f62ab423230
R12=0x0000000000000000, R13=0x00007f62936cc120, R14=0x00007f62936cc000, R15=0x0000000000000010
RIP=0x00007f62ab3ed15b, EFLAGS=0x0000000000010202, CSGSFS=0x0000000000000033, ERR=0x0000000000000004
  TRAPNO=0x000000000000000e

Top of Stack: (sp=0x00007f62936cbfe8)
0x00007f62936cbfe8:   00007f62aae07163 69532064726f6365
0x00007f62936cbff8:   00007f6230027ca3 00007f62a45a2000
0x00007f62936cc008:   000000070074d140 00007f62936cc050
0x00007f62936cc018:   00000007006eaa20 0000000000000000
0x00007f62936cc028:   00000007006eaa20 00007f62936cc140
0x00007f62936cc038:   00007f62a45a2000 00007f62936cc0e0
0x00007f62936cc048:   00007f62a1011f90 0000000000001468
0x00007f62936cc058:   00007f62936cc080 00007f62936cc0d8
0x00007f62936cc068:   00007f62a1006450 00007f624c0096e8
0x00007f62936cc078:   00007f624c0096e8 00000007b0686c60
0x00007f62936cc088:   00007f62a45a2000 0000000000000001
0x00007f62936cc098:   0000000000001468 00007f62936cc0a0
0x00007f62936cc0a8:   0000000000000000 00007f62936cc140
0x00007f62936cc0b8:   00000007006ed890 0000000000000000
0x00007f62936cc0c8:   00000007006eaa20 0000000000000000
0x00007f62936cc0d8:   00007f62936cc100 00007f62936cc188
0x00007f62936cc0e8:   00007f62a1006158 0000000000000000
0x00007f62936cc0f8:   00007f62a100edd8 0000000000001468
0x00007f62936cc108:   00007f62aaac603a 0000000000000010
0x00007f62936cc118:   0000000000000010 00000007b0686c60
0x00007f62936cc128:   00007f6230027ca3 00007f62936cc188
0x00007f62936cc138:   0000000000000000 00000007ac8118e8
0x00007f62936cc148:   00007f62936cc148 0000000701352c9c
0x00007f62936cc158:   00007f62936cc1a8 00000007013534a0
0x00007f62936cc168:   0000000000000000 0000000701352ce0
0x00007f62936cc178:   00007f62936cc100 00007f62936cc1a0
0x00007f62936cc188:   00007f62936cc200 00007f62a1006333
0x00007f62936cc198:   00000007b0686c60 0000000000001468
0x00007f62936cc1a8:   00000007b0686628 00000007b0686c40
0x00007f62936cc1b8:   00000007b0686c40 00007f62936cc1c0
0x00007f62936cc1c8:   0000000701352b91 00007f62936cc210
0x00007f62936cc1d8:   00000007013534a0 0000000000000000 

Instructions: (pc=0x00007f62ab3ed15b)
0x00007f62ab3ed13b:   00 00 00 00 00 48 81 ea 80 00 00 00 0f 28 4e fd
0x00007f62ab3ed14b:   0f 28 56 0d 0f 28 5e 1d 0f 28 66 2d 0f 28 6e 3d
0x00007f62ab3ed15b:   0f 28 76 4d 0f 28 7e 5d 44 0f 28 46 6d 44 0f 28
0x00007f62ab3ed16b:   4e 7d 48 8d b6 80 00 00 00 66 45 0f 3a 0f c8 03 

Register to memory mapping:

RAX=0x00000007b0686c70 is an unknown value
RBX=0x00007f62a45a2000 is a thread
RCX=0x0000000000008000 is an unknown value
RDX=0x0000000000000058 is an unknown value
RSP=0x00007f62936cbfe8 is pointing into the stack for thread: 0x00007f62a45a2000
RBP=0x00007f62936cc040 is pointing into the stack for thread: 0x00007f62a45a2000
RSI=0x00007f6230028fb3 is an unknown value
RDI=0x00000007b0687f80 is an unknown value
R8 =0x00000007b0686c70 is an unknown value
R9 =0x00007f62ab3ed140: <offset 0x14c140> in /lib/x86_64-linux-gnu/libc.so.6 at 0x00007f62ab2a1000
R10=0x00007f62a1011f64 is an Interpreter codelet
method entry point (kind = native)  [0x00007f62a1011d00, 0x00007f62a1012540]  2112 bytes
R11=0x00007f62ab423230: <offset 0x182230> in /lib/x86_64-linux-gnu/libc.so.6 at 0x00007f62ab2a1000
R12=0x0000000000000000 is an unknown value
R13=0x00007f62936cc120 is pointing into the stack for thread: 0x00007f62a45a2000
R14=0x00007f62936cc000 is pointing into the stack for thread: 0x00007f62a45a2000
R15=0x0000000000000010 is an unknown value


Stack: [0x00007f62935cd000,0x00007f62936ce000],  sp=0x00007f62936cbfe8,  free space=1019k
Native frames: (J=compiled Java code, j=interpreted, Vv=VM code, C=native code)
C  [libc.so.6+0x14c15b]  __nss_hosts_lookup+0x1c13b
j  sun.misc.Unsafe.copyMemory(Ljava/lang/Object;JLjava/lang/Object;JJ)V+0
j  org.helios.apmrouter.trace.DirectMetricCollection$Reader.readBytes(I)[B+28
j  org.helios.apmrouter.trace.DirectMetricCollection$Reader.readString()Ljava/lang/String;+9
j  org.helios.apmrouter.trace.DirectMetricCollection$MetricReader.next()Lorg/helios/apmrouter/metric/IMetric;+92
j  org.helios.apmrouter.trace.DirectMetricCollection$MetricReader.next()Ljava/lang/Object;+1
j  org.helios.apmrouter.trace.DirectMetricCollection.decode()[Lorg/helios/apmrouter/metric/IMetric;+24
j  org.helios.apmrouter.server.net.listener.netty.handlers.AgentMetricHandler.processAgentRequest(Lorg/helios/apmrouter/SenderOpCode;Lorg/jboss/netty/buffer/ChannelBuffer;Ljava/net/SocketAddress;Lorg/jboss/netty/channel/Channel;)V+28
j  org.helios.apmrouter.server.net.listener.netty.handlers.udp.UDPAgentOperationRouter.handleUpstream(Lorg/jboss/netty/channel/ChannelHandlerContext;Lorg/jboss/netty/channel/ChannelEvent;)V+74
j  org.jboss.netty.channel.DefaultChannelPipeline.sendUpstream(Lorg/jboss/netty/channel/DefaultChannelPipeline$DefaultChannelHandlerContext;Lorg/jboss/netty/channel/ChannelEvent;)V+9
j  org.jboss.netty.channel.DefaultChannelPipeline.sendUpstream(Lorg/jboss/netty/channel/ChannelEvent;)V+55
j  org.jboss.netty.channel.Channels.fireMessageReceived(Lorg/jboss/netty/channel/Channel;Ljava/lang/Object;Ljava/net/SocketAddress;)V+16
j  org.jboss.netty.channel.socket.nio.NioDatagramWorker.read(Ljava/nio/channels/SelectionKey;)Z+136
j  org.jboss.netty.channel.socket.nio.AbstractNioWorker.processSelectedKeys(Ljava/util/Set;)V+52
j  org.jboss.netty.channel.socket.nio.AbstractNioWorker.run()V+97
j  org.jboss.netty.channel.socket.nio.NioDatagramWorker.run()V+1
j  org.jboss.netty.util.ThreadRenamingRunnable.run()V+55
j  org.jboss.netty.util.internal.DeadLockProofWorker$1.run()V+14
j  java.util.concurrent.ThreadPoolExecutor.runWorker(Ljava/util/concurrent/ThreadPoolExecutor$Worker;)V+46
j  java.util.concurrent.ThreadPoolExecutor$Worker.run()V+5
j  java.lang.Thread.run()V+11
v  ~StubRoutines::call_stub
V  [libjvm.so+0x54df25]  JavaCalls::call_helper(JavaValue*, methodHandle*, JavaCallArguments*, Thread*)+0x355
V  [libjvm.so+0x54ca48]  JavaCalls::call(JavaValue*, methodHandle, JavaCallArguments*, Thread*)+0x28
V  [libjvm.so+0x54ccdc]  JavaCalls::call_virtual(JavaValue*, KlassHandle, Symbol*, Symbol*, JavaCallArguments*, Thread*)+0x17c
V  [libjvm.so+0x54ce07]  JavaCalls::call_virtual(JavaValue*, Handle, KlassHandle, Symbol*, Symbol*, Thread*)+0x47
V  [libjvm.so+0x5a6e3f]  thread_entry(JavaThread*, Thread*)+0xdf
V  [libjvm.so+0x860228]  JavaThread::thread_main_inner()+0xc8
V  [libjvm.so+0x860378]  JavaThread::run()+0x138
V  [libjvm.so+0x741ff0]  java_start(Thread*)+0x100

Java frames: (J=compiled Java code, j=interpreted, Vv=VM code)
j  sun.misc.Unsafe.copyMemory(Ljava/lang/Object;JLjava/lang/Object;JJ)V+0
j  org.helios.apmrouter.trace.DirectMetricCollection$Reader.readBytes(I)[B+28
j  org.helios.apmrouter.trace.DirectMetricCollection$Reader.readString()Ljava/lang/String;+9
j  org.helios.apmrouter.trace.DirectMetricCollection$MetricReader.next()Lorg/helios/apmrouter/metric/IMetric;+92
j  org.helios.apmrouter.trace.DirectMetricCollection$MetricReader.next()Ljava/lang/Object;+1
j  org.helios.apmrouter.trace.DirectMetricCollection.decode()[Lorg/helios/apmrouter/metric/IMetric;+24
j  org.helios.apmrouter.server.net.listener.netty.handlers.AgentMetricHandler.processAgentRequest(Lorg/helios/apmrouter/SenderOpCode;Lorg/jboss/netty/buffer/ChannelBuffer;Ljava/net/SocketAddress;Lorg/jboss/netty/channel/Channel;)V+28
j  org.helios.apmrouter.server.net.listener.netty.handlers.udp.UDPAgentOperationRouter.handleUpstream(Lorg/jboss/netty/channel/ChannelHandlerContext;Lorg/jboss/netty/channel/ChannelEvent;)V+74
j  org.jboss.netty.channel.DefaultChannelPipeline.sendUpstream(Lorg/jboss/netty/channel/DefaultChannelPipeline$DefaultChannelHandlerContext;Lorg/jboss/netty/channel/ChannelEvent;)V+9
j  org.jboss.netty.channel.DefaultChannelPipeline.sendUpstream(Lorg/jboss/netty/channel/ChannelEvent;)V+55
j  org.jboss.netty.channel.Channels.fireMessageReceived(Lorg/jboss/netty/channel/Channel;Ljava/lang/Object;Ljava/net/SocketAddress;)V+16
j  org.jboss.netty.channel.socket.nio.NioDatagramWorker.read(Ljava/nio/channels/SelectionKey;)Z+136
j  org.jboss.netty.channel.socket.nio.AbstractNioWorker.processSelectedKeys(Ljava/util/Set;)V+52
j  org.jboss.netty.channel.socket.nio.AbstractNioWorker.run()V+97
j  org.jboss.netty.channel.socket.nio.NioDatagramWorker.run()V+1
j  org.jboss.netty.util.ThreadRenamingRunnable.run()V+55
j  org.jboss.netty.util.internal.DeadLockProofWorker$1.run()V+14
j  java.util.concurrent.ThreadPoolExecutor.runWorker(Ljava/util/concurrent/ThreadPoolExecutor$Worker;)V+46
j  java.util.concurrent.ThreadPoolExecutor$Worker.run()V+5
j  java.lang.Thread.run()V+11
v  ~StubRoutines::call_stub

---------------  P R O C E S S  ---------------

Java Threads: ( => current thread )
  0x00007f62a45c1800 JavaThread "PatternRouterWorkersThread#3" daemon [_thread_blocked, id=6647, stack(0x00007f62932ca000,0x00007f62933cb000)]
  0x00007f62a45c0000 JavaThread "PatternRouterWorkersThread#2" daemon [_thread_blocked, id=6646, stack(0x00007f62933cb000,0x00007f62934cc000)]
  0x00007f62a45c4800 JavaThread "PatternRouterWorkersThread#1" daemon [_thread_blocked, id=6645, stack(0x00007f62934cc000,0x00007f62935cd000)]
=>0x00007f62a45a2000 JavaThread "New I/O  worker #1" daemon [_thread_in_vm, id=6641, stack(0x00007f62935cd000,0x00007f62936ce000)]
  0x00007f62a45b4000 JavaThread "SpringEventPoolThread#1" daemon [_thread_blocked, id=6640, stack(0x00007f62936ce000,0x00007f62937cf000)]
  0x00007f62a40f8800 JavaThread "Service Thread" daemon [_thread_blocked, id=6629, stack(0x00007f6293eff000,0x00007f6294000000)]
  0x00007f62a40f6000 JavaThread "C2 CompilerThread1" daemon [_thread_blocked, id=6628, stack(0x00007f6298009000,0x00007f629810a000)]
  0x00007f62a40f3000 JavaThread "C2 CompilerThread0" daemon [_thread_blocked, id=6627, stack(0x00007f629810a000,0x00007f629820b000)]
  0x00007f62a40f1000 JavaThread "Signal Dispatcher" daemon [_thread_blocked, id=6626, stack(0x00007f629820b000,0x00007f629830c000)]
  0x00007f62a40a4800 JavaThread "Finalizer" daemon [_thread_blocked, id=6625, stack(0x00007f62989ef000,0x00007f6298af0000)]
  0x00007f62a40a2800 JavaThread "Reference Handler" daemon [_thread_blocked, id=6624, stack(0x00007f6298af0000,0x00007f6298bf1000)]
  0x00007f62a400a000 JavaThread "main" [_thread_blocked, id=6614, stack(0x00007f62abd91000,0x00007f62abe92000)]

Other Threads:
  0x00007f62a409b000 VMThread [stack: 0x00007f6298bf1000,0x00007f6298cf2000] [id=6623]
  0x00007f62a410b000 WatcherThread [stack: 0x00007f6293dfe000,0x00007f6293eff000] [id=6630]

VM state:not at safepoint (normal execution)

VM Mutex/Monitor currently owned by a thread: None

Heap
 PSYoungGen      total 74816K, used 64128K [0x00000007ac800000, 0x00000007b1b80000, 0x0000000800000000)
  eden space 64128K, 100% used [0x00000007ac800000,0x00000007b06a0000,0x00000007b06a0000)
  from space 10688K, 0% used [0x00000007b1110000,0x00000007b1110000,0x00000007b1b80000)
  to   space 10688K, 0% used [0x00000007b06a0000,0x00000007b06a0000,0x00000007b1110000)
 ParOldGen       total 171008K, used 0K [0x0000000705800000, 0x000000070ff00000, 0x00000007ac800000)
  object space 171008K, 0% used [0x0000000705800000,0x0000000705800000,0x000000070ff00000)
 PSPermGen       total 21248K, used 13728K [0x0000000700600000, 0x0000000701ac0000, 0x0000000705800000)
  object space 21248K, 64% used [0x0000000700600000,0x00000007013680d8,0x0000000701ac0000)

Code Cache  [0x00007f62a1000000, 0x00007f62a1270000, 0x00007f62a4000000)
 total_blobs=467 nmethods=171 adapters=248 free_code_cache=48342Kb largest_free_block=49483904

Compilation events (10 events):
Event: 5.001 Thread 0x00007f62a40f3000  167             sun.nio.cs.UTF_8$Encoder::encodeArrayLoop (489 bytes)
Event: 5.013 Thread 0x00007f62a40f3000 nmethod 167 0x00007f62a10ca890 code [0x00007f62a10caa60, 0x00007f62a10cb250]
Event: 5.031 Thread 0x00007f62a40f6000  168             java.lang.String::<init> (20 bytes)
Event: 5.031 Thread 0x00007f62a40f6000 nmethod 168 0x00007f62a10ca5d0 code [0x00007f62a10ca700, 0x00007f62a10ca778]
Event: 5.049 Thread 0x00007f62a40f3000  169             java.nio.Buffer::position (43 bytes)
Event: 5.050 Thread 0x00007f62a40f3000 nmethod 169 0x00007f62a10cbdd0 code [0x00007f62a10cbf00, 0x00007f62a10cbf98]
Event: 5.060 Thread 0x00007f62a40f6000  170             java.nio.HeapByteBuffer::ix (7 bytes)
Event: 5.060 Thread 0x00007f62a40f6000 nmethod 170 0x00007f62a10cbbd0 code [0x00007f62a10cbd00, 0x00007f62a10cbd58]
Event: 5.061 Thread 0x00007f62a40f3000  171             java.nio.charset.CoderResult::isError (14 bytes)
Event: 5.061 Thread 0x00007f62a40f3000 nmethod 171 0x00007f62a10cb9d0 code [0x00007f62a10cbb00, 0x00007f62a10cbb78]

GC Heap History (0 events):
No events

Deoptimization events (9 events):
Event: 0.093 Thread 0x00007f62a400a000 Uncommon trap -12 fr.pc 0x00007f62a10658a0
Event: 0.520 Thread 0x00007f62a400a000 Uncommon trap -34 fr.pc 0x00007f62a1076260
Event: 0.520 Thread 0x00007f62a400a000 Uncommon trap -34 fr.pc 0x00007f62a1076318
Event: 0.520 Thread 0x00007f62a400a000 Uncommon trap -34 fr.pc 0x00007f62a1076260
Event: 0.556 Thread 0x00007f62a400a000 Uncommon trap -34 fr.pc 0x00007f62a106098c
Event: 0.556 Thread 0x00007f62a400a000 Uncommon trap -34 fr.pc 0x00007f62a106098c
Event: 0.556 Thread 0x00007f62a400a000 Uncommon trap -34 fr.pc 0x00007f62a106098c
Event: 0.596 Thread 0x00007f62a400a000 Uncommon trap -34 fr.pc 0x00007f62a106098c
Event: 4.996 Thread 0x00007f62a45a2000 Uncommon trap 234 fr.pc 0x00007f62a1079f88

Internal exceptions (10 events):
Event: 4.990 Thread 0x00007f62a45a2000 Threw 0x00000007afaa1a08 at /HUDSON/workspace/jdk7u4-2-build-linux-amd64-product/jdk7u4/hotspot/src/share/vm/prims/jvm.cpp:1166
Event: 4.990 Thread 0x00007f62a45a2000 Threw 0x00000007afaa75c8 at /HUDSON/workspace/jdk7u4-2-build-linux-amd64-product/jdk7u4/hotspot/src/share/vm/prims/jvm.cpp:1166
Event: 4.991 Thread 0x00007f62a45a2000 Threw 0x00000007afaac720 at /HUDSON/workspace/jdk7u4-2-build-linux-amd64-product/jdk7u4/hotspot/src/share/vm/prims/jvm.cpp:1166
Event: 4.991 Thread 0x00007f62a45a2000 Threw 0x00000007afab36d0 at /HUDSON/workspace/jdk7u4-2-build-linux-amd64-product/jdk7u4/hotspot/src/share/vm/prims/jvm.cpp:1166
Event: 4.992 Thread 0x00007f62a45a2000 Threw 0x00000007afab93f0 at /HUDSON/workspace/jdk7u4-2-build-linux-amd64-product/jdk7u4/hotspot/src/share/vm/prims/jvm.cpp:1166
Event: 4.992 Thread 0x00007f62a45a2000 Threw 0x00000007afabed60 at /HUDSON/workspace/jdk7u4-2-build-linux-amd64-product/jdk7u4/hotspot/src/share/vm/prims/jvm.cpp:1166
Event: 4.993 Thread 0x00007f62a45a2000 Threw 0x00000007afac4a20 at /HUDSON/workspace/jdk7u4-2-build-linux-amd64-product/jdk7u4/hotspot/src/share/vm/prims/jvm.cpp:1166
Event: 4.993 Thread 0x00007f62a45a2000 Threw 0x00000007afaca0d0 at /HUDSON/workspace/jdk7u4-2-build-linux-amd64-product/jdk7u4/hotspot/src/share/vm/prims/jvm.cpp:1166
Event: 4.994 Thread 0x00007f62a45a2000 Threw 0x00000007afad1d88 at /HUDSON/workspace/jdk7u4-2-build-linux-amd64-product/jdk7u4/hotspot/src/share/vm/prims/jvm.cpp:1166
Event: 4.995 Thread 0x00007f62a45a2000 Threw 0x00000007afadb750 at /HUDSON/workspace/jdk7u4-2-build-linux-amd64-product/jdk7u4/hotspot/src/share/vm/prims/jvm.cpp:1166

Events (10 events):
Event: 4.996 loading class 0x00007f62a4070a60
Event: 4.996 loading class 0x00007f62a4070d60
Event: 4.996 loading class 0x00007f62a4070d60 done
Event: 4.996 loading class 0x00007f62a4070a60 done
Event: 4.996 loading class 0x00007f62a454d8d0
Event: 4.996 loading class 0x00007f62a454d8d0 done
Event: 5.033 Executing VM operation: BulkRevokeBias
Event: 5.033 Executing VM operation: BulkRevokeBias done
Event: 5.060 Executing VM operation: BulkRevokeBias
Event: 5.060 Executing VM operation: BulkRevokeBias done


Dynamic libraries:
00400000-00401000 r-xp 00000000 08:02 29627988                           /usr/lib/jvm/jdk1.7.0_04/bin/java
00600000-00601000 rw-p 00000000 08:02 29627988                           /usr/lib/jvm/jdk1.7.0_04/bin/java
00dd0000-00df1000 rw-p 00000000 00:00 0                                  [heap]
700600000-701ac0000 rw-p 00000000 00:00 0 
701ac0000-705800000 rw-p 00000000 00:00 0 
705800000-70ff00000 rw-p 00000000 00:00 0 
70ff00000-7ac800000 rw-p 00000000 00:00 0 
7ac800000-7b1b80000 rw-p 00000000 00:00 0 
7b1b80000-800000000 rw-p 00000000 00:00 0 
7f6228000000-7f6228021000 rw-p 00000000 00:00 0 
7f6228021000-7f622c000000 ---p 00000000 00:00 0 
7f622c000000-7f622c021000 rw-p 00000000 00:00 0 
7f622c021000-7f6230000000 ---p 00000000 00:00 0 
7f6230000000-7f62300fc000 rw-p 00000000 00:00 0 
7f62300fc000-7f6234000000 ---p 00000000 00:00 0 
7f6234000000-7f6234021000 rw-p 00000000 00:00 0 
7f6234021000-7f6238000000 ---p 00000000 00:00 0 
7f6238000000-7f6238021000 rw-p 00000000 00:00 0 
7f6238021000-7f623c000000 ---p 00000000 00:00 0 
7f623c000000-7f623c021000 rw-p 00000000 00:00 0 
7f623c021000-7f6240000000 ---p 00000000 00:00 0 
7f6240000000-7f62409f3000 rw-p 00000000 00:00 0 
7f62409f3000-7f6244000000 ---p 00000000 00:00 0 
7f6244000000-7f6244021000 rw-p 00000000 00:00 0 
7f6244021000-7f6248000000 ---p 00000000 00:00 0 
7f6248000000-7f6248021000 rw-p 00000000 00:00 0 
7f6248021000-7f624c000000 ---p 00000000 00:00 0 
7f624c000000-7f624c57b000 rw-p 00000000 00:00 0 
7f624c57b000-7f6250000000 ---p 00000000 00:00 0 
7f6250000000-7f6250021000 rw-p 00000000 00:00 0 
7f6250021000-7f6254000000 ---p 00000000 00:00 0 
7f6254000000-7f6254021000 rw-p 00000000 00:00 0 
7f6254021000-7f6258000000 ---p 00000000 00:00 0 
7f6258000000-7f6258021000 rw-p 00000000 00:00 0 
7f6258021000-7f625c000000 ---p 00000000 00:00 0 
7f625c030000-7f6264000000 rw-p 00000000 00:00 0 
7f6264000000-7f6264021000 rw-p 00000000 00:00 0 
7f6264021000-7f6268000000 ---p 00000000 00:00 0 
7f626c000000-7f626c021000 rw-p 00000000 00:00 0 
7f626c021000-7f6270000000 ---p 00000000 00:00 0 
7f6274000000-7f6274021000 rw-p 00000000 00:00 0 
7f6274021000-7f6278000000 ---p 00000000 00:00 0 
7f627c000000-7f627c021000 rw-p 00000000 00:00 0 
7f627c021000-7f6280000000 ---p 00000000 00:00 0 
7f6284000000-7f6284021000 rw-p 00000000 00:00 0 
7f6284021000-7f6288000000 ---p 00000000 00:00 0 
7f628c000000-7f628c021000 rw-p 00000000 00:00 0 
7f628c021000-7f6290000000 ---p 00000000 00:00 0 
7f6293090000-7f62932ca000 rw-p 00000000 00:00 0 
7f62932ca000-7f62932cd000 ---p 00000000 00:00 0 
7f62932cd000-7f62933cb000 rw-p 00000000 00:00 0 
7f62933cb000-7f62933ce000 ---p 00000000 00:00 0 
7f62933ce000-7f62934cc000 rw-p 00000000 00:00 0 
7f62934cc000-7f62934cf000 ---p 00000000 00:00 0 
7f62934cf000-7f62935cd000 rw-p 00000000 00:00 0 
7f62935cd000-7f62935d0000 ---p 00000000 00:00 0 
7f62935d0000-7f62936ce000 rw-p 00000000 00:00 0 
7f62936ce000-7f62936d1000 ---p 00000000 00:00 0 
7f62936d1000-7f62937cf000 rw-p 00000000 00:00 0 
7f62937cf000-7f62937d7000 r-xp 00000000 08:02 34741773                   /usr/lib/jvm/jdk1.7.0_04/jre/lib/amd64/libmanagement.so
7f62937d7000-7f62939d6000 ---p 00008000 08:02 34741773                   /usr/lib/jvm/jdk1.7.0_04/jre/lib/amd64/libmanagement.so
7f62939d6000-7f62939d7000 rw-p 00007000 08:02 34741773                   /usr/lib/jvm/jdk1.7.0_04/jre/lib/amd64/libmanagement.so
7f62939d7000-7f62939ec000 r-xp 00000000 08:02 34741739                   /usr/lib/jvm/jdk1.7.0_04/jre/lib/amd64/libnet.so
7f62939ec000-7f6293bec000 ---p 00015000 08:02 34741739                   /usr/lib/jvm/jdk1.7.0_04/jre/lib/amd64/libnet.so
7f6293bec000-7f6293bed000 rw-p 00015000 08:02 34741739                   /usr/lib/jvm/jdk1.7.0_04/jre/lib/amd64/libnet.so
7f6293bed000-7f6293bfd000 r-xp 00000000 08:02 34741734                   /usr/lib/jvm/jdk1.7.0_04/jre/lib/amd64/libnio.so
7f6293bfd000-7f6293dfd000 ---p 00010000 08:02 34741734                   /usr/lib/jvm/jdk1.7.0_04/jre/lib/amd64/libnio.so
7f6293dfd000-7f6293dfe000 rw-p 00010000 08:02 34741734                   /usr/lib/jvm/jdk1.7.0_04/jre/lib/amd64/libnio.so
7f6293dfe000-7f6293dff000 ---p 00000000 00:00 0 
7f6293dff000-7f6293eff000 rw-p 00000000 00:00 0 
7f6293eff000-7f6293f02000 ---p 00000000 00:00 0 
7f6293f02000-7f6294000000 rw-p 00000000 00:00 0 
7f6294000000-7f6294021000 rw-p 00000000 00:00 0 
7f6294021000-7f6298000000 ---p 00000000 00:00 0 
7f6298009000-7f629800c000 ---p 00000000 00:00 0 
7f629800c000-7f629810a000 rw-p 00000000 00:00 0 
7f629810a000-7f629810d000 ---p 00000000 00:00 0 
7f629810d000-7f629820b000 rw-p 00000000 00:00 0 
7f629820b000-7f629820e000 ---p 00000000 00:00 0 
7f629820e000-7f629830c000 rw-p 00000000 00:00 0 
7f629830c000-7f62989ef000 r--p 00000000 08:02 30808157                   /usr/lib/locale/locale-archive
7f62989ef000-7f62989f2000 ---p 00000000 00:00 0 
7f62989f2000-7f6298af0000 rw-p 00000000 00:00 0 
7f6298af0000-7f6298af3000 ---p 00000000 00:00 0 
7f6298af3000-7f6298bf1000 rw-p 00000000 00:00 0 
7f6298bf1000-7f6298bf2000 ---p 00000000 00:00 0 
7f6298bf2000-7f629c000000 rw-p 00000000 00:00 0 
7f629c000000-7f629c021000 rw-p 00000000 00:00 0 
7f629c021000-7f62a0000000 ---p 00000000 00:00 0 
7f62a002a000-7f62a005b000 rw-p 00000000 00:00 0 
7f62a005b000-7f62a0064000 r--s 00254000 08:02 30279729                   /usr/lib/jvm/jdk1.7.0_04/jre/lib/resources.jar
7f62a0064000-7f62a006b000 r--s 00032000 08:02 36574803                   /home/nwhitehead/.m2/repository/org/springframework/spring-tx/3.0.7.RELEASE/spring-tx-3.0.7.RELEASE.jar
7f62a006b000-7f62a0071000 r--s 00033000 08:02 8789171                    /home/nwhitehead/.m2/repository/org/springframework/spring-test/3.1.1.RELEASE/spring-test-3.1.1.RELEASE.jar
7f62a0071000-7f62a0075000 r--s 00026000 08:02 8789167                    /home/nwhitehead/.m2/repository/org/springframework/spring-expression/3.0.7.RELEASE/spring-expression-3.0.7.RELEASE.jar
7f62a0075000-7f62a007e000 r--s 00055000 08:02 8654891                    /home/nwhitehead/.m2/repository/org/springframework/spring-core/3.0.7.RELEASE/spring-core-3.0.7.RELEASE.jar
7f62a007e000-7f62a008f000 r--s 00093000 08:02 8654877                    /home/nwhitehead/.m2/repository/org/springframework/spring-context/3.0.7.RELEASE/spring-context-3.0.7.RELEASE.jar
7f62a008f000-7f62a009a000 r--s 0007d000 08:02 8654888                    /home/nwhitehead/.m2/repository/org/springframework/spring-beans/3.0.7.RELEASE/spring-beans-3.0.7.RELEASE.jar
7f62a009a000-7f62a009b000 r--s 0000c000 08:02 8654885                    /home/nwhitehead/.m2/repository/org/springframework/spring-asm/3.0.7.RELEASE/spring-asm-3.0.7.RELEASE.jar
7f62a009b000-7f62a00a4000 r--s 00046000 08:02 8654882                    /home/nwhitehead/.m2/repository/org/springframework/spring-aop/3.0.7.RELEASE/spring-aop-3.0.7.RELEASE.jar
7f62a00a4000-7f62a00ad000 r--s 00098000 08:02 36969372                   /home/nwhitehead/.m2/repository/org/javassist/javassist/3.16.1-GA/javassist-3.16.1-GA.jar
7f62a00ad000-7f62a00c2000 r--s 000fc000 08:02 30802879                   /home/nwhitehead/.m2/repository/io/netty/netty/3.5.1.Final/netty-3.5.1.Final.jar
7f62a00c2000-7f62a0a3c000 rw-p 00000000 00:00 0 
7f62a0a3c000-7f62a0bfc000 r--s 03a2e000 08:02 30279738                   /usr/lib/jvm/jdk1.7.0_04/jre/lib/rt.jar
7f62a0bfc000-7f62a0bfd000 ---p 00000000 00:00 0 
7f62a0bfd000-7f62a0cfd000 rw-p 00000000 00:00 0 
7f62a0cfd000-7f62a0cfe000 ---p 00000000 00:00 0 
7f62a0cfe000-7f62a0dfe000 rw-p 00000000 00:00 0 
7f62a0dfe000-7f62a0dff000 ---p 00000000 00:00 0 
7f62a0dff000-7f62a0eff000 rw-p 00000000 00:00 0 
7f62a0eff000-7f62a0f00000 ---p 00000000 00:00 0 
7f62a0f00000-7f62a1000000 rw-p 00000000 00:00 0 
7f62a1000000-7f62a1270000 rwxp 00000000 00:00 0 
7f62a1270000-7f62a47fa000 rw-p 00000000 00:00 0 
7f62a47fa000-7f62a8000000 ---p 00000000 00:00 0 
7f62a8001000-7f62a8003000 r--s 00016000 08:02 31459454                   /home/nwhitehead/.m2/repository/com/github/stephenc/high-scale-lib/high-scale-lib/1.1.4/high-scale-lib-1.1.4.jar
7f62a8003000-7f62a8009000 r--s 00054000 08:02 39194404                   /home/nwhitehead/.m2/repository/org/snmp4j/snmp4j/1.9.1f/snmp4j-1.9.1f.jar
7f62a8009000-7f62a800b000 r--s 0000d000 08:02 29624438                   /home/nwhitehead/.m2/repository/commons-logging/commons-logging/1.1.1/commons-logging-1.1.1.jar
7f62a800b000-7f62a800e000 r--s 00012000 08:02 8789170                    /home/nwhitehead/.m2/repository/org/apache/camel/camel-test-spring/2.10.0/camel-test-spring-2.10.0.jar
7f62a800e000-7f62a8010000 r--s 0000c000 08:02 8522586                    /home/nwhitehead/.m2/repository/org/apache/camel/camel-test/2.10.0/camel-test-2.10.0.jar
7f62a8010000-7f62a8015000 r--s 00033000 08:02 8654876                    /home/nwhitehead/.m2/repository/org/apache/camel/camel-spring/2.10.0/camel-spring-2.10.0.jar
7f62a8015000-7f62a8017000 r--s 0000e000 08:02 8522551                    /home/nwhitehead/.m2/repository/org/apache/camel/camel-netty/2.10.0/camel-netty-2.10.0.jar
7f62a8017000-7f62a8040000 r--s 001f1000 08:02 8391906                    /home/nwhitehead/.m2/repository/org/apache/camel/camel-core/2.10.0/camel-core-2.10.0.jar
7f62a8040000-7f62a8089000 rw-p 00000000 00:00 0 
7f62a8089000-7f62a808a000 ---p 00000000 00:00 0 
7f62a808a000-7f62a818a000 rw-p 00000000 00:00 0 
7f62a818a000-7f62a818b000 ---p 00000000 00:00 0 
7f62a818b000-7f62a828b000 rw-p 00000000 00:00 0 
7f62a828b000-7f62a828c000 ---p 00000000 00:00 0 
7f62a828c000-7f62a838c000 rw-p 00000000 00:00 0 
7f62a838c000-7f62a838d000 ---p 00000000 00:00 0 
7f62a838d000-7f62a8498000 rw-p 00000000 00:00 0 
7f62a8498000-7f62a84b6000 rw-p 00000000 00:00 0 
7f62a84b6000-7f62a850a000 rw-p 00000000 00:00 0 
7f62a850a000-7f62a89ee000 rw-p 00000000 00:00 0 
7f62a89ee000-7f62a89f9000 rw-p 00000000 00:00 0 
7f62a89f9000-7f62a8a17000 rw-p 00000000 00:00 0 
7f62a8a17000-7f62a8a6b000 rw-p 00000000 00:00 0 
7f62a8a6b000-7f62a8f4f000 rw-p 00000000 00:00 0 
7f62a8f4f000-7f62a8f79000 rw-p 00000000 00:00 0 
7f62a8f79000-7f62a91eb000 rw-p 00000000 00:00 0 
7f62a91eb000-7f62a91ec000 rw-p 00000000 00:00 0 
7f62a91ec000-7f62a9206000 r-xp 00000000 08:02 34741776                   /usr/lib/jvm/jdk1.7.0_04/jre/lib/amd64/libzip.so
7f62a9206000-7f62a9406000 ---p 0001a000 08:02 34741776                   /usr/lib/jvm/jdk1.7.0_04/jre/lib/amd64/libzip.so
7f62a9406000-7f62a9407000 rw-p 0001a000 08:02 34741776                   /usr/lib/jvm/jdk1.7.0_04/jre/lib/amd64/libzip.so
7f62a9407000-7f62a9413000 r-xp 00000000 08:02 6291680                    /lib/x86_64-linux-gnu/libnss_files-2.15.so
7f62a9413000-7f62a9612000 ---p 0000c000 08:02 6291680                    /lib/x86_64-linux-gnu/libnss_files-2.15.so
7f62a9612000-7f62a9613000 r--p 0000b000 08:02 6291680                    /lib/x86_64-linux-gnu/libnss_files-2.15.so
7f62a9613000-7f62a9614000 rw-p 0000c000 08:02 6291680                    /lib/x86_64-linux-gnu/libnss_files-2.15.so
7f62a9614000-7f62a961e000 r-xp 00000000 08:02 6291676                    /lib/x86_64-linux-gnu/libnss_nis-2.15.so
7f62a961e000-7f62a981e000 ---p 0000a000 08:02 6291676                    /lib/x86_64-linux-gnu/libnss_nis-2.15.so
7f62a981e000-7f62a981f000 r--p 0000a000 08:02 6291676                    /lib/x86_64-linux-gnu/libnss_nis-2.15.so
7f62a981f000-7f62a9820000 rw-p 0000b000 08:02 6291676                    /lib/x86_64-linux-gnu/libnss_nis-2.15.so
7f62a9820000-7f62a9837000 r-xp 00000000 08:02 6291689                    /lib/x86_64-linux-gnu/libnsl-2.15.so
7f62a9837000-7f62a9a36000 ---p 00017000 08:02 6291689                    /lib/x86_64-linux-gnu/libnsl-2.15.so
7f62a9a36000-7f62a9a37000 r--p 00016000 08:02 6291689                    /lib/x86_64-linux-gnu/libnsl-2.15.so
7f62a9a37000-7f62a9a38000 rw-p 00017000 08:02 6291689                    /lib/x86_64-linux-gnu/libnsl-2.15.so
7f62a9a38000-7f62a9a3a000 rw-p 00000000 00:00 0 
7f62a9a3a000-7f62a9a42000 r-xp 00000000 08:02 6291681                    /lib/x86_64-linux-gnu/libnss_compat-2.15.so
7f62a9a42000-7f62a9c41000 ---p 00008000 08:02 6291681                    /lib/x86_64-linux-gnu/libnss_compat-2.15.so
7f62a9c41000-7f62a9c42000 r--p 00007000 08:02 6291681                    /lib/x86_64-linux-gnu/libnss_compat-2.15.so
7f62a9c42000-7f62a9c43000 rw-p 00008000 08:02 6291681                    /lib/x86_64-linux-gnu/libnss_compat-2.15.so
7f62a9c43000-7f62a9c6c000 r-xp 00000000 08:02 34741764                   /usr/lib/jvm/jdk1.7.0_04/jre/lib/amd64/libjava.so
7f62a9c6c000-7f62a9e6c000 ---p 00029000 08:02 34741764                   /usr/lib/jvm/jdk1.7.0_04/jre/lib/amd64/libjava.so
7f62a9e6c000-7f62a9e6e000 rw-p 00029000 08:02 34741764                   /usr/lib/jvm/jdk1.7.0_04/jre/lib/amd64/libjava.so
7f62a9e6e000-7f62a9e7d000 r-xp 00000000 08:02 34741762                   /usr/lib/jvm/jdk1.7.0_04/jre/lib/amd64/libverify.so
7f62a9e7d000-7f62aa07c000 ---p 0000f000 08:02 34741762                   /usr/lib/jvm/jdk1.7.0_04/jre/lib/amd64/libverify.so
7f62aa07c000-7f62aa07e000 rw-p 0000e000 08:02 34741762                   /usr/lib/jvm/jdk1.7.0_04/jre/lib/amd64/libverify.so
7f62aa07e000-7f62aa085000 r-xp 00000000 08:02 6291674                    /lib/x86_64-linux-gnu/librt-2.15.so
7f62aa085000-7f62aa284000 ---p 00007000 08:02 6291674                    /lib/x86_64-linux-gnu/librt-2.15.so
7f62aa284000-7f62aa285000 r--p 00006000 08:02 6291674                    /lib/x86_64-linux-gnu/librt-2.15.so
7f62aa285000-7f62aa286000 rw-p 00007000 08:02 6291674                    /lib/x86_64-linux-gnu/librt-2.15.so
7f62aa286000-7f62aa381000 r-xp 00000000 08:02 6291678                    /lib/x86_64-linux-gnu/libm-2.15.so
7f62aa381000-7f62aa580000 ---p 000fb000 08:02 6291678                    /lib/x86_64-linux-gnu/libm-2.15.so
7f62aa580000-7f62aa581000 r--p 000fa000 08:02 6291678                    /lib/x86_64-linux-gnu/libm-2.15.so
7f62aa581000-7f62aa582000 rw-p 000fb000 08:02 6291678                    /lib/x86_64-linux-gnu/libm-2.15.so
7f62aa582000-7f62aafc3000 r-xp 00000000 08:02 34741769                   /usr/lib/jvm/jdk1.7.0_04/jre/lib/amd64/server/libjvm.so
7f62aafc3000-7f62ab1c2000 ---p 00a41000 08:02 34741769                   /usr/lib/jvm/jdk1.7.0_04/jre/lib/amd64/server/libjvm.so
7f62ab1c2000-7f62ab266000 rw-p 00a40000 08:02 34741769                   /usr/lib/jvm/jdk1.7.0_04/jre/lib/amd64/server/libjvm.so
7f62ab266000-7f62ab2a1000 rw-p 00000000 00:00 0 
7f62ab2a1000-7f62ab453000 r-xp 00000000 08:02 6291670                    /lib/x86_64-linux-gnu/libc-2.15.so
7f62ab453000-7f62ab653000 ---p 001b2000 08:02 6291670                    /lib/x86_64-linux-gnu/libc-2.15.so
7f62ab653000-7f62ab657000 r--p 001b2000 08:02 6291670                    /lib/x86_64-linux-gnu/libc-2.15.so
7f62ab657000-7f62ab659000 rw-p 001b6000 08:02 6291670                    /lib/x86_64-linux-gnu/libc-2.15.so
7f62ab659000-7f62ab65e000 rw-p 00000000 00:00 0 
7f62ab65e000-7f62ab660000 r-xp 00000000 08:02 6291669                    /lib/x86_64-linux-gnu/libdl-2.15.so
7f62ab660000-7f62ab860000 ---p 00002000 08:02 6291669                    /lib/x86_64-linux-gnu/libdl-2.15.so
7f62ab860000-7f62ab861000 r--p 00002000 08:02 6291669                    /lib/x86_64-linux-gnu/libdl-2.15.so
7f62ab861000-7f62ab862000 rw-p 00003000 08:02 6291669                    /lib/x86_64-linux-gnu/libdl-2.15.so
7f62ab862000-7f62ab878000 r-xp 00000000 08:02 34741744                   /usr/lib/jvm/jdk1.7.0_04/jre/lib/amd64/jli/libjli.so
7f62ab878000-7f62aba77000 ---p 00016000 08:02 34741744                   /usr/lib/jvm/jdk1.7.0_04/jre/lib/amd64/jli/libjli.so
7f62aba77000-7f62aba78000 rw-p 00015000 08:02 34741744                   /usr/lib/jvm/jdk1.7.0_04/jre/lib/amd64/jli/libjli.so
7f62aba78000-7f62aba90000 r-xp 00000000 08:02 6291672                    /lib/x86_64-linux-gnu/libpthread-2.15.so
7f62aba90000-7f62abc8f000 ---p 00018000 08:02 6291672                    /lib/x86_64-linux-gnu/libpthread-2.15.so
7f62abc8f000-7f62abc90000 r--p 00017000 08:02 6291672                    /lib/x86_64-linux-gnu/libpthread-2.15.so
7f62abc90000-7f62abc91000 rw-p 00018000 08:02 6291672                    /lib/x86_64-linux-gnu/libpthread-2.15.so
7f62abc91000-7f62abc95000 rw-p 00000000 00:00 0 
7f62abc95000-7f62abcb7000 r-xp 00000000 08:02 6291684                    /lib/x86_64-linux-gnu/ld-2.15.so
7f62abcbb000-7f62abcbc000 rw-p 00000000 00:00 0 
7f62abcbc000-7f62abcd1000 r--s 000f9000 08:02 33035637                   /home/nwhitehead/.m2/repository/com/sun/xml/bind/jaxb-impl/2.2.5/jaxb-impl-2.2.5.jar
7f62abcd1000-7f62abcdb000 rw-p 00000000 00:00 0 
7f62abcdb000-7f62abd91000 rw-p 00000000 00:00 0 
7f62abd91000-7f62abd94000 ---p 00000000 00:00 0 
7f62abd94000-7f62abe97000 rw-p 00000000 00:00 0 
7f62abe97000-7f62abe98000 r--s 00002000 08:02 8522569                    /home/nwhitehead/.m2/repository/org/slf4j/slf4j-log4j12/1.6.6/slf4j-log4j12-1.6.6.jar
7f62abe98000-7f62abe9a000 r--s 00005000 08:02 8391930                    /home/nwhitehead/.m2/repository/org/slf4j/slf4j-api/1.6.6/slf4j-api-1.6.6.jar
7f62abe9a000-7f62abea3000 r--s 0006d000 08:02 30278826                   /home/nwhitehead/.m2/repository/log4j/log4j/1.2.16/log4j-1.2.16.jar
7f62abea3000-7f62abea9000 r--s 00034000 08:02 29493006                   /home/nwhitehead/.m2/repository/junit/junit/4.8.2/junit-4.8.2.jar
7f62abea9000-7f62abeab000 r--s 00000000 08:02 31854785                   /home/nwhitehead/.m2/repository/aopalliance/aopalliance/1.0/aopalliance-1.0.jar
7f62abeab000-7f62abeb3000 rw-s 00000000 08:02 7471123                    /tmp/hsperfdata_nwhitehead/6608
7f62abeb3000-7f62abeb4000 rw-p 00000000 00:00 0 
7f62abeb4000-7f62abeb5000 r--p 00000000 00:00 0 
7f62abeb5000-7f62abeb7000 rw-p 00000000 00:00 0 
7f62abeb7000-7f62abeb8000 r--p 00022000 08:02 6291684                    /lib/x86_64-linux-gnu/ld-2.15.so
7f62abeb8000-7f62abeba000 rw-p 00023000 08:02 6291684                    /lib/x86_64-linux-gnu/ld-2.15.so
7fff74132000-7fff74153000 rw-p 00000000 00:00 0                          [stack]
7fff741ff000-7fff74200000 r-xp 00000000 00:00 0                          [vdso]
ffffffffff600000-ffffffffff601000 r-xp 00000000 00:00 0                  [vsyscall]

VM Arguments:
jvm_args: -Dfile.encoding=UTF-8 
java_command: org.helios.apmrouter.Boot
Launcher Type: SUN_STANDARD

Environment Variables:
PATH=/home/nwhitehead/bin:/usr/lib/lightdm/lightdm:/usr/local/sbin:/usr/local/bin:/usr/sbin:/usr/bin:/sbin:/bin:/usr/games
SHELL=/bin/bash
DISPLAY=:0

Signal Handlers:
SIGSEGV: [libjvm.so+0x8a0cb0], sa_mask[0]=0x7ffbfeff, sa_flags=0x10000004
SIGBUS: [libjvm.so+0x8a0cb0], sa_mask[0]=0x7ffbfeff, sa_flags=0x10000004
SIGFPE: [libjvm.so+0x73d630], sa_mask[0]=0x7ffbfeff, sa_flags=0x10000004
SIGPIPE: [libjvm.so+0x73d630], sa_mask[0]=0x7ffbfeff, sa_flags=0x10000004
SIGXFSZ: [libjvm.so+0x73d630], sa_mask[0]=0x7ffbfeff, sa_flags=0x10000004
SIGILL: [libjvm.so+0x73d630], sa_mask[0]=0x7ffbfeff, sa_flags=0x10000004
SIGUSR1: SIG_DFL, sa_mask[0]=0x00000000, sa_flags=0x00000000
SIGUSR2: [libjvm.so+0x73cf80], sa_mask[0]=0x00000004, sa_flags=0x10000004
SIGHUP: [libjvm.so+0x73f310], sa_mask[0]=0x7ffbfeff, sa_flags=0x10000004
SIGINT: [libjvm.so+0x73f310], sa_mask[0]=0x7ffbfeff, sa_flags=0x10000004
SIGTERM: [libjvm.so+0x73f310], sa_mask[0]=0x7ffbfeff, sa_flags=0x10000004
SIGQUIT: [libjvm.so+0x73f310], sa_mask[0]=0x7ffbfeff, sa_flags=0x10000004


---------------  S Y S T E M  ---------------

OS:wheezy/sid

uname:Linux 3.2.0-30-generic #48-Ubuntu SMP Fri Aug 24 16:52:48 UTC 2012 x86_64
libc:glibc 2.15 NPTL 2.15 
rlimit: STACK 8192k, CORE 0k, NPROC 128088, NOFILE 4096, AS infinity
load average:1.24 0.90 0.80

/proc/meminfo:
MemTotal:       16412920 kB
MemFree:         6704132 kB
Buffers:          860124 kB
Cached:          3873340 kB
SwapCached:            0 kB
Active:          6028504 kB
Inactive:        2719296 kB
Active(anon):    4016064 kB
Inactive(anon):    32920 kB
Active(file):    2012440 kB
Inactive(file):  2686376 kB
Unevictable:        1776 kB
Mlocked:            1776 kB
SwapTotal:      31249404 kB
SwapFree:       31249404 kB
Dirty:              4380 kB
Writeback:             0 kB
AnonPages:       4016408 kB
Mapped:           337492 kB
Shmem:             34652 kB
Slab:             620300 kB
SReclaimable:     568004 kB
SUnreclaim:        52296 kB
KernelStack:        7664 kB
PageTables:        57572 kB
NFS_Unstable:          0 kB
Bounce:                0 kB
WritebackTmp:          0 kB
CommitLimit:    39455864 kB
Committed_AS:    9737456 kB
VmallocTotal:   34359738367 kB
VmallocUsed:      157060 kB
VmallocChunk:   34359573748 kB
HardwareCorrupted:     0 kB
AnonHugePages:         0 kB
HugePages_Total:       0
HugePages_Free:        0
HugePages_Rsvd:        0
HugePages_Surp:        0
Hugepagesize:       2048 kB
DirectMap4k:      255772 kB
DirectMap2M:    16500736 kB


CPU:total 8 (4 cores per cpu, 2 threads per core) family 6 model 42 stepping 7, cmov, cx8, fxsr, mmx, sse, sse2, sse3, ssse3, sse4.1, sse4.2, popcnt, avx, ht, tsc, tscinvbit

/proc/cpuinfo:
processor	: 0
vendor_id	: GenuineIntel
cpu family	: 6
model		: 42
model name	: Intel(R) Core(TM) i7-2860QM CPU @ 2.50GHz
stepping	: 7
microcode	: 0x1b
cpu MHz		: 2501.000
cache size	: 8192 KB
physical id	: 0
siblings	: 8
core id		: 0
cpu cores	: 4
apicid		: 0
initial apicid	: 0
fpu		: yes
fpu_exception	: yes
cpuid level	: 13
wp		: yes
flags		: fpu vme de pse tsc msr pae mce cx8 apic sep mtrr pge mca cmov pat pse36 clflush dts acpi mmx fxsr sse sse2 ss ht tm pbe syscall nx rdtscp lm constant_tsc arch_perfmon pebs bts rep_good nopl xtopology nonstop_tsc aperfmperf pni pclmulqdq dtes64 monitor ds_cpl vmx smx est tm2 ssse3 cx16 xtpr pdcm pcid sse4_1 sse4_2 x2apic popcnt tsc_deadline_timer aes xsave avx lahf_lm ida arat epb xsaveopt pln pts dtherm tpr_shadow vnmi flexpriority ept vpid
bogomips	: 4989.01
clflush size	: 64
cache_alignment	: 64
address sizes	: 36 bits physical, 48 bits virtual
power management:

processor	: 1
vendor_id	: GenuineIntel
cpu family	: 6
model		: 42
model name	: Intel(R) Core(TM) i7-2860QM CPU @ 2.50GHz
stepping	: 7
microcode	: 0x1b
cpu MHz		: 2501.000
cache size	: 8192 KB
physical id	: 0
siblings	: 8
core id		: 1
cpu cores	: 4
apicid		: 2
initial apicid	: 2
fpu		: yes
fpu_exception	: yes
cpuid level	: 13
wp		: yes
flags		: fpu vme de pse tsc msr pae mce cx8 apic sep mtrr pge mca cmov pat pse36 clflush dts acpi mmx fxsr sse sse2 ss ht tm pbe syscall nx rdtscp lm constant_tsc arch_perfmon pebs bts rep_good nopl xtopology nonstop_tsc aperfmperf pni pclmulqdq dtes64 monitor ds_cpl vmx smx est tm2 ssse3 cx16 xtpr pdcm pcid sse4_1 sse4_2 x2apic popcnt tsc_deadline_timer aes xsave avx lahf_lm ida arat epb xsaveopt pln pts dtherm tpr_shadow vnmi flexpriority ept vpid
bogomips	: 4988.44
clflush size	: 64
cache_alignment	: 64
address sizes	: 36 bits physical, 48 bits virtual
power management:

processor	: 2
vendor_id	: GenuineIntel
cpu family	: 6
model		: 42
model name	: Intel(R) Core(TM) i7-2860QM CPU @ 2.50GHz
stepping	: 7
microcode	: 0x1b
cpu MHz		: 2501.000
cache size	: 8192 KB
physical id	: 0
siblings	: 8
core id		: 2
cpu cores	: 4
apicid		: 4
initial apicid	: 4
fpu		: yes
fpu_exception	: yes
cpuid level	: 13
wp		: yes
flags		: fpu vme de pse tsc msr pae mce cx8 apic sep mtrr pge mca cmov pat pse36 clflush dts acpi mmx fxsr sse sse2 ss ht tm pbe syscall nx rdtscp lm constant_tsc arch_perfmon pebs bts rep_good nopl xtopology nonstop_tsc aperfmperf pni pclmulqdq dtes64 monitor ds_cpl vmx smx est tm2 ssse3 cx16 xtpr pdcm pcid sse4_1 sse4_2 x2apic popcnt tsc_deadline_timer aes xsave avx lahf_lm ida arat epb xsaveopt pln pts dtherm tpr_shadow vnmi flexpriority ept vpid
bogomips	: 4988.44
clflush size	: 64
cache_alignment	: 64
address sizes	: 36 bits physical, 48 bits virtual
power management:

processor	: 3
vendor_id	: GenuineIntel
cpu family	: 6
model		: 42
model name	: Intel(R) Core(TM) i7-2860QM CPU @ 2.50GHz
stepping	: 7
microcode	: 0x1b
cpu MHz		: 2501.000
cache size	: 8192 KB
physical id	: 0
siblings	: 8
core id		: 3
cpu cores	: 4
apicid		: 6
initial apicid	: 6
fpu		: yes
fpu_exception	: yes
cpuid level	: 13
wp		: yes
flags		: fpu vme de pse tsc msr pae mce cx8 apic sep mtrr pge mca cmov pat pse36 clflush dts acpi mmx fxsr sse sse2 ss ht tm pbe syscall nx rdtscp lm constant_tsc arch_perfmon pebs bts rep_good nopl xtopology nonstop_tsc aperfmperf pni pclmulqdq dtes64 monitor ds_cpl vmx smx est tm2 ssse3 cx16 xtpr pdcm pcid sse4_1 sse4_2 x2apic popcnt tsc_deadline_timer aes xsave avx lahf_lm ida arat epb xsaveopt pln pts dtherm tpr_shadow vnmi flexpriority ept vpid
bogomips	: 4988.44
clflush size	: 64
cache_alignment	: 64
address sizes	: 36 bits physical, 48 bits virtual
power management:

processor	: 4
vendor_id	: GenuineIntel
cpu family	: 6
model		: 42
model name	: Intel(R) Core(TM) i7-2860QM CPU @ 2.50GHz
stepping	: 7
microcode	: 0x1b
cpu MHz		: 2501.000
cache size	: 8192 KB
physical id	: 0
siblings	: 8
core id		: 0
cpu cores	: 4
apicid		: 1
initial apicid	: 1
fpu		: yes
fpu_exception	: yes
cpuid level	: 13
wp		: yes
flags		: fpu vme de pse tsc msr pae mce cx8 apic sep mtrr pge mca cmov pat pse36 clflush dts acpi mmx fxsr sse sse2 ss ht tm pbe syscall nx rdtscp lm constant_tsc arch_perfmon pebs bts rep_good nopl xtopology nonstop_tsc aperfmperf pni pclmulqdq dtes64 monitor ds_cpl vmx smx est tm2 ssse3 cx16 xtpr pdcm pcid sse4_1 sse4_2 x2apic popcnt tsc_deadline_timer aes xsave avx lahf_lm ida arat epb xsaveopt pln pts dtherm tpr_shadow vnmi flexpriority ept vpid
bogomips	: 4988.44
clflush size	: 64
cache_alignment	: 64
address sizes	: 36 bits physical, 48 bits virtual
power management:

processor	: 5
vendor_id	: GenuineIntel
cpu family	: 6
model		: 42
model name	: Intel(R) Core(TM) i7-2860QM CPU @ 2.50GHz
stepping	: 7
microcode	: 0x1b
cpu MHz		: 2501.000
cache size	: 8192 KB
physical id	: 0
siblings	: 8
core id		: 1
cpu cores	: 4
apicid		: 3
initial apicid	: 3
fpu		: yes
fpu_exception	: yes
cpuid level	: 13
wp		: yes
flags		: fpu vme de pse tsc msr pae mce cx8 apic sep mtrr pge mca cmov pat pse36 clflush dts acpi mmx fxsr sse sse2 ss ht tm pbe syscall nx rdtscp lm constant_tsc arch_perfmon pebs bts rep_good nopl xtopology nonstop_tsc aperfmperf pni pclmulqdq dtes64 monitor ds_cpl vmx smx est tm2 ssse3 cx16 xtpr pdcm pcid sse4_1 sse4_2 x2apic popcnt tsc_deadline_timer aes xsave avx lahf_lm ida arat epb xsaveopt pln pts dtherm tpr_shadow vnmi flexpriority ept vpid
bogomips	: 4988.44
clflush size	: 64
cache_alignment	: 64
address sizes	: 36 bits physical, 48 bits virtual
power management:

processor	: 6
vendor_id	: GenuineIntel
cpu family	: 6
model		: 42
model name	: Intel(R) Core(TM) i7-2860QM CPU @ 2.50GHz
stepping	: 7
microcode	: 0x1b
cpu MHz		: 2501.000
cache size	: 8192 KB
physical id	: 0
siblings	: 8
core id		: 2
cpu cores	: 4
apicid		: 5
initial apicid	: 5
fpu		: yes
fpu_exception	: yes
cpuid level	: 13
wp		: yes
flags		: fpu vme de pse tsc msr pae mce cx8 apic sep mtrr pge mca cmov pat pse36 clflush dts acpi mmx fxsr sse sse2 ss ht tm pbe syscall nx rdtscp lm constant_tsc arch_perfmon pebs bts rep_good nopl xtopology nonstop_tsc aperfmperf pni pclmulqdq dtes64 monitor ds_cpl vmx smx est tm2 ssse3 cx16 xtpr pdcm pcid sse4_1 sse4_2 x2apic popcnt tsc_deadline_timer aes xsave avx lahf_lm ida arat epb xsaveopt pln pts dtherm tpr_shadow vnmi flexpriority ept vpid
bogomips	: 4988.44
clflush size	: 64
cache_alignment	: 64
address sizes	: 36 bits physical, 48 bits virtual
power management:

processor	: 7
vendor_id	: GenuineIntel
cpu family	: 6
model		: 42
model name	: Intel(R) Core(TM) i7-2860QM CPU @ 2.50GHz
stepping	: 7
microcode	: 0x1b
cpu MHz		: 2501.000
cache size	: 8192 KB
physical id	: 0
siblings	: 8
core id		: 3
cpu cores	: 4
apicid		: 7
initial apicid	: 7
fpu		: yes
fpu_exception	: yes
cpuid level	: 13
wp		: yes
flags		: fpu vme de pse tsc msr pae mce cx8 apic sep mtrr pge mca cmov pat pse36 clflush dts acpi mmx fxsr sse sse2 ss ht tm pbe syscall nx rdtscp lm constant_tsc arch_perfmon pebs bts rep_good nopl xtopology nonstop_tsc aperfmperf pni pclmulqdq dtes64 monitor ds_cpl vmx smx est tm2 ssse3 cx16 xtpr pdcm pcid sse4_1 sse4_2 x2apic popcnt tsc_deadline_timer aes xsave avx lahf_lm ida arat epb xsaveopt pln pts dtherm tpr_shadow vnmi flexpriority ept vpid
bogomips	: 4988.44
clflush size	: 64
cache_alignment	: 64
address sizes	: 36 bits physical, 48 bits virtual
power management:



Memory: 4k page, physical 16412920k(6704132k free), swap 31249404k(31249404k free)

vm_info: Java HotSpot(TM) 64-Bit Server VM (23.0-b21) for linux-amd64 JRE (1.7.0_04-b20), built on Apr 12 2012 01:59:40 by "java_re" with gcc 4.3.0 20080428 (Red Hat 4.3.0-8)

time: Sun Sep 16 20:23:03 2012
elapsed time: 5 seconds

