#
# A fatal error has been detected by the Java Runtime Environment:
#
#  SIGSEGV (0xb) at pc=0x00007fa617a0b9fa, pid=32599, tid=140350946629376
#
# JRE version: 7.0_04-b20
# Java VM: Java HotSpot(TM) 64-Bit Server VM (23.0-b21 mixed mode linux-amd64 compressed oops)
# Problematic frame:
# V  [libjvm.so+0x6699fa]  _Copy_conjoint_jints_atomic+0x5a
#
# Failed to write core dump. Core dumps have been disabled. To enable core dumping, try "ulimit -c unlimited" before starting Java again
#
# If you would like to submit a bug report, please visit:
#   http://bugreport.sun.com/bugreport/crash.jsp
#

---------------  T H R E A D  ---------------

Current thread (0x00007fa61056c800):  JavaThread "New I/O  worker #1" daemon [_thread_in_vm, id=32623, stack(0x00007fa600415000,0x00007fa600516000)]

siginfo:si_signo=SIGSEGV: si_errno=0, si_code=2 (SEGV_ACCERR), si_addr=0x00007fa5a002b000

Registers:
RAX=0x00007fa5a002bff4, RBX=0x00007fa61056c800, RCX=0x00000007b05d92a0, RDX=0xfffffffffffffe03
RSP=0x00007fa600513d68, RBP=0x00007fa600513dc0, RSI=0x0000000000000000, RDI=0x00007fa5a002aa94
R8 =0x000000000000055a, R9 =0x0000000000000010, R10=0x00007fa60d011f64, R11=0x00007fa617b6c460
R12=0x0000000000000000, R13=0x00007fa600513ea0, R14=0x00007fa600513d80, R15=0x0000000000000010
RIP=0x00007fa617a0b9fa, EFLAGS=0x0000000000010296, CSGSFS=0x0000000000000033, ERR=0x0000000000000004
  TRAPNO=0x000000000000000e

Top of Stack: (sp=0x00007fa600513d68)
0x00007fa600513d68:   00007fa617c27163 0072006500730068
0x00007fa600513d78:   00007fa5a002aa94 00007fa61056c800
0x00007fa600513d88:   00007fa60d0124a1 00007fa600513d90
0x00007fa600513d98:   00000007006eaa20 0000000000000000
0x00007fa600513da8:   00000007006eaa20 00007fa600513ec0
0x00007fa600513db8:   00007fa61056c800 00007fa600513e60
0x00007fa600513dc8:   00007fa60d011f90 0000000000001568
0x00007fa600513dd8:   00007fa600513e00 00007fa600513e58
0x00007fa600513de8:   00007fa60d006450 00007fa5b0008b98
0x00007fa600513df8:   00007fa5b0008b98 00000007b05d7d30
0x00007fa600513e08:   00007fa61056c800 0000000000000001
0x00007fa600513e18:   0000000000001568 00007fa600513e20
0x00007fa600513e28:   0000000000000000 00007fa600513ec0
0x00007fa600513e38:   00000007006ed890 0000000000000000
0x00007fa600513e48:   00000007006eaa20 0000000000000000
0x00007fa600513e58:   00007fa600513e80 00007fa600513f08
0x00007fa600513e68:   00007fa60d006158 0000000000000000
0x00007fa600513e78:   00007fa60d00edd8 0000000000001568
0x00007fa600513e88:   00007fa6178e603a 0000000000000010
0x00007fa600513e98:   0000000000000010 00000007b05d7d30
0x00007fa600513ea8:   00007fa5a002aa94 00007fa600513f08
0x00007fa600513eb8:   0000000000000000 00000007ac8118e8
0x00007fa600513ec8:   00007fa600513ec8 000000070135699c
0x00007fa600513ed8:   00007fa600513f28 00000007013571a0
0x00007fa600513ee8:   0000000000000000 00000007013569e0
0x00007fa600513ef8:   00007fa600513e80 00007fa600513f20
0x00007fa600513f08:   00007fa600513f80 00007fa60d006333
0x00007fa600513f18:   00000007b05d7d30 0000000000001568
0x00007fa600513f28:   00000007b05d7a30 00000007b05d7d10
0x00007fa600513f38:   00000007b05d7d10 00007fa600513f40
0x00007fa600513f48:   0000000701356891 00007fa600513f90
0x00007fa600513f58:   00000007013571a0 0000000000000000 

Instructions: (pc=0x00007fa617a0b9fa)
0x00007fa617a0b9da:   48 83 c2 01 75 f0 49 f7 c0 01 00 00 00 74 06 8b
0x00007fa617a0b9ea:   70 08 89 71 08 c3 48 8b 74 d0 e8 48 89 74 d1 e8
0x00007fa617a0b9fa:   48 8b 74 d0 f0 48 89 74 d1 f0 48 8b 74 d0 f8 48
0x00007fa617a0ba0a:   89 74 d1 f8 48 8b 34 d0 48 89 34 d1 48 83 c2 04 

Register to memory mapping:

RAX=0x00007fa5a002bff4 is an unknown value
RBX=0x00007fa61056c800 is a thread
RCX=0x00000007b05d92a0 is an unknown value
RDX=0xfffffffffffffe03 is an unknown value
RSP=0x00007fa600513d68 is pointing into the stack for thread: 0x00007fa61056c800
RBP=0x00007fa600513dc0 is pointing into the stack for thread: 0x00007fa61056c800
RSI=0x0000000000000000 is an unknown value
RDI=0x00007fa5a002aa94 is an unknown value
R8 =0x000000000000055a is an unknown value
R9 =0x0000000000000010 is an unknown value
R10=0x00007fa60d011f64 is an Interpreter codelet
method entry point (kind = native)  [0x00007fa60d011d00, 0x00007fa60d012540]  2112 bytes
R11=0x00007fa617b6c460: <offset 0x7ca460> in /usr/lib/jvm/jdk1.7.0_04/jre/lib/amd64/server/libjvm.so at 0x00007fa6173a2000
R12=0x0000000000000000 is an unknown value
R13=0x00007fa600513ea0 is pointing into the stack for thread: 0x00007fa61056c800
R14=0x00007fa600513d80 is pointing into the stack for thread: 0x00007fa61056c800
R15=0x0000000000000010 is an unknown value


Stack: [0x00007fa600415000,0x00007fa600516000],  sp=0x00007fa600513d68,  free space=1019k
Native frames: (J=compiled Java code, j=interpreted, Vv=VM code, C=native code)
V  [libjvm.so+0x6699fa]  _Copy_conjoint_jints_atomic+0x5a
j  sun.misc.Unsafe.copyMemory(Ljava/lang/Object;JLjava/lang/Object;JJ)V+0
j  org.helios.apmrouter.trace.DirectMetricCollection$Reader.readBytes(I)[B+28
j  org.helios.apmrouter.trace.DirectMetricCollection$Reader.readString()Ljava/lang/String;+9
j  org.helios.apmrouter.trace.DirectMetricCollection$MetricReader.next()Lorg/helios/apmrouter/metric/IMetric;+73
j  org.helios.apmrouter.trace.DirectMetricCollection$MetricReader.next()Ljava/lang/Object;+1
j  org.helios.apmrouter.trace.DirectMetricCollection.decode()[Lorg/helios/apmrouter/metric/IMetric;+24
j  org.helios.apmrouter.server.net.listener.netty.handlers.AgentMetricHandler.processAgentRequest(Lorg/helios/apmrouter/SenderOpCode;Lorg/jboss/netty/buffer/ChannelBuffer;Ljava/net/SocketAddress;Lorg/jboss/netty/channel/Channel;)V+28
j  org.helios.apmrouter.server.net.listener.netty.handlers.udp.UDPAgentOperationRouter.handleUpstream(Lorg/jboss/netty/channel/ChannelHandlerContext;Lorg/jboss/netty/channel/ChannelEvent;)V+74
j  org.jboss.netty.channel.DefaultChannelPipeline.sendUpstream(Lorg/jboss/netty/channel/DefaultChannelPipeline$DefaultChannelHandlerContext;Lorg/jboss/netty/channel/ChannelEvent;)V+9
j  org.jboss.netty.channel.DefaultChannelPipeline.sendUpstream(Lorg/jboss/netty/channel/ChannelEvent;)V+55
j  org.jboss.netty.channel.Channels.fireMessageReceived(Lorg/jboss/netty/channel/Channel;Ljava/lang/Object;Ljava/net/SocketAddress;)V+16
j  org.jboss.netty.channel.socket.nio.NioDatagramWorker.read(Ljava/nio/channels/SelectionKey;)Z+136
j  org.jboss.netty.channel.socket.nio.AbstractNioWorker.processSelectedKeys(Ljava/util/Set;)V+52
j  org.jboss.netty.channel.socket.nio.AbstractNioWorker.run()V+97
j  org.jboss.netty.channel.socket.nio.NioDatagramWorker.run()V+1
j  org.jboss.netty.util.ThreadRenamingRunnable.run()V+55
j  org.jboss.netty.util.internal.DeadLockProofWorker$1.run()V+14
j  java.util.concurrent.ThreadPoolExecutor.runWorker(Ljava/util/concurrent/ThreadPoolExecutor$Worker;)V+46
j  java.util.concurrent.ThreadPoolExecutor$Worker.run()V+5
j  java.lang.Thread.run()V+11
v  ~StubRoutines::call_stub
V  [libjvm.so+0x54df25]  JavaCalls::call_helper(JavaValue*, methodHandle*, JavaCallArguments*, Thread*)+0x355
V  [libjvm.so+0x54ca48]  JavaCalls::call(JavaValue*, methodHandle, JavaCallArguments*, Thread*)+0x28
V  [libjvm.so+0x54ccdc]  JavaCalls::call_virtual(JavaValue*, KlassHandle, Symbol*, Symbol*, JavaCallArguments*, Thread*)+0x17c
V  [libjvm.so+0x54ce07]  JavaCalls::call_virtual(JavaValue*, Handle, KlassHandle, Symbol*, Symbol*, Thread*)+0x47
V  [libjvm.so+0x5a6e3f]  thread_entry(JavaThread*, Thread*)+0xdf
V  [libjvm.so+0x860228]  JavaThread::thread_main_inner()+0xc8
V  [libjvm.so+0x860378]  JavaThread::run()+0x138
V  [libjvm.so+0x741ff0]  java_start(Thread*)+0x100

Java frames: (J=compiled Java code, j=interpreted, Vv=VM code)
j  sun.misc.Unsafe.copyMemory(Ljava/lang/Object;JLjava/lang/Object;JJ)V+0
j  org.helios.apmrouter.trace.DirectMetricCollection$Reader.readBytes(I)[B+28
j  org.helios.apmrouter.trace.DirectMetricCollection$Reader.readString()Ljava/lang/String;+9
j  org.helios.apmrouter.trace.DirectMetricCollection$MetricReader.next()Lorg/helios/apmrouter/metric/IMetric;+73
j  org.helios.apmrouter.trace.DirectMetricCollection$MetricReader.next()Ljava/lang/Object;+1
j  org.helios.apmrouter.trace.DirectMetricCollection.decode()[Lorg/helios/apmrouter/metric/IMetric;+24
j  org.helios.apmrouter.server.net.listener.netty.handlers.AgentMetricHandler.processAgentRequest(Lorg/helios/apmrouter/SenderOpCode;Lorg/jboss/netty/buffer/ChannelBuffer;Ljava/net/SocketAddress;Lorg/jboss/netty/channel/Channel;)V+28
j  org.helios.apmrouter.server.net.listener.netty.handlers.udp.UDPAgentOperationRouter.handleUpstream(Lorg/jboss/netty/channel/ChannelHandlerContext;Lorg/jboss/netty/channel/ChannelEvent;)V+74
j  org.jboss.netty.channel.DefaultChannelPipeline.sendUpstream(Lorg/jboss/netty/channel/DefaultChannelPipeline$DefaultChannelHandlerContext;Lorg/jboss/netty/channel/ChannelEvent;)V+9
j  org.jboss.netty.channel.DefaultChannelPipeline.sendUpstream(Lorg/jboss/netty/channel/ChannelEvent;)V+55
j  org.jboss.netty.channel.Channels.fireMessageReceived(Lorg/jboss/netty/channel/Channel;Ljava/lang/Object;Ljava/net/SocketAddress;)V+16
j  org.jboss.netty.channel.socket.nio.NioDatagramWorker.read(Ljava/nio/channels/SelectionKey;)Z+136
j  org.jboss.netty.channel.socket.nio.AbstractNioWorker.processSelectedKeys(Ljava/util/Set;)V+52
j  org.jboss.netty.channel.socket.nio.AbstractNioWorker.run()V+97
j  org.jboss.netty.channel.socket.nio.NioDatagramWorker.run()V+1
j  org.jboss.netty.util.ThreadRenamingRunnable.run()V+55
j  org.jboss.netty.util.internal.DeadLockProofWorker$1.run()V+14
j  java.util.concurrent.ThreadPoolExecutor.runWorker(Ljava/util/concurrent/ThreadPoolExecutor$Worker;)V+46
j  java.util.concurrent.ThreadPoolExecutor$Worker.run()V+5
j  java.lang.Thread.run()V+11
v  ~StubRoutines::call_stub

---------------  P R O C E S S  ---------------

Java Threads: ( => current thread )
  0x00007fa610595000 JavaThread "PatternRouterWorkersThread#3" daemon [_thread_blocked, id=32626, stack(0x00007fa600112000,0x00007fa600213000)]
  0x00007fa61058e800 JavaThread "PatternRouterWorkersThread#2" daemon [_thread_blocked, id=32625, stack(0x00007fa600213000,0x00007fa600314000)]
  0x00007fa61058d000 JavaThread "PatternRouterWorkersThread#1" daemon [_thread_blocked, id=32624, stack(0x00007fa600314000,0x00007fa600415000)]
=>0x00007fa61056c800 JavaThread "New I/O  worker #1" daemon [_thread_in_vm, id=32623, stack(0x00007fa600415000,0x00007fa600516000)]
  0x00007fa610584000 JavaThread "SpringEventPoolThread#1" daemon [_thread_blocked, id=32622, stack(0x00007fa600516000,0x00007fa600617000)]
  0x00007fa6100f8800 JavaThread "Service Thread" daemon [_thread_blocked, id=32619, stack(0x00007fa600e16000,0x00007fa600f17000)]
  0x00007fa6100f6000 JavaThread "C2 CompilerThread1" daemon [_thread_in_native, id=32618, stack(0x00007fa600f17000,0x00007fa601018000)]
  0x00007fa6100f3000 JavaThread "C2 CompilerThread0" daemon [_thread_in_native, id=32617, stack(0x00007fa601018000,0x00007fa601119000)]
  0x00007fa6100f1000 JavaThread "Signal Dispatcher" daemon [_thread_blocked, id=32616, stack(0x00007fa601119000,0x00007fa60121a000)]
  0x00007fa6100a4800 JavaThread "Finalizer" daemon [_thread_blocked, id=32615, stack(0x00007fa6018fd000,0x00007fa6019fe000)]
  0x00007fa6100a2800 JavaThread "Reference Handler" daemon [_thread_blocked, id=32614, stack(0x00007fa6019fe000,0x00007fa601aff000)]
  0x00007fa61000a000 JavaThread "main" [_thread_blocked, id=32604, stack(0x00007fa618bb1000,0x00007fa618cb2000)]

Other Threads:
  0x00007fa61009b000 VMThread [stack: 0x00007fa601aff000,0x00007fa601c00000] [id=32613]
  0x00007fa610103000 WatcherThread [stack: 0x00007fa600d15000,0x00007fa600e16000] [id=32620]

VM state:not at safepoint (normal execution)

VM Mutex/Monitor currently owned by a thread: None

Heap
 PSYoungGen      total 74816K, used 64128K [0x00000007ac800000, 0x00000007b1b80000, 0x0000000800000000)
  eden space 64128K, 100% used [0x00000007ac800000,0x00000007b06a0000,0x00000007b06a0000)
  from space 10688K, 0% used [0x00000007b1110000,0x00000007b1110000,0x00000007b1b80000)
  to   space 10688K, 0% used [0x00000007b06a0000,0x00000007b06a0000,0x00000007b1110000)
 ParOldGen       total 171008K, used 0K [0x0000000705800000, 0x000000070ff00000, 0x00000007ac800000)
  object space 171008K, 0% used [0x0000000705800000,0x0000000705800000,0x000000070ff00000)
 PSPermGen       total 21248K, used 13739K [0x0000000700600000, 0x0000000701ac0000, 0x0000000705800000)
  object space 21248K, 64% used [0x0000000700600000,0x000000070136af70,0x0000000701ac0000)

Code Cache  [0x00007fa60d000000, 0x00007fa60d270000, 0x00007fa610000000)
 total_blobs=490 nmethods=194 adapters=248 free_code_cache=48318Kb largest_free_block=49451520

Compilation events (10 events):
Event: 53.029 Thread 0x00007fa6100f3000  190             java.lang.String::<init> (20 bytes)
Event: 53.029 Thread 0x00007fa6100f3000 nmethod 190 0x00007fa60d0cb1d0 code [0x00007fa60d0cb300, 0x00007fa60d0cb378]
Event: 53.030 Thread 0x00007fa6100f6000  191             java.lang.Integer::hashCode (5 bytes)
Event: 53.031 Thread 0x00007fa6100f6000 nmethod 191 0x00007fa60d0cafd0 code [0x00007fa60d0cb100, 0x00007fa60d0cb158]
Event: 53.032 Thread 0x00007fa6100f3000  192             java.lang.Integer::equals (29 bytes)
Event: 53.032 Thread 0x00007fa6100f6000  193             sun.nio.cs.UTF_8$Decoder::getByteBuffer (17 bytes)
Event: 53.032 Thread 0x00007fa6100f3000 nmethod 192 0x00007fa60d0cad10 code [0x00007fa60d0cae60, 0x00007fa60d0caf18]
Event: 53.032 Thread 0x00007fa6100f3000  194             sun.nio.cs.UTF_8$Decoder::malformedN (255 bytes)
Event: 53.034 Thread 0x00007fa6100f6000 nmethod 193 0x00007fa60d0d2150 code [0x00007fa60d0d22a0, 0x00007fa60d0d23f8]
Event: 53.034 Thread 0x00007fa6100f6000  195             java.nio.charset.CoderResult::malformedForLength (8 bytes)

GC Heap History (0 events):
No events

Deoptimization events (9 events):
Event: 0.093 Thread 0x00007fa61000a000 Uncommon trap -12 fr.pc 0x00007fa60d0658a0
Event: 0.520 Thread 0x00007fa61000a000 Uncommon trap -34 fr.pc 0x00007fa60d076220
Event: 0.520 Thread 0x00007fa61000a000 Uncommon trap -34 fr.pc 0x00007fa60d0762d8
Event: 0.520 Thread 0x00007fa61000a000 Uncommon trap -34 fr.pc 0x00007fa60d076220
Event: 0.553 Thread 0x00007fa61000a000 Uncommon trap -34 fr.pc 0x00007fa60d06098c
Event: 0.553 Thread 0x00007fa61000a000 Uncommon trap -34 fr.pc 0x00007fa60d06098c
Event: 0.553 Thread 0x00007fa61000a000 Uncommon trap -34 fr.pc 0x00007fa60d06098c
Event: 0.593 Thread 0x00007fa61000a000 Uncommon trap -34 fr.pc 0x00007fa60d06098c
Event: 52.968 Thread 0x00007fa61056c800 Uncommon trap 234 fr.pc 0x00007fa60d07a788

Internal exceptions (10 events):
Event: 52.962 Thread 0x00007fa61056c800 Threw 0x00000007afacfae0 at /HUDSON/workspace/jdk7u4-2-build-linux-amd64-product/jdk7u4/hotspot/src/share/vm/prims/jvm.cpp:1166
Event: 52.962 Thread 0x00007fa61056c800 Threw 0x00000007afad56a0 at /HUDSON/workspace/jdk7u4-2-build-linux-amd64-product/jdk7u4/hotspot/src/share/vm/prims/jvm.cpp:1166
Event: 52.963 Thread 0x00007fa61056c800 Threw 0x00000007afada7f8 at /HUDSON/workspace/jdk7u4-2-build-linux-amd64-product/jdk7u4/hotspot/src/share/vm/prims/jvm.cpp:1166
Event: 52.963 Thread 0x00007fa61056c800 Threw 0x00000007afae17a8 at /HUDSON/workspace/jdk7u4-2-build-linux-amd64-product/jdk7u4/hotspot/src/share/vm/prims/jvm.cpp:1166
Event: 52.964 Thread 0x00007fa61056c800 Threw 0x00000007afae74c8 at /HUDSON/workspace/jdk7u4-2-build-linux-amd64-product/jdk7u4/hotspot/src/share/vm/prims/jvm.cpp:1166
Event: 52.964 Thread 0x00007fa61056c800 Threw 0x00000007afaece38 at /HUDSON/workspace/jdk7u4-2-build-linux-amd64-product/jdk7u4/hotspot/src/share/vm/prims/jvm.cpp:1166
Event: 52.965 Thread 0x00007fa61056c800 Threw 0x00000007afaf2b00 at /HUDSON/workspace/jdk7u4-2-build-linux-amd64-product/jdk7u4/hotspot/src/share/vm/prims/jvm.cpp:1166
Event: 52.965 Thread 0x00007fa61056c800 Threw 0x00000007afaf81b8 at /HUDSON/workspace/jdk7u4-2-build-linux-amd64-product/jdk7u4/hotspot/src/share/vm/prims/jvm.cpp:1166
Event: 52.966 Thread 0x00007fa61056c800 Threw 0x00000007afaffe70 at /HUDSON/workspace/jdk7u4-2-build-linux-amd64-product/jdk7u4/hotspot/src/share/vm/prims/jvm.cpp:1166
Event: 52.967 Thread 0x00007fa61056c800 Threw 0x00000007afb09838 at /HUDSON/workspace/jdk7u4-2-build-linux-amd64-product/jdk7u4/hotspot/src/share/vm/prims/jvm.cpp:1166

Events (10 events):
Event: 52.968 Thread 0x00007fa61056c800 DEOPT PACKING pc=0x00007fa60d07a788 sp=0x00007fa600513e30
Event: 52.968 Thread 0x00007fa61056c800 DEOPT UNPACKING pc=0x00007fa60d039145 sp=0x00007fa600513e00 mode 2
Event: 52.968 loading class 0x00007fa610070a60
Event: 52.968 loading class 0x00007fa610070d60
Event: 52.968 loading class 0x00007fa610070d60 done
Event: 52.968 loading class 0x00007fa610070a60 done
Event: 52.968 loading class 0x00007fa61051d920
Event: 52.968 loading class 0x00007fa61051d920 done
Event: 53.016 Executing VM operation: BulkRevokeBias
Event: 53.016 Executing VM operation: BulkRevokeBias done


Dynamic libraries:
00400000-00401000 r-xp 00000000 08:02 29627988                           /usr/lib/jvm/jdk1.7.0_04/bin/java
00600000-00601000 rw-p 00000000 08:02 29627988                           /usr/lib/jvm/jdk1.7.0_04/bin/java
00ee4000-00f05000 rw-p 00000000 00:00 0                                  [heap]
700600000-701ac0000 rw-p 00000000 00:00 0 
701ac0000-705800000 rw-p 00000000 00:00 0 
705800000-70ff00000 rw-p 00000000 00:00 0 
70ff00000-7ac800000 rw-p 00000000 00:00 0 
7ac800000-7b1b80000 rw-p 00000000 00:00 0 
7b1b80000-800000000 rw-p 00000000 00:00 0 
7fa58c000000-7fa58c021000 rw-p 00000000 00:00 0 
7fa58c021000-7fa590000000 ---p 00000000 00:00 0 
7fa594000000-7fa594021000 rw-p 00000000 00:00 0 
7fa594021000-7fa598000000 ---p 00000000 00:00 0 
7fa598000000-7fa598021000 rw-p 00000000 00:00 0 
7fa598021000-7fa59c000000 ---p 00000000 00:00 0 
7fa59c000000-7fa59c021000 rw-p 00000000 00:00 0 
7fa59c021000-7fa5a0000000 ---p 00000000 00:00 0 
7fa5a0000000-7fa5a00ed000 rw-p 00000000 00:00 0 
7fa5a00ed000-7fa5a4000000 ---p 00000000 00:00 0 
7fa5a4000000-7fa5a4021000 rw-p 00000000 00:00 0 
7fa5a4021000-7fa5a8000000 ---p 00000000 00:00 0 
7fa5a8000000-7fa5a8021000 rw-p 00000000 00:00 0 
7fa5a8021000-7fa5ac000000 ---p 00000000 00:00 0 
7fa5ac000000-7fa5aca56000 rw-p 00000000 00:00 0 
7fa5aca56000-7fa5b0000000 ---p 00000000 00:00 0 
7fa5b0000000-7fa5b0587000 rw-p 00000000 00:00 0 
7fa5b0587000-7fa5b4000000 ---p 00000000 00:00 0 
7fa5b4000000-7fa5b4021000 rw-p 00000000 00:00 0 
7fa5b4021000-7fa5b8000000 ---p 00000000 00:00 0 
7fa5b8000000-7fa5b8021000 rw-p 00000000 00:00 0 
7fa5b8021000-7fa5bc000000 ---p 00000000 00:00 0 
7fa5bc000000-7fa5bc021000 rw-p 00000000 00:00 0 
7fa5bc021000-7fa5c0000000 ---p 00000000 00:00 0 
7fa5c0000000-7fa5c0021000 rw-p 00000000 00:00 0 
7fa5c0021000-7fa5c4000000 ---p 00000000 00:00 0 
7fa5c4000000-7fa5c4021000 rw-p 00000000 00:00 0 
7fa5c4021000-7fa5c8000000 ---p 00000000 00:00 0 
7fa5cc000000-7fa5cc021000 rw-p 00000000 00:00 0 
7fa5cc021000-7fa5d0000000 ---p 00000000 00:00 0 
7fa5d4000000-7fa5d4021000 rw-p 00000000 00:00 0 
7fa5d4021000-7fa5d8000000 ---p 00000000 00:00 0 
7fa5dc000000-7fa5dc021000 rw-p 00000000 00:00 0 
7fa5dc021000-7fa5e0000000 ---p 00000000 00:00 0 
7fa5e4000000-7fa5e4021000 rw-p 00000000 00:00 0 
7fa5e4021000-7fa5e8000000 ---p 00000000 00:00 0 
7fa5ec000000-7fa5ec021000 rw-p 00000000 00:00 0 
7fa5ec021000-7fa5f0000000 ---p 00000000 00:00 0 
7fa5f4000000-7fa5f4021000 rw-p 00000000 00:00 0 
7fa5f4021000-7fa5f8000000 ---p 00000000 00:00 0 
7fa5fbec7000-7fa5fc000000 rw-p 00000000 00:00 0 
7fa5fc000000-7fa5fc021000 rw-p 00000000 00:00 0 
7fa5fc021000-7fa600000000 ---p 00000000 00:00 0 
7fa600011000-7fa600112000 rw-p 00000000 00:00 0 
7fa600112000-7fa600115000 ---p 00000000 00:00 0 
7fa600115000-7fa600213000 rw-p 00000000 00:00 0 
7fa600213000-7fa600216000 ---p 00000000 00:00 0 
7fa600216000-7fa600314000 rw-p 00000000 00:00 0 
7fa600314000-7fa600317000 ---p 00000000 00:00 0 
7fa600317000-7fa600415000 rw-p 00000000 00:00 0 
7fa600415000-7fa600418000 ---p 00000000 00:00 0 
7fa600418000-7fa600516000 rw-p 00000000 00:00 0 
7fa600516000-7fa600519000 ---p 00000000 00:00 0 
7fa600519000-7fa600617000 rw-p 00000000 00:00 0 
7fa600617000-7fa60061f000 r-xp 00000000 08:02 34741773                   /usr/lib/jvm/jdk1.7.0_04/jre/lib/amd64/libmanagement.so
7fa60061f000-7fa60081e000 ---p 00008000 08:02 34741773                   /usr/lib/jvm/jdk1.7.0_04/jre/lib/amd64/libmanagement.so
7fa60081e000-7fa60081f000 rw-p 00007000 08:02 34741773                   /usr/lib/jvm/jdk1.7.0_04/jre/lib/amd64/libmanagement.so
7fa60081f000-7fa600834000 r-xp 00000000 08:02 34741739                   /usr/lib/jvm/jdk1.7.0_04/jre/lib/amd64/libnet.so
7fa600834000-7fa600a34000 ---p 00015000 08:02 34741739                   /usr/lib/jvm/jdk1.7.0_04/jre/lib/amd64/libnet.so
7fa600a34000-7fa600a35000 rw-p 00015000 08:02 34741739                   /usr/lib/jvm/jdk1.7.0_04/jre/lib/amd64/libnet.so
7fa600a35000-7fa600a45000 r-xp 00000000 08:02 34741734                   /usr/lib/jvm/jdk1.7.0_04/jre/lib/amd64/libnio.so
7fa600a45000-7fa600c45000 ---p 00010000 08:02 34741734                   /usr/lib/jvm/jdk1.7.0_04/jre/lib/amd64/libnio.so
7fa600c45000-7fa600c46000 rw-p 00010000 08:02 34741734                   /usr/lib/jvm/jdk1.7.0_04/jre/lib/amd64/libnio.so
7fa600c46000-7fa600c4f000 r--s 00254000 08:02 30279729                   /usr/lib/jvm/jdk1.7.0_04/jre/lib/resources.jar
7fa600c4f000-7fa600c56000 r--s 00032000 08:02 36574803                   /home/nwhitehead/.m2/repository/org/springframework/spring-tx/3.0.7.RELEASE/spring-tx-3.0.7.RELEASE.jar
7fa600c56000-7fa600c5c000 r--s 00033000 08:02 8789171                    /home/nwhitehead/.m2/repository/org/springframework/spring-test/3.1.1.RELEASE/spring-test-3.1.1.RELEASE.jar
7fa600c5c000-7fa600c60000 r--s 00026000 08:02 8789167                    /home/nwhitehead/.m2/repository/org/springframework/spring-expression/3.0.7.RELEASE/spring-expression-3.0.7.RELEASE.jar
7fa600c60000-7fa600c69000 r--s 00055000 08:02 8654891                    /home/nwhitehead/.m2/repository/org/springframework/spring-core/3.0.7.RELEASE/spring-core-3.0.7.RELEASE.jar
7fa600c69000-7fa600c7a000 r--s 00093000 08:02 8654877                    /home/nwhitehead/.m2/repository/org/springframework/spring-context/3.0.7.RELEASE/spring-context-3.0.7.RELEASE.jar
7fa600c7a000-7fa600c85000 r--s 0007d000 08:02 8654888                    /home/nwhitehead/.m2/repository/org/springframework/spring-beans/3.0.7.RELEASE/spring-beans-3.0.7.RELEASE.jar
7fa600c85000-7fa600c86000 r--s 0000c000 08:02 8654885                    /home/nwhitehead/.m2/repository/org/springframework/spring-asm/3.0.7.RELEASE/spring-asm-3.0.7.RELEASE.jar
7fa600c86000-7fa600c8f000 r--s 00046000 08:02 8654882                    /home/nwhitehead/.m2/repository/org/springframework/spring-aop/3.0.7.RELEASE/spring-aop-3.0.7.RELEASE.jar
7fa600c8f000-7fa600c98000 r--s 00098000 08:02 36969372                   /home/nwhitehead/.m2/repository/org/javassist/javassist/3.16.1-GA/javassist-3.16.1-GA.jar
7fa600c98000-7fa600c9a000 r--s 00016000 08:02 31459454                   /home/nwhitehead/.m2/repository/com/github/stephenc/high-scale-lib/high-scale-lib/1.1.4/high-scale-lib-1.1.4.jar
7fa600c9a000-7fa600ca0000 r--s 00054000 08:02 39194404                   /home/nwhitehead/.m2/repository/org/snmp4j/snmp4j/1.9.1f/snmp4j-1.9.1f.jar
7fa600ca0000-7fa600ca1000 r--s 00002000 08:02 8522569                    /home/nwhitehead/.m2/repository/org/slf4j/slf4j-log4j12/1.6.6/slf4j-log4j12-1.6.6.jar
7fa600ca1000-7fa600ca3000 r--s 00005000 08:02 8391930                    /home/nwhitehead/.m2/repository/org/slf4j/slf4j-api/1.6.6/slf4j-api-1.6.6.jar
7fa600ca3000-7fa600cb8000 r--s 000fc000 08:02 30802879                   /home/nwhitehead/.m2/repository/io/netty/netty/3.5.1.Final/netty-3.5.1.Final.jar
7fa600cb8000-7fa600cc1000 r--s 0006d000 08:02 30278826                   /home/nwhitehead/.m2/repository/log4j/log4j/1.2.16/log4j-1.2.16.jar
7fa600cc1000-7fa600cc7000 r--s 00034000 08:02 29493006                   /home/nwhitehead/.m2/repository/junit/junit/4.8.2/junit-4.8.2.jar
7fa600cc7000-7fa600cdc000 r--s 000f9000 08:02 33035637                   /home/nwhitehead/.m2/repository/com/sun/xml/bind/jaxb-impl/2.2.5/jaxb-impl-2.2.5.jar
7fa600cdc000-7fa600cde000 r--s 0000d000 08:02 29624438                   /home/nwhitehead/.m2/repository/commons-logging/commons-logging/1.1.1/commons-logging-1.1.1.jar
7fa600cde000-7fa600ce1000 r--s 00012000 08:02 8789170                    /home/nwhitehead/.m2/repository/org/apache/camel/camel-test-spring/2.10.0/camel-test-spring-2.10.0.jar
7fa600ce1000-7fa600ce3000 r--s 0000c000 08:02 8522586                    /home/nwhitehead/.m2/repository/org/apache/camel/camel-test/2.10.0/camel-test-2.10.0.jar
7fa600ce3000-7fa600ce8000 r--s 00033000 08:02 8654876                    /home/nwhitehead/.m2/repository/org/apache/camel/camel-spring/2.10.0/camel-spring-2.10.0.jar
7fa600ce8000-7fa600cea000 r--s 0000e000 08:02 8522551                    /home/nwhitehead/.m2/repository/org/apache/camel/camel-netty/2.10.0/camel-netty-2.10.0.jar
7fa600cea000-7fa600d13000 r--s 001f1000 08:02 8391906                    /home/nwhitehead/.m2/repository/org/apache/camel/camel-core/2.10.0/camel-core-2.10.0.jar
7fa600d13000-7fa600d15000 r--s 00000000 08:02 31854785                   /home/nwhitehead/.m2/repository/aopalliance/aopalliance/1.0/aopalliance-1.0.jar
7fa600d15000-7fa600d16000 ---p 00000000 00:00 0 
7fa600d16000-7fa600e16000 rw-p 00000000 00:00 0 
7fa600e16000-7fa600e19000 ---p 00000000 00:00 0 
7fa600e19000-7fa600f17000 rw-p 00000000 00:00 0 
7fa600f17000-7fa600f1a000 ---p 00000000 00:00 0 
7fa600f1a000-7fa601018000 rw-p 00000000 00:00 0 
7fa601018000-7fa60101b000 ---p 00000000 00:00 0 
7fa60101b000-7fa601119000 rw-p 00000000 00:00 0 
7fa601119000-7fa60111c000 ---p 00000000 00:00 0 
7fa60111c000-7fa60121a000 rw-p 00000000 00:00 0 
7fa60121a000-7fa6018fd000 r--p 00000000 08:02 30808157                   /usr/lib/locale/locale-archive
7fa6018fd000-7fa601900000 ---p 00000000 00:00 0 
7fa601900000-7fa6019fe000 rw-p 00000000 00:00 0 
7fa6019fe000-7fa601a01000 ---p 00000000 00:00 0 
7fa601a01000-7fa601aff000 rw-p 00000000 00:00 0 
7fa601aff000-7fa601b00000 ---p 00000000 00:00 0 
7fa601b00000-7fa60d000000 rw-p 00000000 00:00 0 
7fa60d000000-7fa60d270000 rwxp 00000000 00:00 0 
7fa60d270000-7fa6107c2000 rw-p 00000000 00:00 0 
7fa6107c2000-7fa614000000 ---p 00000000 00:00 0 
7fa614013000-7fa6148bd000 rw-p 00000000 00:00 0 
7fa6148bd000-7fa614a7d000 r--s 03a2e000 08:02 30279738                   /usr/lib/jvm/jdk1.7.0_04/jre/lib/rt.jar
7fa614a7d000-7fa614aa5000 rw-p 00000000 00:00 0 
7fa614aa5000-7fa614aa6000 ---p 00000000 00:00 0 
7fa614aa6000-7fa614ba6000 rw-p 00000000 00:00 0 
7fa614ba6000-7fa614ba7000 ---p 00000000 00:00 0 
7fa614ba7000-7fa614ca7000 rw-p 00000000 00:00 0 
7fa614ca7000-7fa614ca8000 ---p 00000000 00:00 0 
7fa614ca8000-7fa614da8000 rw-p 00000000 00:00 0 
7fa614da8000-7fa614da9000 ---p 00000000 00:00 0 
7fa614da9000-7fa614ea9000 rw-p 00000000 00:00 0 
7fa614ea9000-7fa614eaa000 ---p 00000000 00:00 0 
7fa614eaa000-7fa614faa000 rw-p 00000000 00:00 0 
7fa614faa000-7fa614fab000 ---p 00000000 00:00 0 
7fa614fab000-7fa6150ab000 rw-p 00000000 00:00 0 
7fa6150ab000-7fa6150ac000 ---p 00000000 00:00 0 
7fa6150ac000-7fa6151ac000 rw-p 00000000 00:00 0 
7fa6151ac000-7fa6151ad000 ---p 00000000 00:00 0 
7fa6151ad000-7fa6152b8000 rw-p 00000000 00:00 0 
7fa6152b8000-7fa6152d6000 rw-p 00000000 00:00 0 
7fa6152d6000-7fa61532a000 rw-p 00000000 00:00 0 
7fa61532a000-7fa61580e000 rw-p 00000000 00:00 0 
7fa61580e000-7fa615819000 rw-p 00000000 00:00 0 
7fa615819000-7fa615837000 rw-p 00000000 00:00 0 
7fa615837000-7fa61588b000 rw-p 00000000 00:00 0 
7fa61588b000-7fa615d6f000 rw-p 00000000 00:00 0 
7fa615d6f000-7fa615d99000 rw-p 00000000 00:00 0 
7fa615d99000-7fa61600b000 rw-p 00000000 00:00 0 
7fa61600b000-7fa61600c000 rw-p 00000000 00:00 0 
7fa61600c000-7fa616026000 r-xp 00000000 08:02 34741776                   /usr/lib/jvm/jdk1.7.0_04/jre/lib/amd64/libzip.so
7fa616026000-7fa616226000 ---p 0001a000 08:02 34741776                   /usr/lib/jvm/jdk1.7.0_04/jre/lib/amd64/libzip.so
7fa616226000-7fa616227000 rw-p 0001a000 08:02 34741776                   /usr/lib/jvm/jdk1.7.0_04/jre/lib/amd64/libzip.so
7fa616227000-7fa616233000 r-xp 00000000 08:02 6291680                    /lib/x86_64-linux-gnu/libnss_files-2.15.so
7fa616233000-7fa616432000 ---p 0000c000 08:02 6291680                    /lib/x86_64-linux-gnu/libnss_files-2.15.so
7fa616432000-7fa616433000 r--p 0000b000 08:02 6291680                    /lib/x86_64-linux-gnu/libnss_files-2.15.so
7fa616433000-7fa616434000 rw-p 0000c000 08:02 6291680                    /lib/x86_64-linux-gnu/libnss_files-2.15.so
7fa616434000-7fa61643e000 r-xp 00000000 08:02 6291676                    /lib/x86_64-linux-gnu/libnss_nis-2.15.so
7fa61643e000-7fa61663e000 ---p 0000a000 08:02 6291676                    /lib/x86_64-linux-gnu/libnss_nis-2.15.so
7fa61663e000-7fa61663f000 r--p 0000a000 08:02 6291676                    /lib/x86_64-linux-gnu/libnss_nis-2.15.so
7fa61663f000-7fa616640000 rw-p 0000b000 08:02 6291676                    /lib/x86_64-linux-gnu/libnss_nis-2.15.so
7fa616640000-7fa616657000 r-xp 00000000 08:02 6291689                    /lib/x86_64-linux-gnu/libnsl-2.15.so
7fa616657000-7fa616856000 ---p 00017000 08:02 6291689                    /lib/x86_64-linux-gnu/libnsl-2.15.so
7fa616856000-7fa616857000 r--p 00016000 08:02 6291689                    /lib/x86_64-linux-gnu/libnsl-2.15.so
7fa616857000-7fa616858000 rw-p 00017000 08:02 6291689                    /lib/x86_64-linux-gnu/libnsl-2.15.so
7fa616858000-7fa61685a000 rw-p 00000000 00:00 0 
7fa61685a000-7fa616862000 r-xp 00000000 08:02 6291681                    /lib/x86_64-linux-gnu/libnss_compat-2.15.so
7fa616862000-7fa616a61000 ---p 00008000 08:02 6291681                    /lib/x86_64-linux-gnu/libnss_compat-2.15.so
7fa616a61000-7fa616a62000 r--p 00007000 08:02 6291681                    /lib/x86_64-linux-gnu/libnss_compat-2.15.so
7fa616a62000-7fa616a63000 rw-p 00008000 08:02 6291681                    /lib/x86_64-linux-gnu/libnss_compat-2.15.so
7fa616a63000-7fa616a8c000 r-xp 00000000 08:02 34741764                   /usr/lib/jvm/jdk1.7.0_04/jre/lib/amd64/libjava.so
7fa616a8c000-7fa616c8c000 ---p 00029000 08:02 34741764                   /usr/lib/jvm/jdk1.7.0_04/jre/lib/amd64/libjava.so
7fa616c8c000-7fa616c8e000 rw-p 00029000 08:02 34741764                   /usr/lib/jvm/jdk1.7.0_04/jre/lib/amd64/libjava.so
7fa616c8e000-7fa616c9d000 r-xp 00000000 08:02 34741762                   /usr/lib/jvm/jdk1.7.0_04/jre/lib/amd64/libverify.so
7fa616c9d000-7fa616e9c000 ---p 0000f000 08:02 34741762                   /usr/lib/jvm/jdk1.7.0_04/jre/lib/amd64/libverify.so
7fa616e9c000-7fa616e9e000 rw-p 0000e000 08:02 34741762                   /usr/lib/jvm/jdk1.7.0_04/jre/lib/amd64/libverify.so
7fa616e9e000-7fa616ea5000 r-xp 00000000 08:02 6291674                    /lib/x86_64-linux-gnu/librt-2.15.so
7fa616ea5000-7fa6170a4000 ---p 00007000 08:02 6291674                    /lib/x86_64-linux-gnu/librt-2.15.so
7fa6170a4000-7fa6170a5000 r--p 00006000 08:02 6291674                    /lib/x86_64-linux-gnu/librt-2.15.so
7fa6170a5000-7fa6170a6000 rw-p 00007000 08:02 6291674                    /lib/x86_64-linux-gnu/librt-2.15.so
7fa6170a6000-7fa6171a1000 r-xp 00000000 08:02 6291678                    /lib/x86_64-linux-gnu/libm-2.15.so
7fa6171a1000-7fa6173a0000 ---p 000fb000 08:02 6291678                    /lib/x86_64-linux-gnu/libm-2.15.so
7fa6173a0000-7fa6173a1000 r--p 000fa000 08:02 6291678                    /lib/x86_64-linux-gnu/libm-2.15.so
7fa6173a1000-7fa6173a2000 rw-p 000fb000 08:02 6291678                    /lib/x86_64-linux-gnu/libm-2.15.so
7fa6173a2000-7fa617de3000 r-xp 00000000 08:02 34741769                   /usr/lib/jvm/jdk1.7.0_04/jre/lib/amd64/server/libjvm.so
7fa617de3000-7fa617fe2000 ---p 00a41000 08:02 34741769                   /usr/lib/jvm/jdk1.7.0_04/jre/lib/amd64/server/libjvm.so
7fa617fe2000-7fa618086000 rw-p 00a40000 08:02 34741769                   /usr/lib/jvm/jdk1.7.0_04/jre/lib/amd64/server/libjvm.so
7fa618086000-7fa6180c1000 rw-p 00000000 00:00 0 
7fa6180c1000-7fa618273000 r-xp 00000000 08:02 6291670                    /lib/x86_64-linux-gnu/libc-2.15.so
7fa618273000-7fa618473000 ---p 001b2000 08:02 6291670                    /lib/x86_64-linux-gnu/libc-2.15.so
7fa618473000-7fa618477000 r--p 001b2000 08:02 6291670                    /lib/x86_64-linux-gnu/libc-2.15.so
7fa618477000-7fa618479000 rw-p 001b6000 08:02 6291670                    /lib/x86_64-linux-gnu/libc-2.15.so
7fa618479000-7fa61847e000 rw-p 00000000 00:00 0 
7fa61847e000-7fa618480000 r-xp 00000000 08:02 6291669                    /lib/x86_64-linux-gnu/libdl-2.15.so
7fa618480000-7fa618680000 ---p 00002000 08:02 6291669                    /lib/x86_64-linux-gnu/libdl-2.15.so
7fa618680000-7fa618681000 r--p 00002000 08:02 6291669                    /lib/x86_64-linux-gnu/libdl-2.15.so
7fa618681000-7fa618682000 rw-p 00003000 08:02 6291669                    /lib/x86_64-linux-gnu/libdl-2.15.so
7fa618682000-7fa618698000 r-xp 00000000 08:02 34741744                   /usr/lib/jvm/jdk1.7.0_04/jre/lib/amd64/jli/libjli.so
7fa618698000-7fa618897000 ---p 00016000 08:02 34741744                   /usr/lib/jvm/jdk1.7.0_04/jre/lib/amd64/jli/libjli.so
7fa618897000-7fa618898000 rw-p 00015000 08:02 34741744                   /usr/lib/jvm/jdk1.7.0_04/jre/lib/amd64/jli/libjli.so
7fa618898000-7fa6188b0000 r-xp 00000000 08:02 6291672                    /lib/x86_64-linux-gnu/libpthread-2.15.so
7fa6188b0000-7fa618aaf000 ---p 00018000 08:02 6291672                    /lib/x86_64-linux-gnu/libpthread-2.15.so
7fa618aaf000-7fa618ab0000 r--p 00017000 08:02 6291672                    /lib/x86_64-linux-gnu/libpthread-2.15.so
7fa618ab0000-7fa618ab1000 rw-p 00018000 08:02 6291672                    /lib/x86_64-linux-gnu/libpthread-2.15.so
7fa618ab1000-7fa618ab5000 rw-p 00000000 00:00 0 
7fa618ab5000-7fa618ad7000 r-xp 00000000 08:02 6291684                    /lib/x86_64-linux-gnu/ld-2.15.so
7fa618af1000-7fa618afb000 rw-p 00000000 00:00 0 
7fa618afb000-7fa618bb1000 rw-p 00000000 00:00 0 
7fa618bb1000-7fa618bb4000 ---p 00000000 00:00 0 
7fa618bb4000-7fa618cb6000 rw-p 00000000 00:00 0 
7fa618cca000-7fa618ccb000 rw-p 00000000 00:00 0 
7fa618ccb000-7fa618cd3000 rw-s 00000000 08:02 7471123                    /tmp/hsperfdata_nwhitehead/32599
7fa618cd3000-7fa618cd4000 rw-p 00000000 00:00 0 
7fa618cd4000-7fa618cd5000 r--p 00000000 00:00 0 
7fa618cd5000-7fa618cd7000 rw-p 00000000 00:00 0 
7fa618cd7000-7fa618cd8000 r--p 00022000 08:02 6291684                    /lib/x86_64-linux-gnu/ld-2.15.so
7fa618cd8000-7fa618cda000 rw-p 00023000 08:02 6291684                    /lib/x86_64-linux-gnu/ld-2.15.so
7fff926c9000-7fff926ea000 rw-p 00000000 00:00 0                          [stack]
7fff927ff000-7fff92800000 r-xp 00000000 00:00 0                          [vdso]
ffffffffff600000-ffffffffff601000 r-xp 00000000 00:00 0                  [vsyscall]

VM Arguments:
jvm_args: -Dfile.encoding=UTF-8 
java_command: org.helios.apmrouter.Boot
Launcher Type: SUN_STANDARD

Environment Variables:
PATH=/home/nwhitehead/bin:/usr/lib/lightdm/lightdm:/usr/local/sbin:/usr/local/bin:/usr/sbin:/usr/bin:/sbin:/bin:/usr/games
SHELL=/bin/bash
DISPLAY=:0

Signal Handlers:
SIGSEGV: [libjvm.so+0x8a0cb0], sa_mask[0]=0x7ffbfeff, sa_flags=0x10000004
SIGBUS: [libjvm.so+0x8a0cb0], sa_mask[0]=0x7ffbfeff, sa_flags=0x10000004
SIGFPE: [libjvm.so+0x73d630], sa_mask[0]=0x7ffbfeff, sa_flags=0x10000004
SIGPIPE: [libjvm.so+0x73d630], sa_mask[0]=0x7ffbfeff, sa_flags=0x10000004
SIGXFSZ: [libjvm.so+0x73d630], sa_mask[0]=0x7ffbfeff, sa_flags=0x10000004
SIGILL: [libjvm.so+0x73d630], sa_mask[0]=0x7ffbfeff, sa_flags=0x10000004
SIGUSR1: SIG_DFL, sa_mask[0]=0x00000000, sa_flags=0x00000000
SIGUSR2: [libjvm.so+0x73cf80], sa_mask[0]=0x00000004, sa_flags=0x10000004
SIGHUP: [libjvm.so+0x73f310], sa_mask[0]=0x7ffbfeff, sa_flags=0x10000004
SIGINT: [libjvm.so+0x73f310], sa_mask[0]=0x7ffbfeff, sa_flags=0x10000004
SIGTERM: [libjvm.so+0x73f310], sa_mask[0]=0x7ffbfeff, sa_flags=0x10000004
SIGQUIT: [libjvm.so+0x73f310], sa_mask[0]=0x7ffbfeff, sa_flags=0x10000004


---------------  S Y S T E M  ---------------

OS:wheezy/sid

uname:Linux 3.2.0-30-generic #48-Ubuntu SMP Fri Aug 24 16:52:48 UTC 2012 x86_64
libc:glibc 2.15 NPTL 2.15 
rlimit: STACK 8192k, CORE 0k, NPROC 128088, NOFILE 4096, AS infinity
load average:0.96 1.50 0.95

/proc/meminfo:
MemTotal:       16412920 kB
MemFree:         6808148 kB
Buffers:          860112 kB
Cached:          3872240 kB
SwapCached:            0 kB
Active:          5920056 kB
Inactive:        2718792 kB
Active(anon):    3908224 kB
Inactive(anon):    32916 kB
Active(file):    2011832 kB
Inactive(file):  2685876 kB
Unevictable:        1776 kB
Mlocked:            1776 kB
SwapTotal:      31249404 kB
SwapFree:       31249404 kB
Dirty:              9572 kB
Writeback:             0 kB
AnonPages:       3908296 kB
Mapped:           342368 kB
Shmem:             34648 kB
Slab:             621244 kB
SReclaimable:     567912 kB
SUnreclaim:        53332 kB
KernelStack:        7192 kB
PageTables:        57196 kB
NFS_Unstable:          0 kB
Bounce:                0 kB
WritebackTmp:          0 kB
CommitLimit:    39455864 kB
Committed_AS:    9639776 kB
VmallocTotal:   34359738367 kB
VmallocUsed:      157060 kB
VmallocChunk:   34359573748 kB
HardwareCorrupted:     0 kB
AnonHugePages:         0 kB
HugePages_Total:       0
HugePages_Free:        0
HugePages_Rsvd:        0
HugePages_Surp:        0
Hugepagesize:       2048 kB
DirectMap4k:      255772 kB
DirectMap2M:    16500736 kB


CPU:total 8 (4 cores per cpu, 2 threads per core) family 6 model 42 stepping 7, cmov, cx8, fxsr, mmx, sse, sse2, sse3, ssse3, sse4.1, sse4.2, popcnt, avx, ht, tsc, tscinvbit

/proc/cpuinfo:
processor	: 0
vendor_id	: GenuineIntel
cpu family	: 6
model		: 42
model name	: Intel(R) Core(TM) i7-2860QM CPU @ 2.50GHz
stepping	: 7
microcode	: 0x1b
cpu MHz		: 2501.000
cache size	: 8192 KB
physical id	: 0
siblings	: 8
core id		: 0
cpu cores	: 4
apicid		: 0
initial apicid	: 0
fpu		: yes
fpu_exception	: yes
cpuid level	: 13
wp		: yes
flags		: fpu vme de pse tsc msr pae mce cx8 apic sep mtrr pge mca cmov pat pse36 clflush dts acpi mmx fxsr sse sse2 ss ht tm pbe syscall nx rdtscp lm constant_tsc arch_perfmon pebs bts rep_good nopl xtopology nonstop_tsc aperfmperf pni pclmulqdq dtes64 monitor ds_cpl vmx smx est tm2 ssse3 cx16 xtpr pdcm pcid sse4_1 sse4_2 x2apic popcnt tsc_deadline_timer aes xsave avx lahf_lm ida arat epb xsaveopt pln pts dtherm tpr_shadow vnmi flexpriority ept vpid
bogomips	: 4989.01
clflush size	: 64
cache_alignment	: 64
address sizes	: 36 bits physical, 48 bits virtual
power management:

processor	: 1
vendor_id	: GenuineIntel
cpu family	: 6
model		: 42
model name	: Intel(R) Core(TM) i7-2860QM CPU @ 2.50GHz
stepping	: 7
microcode	: 0x1b
cpu MHz		: 2501.000
cache size	: 8192 KB
physical id	: 0
siblings	: 8
core id		: 1
cpu cores	: 4
apicid		: 2
initial apicid	: 2
fpu		: yes
fpu_exception	: yes
cpuid level	: 13
wp		: yes
flags		: fpu vme de pse tsc msr pae mce cx8 apic sep mtrr pge mca cmov pat pse36 clflush dts acpi mmx fxsr sse sse2 ss ht tm pbe syscall nx rdtscp lm constant_tsc arch_perfmon pebs bts rep_good nopl xtopology nonstop_tsc aperfmperf pni pclmulqdq dtes64 monitor ds_cpl vmx smx est tm2 ssse3 cx16 xtpr pdcm pcid sse4_1 sse4_2 x2apic popcnt tsc_deadline_timer aes xsave avx lahf_lm ida arat epb xsaveopt pln pts dtherm tpr_shadow vnmi flexpriority ept vpid
bogomips	: 4988.44
clflush size	: 64
cache_alignment	: 64
address sizes	: 36 bits physical, 48 bits virtual
power management:

processor	: 2
vendor_id	: GenuineIntel
cpu family	: 6
model		: 42
model name	: Intel(R) Core(TM) i7-2860QM CPU @ 2.50GHz
stepping	: 7
microcode	: 0x1b
cpu MHz		: 2501.000
cache size	: 8192 KB
physical id	: 0
siblings	: 8
core id		: 2
cpu cores	: 4
apicid		: 4
initial apicid	: 4
fpu		: yes
fpu_exception	: yes
cpuid level	: 13
wp		: yes
flags		: fpu vme de pse tsc msr pae mce cx8 apic sep mtrr pge mca cmov pat pse36 clflush dts acpi mmx fxsr sse sse2 ss ht tm pbe syscall nx rdtscp lm constant_tsc arch_perfmon pebs bts rep_good nopl xtopology nonstop_tsc aperfmperf pni pclmulqdq dtes64 monitor ds_cpl vmx smx est tm2 ssse3 cx16 xtpr pdcm pcid sse4_1 sse4_2 x2apic popcnt tsc_deadline_timer aes xsave avx lahf_lm ida arat epb xsaveopt pln pts dtherm tpr_shadow vnmi flexpriority ept vpid
bogomips	: 4988.44
clflush size	: 64
cache_alignment	: 64
address sizes	: 36 bits physical, 48 bits virtual
power management:

processor	: 3
vendor_id	: GenuineIntel
cpu family	: 6
model		: 42
model name	: Intel(R) Core(TM) i7-2860QM CPU @ 2.50GHz
stepping	: 7
microcode	: 0x1b
cpu MHz		: 2501.000
cache size	: 8192 KB
physical id	: 0
siblings	: 8
core id		: 3
cpu cores	: 4
apicid		: 6
initial apicid	: 6
fpu		: yes
fpu_exception	: yes
cpuid level	: 13
wp		: yes
flags		: fpu vme de pse tsc msr pae mce cx8 apic sep mtrr pge mca cmov pat pse36 clflush dts acpi mmx fxsr sse sse2 ss ht tm pbe syscall nx rdtscp lm constant_tsc arch_perfmon pebs bts rep_good nopl xtopology nonstop_tsc aperfmperf pni pclmulqdq dtes64 monitor ds_cpl vmx smx est tm2 ssse3 cx16 xtpr pdcm pcid sse4_1 sse4_2 x2apic popcnt tsc_deadline_timer aes xsave avx lahf_lm ida arat epb xsaveopt pln pts dtherm tpr_shadow vnmi flexpriority ept vpid
bogomips	: 4988.44
clflush size	: 64
cache_alignment	: 64
address sizes	: 36 bits physical, 48 bits virtual
power management:

processor	: 4
vendor_id	: GenuineIntel
cpu family	: 6
model		: 42
model name	: Intel(R) Core(TM) i7-2860QM CPU @ 2.50GHz
stepping	: 7
microcode	: 0x1b
cpu MHz		: 2501.000
cache size	: 8192 KB
physical id	: 0
siblings	: 8
core id		: 0
cpu cores	: 4
apicid		: 1
initial apicid	: 1
fpu		: yes
fpu_exception	: yes
cpuid level	: 13
wp		: yes
flags		: fpu vme de pse tsc msr pae mce cx8 apic sep mtrr pge mca cmov pat pse36 clflush dts acpi mmx fxsr sse sse2 ss ht tm pbe syscall nx rdtscp lm constant_tsc arch_perfmon pebs bts rep_good nopl xtopology nonstop_tsc aperfmperf pni pclmulqdq dtes64 monitor ds_cpl vmx smx est tm2 ssse3 cx16 xtpr pdcm pcid sse4_1 sse4_2 x2apic popcnt tsc_deadline_timer aes xsave avx lahf_lm ida arat epb xsaveopt pln pts dtherm tpr_shadow vnmi flexpriority ept vpid
bogomips	: 4988.44
clflush size	: 64
cache_alignment	: 64
address sizes	: 36 bits physical, 48 bits virtual
power management:

processor	: 5
vendor_id	: GenuineIntel
cpu family	: 6
model		: 42
model name	: Intel(R) Core(TM) i7-2860QM CPU @ 2.50GHz
stepping	: 7
microcode	: 0x1b
cpu MHz		: 2501.000
cache size	: 8192 KB
physical id	: 0
siblings	: 8
core id		: 1
cpu cores	: 4
apicid		: 3
initial apicid	: 3
fpu		: yes
fpu_exception	: yes
cpuid level	: 13
wp		: yes
flags		: fpu vme de pse tsc msr pae mce cx8 apic sep mtrr pge mca cmov pat pse36 clflush dts acpi mmx fxsr sse sse2 ss ht tm pbe syscall nx rdtscp lm constant_tsc arch_perfmon pebs bts rep_good nopl xtopology nonstop_tsc aperfmperf pni pclmulqdq dtes64 monitor ds_cpl vmx smx est tm2 ssse3 cx16 xtpr pdcm pcid sse4_1 sse4_2 x2apic popcnt tsc_deadline_timer aes xsave avx lahf_lm ida arat epb xsaveopt pln pts dtherm tpr_shadow vnmi flexpriority ept vpid
bogomips	: 4988.44
clflush size	: 64
cache_alignment	: 64
address sizes	: 36 bits physical, 48 bits virtual
power management:

processor	: 6
vendor_id	: GenuineIntel
cpu family	: 6
model		: 42
model name	: Intel(R) Core(TM) i7-2860QM CPU @ 2.50GHz
stepping	: 7
microcode	: 0x1b
cpu MHz		: 2501.000
cache size	: 8192 KB
physical id	: 0
siblings	: 8
core id		: 2
cpu cores	: 4
apicid		: 5
initial apicid	: 5
fpu		: yes
fpu_exception	: yes
cpuid level	: 13
wp		: yes
flags		: fpu vme de pse tsc msr pae mce cx8 apic sep mtrr pge mca cmov pat pse36 clflush dts acpi mmx fxsr sse sse2 ss ht tm pbe syscall nx rdtscp lm constant_tsc arch_perfmon pebs bts rep_good nopl xtopology nonstop_tsc aperfmperf pni pclmulqdq dtes64 monitor ds_cpl vmx smx est tm2 ssse3 cx16 xtpr pdcm pcid sse4_1 sse4_2 x2apic popcnt tsc_deadline_timer aes xsave avx lahf_lm ida arat epb xsaveopt pln pts dtherm tpr_shadow vnmi flexpriority ept vpid
bogomips	: 4988.44
clflush size	: 64
cache_alignment	: 64
address sizes	: 36 bits physical, 48 bits virtual
power management:

processor	: 7
vendor_id	: GenuineIntel
cpu family	: 6
model		: 42
model name	: Intel(R) Core(TM) i7-2860QM CPU @ 2.50GHz
stepping	: 7
microcode	: 0x1b
cpu MHz		: 2501.000
cache size	: 8192 KB
physical id	: 0
siblings	: 8
core id		: 3
cpu cores	: 4
apicid		: 7
initial apicid	: 7
fpu		: yes
fpu_exception	: yes
cpuid level	: 13
wp		: yes
flags		: fpu vme de pse tsc msr pae mce cx8 apic sep mtrr pge mca cmov pat pse36 clflush dts acpi mmx fxsr sse sse2 ss ht tm pbe syscall nx rdtscp lm constant_tsc arch_perfmon pebs bts rep_good nopl xtopology nonstop_tsc aperfmperf pni pclmulqdq dtes64 monitor ds_cpl vmx smx est tm2 ssse3 cx16 xtpr pdcm pcid sse4_1 sse4_2 x2apic popcnt tsc_deadline_timer aes xsave avx lahf_lm ida arat epb xsaveopt pln pts dtherm tpr_shadow vnmi flexpriority ept vpid
bogomips	: 4988.44
clflush size	: 64
cache_alignment	: 64
address sizes	: 36 bits physical, 48 bits virtual
power management:



Memory: 4k page, physical 16412920k(6808148k free), swap 31249404k(31249404k free)

vm_info: Java HotSpot(TM) 64-Bit Server VM (23.0-b21) for linux-amd64 JRE (1.7.0_04-b20), built on Apr 12 2012 01:59:40 by "java_re" with gcc 4.3.0 20080428 (Red Hat 4.3.0-8)

time: Sun Sep 16 17:35:35 2012
elapsed time: 53 seconds

