#
# A fatal error has been detected by the Java Runtime Environment:
#
#  SIGSEGV (0xb) at pc=0x00007f1209a9e9fa, pid=13881, tid=139714989463296
#
# JRE version: 7.0_04-b20
# Java VM: Java HotSpot(TM) 64-Bit Server VM (23.0-b21 mixed mode linux-amd64 compressed oops)
# Problematic frame:
# V  [libjvm.so+0x6699fa]  _Copy_conjoint_jints_atomic+0x5a
#
# Failed to write core dump. Core dumps have been disabled. To enable core dumping, try "ulimit -c unlimited" before starting Java again
#
# If you would like to submit a bug report, please visit:
#   http://bugreport.sun.com/bugreport/crash.jsp
#

---------------  T H R E A D  ---------------

Current thread (0x00007f120459c800):  JavaThread "New I/O  worker #1" daemon [_thread_in_vm, id=13906, stack(0x00007f11ee411000,0x00007f11ee512000)]

siginfo:si_signo=SIGSEGV: si_errno=0, si_code=2 (SEGV_ACCERR), si_addr=0x00007f1194029000

Registers:
RAX=0x00007f119500740c, RBX=0x00007f120459c800, RCX=0x00000007ad800008, RDX=0xffffffffffe04380
RSP=0x00007f11ee510068, RBP=0x00007f11ee5100c0, RSI=0x0000000000000000, RDI=0x00007f1194007414
R8 =0x0000000000400000, R9 =0x0000000000000010, R10=0x00007f1201011f64, R11=0x00007f1209bff460
R12=0x0000000000000000, R13=0x00007f11ee5101a0, R14=0x00007f11ee510080, R15=0x0000000000000010
RIP=0x00007f1209a9e9fa, EFLAGS=0x0000000000010292, CSGSFS=0x0100000000000033, ERR=0x0000000000000004
  TRAPNO=0x000000000000000e

Top of Stack: (sp=0x00007f11ee510068)
0x00007f11ee510068:   00007f1209cba163 00007f11ee510090
0x00007f11ee510078:   00007f1194007414 00007f120459c800
0x00007f11ee510088:   000000000074d140 00007f120a0ed950
0x00007f11ee510098:   00000007006eaa20 0000000000000000
0x00007f11ee5100a8:   00000007006eaa20 00007f11ee5101c0
0x00007f11ee5100b8:   00007f120459c800 00007f11ee510160
0x00007f11ee5100c8:   00007f1201011f90 0000000001000000
0x00007f11ee5100d8:   00007f11ee510100 0000000000200002
0x00007f11ee5100e8:   00000007ac800000 00007f11a00096e8
0x00007f11ee5100f8:   00007f11a00096e8 00000007ac800000
0x00007f11ee510108:   00007f120459c800 0000000000000001
0x00007f11ee510118:   0000000001000000 00007f11ee510120
0x00007f11ee510128:   0000000000000000 00007f11ee5101c0
0x00007f11ee510138:   00000007006ed890 0000000000000000
0x00007f11ee510148:   00000007006eaa20 0000000000000000
0x00007f11ee510158:   00007f11ee510180 00007f11ee510208
0x00007f11ee510168:   00007f1201006158 0000000000000000
0x00007f11ee510178:   00007f120100edd8 0000000001000000
0x00007f11ee510188:   00007f120997903a 0000000000000010
0x00007f11ee510198:   0000000000000010 00000007ac800000
0x00007f11ee5101a8:   00007f1194007414 00007f11ee510208
0x00007f11ee5101b8:   0000000000000000 00000007b06a0960
0x00007f11ee5101c8:   00007f11ee5101c8 0000000701352a14
0x00007f11ee5101d8:   00007f11ee510228 0000000701353218
0x00007f11ee5101e8:   0000000000000000 0000000701352a58
0x00007f11ee5101f8:   00007f11ee510180 00007f11ee510220
0x00007f11ee510208:   00007f11ee510280 00007f1201006333
0x00007f11ee510218:   00000007ac800000 0000000001000000
0x00007f11ee510228:   00000007b0880030 00000007b0880058
0x00007f11ee510238:   00000007b0880058 00007f11ee510240
0x00007f11ee510248:   0000000701352909 00007f11ee510290
0x00007f11ee510258:   0000000701353218 0000000000000000 

Instructions: (pc=0x00007f1209a9e9fa)
0x00007f1209a9e9da:   48 83 c2 01 75 f0 49 f7 c0 01 00 00 00 74 06 8b
0x00007f1209a9e9ea:   70 08 89 71 08 c3 48 8b 74 d0 e8 48 89 74 d1 e8
0x00007f1209a9e9fa:   48 8b 74 d0 f0 48 89 74 d1 f0 48 8b 74 d0 f8 48
0x00007f1209a9ea0a:   89 74 d1 f8 48 8b 34 d0 48 89 34 d1 48 83 c2 04 

Register to memory mapping:

RAX=0x00007f119500740c is an unknown value
RBX=0x00007f120459c800 is a thread
RCX=0x00000007ad800008 is an unknown value
RDX=0xffffffffffe04380 is an unknown value
RSP=0x00007f11ee510068 is pointing into the stack for thread: 0x00007f120459c800
RBP=0x00007f11ee5100c0 is pointing into the stack for thread: 0x00007f120459c800
RSI=0x0000000000000000 is an unknown value
RDI=0x00007f1194007414 is an unknown value
R8 =0x0000000000400000: <offset 0> in /usr/lib/jvm/jdk1.7.0_04/bin/java at 0x0000000000400000
R9 =0x0000000000000010 is an unknown value
R10=0x00007f1201011f64 is an Interpreter codelet
method entry point (kind = native)  [0x00007f1201011d00, 0x00007f1201012540]  2112 bytes
R11=0x00007f1209bff460: <offset 0x7ca460> in /usr/lib/jvm/jdk1.7.0_04/jre/lib/amd64/server/libjvm.so at 0x00007f1209435000
R12=0x0000000000000000 is an unknown value
R13=0x00007f11ee5101a0 is pointing into the stack for thread: 0x00007f120459c800
R14=0x00007f11ee510080 is pointing into the stack for thread: 0x00007f120459c800
R15=0x0000000000000010 is an unknown value


Stack: [0x00007f11ee411000,0x00007f11ee512000],  sp=0x00007f11ee510068,  free space=1020k
Native frames: (J=compiled Java code, j=interpreted, Vv=VM code, C=native code)
V  [libjvm.so+0x6699fa]  _Copy_conjoint_jints_atomic+0x5a
j  sun.misc.Unsafe.copyMemory(Ljava/lang/Object;JLjava/lang/Object;JJ)V+0
j  org.helios.apmrouter.trace.DirectMetricCollection$Reader.readBytes(I)[B+28
j  org.helios.apmrouter.trace.DirectMetricCollection$Reader.readString()Ljava/lang/String;+9
j  org.helios.apmrouter.trace.DirectMetricCollection$MetricReader.next()Lorg/helios/apmrouter/metric/IMetric;+92
j  org.helios.apmrouter.trace.DirectMetricCollection$MetricReader.next()Ljava/lang/Object;+1
j  org.helios.apmrouter.trace.DirectMetricCollection.decode()[Lorg/helios/apmrouter/metric/IMetric;+24
j  org.helios.apmrouter.server.net.listener.netty.handlers.AgentMetricHandler.processAgentRequest(Lorg/helios/apmrouter/SenderOpCode;Lorg/jboss/netty/buffer/ChannelBuffer;Ljava/net/SocketAddress;Lorg/jboss/netty/channel/Channel;)V+28
j  org.helios.apmrouter.server.net.listener.netty.handlers.udp.UDPAgentOperationRouter.handleUpstream(Lorg/jboss/netty/channel/ChannelHandlerContext;Lorg/jboss/netty/channel/ChannelEvent;)V+74
j  org.jboss.netty.channel.DefaultChannelPipeline.sendUpstream(Lorg/jboss/netty/channel/DefaultChannelPipeline$DefaultChannelHandlerContext;Lorg/jboss/netty/channel/ChannelEvent;)V+9
j  org.jboss.netty.channel.DefaultChannelPipeline.sendUpstream(Lorg/jboss/netty/channel/ChannelEvent;)V+55
j  org.jboss.netty.channel.Channels.fireMessageReceived(Lorg/jboss/netty/channel/Channel;Ljava/lang/Object;Ljava/net/SocketAddress;)V+16
j  org.jboss.netty.channel.socket.nio.NioDatagramWorker.read(Ljava/nio/channels/SelectionKey;)Z+136
j  org.jboss.netty.channel.socket.nio.AbstractNioWorker.processSelectedKeys(Ljava/util/Set;)V+52
j  org.jboss.netty.channel.socket.nio.AbstractNioWorker.run()V+97
j  org.jboss.netty.channel.socket.nio.NioDatagramWorker.run()V+1
j  org.jboss.netty.util.ThreadRenamingRunnable.run()V+55
j  org.jboss.netty.util.internal.DeadLockProofWorker$1.run()V+14
j  java.util.concurrent.ThreadPoolExecutor.runWorker(Ljava/util/concurrent/ThreadPoolExecutor$Worker;)V+46
j  java.util.concurrent.ThreadPoolExecutor$Worker.run()V+5
j  java.lang.Thread.run()V+11
v  ~StubRoutines::call_stub
V  [libjvm.so+0x54df25]  JavaCalls::call_helper(JavaValue*, methodHandle*, JavaCallArguments*, Thread*)+0x355
V  [libjvm.so+0x54ca48]  JavaCalls::call(JavaValue*, methodHandle, JavaCallArguments*, Thread*)+0x28
V  [libjvm.so+0x54ccdc]  JavaCalls::call_virtual(JavaValue*, KlassHandle, Symbol*, Symbol*, JavaCallArguments*, Thread*)+0x17c
V  [libjvm.so+0x54ce07]  JavaCalls::call_virtual(JavaValue*, Handle, KlassHandle, Symbol*, Symbol*, Thread*)+0x47
V  [libjvm.so+0x5a6e3f]  thread_entry(JavaThread*, Thread*)+0xdf
V  [libjvm.so+0x860228]  JavaThread::thread_main_inner()+0xc8
V  [libjvm.so+0x860378]  JavaThread::run()+0x138
V  [libjvm.so+0x741ff0]  java_start(Thread*)+0x100

Java frames: (J=compiled Java code, j=interpreted, Vv=VM code)
j  sun.misc.Unsafe.copyMemory(Ljava/lang/Object;JLjava/lang/Object;JJ)V+0
j  org.helios.apmrouter.trace.DirectMetricCollection$Reader.readBytes(I)[B+28
j  org.helios.apmrouter.trace.DirectMetricCollection$Reader.readString()Ljava/lang/String;+9
j  org.helios.apmrouter.trace.DirectMetricCollection$MetricReader.next()Lorg/helios/apmrouter/metric/IMetric;+92
j  org.helios.apmrouter.trace.DirectMetricCollection$MetricReader.next()Ljava/lang/Object;+1
j  org.helios.apmrouter.trace.DirectMetricCollection.decode()[Lorg/helios/apmrouter/metric/IMetric;+24
j  org.helios.apmrouter.server.net.listener.netty.handlers.AgentMetricHandler.processAgentRequest(Lorg/helios/apmrouter/SenderOpCode;Lorg/jboss/netty/buffer/ChannelBuffer;Ljava/net/SocketAddress;Lorg/jboss/netty/channel/Channel;)V+28
j  org.helios.apmrouter.server.net.listener.netty.handlers.udp.UDPAgentOperationRouter.handleUpstream(Lorg/jboss/netty/channel/ChannelHandlerContext;Lorg/jboss/netty/channel/ChannelEvent;)V+74
j  org.jboss.netty.channel.DefaultChannelPipeline.sendUpstream(Lorg/jboss/netty/channel/DefaultChannelPipeline$DefaultChannelHandlerContext;Lorg/jboss/netty/channel/ChannelEvent;)V+9
j  org.jboss.netty.channel.DefaultChannelPipeline.sendUpstream(Lorg/jboss/netty/channel/ChannelEvent;)V+55
j  org.jboss.netty.channel.Channels.fireMessageReceived(Lorg/jboss/netty/channel/Channel;Ljava/lang/Object;Ljava/net/SocketAddress;)V+16
j  org.jboss.netty.channel.socket.nio.NioDatagramWorker.read(Ljava/nio/channels/SelectionKey;)Z+136
j  org.jboss.netty.channel.socket.nio.AbstractNioWorker.processSelectedKeys(Ljava/util/Set;)V+52
j  org.jboss.netty.channel.socket.nio.AbstractNioWorker.run()V+97
j  org.jboss.netty.channel.socket.nio.NioDatagramWorker.run()V+1
j  org.jboss.netty.util.ThreadRenamingRunnable.run()V+55
j  org.jboss.netty.util.internal.DeadLockProofWorker$1.run()V+14
j  java.util.concurrent.ThreadPoolExecutor.runWorker(Ljava/util/concurrent/ThreadPoolExecutor$Worker;)V+46
j  java.util.concurrent.ThreadPoolExecutor$Worker.run()V+5
j  java.lang.Thread.run()V+11
v  ~StubRoutines::call_stub

---------------  P R O C E S S  ---------------

Java Threads: ( => current thread )
  0x00007f12045c2000 JavaThread "PatternRouterWorkersThread#3" daemon [_thread_blocked, id=13909, stack(0x00007f11ee10e000,0x00007f11ee20f000)]
  0x00007f12045c0800 JavaThread "PatternRouterWorkersThread#2" daemon [_thread_blocked, id=13908, stack(0x00007f11ee20f000,0x00007f11ee310000)]
  0x00007f12045c0000 JavaThread "PatternRouterWorkersThread#1" daemon [_thread_blocked, id=13907, stack(0x00007f11ee310000,0x00007f11ee411000)]
=>0x00007f120459c800 JavaThread "New I/O  worker #1" daemon [_thread_in_vm, id=13906, stack(0x00007f11ee411000,0x00007f11ee512000)]
  0x00007f12045b5000 JavaThread "SpringEventPoolThread#1" daemon [_thread_blocked, id=13905, stack(0x00007f11ee512000,0x00007f11ee613000)]
  0x00007f12040f8800 JavaThread "Service Thread" daemon [_thread_blocked, id=13903, stack(0x00007f11eee12000,0x00007f11eef13000)]
  0x00007f12040f6000 JavaThread "C2 CompilerThread1" daemon [_thread_blocked, id=13902, stack(0x00007f11eef13000,0x00007f11ef014000)]
  0x00007f12040f3000 JavaThread "C2 CompilerThread0" daemon [_thread_blocked, id=13901, stack(0x00007f11ef014000,0x00007f11ef115000)]
  0x00007f12040f1000 JavaThread "Signal Dispatcher" daemon [_thread_blocked, id=13900, stack(0x00007f11ef115000,0x00007f11ef216000)]
  0x00007f12040a4800 JavaThread "Finalizer" daemon [_thread_blocked, id=13898, stack(0x00007f11ef8f9000,0x00007f11ef9fa000)]
  0x00007f12040a2800 JavaThread "Reference Handler" daemon [_thread_blocked, id=13897, stack(0x00007f11ef9fa000,0x00007f11efafb000)]
  0x00007f120400a000 JavaThread "main" [_thread_blocked, id=13886, stack(0x00007f120ac44000,0x00007f120ad45000)]

Other Threads:
  0x00007f120409b000 VMThread [stack: 0x00007f11efafb000,0x00007f11efbfc000] [id=13896]
  0x00007f120410b000 WatcherThread [stack: 0x00007f11eed11000,0x00007f11eee12000] [id=13904]

VM state:synchronizing (normal execution)

VM Mutex/Monitor currently owned by a thread:  ([mutex/lock_event])
[0x00007f1204006450] Threads_lock - owner thread: 0x00007f120409b000

Heap
 PSYoungGen      total 74816K, used 23979K [0x00000007ac800000, 0x00000007b1b80000, 0x0000000800000000)
  eden space 64128K, 27% used [0x00000007ac800000,0x00000007ad940ab0,0x00000007b06a0000)
  from space 10688K, 59% used [0x00000007b06a0000,0x00000007b0cca448,0x00000007b1110000)
  to   space 10688K, 0% used [0x00000007b1110000,0x00000007b1110000,0x00000007b1b80000)
 ParOldGen       total 171008K, used 0K [0x0000000705800000, 0x000000070ff00000, 0x00000007ac800000)
  object space 171008K, 0% used [0x0000000705800000,0x0000000705800000,0x000000070ff00000)
 PSPermGen       total 21248K, used 13707K [0x0000000700600000, 0x0000000701ac0000, 0x0000000705800000)
  object space 21248K, 64% used [0x0000000700600000,0x0000000701362d30,0x0000000701ac0000)

Code Cache  [0x00007f1201000000, 0x00007f1201270000, 0x00007f1204000000)
 total_blobs=463 nmethods=167 adapters=248 free_code_cache=48347Kb largest_free_block=49480960

Compilation events (10 events):
Event: 0.939 Thread 0x00007f12040f6000 nmethod 161 0x00007f12010c6790 code [0x00007f12010c68c0, 0x00007f12010c6938]
Event: 0.939 Thread 0x00007f12040f6000  164   !         java.util.WeakHashMap::expungeStaleEntries (139 bytes)
Event: 0.939 Thread 0x00007f12040f3000 nmethod 163 0x00007f12010ca490 code [0x00007f12010ca5e0, 0x00007f12010ca698]
Event: 0.939 Thread 0x00007f12040f6000 nmethod 164 0x00007f12010c64d0 code [0x00007f12010c6620, 0x00007f12010c66b8]
Event: 0.939 Thread 0x00007f12040f3000  165             java.util.WeakHashMap::maskNull (12 bytes)
Event: 0.940 Thread 0x00007f12040f3000 nmethod 165 0x00007f12010ca290 code [0x00007f12010ca3c0, 0x00007f12010ca418]
Event: 0.940 Thread 0x00007f12040f6000  166             java.lang.Object::equals (11 bytes)
Event: 0.940 Thread 0x00007f12040f6000 nmethod 166 0x00007f12010ca090 code [0x00007f12010ca1c0, 0x00007f12010ca238]
Event: 0.940 Thread 0x00007f12040f3000  167             java.util.WeakHashMap::get (79 bytes)
Event: 0.942 Thread 0x00007f12040f3000 nmethod 167 0x00007f12010c9a90 code [0x00007f12010c9be0, 0x00007f12010c9df8]

GC Heap History (2 events):
Event: 7.841 GC heap before
{Heap before GC invocations=1 (full 0):
 PSYoungGen      total 74816K, used 61632K [0x00000007ac800000, 0x00000007b1b80000, 0x0000000800000000)
  eden space 64128K, 96% used [0x00000007ac800000,0x00000007b0430158,0x00000007b06a0000)
  from space 10688K, 0% used [0x00000007b1110000,0x00000007b1110000,0x00000007b1b80000)
  to   space 10688K, 0% used [0x00000007b06a0000,0x00000007b06a0000,0x00000007b1110000)
 ParOldGen       total 171008K, used 0K [0x0000000705800000, 0x000000070ff00000, 0x00000007ac800000)
  object space 171008K, 0% used [0x0000000705800000,0x0000000705800000,0x000000070ff00000)
 PSPermGen       total 21248K, used 13707K [0x0000000700600000, 0x0000000701ac0000, 0x0000000705800000)
  object space 21248K, 64% used [0x0000000700600000,0x0000000701362d30,0x0000000701ac0000)
Event: 7.851 GC heap after
Heap after GC invocations=1 (full 0):
 PSYoungGen      total 74816K, used 6313K [0x00000007ac800000, 0x00000007b1b80000, 0x0000000800000000)
  eden space 64128K, 0% used [0x00000007ac800000,0x00000007ac800000,0x00000007b06a0000)
  from space 10688K, 59% used [0x00000007b06a0000,0x00000007b0cca448,0x00000007b1110000)
  to   space 10688K, 0% used [0x00000007b1110000,0x00000007b1110000,0x00000007b1b80000)
 ParOldGen       total 171008K, used 0K [0x0000000705800000, 0x000000070ff00000, 0x00000007ac800000)
  object space 171008K, 0% used [0x0000000705800000,0x0000000705800000,0x000000070ff00000)
 PSPermGen       total 21248K, used 13707K [0x0000000700600000, 0x0000000701ac0000, 0x0000000705800000)
  object space 21248K, 64% used [0x0000000700600000,0x0000000701362d30,0x0000000701ac0000)
}

Deoptimization events (8 events):
Event: 0.091 Thread 0x00007f120400a000 Uncommon trap -12 fr.pc 0x00007f12010658a0
Event: 0.507 Thread 0x00007f120400a000 Uncommon trap -34 fr.pc 0x00007f12010784a0
Event: 0.507 Thread 0x00007f120400a000 Uncommon trap -34 fr.pc 0x00007f1201078558
Event: 0.507 Thread 0x00007f120400a000 Uncommon trap -34 fr.pc 0x00007f12010784a0
Event: 0.539 Thread 0x00007f120400a000 Uncommon trap -34 fr.pc 0x00007f120106098c
Event: 0.539 Thread 0x00007f120400a000 Uncommon trap -34 fr.pc 0x00007f120106098c
Event: 0.539 Thread 0x00007f120400a000 Uncommon trap -34 fr.pc 0x00007f120106098c
Event: 0.578 Thread 0x00007f120400a000 Uncommon trap -34 fr.pc 0x00007f120106098c

Internal exceptions (10 events):
Event: 7.833 Thread 0x00007f120459c800 Threw 0x00000007afaa44e8 at /HUDSON/workspace/jdk7u4-2-build-linux-amd64-product/jdk7u4/hotspot/src/share/vm/prims/jvm.cpp:1166
Event: 7.834 Thread 0x00007f120459c800 Threw 0x00000007afaaa0a8 at /HUDSON/workspace/jdk7u4-2-build-linux-amd64-product/jdk7u4/hotspot/src/share/vm/prims/jvm.cpp:1166
Event: 7.834 Thread 0x00007f120459c800 Threw 0x00000007afaaf200 at /HUDSON/workspace/jdk7u4-2-build-linux-amd64-product/jdk7u4/hotspot/src/share/vm/prims/jvm.cpp:1166
Event: 7.835 Thread 0x00007f120459c800 Threw 0x00000007afab61b0 at /HUDSON/workspace/jdk7u4-2-build-linux-amd64-product/jdk7u4/hotspot/src/share/vm/prims/jvm.cpp:1166
Event: 7.835 Thread 0x00007f120459c800 Threw 0x00000007afabbed0 at /HUDSON/workspace/jdk7u4-2-build-linux-amd64-product/jdk7u4/hotspot/src/share/vm/prims/jvm.cpp:1166
Event: 7.836 Thread 0x00007f120459c800 Threw 0x00000007afac1840 at /HUDSON/workspace/jdk7u4-2-build-linux-amd64-product/jdk7u4/hotspot/src/share/vm/prims/jvm.cpp:1166
Event: 7.836 Thread 0x00007f120459c800 Threw 0x00000007afac7508 at /HUDSON/workspace/jdk7u4-2-build-linux-amd64-product/jdk7u4/hotspot/src/share/vm/prims/jvm.cpp:1166
Event: 7.837 Thread 0x00007f120459c800 Threw 0x00000007afaccbc0 at /HUDSON/workspace/jdk7u4-2-build-linux-amd64-product/jdk7u4/hotspot/src/share/vm/prims/jvm.cpp:1166
Event: 7.838 Thread 0x00007f120459c800 Threw 0x00000007afad4878 at /HUDSON/workspace/jdk7u4-2-build-linux-amd64-product/jdk7u4/hotspot/src/share/vm/prims/jvm.cpp:1166
Event: 7.839 Thread 0x00007f120459c800 Threw 0x00000007afade240 at /HUDSON/workspace/jdk7u4-2-build-linux-amd64-product/jdk7u4/hotspot/src/share/vm/prims/jvm.cpp:1166

Events (10 events):
Event: 7.836 loading class 0x00007f12045a59a0 done
Event: 7.837 loading class 0x00007f12045a0420
Event: 7.837 loading class 0x00007f12045a0420 done
Event: 7.838 loading class 0x00007f11940062a0
Event: 7.838 loading class 0x00007f11940062a0 done
Event: 7.839 loading class 0x00007f1194008340
Event: 7.839 loading class 0x00007f1194008340 done
Event: 7.841 Executing VM operation: ParallelGCFailedAllocation
Event: 7.851 Executing VM operation: ParallelGCFailedAllocation done
Event: 7.852 Executing VM operation: RevokeBias


Dynamic libraries:
00400000-00401000 r-xp 00000000 08:02 29627988                           /usr/lib/jvm/jdk1.7.0_04/bin/java
00600000-00601000 rw-p 00000000 08:02 29627988                           /usr/lib/jvm/jdk1.7.0_04/bin/java
01bde000-01bff000 rw-p 00000000 00:00 0                                  [heap]
700600000-701ac0000 rw-p 00000000 00:00 0 
701ac0000-705800000 rw-p 00000000 00:00 0 
705800000-70ff00000 rw-p 00000000 00:00 0 
70ff00000-7ac800000 rw-p 00000000 00:00 0 
7ac800000-7b1b80000 rw-p 00000000 00:00 0 
7b1b80000-800000000 rw-p 00000000 00:00 0 
7f1180000000-7f1180021000 rw-p 00000000 00:00 0 
7f1180021000-7f1184000000 ---p 00000000 00:00 0 
7f1188000000-7f1188021000 rw-p 00000000 00:00 0 
7f1188021000-7f118c000000 ---p 00000000 00:00 0 
7f118c000000-7f118c021000 rw-p 00000000 00:00 0 
7f118c021000-7f1190000000 ---p 00000000 00:00 0 
7f1190000000-7f1190021000 rw-p 00000000 00:00 0 
7f1190021000-7f1194000000 ---p 00000000 00:00 0 
7f1194000000-7f11940db000 rw-p 00000000 00:00 0 
7f11940db000-7f1198000000 ---p 00000000 00:00 0 
7f1198000000-7f1198021000 rw-p 00000000 00:00 0 
7f1198021000-7f119c000000 ---p 00000000 00:00 0 
7f119c000000-7f119c021000 rw-p 00000000 00:00 0 
7f119c021000-7f11a0000000 ---p 00000000 00:00 0 
7f11a0000000-7f11a0589000 rw-p 00000000 00:00 0 
7f11a0589000-7f11a4000000 ---p 00000000 00:00 0 
7f11a4000000-7f11a4a0c000 rw-p 00000000 00:00 0 
7f11a4a0c000-7f11a8000000 ---p 00000000 00:00 0 
7f11a8000000-7f11a8021000 rw-p 00000000 00:00 0 
7f11a8021000-7f11ac000000 ---p 00000000 00:00 0 
7f11ac000000-7f11ac021000 rw-p 00000000 00:00 0 
7f11ac021000-7f11b0000000 ---p 00000000 00:00 0 
7f11b0000000-7f11b0021000 rw-p 00000000 00:00 0 
7f11b0021000-7f11b4000000 ---p 00000000 00:00 0 
7f11b4000000-7f11b4021000 rw-p 00000000 00:00 0 
7f11b4021000-7f11b8000000 ---p 00000000 00:00 0 
7f11b8000000-7f11b8021000 rw-p 00000000 00:00 0 
7f11b8021000-7f11bc000000 ---p 00000000 00:00 0 
7f11c0000000-7f11c0021000 rw-p 00000000 00:00 0 
7f11c0021000-7f11c4000000 ---p 00000000 00:00 0 
7f11c8000000-7f11c8021000 rw-p 00000000 00:00 0 
7f11c8021000-7f11cc000000 ---p 00000000 00:00 0 
7f11d0000000-7f11d0021000 rw-p 00000000 00:00 0 
7f11d0021000-7f11d4000000 ---p 00000000 00:00 0 
7f11d8000000-7f11d8021000 rw-p 00000000 00:00 0 
7f11d8021000-7f11dc000000 ---p 00000000 00:00 0 
7f11e0000000-7f11e0021000 rw-p 00000000 00:00 0 
7f11e0021000-7f11e4000000 ---p 00000000 00:00 0 
7f11e8000000-7f11e8021000 rw-p 00000000 00:00 0 
7f11e8021000-7f11ec000000 ---p 00000000 00:00 0 
7f11eded4000-7f11ee10e000 rw-p 00000000 00:00 0 
7f11ee10e000-7f11ee111000 ---p 00000000 00:00 0 
7f11ee111000-7f11ee20f000 rw-p 00000000 00:00 0 
7f11ee20f000-7f11ee212000 ---p 00000000 00:00 0 
7f11ee212000-7f11ee310000 rw-p 00000000 00:00 0 
7f11ee310000-7f11ee313000 ---p 00000000 00:00 0 
7f11ee313000-7f11ee411000 rw-p 00000000 00:00 0 
7f11ee411000-7f11ee414000 ---p 00000000 00:00 0 
7f11ee414000-7f11ee512000 rw-p 00000000 00:00 0 
7f11ee512000-7f11ee515000 ---p 00000000 00:00 0 
7f11ee515000-7f11ee613000 rw-p 00000000 00:00 0 
7f11ee613000-7f11ee61b000 r-xp 00000000 08:02 34741773                   /usr/lib/jvm/jdk1.7.0_04/jre/lib/amd64/libmanagement.so
7f11ee61b000-7f11ee81a000 ---p 00008000 08:02 34741773                   /usr/lib/jvm/jdk1.7.0_04/jre/lib/amd64/libmanagement.so
7f11ee81a000-7f11ee81b000 rw-p 00007000 08:02 34741773                   /usr/lib/jvm/jdk1.7.0_04/jre/lib/amd64/libmanagement.so
7f11ee81b000-7f11ee830000 r-xp 00000000 08:02 34741739                   /usr/lib/jvm/jdk1.7.0_04/jre/lib/amd64/libnet.so
7f11ee830000-7f11eea30000 ---p 00015000 08:02 34741739                   /usr/lib/jvm/jdk1.7.0_04/jre/lib/amd64/libnet.so
7f11eea30000-7f11eea31000 rw-p 00015000 08:02 34741739                   /usr/lib/jvm/jdk1.7.0_04/jre/lib/amd64/libnet.so
7f11eea31000-7f11eea41000 r-xp 00000000 08:02 34741734                   /usr/lib/jvm/jdk1.7.0_04/jre/lib/amd64/libnio.so
7f11eea41000-7f11eec41000 ---p 00010000 08:02 34741734                   /usr/lib/jvm/jdk1.7.0_04/jre/lib/amd64/libnio.so
7f11eec41000-7f11eec42000 rw-p 00010000 08:02 34741734                   /usr/lib/jvm/jdk1.7.0_04/jre/lib/amd64/libnio.so
7f11eec42000-7f11eec4b000 r--s 00254000 08:02 30279729                   /usr/lib/jvm/jdk1.7.0_04/jre/lib/resources.jar
7f11eec4b000-7f11eec52000 r--s 00032000 08:02 36574803                   /home/nwhitehead/.m2/repository/org/springframework/spring-tx/3.0.7.RELEASE/spring-tx-3.0.7.RELEASE.jar
7f11eec52000-7f11eec58000 r--s 00033000 08:02 8789171                    /home/nwhitehead/.m2/repository/org/springframework/spring-test/3.1.1.RELEASE/spring-test-3.1.1.RELEASE.jar
7f11eec58000-7f11eec5c000 r--s 00026000 08:02 8789167                    /home/nwhitehead/.m2/repository/org/springframework/spring-expression/3.0.7.RELEASE/spring-expression-3.0.7.RELEASE.jar
7f11eec5c000-7f11eec65000 r--s 00055000 08:02 8654891                    /home/nwhitehead/.m2/repository/org/springframework/spring-core/3.0.7.RELEASE/spring-core-3.0.7.RELEASE.jar
7f11eec65000-7f11eec76000 r--s 00093000 08:02 8654877                    /home/nwhitehead/.m2/repository/org/springframework/spring-context/3.0.7.RELEASE/spring-context-3.0.7.RELEASE.jar
7f11eec76000-7f11eec81000 r--s 0007d000 08:02 8654888                    /home/nwhitehead/.m2/repository/org/springframework/spring-beans/3.0.7.RELEASE/spring-beans-3.0.7.RELEASE.jar
7f11eec81000-7f11eec82000 r--s 0000c000 08:02 8654885                    /home/nwhitehead/.m2/repository/org/springframework/spring-asm/3.0.7.RELEASE/spring-asm-3.0.7.RELEASE.jar
7f11eec82000-7f11eec8b000 r--s 00046000 08:02 8654882                    /home/nwhitehead/.m2/repository/org/springframework/spring-aop/3.0.7.RELEASE/spring-aop-3.0.7.RELEASE.jar
7f11eec8b000-7f11eec94000 r--s 00098000 08:02 36969372                   /home/nwhitehead/.m2/repository/org/javassist/javassist/3.16.1-GA/javassist-3.16.1-GA.jar
7f11eec94000-7f11eec96000 r--s 00016000 08:02 31459454                   /home/nwhitehead/.m2/repository/com/github/stephenc/high-scale-lib/high-scale-lib/1.1.4/high-scale-lib-1.1.4.jar
7f11eec96000-7f11eec9c000 r--s 00054000 08:02 39194404                   /home/nwhitehead/.m2/repository/org/snmp4j/snmp4j/1.9.1f/snmp4j-1.9.1f.jar
7f11eec9c000-7f11eec9d000 r--s 00002000 08:02 8522569                    /home/nwhitehead/.m2/repository/org/slf4j/slf4j-log4j12/1.6.6/slf4j-log4j12-1.6.6.jar
7f11eec9d000-7f11eec9f000 r--s 00005000 08:02 8391930                    /home/nwhitehead/.m2/repository/org/slf4j/slf4j-api/1.6.6/slf4j-api-1.6.6.jar
7f11eec9f000-7f11eecb4000 r--s 000fc000 08:02 30802879                   /home/nwhitehead/.m2/repository/io/netty/netty/3.5.1.Final/netty-3.5.1.Final.jar
7f11eecb4000-7f11eecbd000 r--s 0006d000 08:02 30278826                   /home/nwhitehead/.m2/repository/log4j/log4j/1.2.16/log4j-1.2.16.jar
7f11eecbd000-7f11eecc3000 r--s 00034000 08:02 29493006                   /home/nwhitehead/.m2/repository/junit/junit/4.8.2/junit-4.8.2.jar
7f11eecc3000-7f11eecd8000 r--s 000f9000 08:02 33035637                   /home/nwhitehead/.m2/repository/com/sun/xml/bind/jaxb-impl/2.2.5/jaxb-impl-2.2.5.jar
7f11eecd8000-7f11eecda000 r--s 0000d000 08:02 29624438                   /home/nwhitehead/.m2/repository/commons-logging/commons-logging/1.1.1/commons-logging-1.1.1.jar
7f11eecda000-7f11eecdd000 r--s 00012000 08:02 8789170                    /home/nwhitehead/.m2/repository/org/apache/camel/camel-test-spring/2.10.0/camel-test-spring-2.10.0.jar
7f11eecdd000-7f11eecdf000 r--s 0000c000 08:02 8522586                    /home/nwhitehead/.m2/repository/org/apache/camel/camel-test/2.10.0/camel-test-2.10.0.jar
7f11eecdf000-7f11eece4000 r--s 00033000 08:02 8654876                    /home/nwhitehead/.m2/repository/org/apache/camel/camel-spring/2.10.0/camel-spring-2.10.0.jar
7f11eece4000-7f11eece6000 r--s 0000e000 08:02 8522551                    /home/nwhitehead/.m2/repository/org/apache/camel/camel-netty/2.10.0/camel-netty-2.10.0.jar
7f11eece6000-7f11eed0f000 r--s 001f1000 08:02 8391906                    /home/nwhitehead/.m2/repository/org/apache/camel/camel-core/2.10.0/camel-core-2.10.0.jar
7f11eed0f000-7f11eed11000 r--s 00000000 08:02 31854785                   /home/nwhitehead/.m2/repository/aopalliance/aopalliance/1.0/aopalliance-1.0.jar
7f11eed11000-7f11eed12000 ---p 00000000 00:00 0 
7f11eed12000-7f11eee12000 rw-p 00000000 00:00 0 
7f11eee12000-7f11eee15000 ---p 00000000 00:00 0 
7f11eee15000-7f11eef13000 rw-p 00000000 00:00 0 
7f11eef13000-7f11eef16000 ---p 00000000 00:00 0 
7f11eef16000-7f11ef014000 rw-p 00000000 00:00 0 
7f11ef014000-7f11ef017000 ---p 00000000 00:00 0 
7f11ef017000-7f11ef115000 rw-p 00000000 00:00 0 
7f11ef115000-7f11ef118000 ---p 00000000 00:00 0 
7f11ef118000-7f11ef216000 rw-p 00000000 00:00 0 
7f11ef216000-7f11ef8f9000 r--p 00000000 08:02 30808157                   /usr/lib/locale/locale-archive
7f11ef8f9000-7f11ef8fc000 ---p 00000000 00:00 0 
7f11ef8fc000-7f11ef9fa000 rw-p 00000000 00:00 0 
7f11ef9fa000-7f11ef9fd000 ---p 00000000 00:00 0 
7f11ef9fd000-7f11efafb000 rw-p 00000000 00:00 0 
7f11efafb000-7f11efafc000 ---p 00000000 00:00 0 
7f11efafc000-7f11f0000000 rw-p 00000000 00:00 0 
7f11f0000000-7f11f0021000 rw-p 00000000 00:00 0 
7f11f0021000-7f11f4000000 ---p 00000000 00:00 0 
7f11f408d000-7f11f593e000 rw-p 00000000 00:00 0 
7f11f593e000-7f11f5afe000 r--s 03a2e000 08:02 30279738                   /usr/lib/jvm/jdk1.7.0_04/jre/lib/rt.jar
7f11f5afe000-7f11ffac2000 rw-p 00000000 00:00 0 
7f11ffac2000-7f11ffac3000 ---p 00000000 00:00 0 
7f11ffac3000-7f11ffbc3000 rw-p 00000000 00:00 0 
7f11ffbc3000-7f11ffbc4000 ---p 00000000 00:00 0 
7f11ffbc4000-7f11ffcc4000 rw-p 00000000 00:00 0 
7f11ffcc4000-7f11ffcc5000 ---p 00000000 00:00 0 
7f11ffcc5000-7f11ffdc5000 rw-p 00000000 00:00 0 
7f11ffdc5000-7f11ffdc6000 ---p 00000000 00:00 0 
7f11ffdc6000-7f11ffec6000 rw-p 00000000 00:00 0 
7f11ffec6000-7f11ffec7000 ---p 00000000 00:00 0 
7f11ffec7000-7f11fffc7000 rw-p 00000000 00:00 0 
7f11fffc7000-7f11fffc8000 ---p 00000000 00:00 0 
7f11fffc8000-7f12000c8000 rw-p 00000000 00:00 0 
7f12000c8000-7f12000c9000 ---p 00000000 00:00 0 
7f12000c9000-7f12001c9000 rw-p 00000000 00:00 0 
7f12001c9000-7f12001ca000 ---p 00000000 00:00 0 
7f12001ca000-7f120031e000 rw-p 00000000 00:00 0 
7f120031e000-7f1200802000 rw-p 00000000 00:00 0 
7f1200802000-7f120080d000 rw-p 00000000 00:00 0 
7f120080d000-7f120082b000 rw-p 00000000 00:00 0 
7f120082b000-7f120087f000 rw-p 00000000 00:00 0 
7f120087f000-7f1200d63000 rw-p 00000000 00:00 0 
7f1200d63000-7f1200d8d000 rw-p 00000000 00:00 0 
7f1200d8d000-7f1200fff000 rw-p 00000000 00:00 0 
7f1200fff000-7f1201000000 rw-p 00000000 00:00 0 
7f1201000000-7f1201270000 rwxp 00000000 00:00 0 
7f1201270000-7f120480a000 rw-p 00000000 00:00 0 
7f120480a000-7f1208000000 ---p 00000000 00:00 0 
7f120801d000-7f1208081000 rw-p 00000000 00:00 0 
7f1208081000-7f120809f000 rw-p 00000000 00:00 0 
7f120809f000-7f12080b9000 r-xp 00000000 08:02 34741776                   /usr/lib/jvm/jdk1.7.0_04/jre/lib/amd64/libzip.so
7f12080b9000-7f12082b9000 ---p 0001a000 08:02 34741776                   /usr/lib/jvm/jdk1.7.0_04/jre/lib/amd64/libzip.so
7f12082b9000-7f12082ba000 rw-p 0001a000 08:02 34741776                   /usr/lib/jvm/jdk1.7.0_04/jre/lib/amd64/libzip.so
7f12082ba000-7f12082c6000 r-xp 00000000 08:02 6291680                    /lib/x86_64-linux-gnu/libnss_files-2.15.so
7f12082c6000-7f12084c5000 ---p 0000c000 08:02 6291680                    /lib/x86_64-linux-gnu/libnss_files-2.15.so
7f12084c5000-7f12084c6000 r--p 0000b000 08:02 6291680                    /lib/x86_64-linux-gnu/libnss_files-2.15.so
7f12084c6000-7f12084c7000 rw-p 0000c000 08:02 6291680                    /lib/x86_64-linux-gnu/libnss_files-2.15.so
7f12084c7000-7f12084d1000 r-xp 00000000 08:02 6291676                    /lib/x86_64-linux-gnu/libnss_nis-2.15.so
7f12084d1000-7f12086d1000 ---p 0000a000 08:02 6291676                    /lib/x86_64-linux-gnu/libnss_nis-2.15.so
7f12086d1000-7f12086d2000 r--p 0000a000 08:02 6291676                    /lib/x86_64-linux-gnu/libnss_nis-2.15.so
7f12086d2000-7f12086d3000 rw-p 0000b000 08:02 6291676                    /lib/x86_64-linux-gnu/libnss_nis-2.15.so
7f12086d3000-7f12086ea000 r-xp 00000000 08:02 6291689                    /lib/x86_64-linux-gnu/libnsl-2.15.so
7f12086ea000-7f12088e9000 ---p 00017000 08:02 6291689                    /lib/x86_64-linux-gnu/libnsl-2.15.so
7f12088e9000-7f12088ea000 r--p 00016000 08:02 6291689                    /lib/x86_64-linux-gnu/libnsl-2.15.so
7f12088ea000-7f12088eb000 rw-p 00017000 08:02 6291689                    /lib/x86_64-linux-gnu/libnsl-2.15.so
7f12088eb000-7f12088ed000 rw-p 00000000 00:00 0 
7f12088ed000-7f12088f5000 r-xp 00000000 08:02 6291681                    /lib/x86_64-linux-gnu/libnss_compat-2.15.so
7f12088f5000-7f1208af4000 ---p 00008000 08:02 6291681                    /lib/x86_64-linux-gnu/libnss_compat-2.15.so
7f1208af4000-7f1208af5000 r--p 00007000 08:02 6291681                    /lib/x86_64-linux-gnu/libnss_compat-2.15.so
7f1208af5000-7f1208af6000 rw-p 00008000 08:02 6291681                    /lib/x86_64-linux-gnu/libnss_compat-2.15.so
7f1208af6000-7f1208b1f000 r-xp 00000000 08:02 34741764                   /usr/lib/jvm/jdk1.7.0_04/jre/lib/amd64/libjava.so
7f1208b1f000-7f1208d1f000 ---p 00029000 08:02 34741764                   /usr/lib/jvm/jdk1.7.0_04/jre/lib/amd64/libjava.so
7f1208d1f000-7f1208d21000 rw-p 00029000 08:02 34741764                   /usr/lib/jvm/jdk1.7.0_04/jre/lib/amd64/libjava.so
7f1208d21000-7f1208d30000 r-xp 00000000 08:02 34741762                   /usr/lib/jvm/jdk1.7.0_04/jre/lib/amd64/libverify.so
7f1208d30000-7f1208f2f000 ---p 0000f000 08:02 34741762                   /usr/lib/jvm/jdk1.7.0_04/jre/lib/amd64/libverify.so
7f1208f2f000-7f1208f31000 rw-p 0000e000 08:02 34741762                   /usr/lib/jvm/jdk1.7.0_04/jre/lib/amd64/libverify.so
7f1208f31000-7f1208f38000 r-xp 00000000 08:02 6291674                    /lib/x86_64-linux-gnu/librt-2.15.so
7f1208f38000-7f1209137000 ---p 00007000 08:02 6291674                    /lib/x86_64-linux-gnu/librt-2.15.so
7f1209137000-7f1209138000 r--p 00006000 08:02 6291674                    /lib/x86_64-linux-gnu/librt-2.15.so
7f1209138000-7f1209139000 rw-p 00007000 08:02 6291674                    /lib/x86_64-linux-gnu/librt-2.15.so
7f1209139000-7f1209234000 r-xp 00000000 08:02 6291678                    /lib/x86_64-linux-gnu/libm-2.15.so
7f1209234000-7f1209433000 ---p 000fb000 08:02 6291678                    /lib/x86_64-linux-gnu/libm-2.15.so
7f1209433000-7f1209434000 r--p 000fa000 08:02 6291678                    /lib/x86_64-linux-gnu/libm-2.15.so
7f1209434000-7f1209435000 rw-p 000fb000 08:02 6291678                    /lib/x86_64-linux-gnu/libm-2.15.so
7f1209435000-7f1209e76000 r-xp 00000000 08:02 34741769                   /usr/lib/jvm/jdk1.7.0_04/jre/lib/amd64/server/libjvm.so
7f1209e76000-7f120a075000 ---p 00a41000 08:02 34741769                   /usr/lib/jvm/jdk1.7.0_04/jre/lib/amd64/server/libjvm.so
7f120a075000-7f120a119000 rw-p 00a40000 08:02 34741769                   /usr/lib/jvm/jdk1.7.0_04/jre/lib/amd64/server/libjvm.so
7f120a119000-7f120a154000 rw-p 00000000 00:00 0 
7f120a154000-7f120a306000 r-xp 00000000 08:02 6291670                    /lib/x86_64-linux-gnu/libc-2.15.so
7f120a306000-7f120a506000 ---p 001b2000 08:02 6291670                    /lib/x86_64-linux-gnu/libc-2.15.so
7f120a506000-7f120a50a000 r--p 001b2000 08:02 6291670                    /lib/x86_64-linux-gnu/libc-2.15.so
7f120a50a000-7f120a50c000 rw-p 001b6000 08:02 6291670                    /lib/x86_64-linux-gnu/libc-2.15.so
7f120a50c000-7f120a511000 rw-p 00000000 00:00 0 
7f120a511000-7f120a513000 r-xp 00000000 08:02 6291669                    /lib/x86_64-linux-gnu/libdl-2.15.so
7f120a513000-7f120a713000 ---p 00002000 08:02 6291669                    /lib/x86_64-linux-gnu/libdl-2.15.so
7f120a713000-7f120a714000 r--p 00002000 08:02 6291669                    /lib/x86_64-linux-gnu/libdl-2.15.so
7f120a714000-7f120a715000 rw-p 00003000 08:02 6291669                    /lib/x86_64-linux-gnu/libdl-2.15.so
7f120a715000-7f120a72b000 r-xp 00000000 08:02 34741744                   /usr/lib/jvm/jdk1.7.0_04/jre/lib/amd64/jli/libjli.so
7f120a72b000-7f120a92a000 ---p 00016000 08:02 34741744                   /usr/lib/jvm/jdk1.7.0_04/jre/lib/amd64/jli/libjli.so
7f120a92a000-7f120a92b000 rw-p 00015000 08:02 34741744                   /usr/lib/jvm/jdk1.7.0_04/jre/lib/amd64/jli/libjli.so
7f120a92b000-7f120a943000 r-xp 00000000 08:02 6291672                    /lib/x86_64-linux-gnu/libpthread-2.15.so
7f120a943000-7f120ab42000 ---p 00018000 08:02 6291672                    /lib/x86_64-linux-gnu/libpthread-2.15.so
7f120ab42000-7f120ab43000 r--p 00017000 08:02 6291672                    /lib/x86_64-linux-gnu/libpthread-2.15.so
7f120ab43000-7f120ab44000 rw-p 00018000 08:02 6291672                    /lib/x86_64-linux-gnu/libpthread-2.15.so
7f120ab44000-7f120ab48000 rw-p 00000000 00:00 0 
7f120ab48000-7f120ab6a000 r-xp 00000000 08:02 6291684                    /lib/x86_64-linux-gnu/ld-2.15.so
7f120ab84000-7f120ab8e000 rw-p 00000000 00:00 0 
7f120ab8e000-7f120ac44000 rw-p 00000000 00:00 0 
7f120ac44000-7f120ac47000 ---p 00000000 00:00 0 
7f120ac47000-7f120ad49000 rw-p 00000000 00:00 0 
7f120ad5d000-7f120ad5e000 rw-p 00000000 00:00 0 
7f120ad5e000-7f120ad66000 rw-s 00000000 08:02 7475787                    /tmp/hsperfdata_nwhitehead/13881
7f120ad66000-7f120ad67000 rw-p 00000000 00:00 0 
7f120ad67000-7f120ad68000 ---p 00000000 00:00 0 
7f120ad68000-7f120ad6a000 rw-p 00000000 00:00 0 
7f120ad6a000-7f120ad6b000 r--p 00022000 08:02 6291684                    /lib/x86_64-linux-gnu/ld-2.15.so
7f120ad6b000-7f120ad6d000 rw-p 00023000 08:02 6291684                    /lib/x86_64-linux-gnu/ld-2.15.so
7fff2f49b000-7fff2f4bc000 rw-p 00000000 00:00 0                          [stack]
7fff2f5be000-7fff2f5bf000 r-xp 00000000 00:00 0                          [vdso]
ffffffffff600000-ffffffffff601000 r-xp 00000000 00:00 0                  [vsyscall]

VM Arguments:
jvm_args: -Dfile.encoding=UTF-8 
java_command: org.helios.apmrouter.Boot
Launcher Type: SUN_STANDARD

Environment Variables:
PATH=/home/nwhitehead/bin:/usr/lib/lightdm/lightdm:/usr/local/sbin:/usr/local/bin:/usr/sbin:/usr/bin:/sbin:/bin:/usr/games
SHELL=/bin/bash
DISPLAY=:0

Signal Handlers:
SIGSEGV: [libjvm.so+0x8a0cb0], sa_mask[0]=0x7ffbfeff, sa_flags=0x10000004
SIGBUS: [libjvm.so+0x8a0cb0], sa_mask[0]=0x7ffbfeff, sa_flags=0x10000004
SIGFPE: [libjvm.so+0x73d630], sa_mask[0]=0x7ffbfeff, sa_flags=0x10000004
SIGPIPE: [libjvm.so+0x73d630], sa_mask[0]=0x7ffbfeff, sa_flags=0x10000004
SIGXFSZ: [libjvm.so+0x73d630], sa_mask[0]=0x7ffbfeff, sa_flags=0x10000004
SIGILL: [libjvm.so+0x73d630], sa_mask[0]=0x7ffbfeff, sa_flags=0x10000004
SIGUSR1: SIG_DFL, sa_mask[0]=0x00000000, sa_flags=0x00000000
SIGUSR2: [libjvm.so+0x73cf80], sa_mask[0]=0x00000004, sa_flags=0x10000004
SIGHUP: [libjvm.so+0x73f310], sa_mask[0]=0x7ffbfeff, sa_flags=0x10000004
SIGINT: [libjvm.so+0x73f310], sa_mask[0]=0x7ffbfeff, sa_flags=0x10000004
SIGTERM: [libjvm.so+0x73f310], sa_mask[0]=0x7ffbfeff, sa_flags=0x10000004
SIGQUIT: [libjvm.so+0x73f310], sa_mask[0]=0x7ffbfeff, sa_flags=0x10000004


---------------  S Y S T E M  ---------------

OS:wheezy/sid

uname:Linux 3.2.0-30-generic #48-Ubuntu SMP Fri Aug 24 16:52:48 UTC 2012 x86_64
libc:glibc 2.15 NPTL 2.15 
rlimit: STACK 8192k, CORE 0k, NPROC 128088, NOFILE 4096, AS infinity
load average:0.70 0.54 0.62

/proc/meminfo:
MemTotal:       16412920 kB
MemFree:         6708148 kB
Buffers:          860236 kB
Cached:          3877744 kB
SwapCached:            0 kB
Active:          6016928 kB
Inactive:        2721756 kB
Active(anon):    4002440 kB
Inactive(anon):    32912 kB
Active(file):    2014488 kB
Inactive(file):  2688844 kB
Unevictable:        1776 kB
Mlocked:            1776 kB
SwapTotal:      31249404 kB
SwapFree:       31249404 kB
Dirty:              6952 kB
Writeback:             0 kB
AnonPages:       4003436 kB
Mapped:           342884 kB
Shmem:             34652 kB
Slab:             620484 kB
SReclaimable:     568156 kB
SUnreclaim:        52328 kB
KernelStack:        7320 kB
PageTables:        57716 kB
NFS_Unstable:          0 kB
Bounce:                0 kB
WritebackTmp:          0 kB
CommitLimit:    39455864 kB
Committed_AS:    9730112 kB
VmallocTotal:   34359738367 kB
VmallocUsed:      157060 kB
VmallocChunk:   34359573748 kB
HardwareCorrupted:     0 kB
AnonHugePages:         0 kB
HugePages_Total:       0
HugePages_Free:        0
HugePages_Rsvd:        0
HugePages_Surp:        0
Hugepagesize:       2048 kB
DirectMap4k:      257820 kB
DirectMap2M:    16498688 kB


CPU:total 8 (4 cores per cpu, 2 threads per core) family 6 model 42 stepping 7, cmov, cx8, fxsr, mmx, sse, sse2, sse3, ssse3, sse4.1, sse4.2, popcnt, avx, ht, tsc, tscinvbit

/proc/cpuinfo:
processor	: 0
vendor_id	: GenuineIntel
cpu family	: 6
model		: 42
model name	: Intel(R) Core(TM) i7-2860QM CPU @ 2.50GHz
stepping	: 7
microcode	: 0x1b
cpu MHz		: 2501.000
cache size	: 8192 KB
physical id	: 0
siblings	: 8
core id		: 0
cpu cores	: 4
apicid		: 0
initial apicid	: 0
fpu		: yes
fpu_exception	: yes
cpuid level	: 13
wp		: yes
flags		: fpu vme de pse tsc msr pae mce cx8 apic sep mtrr pge mca cmov pat pse36 clflush dts acpi mmx fxsr sse sse2 ss ht tm pbe syscall nx rdtscp lm constant_tsc arch_perfmon pebs bts rep_good nopl xtopology nonstop_tsc aperfmperf pni pclmulqdq dtes64 monitor ds_cpl vmx smx est tm2 ssse3 cx16 xtpr pdcm pcid sse4_1 sse4_2 x2apic popcnt tsc_deadline_timer aes xsave avx lahf_lm ida arat epb xsaveopt pln pts dtherm tpr_shadow vnmi flexpriority ept vpid
bogomips	: 4989.01
clflush size	: 64
cache_alignment	: 64
address sizes	: 36 bits physical, 48 bits virtual
power management:

processor	: 1
vendor_id	: GenuineIntel
cpu family	: 6
model		: 42
model name	: Intel(R) Core(TM) i7-2860QM CPU @ 2.50GHz
stepping	: 7
microcode	: 0x1b
cpu MHz		: 2501.000
cache size	: 8192 KB
physical id	: 0
siblings	: 8
core id		: 1
cpu cores	: 4
apicid		: 2
initial apicid	: 2
fpu		: yes
fpu_exception	: yes
cpuid level	: 13
wp		: yes
flags		: fpu vme de pse tsc msr pae mce cx8 apic sep mtrr pge mca cmov pat pse36 clflush dts acpi mmx fxsr sse sse2 ss ht tm pbe syscall nx rdtscp lm constant_tsc arch_perfmon pebs bts rep_good nopl xtopology nonstop_tsc aperfmperf pni pclmulqdq dtes64 monitor ds_cpl vmx smx est tm2 ssse3 cx16 xtpr pdcm pcid sse4_1 sse4_2 x2apic popcnt tsc_deadline_timer aes xsave avx lahf_lm ida arat epb xsaveopt pln pts dtherm tpr_shadow vnmi flexpriority ept vpid
bogomips	: 4988.44
clflush size	: 64
cache_alignment	: 64
address sizes	: 36 bits physical, 48 bits virtual
power management:

processor	: 2
vendor_id	: GenuineIntel
cpu family	: 6
model		: 42
model name	: Intel(R) Core(TM) i7-2860QM CPU @ 2.50GHz
stepping	: 7
microcode	: 0x1b
cpu MHz		: 2501.000
cache size	: 8192 KB
physical id	: 0
siblings	: 8
core id		: 2
cpu cores	: 4
apicid		: 4
initial apicid	: 4
fpu		: yes
fpu_exception	: yes
cpuid level	: 13
wp		: yes
flags		: fpu vme de pse tsc msr pae mce cx8 apic sep mtrr pge mca cmov pat pse36 clflush dts acpi mmx fxsr sse sse2 ss ht tm pbe syscall nx rdtscp lm constant_tsc arch_perfmon pebs bts rep_good nopl xtopology nonstop_tsc aperfmperf pni pclmulqdq dtes64 monitor ds_cpl vmx smx est tm2 ssse3 cx16 xtpr pdcm pcid sse4_1 sse4_2 x2apic popcnt tsc_deadline_timer aes xsave avx lahf_lm ida arat epb xsaveopt pln pts dtherm tpr_shadow vnmi flexpriority ept vpid
bogomips	: 4988.44
clflush size	: 64
cache_alignment	: 64
address sizes	: 36 bits physical, 48 bits virtual
power management:

processor	: 3
vendor_id	: GenuineIntel
cpu family	: 6
model		: 42
model name	: Intel(R) Core(TM) i7-2860QM CPU @ 2.50GHz
stepping	: 7
microcode	: 0x1b
cpu MHz		: 2501.000
cache size	: 8192 KB
physical id	: 0
siblings	: 8
core id		: 3
cpu cores	: 4
apicid		: 6
initial apicid	: 6
fpu		: yes
fpu_exception	: yes
cpuid level	: 13
wp		: yes
flags		: fpu vme de pse tsc msr pae mce cx8 apic sep mtrr pge mca cmov pat pse36 clflush dts acpi mmx fxsr sse sse2 ss ht tm pbe syscall nx rdtscp lm constant_tsc arch_perfmon pebs bts rep_good nopl xtopology nonstop_tsc aperfmperf pni pclmulqdq dtes64 monitor ds_cpl vmx smx est tm2 ssse3 cx16 xtpr pdcm pcid sse4_1 sse4_2 x2apic popcnt tsc_deadline_timer aes xsave avx lahf_lm ida arat epb xsaveopt pln pts dtherm tpr_shadow vnmi flexpriority ept vpid
bogomips	: 4988.44
clflush size	: 64
cache_alignment	: 64
address sizes	: 36 bits physical, 48 bits virtual
power management:

processor	: 4
vendor_id	: GenuineIntel
cpu family	: 6
model		: 42
model name	: Intel(R) Core(TM) i7-2860QM CPU @ 2.50GHz
stepping	: 7
microcode	: 0x1b
cpu MHz		: 2501.000
cache size	: 8192 KB
physical id	: 0
siblings	: 8
core id		: 0
cpu cores	: 4
apicid		: 1
initial apicid	: 1
fpu		: yes
fpu_exception	: yes
cpuid level	: 13
wp		: yes
flags		: fpu vme de pse tsc msr pae mce cx8 apic sep mtrr pge mca cmov pat pse36 clflush dts acpi mmx fxsr sse sse2 ss ht tm pbe syscall nx rdtscp lm constant_tsc arch_perfmon pebs bts rep_good nopl xtopology nonstop_tsc aperfmperf pni pclmulqdq dtes64 monitor ds_cpl vmx smx est tm2 ssse3 cx16 xtpr pdcm pcid sse4_1 sse4_2 x2apic popcnt tsc_deadline_timer aes xsave avx lahf_lm ida arat epb xsaveopt pln pts dtherm tpr_shadow vnmi flexpriority ept vpid
bogomips	: 4988.44
clflush size	: 64
cache_alignment	: 64
address sizes	: 36 bits physical, 48 bits virtual
power management:

processor	: 5
vendor_id	: GenuineIntel
cpu family	: 6
model		: 42
model name	: Intel(R) Core(TM) i7-2860QM CPU @ 2.50GHz
stepping	: 7
microcode	: 0x1b
cpu MHz		: 2501.000
cache size	: 8192 KB
physical id	: 0
siblings	: 8
core id		: 1
cpu cores	: 4
apicid		: 3
initial apicid	: 3
fpu		: yes
fpu_exception	: yes
cpuid level	: 13
wp		: yes
flags		: fpu vme de pse tsc msr pae mce cx8 apic sep mtrr pge mca cmov pat pse36 clflush dts acpi mmx fxsr sse sse2 ss ht tm pbe syscall nx rdtscp lm constant_tsc arch_perfmon pebs bts rep_good nopl xtopology nonstop_tsc aperfmperf pni pclmulqdq dtes64 monitor ds_cpl vmx smx est tm2 ssse3 cx16 xtpr pdcm pcid sse4_1 sse4_2 x2apic popcnt tsc_deadline_timer aes xsave avx lahf_lm ida arat epb xsaveopt pln pts dtherm tpr_shadow vnmi flexpriority ept vpid
bogomips	: 4988.44
clflush size	: 64
cache_alignment	: 64
address sizes	: 36 bits physical, 48 bits virtual
power management:

processor	: 6
vendor_id	: GenuineIntel
cpu family	: 6
model		: 42
model name	: Intel(R) Core(TM) i7-2860QM CPU @ 2.50GHz
stepping	: 7
microcode	: 0x1b
cpu MHz		: 2501.000
cache size	: 8192 KB
physical id	: 0
siblings	: 8
core id		: 2
cpu cores	: 4
apicid		: 5
initial apicid	: 5
fpu		: yes
fpu_exception	: yes
cpuid level	: 13
wp		: yes
flags		: fpu vme de pse tsc msr pae mce cx8 apic sep mtrr pge mca cmov pat pse36 clflush dts acpi mmx fxsr sse sse2 ss ht tm pbe syscall nx rdtscp lm constant_tsc arch_perfmon pebs bts rep_good nopl xtopology nonstop_tsc aperfmperf pni pclmulqdq dtes64 monitor ds_cpl vmx smx est tm2 ssse3 cx16 xtpr pdcm pcid sse4_1 sse4_2 x2apic popcnt tsc_deadline_timer aes xsave avx lahf_lm ida arat epb xsaveopt pln pts dtherm tpr_shadow vnmi flexpriority ept vpid
bogomips	: 4988.44
clflush size	: 64
cache_alignment	: 64
address sizes	: 36 bits physical, 48 bits virtual
power management:

processor	: 7
vendor_id	: GenuineIntel
cpu family	: 6
model		: 42
model name	: Intel(R) Core(TM) i7-2860QM CPU @ 2.50GHz
stepping	: 7
microcode	: 0x1b
cpu MHz		: 2501.000
cache size	: 8192 KB
physical id	: 0
siblings	: 8
core id		: 3
cpu cores	: 4
apicid		: 7
initial apicid	: 7
fpu		: yes
fpu_exception	: yes
cpuid level	: 13
wp		: yes
flags		: fpu vme de pse tsc msr pae mce cx8 apic sep mtrr pge mca cmov pat pse36 clflush dts acpi mmx fxsr sse sse2 ss ht tm pbe syscall nx rdtscp lm constant_tsc arch_perfmon pebs bts rep_good nopl xtopology nonstop_tsc aperfmperf pni pclmulqdq dtes64 monitor ds_cpl vmx smx est tm2 ssse3 cx16 xtpr pdcm pcid sse4_1 sse4_2 x2apic popcnt tsc_deadline_timer aes xsave avx lahf_lm ida arat epb xsaveopt pln pts dtherm tpr_shadow vnmi flexpriority ept vpid
bogomips	: 4988.44
clflush size	: 64
cache_alignment	: 64
address sizes	: 36 bits physical, 48 bits virtual
power management:



Memory: 4k page, physical 16412920k(6708148k free), swap 31249404k(31249404k free)

vm_info: Java HotSpot(TM) 64-Bit Server VM (23.0-b21) for linux-amd64 JRE (1.7.0_04-b20), built on Apr 12 2012 01:59:40 by "java_re" with gcc 4.3.0 20080428 (Red Hat 4.3.0-8)

time: Sun Sep 16 21:07:56 2012
elapsed time: 7 seconds

