#
# A fatal error has been detected by the Java Runtime Environment:
#
#  SIGSEGV (0xb) at pc=0x00007f2f639e5a54, pid=10931, tid=139841115256576
#
# JRE version: 7.0_09-b05
# Java VM: Java HotSpot(TM) 64-Bit Server VM (23.5-b02 mixed mode linux-amd64 compressed oops)
# Problematic frame:
# V  [libjvm.so+0x886a54]  Unsafe_GetNativeInt+0x74
#
# Failed to write core dump. Core dumps have been disabled. To enable core dumping, try "ulimit -c unlimited" before starting Java again
#
# If you would like to submit a bug report, please visit:
#   http://bugreport.sun.com/bugreport/crash.jsp
#

---------------  T H R E A D  ---------------

Current thread (0x00007f2f4c603000):  JavaThread "MonitorSchedulerThread#1" daemon [_thread_in_vm, id=10997, stack(0x00007f2f4beff000,0x00007f2f4c000000)]

siginfo:si_signo=SIGSEGV: si_errno=0, si_code=1 (SEGV_MAPERR), si_addr=0x0000000000000014

Registers:
RAX=0x00007f2f4c603000, RBX=0x00007f2f4bffd7f0, RCX=0x00007f2f6483a2a0, RDX=0x00007f2f4bfffa20
RSP=0x00007f2f4bffd580, RBP=0x00007f2f4bffd5b0, RSI=0x0000000000000006, RDI=0x0000000000000010
R8 =0x00000000013b0ea0, R9 =0x0000000000005400, R10=0x00007f2f5e77bd85, R11=0x00007f2f6392dcf0
R12=0x0000000000000014, R13=0x00000000be0d8df8, R14=0x00007f2f4bffd580, R15=0x00007f2f4c603000
RIP=0x00007f2f639e5a54, EFLAGS=0x0000000000010246, CSGSFS=0x0000000000000033, ERR=0x0000000000000004
  TRAPNO=0x000000000000000e

Top of Stack: (sp=0x00007f2f4bffd580)
0x00007f2f4bffd580:   00007f2f4c603000 00007f2f55662688
0x00007f2f4bffd590:   00000000be0d8df8 0000000000000000
0x00007f2f4bffd5a0:   00000000be0d8df8 00007f2f4bffd648
0x00007f2f4bffd5b0:   00007f2f4bffd618 00007f2f5e77bdb1
0x00007f2f4bffd5c0:   00007f2f55662658 00007f2f00000000
0x00007f2f4bffd5d0:   00007f2f4c603000 00007f2f4bffd5d8
0x00007f2f4bffd5e0:   0000000000000000 00007f2f4bffd648
0x00007f2f4bffd5f0:   00000000be0dca68 0000000000000000
0x00007f2f4bffd600:   00000000be0d8df8 0000000000000000
0x00007f2f4bffd610:   00007f2f4bffd638 00007f2f4bffd690
0x00007f2f4bffd620:   00007f2f5e76a354 0000000000000000
0x00007f2f4bffd630:   00007f2f5e777036 0000000000000014
0x00007f2f4bffd640:   00000000eeb2fff0 00000000ef8da7d8
0x00007f2f4bffd650:   00007f2f4bffd650 00000000bf4b7f92
0x00007f2f4bffd660:   00007f2f4bffd6a8 00000000bf667918
0x00007f2f4bffd670:   0000000000000000 00000000bf4b7fb8
0x00007f2f4bffd680:   00007f2f4bffd638 00007f2f4bffd6a0
0x00007f2f4bffd690:   00007f2f4bffd6f0 00007f2f5e76a354
0x00007f2f4bffd6a0:   0000000000000014 00000000eeb2fff0
0x00007f2f4bffd6b0:   00007f2f4bffd6b0 00000000bf487d5b
0x00007f2f4bffd6c0:   00007f2f4bffd708 00000000bf49f158
0x00007f2f4bffd6d0:   0000000000000000 00000000bf487d80
0x00007f2f4bffd6e0:   00007f2f4bffd6a0 00007f2f4bffd700
0x00007f2f4bffd6f0:   00007f2f4bffd770 00007f2f5e7644f7
0x00007f2f4bffd700:   00000000eeb2fff0 00000000edcb1a30
0x00007f2f4bffd710:   0000000000001fa0 00007f2f4bffda30
0x00007f2f4bffd720:   00007f2f4bffd7f0 00007f2f4bffd8c0
0x00007f2f4bffd730:   00007f2f4c603000 00007f2f55662650
0x00007f2f4bffd740:   00007f2f4bffd7b0 00007f2f4bffda38
0x00007f2f4bffd750:   00007f2f0000000b 00000000bf487d80
0x00007f2f4bffd760:   00007f2f5e779340 00007f2f4bffd8c8
0x00007f2f4bffd770:   00007f2f4bffd850 00007f2f636b08d5 

Instructions: (pc=0x00007f2f639e5a54)
0x00007f2f639e5a34:   89 f7 e8 25 69 ef ff 48 8b 05 56 f3 43 00 8b 38
0x00007f2f639e5a44:   e8 df 25 91 ff 48 8b 5b 48 c6 80 74 02 00 00 01
0x00007f2f639e5a54:   45 8b 2c 24 c6 80 74 02 00 00 00 48 8b 7b 10 4c
0x00007f2f639e5a64:   8b 63 08 48 83 3f 00 74 09 e8 5e 41 9a ff 48 8b 

Register to memory mapping:

RAX=0x00007f2f4c603000 is a thread
RBX=0x00007f2f4bffd7f0 is pointing into the stack for thread: 0x00007f2f4c603000
RCX=0x00007f2f6483a2a0: <offset 0x2182a0> in /lib/libpthread.so.0 at 0x00007f2f64622000
RDX=0x00007f2f4bfffa20 is pointing into the stack for thread: 0x00007f2f4c603000
RSP=0x00007f2f4bffd580 is pointing into the stack for thread: 0x00007f2f4c603000
RBP=0x00007f2f4bffd5b0 is pointing into the stack for thread: 0x00007f2f4c603000
RSI=0x0000000000000006 is an unknown value
RDI=0x0000000000000010 is an unknown value
R8 =0x00000000013b0ea0 is an unknown value
R9 =0x0000000000005400 is an unknown value
R10=0x00007f2f5e77bd85 is an Interpreter codelet
method entry point (kind = native)  [0x00007f2f5e77b8e0, 0x00007f2f5e77c6c0]  3552 bytes
R11=0x00007f2f6392dcf0: <offset 0x7cecf0> in /usr/lib/jvm/jdk1.7.0_09/jre/lib/amd64/server/libjvm.so at 0x00007f2f6315f000
R12=0x0000000000000014 is an unknown value
R13=0x00000000be0d8df8 is an oop
{method} 
 - klass: {other class}
R14=0x00007f2f4bffd580 is pointing into the stack for thread: 0x00007f2f4c603000
R15=0x00007f2f4c603000 is a thread


Stack: [0x00007f2f4beff000,0x00007f2f4c000000],  sp=0x00007f2f4bffd580,  free space=1017k
Native frames: (J=compiled Java code, j=interpreted, Vv=VM code, C=native code)
V  [libjvm.so+0x886a54]  Unsafe_GetNativeInt+0x74
j  sun.misc.Unsafe.getInt(J)I+0
j  vanilla.java.chronicle.impl.UnsafeExcerpt.readInt(I)I+10
j  org.helios.apmrouter.destination.chronicletimeseries.ChronicleTier.getSeriesEntryCount(Lvanilla/java/chronicle/impl/UnsafeExcerpt;)J+3
v  ~StubRoutines::call_stub
V  [libjvm.so+0x5518d5]  JavaCalls::call_helper(JavaValue*, methodHandle*, JavaCallArguments*, Thread*)+0x355
V  [libjvm.so+0x5503f8]  JavaCalls::call(JavaValue*, methodHandle, JavaCallArguments*, Thread*)+0x28
V  [libjvm.so+0x564e04]  jni_invoke_nonstatic(JNIEnv_*, JavaValue*, _jobject*, JNICallType, _jmethodID*, JNI_ArgumentPusher*, Thread*)+0x2a4
V  [libjvm.so+0x574b79]  jni_CallNonvirtualLongMethodA+0xe9
C  [libjdwp.so+0x1be44]  invoker_doInvoke+0xd64
C  [libjdwp.so+0x14dc5]  reportEvents+0xc5
C  [libjdwp.so+0x15152]  event_callback+0x1c2
C  [libjdwp.so+0x182f7]  cbSingleStep+0xb7
V  [libjvm.so+0x61f3bd]  JvmtiExport::post_single_step(JavaThread*, methodOopDesc*, unsigned char*)+0x1dd
V  [libjvm.so+0x6232d5]  JvmtiExport::at_single_stepping_point(JavaThread*, methodOopDesc*, unsigned char*)+0xc5
V  [libjvm.so+0x54c3e5]  InterpreterRuntime::at_safepoint(JavaThread*)+0x65
j  org.helios.apmrouter.destination.chronicletimeseries.ChronicleTier.createNewMetric()J+5
j  org.helios.apmrouter.catalog.jdbc.h2.H2JDBCMetricCatalog.getID(JLjava/lang/String;Ljava/lang/String;ILjava/lang/String;Ljava/lang/String;)J+25
j  org.helios.apmrouter.server.tracing.ServerTracerFactory.processMetrics(Ljava/util/Collection;)I+86
j  org.helios.apmrouter.server.tracing.ServerTracerFactory.submit(Ljava/util/Collection;)V+2
j  org.helios.apmrouter.server.tracing.ServerTracerFactory.submit([Lorg/helios/apmrouter/metric/IMetric;)V+21
j  org.helios.apmrouter.trace.TracerImpl.traceCounter(JLjava/lang/CharSequence;[Ljava/lang/CharSequence;)Lorg/helios/apmrouter/metric/ICEMetric;+33
j  org.helios.apmrouter.monitor.jvm.JVMMonitor.doCollect(J)V+76
j  org.helios.apmrouter.monitor.AbstractMonitor.collect()V+9
j  org.helios.apmrouter.monitor.AbstractMonitor.run()V+1
j  java.util.concurrent.Executors$RunnableAdapter.call()Ljava/lang/Object;+4
j  java.util.concurrent.FutureTask$Sync.innerRunAndReset()Z+30
j  java.util.concurrent.FutureTask.runAndReset()Z+4
j  java.util.concurrent.ScheduledThreadPoolExecutor$ScheduledFutureTask.access$301(Ljava/util/concurrent/ScheduledThreadPoolExecutor$ScheduledFutureTask;)Z+1
j  java.util.concurrent.ScheduledThreadPoolExecutor$ScheduledFutureTask.run()V+37
j  org.helios.apmrouter.jmx.ListenerAwareRunnableScheduledFuture.run()V+4
j  java.util.concurrent.ThreadPoolExecutor.runWorker(Ljava/util/concurrent/ThreadPoolExecutor$Worker;)V+46
j  java.util.concurrent.ThreadPoolExecutor$Worker.run()V+5
j  java.lang.Thread.run()V+11
v  ~StubRoutines::call_stub
V  [libjvm.so+0x5518d5]  JavaCalls::call_helper(JavaValue*, methodHandle*, JavaCallArguments*, Thread*)+0x355
V  [libjvm.so+0x5503f8]  JavaCalls::call(JavaValue*, methodHandle, JavaCallArguments*, Thread*)+0x28
V  [libjvm.so+0x55068c]  JavaCalls::call_virtual(JavaValue*, KlassHandle, Symbol*, Symbol*, JavaCallArguments*, Thread*)+0x17c
V  [libjvm.so+0x5507b7]  JavaCalls::call_virtual(JavaValue*, Handle, KlassHandle, Symbol*, Symbol*, Thread*)+0x47
V  [libjvm.so+0x5ab07f]  thread_entry(JavaThread*, Thread*)+0xdf
V  [libjvm.so+0x8650c8]  JavaThread::thread_main_inner()+0xc8
V  [libjvm.so+0x865218]  JavaThread::run()+0x138
V  [libjvm.so+0x746c00]  java_start(Thread*)+0x100

Java frames: (J=compiled Java code, j=interpreted, Vv=VM code)
j  sun.misc.Unsafe.getInt(J)I+0
j  vanilla.java.chronicle.impl.UnsafeExcerpt.readInt(I)I+10
j  org.helios.apmrouter.destination.chronicletimeseries.ChronicleTier.getSeriesEntryCount(Lvanilla/java/chronicle/impl/UnsafeExcerpt;)J+3
v  ~StubRoutines::call_stub
j  org.helios.apmrouter.destination.chronicletimeseries.ChronicleTier.createNewMetric()J+5
j  org.helios.apmrouter.catalog.jdbc.h2.H2JDBCMetricCatalog.getID(JLjava/lang/String;Ljava/lang/String;ILjava/lang/String;Ljava/lang/String;)J+25
j  org.helios.apmrouter.server.tracing.ServerTracerFactory.processMetrics(Ljava/util/Collection;)I+86
j  org.helios.apmrouter.server.tracing.ServerTracerFactory.submit(Ljava/util/Collection;)V+2
j  org.helios.apmrouter.server.tracing.ServerTracerFactory.submit([Lorg/helios/apmrouter/metric/IMetric;)V+21
j  org.helios.apmrouter.trace.TracerImpl.traceCounter(JLjava/lang/CharSequence;[Ljava/lang/CharSequence;)Lorg/helios/apmrouter/metric/ICEMetric;+33
j  org.helios.apmrouter.monitor.jvm.JVMMonitor.doCollect(J)V+76
j  org.helios.apmrouter.monitor.AbstractMonitor.collect()V+9
j  org.helios.apmrouter.monitor.AbstractMonitor.run()V+1
j  java.util.concurrent.Executors$RunnableAdapter.call()Ljava/lang/Object;+4
j  java.util.concurrent.FutureTask$Sync.innerRunAndReset()Z+30
j  java.util.concurrent.FutureTask.runAndReset()Z+4
j  java.util.concurrent.ScheduledThreadPoolExecutor$ScheduledFutureTask.access$301(Ljava/util/concurrent/ScheduledThreadPoolExecutor$ScheduledFutureTask;)Z+1
j  java.util.concurrent.ScheduledThreadPoolExecutor$ScheduledFutureTask.run()V+37
j  org.helios.apmrouter.jmx.ListenerAwareRunnableScheduledFuture.run()V+4
j  java.util.concurrent.ThreadPoolExecutor.runWorker(Ljava/util/concurrent/ThreadPoolExecutor$Worker;)V+46
j  java.util.concurrent.ThreadPoolExecutor$Worker.run()V+5
j  java.lang.Thread.run()V+11
v  ~StubRoutines::call_stub

---------------  P R O C E S S  ---------------

Java Threads: ( => current thread )
=>0x00007f2f4c603000 JavaThread "MonitorSchedulerThread#1" daemon [_thread_in_vm, id=10997, stack(0x00007f2f4beff000,0x00007f2f4c000000)]
  0x00007f2f4c5f7000 JavaThread "CollectionFunnelTimer" daemon [_thread_blocked, id=10996, stack(0x00007f2f5802e000,0x00007f2f5812f000)]
  0x00007f2f4c56c000 JavaThread "New I/O  worker #4" daemon [_thread_blocked, id=10995, stack(0x00007f2f5812f000,0x00007f2f58230000)]
  0x00007f2f4c5d5000 JavaThread "New I/O  worker #3" daemon [_thread_blocked, id=10994, stack(0x00007f2f58230000,0x00007f2f58331000)]
  0x00007f2f4c5d4000 JavaThread "New I/O  worker #2" daemon [_thread_blocked, id=10993, stack(0x00007f2f589ae000,0x00007f2f58aaf000)]
  0x00007f2f4c56d800 JavaThread "New I/O  worker #1" daemon [_thread_blocked, id=10992, stack(0x00007f2f58aaf000,0x00007f2f58bb0000)]
  0x00007f2f4c5d8800 JavaThread "AgentSchedulerSchedulerThread#1" daemon [_thread_blocked, id=10991, stack(0x00007f2f58bb0000,0x00007f2f58cb1000)]
  0x00007f2f4c5e0800 JavaThread "TimeoutQueueMapThread#1" daemon [_thread_blocked, id=10990, stack(0x00007f2f58cb1000,0x00007f2f58db2000)]
  0x00007f2f4c5b1000 JavaThread "CollectionFunnelThread#1" daemon [_thread_blocked, id=10989, stack(0x00007f2f58db2000,0x00007f2f58eb3000)]
  0x00007f2f4c4f0800 JavaThread "H2 Log Writer DB" daemon [_thread_blocked, id=10977, stack(0x00007f2f595bc000,0x00007f2f596bd000)]
  0x00007f2f4c4b8000 JavaThread "H2 File Lock Watchdog /home/nwhitehead/.apmrouter/h2/db.lock.db" daemon [_thread_blocked, id=10976, stack(0x00007f2f58331000,0x00007f2f58432000)]
  0x00007f2f4c3dc800 JavaThread "PatternRouterWorkersThread#8" daemon [_thread_blocked, id=10972, stack(0x00007f2f58432000,0x00007f2f58533000)]
  0x00007f2f4c3da800 JavaThread "PatternRouterWorkersThread#7" daemon [_thread_blocked, id=10969, stack(0x00007f2f58533000,0x00007f2f58634000)]
  0x00007f2f4c3d8800 JavaThread "PatternRouterWorkersThread#6" daemon [_thread_blocked, id=10967, stack(0x00007f2f58634000,0x00007f2f58735000)]
  0x00007f2f4c3d6800 JavaThread "PatternRouterWorkersThread#5" daemon [_thread_blocked, id=10965, stack(0x00007f2f58735000,0x00007f2f58836000)]
  0x00007f2f4c3d4800 JavaThread "PatternRouterWorkersThread#4" daemon [_thread_blocked, id=10964, stack(0x00007f2f58836000,0x00007f2f58937000)]
  0x00007f2f4c3d3000 JavaThread "PatternRouterWorkersThread#3" daemon [_thread_blocked, id=10963, stack(0x00007f2f59029000,0x00007f2f5912a000)]
  0x00007f2f4c3d1000 JavaThread "PatternRouterWorkersThread#2" daemon [_thread_blocked, id=10962, stack(0x00007f2f5912a000,0x00007f2f5922b000)]
  0x00007f2f4c3cf800 JavaThread "PatternRouterWorkersThread#1" daemon [_thread_blocked, id=10961, stack(0x00007f2f5922b000,0x00007f2f5932c000)]
  0x00007f2f4c3bc000 JavaThread "MetricConflationThread#1" daemon [_thread_blocked, id=10960, stack(0x00007f2f5932c000,0x00007f2f5942d000)]
  0x00007f2f4c3af000 JavaThread "SpringEventPoolThread#1" daemon [_thread_blocked, id=10959, stack(0x00007f2f5942d000,0x00007f2f5952e000)]
  0x00007f2f4c0ec800 JavaThread "MongoCleaner1147893946" daemon [_thread_blocked, id=10958, stack(0x00007f2f58eb3000,0x00007f2f58fb4000)]
  0x0000000001876800 JavaThread "FileWatchdog" daemon [_thread_blocked, id=10957, stack(0x00007f2f598c5000,0x00007f2f599c6000)]
  0x000000000149c800 JavaThread "Service Thread" daemon [_thread_blocked, id=10954, stack(0x00007f2f5a0d5000,0x00007f2f5a1d6000)]
  0x0000000001491000 JavaThread "C2 CompilerThread1" daemon [_thread_blocked, id=10953, stack(0x00007f2f5a1d6000,0x00007f2f5a2d7000)]
  0x000000000148d800 JavaThread "C2 CompilerThread0" daemon [_thread_blocked, id=10952, stack(0x00007f2f5a2d7000,0x00007f2f5a3d8000)]
  0x0000000001480000 JavaThread "JDWP Command Reader" daemon [_thread_in_native, id=10947, stack(0x00007f2f5a3d8000,0x00007f2f5a4d9000)]
  0x000000000147d800 JavaThread "JDWP Event Helper Thread" daemon [_thread_blocked, id=10946, stack(0x00007f2f5a4d9000,0x00007f2f5a5da000)]
  0x000000000147a000 JavaThread "JDWP Transport Listener: dt_socket" daemon [_thread_in_native, id=10945, stack(0x00007f2f5a5da000,0x00007f2f5a6db000)]
  0x000000000146b800 JavaThread "Signal Dispatcher" daemon [_thread_blocked, id=10943, stack(0x00007f2f5a8df000,0x00007f2f5a9e0000)]
  0x000000000141a000 JavaThread "Finalizer" daemon [_thread_blocked, id=10942, stack(0x00007f2f5a9e0000,0x00007f2f5aae1000)]
  0x0000000001417800 JavaThread "Reference Handler" daemon [_thread_blocked, id=10941, stack(0x00007f2f5aae1000,0x00007f2f5abe2000)]
  0x000000000138b800 JavaThread "main" [_thread_blocked, id=10933, stack(0x00007f2f64938000,0x00007f2f64a39000)]

Other Threads:
  0x0000000001410000 VMThread [stack: 0x00007f2f5abe2000,0x00007f2f5ace3000] [id=10939]
  0x00000000014a7000 WatcherThread [stack: 0x00007f2f59fd4000,0x00007f2f5a0d5000] [id=10955]

VM state:not at safepoint (normal execution)

VM Mutex/Monitor currently owned by a thread: None

Heap
 PSYoungGen      total 65024K, used 53197K [0x00000000ebb60000, 0x00000000f4340000, 0x0000000100000000)
  eden space 62464K, 81% used [0x00000000ebb60000,0x00000000eecd9940,0x00000000ef860000)
  from space 2560K, 99% used [0x00000000ef860000,0x00000000efad9c50,0x00000000efae0000)
  to   space 7104K, 0% used [0x00000000f3c50000,0x00000000f3c50000,0x00000000f4340000)
 ParOldGen       total 41536K, used 7471K [0x00000000c3200000, 0x00000000c5a90000, 0x00000000ebb60000)
  object space 41536K, 17% used [0x00000000c3200000,0x00000000c394bd28,0x00000000c5a90000)
 PSPermGen       total 22976K, used 22943K [0x00000000be000000, 0x00000000bf670000, 0x00000000c3200000)
  object space 22976K, 99% used [0x00000000be000000,0x00000000bf667e98,0x00000000bf670000)

Card table byte_map: [0x00007f2f5e553000,0x00007f2f5e764000] byte_map_base: 0x00007f2f5df63000

Polling page: 0x00007f2f64a5c000

Code Cache  [0x00007f2f5e764000, 0x00007f2f5e9d4000, 0x00007f2f61764000)
 total_blobs=740 nmethods=371 adapters=329 free_code_cache=47457Kb largest_free_block=48550400

Compilation events (10 events):
Event: 7.214 Thread 0x000000000148d800  377             sun.nio.ch.EPollArrayWrapper::putData (22 bytes)
Event: 7.215 Thread 0x000000000148d800 nmethod 377 0x00007f2f5e8e1c90 code [0x00007f2f5e8e1de0, 0x00007f2f5e8e1eb8]
Event: 7.215 Thread 0x000000000148d800  378             sun.nio.ch.NativeObject::putLong (15 bytes)
Event: 7.215 Thread 0x000000000148d800 nmethod 378 0x00007f2f5e8e1a90 code [0x00007f2f5e8e1bc0, 0x00007f2f5e8e1c18]
Event: 7.217 Thread 0x0000000001491000  379             sun.nio.ch.EPollArrayWrapper::<init> (99 bytes)
Event: 7.227 Thread 0x0000000001491000 nmethod 379 0x00007f2f5e8c4e50 code [0x00007f2f5e8c5000, 0x00007f2f5e8c5548]
Event: 7.264 Thread 0x000000000148d800  380             java.util.WeakHashMap::indexFor (6 bytes)
Event: 7.265 Thread 0x000000000148d800 nmethod 380 0x00007f2f5e7e9c90 code [0x00007f2f5e7e9dc0, 0x00007f2f5e7e9df8]
Event: 7.331 Thread 0x000000000148d800  381             java.io.UnixFileSystem::resolve (103 bytes)
Event: 7.346 Thread 0x000000000148d800 nmethod 381 0x00007f2f5e8c5c50 code [0x00007f2f5e8c5e00, 0x00007f2f5e8c65f8]

GC Heap History (10 events):
Event: 0.929 GC heap before
{Heap before GC invocations=1 (full 0):
 PSYoungGen      total 18176K, used 15616K [0x00000000ebb60000, 0x00000000ecfa0000, 0x0000000100000000)
  eden space 15616K, 100% used [0x00000000ebb60000,0x00000000ecaa0000,0x00000000ecaa0000)
  from space 2560K, 0% used [0x00000000ecd20000,0x00000000ecd20000,0x00000000ecfa0000)
  to   space 2560K, 0% used [0x00000000ecaa0000,0x00000000ecaa0000,0x00000000ecd20000)
 ParOldGen       total 41536K, used 0K [0x00000000c3200000, 0x00000000c5a90000, 0x00000000ebb60000)
  object space 41536K, 0% used [0x00000000c3200000,0x00000000c3200000,0x00000000c5a90000)
 PSPermGen       total 21248K, used 6730K [0x00000000be000000, 0x00000000bf4c0000, 0x00000000c3200000)
  object space 21248K, 31% used [0x00000000be000000,0x00000000be6928a8,0x00000000bf4c0000)
Event: 0.940 GC heap after
Heap after GC invocations=1 (full 0):
 PSYoungGen      total 18176K, used 2249K [0x00000000ebb60000, 0x00000000edee0000, 0x0000000100000000)
  eden space 15616K, 0% used [0x00000000ebb60000,0x00000000ebb60000,0x00000000ecaa0000)
  from space 2560K, 87% used [0x00000000ecaa0000,0x00000000eccd25c0,0x00000000ecd20000)
  to   space 2560K, 0% used [0x00000000edc60000,0x00000000edc60000,0x00000000edee0000)
 ParOldGen       total 41536K, used 8K [0x00000000c3200000, 0x00000000c5a90000, 0x00000000ebb60000)
  object space 41536K, 0% used [0x00000000c3200000,0x00000000c3202000,0x00000000c5a90000)
 PSPermGen       total 21248K, used 6730K [0x00000000be000000, 0x00000000bf4c0000, 0x00000000c3200000)
  object space 21248K, 31% used [0x00000000be000000,0x00000000be6928a8,0x00000000bf4c0000)
}
Event: 1.397 GC heap before
{Heap before GC invocations=2 (full 0):
 PSYoungGen      total 18176K, used 17865K [0x00000000ebb60000, 0x00000000edee0000, 0x0000000100000000)
  eden space 15616K, 100% used [0x00000000ebb60000,0x00000000ecaa0000,0x00000000ecaa0000)
  from space 2560K, 87% used [0x00000000ecaa0000,0x00000000eccd25c0,0x00000000ecd20000)
  to   space 2560K, 0% used [0x00000000edc60000,0x00000000edc60000,0x00000000edee0000)
 ParOldGen       total 41536K, used 8K [0x00000000c3200000, 0x00000000c5a90000, 0x00000000ebb60000)
  object space 41536K, 0% used [0x00000000c3200000,0x00000000c3202000,0x00000000c5a90000)
 PSPermGen       total 21248K, used 10027K [0x00000000be000000, 0x00000000bf4c0000, 0x00000000c3200000)
  object space 21248K, 47% used [0x00000000be000000,0x00000000be9cae98,0x00000000bf4c0000)
Event: 1.407 GC heap after
Heap after GC invocations=2 (full 0):
 PSYoungGen      total 33792K, used 2557K [0x00000000ebb60000, 0x00000000edee0000, 0x0000000100000000)
  eden space 31232K, 0% used [0x00000000ebb60000,0x00000000ebb60000,0x00000000ed9e0000)
  from space 2560K, 99% used [0x00000000edc60000,0x00000000ededf708,0x00000000edee0000)
  to   space 2560K, 0% used [0x00000000ed9e0000,0x00000000ed9e0000,0x00000000edc60000)
 ParOldGen       total 41536K, used 100K [0x00000000c3200000, 0x00000000c5a90000, 0x00000000ebb60000)
  object space 41536K, 0% used [0x00000000c3200000,0x00000000c3219078,0x00000000c5a90000)
 PSPermGen       total 21248K, used 10027K [0x00000000be000000, 0x00000000bf4c0000, 0x00000000c3200000)
  object space 21248K, 47% used [0x00000000be000000,0x00000000be9cae98,0x00000000bf4c0000)
}
Event: 2.608 GC heap before
{Heap before GC invocations=3 (full 0):
 PSYoungGen      total 33792K, used 33789K [0x00000000ebb60000, 0x00000000edee0000, 0x0000000100000000)
  eden space 31232K, 100% used [0x00000000ebb60000,0x00000000ed9e0000,0x00000000ed9e0000)
  from space 2560K, 99% used [0x00000000edc60000,0x00000000ededf708,0x00000000edee0000)
  to   space 2560K, 0% used [0x00000000ed9e0000,0x00000000ed9e0000,0x00000000edc60000)
 ParOldGen       total 41536K, used 100K [0x00000000c3200000, 0x00000000c5a90000, 0x00000000ebb60000)
  object space 41536K, 0% used [0x00000000c3200000,0x00000000c3219078,0x00000000c5a90000)
 PSPermGen       total 21248K, used 13004K [0x00000000be000000, 0x00000000bf4c0000, 0x00000000c3200000)
  object space 21248K, 61% used [0x00000000be000000,0x00000000becb30d0,0x00000000bf4c0000)
Event: 2.630 GC heap after
Heap after GC invocations=3 (full 0):
 PSYoungGen      total 33792K, used 2534K [0x00000000ebb60000, 0x00000000efd60000, 0x0000000100000000)
  eden space 31232K, 0% used [0x00000000ebb60000,0x00000000ebb60000,0x00000000ed9e0000)
  from space 2560K, 98% used [0x00000000ed9e0000,0x00000000edc59868,0x00000000edc60000)
  to   space 2560K, 0% used [0x00000000efae0000,0x00000000efae0000,0x00000000efd60000)
 ParOldGen       total 41536K, used 1422K [0x00000000c3200000, 0x00000000c5a90000, 0x00000000ebb60000)
  object space 41536K, 3% used [0x00000000c3200000,0x00000000c3363b10,0x00000000c5a90000)
 PSPermGen       total 21248K, used 13004K [0x00000000be000000, 0x00000000bf4c0000, 0x00000000c3200000)
  object space 21248K, 61% used [0x00000000be000000,0x00000000becb30d0,0x00000000bf4c0000)
}
Event: 3.181 GC heap before
{Heap before GC invocations=4 (full 0):
 PSYoungGen      total 33792K, used 33766K [0x00000000ebb60000, 0x00000000efd60000, 0x0000000100000000)
  eden space 31232K, 100% used [0x00000000ebb60000,0x00000000ed9e0000,0x00000000ed9e0000)
  from space 2560K, 98% used [0x00000000ed9e0000,0x00000000edc59868,0x00000000edc60000)
  to   space 2560K, 0% used [0x00000000efae0000,0x00000000efae0000,0x00000000efd60000)
 ParOldGen       total 41536K, used 1422K [0x00000000c3200000, 0x00000000c5a90000, 0x00000000ebb60000)
  object space 41536K, 3% used [0x00000000c3200000,0x00000000c3363b10,0x00000000c5a90000)
 PSPermGen       total 21248K, used 13208K [0x00000000be000000, 0x00000000bf4c0000, 0x00000000c3200000)
  object space 21248K, 62% used [0x00000000be000000,0x00000000bece6078,0x00000000bf4c0000)
Event: 3.198 GC heap after
Heap after GC invocations=4 (full 0):
 PSYoungGen      total 65024K, used 2536K [0x00000000ebb60000, 0x00000000efd60000, 0x0000000100000000)
  eden space 62464K, 0% used [0x00000000ebb60000,0x00000000ebb60000,0x00000000ef860000)
  from space 2560K, 99% used [0x00000000efae0000,0x00000000efd5a0a8,0x00000000efd60000)
  to   space 2560K, 0% used [0x00000000ef860000,0x00000000ef860000,0x00000000efae0000)
 ParOldGen       total 41536K, used 2708K [0x00000000c3200000, 0x00000000c5a90000, 0x00000000ebb60000)
  object space 41536K, 6% used [0x00000000c3200000,0x00000000c34a50c8,0x00000000c5a90000)
 PSPermGen       total 21248K, used 13208K [0x00000000be000000, 0x00000000bf4c0000, 0x00000000c3200000)
  object space 21248K, 62% used [0x00000000be000000,0x00000000bece6078,0x00000000bf4c0000)
}
Event: 5.396 GC heap before
{Heap before GC invocations=5 (full 0):
 PSYoungGen      total 65024K, used 65000K [0x00000000ebb60000, 0x00000000efd60000, 0x0000000100000000)
  eden space 62464K, 100% used [0x00000000ebb60000,0x00000000ef860000,0x00000000ef860000)
  from space 2560K, 99% used [0x00000000efae0000,0x00000000efd5a0a8,0x00000000efd60000)
  to   space 2560K, 0% used [0x00000000ef860000,0x00000000ef860000,0x00000000efae0000)
 ParOldGen       total 41536K, used 2708K [0x00000000c3200000, 0x00000000c5a90000, 0x00000000ebb60000)
  object space 41536K, 6% used [0x00000000c3200000,0x00000000c34a50c8,0x00000000c5a90000)
 PSPermGen       total 21248K, used 16783K [0x00000000be000000, 0x00000000bf4c0000, 0x00000000c3200000)
  object space 21248K, 78% used [0x00000000be000000,0x00000000bf063f78,0x00000000bf4c0000)
Event: 5.437 GC heap after
Heap after GC invocations=5 (full 0):
 PSYoungGen      total 65024K, used 2535K [0x00000000ebb60000, 0x00000000f4340000, 0x0000000100000000)
  eden space 62464K, 0% used [0x00000000ebb60000,0x00000000ebb60000,0x00000000ef860000)
  from space 2560K, 99% used [0x00000000ef860000,0x00000000efad9c50,0x00000000efae0000)
  to   space 7104K, 0% used [0x00000000f3c50000,0x00000000f3c50000,0x00000000f4340000)
 ParOldGen       total 41536K, used 7471K [0x00000000c3200000, 0x00000000c5a90000, 0x00000000ebb60000)
  object space 41536K, 17% used [0x00000000c3200000,0x00000000c394bd28,0x00000000c5a90000)
 PSPermGen       total 21248K, used 16783K [0x00000000be000000, 0x00000000bf4c0000, 0x00000000c3200000)
  object space 21248K, 78% used [0x00000000be000000,0x00000000bf063f78,0x00000000bf4c0000)
}

Deoptimization events (10 events):
Event: 7.085 Thread 0x000000000138b800 Uncommon trap -25 fr.pc 0x00007f2f5e85d654
Event: 7.151 Thread 0x000000000138b800 Uncommon trap -75 fr.pc 0x00007f2f5e85e29c
Event: 7.151 Thread 0x000000000138b800 Uncommon trap -83 fr.pc 0x00007f2f5e852b24
Event: 7.152 Thread 0x000000000138b800 Uncommon trap -34 fr.pc 0x00007f2f5e84cd44
Event: 7.152 Thread 0x000000000138b800 Uncommon trap -34 fr.pc 0x00007f2f5e8323b8
Event: 7.152 Thread 0x000000000138b800 Uncommon trap -34 fr.pc 0x00007f2f5e84cd44
Event: 7.152 Thread 0x000000000138b800 Uncommon trap -34 fr.pc 0x00007f2f5e8323b8
Event: 7.152 Thread 0x000000000138b800 Uncommon trap -34 fr.pc 0x00007f2f5e84cd44
Event: 7.152 Thread 0x000000000138b800 Uncommon trap -34 fr.pc 0x00007f2f5e84cd44
Event: 7.155 Thread 0x000000000138b800 Uncommon trap -34 fr.pc 0x00007f2f5e856ea0

Internal exceptions (10 events):
Event: 7.326 Thread 0x000000000138b800 Threw 0x00000000eeaf6548 at /HUDSON/workspace/jdk7u9-2-build-linux-amd64-product/jdk7u9/hotspot/src/share/vm/prims/jvm.cpp:1166
Event: 7.330 Thread 0x00007f2f4c603000 Threw 0x00000000eeb07ac8 at /HUDSON/workspace/jdk7u9-2-build-linux-amd64-product/jdk7u9/hotspot/src/share/vm/prims/jvm.cpp:1166
Event: 7.330 Thread 0x000000000138b800 Threw 0x00000000eeb031f8 at /HUDSON/workspace/jdk7u9-2-build-linux-amd64-product/jdk7u9/hotspot/src/share/vm/prims/jvm.cpp:1166
Event: 7.331 Thread 0x00007f2f4c603000 Threw 0x00000000eeb0e728 at /HUDSON/workspace/jdk7u9-2-build-linux-amd64-product/jdk7u9/hotspot/src/share/vm/prims/jvm.cpp:1166
Event: 7.332 Thread 0x000000000138b800 Threw 0x00000000eeba5300 at /HUDSON/workspace/jdk7u9-2-build-linux-amd64-product/jdk7u9/hotspot/src/share/vm/prims/jvm.cpp:1166
Event: 7.336 Thread 0x000000000138b800 Threw 0x00000000eebac188 at /HUDSON/workspace/jdk7u9-2-build-linux-amd64-product/jdk7u9/hotspot/src/share/vm/prims/jvm.cpp:1166
Event: 7.342 Thread 0x00007f2f4c603000 Threw 0x00000000eeb16678 at /HUDSON/workspace/jdk7u9-2-build-linux-amd64-product/jdk7u9/hotspot/src/share/vm/prims/jvm.cpp:1166
Event: 7.343 Thread 0x00007f2f4c603000 Threw 0x00000000eeb1da50 at /HUDSON/workspace/jdk7u9-2-build-linux-amd64-product/jdk7u9/hotspot/src/share/vm/prims/jvm.cpp:1166
Event: 33.357 Thread 0x00007f2f4c603000 Threw 0x00000000eeb22e50 at /HUDSON/workspace/jdk7u9-2-build-linux-amd64-product/jdk7u9/hotspot/src/share/vm/prims/jvm.cpp:1166
Event: 33.361 Thread 0x00007f2f4c603000 Threw 0x00000000eeb29170 at /HUDSON/workspace/jdk7u9-2-build-linux-amd64-product/jdk7u9/hotspot/src/share/vm/prims/jvm.cpp:1166

Events (10 events):
Event: 118.438 Executing VM operation: GetCurrentLocation
Event: 118.438 Executing VM operation: GetCurrentLocation done
Event: 118.438 Executing VM operation: ChangeSingleStep
Event: 118.438 Executing VM operation: ChangeSingleStep done
Event: 118.439 Executing VM operation: ChangeSingleStep
Event: 118.440 Executing VM operation: ChangeSingleStep done
Event: 118.452 Executing VM operation: GetOrSetLocal
Event: 118.452 Executing VM operation: GetOrSetLocal done
Event: 118.557 Executing VM operation: GetOrSetLocal
Event: 118.557 Executing VM operation: GetOrSetLocal done


Dynamic libraries:
00400000-00401000 r-xp 00000000 08:01 1836780                            /usr/lib/jvm/jdk1.7.0_09/bin/java
00600000-00601000 rw-p 00000000 08:01 1836780                            /usr/lib/jvm/jdk1.7.0_09/bin/java
0137b000-046f6000 rw-p 00000000 00:00 0                                  [heap]
be000000-bf670000 rw-p 00000000 00:00 0 
bf670000-c3200000 rw-p 00000000 00:00 0 
c3200000-c5a90000 rw-p 00000000 00:00 0 
c5a90000-ebb60000 rw-p 00000000 00:00 0 
ebb60000-f4340000 rw-p 00000000 00:00 0 
f4340000-100000000 rw-p 00000000 00:00 0 
7f2f4beff000-7f2f4bf02000 ---p 00000000 00:00 0 
7f2f4bf02000-7f2f4c000000 rw-p 00000000 00:00 0 
7f2f4c000000-7f2f4c67b000 rw-p 00000000 00:00 0 
7f2f4c67b000-7f2f50000000 ---p 00000000 00:00 0 
7f2f50000000-7f2f50877000 rw-p 00000000 00:00 0 
7f2f50877000-7f2f54000000 ---p 00000000 00:00 0 
7f2f54000000-7f2f58000000 rw-p 00000000 00:00 0 
7f2f5802e000-7f2f58031000 ---p 00000000 00:00 0 
7f2f58031000-7f2f5812f000 rw-p 00000000 00:00 0 
7f2f5812f000-7f2f58132000 ---p 00000000 00:00 0 
7f2f58132000-7f2f58230000 rw-p 00000000 00:00 0 
7f2f58230000-7f2f58233000 ---p 00000000 00:00 0 
7f2f58233000-7f2f58331000 rw-p 00000000 00:00 0 
7f2f58331000-7f2f58334000 ---p 00000000 00:00 0 
7f2f58334000-7f2f58432000 rw-p 00000000 00:00 0 
7f2f58432000-7f2f58435000 ---p 00000000 00:00 0 
7f2f58435000-7f2f58533000 rw-p 00000000 00:00 0 
7f2f58533000-7f2f58536000 ---p 00000000 00:00 0 
7f2f58536000-7f2f58634000 rw-p 00000000 00:00 0 
7f2f58634000-7f2f58637000 ---p 00000000 00:00 0 
7f2f58637000-7f2f58735000 rw-p 00000000 00:00 0 
7f2f58735000-7f2f58738000 ---p 00000000 00:00 0 
7f2f58738000-7f2f58836000 rw-p 00000000 00:00 0 
7f2f58836000-7f2f58839000 ---p 00000000 00:00 0 
7f2f58839000-7f2f58937000 rw-p 00000000 00:00 0 
7f2f589ae000-7f2f589b1000 ---p 00000000 00:00 0 
7f2f589b1000-7f2f58aaf000 rw-p 00000000 00:00 0 
7f2f58aaf000-7f2f58ab2000 ---p 00000000 00:00 0 
7f2f58ab2000-7f2f58bb0000 rw-p 00000000 00:00 0 
7f2f58bb0000-7f2f58bb3000 ---p 00000000 00:00 0 
7f2f58bb3000-7f2f58cb1000 rw-p 00000000 00:00 0 
7f2f58cb1000-7f2f58cb4000 ---p 00000000 00:00 0 
7f2f58cb4000-7f2f58db2000 rw-p 00000000 00:00 0 
7f2f58db2000-7f2f58db5000 ---p 00000000 00:00 0 
7f2f58db5000-7f2f58eb3000 rw-p 00000000 00:00 0 
7f2f58eb3000-7f2f58eb6000 ---p 00000000 00:00 0 
7f2f58eb6000-7f2f58fb4000 rw-p 00000000 00:00 0 
7f2f59029000-7f2f5902c000 ---p 00000000 00:00 0 
7f2f5902c000-7f2f5912a000 rw-p 00000000 00:00 0 
7f2f5912a000-7f2f5912d000 ---p 00000000 00:00 0 
7f2f5912d000-7f2f5922b000 rw-p 00000000 00:00 0 
7f2f5922b000-7f2f5922e000 ---p 00000000 00:00 0 
7f2f5922e000-7f2f5932c000 rw-p 00000000 00:00 0 
7f2f5932c000-7f2f5932f000 ---p 00000000 00:00 0 
7f2f5932f000-7f2f5942d000 rw-p 00000000 00:00 0 
7f2f5942d000-7f2f59430000 ---p 00000000 00:00 0 
7f2f59430000-7f2f5952e000 rw-p 00000000 00:00 0 
7f2f595bc000-7f2f595bf000 ---p 00000000 00:00 0 
7f2f595bf000-7f2f596bd000 rw-p 00000000 00:00 0 
7f2f596bd000-7f2f596c5000 r-xp 00000000 08:01 1858645                    /usr/lib/jvm/jdk1.7.0_09/jre/lib/amd64/libmanagement.so
7f2f596c5000-7f2f598c4000 ---p 00008000 08:01 1858645                    /usr/lib/jvm/jdk1.7.0_09/jre/lib/amd64/libmanagement.so
7f2f598c4000-7f2f598c5000 rw-p 00007000 08:01 1858645                    /usr/lib/jvm/jdk1.7.0_09/jre/lib/amd64/libmanagement.so
7f2f598c5000-7f2f598c8000 ---p 00000000 00:00 0 
7f2f598c8000-7f2f599c6000 rw-p 00000000 00:00 0 
7f2f599c6000-7f2f599db000 r-xp 00000000 08:01 1858605                    /usr/lib/jvm/jdk1.7.0_09/jre/lib/amd64/libnet.so
7f2f599db000-7f2f59bdb000 ---p 00015000 08:01 1858605                    /usr/lib/jvm/jdk1.7.0_09/jre/lib/amd64/libnet.so
7f2f59bdb000-7f2f59bdc000 rw-p 00015000 08:01 1858605                    /usr/lib/jvm/jdk1.7.0_09/jre/lib/amd64/libnet.so
7f2f59bdc000-7f2f59bec000 r-xp 00000000 08:01 1858600                    /usr/lib/jvm/jdk1.7.0_09/jre/lib/amd64/libnio.so
7f2f59bec000-7f2f59dec000 ---p 00010000 08:01 1858600                    /usr/lib/jvm/jdk1.7.0_09/jre/lib/amd64/libnio.so
7f2f59dec000-7f2f59ded000 rw-p 00010000 08:01 1858600                    /usr/lib/jvm/jdk1.7.0_09/jre/lib/amd64/libnio.so
7f2f59ded000-7f2f59df7000 r--s 00254000 08:01 1858108                    /usr/lib/jvm/jdk1.7.0_09/jre/lib/resources.jar
7f2f59df7000-7f2f59e01000 r--s 0008a000 08:01 1971128                    /home/nwhitehead/.m2/repository/org/apache/zookeeper/zookeeper/3.3.4/zookeeper-3.3.4.jar
7f2f59e01000-7f2f59e06000 r--s 00016000 08:01 1835747                    /home/nwhitehead/.m2/repository/xml-apis/xml-apis/1.0.b2/xml-apis-1.0.b2.jar
7f2f59e06000-7f2f59e0d000 r--s 00032000 08:01 2100553                    /home/nwhitehead/.m2/repository/org/springframework/spring-tx/3.0.7.RELEASE/spring-tx-3.0.7.RELEASE.jar
7f2f59e0d000-7f2f59e13000 r--s 00033000 08:01 2100576                    /home/nwhitehead/.m2/repository/org/springframework/spring-test/3.1.1.RELEASE/spring-test-3.1.1.RELEASE.jar
7f2f59e13000-7f2f59e1d000 r--s 00055000 08:01 2100556                    /home/nwhitehead/.m2/repository/org/springframework/spring-jdbc/3.0.7.RELEASE/spring-jdbc-3.0.7.RELEASE.jar
7f2f59e1d000-7f2f59e21000 r--s 00026000 08:01 2100550                    /home/nwhitehead/.m2/repository/org/springframework/spring-expression/3.0.7.RELEASE/spring-expression-3.0.7.RELEASE.jar
7f2f59e21000-7f2f59e29000 r--s 00041000 08:01 2106676                    /home/nwhitehead/.m2/repository/org/springframework/data/spring-data-mongodb/1.0.4.RELEASE/spring-data-mongodb-1.0.4.RELEASE.jar
7f2f59e29000-7f2f59e2f000 r--s 0002d000 08:01 2106631                    /home/nwhitehead/.m2/repository/org/springframework/data/spring-data-commons-core/1.2.1.RELEASE/spring-data-commons-core-1.2.1.RELEASE.jar
7f2f59e2f000-7f2f59e38000 r--s 00055000 08:01 2098467                    /home/nwhitehead/.m2/repository/org/springframework/spring-core/3.0.7.RELEASE/spring-core-3.0.7.RELEASE.jar
7f2f59e38000-7f2f59e49000 r--s 00093000 08:01 2098449                    /home/nwhitehead/.m2/repository/org/springframework/spring-context/3.0.7.RELEASE/spring-context-3.0.7.RELEASE.jar
7f2f59e49000-7f2f59e54000 r--s 0007d000 08:01 2098464                    /home/nwhitehead/.m2/repository/org/springframework/spring-beans/3.0.7.RELEASE/spring-beans-3.0.7.RELEASE.jar
7f2f59e54000-7f2f59e55000 r--s 0000c000 08:01 2098411                    /home/nwhitehead/.m2/repository/org/springframework/spring-asm/3.0.7.RELEASE/spring-asm-3.0.7.RELEASE.jar
7f2f59e55000-7f2f59e5e000 r--s 00046000 08:01 2098457                    /home/nwhitehead/.m2/repository/org/springframework/spring-aop/3.0.7.RELEASE/spring-aop-3.0.7.RELEASE.jar
7f2f59e5e000-7f2f59e5f000 r--s 00002000 08:01 2098458                    /home/nwhitehead/.m2/repository/org/slf4j/slf4j-log4j12/1.6.6/slf4j-log4j12-1.6.6.jar
7f2f59e5f000-7f2f59e61000 r--s 00005000 08:01 2098454                    /home/nwhitehead/.m2/repository/org/slf4j/slf4j-api/1.6.6/slf4j-api-1.6.6.jar
7f2f59e61000-7f2f59e69000 r--s 0004a000 08:01 2098420                    /home/nwhitehead/.m2/repository/org/springframework/org.springframework.orm/3.0.7.RELEASE/org.springframework.orm-3.0.7.RELEASE.jar
7f2f59e69000-7f2f59e6b000 r--s 00008000 08:01 1859210                    /home/nwhitehead/.m2/repository/com/cgbystrom/netty-tools/1.2.7/netty-tools-1.2.7.jar
7f2f59e6b000-7f2f59e6e000 r--s 0000d000 08:01 1858866                    /home/nwhitehead/.m2/repository/org/helios/nash/1.0-SNAPSHOT/nash-1.0-SNAPSHOT.jar
7f2f59e6e000-7f2f59e73000 r--s 00043000 08:01 1897640                    /home/nwhitehead/.m2/repository/org/mongodb/mongo-java-driver/2.7.1/mongo-java-driver-2.7.1.jar
7f2f59e73000-7f2f59e7c000 r--s 0004d000 08:01 1846066                    /home/nwhitehead/.m2/repository/ch/qos/logback/logback-core/1.0.6/logback-core-1.0.6.jar
7f2f59e7c000-7f2f59e82000 r--s 00038000 08:01 1846088                    /home/nwhitehead/.m2/repository/ch/qos/logback/logback-classic/1.0.6/logback-classic-1.0.6.jar
7f2f59e82000-7f2f59e84000 r--s 00004000 08:01 2098465                    /home/nwhitehead/.m2/repository/org/slf4j/log4j-over-slf4j/1.6.4/log4j-over-slf4j-1.6.4.jar
7f2f59e84000-7f2f59e87000 r--s 00006000 08:01 3698766                    /home/nwhitehead/.m2/repository/com/google/code/findbugs/jsr305/1.3.9/jsr305-1.3.9.jar
7f2f59e87000-7f2f59e89000 r--s 00001000 08:01 4456612                    /home/nwhitehead/.m2/repository/net/javacrumbs/json-xml/1.2/json-xml-1.2.jar
7f2f59e89000-7f2f59e8a000 r--s 00005000 08:01 3025780                    /home/nwhitehead/.m2/repository/com/googlecode/json-simple/json-simple/1.1.1/json-simple-1.1.1.jar
7f2f59e8a000-7f2f59e8c000 r--s 0000a000 08:01 1846472                    /home/nwhitehead/.m2/repository/org/json/json/20090211/json-20090211.jar
7f2f59e8c000-7f2f59e8e000 r--s 00003000 08:01 2098459                    /home/nwhitehead/.m2/repository/org/slf4j/jcl-over-slf4j/1.6.4/jcl-over-slf4j-1.6.4.jar
7f2f59e8e000-7f2f59e91000 r--s 00018000 08:01 4347811                    /home/nwhitehead/.m2/repository/org/fusesource/jansi/jansi/1.4/jansi-1.4.jar
7f2f59e91000-7f2f59e95000 r--s 00034000 08:01 1971132                    /home/nwhitehead/.m2/repository/org/codehaus/jackson/jackson-core-asl/1.8.1/jackson-core-asl-1.8.1.jar
7f2f59e95000-7f2f59e97000 r--s 00016000 08:01 1858774                    /home/nwhitehead/.m2/repository/com/github/stephenc/high-scale-lib/high-scale-lib/1.1.4/high-scale-lib-1.1.4.jar
7f2f59e97000-7f2f59eba000 r--s 00211000 08:01 2240994                    /home/nwhitehead/.m2/repository/org/hibernate/hibernate-core/3.3.2.GA/hibernate-core-3.3.2.GA.jar
7f2f59eba000-7f2f59ec4000 r--s 0012f000 08:01 1858783                    /home/nwhitehead/.m2/repository/com/h2database/h2/1.3.168/h2-1.3.168.jar
7f2f59ec4000-7f2f59ee6000 r--s 00195000 08:01 3675761                    /home/nwhitehead/.m2/repository/com/google/guava/guava/12.0/guava-12.0.jar
7f2f59ee6000-7f2f59eeb000 r--s 0002a000 08:01 3675752                    /home/nwhitehead/.m2/repository/com/google/code/gson/gson/2.2.2/gson-2.2.2.jar
7f2f59eeb000-7f2f59f4a000 r--s 00589000 08:01 1858790                    /home/nwhitehead/.m2/repository/org/codehaus/groovy/groovy-all/2.0.1/groovy-all-2.0.1.jar
7f2f59f4a000-7f2f59f4f000 r--s 00048000 08:01 1836869                    /home/nwhitehead/.m2/repository/dom4j/dom4j/1.6.1/dom4j-1.6.1.jar
7f2f59f4f000-7f2f59f52000 r--s 0000e000 08:01 1863083                    /home/nwhitehead/.m2/repository/de/flapdoodle/embed/de.flapdoodle.embed.process/1.24/de.flapdoodle.embed.process-1.24.jar
7f2f59f52000-7f2f59f54000 r--s 00005000 08:01 1863082                    /home/nwhitehead/.m2/repository/de/flapdoodle/embed/de.flapdoodle.embed.mongo/1.26/de.flapdoodle.embed.mongo-1.26.jar
7f2f59f54000-7f2f59f57000 r--s 0002a000 08:01 4456613                    /home/nwhitehead/.m2/repository/net/opentsdb/core/1.1.0/core-1.1.0.jar
7f2f59f57000-7f2f59f5a000 r--s 00015000 08:01 1836071                    /home/nwhitehead/.m2/repository/commons-pool/commons-pool/1.5.4/commons-pool-1.5.4.jar
7f2f59f5a000-7f2f59f5c000 r--s 0000d000 08:01 1849525                    /home/nwhitehead/.m2/repository/commons-logging/commons-logging/1.1.1/commons-logging-1.1.1.jar
7f2f59f5c000-7f2f59f60000 r--s 00027000 08:01 1863084                    /home/nwhitehead/.m2/repository/commons-io/commons-io/2.2/commons-io-2.2.jar
7f2f59f60000-7f2f59f63000 r--s 00025000 08:01 1858769                    /home/nwhitehead/.m2/repository/commons-dbcp/commons-dbcp/1.4/commons-dbcp-1.4.jar
7f2f59f63000-7f2f59f68000 r--s 00032000 08:01 1976205                    /home/nwhitehead/.m2/repository/org/apache/commons/commons-compress/1.3/commons-compress-1.3.jar
7f2f59f68000-7f2f59f75000 r--s 0007c000 08:01 1836641                    /home/nwhitehead/.m2/repository/commons-collections/commons-collections/3.1/commons-collections-3.1.jar
7f2f59f75000-7f2f59f78000 r--s 00012000 08:01 1970991                    /home/nwhitehead/.m2/repository/org/apache/camel/camel-test-spring/2.10.0/camel-test-spring-2.10.0.jar
7f2f59f78000-7f2f59f7a000 r--s 0000c000 08:01 1971113                    /home/nwhitehead/.m2/repository/org/apache/camel/camel-test/2.10.0/camel-test-2.10.0.jar
7f2f59f7a000-7f2f59f7f000 r--s 00033000 08:01 1971135                    /home/nwhitehead/.m2/repository/org/apache/camel/camel-spring/2.10.0/camel-spring-2.10.0.jar
7f2f59f7f000-7f2f59f81000 r--s 0000e000 08:01 1971138                    /home/nwhitehead/.m2/repository/org/apache/camel/camel-netty/2.10.0/camel-netty-2.10.0.jar
7f2f59f81000-7f2f59faa000 r--s 001f1000 08:01 1969727                    /home/nwhitehead/.m2/repository/org/apache/camel/camel-core/2.10.0/camel-core-2.10.0.jar
7f2f59faa000-7f2f59fae000 r--s 00024000 08:01 1858773                    /home/nwhitehead/.m2/repository/org/hbase/asynchbase/1.3.2/asynchbase-1.3.2.jar
7f2f59fae000-7f2f59fb7000 r--s 0006c000 08:01 1858778                    /home/nwhitehead/.m2/repository/com/ning/async-http-client/1.7.6/async-http-client-1.7.6.jar
7f2f59fb7000-7f2f59fb8000 r--s 00003000 08:01 1858770                    /home/nwhitehead/.m2/repository/com/stumbleupon/async/1.2.0/async-1.2.0.jar
7f2f59fb8000-7f2f59fbe000 r--s 00054000 08:01 5375779                    /home/nwhitehead/.m2/repository/org/snmp4j/snmp4j/1.9.1f/snmp4j-1.9.1f.jar
7f2f59fbe000-7f2f59fd4000 r--s 000fd000 08:01 2229165                    /home/nwhitehead/.m2/repository/io/netty/netty/3.5.8.Final/netty-3.5.8.Final.jar
7f2f59fd4000-7f2f59fd5000 ---p 00000000 00:00 0 
7f2f59fd5000-7f2f5a0d5000 rw-p 00000000 00:00 0 
7f2f5a0d5000-7f2f5a0d8000 ---p 00000000 00:00 0 
7f2f5a0d8000-7f2f5a1d6000 rw-p 00000000 00:00 0 
7f2f5a1d6000-7f2f5a1d9000 ---p 00000000 00:00 0 
7f2f5a1d9000-7f2f5a2d7000 rw-p 00000000 00:00 0 
7f2f5a2d7000-7f2f5a2da000 ---p 00000000 00:00 0 
7f2f5a2da000-7f2f5a3d8000 rw-p 00000000 00:00 0 
7f2f5a3d8000-7f2f5a3db000 ---p 00000000 00:00 0 
7f2f5a3db000-7f2f5a4d9000 rw-p 00000000 00:00 0 
7f2f5a4d9000-7f2f5a4dc000 ---p 00000000 00:00 0 
7f2f5a4dc000-7f2f5a5da000 rw-p 00000000 00:00 0 
7f2f5a5da000-7f2f5a5dd000 ---p 00000000 00:00 0 
7f2f5a5dd000-7f2f5a6db000 rw-p 00000000 00:00 0 
7f2f5a6db000-7f2f5a6df000 r-xp 00000000 08:01 1858620                    /usr/lib/jvm/jdk1.7.0_09/jre/lib/amd64/libdt_socket.so
7f2f5a6df000-7f2f5a8de000 ---p 00004000 08:01 1858620                    /usr/lib/jvm/jdk1.7.0_09/jre/lib/amd64/libdt_socket.so
7f2f5a8de000-7f2f5a8df000 rw-p 00003000 08:01 1858620                    /usr/lib/jvm/jdk1.7.0_09/jre/lib/amd64/libdt_socket.so
7f2f5a8df000-7f2f5a8e2000 ---p 00000000 00:00 0 
7f2f5a8e2000-7f2f5a9e0000 rw-p 00000000 00:00 0 
7f2f5a9e0000-7f2f5a9e3000 ---p 00000000 00:00 0 
7f2f5a9e3000-7f2f5aae1000 rw-p 00000000 00:00 0 
7f2f5aae1000-7f2f5aae4000 ---p 00000000 00:00 0 
7f2f5aae4000-7f2f5abe2000 rw-p 00000000 00:00 0 
7f2f5abe2000-7f2f5abe3000 ---p 00000000 00:00 0 
7f2f5abe3000-7f2f5b6bf000 rw-p 00000000 00:00 0 
7f2f5b6bf000-7f2f5b87b000 r--s 039da000 08:01 1858659                    /usr/lib/jvm/jdk1.7.0_09/jre/lib/rt.jar
7f2f5b87b000-7f2f5e1e3000 rw-p 00000000 00:00 0 
7f2f5e1e3000-7f2f5e1e4000 ---p 00000000 00:00 0 
7f2f5e1e4000-7f2f5e2e4000 rw-p 00000000 00:00 0 
7f2f5e2e4000-7f2f5e2e5000 ---p 00000000 00:00 0 
7f2f5e2e5000-7f2f5e3f1000 rw-p 00000000 00:00 0 
7f2f5e3f1000-7f2f5e40e000 rw-p 00000000 00:00 0 
7f2f5e40e000-7f2f5e423000 rw-p 00000000 00:00 0 
7f2f5e423000-7f2f5e553000 rw-p 00000000 00:00 0 
7f2f5e553000-7f2f5e55f000 rw-p 00000000 00:00 0 
7f2f5e55f000-7f2f5e57c000 rw-p 00000000 00:00 0 
7f2f5e57c000-7f2f5e591000 rw-p 00000000 00:00 0 
7f2f5e591000-7f2f5e6c0000 rw-p 00000000 00:00 0 
7f2f5e6c0000-7f2f5e705000 rw-p 00000000 00:00 0 
7f2f5e705000-7f2f5e763000 rw-p 00000000 00:00 0 
7f2f5e763000-7f2f5e764000 rw-p 00000000 00:00 0 
7f2f5e764000-7f2f5e9d4000 rwxp 00000000 00:00 0 
7f2f5e9d4000-7f2f61764000 rw-p 00000000 00:00 0 
7f2f61764000-7f2f6177e000 r-xp 00000000 08:01 1858648                    /usr/lib/jvm/jdk1.7.0_09/jre/lib/amd64/libzip.so
7f2f6177e000-7f2f6197e000 ---p 0001a000 08:01 1858648                    /usr/lib/jvm/jdk1.7.0_09/jre/lib/amd64/libzip.so
7f2f6197e000-7f2f6197f000 rw-p 0001a000 08:01 1858648                    /usr/lib/jvm/jdk1.7.0_09/jre/lib/amd64/libzip.so
7f2f6197f000-7f2f6198b000 r-xp 00000000 08:01 2490502                    /lib/libnss_files-2.12.1.so
7f2f6198b000-7f2f61b8a000 ---p 0000c000 08:01 2490502                    /lib/libnss_files-2.12.1.so
7f2f61b8a000-7f2f61b8b000 r--p 0000b000 08:01 2490502                    /lib/libnss_files-2.12.1.so
7f2f61b8b000-7f2f61b8c000 rw-p 0000c000 08:01 2490502                    /lib/libnss_files-2.12.1.so
7f2f61b8c000-7f2f61b96000 r-xp 00000000 08:01 2490525                    /lib/libnss_nis-2.12.1.so
7f2f61b96000-7f2f61d95000 ---p 0000a000 08:01 2490525                    /lib/libnss_nis-2.12.1.so
7f2f61d95000-7f2f61d96000 r--p 00009000 08:01 2490525                    /lib/libnss_nis-2.12.1.so
7f2f61d96000-7f2f61d97000 rw-p 0000a000 08:01 2490525                    /lib/libnss_nis-2.12.1.so
7f2f61d97000-7f2f61dae000 r-xp 00000000 08:01 2490479                    /lib/libnsl-2.12.1.so
7f2f61dae000-7f2f61fad000 ---p 00017000 08:01 2490479                    /lib/libnsl-2.12.1.so
7f2f61fad000-7f2f61fae000 r--p 00016000 08:01 2490479                    /lib/libnsl-2.12.1.so
7f2f61fae000-7f2f61faf000 rw-p 00017000 08:01 2490479                    /lib/libnsl-2.12.1.so
7f2f61faf000-7f2f61fb1000 rw-p 00000000 00:00 0 
7f2f61fb1000-7f2f61fb9000 r-xp 00000000 08:01 2490489                    /lib/libnss_compat-2.12.1.so
7f2f61fb9000-7f2f621b8000 ---p 00008000 08:01 2490489                    /lib/libnss_compat-2.12.1.so
7f2f621b8000-7f2f621b9000 r--p 00007000 08:01 2490489                    /lib/libnss_compat-2.12.1.so
7f2f621b9000-7f2f621ba000 rw-p 00008000 08:01 2490489                    /lib/libnss_compat-2.12.1.so
7f2f621ba000-7f2f6245e000 r--p 00000000 08:01 2623986                    /usr/lib/locale/locale-archive
7f2f6245e000-7f2f62461000 r-xp 00000000 08:01 1858611                    /usr/lib/jvm/jdk1.7.0_09/jre/lib/amd64/libnpt.so
7f2f62461000-7f2f62660000 ---p 00003000 08:01 1858611                    /usr/lib/jvm/jdk1.7.0_09/jre/lib/amd64/libnpt.so
7f2f62660000-7f2f62661000 rw-p 00002000 08:01 1858611                    /usr/lib/jvm/jdk1.7.0_09/jre/lib/amd64/libnpt.so
7f2f62661000-7f2f6269a000 r-xp 00000000 08:01 1858652                    /usr/lib/jvm/jdk1.7.0_09/jre/lib/amd64/libjdwp.so
7f2f6269a000-7f2f62899000 ---p 00039000 08:01 1858652                    /usr/lib/jvm/jdk1.7.0_09/jre/lib/amd64/libjdwp.so
7f2f62899000-7f2f6289b000 rw-p 00038000 08:01 1858652                    /usr/lib/jvm/jdk1.7.0_09/jre/lib/amd64/libjdwp.so
7f2f6289b000-7f2f628c4000 r-xp 00000000 08:01 1858634                    /usr/lib/jvm/jdk1.7.0_09/jre/lib/amd64/libjava.so
7f2f628c4000-7f2f62ac4000 ---p 00029000 08:01 1858634                    /usr/lib/jvm/jdk1.7.0_09/jre/lib/amd64/libjava.so
7f2f62ac4000-7f2f62ac6000 rw-p 00029000 08:01 1858634                    /usr/lib/jvm/jdk1.7.0_09/jre/lib/amd64/libjava.so
7f2f62ac6000-7f2f62ad3000 r-xp 00000000 08:01 1858632                    /usr/lib/jvm/jdk1.7.0_09/jre/lib/amd64/libverify.so
7f2f62ad3000-7f2f62cd2000 ---p 0000d000 08:01 1858632                    /usr/lib/jvm/jdk1.7.0_09/jre/lib/amd64/libverify.so
7f2f62cd2000-7f2f62cd4000 rw-p 0000c000 08:01 1858632                    /usr/lib/jvm/jdk1.7.0_09/jre/lib/amd64/libverify.so
7f2f62cd4000-7f2f62cdb000 r-xp 00000000 08:01 2491140                    /lib/librt-2.12.1.so
7f2f62cdb000-7f2f62eda000 ---p 00007000 08:01 2491140                    /lib/librt-2.12.1.so
7f2f62eda000-7f2f62edb000 r--p 00006000 08:01 2491140                    /lib/librt-2.12.1.so
7f2f62edb000-7f2f62edc000 rw-p 00007000 08:01 2491140                    /lib/librt-2.12.1.so
7f2f62edc000-7f2f62f5e000 r-xp 00000000 08:01 2490475                    /lib/libm-2.12.1.so
7f2f62f5e000-7f2f6315d000 ---p 00082000 08:01 2490475                    /lib/libm-2.12.1.so
7f2f6315d000-7f2f6315e000 r--p 00081000 08:01 2490475                    /lib/libm-2.12.1.so
7f2f6315e000-7f2f6315f000 rw-p 00082000 08:01 2490475                    /lib/libm-2.12.1.so
7f2f6315f000-7f2f63ba6000 r-xp 00000000 08:01 1858639                    /usr/lib/jvm/jdk1.7.0_09/jre/lib/amd64/server/libjvm.so
7f2f63ba6000-7f2f63da5000 ---p 00a47000 08:01 1858639                    /usr/lib/jvm/jdk1.7.0_09/jre/lib/amd64/server/libjvm.so
7f2f63da5000-7f2f63e49000 rw-p 00a46000 08:01 1858639                    /usr/lib/jvm/jdk1.7.0_09/jre/lib/amd64/server/libjvm.so
7f2f63e49000-7f2f63e84000 rw-p 00000000 00:00 0 
7f2f63e84000-7f2f63ffe000 r-xp 00000000 08:01 2490430                    /lib/libc-2.12.1.so
7f2f63ffe000-7f2f641fe000 ---p 0017a000 08:01 2490430                    /lib/libc-2.12.1.so
7f2f641fe000-7f2f64202000 r--p 0017a000 08:01 2490430                    /lib/libc-2.12.1.so
7f2f64202000-7f2f64203000 rw-p 0017e000 08:01 2490430                    /lib/libc-2.12.1.so
7f2f64203000-7f2f64208000 rw-p 00000000 00:00 0 
7f2f64208000-7f2f6420a000 r-xp 00000000 08:01 2490473                    /lib/libdl-2.12.1.so
7f2f6420a000-7f2f6440a000 ---p 00002000 08:01 2490473                    /lib/libdl-2.12.1.so
7f2f6440a000-7f2f6440b000 r--p 00002000 08:01 2490473                    /lib/libdl-2.12.1.so
7f2f6440b000-7f2f6440c000 rw-p 00003000 08:01 2490473                    /lib/libdl-2.12.1.so
7f2f6440c000-7f2f64422000 r-xp 00000000 08:01 1858609                    /usr/lib/jvm/jdk1.7.0_09/jre/lib/amd64/jli/libjli.so
7f2f64422000-7f2f64621000 ---p 00016000 08:01 1858609                    /usr/lib/jvm/jdk1.7.0_09/jre/lib/amd64/jli/libjli.so
7f2f64621000-7f2f64622000 rw-p 00015000 08:01 1858609                    /usr/lib/jvm/jdk1.7.0_09/jre/lib/amd64/jli/libjli.so
7f2f64622000-7f2f6463a000 r-xp 00000000 08:01 2490545                    /lib/libpthread-2.12.1.so
7f2f6463a000-7f2f64839000 ---p 00018000 08:01 2490545                    /lib/libpthread-2.12.1.so
7f2f64839000-7f2f6483a000 r--p 00017000 08:01 2490545                    /lib/libpthread-2.12.1.so
7f2f6483a000-7f2f6483b000 rw-p 00018000 08:01 2490545                    /lib/libpthread-2.12.1.so
7f2f6483b000-7f2f6483f000 rw-p 00000000 00:00 0 
7f2f6483f000-7f2f6485f000 r-xp 00000000 08:01 2490421                    /lib/ld-2.12.1.so
7f2f64860000-7f2f64862000 rw-p 00000000 00:00 0 
7f2f64862000-7f2f64869000 r--s 00062000 08:01 2381988                    /home/nwhitehead/.m2/repository/org/hyperic/sigar/1.6.4/sigar-1.6.4.jar
7f2f64869000-7f2f64872000 r--s 0006d000 08:01 1835714                    /home/nwhitehead/.m2/repository/log4j/log4j/1.2.16/log4j-1.2.16.jar
7f2f64872000-7f2f64878000 r--s 00034000 08:01 3189641                    /home/nwhitehead/.m2/repository/junit/junit/4.8.2/junit-4.8.2.jar
7f2f64878000-7f2f64882000 rw-p 00000000 00:00 0 
7f2f64882000-7f2f64938000 rw-p 00000000 00:00 0 
7f2f64938000-7f2f6493b000 ---p 00000000 00:00 0 
7f2f6493b000-7f2f64a3d000 rw-p 00000000 00:00 0 
7f2f64a3d000-7f2f64a41000 r--s 00089000 08:01 1858097                    /usr/lib/jvm/jdk1.7.0_09/jre/lib/jsse.jar
7f2f64a41000-7f2f64a4a000 r--s 00098000 08:01 1836150                    /home/nwhitehead/.m2/repository/org/javassist/javassist/3.16.1-GA/javassist-3.16.1-GA.jar
7f2f64a4a000-7f2f64a4c000 r--s 00000000 08:01 1835649                    /home/nwhitehead/.m2/repository/aopalliance/aopalliance/1.0/aopalliance-1.0.jar
7f2f64a4c000-7f2f64a52000 r--s 00067000 08:01 1835777                    /home/nwhitehead/.m2/repository/antlr/antlr/2.7.6/antlr-2.7.6.jar
7f2f64a52000-7f2f64a53000 r--s 00003000 08:01 1835778                    /home/nwhitehead/.m2/repository/javax/transaction/jta/1.1/jta-1.1.jar
7f2f64a53000-7f2f64a5b000 rw-s 00000000 08:01 4850708                    /tmp/hsperfdata_nwhitehead/10931
7f2f64a5b000-7f2f64a5c000 rw-p 00000000 00:00 0 
7f2f64a5c000-7f2f64a5d000 r--p 00000000 00:00 0 
7f2f64a5d000-7f2f64a5f000 rw-p 00000000 00:00 0 
7f2f64a5f000-7f2f64a60000 r--p 00020000 08:01 2490421                    /lib/ld-2.12.1.so
7f2f64a60000-7f2f64a61000 rw-p 00021000 08:01 2490421                    /lib/ld-2.12.1.so
7f2f64a61000-7f2f64a62000 rw-p 00000000 00:00 0 
7fff089b1000-7fff089d3000 rw-p 00000000 00:00 0                          [stack]
7fff089ff000-7fff08a00000 r-xp 00000000 00:00 0                          [vdso]
ffffffffff600000-ffffffffff601000 r-xp 00000000 00:00 0                  [vsyscall]

VM Arguments:
jvm_args: -agentlib:jdwp=transport=dt_socket,suspend=y,address=localhost:49040 -Dfile.encoding=UTF-8 
java_command: org.helios.apmrouter.APMRouter ./src/test/resources/server
Launcher Type: SUN_STANDARD

Environment Variables:
PATH=/home/nwhitehead/bin:/usr/local/sbin:/usr/local/bin:/usr/sbin:/usr/bin:/sbin:/bin:/usr/games
USERNAME=nwhitehead
LD_LIBRARY_PATH=/usr/lib/jvm/jdk1.7.0_09/jre/lib/amd64/server:/usr/lib/jvm/jdk1.7.0_09/jre/lib/amd64:/usr/lib/jvm/jdk1.7.0_09/jre/../lib/amd64:/usr/lib/jvm/java-6-openjdk/jre/lib/amd64/server:/usr/lib/jvm/java-6-openjdk/jre/lib/amd64:/usr/lib/jvm/java-6-openjdk/jre/../lib/amd64
SHELL=/bin/bash
DISPLAY=:0.0

Signal Handlers:
SIGSEGV: [libjvm.so+0x8a5c80], sa_mask[0]=0x7ffbfeff, sa_flags=0x10000004
SIGBUS: [libjvm.so+0x8a5c80], sa_mask[0]=0x7ffbfeff, sa_flags=0x10000004
SIGFPE: [libjvm.so+0x741d60], sa_mask[0]=0x7ffbfeff, sa_flags=0x10000004
SIGPIPE: [libjvm.so+0x741d60], sa_mask[0]=0x7ffbfeff, sa_flags=0x10000004
SIGXFSZ: [libjvm.so+0x741d60], sa_mask[0]=0x7ffbfeff, sa_flags=0x10000004
SIGILL: [libjvm.so+0x741d60], sa_mask[0]=0x7ffbfeff, sa_flags=0x10000004
SIGUSR1: SIG_DFL, sa_mask[0]=0x00000000, sa_flags=0x00000000
SIGUSR2: [libjvm.so+0x7416b0], sa_mask[0]=0x00000004, sa_flags=0x10000004
SIGHUP: [libjvm.so+0x743a40], sa_mask[0]=0x7ffbfeff, sa_flags=0x10000004
SIGINT: [libjvm.so+0x743a40], sa_mask[0]=0x7ffbfeff, sa_flags=0x10000004
SIGTERM: [libjvm.so+0x743a40], sa_mask[0]=0x7ffbfeff, sa_flags=0x10000004
SIGQUIT: [libjvm.so+0x743a40], sa_mask[0]=0x7ffbfeff, sa_flags=0x10000004


---------------  S Y S T E M  ---------------

OS:squeeze/sid

uname:Linux 2.6.35-32-generic #67-Ubuntu SMP Mon Mar 5 19:39:49 UTC 2012 x86_64
libc:glibc 2.12.1 NPTL 2.12.1 
rlimit: STACK 8192k, CORE 0k, NPROC infinity, NOFILE 4096, AS infinity
load average:0.29 0.44 0.50

/proc/meminfo:
MemTotal:        3984228 kB
MemFree:          299064 kB
Buffers:           33408 kB
Cached:           576320 kB
SwapCached:       198328 kB
Active:          2322264 kB
Inactive:        1071712 kB
Active(anon):    2151196 kB
Inactive(anon):   876636 kB
Active(file):     171068 kB
Inactive(file):   195076 kB
Unevictable:          80 kB
Mlocked:              80 kB
SwapTotal:       4016124 kB
SwapFree:        2954276 kB
Dirty:             10100 kB
Writeback:             0 kB
AnonPages:       2676348 kB
Mapped:           133816 kB
Shmem:            243584 kB
Slab:              93964 kB
SReclaimable:      53428 kB
SUnreclaim:        40536 kB
KernelStack:        6840 kB
PageTables:        57484 kB
NFS_Unstable:          0 kB
Bounce:                0 kB
WritebackTmp:          0 kB
CommitLimit:     6008236 kB
Committed_AS:    7729792 kB
VmallocTotal:   34359738367 kB
VmallocUsed:      378348 kB
VmallocChunk:   34359285368 kB
HardwareCorrupted:     0 kB
HugePages_Total:       0
HugePages_Free:        0
HugePages_Rsvd:        0
HugePages_Surp:        0
Hugepagesize:       2048 kB
DirectMap4k:        8896 kB
DirectMap2M:     4110336 kB


CPU:total 2 (2 cores per cpu, 1 threads per core) family 6 model 15 stepping 11, cmov, cx8, fxsr, mmx, sse, sse2, sse3, ssse3, tsc

/proc/cpuinfo:
processor	: 0
vendor_id	: GenuineIntel
cpu family	: 6
model		: 15
model name	: Intel(R) Core(TM)2 Duo CPU     T7300  @ 2.00GHz
stepping	: 11
cpu MHz		: 2001.000
cache size	: 4096 KB
physical id	: 0
siblings	: 2
core id		: 0
cpu cores	: 2
apicid		: 0
initial apicid	: 0
fpu		: yes
fpu_exception	: yes
cpuid level	: 10
wp		: yes
flags		: fpu vme de pse tsc msr pae mce cx8 apic sep mtrr pge mca cmov pat pse36 clflush dts acpi mmx fxsr sse sse2 ss ht tm pbe syscall nx lm constant_tsc arch_perfmon pebs bts rep_good aperfmperf pni dtes64 monitor ds_cpl vmx est tm2 ssse3 cx16 xtpr pdcm lahf_lm ida dts tpr_shadow vnmi flexpriority
bogomips	: 3990.01
clflush size	: 64
cache_alignment	: 64
address sizes	: 36 bits physical, 48 bits virtual
power management:

processor	: 1
vendor_id	: GenuineIntel
cpu family	: 6
model		: 15
model name	: Intel(R) Core(TM)2 Duo CPU     T7300  @ 2.00GHz
stepping	: 11
cpu MHz		: 2001.000
cache size	: 4096 KB
physical id	: 0
siblings	: 2
core id		: 1
cpu cores	: 2
apicid		: 1
initial apicid	: 1
fpu		: yes
fpu_exception	: yes
cpuid level	: 10
wp		: yes
flags		: fpu vme de pse tsc msr pae mce cx8 apic sep mtrr pge mca cmov pat pse36 clflush dts acpi mmx fxsr sse sse2 ss ht tm pbe syscall nx lm constant_tsc arch_perfmon pebs bts rep_good aperfmperf pni dtes64 monitor ds_cpl vmx est tm2 ssse3 cx16 xtpr pdcm lahf_lm ida dts tpr_shadow vnmi flexpriority
bogomips	: 3992.05
clflush size	: 64
cache_alignment	: 64
address sizes	: 36 bits physical, 48 bits virtual
power management:



Memory: 4k page, physical 3984228k(299064k free), swap 4016124k(2954276k free)

vm_info: Java HotSpot(TM) 64-Bit Server VM (23.5-b02) for linux-amd64 JRE (1.7.0_09-b05), built on Sep 24 2012 20:07:15 by "java_re" with gcc 4.3.0 20080428 (Red Hat 4.3.0-8)

time: Sun Nov 25 12:40:33 2012
elapsed time: 118 seconds

