#
# A fatal error has been detected by the Java Runtime Environment:
#
#  SIGSEGV (0xb) at pc=0x00007f4d080f48fa, pid=11715, tid=139968423855872
#
# JRE version: 7.0_04-b20
# Java VM: Java HotSpot(TM) 64-Bit Server VM (23.0-b21 mixed mode linux-amd64 compressed oops)
# Problematic frame:
# V  [libjvm.so+0x6698fa]  _Copy_conjoint_jshorts_atomic+0x6a
#
# Failed to write core dump. Core dumps have been disabled. To enable core dumping, try "ulimit -c unlimited" before starting Java again
#
# If you would like to submit a bug report, please visit:
#   http://bugreport.sun.com/bugreport/crash.jsp
#

---------------  T H R E A D  ---------------

Current thread (0x00007f4d005d7000):  JavaThread "New I/O  worker #1" daemon [_thread_in_vm, id=11748, stack(0x00007f4cf01f0000,0x00007f4cf02f1000)]

siginfo:si_signo=SIGSEGV: si_errno=0, si_code=2 (SEGV_ACCERR), si_addr=0x00007f4c7c121000

Registers:
RAX=0x00007f4ca6b7ef7c, RBX=0x00007f4d005d7000, RCX=0x0000000730360018, RDX=0xfffffffffaab4412
RSP=0x00007f4cf02eece8, RBP=0x00007f4cf02eed40, RSI=0x0000000000000000, RDI=0x00007f4c7c01ef74
R8 =0x00000000155b0009, R9 =0x0000000000000010, R10=0x00007f4cfd017d85, R11=0x00007f4d08255460
R12=0x0000000000000000, R13=0x00007f4cf02eee20, R14=0x00007f4cf02eed00, R15=0x0000000000000010
RIP=0x00007f4d080f48fa, EFLAGS=0x0000000000010296, CSGSFS=0x0100000000000033, ERR=0x0000000000000004
  TRAPNO=0x000000000000000e

Top of Stack: (sp=0x00007f4cf02eece8)
0x00007f4cf02eece8:   00007f4d08310163 00007f4cf02eed10
0x00007f4cf02eecf8:   00007f4c7c01ef74 00007f4d005d7000
0x00007f4cf02eed08:   0000000000750f68 00007f4cf02eed50
0x00007f4cf02eed18:   00000007006ed598 0000000000000000
0x00007f4cf02eed28:   00000007006ed598 00007f4cf02eee40
0x00007f4cf02eed38:   00007f4d005d7000 00007f4cf02eede0
0x00007f4cf02eed48:   00007f4cfd017db1 000000002ab60012
0x00007f4cf02eed58:   00007f4cf02eed80 00007f4cf02eedd8
0x00007f4cf02eed68:   000000000556c005 00007f4c9805dc58
0x00007f4cf02eed78:   00007f4c9805dc58 0000000705800000
0x00007f4cf02eed88:   00007f4d005d7000 0000000000000001
0x00007f4cf02eed98:   000000002ab60012 00007f4cf02eeda0
0x00007f4cf02eeda8:   0000000000000000 00007f4cf02eee40
0x00007f4cf02eedb8:   00000007006f05c8 0000000000000000
0x00007f4cf02eedc8:   00000007006ed598 0000000000000000
0x00007f4cf02eedd8:   00007f4cf02eee00 00007f4cf02eee88
0x00007f4cf02eede8:   00007f4cfd0061d8 0000000000000000
0x00007f4cf02eedf8:   00007f4cfd013038 000000002ab60012
0x00007f4cf02eee08:   00007f4d07fcf03a 0000000000000010
0x00007f4cf02eee18:   0000000000000010 0000000705800000
0x00007f4cf02eee28:   00007f4c7c01ef74 00007f4cf02eee88
0x00007f4cf02eee38:   0000000000000000 00000007ac8118e8
0x00007f4cf02eee48:   00007f4cf02eee48 000000070137a4ac
0x00007f4cf02eee58:   00007f4cf02eeea8 000000070137ad20
0x00007f4cf02eee68:   0000000000000000 000000070137a4f0
0x00007f4cf02eee78:   00007f4cf02eee00 00007f4cf02eeea0
0x00007f4cf02eee88:   00007f4cf02eef00 00007f4cfd0063b3
0x00007f4cf02eee98:   0000000705800000 000000002ab60012
0x00007f4cf02eeea8:   00000007afc09c10 00000007afc4cef0
0x00007f4cf02eeeb8:   00000007afc4cef0 00007f4cf02eeec0
0x00007f4cf02eeec8:   000000070137a3a1 00007f4cf02eef10
0x00007f4cf02eeed8:   000000070137ad20 0000000000000000 

Instructions: (pc=0x00007f4d080f48fa)
0x00007f4d080f48da:   c0 01 00 00 00 74 0a 66 42 8b 74 47 fe 66 89 71
0x00007f4d080f48ea:   08 c3 0f 1f 40 00 48 8b 74 d0 e8 48 89 74 d1 e8
0x00007f4d080f48fa:   48 8b 74 d0 f0 48 89 74 d1 f0 48 8b 74 d0 f8 48
0x00007f4d080f490a:   89 74 d1 f8 48 8b 34 d0 48 89 34 d1 48 83 c2 04 

Register to memory mapping:

RAX=0x00007f4ca6b7ef7c is an unknown value
RBX=0x00007f4d005d7000 is a thread
RCX=0x0000000730360018 is an oop
[B 
 - klass: {type array byte}
 - length: 716570642
RDX=0xfffffffffaab4412 is an unknown value
RSP=0x00007f4cf02eece8 is pointing into the stack for thread: 0x00007f4d005d7000
RBP=0x00007f4cf02eed40 is pointing into the stack for thread: 0x00007f4d005d7000
RSI=0x0000000000000000 is an unknown value
RDI=0x00007f4c7c01ef74 is an unknown value
R8 =0x00000000155b0009 is an unknown value
R9 =0x0000000000000010 is an unknown value
R10=0x00007f4cfd017d85 is an Interpreter codelet
method entry point (kind = native)  [0x00007f4cfd0178e0, 0x00007f4cfd0186c0]  3552 bytes
R11=0x00007f4d08255460: <offset 0x7ca460> in /usr/lib/jvm/jdk1.7.0_04/jre/lib/amd64/server/libjvm.so at 0x00007f4d07a8b000
R12=0x0000000000000000 is an unknown value
R13=0x00007f4cf02eee20 is pointing into the stack for thread: 0x00007f4d005d7000
R14=0x00007f4cf02eed00 is pointing into the stack for thread: 0x00007f4d005d7000
R15=0x0000000000000010 is an unknown value


Stack: [0x00007f4cf01f0000,0x00007f4cf02f1000],  sp=0x00007f4cf02eece8,  free space=1019k
Native frames: (J=compiled Java code, j=interpreted, Vv=VM code, C=native code)
V  [libjvm.so+0x6698fa]  _Copy_conjoint_jshorts_atomic+0x6a
j  sun.misc.Unsafe.copyMemory(Ljava/lang/Object;JLjava/lang/Object;JJ)V+0
j  org.helios.apmrouter.trace.DirectMetricCollection$Reader.readBytes(I)[B+28
j  org.helios.apmrouter.trace.DirectMetricCollection$Reader.readString()Ljava/lang/String;+9
j  org.helios.apmrouter.trace.DirectMetricCollection$MetricReader.next()Lorg/helios/apmrouter/metric/IMetric;+92
j  org.helios.apmrouter.trace.DirectMetricCollection$MetricReader.next()Ljava/lang/Object;+1
j  org.helios.apmrouter.trace.DirectMetricCollection.decode()[Lorg/helios/apmrouter/metric/IMetric;+24
j  org.helios.apmrouter.server.net.listener.netty.handlers.AgentMetricHandler.processAgentRequest(Lorg/helios/apmrouter/SenderOpCode;Lorg/jboss/netty/buffer/ChannelBuffer;Ljava/net/SocketAddress;Lorg/jboss/netty/channel/Channel;)V+28
j  org.helios.apmrouter.server.net.listener.netty.handlers.udp.UDPAgentOperationRouter.handleUpstream(Lorg/jboss/netty/channel/ChannelHandlerContext;Lorg/jboss/netty/channel/ChannelEvent;)V+74
j  org.jboss.netty.channel.DefaultChannelPipeline.sendUpstream(Lorg/jboss/netty/channel/DefaultChannelPipeline$DefaultChannelHandlerContext;Lorg/jboss/netty/channel/ChannelEvent;)V+9
j  org.jboss.netty.channel.DefaultChannelPipeline.sendUpstream(Lorg/jboss/netty/channel/ChannelEvent;)V+55
j  org.jboss.netty.channel.Channels.fireMessageReceived(Lorg/jboss/netty/channel/Channel;Ljava/lang/Object;Ljava/net/SocketAddress;)V+16
j  org.jboss.netty.channel.socket.nio.NioDatagramWorker.read(Ljava/nio/channels/SelectionKey;)Z+136
j  org.jboss.netty.channel.socket.nio.AbstractNioWorker.processSelectedKeys(Ljava/util/Set;)V+52
j  org.jboss.netty.channel.socket.nio.AbstractNioWorker.run()V+97
j  org.jboss.netty.channel.socket.nio.NioDatagramWorker.run()V+1
j  org.jboss.netty.util.ThreadRenamingRunnable.run()V+55
j  org.jboss.netty.util.internal.DeadLockProofWorker$1.run()V+14
j  java.util.concurrent.ThreadPoolExecutor.runWorker(Ljava/util/concurrent/ThreadPoolExecutor$Worker;)V+46
j  java.util.concurrent.ThreadPoolExecutor$Worker.run()V+5
j  java.lang.Thread.run()V+11
v  ~StubRoutines::call_stub
V  [libjvm.so+0x54df25]  JavaCalls::call_helper(JavaValue*, methodHandle*, JavaCallArguments*, Thread*)+0x355
V  [libjvm.so+0x54ca48]  JavaCalls::call(JavaValue*, methodHandle, JavaCallArguments*, Thread*)+0x28
V  [libjvm.so+0x54ccdc]  JavaCalls::call_virtual(JavaValue*, KlassHandle, Symbol*, Symbol*, JavaCallArguments*, Thread*)+0x17c
V  [libjvm.so+0x54ce07]  JavaCalls::call_virtual(JavaValue*, Handle, KlassHandle, Symbol*, Symbol*, Thread*)+0x47
V  [libjvm.so+0x5a6e3f]  thread_entry(JavaThread*, Thread*)+0xdf
V  [libjvm.so+0x860228]  JavaThread::thread_main_inner()+0xc8
V  [libjvm.so+0x860378]  JavaThread::run()+0x138
V  [libjvm.so+0x741ff0]  java_start(Thread*)+0x100

Java frames: (J=compiled Java code, j=interpreted, Vv=VM code)
j  sun.misc.Unsafe.copyMemory(Ljava/lang/Object;JLjava/lang/Object;JJ)V+0
j  org.helios.apmrouter.trace.DirectMetricCollection$Reader.readBytes(I)[B+28
j  org.helios.apmrouter.trace.DirectMetricCollection$Reader.readString()Ljava/lang/String;+9
j  org.helios.apmrouter.trace.DirectMetricCollection$MetricReader.next()Lorg/helios/apmrouter/metric/IMetric;+92
j  org.helios.apmrouter.trace.DirectMetricCollection$MetricReader.next()Ljava/lang/Object;+1
j  org.helios.apmrouter.trace.DirectMetricCollection.decode()[Lorg/helios/apmrouter/metric/IMetric;+24
j  org.helios.apmrouter.server.net.listener.netty.handlers.AgentMetricHandler.processAgentRequest(Lorg/helios/apmrouter/SenderOpCode;Lorg/jboss/netty/buffer/ChannelBuffer;Ljava/net/SocketAddress;Lorg/jboss/netty/channel/Channel;)V+28
j  org.helios.apmrouter.server.net.listener.netty.handlers.udp.UDPAgentOperationRouter.handleUpstream(Lorg/jboss/netty/channel/ChannelHandlerContext;Lorg/jboss/netty/channel/ChannelEvent;)V+74
j  org.jboss.netty.channel.DefaultChannelPipeline.sendUpstream(Lorg/jboss/netty/channel/DefaultChannelPipeline$DefaultChannelHandlerContext;Lorg/jboss/netty/channel/ChannelEvent;)V+9
j  org.jboss.netty.channel.DefaultChannelPipeline.sendUpstream(Lorg/jboss/netty/channel/ChannelEvent;)V+55
j  org.jboss.netty.channel.Channels.fireMessageReceived(Lorg/jboss/netty/channel/Channel;Ljava/lang/Object;Ljava/net/SocketAddress;)V+16
j  org.jboss.netty.channel.socket.nio.NioDatagramWorker.read(Ljava/nio/channels/SelectionKey;)Z+136
j  org.jboss.netty.channel.socket.nio.AbstractNioWorker.processSelectedKeys(Ljava/util/Set;)V+52
j  org.jboss.netty.channel.socket.nio.AbstractNioWorker.run()V+97
j  org.jboss.netty.channel.socket.nio.NioDatagramWorker.run()V+1
j  org.jboss.netty.util.ThreadRenamingRunnable.run()V+55
j  org.jboss.netty.util.internal.DeadLockProofWorker$1.run()V+14
j  java.util.concurrent.ThreadPoolExecutor.runWorker(Ljava/util/concurrent/ThreadPoolExecutor$Worker;)V+46
j  java.util.concurrent.ThreadPoolExecutor$Worker.run()V+5
j  java.lang.Thread.run()V+11
v  ~StubRoutines::call_stub

---------------  P R O C E S S  ---------------

Java Threads: ( => current thread )
  0x00007f4d0063e800 JavaThread "PatternRouterWorkersThread#3" daemon [_thread_blocked, id=11751, stack(0x00007f4cebdfe000,0x00007f4cebeff000)]
  0x00007f4d0061b000 JavaThread "PatternRouterWorkersThread#2" daemon [_thread_blocked, id=11750, stack(0x00007f4cebeff000,0x00007f4cec000000)]
  0x00007f4d0061a800 JavaThread "PatternRouterWorkersThread#1" daemon [_thread_blocked, id=11749, stack(0x00007f4cf00ef000,0x00007f4cf01f0000)]
=>0x00007f4d005d7000 JavaThread "New I/O  worker #1" daemon [_thread_in_vm, id=11748, stack(0x00007f4cf01f0000,0x00007f4cf02f1000)]
  0x00007f4d005d6000 JavaThread "SpringEventPoolThread#1" daemon [_thread_blocked, id=11747, stack(0x00007f4cf02f1000,0x00007f4cf03f2000)]
  0x00007f4d0010b000 JavaThread "Service Thread" daemon [_thread_blocked, id=11743, stack(0x00007f4cf0bee000,0x00007f4cf0cef000)]
  0x00007f4d00108800 JavaThread "C2 CompilerThread1" daemon [_thread_blocked, id=11742, stack(0x00007f4cf0cef000,0x00007f4cf0df0000)]
  0x00007f4d00105800 JavaThread "C2 CompilerThread0" daemon [_thread_blocked, id=11741, stack(0x00007f4cf0df0000,0x00007f4cf0ef1000)]
  0x00007f4c9c001000 JavaThread "JDWP Command Reader" daemon [_thread_in_native, id=11739, stack(0x00007f4cf0ef1000,0x00007f4cf0ff2000)]
  0x00007f4d00103800 JavaThread "JDWP Event Helper Thread" daemon [_thread_blocked, id=11738, stack(0x00007f4cf0ff2000,0x00007f4cf10f3000)]
  0x00007f4d000ff800 JavaThread "JDWP Transport Listener: dt_socket" daemon [_thread_blocked, id=11735, stack(0x00007f4cf10f3000,0x00007f4cf11f4000)]
  0x00007f4d000f2800 JavaThread "Signal Dispatcher" daemon [_thread_blocked, id=11733, stack(0x00007f4cf13f8000,0x00007f4cf14f9000)]
  0x00007f4d000a7000 JavaThread "Finalizer" daemon [_thread_blocked, id=11732, stack(0x00007f4cf14f9000,0x00007f4cf15fa000)]
  0x00007f4d000a4800 JavaThread "Reference Handler" daemon [_thread_blocked, id=11731, stack(0x00007f4cf15fa000,0x00007f4cf16fb000)]
  0x00007f4d0000c800 JavaThread "main" [_thread_blocked, id=11720, stack(0x00007f4d0929a000,0x00007f4d0939b000)]

Other Threads:
  0x00007f4d0009d000 VMThread [stack: 0x00007f4cf16fb000,0x00007f4cf17fc000] [id=11730]
  0x00007f4d0011d800 WatcherThread [stack: 0x00007f4cf0aed000,0x00007f4cf0bee000] [id=11744]

VM state:not at safepoint (normal execution)

VM Mutex/Monitor currently owned by a thread: None

Heap
 PSYoungGen      total 74816K, used 62922K [0x00000007ac800000, 0x00000007b1b80000, 0x0000000800000000)
  eden space 64128K, 98% used [0x00000007ac800000,0x00000007b0572ad0,0x00000007b06a0000)
  from space 10688K, 0% used [0x00000007b1110000,0x00000007b1110000,0x00000007b1b80000)
  to   space 10688K, 0% used [0x00000007b06a0000,0x00000007b06a0000,0x00000007b1110000)
 ParOldGen       total 870848K, used 699776K [0x0000000705800000, 0x000000073aa70000, 0x00000007ac800000)
  object space 870848K, 80% used [0x0000000705800000,0x0000000730360028,0x000000073aa70000)
 PSPermGen       total 21248K, used 13866K [0x0000000700600000, 0x0000000701ac0000, 0x0000000705800000)
  object space 21248K, 65% used [0x0000000700600000,0x000000070138aa98,0x0000000701ac0000)

Code Cache  [0x00007f4cfd000000, 0x00007f4cfd270000, 0x00007f4d00000000)
 total_blobs=462 nmethods=174 adapters=248 free_code_cache=48245Kb largest_free_block=49375680

Compilation events (10 events):
Event: 28.115 Thread 0x00007f4d00105800  170             java.util.HashMap$HashIterator::hasNext (13 bytes)
Event: 28.115 Thread 0x00007f4d00105800 nmethod 170 0x00007f4cfd0e1990 code [0x00007f4cfd0e1ac0, 0x00007f4cfd0e1b38]
Event: 32.982 Thread 0x00007f4d00108800  171             java.util.HashMap::isEmpty (13 bytes)
Event: 32.982 Thread 0x00007f4d00108800 nmethod 171 0x00007f4cfd0e6510 code [0x00007f4cfd0e6640, 0x00007f4cfd0e66b8]
Event: 34.195 Thread 0x00007f4d00105800  172             java.util.HashSet::isEmpty (8 bytes)
Event: 34.196 Thread 0x00007f4d00105800 nmethod 172 0x00007f4cfd0e6250 code [0x00007f4cfd0e63a0, 0x00007f4cfd0e6458]
Event: 34.888 Thread 0x00007f4d00108800  173             java.util.concurrent.LinkedTransferQueue::poll (9 bytes)
Event: 34.888 Thread 0x00007f4d00105800  174             java.nio.channels.spi.AbstractSelector::isOpen (8 bytes)
Event: 34.889 Thread 0x00007f4d00108800 nmethod 173 0x00007f4cfd0e3b10 code [0x00007f4cfd0e3c60, 0x00007f4cfd0e3ce8]
Event: 34.889 Thread 0x00007f4d00105800 nmethod 174 0x00007f4cfd0e3850 code [0x00007f4cfd0e39a0, 0x00007f4cfd0e3a58]

GC Heap History (0 events):
No events

Deoptimization events (10 events):
Event: 0.884 Thread 0x00007f4d0000c800 Uncommon trap -25 fr.pc 0x00007f4cfd0adf2c
Event: 0.945 Thread 0x00007f4d0000c800 Uncommon trap -25 fr.pc 0x00007f4cfd0adf2c
Event: 0.951 Thread 0x00007f4d0000c800 Uncommon trap -25 fr.pc 0x00007f4cfd0adf2c
Event: 0.976 Thread 0x00007f4d0000c800 Uncommon trap -25 fr.pc 0x00007f4cfd0adf2c
Event: 0.981 Thread 0x00007f4d0000c800 Uncommon trap -25 fr.pc 0x00007f4cfd0adf2c
Event: 1.077 Thread 0x00007f4d0000c800 Uncommon trap -25 fr.pc 0x00007f4cfd0adf2c
Event: 1.078 Thread 0x00007f4d0000c800 Uncommon trap -25 fr.pc 0x00007f4cfd0adf2c
Event: 1.078 Thread 0x00007f4d0000c800 Uncommon trap -25 fr.pc 0x00007f4cfd0adf2c
Event: 1.080 Thread 0x00007f4d0000c800 Uncommon trap -25 fr.pc 0x00007f4cfd0adf2c
Event: 1.080 Thread 0x00007f4d0000c800 Uncommon trap -25 fr.pc 0x00007f4cfd0adf2c

Internal exceptions (10 events):
Event: 51.409 Thread 0x00007f4d005d7000 Threw 0x00000007afc0a508 at /HUDSON/workspace/jdk7u4-2-build-linux-amd64-product/jdk7u4/hotspot/src/share/vm/prims/jvm.cpp:1166
Event: 51.410 Thread 0x00007f4d005d7000 Threw 0x00000007afc100c8 at /HUDSON/workspace/jdk7u4-2-build-linux-amd64-product/jdk7u4/hotspot/src/share/vm/prims/jvm.cpp:1166
Event: 51.410 Thread 0x00007f4d005d7000 Threw 0x00000007afc15220 at /HUDSON/workspace/jdk7u4-2-build-linux-amd64-product/jdk7u4/hotspot/src/share/vm/prims/jvm.cpp:1166
Event: 51.411 Thread 0x00007f4d005d7000 Threw 0x00000007afc1c1d0 at /HUDSON/workspace/jdk7u4-2-build-linux-amd64-product/jdk7u4/hotspot/src/share/vm/prims/jvm.cpp:1166
Event: 51.411 Thread 0x00007f4d005d7000 Threw 0x00000007afc21ef0 at /HUDSON/workspace/jdk7u4-2-build-linux-amd64-product/jdk7u4/hotspot/src/share/vm/prims/jvm.cpp:1166
Event: 51.412 Thread 0x00007f4d005d7000 Threw 0x00000007afc27860 at /HUDSON/workspace/jdk7u4-2-build-linux-amd64-product/jdk7u4/hotspot/src/share/vm/prims/jvm.cpp:1166
Event: 52.963 Thread 0x00007f4d005d7000 Threw 0x00000007afc2d528 at /HUDSON/workspace/jdk7u4-2-build-linux-amd64-product/jdk7u4/hotspot/src/share/vm/prims/jvm.cpp:1166
Event: 52.964 Thread 0x00007f4d005d7000 Threw 0x00000007afc32be0 at /HUDSON/workspace/jdk7u4-2-build-linux-amd64-product/jdk7u4/hotspot/src/share/vm/prims/jvm.cpp:1166
Event: 52.964 Thread 0x00007f4d005d7000 Threw 0x00000007afc3a898 at /HUDSON/workspace/jdk7u4-2-build-linux-amd64-product/jdk7u4/hotspot/src/share/vm/prims/jvm.cpp:1166
Event: 52.965 Thread 0x00007f4d005d7000 Threw 0x00000007afc44260 at /HUDSON/workspace/jdk7u4-2-build-linux-amd64-product/jdk7u4/hotspot/src/share/vm/prims/jvm.cpp:1166

Events (10 events):
Event: 70.200 Executing VM operation: GetOrSetLocal
Event: 70.200 Executing VM operation: GetOrSetLocal done
Event: 70.200 Executing VM operation: GetOrSetLocal
Event: 70.200 Executing VM operation: GetOrSetLocal done
Event: 70.201 Executing VM operation: GetOrSetLocal
Event: 70.201 Executing VM operation: GetOrSetLocal done
Event: 70.201 Executing VM operation: GetOrSetLocal
Event: 70.201 Executing VM operation: GetOrSetLocal done
Event: 71.666 Executing VM operation: ChangeBreakpoints
Event: 71.666 Executing VM operation: ChangeBreakpoints done


Dynamic libraries:
00400000-00401000 r-xp 00000000 08:02 29627988                           /usr/lib/jvm/jdk1.7.0_04/bin/java
00600000-00601000 rw-p 00000000 08:02 29627988                           /usr/lib/jvm/jdk1.7.0_04/bin/java
00793000-007b4000 rw-p 00000000 00:00 0                                  [heap]
700600000-701ac0000 rw-p 00000000 00:00 0 
701ac0000-705800000 rw-p 00000000 00:00 0 
705800000-73aa70000 rw-p 00000000 00:00 0 
73aa70000-7ac800000 rw-p 00000000 00:00 0 
7ac800000-7b1b80000 rw-p 00000000 00:00 0 
7b1b80000-800000000 rw-p 00000000 00:00 0 
7f4c74000000-7f4c74021000 rw-p 00000000 00:00 0 
7f4c74021000-7f4c78000000 ---p 00000000 00:00 0 
7f4c78000000-7f4c78021000 rw-p 00000000 00:00 0 
7f4c78021000-7f4c7c000000 ---p 00000000 00:00 0 
7f4c7c000000-7f4c7c316000 rw-p 00000000 00:00 0 
7f4c7c316000-7f4c80000000 ---p 00000000 00:00 0 
7f4c80000000-7f4c80021000 rw-p 00000000 00:00 0 
7f4c80021000-7f4c84000000 ---p 00000000 00:00 0 
7f4c84000000-7f4c84021000 rw-p 00000000 00:00 0 
7f4c84021000-7f4c88000000 ---p 00000000 00:00 0 
7f4c88000000-7f4c88021000 rw-p 00000000 00:00 0 
7f4c88021000-7f4c8c000000 ---p 00000000 00:00 0 
7f4c8c000000-7f4c8c4d1000 rw-p 00000000 00:00 0 
7f4c8c4d1000-7f4c90000000 ---p 00000000 00:00 0 
7f4c90000000-7f4c90021000 rw-p 00000000 00:00 0 
7f4c90021000-7f4c94000000 ---p 00000000 00:00 0 
7f4c94000000-7f4c94021000 rw-p 00000000 00:00 0 
7f4c94021000-7f4c98000000 ---p 00000000 00:00 0 
7f4c98000000-7f4c98eb0000 rw-p 00000000 00:00 0 
7f4c98eb0000-7f4c9c000000 ---p 00000000 00:00 0 
7f4c9c000000-7f4c9c021000 rw-p 00000000 00:00 0 
7f4c9c021000-7f4ca0000000 ---p 00000000 00:00 0 
7f4ca0000000-7f4ca0021000 rw-p 00000000 00:00 0 
7f4ca0021000-7f4ca4000000 ---p 00000000 00:00 0 
7f4ca4000000-7f4ca4021000 rw-p 00000000 00:00 0 
7f4ca4021000-7f4ca8000000 ---p 00000000 00:00 0 
7f4ca8000000-7f4ca8021000 rw-p 00000000 00:00 0 
7f4ca8021000-7f4cac000000 ---p 00000000 00:00 0 
7f4cac000000-7f4cac021000 rw-p 00000000 00:00 0 
7f4cac021000-7f4cb0000000 ---p 00000000 00:00 0 
7f4cb0000000-7f4cb0021000 rw-p 00000000 00:00 0 
7f4cb0021000-7f4cb4000000 ---p 00000000 00:00 0 
7f4cb4000000-7f4cb4021000 rw-p 00000000 00:00 0 
7f4cb4021000-7f4cb8000000 ---p 00000000 00:00 0 
7f4cbc000000-7f4cbc021000 rw-p 00000000 00:00 0 
7f4cbc021000-7f4cc0000000 ---p 00000000 00:00 0 
7f4cc4000000-7f4cc4021000 rw-p 00000000 00:00 0 
7f4cc4021000-7f4cc8000000 ---p 00000000 00:00 0 
7f4ccc000000-7f4ccc021000 rw-p 00000000 00:00 0 
7f4ccc021000-7f4cd0000000 ---p 00000000 00:00 0 
7f4cd4000000-7f4cd4021000 rw-p 00000000 00:00 0 
7f4cd4021000-7f4cd8000000 ---p 00000000 00:00 0 
7f4cdc000000-7f4cdc021000 rw-p 00000000 00:00 0 
7f4cdc021000-7f4ce0000000 ---p 00000000 00:00 0 
7f4ce4000000-7f4ce4021000 rw-p 00000000 00:00 0 
7f4ce4021000-7f4ce8000000 ---p 00000000 00:00 0 
7f4cebdfe000-7f4cebe01000 ---p 00000000 00:00 0 
7f4cebe01000-7f4cebeff000 rw-p 00000000 00:00 0 
7f4cebeff000-7f4cebf02000 ---p 00000000 00:00 0 
7f4cebf02000-7f4cec000000 rw-p 00000000 00:00 0 
7f4cec000000-7f4cec021000 rw-p 00000000 00:00 0 
7f4cec021000-7f4cf0000000 ---p 00000000 00:00 0 
7f4cf00ef000-7f4cf00f2000 ---p 00000000 00:00 0 
7f4cf00f2000-7f4cf01f0000 rw-p 00000000 00:00 0 
7f4cf01f0000-7f4cf01f3000 ---p 00000000 00:00 0 
7f4cf01f3000-7f4cf02f1000 rw-p 00000000 00:00 0 
7f4cf02f1000-7f4cf02f4000 ---p 00000000 00:00 0 
7f4cf02f4000-7f4cf03f2000 rw-p 00000000 00:00 0 
7f4cf03f2000-7f4cf03fa000 r-xp 00000000 08:02 34741773                   /usr/lib/jvm/jdk1.7.0_04/jre/lib/amd64/libmanagement.so
7f4cf03fa000-7f4cf05f9000 ---p 00008000 08:02 34741773                   /usr/lib/jvm/jdk1.7.0_04/jre/lib/amd64/libmanagement.so
7f4cf05f9000-7f4cf05fa000 rw-p 00007000 08:02 34741773                   /usr/lib/jvm/jdk1.7.0_04/jre/lib/amd64/libmanagement.so
7f4cf05fa000-7f4cf062b000 rw-p 00000000 00:00 0 
7f4cf062b000-7f4cf0640000 r-xp 00000000 08:02 34741739                   /usr/lib/jvm/jdk1.7.0_04/jre/lib/amd64/libnet.so
7f4cf0640000-7f4cf0840000 ---p 00015000 08:02 34741739                   /usr/lib/jvm/jdk1.7.0_04/jre/lib/amd64/libnet.so
7f4cf0840000-7f4cf0841000 rw-p 00015000 08:02 34741739                   /usr/lib/jvm/jdk1.7.0_04/jre/lib/amd64/libnet.so
7f4cf0841000-7f4cf0851000 r-xp 00000000 08:02 34741734                   /usr/lib/jvm/jdk1.7.0_04/jre/lib/amd64/libnio.so
7f4cf0851000-7f4cf0a51000 ---p 00010000 08:02 34741734                   /usr/lib/jvm/jdk1.7.0_04/jre/lib/amd64/libnio.so
7f4cf0a51000-7f4cf0a52000 rw-p 00010000 08:02 34741734                   /usr/lib/jvm/jdk1.7.0_04/jre/lib/amd64/libnio.so
7f4cf0a52000-7f4cf0a5b000 r--s 00254000 08:02 30279729                   /usr/lib/jvm/jdk1.7.0_04/jre/lib/resources.jar
7f4cf0a5b000-7f4cf0a62000 r--s 00032000 08:02 36574803                   /home/nwhitehead/.m2/repository/org/springframework/spring-tx/3.0.7.RELEASE/spring-tx-3.0.7.RELEASE.jar
7f4cf0a62000-7f4cf0a68000 r--s 00033000 08:02 8789171                    /home/nwhitehead/.m2/repository/org/springframework/spring-test/3.1.1.RELEASE/spring-test-3.1.1.RELEASE.jar
7f4cf0a68000-7f4cf0a6c000 r--s 00026000 08:02 8789167                    /home/nwhitehead/.m2/repository/org/springframework/spring-expression/3.0.7.RELEASE/spring-expression-3.0.7.RELEASE.jar
7f4cf0a6c000-7f4cf0a75000 r--s 00055000 08:02 8654891                    /home/nwhitehead/.m2/repository/org/springframework/spring-core/3.0.7.RELEASE/spring-core-3.0.7.RELEASE.jar
7f4cf0a75000-7f4cf0a86000 r--s 00093000 08:02 8654877                    /home/nwhitehead/.m2/repository/org/springframework/spring-context/3.0.7.RELEASE/spring-context-3.0.7.RELEASE.jar
7f4cf0a86000-7f4cf0a91000 r--s 0007d000 08:02 8654888                    /home/nwhitehead/.m2/repository/org/springframework/spring-beans/3.0.7.RELEASE/spring-beans-3.0.7.RELEASE.jar
7f4cf0a91000-7f4cf0a92000 r--s 0000c000 08:02 8654885                    /home/nwhitehead/.m2/repository/org/springframework/spring-asm/3.0.7.RELEASE/spring-asm-3.0.7.RELEASE.jar
7f4cf0a92000-7f4cf0a9b000 r--s 00046000 08:02 8654882                    /home/nwhitehead/.m2/repository/org/springframework/spring-aop/3.0.7.RELEASE/spring-aop-3.0.7.RELEASE.jar
7f4cf0a9b000-7f4cf0aa4000 r--s 00098000 08:02 36969372                   /home/nwhitehead/.m2/repository/org/javassist/javassist/3.16.1-GA/javassist-3.16.1-GA.jar
7f4cf0aa4000-7f4cf0aa6000 r--s 00016000 08:02 31459454                   /home/nwhitehead/.m2/repository/com/github/stephenc/high-scale-lib/high-scale-lib/1.1.4/high-scale-lib-1.1.4.jar
7f4cf0aa6000-7f4cf0aac000 r--s 00054000 08:02 39194404                   /home/nwhitehead/.m2/repository/org/snmp4j/snmp4j/1.9.1f/snmp4j-1.9.1f.jar
7f4cf0aac000-7f4cf0aad000 r--s 00002000 08:02 8522569                    /home/nwhitehead/.m2/repository/org/slf4j/slf4j-log4j12/1.6.6/slf4j-log4j12-1.6.6.jar
7f4cf0aad000-7f4cf0aaf000 r--s 00005000 08:02 8391930                    /home/nwhitehead/.m2/repository/org/slf4j/slf4j-api/1.6.6/slf4j-api-1.6.6.jar
7f4cf0aaf000-7f4cf0ac4000 r--s 000fc000 08:02 30802879                   /home/nwhitehead/.m2/repository/io/netty/netty/3.5.1.Final/netty-3.5.1.Final.jar
7f4cf0ac4000-7f4cf0aed000 r--s 001f1000 08:02 8391906                    /home/nwhitehead/.m2/repository/org/apache/camel/camel-core/2.10.0/camel-core-2.10.0.jar
7f4cf0aed000-7f4cf0aee000 ---p 00000000 00:00 0 
7f4cf0aee000-7f4cf0bee000 rw-p 00000000 00:00 0 
7f4cf0bee000-7f4cf0bf1000 ---p 00000000 00:00 0 
7f4cf0bf1000-7f4cf0cef000 rw-p 00000000 00:00 0 
7f4cf0cef000-7f4cf0cf2000 ---p 00000000 00:00 0 
7f4cf0cf2000-7f4cf0df0000 rw-p 00000000 00:00 0 
7f4cf0df0000-7f4cf0df3000 ---p 00000000 00:00 0 
7f4cf0df3000-7f4cf0ef1000 rw-p 00000000 00:00 0 
7f4cf0ef1000-7f4cf0ef4000 ---p 00000000 00:00 0 
7f4cf0ef4000-7f4cf0ff2000 rw-p 00000000 00:00 0 
7f4cf0ff2000-7f4cf0ff5000 ---p 00000000 00:00 0 
7f4cf0ff5000-7f4cf10f3000 rw-p 00000000 00:00 0 
7f4cf10f3000-7f4cf10f6000 ---p 00000000 00:00 0 
7f4cf10f6000-7f4cf11f4000 rw-p 00000000 00:00 0 
7f4cf11f4000-7f4cf11f8000 r-xp 00000000 08:02 34741752                   /usr/lib/jvm/jdk1.7.0_04/jre/lib/amd64/libdt_socket.so
7f4cf11f8000-7f4cf13f7000 ---p 00004000 08:02 34741752                   /usr/lib/jvm/jdk1.7.0_04/jre/lib/amd64/libdt_socket.so
7f4cf13f7000-7f4cf13f8000 rw-p 00003000 08:02 34741752                   /usr/lib/jvm/jdk1.7.0_04/jre/lib/amd64/libdt_socket.so
7f4cf13f8000-7f4cf13fb000 ---p 00000000 00:00 0 
7f4cf13fb000-7f4cf14f9000 rw-p 00000000 00:00 0 
7f4cf14f9000-7f4cf14fc000 ---p 00000000 00:00 0 
7f4cf14fc000-7f4cf15fa000 rw-p 00000000 00:00 0 
7f4cf15fa000-7f4cf15fd000 ---p 00000000 00:00 0 
7f4cf15fd000-7f4cf16fb000 rw-p 00000000 00:00 0 
7f4cf16fb000-7f4cf16fc000 ---p 00000000 00:00 0 
7f4cf16fc000-7f4cfd000000 rw-p 00000000 00:00 0 
7f4cfd000000-7f4cfd270000 rwxp 00000000 00:00 0 
7f4cfd270000-7f4d00876000 rw-p 00000000 00:00 0 
7f4d00876000-7f4d04000000 ---p 00000000 00:00 0 
7f4d04002000-7f4d0400b000 r--s 0006d000 08:02 30278826                   /home/nwhitehead/.m2/repository/log4j/log4j/1.2.16/log4j-1.2.16.jar
7f4d0400b000-7f4d04011000 r--s 00034000 08:02 29493006                   /home/nwhitehead/.m2/repository/junit/junit/4.8.2/junit-4.8.2.jar
7f4d04011000-7f4d04486000 rw-p 00000000 00:00 0 
7f4d04486000-7f4d04646000 r--s 03a2e000 08:02 30279738                   /usr/lib/jvm/jdk1.7.0_04/jre/lib/rt.jar
7f4d04646000-7f4d0466e000 rw-p 00000000 00:00 0 
7f4d0466e000-7f4d0466f000 ---p 00000000 00:00 0 
7f4d0466f000-7f4d0476f000 rw-p 00000000 00:00 0 
7f4d0476f000-7f4d04770000 ---p 00000000 00:00 0 
7f4d04770000-7f4d04870000 rw-p 00000000 00:00 0 
7f4d04870000-7f4d04871000 ---p 00000000 00:00 0 
7f4d04871000-7f4d04971000 rw-p 00000000 00:00 0 
7f4d04971000-7f4d04972000 ---p 00000000 00:00 0 
7f4d04972000-7f4d04a72000 rw-p 00000000 00:00 0 
7f4d04a72000-7f4d04a73000 ---p 00000000 00:00 0 
7f4d04a73000-7f4d04b73000 rw-p 00000000 00:00 0 
7f4d04b73000-7f4d04b74000 ---p 00000000 00:00 0 
7f4d04b74000-7f4d04c74000 rw-p 00000000 00:00 0 
7f4d04c74000-7f4d04c75000 ---p 00000000 00:00 0 
7f4d04c75000-7f4d04d75000 rw-p 00000000 00:00 0 
7f4d04d75000-7f4d04d76000 ---p 00000000 00:00 0 
7f4d04d76000-7f4d04e81000 rw-p 00000000 00:00 0 
7f4d04e81000-7f4d04e9f000 rw-p 00000000 00:00 0 
7f4d04e9f000-7f4d05049000 rw-p 00000000 00:00 0 
7f4d05049000-7f4d053d7000 rw-p 00000000 00:00 0 
7f4d053d7000-7f4d053e2000 rw-p 00000000 00:00 0 
7f4d053e2000-7f4d05400000 rw-p 00000000 00:00 0 
7f4d05400000-7f4d055aa000 rw-p 00000000 00:00 0 
7f4d055aa000-7f4d05938000 rw-p 00000000 00:00 0 
7f4d05938000-7f4d05962000 rw-p 00000000 00:00 0 
7f4d05962000-7f4d05bd4000 rw-p 00000000 00:00 0 
7f4d05bd4000-7f4d05bd5000 rw-p 00000000 00:00 0 
7f4d05bd5000-7f4d05bef000 r-xp 00000000 08:02 34741776                   /usr/lib/jvm/jdk1.7.0_04/jre/lib/amd64/libzip.so
7f4d05bef000-7f4d05def000 ---p 0001a000 08:02 34741776                   /usr/lib/jvm/jdk1.7.0_04/jre/lib/amd64/libzip.so
7f4d05def000-7f4d05df0000 rw-p 0001a000 08:02 34741776                   /usr/lib/jvm/jdk1.7.0_04/jre/lib/amd64/libzip.so
7f4d05df0000-7f4d05dfc000 r-xp 00000000 08:02 6291680                    /lib/x86_64-linux-gnu/libnss_files-2.15.so
7f4d05dfc000-7f4d05ffb000 ---p 0000c000 08:02 6291680                    /lib/x86_64-linux-gnu/libnss_files-2.15.so
7f4d05ffb000-7f4d05ffc000 r--p 0000b000 08:02 6291680                    /lib/x86_64-linux-gnu/libnss_files-2.15.so
7f4d05ffc000-7f4d05ffd000 rw-p 0000c000 08:02 6291680                    /lib/x86_64-linux-gnu/libnss_files-2.15.so
7f4d05ffd000-7f4d06007000 r-xp 00000000 08:02 6291676                    /lib/x86_64-linux-gnu/libnss_nis-2.15.so
7f4d06007000-7f4d06207000 ---p 0000a000 08:02 6291676                    /lib/x86_64-linux-gnu/libnss_nis-2.15.so
7f4d06207000-7f4d06208000 r--p 0000a000 08:02 6291676                    /lib/x86_64-linux-gnu/libnss_nis-2.15.so
7f4d06208000-7f4d06209000 rw-p 0000b000 08:02 6291676                    /lib/x86_64-linux-gnu/libnss_nis-2.15.so
7f4d06209000-7f4d06220000 r-xp 00000000 08:02 6291689                    /lib/x86_64-linux-gnu/libnsl-2.15.so
7f4d06220000-7f4d0641f000 ---p 00017000 08:02 6291689                    /lib/x86_64-linux-gnu/libnsl-2.15.so
7f4d0641f000-7f4d06420000 r--p 00016000 08:02 6291689                    /lib/x86_64-linux-gnu/libnsl-2.15.so
7f4d06420000-7f4d06421000 rw-p 00017000 08:02 6291689                    /lib/x86_64-linux-gnu/libnsl-2.15.so
7f4d06421000-7f4d06423000 rw-p 00000000 00:00 0 
7f4d06423000-7f4d0642b000 r-xp 00000000 08:02 6291681                    /lib/x86_64-linux-gnu/libnss_compat-2.15.so
7f4d0642b000-7f4d0662a000 ---p 00008000 08:02 6291681                    /lib/x86_64-linux-gnu/libnss_compat-2.15.so
7f4d0662a000-7f4d0662b000 r--p 00007000 08:02 6291681                    /lib/x86_64-linux-gnu/libnss_compat-2.15.so
7f4d0662b000-7f4d0662c000 rw-p 00008000 08:02 6291681                    /lib/x86_64-linux-gnu/libnss_compat-2.15.so
7f4d0662c000-7f4d06d0f000 r--p 00000000 08:02 30808157                   /usr/lib/locale/locale-archive
7f4d06d0f000-7f4d06d12000 r-xp 00000000 08:02 34741745                   /usr/lib/jvm/jdk1.7.0_04/jre/lib/amd64/libnpt.so
7f4d06d12000-7f4d06f11000 ---p 00003000 08:02 34741745                   /usr/lib/jvm/jdk1.7.0_04/jre/lib/amd64/libnpt.so
7f4d06f11000-7f4d06f12000 rw-p 00002000 08:02 34741745                   /usr/lib/jvm/jdk1.7.0_04/jre/lib/amd64/libnpt.so
7f4d06f12000-7f4d06f4b000 r-xp 00000000 08:02 34741780                   /usr/lib/jvm/jdk1.7.0_04/jre/lib/amd64/libjdwp.so
7f4d06f4b000-7f4d0714a000 ---p 00039000 08:02 34741780                   /usr/lib/jvm/jdk1.7.0_04/jre/lib/amd64/libjdwp.so
7f4d0714a000-7f4d0714c000 rw-p 00038000 08:02 34741780                   /usr/lib/jvm/jdk1.7.0_04/jre/lib/amd64/libjdwp.so
7f4d0714c000-7f4d07175000 r-xp 00000000 08:02 34741764                   /usr/lib/jvm/jdk1.7.0_04/jre/lib/amd64/libjava.so
7f4d07175000-7f4d07375000 ---p 00029000 08:02 34741764                   /usr/lib/jvm/jdk1.7.0_04/jre/lib/amd64/libjava.so
7f4d07375000-7f4d07377000 rw-p 00029000 08:02 34741764                   /usr/lib/jvm/jdk1.7.0_04/jre/lib/amd64/libjava.so
7f4d07377000-7f4d07386000 r-xp 00000000 08:02 34741762                   /usr/lib/jvm/jdk1.7.0_04/jre/lib/amd64/libverify.so
7f4d07386000-7f4d07585000 ---p 0000f000 08:02 34741762                   /usr/lib/jvm/jdk1.7.0_04/jre/lib/amd64/libverify.so
7f4d07585000-7f4d07587000 rw-p 0000e000 08:02 34741762                   /usr/lib/jvm/jdk1.7.0_04/jre/lib/amd64/libverify.so
7f4d07587000-7f4d0758e000 r-xp 00000000 08:02 6291674                    /lib/x86_64-linux-gnu/librt-2.15.so
7f4d0758e000-7f4d0778d000 ---p 00007000 08:02 6291674                    /lib/x86_64-linux-gnu/librt-2.15.so
7f4d0778d000-7f4d0778e000 r--p 00006000 08:02 6291674                    /lib/x86_64-linux-gnu/librt-2.15.so
7f4d0778e000-7f4d0778f000 rw-p 00007000 08:02 6291674                    /lib/x86_64-linux-gnu/librt-2.15.so
7f4d0778f000-7f4d0788a000 r-xp 00000000 08:02 6291678                    /lib/x86_64-linux-gnu/libm-2.15.so
7f4d0788a000-7f4d07a89000 ---p 000fb000 08:02 6291678                    /lib/x86_64-linux-gnu/libm-2.15.so
7f4d07a89000-7f4d07a8a000 r--p 000fa000 08:02 6291678                    /lib/x86_64-linux-gnu/libm-2.15.so
7f4d07a8a000-7f4d07a8b000 rw-p 000fb000 08:02 6291678                    /lib/x86_64-linux-gnu/libm-2.15.so
7f4d07a8b000-7f4d084cc000 r-xp 00000000 08:02 34741769                   /usr/lib/jvm/jdk1.7.0_04/jre/lib/amd64/server/libjvm.so
7f4d084cc000-7f4d086cb000 ---p 00a41000 08:02 34741769                   /usr/lib/jvm/jdk1.7.0_04/jre/lib/amd64/server/libjvm.so
7f4d086cb000-7f4d0876f000 rw-p 00a40000 08:02 34741769                   /usr/lib/jvm/jdk1.7.0_04/jre/lib/amd64/server/libjvm.so
7f4d0876f000-7f4d087aa000 rw-p 00000000 00:00 0 
7f4d087aa000-7f4d0895c000 r-xp 00000000 08:02 6291670                    /lib/x86_64-linux-gnu/libc-2.15.so
7f4d0895c000-7f4d08b5c000 ---p 001b2000 08:02 6291670                    /lib/x86_64-linux-gnu/libc-2.15.so
7f4d08b5c000-7f4d08b60000 r--p 001b2000 08:02 6291670                    /lib/x86_64-linux-gnu/libc-2.15.so
7f4d08b60000-7f4d08b62000 rw-p 001b6000 08:02 6291670                    /lib/x86_64-linux-gnu/libc-2.15.so
7f4d08b62000-7f4d08b67000 rw-p 00000000 00:00 0 
7f4d08b67000-7f4d08b69000 r-xp 00000000 08:02 6291669                    /lib/x86_64-linux-gnu/libdl-2.15.so
7f4d08b69000-7f4d08d69000 ---p 00002000 08:02 6291669                    /lib/x86_64-linux-gnu/libdl-2.15.so
7f4d08d69000-7f4d08d6a000 r--p 00002000 08:02 6291669                    /lib/x86_64-linux-gnu/libdl-2.15.so
7f4d08d6a000-7f4d08d6b000 rw-p 00003000 08:02 6291669                    /lib/x86_64-linux-gnu/libdl-2.15.so
7f4d08d6b000-7f4d08d81000 r-xp 00000000 08:02 34741744                   /usr/lib/jvm/jdk1.7.0_04/jre/lib/amd64/jli/libjli.so
7f4d08d81000-7f4d08f80000 ---p 00016000 08:02 34741744                   /usr/lib/jvm/jdk1.7.0_04/jre/lib/amd64/jli/libjli.so
7f4d08f80000-7f4d08f81000 rw-p 00015000 08:02 34741744                   /usr/lib/jvm/jdk1.7.0_04/jre/lib/amd64/jli/libjli.so
7f4d08f81000-7f4d08f99000 r-xp 00000000 08:02 6291672                    /lib/x86_64-linux-gnu/libpthread-2.15.so
7f4d08f99000-7f4d09198000 ---p 00018000 08:02 6291672                    /lib/x86_64-linux-gnu/libpthread-2.15.so
7f4d09198000-7f4d09199000 r--p 00017000 08:02 6291672                    /lib/x86_64-linux-gnu/libpthread-2.15.so
7f4d09199000-7f4d0919a000 rw-p 00018000 08:02 6291672                    /lib/x86_64-linux-gnu/libpthread-2.15.so
7f4d0919a000-7f4d0919e000 rw-p 00000000 00:00 0 
7f4d0919e000-7f4d091c0000 r-xp 00000000 08:02 6291684                    /lib/x86_64-linux-gnu/ld-2.15.so
7f4d091c5000-7f4d091da000 r--s 000f9000 08:02 33035637                   /home/nwhitehead/.m2/repository/com/sun/xml/bind/jaxb-impl/2.2.5/jaxb-impl-2.2.5.jar
7f4d091da000-7f4d091e4000 rw-p 00000000 00:00 0 
7f4d091e4000-7f4d0929a000 rw-p 00000000 00:00 0 
7f4d0929a000-7f4d0929d000 ---p 00000000 00:00 0 
7f4d0929d000-7f4d0939f000 rw-p 00000000 00:00 0 
7f4d093a3000-7f4d093a4000 rw-p 00000000 00:00 0 
7f4d093a4000-7f4d093a6000 r--s 0000d000 08:02 29624438                   /home/nwhitehead/.m2/repository/commons-logging/commons-logging/1.1.1/commons-logging-1.1.1.jar
7f4d093a6000-7f4d093a9000 r--s 00012000 08:02 8789170                    /home/nwhitehead/.m2/repository/org/apache/camel/camel-test-spring/2.10.0/camel-test-spring-2.10.0.jar
7f4d093a9000-7f4d093ab000 r--s 0000c000 08:02 8522586                    /home/nwhitehead/.m2/repository/org/apache/camel/camel-test/2.10.0/camel-test-2.10.0.jar
7f4d093ab000-7f4d093b0000 r--s 00033000 08:02 8654876                    /home/nwhitehead/.m2/repository/org/apache/camel/camel-spring/2.10.0/camel-spring-2.10.0.jar
7f4d093b0000-7f4d093b2000 r--s 0000e000 08:02 8522551                    /home/nwhitehead/.m2/repository/org/apache/camel/camel-netty/2.10.0/camel-netty-2.10.0.jar
7f4d093b2000-7f4d093b4000 r--s 00000000 08:02 31854785                   /home/nwhitehead/.m2/repository/aopalliance/aopalliance/1.0/aopalliance-1.0.jar
7f4d093b4000-7f4d093bc000 rw-s 00000000 08:02 7475787                    /tmp/hsperfdata_nwhitehead/11715
7f4d093bc000-7f4d093bd000 rw-p 00000000 00:00 0 
7f4d093bd000-7f4d093be000 r--p 00000000 00:00 0 
7f4d093be000-7f4d093c0000 rw-p 00000000 00:00 0 
7f4d093c0000-7f4d093c1000 r--p 00022000 08:02 6291684                    /lib/x86_64-linux-gnu/ld-2.15.so
7f4d093c1000-7f4d093c3000 rw-p 00023000 08:02 6291684                    /lib/x86_64-linux-gnu/ld-2.15.so
7fffc385e000-7fffc3880000 rw-p 00000000 00:00 0                          [stack]
7fffc39ff000-7fffc3a00000 r-xp 00000000 00:00 0                          [vdso]
ffffffffff600000-ffffffffff601000 r-xp 00000000 00:00 0                  [vsyscall]

VM Arguments:
jvm_args: -agentlib:jdwp=transport=dt_socket,suspend=y,address=localhost:52739 -Dfile.encoding=UTF-8 
java_command: org.helios.apmrouter.Boot
Launcher Type: SUN_STANDARD

Environment Variables:
PATH=/home/nwhitehead/bin:/usr/lib/lightdm/lightdm:/usr/local/sbin:/usr/local/bin:/usr/sbin:/usr/bin:/sbin:/bin:/usr/games
SHELL=/bin/bash
DISPLAY=:0

Signal Handlers:
SIGSEGV: [libjvm.so+0x8a0cb0], sa_mask[0]=0x7ffbfeff, sa_flags=0x10000004
SIGBUS: [libjvm.so+0x8a0cb0], sa_mask[0]=0x7ffbfeff, sa_flags=0x10000004
SIGFPE: [libjvm.so+0x73d630], sa_mask[0]=0x7ffbfeff, sa_flags=0x10000004
SIGPIPE: [libjvm.so+0x73d630], sa_mask[0]=0x7ffbfeff, sa_flags=0x10000004
SIGXFSZ: [libjvm.so+0x73d630], sa_mask[0]=0x7ffbfeff, sa_flags=0x10000004
SIGILL: [libjvm.so+0x73d630], sa_mask[0]=0x7ffbfeff, sa_flags=0x10000004
SIGUSR1: SIG_DFL, sa_mask[0]=0x00000000, sa_flags=0x00000000
SIGUSR2: [libjvm.so+0x73cf80], sa_mask[0]=0x00000004, sa_flags=0x10000004
SIGHUP: [libjvm.so+0x73f310], sa_mask[0]=0x7ffbfeff, sa_flags=0x10000004
SIGINT: [libjvm.so+0x73f310], sa_mask[0]=0x7ffbfeff, sa_flags=0x10000004
SIGTERM: [libjvm.so+0x73f310], sa_mask[0]=0x7ffbfeff, sa_flags=0x10000004
SIGQUIT: [libjvm.so+0x73f310], sa_mask[0]=0x7ffbfeff, sa_flags=0x10000004


---------------  S Y S T E M  ---------------

OS:wheezy/sid

uname:Linux 3.2.0-30-generic #48-Ubuntu SMP Fri Aug 24 16:52:48 UTC 2012 x86_64
libc:glibc 2.15 NPTL 2.15 
rlimit: STACK 8192k, CORE 0k, NPROC 128088, NOFILE 4096, AS infinity
load average:0.79 0.49 0.63

/proc/meminfo:
MemTotal:       16412920 kB
MemFree:         5972756 kB
Buffers:          860236 kB
Cached:          3877388 kB
SwapCached:            0 kB
Active:          6748564 kB
Inactive:        2721536 kB
Active(anon):    4734212 kB
Inactive(anon):    32912 kB
Active(file):    2014352 kB
Inactive(file):  2688624 kB
Unevictable:        1776 kB
Mlocked:            1776 kB
SwapTotal:      31249404 kB
SwapFree:       31249404 kB
Dirty:             11988 kB
Writeback:             0 kB
AnonPages:       4734516 kB
Mapped:           342944 kB
Shmem:             34652 kB
Slab:             620840 kB
SReclaimable:     568164 kB
SUnreclaim:        52676 kB
KernelStack:        7424 kB
PageTables:        59308 kB
NFS_Unstable:          0 kB
Bounce:                0 kB
WritebackTmp:          0 kB
CommitLimit:    39455864 kB
Committed_AS:   10379100 kB
VmallocTotal:   34359738367 kB
VmallocUsed:      157060 kB
VmallocChunk:   34359573748 kB
HardwareCorrupted:     0 kB
AnonHugePages:         0 kB
HugePages_Total:       0
HugePages_Free:        0
HugePages_Rsvd:        0
HugePages_Surp:        0
Hugepagesize:       2048 kB
DirectMap4k:      257820 kB
DirectMap2M:    16498688 kB


CPU:total 8 (4 cores per cpu, 2 threads per core) family 6 model 42 stepping 7, cmov, cx8, fxsr, mmx, sse, sse2, sse3, ssse3, sse4.1, sse4.2, popcnt, avx, ht, tsc, tscinvbit

/proc/cpuinfo:
processor	: 0
vendor_id	: GenuineIntel
cpu family	: 6
model		: 42
model name	: Intel(R) Core(TM) i7-2860QM CPU @ 2.50GHz
stepping	: 7
microcode	: 0x1b
cpu MHz		: 2501.000
cache size	: 8192 KB
physical id	: 0
siblings	: 8
core id		: 0
cpu cores	: 4
apicid		: 0
initial apicid	: 0
fpu		: yes
fpu_exception	: yes
cpuid level	: 13
wp		: yes
flags		: fpu vme de pse tsc msr pae mce cx8 apic sep mtrr pge mca cmov pat pse36 clflush dts acpi mmx fxsr sse sse2 ss ht tm pbe syscall nx rdtscp lm constant_tsc arch_perfmon pebs bts rep_good nopl xtopology nonstop_tsc aperfmperf pni pclmulqdq dtes64 monitor ds_cpl vmx smx est tm2 ssse3 cx16 xtpr pdcm pcid sse4_1 sse4_2 x2apic popcnt tsc_deadline_timer aes xsave avx lahf_lm ida arat epb xsaveopt pln pts dtherm tpr_shadow vnmi flexpriority ept vpid
bogomips	: 4989.01
clflush size	: 64
cache_alignment	: 64
address sizes	: 36 bits physical, 48 bits virtual
power management:

processor	: 1
vendor_id	: GenuineIntel
cpu family	: 6
model		: 42
model name	: Intel(R) Core(TM) i7-2860QM CPU @ 2.50GHz
stepping	: 7
microcode	: 0x1b
cpu MHz		: 2501.000
cache size	: 8192 KB
physical id	: 0
siblings	: 8
core id		: 1
cpu cores	: 4
apicid		: 2
initial apicid	: 2
fpu		: yes
fpu_exception	: yes
cpuid level	: 13
wp		: yes
flags		: fpu vme de pse tsc msr pae mce cx8 apic sep mtrr pge mca cmov pat pse36 clflush dts acpi mmx fxsr sse sse2 ss ht tm pbe syscall nx rdtscp lm constant_tsc arch_perfmon pebs bts rep_good nopl xtopology nonstop_tsc aperfmperf pni pclmulqdq dtes64 monitor ds_cpl vmx smx est tm2 ssse3 cx16 xtpr pdcm pcid sse4_1 sse4_2 x2apic popcnt tsc_deadline_timer aes xsave avx lahf_lm ida arat epb xsaveopt pln pts dtherm tpr_shadow vnmi flexpriority ept vpid
bogomips	: 4988.44
clflush size	: 64
cache_alignment	: 64
address sizes	: 36 bits physical, 48 bits virtual
power management:

processor	: 2
vendor_id	: GenuineIntel
cpu family	: 6
model		: 42
model name	: Intel(R) Core(TM) i7-2860QM CPU @ 2.50GHz
stepping	: 7
microcode	: 0x1b
cpu MHz		: 2501.000
cache size	: 8192 KB
physical id	: 0
siblings	: 8
core id		: 2
cpu cores	: 4
apicid		: 4
initial apicid	: 4
fpu		: yes
fpu_exception	: yes
cpuid level	: 13
wp		: yes
flags		: fpu vme de pse tsc msr pae mce cx8 apic sep mtrr pge mca cmov pat pse36 clflush dts acpi mmx fxsr sse sse2 ss ht tm pbe syscall nx rdtscp lm constant_tsc arch_perfmon pebs bts rep_good nopl xtopology nonstop_tsc aperfmperf pni pclmulqdq dtes64 monitor ds_cpl vmx smx est tm2 ssse3 cx16 xtpr pdcm pcid sse4_1 sse4_2 x2apic popcnt tsc_deadline_timer aes xsave avx lahf_lm ida arat epb xsaveopt pln pts dtherm tpr_shadow vnmi flexpriority ept vpid
bogomips	: 4988.44
clflush size	: 64
cache_alignment	: 64
address sizes	: 36 bits physical, 48 bits virtual
power management:

processor	: 3
vendor_id	: GenuineIntel
cpu family	: 6
model		: 42
model name	: Intel(R) Core(TM) i7-2860QM CPU @ 2.50GHz
stepping	: 7
microcode	: 0x1b
cpu MHz		: 2501.000
cache size	: 8192 KB
physical id	: 0
siblings	: 8
core id		: 3
cpu cores	: 4
apicid		: 6
initial apicid	: 6
fpu		: yes
fpu_exception	: yes
cpuid level	: 13
wp		: yes
flags		: fpu vme de pse tsc msr pae mce cx8 apic sep mtrr pge mca cmov pat pse36 clflush dts acpi mmx fxsr sse sse2 ss ht tm pbe syscall nx rdtscp lm constant_tsc arch_perfmon pebs bts rep_good nopl xtopology nonstop_tsc aperfmperf pni pclmulqdq dtes64 monitor ds_cpl vmx smx est tm2 ssse3 cx16 xtpr pdcm pcid sse4_1 sse4_2 x2apic popcnt tsc_deadline_timer aes xsave avx lahf_lm ida arat epb xsaveopt pln pts dtherm tpr_shadow vnmi flexpriority ept vpid
bogomips	: 4988.44
clflush size	: 64
cache_alignment	: 64
address sizes	: 36 bits physical, 48 bits virtual
power management:

processor	: 4
vendor_id	: GenuineIntel
cpu family	: 6
model		: 42
model name	: Intel(R) Core(TM) i7-2860QM CPU @ 2.50GHz
stepping	: 7
microcode	: 0x1b
cpu MHz		: 2501.000
cache size	: 8192 KB
physical id	: 0
siblings	: 8
core id		: 0
cpu cores	: 4
apicid		: 1
initial apicid	: 1
fpu		: yes
fpu_exception	: yes
cpuid level	: 13
wp		: yes
flags		: fpu vme de pse tsc msr pae mce cx8 apic sep mtrr pge mca cmov pat pse36 clflush dts acpi mmx fxsr sse sse2 ss ht tm pbe syscall nx rdtscp lm constant_tsc arch_perfmon pebs bts rep_good nopl xtopology nonstop_tsc aperfmperf pni pclmulqdq dtes64 monitor ds_cpl vmx smx est tm2 ssse3 cx16 xtpr pdcm pcid sse4_1 sse4_2 x2apic popcnt tsc_deadline_timer aes xsave avx lahf_lm ida arat epb xsaveopt pln pts dtherm tpr_shadow vnmi flexpriority ept vpid
bogomips	: 4988.44
clflush size	: 64
cache_alignment	: 64
address sizes	: 36 bits physical, 48 bits virtual
power management:

processor	: 5
vendor_id	: GenuineIntel
cpu family	: 6
model		: 42
model name	: Intel(R) Core(TM) i7-2860QM CPU @ 2.50GHz
stepping	: 7
microcode	: 0x1b
cpu MHz		: 2501.000
cache size	: 8192 KB
physical id	: 0
siblings	: 8
core id		: 1
cpu cores	: 4
apicid		: 3
initial apicid	: 3
fpu		: yes
fpu_exception	: yes
cpuid level	: 13
wp		: yes
flags		: fpu vme de pse tsc msr pae mce cx8 apic sep mtrr pge mca cmov pat pse36 clflush dts acpi mmx fxsr sse sse2 ss ht tm pbe syscall nx rdtscp lm constant_tsc arch_perfmon pebs bts rep_good nopl xtopology nonstop_tsc aperfmperf pni pclmulqdq dtes64 monitor ds_cpl vmx smx est tm2 ssse3 cx16 xtpr pdcm pcid sse4_1 sse4_2 x2apic popcnt tsc_deadline_timer aes xsave avx lahf_lm ida arat epb xsaveopt pln pts dtherm tpr_shadow vnmi flexpriority ept vpid
bogomips	: 4988.44
clflush size	: 64
cache_alignment	: 64
address sizes	: 36 bits physical, 48 bits virtual
power management:

processor	: 6
vendor_id	: GenuineIntel
cpu family	: 6
model		: 42
model name	: Intel(R) Core(TM) i7-2860QM CPU @ 2.50GHz
stepping	: 7
microcode	: 0x1b
cpu MHz		: 2501.000
cache size	: 8192 KB
physical id	: 0
siblings	: 8
core id		: 2
cpu cores	: 4
apicid		: 5
initial apicid	: 5
fpu		: yes
fpu_exception	: yes
cpuid level	: 13
wp		: yes
flags		: fpu vme de pse tsc msr pae mce cx8 apic sep mtrr pge mca cmov pat pse36 clflush dts acpi mmx fxsr sse sse2 ss ht tm pbe syscall nx rdtscp lm constant_tsc arch_perfmon pebs bts rep_good nopl xtopology nonstop_tsc aperfmperf pni pclmulqdq dtes64 monitor ds_cpl vmx smx est tm2 ssse3 cx16 xtpr pdcm pcid sse4_1 sse4_2 x2apic popcnt tsc_deadline_timer aes xsave avx lahf_lm ida arat epb xsaveopt pln pts dtherm tpr_shadow vnmi flexpriority ept vpid
bogomips	: 4988.44
clflush size	: 64
cache_alignment	: 64
address sizes	: 36 bits physical, 48 bits virtual
power management:

processor	: 7
vendor_id	: GenuineIntel
cpu family	: 6
model		: 42
model name	: Intel(R) Core(TM) i7-2860QM CPU @ 2.50GHz
stepping	: 7
microcode	: 0x1b
cpu MHz		: 2501.000
cache size	: 8192 KB
physical id	: 0
siblings	: 8
core id		: 3
cpu cores	: 4
apicid		: 7
initial apicid	: 7
fpu		: yes
fpu_exception	: yes
cpuid level	: 13
wp		: yes
flags		: fpu vme de pse tsc msr pae mce cx8 apic sep mtrr pge mca cmov pat pse36 clflush dts acpi mmx fxsr sse sse2 ss ht tm pbe syscall nx rdtscp lm constant_tsc arch_perfmon pebs bts rep_good nopl xtopology nonstop_tsc aperfmperf pni pclmulqdq dtes64 monitor ds_cpl vmx smx est tm2 ssse3 cx16 xtpr pdcm pcid sse4_1 sse4_2 x2apic popcnt tsc_deadline_timer aes xsave avx lahf_lm ida arat epb xsaveopt pln pts dtherm tpr_shadow vnmi flexpriority ept vpid
bogomips	: 4988.44
clflush size	: 64
cache_alignment	: 64
address sizes	: 36 bits physical, 48 bits virtual
power management:



Memory: 4k page, physical 16412920k(5972756k free), swap 31249404k(31249404k free)

vm_info: Java HotSpot(TM) 64-Bit Server VM (23.0-b21) for linux-amd64 JRE (1.7.0_04-b20), built on Apr 12 2012 01:59:40 by "java_re" with gcc 4.3.0 20080428 (Red Hat 4.3.0-8)

time: Sun Sep 16 20:53:46 2012
elapsed time: 73 seconds

