#
# A fatal error has been detected by the Java Runtime Environment:
#
#  SIGSEGV (0xb) at pc=0x00007f5b3b026a54, pid=10842, tid=140029547472640
#
# JRE version: 7.0_09-b05
# Java VM: Java HotSpot(TM) 64-Bit Server VM (23.5-b02 mixed mode linux-amd64 compressed oops)
# Problematic frame:
# V  [libjvm.so+0x886a54]  Unsafe_GetNativeInt+0x74
#
# Failed to write core dump. Core dumps have been disabled. To enable core dumping, try "ulimit -c unlimited" before starting Java again
#
# If you would like to submit a bug report, please visit:
#   http://bugreport.sun.com/bugreport/crash.jsp
#

---------------  T H R E A D  ---------------

Current thread (0x00007f5b2ee43800):  JavaThread "MonitorSchedulerThread#1" daemon [_thread_in_vm, id=10908, stack(0x00007f5b2b5f6000,0x00007f5b2b6f7000)]

siginfo:si_signo=SIGSEGV: si_errno=0, si_code=1 (SEGV_MAPERR), si_addr=0x0000000000000014

Registers:
RAX=0x00007f5b2ee43800, RBX=0x00007f5b2b6f4870, RCX=0x00007f5b3be7b2a0, RDX=0x00007f5b2b6f6a20
RSP=0x00007f5b2b6f4600, RBP=0x00007f5b2b6f4630, RSI=0x0000000000000006, RDI=0x0000000000000010
R8 =0x0000000000abeea0, R9 =0x0000000000005400, R10=0x00007f5b35dbcd85, R11=0x00007f5b3af6ecf0
R12=0x0000000000000014, R13=0x00000000be0d8df8, R14=0x00007f5b2b6f4600, R15=0x00007f5b2ee43800
RIP=0x00007f5b3b026a54, EFLAGS=0x0000000000010246, CSGSFS=0x0000000000000033, ERR=0x0000000000000004
  TRAPNO=0x000000000000000e

Top of Stack: (sp=0x00007f5b2b6f4600)
0x00007f5b2b6f4600:   00007f5b2ee43800 0000000001901a38
0x00007f5b2b6f4610:   00000000be0d8df8 0000000000000000
0x00007f5b2b6f4620:   00000000be0d8df8 00007f5b2b6f46c8
0x00007f5b2b6f4630:   00007f5b2b6f4698 00007f5b35dbcdb1
0x00007f5b2b6f4640:   0000000001901a08 00007f5b00000000
0x00007f5b2b6f4650:   00007f5b2ee43800 00007f5b2b6f4658
0x00007f5b2b6f4660:   0000000000000000 00007f5b2b6f46c8
0x00007f5b2b6f4670:   00000000be0dca68 0000000000000000
0x00007f5b2b6f4680:   00000000be0d8df8 0000000000000000
0x00007f5b2b6f4690:   00007f5b2b6f46b8 00007f5b2b6f4710
0x00007f5b2b6f46a0:   00007f5b35dab354 0000000000000000
0x00007f5b2b6f46b0:   00007f5b35db8036 0000000000000014
0x00007f5b2b6f46c0:   00000000eeb34130 00000000ef88c0a8
0x00007f5b2b6f46d0:   00007f5b2b6f46d0 00000000bf4b97ba
0x00007f5b2b6f46e0:   00007f5b2b6f4728 00000000bf64e7b8
0x00007f5b2b6f46f0:   0000000000000000 00000000bf4b97e0
0x00007f5b2b6f4700:   00007f5b2b6f46b8 00007f5b2b6f4720
0x00007f5b2b6f4710:   00007f5b2b6f4770 00007f5b35dab354
0x00007f5b2b6f4720:   0000000000000014 00000000eeb34130
0x00007f5b2b6f4730:   00007f5b2b6f4730 00000000bf4895ab
0x00007f5b2b6f4740:   00007f5b2b6f4788 00000000bf4a0960
0x00007f5b2b6f4750:   0000000000000000 00000000bf4895d0
0x00007f5b2b6f4760:   00007f5b2b6f4720 00007f5b2b6f4780
0x00007f5b2b6f4770:   00007f5b2b6f47f0 00007f5b35da54f7
0x00007f5b2b6f4780:   00000000eeb34130 00000000edcb22c0
0x00007f5b2b6f4790:   00007f5b00001fa0 00007f5b2b6f4ab0
0x00007f5b2b6f47a0:   00007f5b2b6f4870 00007f5b2b6f4940
0x00007f5b2b6f47b0:   00007f5b2ee43800 0000000001901a00
0x00007f5b2b6f47c0:   00007f5b2b6f4830 00007f5b2b6f4ab8
0x00007f5b2b6f47d0:   00007f5b0000000b 00000000bf4895d0
0x00007f5b2b6f47e0:   00007f5b35dba340 00007f5b2b6f4948
0x00007f5b2b6f47f0:   00007f5b2b6f48d0 00007f5b3acf18d5 

Instructions: (pc=0x00007f5b3b026a54)
0x00007f5b3b026a34:   89 f7 e8 25 69 ef ff 48 8b 05 56 f3 43 00 8b 38
0x00007f5b3b026a44:   e8 df 25 91 ff 48 8b 5b 48 c6 80 74 02 00 00 01
0x00007f5b3b026a54:   45 8b 2c 24 c6 80 74 02 00 00 00 48 8b 7b 10 4c
0x00007f5b3b026a64:   8b 63 08 48 83 3f 00 74 09 e8 5e 41 9a ff 48 8b 

Register to memory mapping:

RAX=0x00007f5b2ee43800 is a thread
RBX=0x00007f5b2b6f4870 is pointing into the stack for thread: 0x00007f5b2ee43800
RCX=0x00007f5b3be7b2a0: <offset 0x2182a0> in /lib/libpthread.so.0 at 0x00007f5b3bc63000
RDX=0x00007f5b2b6f6a20 is pointing into the stack for thread: 0x00007f5b2ee43800
RSP=0x00007f5b2b6f4600 is pointing into the stack for thread: 0x00007f5b2ee43800
RBP=0x00007f5b2b6f4630 is pointing into the stack for thread: 0x00007f5b2ee43800
RSI=0x0000000000000006 is an unknown value
RDI=0x0000000000000010 is an unknown value
R8 =0x0000000000abeea0 is an unknown value
R9 =0x0000000000005400 is an unknown value
R10=0x00007f5b35dbcd85 is an Interpreter codelet
method entry point (kind = native)  [0x00007f5b35dbc8e0, 0x00007f5b35dbd6c0]  3552 bytes
R11=0x00007f5b3af6ecf0: <offset 0x7cecf0> in /usr/lib/jvm/jdk1.7.0_09/jre/lib/amd64/server/libjvm.so at 0x00007f5b3a7a0000
R12=0x0000000000000014 is an unknown value
R13=0x00000000be0d8df8 is an oop
{method} 
 - klass: {other class}
R14=0x00007f5b2b6f4600 is pointing into the stack for thread: 0x00007f5b2ee43800
R15=0x00007f5b2ee43800 is a thread


Stack: [0x00007f5b2b5f6000,0x00007f5b2b6f7000],  sp=0x00007f5b2b6f4600,  free space=1017k
Native frames: (J=compiled Java code, j=interpreted, Vv=VM code, C=native code)
V  [libjvm.so+0x886a54]  Unsafe_GetNativeInt+0x74
j  sun.misc.Unsafe.getInt(J)I+0
j  vanilla.java.chronicle.impl.UnsafeExcerpt.readInt(I)I+10
j  org.helios.apmrouter.destination.chronicletimeseries.ChronicleTier.getSeriesEntryCount(Lvanilla/java/chronicle/impl/UnsafeExcerpt;)J+3
v  ~StubRoutines::call_stub
V  [libjvm.so+0x5518d5]  JavaCalls::call_helper(JavaValue*, methodHandle*, JavaCallArguments*, Thread*)+0x355
V  [libjvm.so+0x5503f8]  JavaCalls::call(JavaValue*, methodHandle, JavaCallArguments*, Thread*)+0x28
V  [libjvm.so+0x564e04]  jni_invoke_nonstatic(JNIEnv_*, JavaValue*, _jobject*, JNICallType, _jmethodID*, JNI_ArgumentPusher*, Thread*)+0x2a4
V  [libjvm.so+0x574b79]  jni_CallNonvirtualLongMethodA+0xe9
C  [libjdwp.so+0x1be44]  invoker_doInvoke+0xd64
C  [libjdwp.so+0x14dc5]  reportEvents+0xc5
C  [libjdwp.so+0x15152]  event_callback+0x1c2
C  [libjdwp.so+0x182f7]  cbSingleStep+0xb7
V  [libjvm.so+0x61f3bd]  JvmtiExport::post_single_step(JavaThread*, methodOopDesc*, unsigned char*)+0x1dd
V  [libjvm.so+0x6232d5]  JvmtiExport::at_single_stepping_point(JavaThread*, methodOopDesc*, unsigned char*)+0xc5
V  [libjvm.so+0x54c3e5]  InterpreterRuntime::at_safepoint(JavaThread*)+0x65
j  org.helios.apmrouter.destination.chronicletimeseries.ChronicleTier.createNewMetric()J+5
j  org.helios.apmrouter.catalog.jdbc.h2.H2JDBCMetricCatalog.getID(JLjava/lang/String;Ljava/lang/String;ILjava/lang/String;Ljava/lang/String;)J+25
j  org.helios.apmrouter.server.tracing.ServerTracerFactory.processMetrics(Ljava/util/Collection;)I+86
j  org.helios.apmrouter.server.tracing.ServerTracerFactory.submit(Ljava/util/Collection;)V+2
j  org.helios.apmrouter.server.tracing.ServerTracerFactory.submit([Lorg/helios/apmrouter/metric/IMetric;)V+21
j  org.helios.apmrouter.trace.TracerImpl.traceCounter(JLjava/lang/CharSequence;[Ljava/lang/CharSequence;)Lorg/helios/apmrouter/metric/ICEMetric;+33
j  org.helios.apmrouter.monitor.jvm.JVMMonitor.doCollect(J)V+76
j  org.helios.apmrouter.monitor.AbstractMonitor.collect()V+9
j  org.helios.apmrouter.monitor.AbstractMonitor.run()V+1
j  java.util.concurrent.Executors$RunnableAdapter.call()Ljava/lang/Object;+4
j  java.util.concurrent.FutureTask$Sync.innerRunAndReset()Z+30
j  java.util.concurrent.FutureTask.runAndReset()Z+4
j  java.util.concurrent.ScheduledThreadPoolExecutor$ScheduledFutureTask.access$301(Ljava/util/concurrent/ScheduledThreadPoolExecutor$ScheduledFutureTask;)Z+1
j  java.util.concurrent.ScheduledThreadPoolExecutor$ScheduledFutureTask.run()V+37
j  org.helios.apmrouter.jmx.ListenerAwareRunnableScheduledFuture.run()V+4
j  java.util.concurrent.ThreadPoolExecutor.runWorker(Ljava/util/concurrent/ThreadPoolExecutor$Worker;)V+46
j  java.util.concurrent.ThreadPoolExecutor$Worker.run()V+5
j  java.lang.Thread.run()V+11
v  ~StubRoutines::call_stub
V  [libjvm.so+0x5518d5]  JavaCalls::call_helper(JavaValue*, methodHandle*, JavaCallArguments*, Thread*)+0x355
V  [libjvm.so+0x5503f8]  JavaCalls::call(JavaValue*, methodHandle, JavaCallArguments*, Thread*)+0x28
V  [libjvm.so+0x55068c]  JavaCalls::call_virtual(JavaValue*, KlassHandle, Symbol*, Symbol*, JavaCallArguments*, Thread*)+0x17c
V  [libjvm.so+0x5507b7]  JavaCalls::call_virtual(JavaValue*, Handle, KlassHandle, Symbol*, Symbol*, Thread*)+0x47
V  [libjvm.so+0x5ab07f]  thread_entry(JavaThread*, Thread*)+0xdf
V  [libjvm.so+0x8650c8]  JavaThread::thread_main_inner()+0xc8
V  [libjvm.so+0x865218]  JavaThread::run()+0x138
V  [libjvm.so+0x746c00]  java_start(Thread*)+0x100

Java frames: (J=compiled Java code, j=interpreted, Vv=VM code)
j  sun.misc.Unsafe.getInt(J)I+0
j  vanilla.java.chronicle.impl.UnsafeExcerpt.readInt(I)I+10
j  org.helios.apmrouter.destination.chronicletimeseries.ChronicleTier.getSeriesEntryCount(Lvanilla/java/chronicle/impl/UnsafeExcerpt;)J+3
v  ~StubRoutines::call_stub
j  org.helios.apmrouter.destination.chronicletimeseries.ChronicleTier.createNewMetric()J+5
j  org.helios.apmrouter.catalog.jdbc.h2.H2JDBCMetricCatalog.getID(JLjava/lang/String;Ljava/lang/String;ILjava/lang/String;Ljava/lang/String;)J+25
j  org.helios.apmrouter.server.tracing.ServerTracerFactory.processMetrics(Ljava/util/Collection;)I+86
j  org.helios.apmrouter.server.tracing.ServerTracerFactory.submit(Ljava/util/Collection;)V+2
j  org.helios.apmrouter.server.tracing.ServerTracerFactory.submit([Lorg/helios/apmrouter/metric/IMetric;)V+21
j  org.helios.apmrouter.trace.TracerImpl.traceCounter(JLjava/lang/CharSequence;[Ljava/lang/CharSequence;)Lorg/helios/apmrouter/metric/ICEMetric;+33
j  org.helios.apmrouter.monitor.jvm.JVMMonitor.doCollect(J)V+76
j  org.helios.apmrouter.monitor.AbstractMonitor.collect()V+9
j  org.helios.apmrouter.monitor.AbstractMonitor.run()V+1
j  java.util.concurrent.Executors$RunnableAdapter.call()Ljava/lang/Object;+4
j  java.util.concurrent.FutureTask$Sync.innerRunAndReset()Z+30
j  java.util.concurrent.FutureTask.runAndReset()Z+4
j  java.util.concurrent.ScheduledThreadPoolExecutor$ScheduledFutureTask.access$301(Ljava/util/concurrent/ScheduledThreadPoolExecutor$ScheduledFutureTask;)Z+1
j  java.util.concurrent.ScheduledThreadPoolExecutor$ScheduledFutureTask.run()V+37
j  org.helios.apmrouter.jmx.ListenerAwareRunnableScheduledFuture.run()V+4
j  java.util.concurrent.ThreadPoolExecutor.runWorker(Ljava/util/concurrent/ThreadPoolExecutor$Worker;)V+46
j  java.util.concurrent.ThreadPoolExecutor$Worker.run()V+5
j  java.lang.Thread.run()V+11
v  ~StubRoutines::call_stub

---------------  P R O C E S S  ---------------

Java Threads: ( => current thread )
=>0x00007f5b2ee43800 JavaThread "MonitorSchedulerThread#1" daemon [_thread_in_vm, id=10908, stack(0x00007f5b2b5f6000,0x00007f5b2b6f7000)]
  0x00007f5b2ebaa000 JavaThread "CollectionFunnelTimer" daemon [_thread_blocked, id=10907, stack(0x00007f5b2b6f7000,0x00007f5b2b7f8000)]
  0x00007f5b2ee72800 JavaThread "New I/O  worker #4" daemon [_thread_blocked, id=10906, stack(0x00007f5b2b7f8000,0x00007f5b2b8f9000)]
  0x00007f5b2ee28800 JavaThread "New I/O  worker #3" daemon [_thread_blocked, id=10905, stack(0x00007f5b2b8f9000,0x00007f5b2b9fa000)]
  0x00007f5b2ede7000 JavaThread "New I/O  worker #2" daemon [_thread_blocked, id=10904, stack(0x00007f5b2b9fa000,0x00007f5b2bafb000)]
  0x00007f5b2ee27000 JavaThread "New I/O  worker #1" daemon [_thread_blocked, id=10903, stack(0x00007f5b2bafb000,0x00007f5b2bbfc000)]
  0x00007f5b2ee25800 JavaThread "AgentSchedulerSchedulerThread#1" daemon [_thread_blocked, id=10902, stack(0x00007f5b2bbfc000,0x00007f5b2bcfd000)]
  0x00007f5b2f4c5000 JavaThread "TimeoutQueueMapThread#1" daemon [_thread_blocked, id=10901, stack(0x00007f5b2bcfd000,0x00007f5b2bdfe000)]
  0x00007f5b2ec75000 JavaThread "CollectionFunnelThread#1" daemon [_thread_blocked, id=10900, stack(0x00007f5b2bdfe000,0x00007f5b2beff000)]
  0x00007f5b2e98c000 JavaThread "H2 Log Writer DB" daemon [_thread_blocked, id=10887, stack(0x00007f5b2beff000,0x00007f5b2c000000)]
  0x0000000003f20000 JavaThread "H2 File Lock Watchdog /home/nwhitehead/.apmrouter/h2/db.lock.db" daemon [_thread_blocked, id=10886, stack(0x00007f5b3007d000,0x00007f5b3017e000)]
  0x0000000004e96000 JavaThread "PatternRouterWorkersThread#8" daemon [_thread_blocked, id=10880, stack(0x00007f5b3017e000,0x00007f5b3027f000)]
  0x0000000004e93800 JavaThread "PatternRouterWorkersThread#7" daemon [_thread_blocked, id=10878, stack(0x00007f5b3027f000,0x00007f5b30380000)]
  0x0000000004e92000 JavaThread "PatternRouterWorkersThread#6" daemon [_thread_blocked, id=10877, stack(0x00007f5b30380000,0x00007f5b30481000)]
  0x000000000136c800 JavaThread "PatternRouterWorkersThread#5" daemon [_thread_blocked, id=10876, stack(0x00007f5b30481000,0x00007f5b30582000)]
  0x000000000136a000 JavaThread "PatternRouterWorkersThread#4" daemon [_thread_blocked, id=10875, stack(0x00007f5b30582000,0x00007f5b30683000)]
  0x0000000001369800 JavaThread "PatternRouterWorkersThread#3" daemon [_thread_blocked, id=10874, stack(0x00007f5b307f9000,0x00007f5b308fa000)]
  0x0000000001926800 JavaThread "PatternRouterWorkersThread#2" daemon [_thread_blocked, id=10873, stack(0x00007f5b308fa000,0x00007f5b309fb000)]
  0x0000000001925000 JavaThread "PatternRouterWorkersThread#1" daemon [_thread_blocked, id=10872, stack(0x00007f5b309fb000,0x00007f5b30afc000)]
  0x0000000001923000 JavaThread "MetricConflationThread#1" daemon [_thread_blocked, id=10871, stack(0x00007f5b30afc000,0x00007f5b30bfd000)]
  0x000000000161e800 JavaThread "SpringEventPoolThread#1" daemon [_thread_blocked, id=10870, stack(0x00007f5b30bfd000,0x00007f5b30cfe000)]
  0x0000000004044800 JavaThread "MongoCleaner1807949421" daemon [_thread_blocked, id=10869, stack(0x00007f5b30683000,0x00007f5b30784000)]
  0x00007f5b2c265800 JavaThread "FileWatchdog" daemon [_thread_blocked, id=10868, stack(0x00007f5b30f06000,0x00007f5b31007000)]
  0x0000000000ba6000 JavaThread "Service Thread" daemon [_thread_blocked, id=10866, stack(0x00007f5b31716000,0x00007f5b31817000)]
  0x0000000000b9b000 JavaThread "C2 CompilerThread1" daemon [_thread_blocked, id=10865, stack(0x00007f5b31817000,0x00007f5b31918000)]
  0x0000000000b98000 JavaThread "C2 CompilerThread0" daemon [_thread_blocked, id=10864, stack(0x00007f5b31918000,0x00007f5b31a19000)]
  0x00007f5b2c001000 JavaThread "JDWP Command Reader" daemon [_thread_in_native, id=10861, stack(0x00007f5b31a19000,0x00007f5b31b1a000)]
  0x0000000000b8b800 JavaThread "JDWP Event Helper Thread" daemon [_thread_blocked, id=10859, stack(0x00007f5b31b1a000,0x00007f5b31c1b000)]
  0x0000000000b88000 JavaThread "JDWP Transport Listener: dt_socket" daemon [_thread_blocked, id=10857, stack(0x00007f5b31c1b000,0x00007f5b31d1c000)]
  0x0000000000b79800 JavaThread "Signal Dispatcher" daemon [_thread_blocked, id=10855, stack(0x00007f5b31f20000,0x00007f5b32021000)]
  0x0000000000b28000 JavaThread "Finalizer" daemon [_thread_blocked, id=10853, stack(0x00007f5b32021000,0x00007f5b32122000)]
  0x0000000000b25800 JavaThread "Reference Handler" daemon [_thread_blocked, id=10852, stack(0x00007f5b32122000,0x00007f5b32223000)]
  0x0000000000a99800 JavaThread "main" [_thread_in_Java, id=10847, stack(0x00007f5b3bf79000,0x00007f5b3c07a000)]

Other Threads:
  0x0000000000b1e000 VMThread [stack: 0x00007f5b32223000,0x00007f5b32324000] [id=10851]
  0x0000000000bb1000 WatcherThread [stack: 0x00007f5b31615000,0x00007f5b31716000] [id=10867]

VM state:not at safepoint (normal execution)

VM Mutex/Monitor currently owned by a thread: None

Heap
 PSYoungGen      total 65024K, used 51994K [0x00000000ebb60000, 0x00000000f4340000, 0x0000000100000000)
  eden space 62464K, 79% used [0x00000000ebb60000,0x00000000eeba74b0,0x00000000ef860000)
  from space 2560K, 99% used [0x00000000ef860000,0x00000000efadf498,0x00000000efae0000)
  to   space 7104K, 0% used [0x00000000f3c50000,0x00000000f3c50000,0x00000000f4340000)
 ParOldGen       total 41536K, used 7477K [0x00000000c3200000, 0x00000000c5a90000, 0x00000000ebb60000)
  object space 41536K, 18% used [0x00000000c3200000,0x00000000c394d488,0x00000000c5a90000)
 PSPermGen       total 22976K, used 22843K [0x00000000be000000, 0x00000000bf670000, 0x00000000c3200000)
  object space 22976K, 99% used [0x00000000be000000,0x00000000bf64ed38,0x00000000bf670000)

Card table byte_map: [0x00007f5b35b94000,0x00007f5b35da5000] byte_map_base: 0x00007f5b355a4000

Polling page: 0x00007f5b3c09d000

Code Cache  [0x00007f5b35da5000, 0x00007f5b36015000, 0x00007f5b38da5000)
 total_blobs=735 nmethods=367 adapters=328 free_code_cache=47465Kb largest_free_block=48553664

Compilation events (10 events):
Event: 7.288 Thread 0x0000000000b9b000  369             sun.nio.ch.NativeObject::putInt (15 bytes)
Event: 7.289 Thread 0x0000000000b9b000 nmethod 369 0x00007f5b35ee4f50 code [0x00007f5b35ee5080, 0x00007f5b35ee50d8]
Event: 7.289 Thread 0x0000000000b9b000  371             sun.nio.ch.EPollArrayWrapper::putData (22 bytes)
Event: 7.290 Thread 0x0000000000b9b000 nmethod 371 0x00007f5b35ea0b10 code [0x00007f5b35ea0c60, 0x00007f5b35ea0d38]
Event: 7.290 Thread 0x0000000000b9b000  372             sun.nio.ch.NativeObject::putLong (15 bytes)
Event: 7.290 Thread 0x0000000000b9b000 nmethod 372 0x00007f5b35f0bd50 code [0x00007f5b35f0be80, 0x00007f5b35f0bed8]
Event: 7.292 Thread 0x0000000000b98000  373             sun.nio.ch.EPollArrayWrapper::<init> (99 bytes)
Event: 7.300 Thread 0x0000000000b98000 nmethod 373 0x00007f5b35f0add0 code [0x00007f5b35f0af80, 0x00007f5b35f0b4c8]
Event: 15.716 Thread 0x0000000000b98000  374             java.io.UnixFileSystem::resolve (103 bytes)
Event: 15.726 Thread 0x0000000000b98000 nmethod 374 0x00007f5b35ebf990 code [0x00007f5b35ebfb40, 0x00007f5b35ec0338]

GC Heap History (10 events):
Event: 1.074 GC heap before
{Heap before GC invocations=1 (full 0):
 PSYoungGen      total 18176K, used 15616K [0x00000000ebb60000, 0x00000000ecfa0000, 0x0000000100000000)
  eden space 15616K, 100% used [0x00000000ebb60000,0x00000000ecaa0000,0x00000000ecaa0000)
  from space 2560K, 0% used [0x00000000ecd20000,0x00000000ecd20000,0x00000000ecfa0000)
  to   space 2560K, 0% used [0x00000000ecaa0000,0x00000000ecaa0000,0x00000000ecd20000)
 ParOldGen       total 41536K, used 0K [0x00000000c3200000, 0x00000000c5a90000, 0x00000000ebb60000)
  object space 41536K, 0% used [0x00000000c3200000,0x00000000c3200000,0x00000000c5a90000)
 PSPermGen       total 21248K, used 6730K [0x00000000be000000, 0x00000000bf4c0000, 0x00000000c3200000)
  object space 21248K, 31% used [0x00000000be000000,0x00000000be6928c8,0x00000000bf4c0000)
Event: 1.087 GC heap after
Heap after GC invocations=1 (full 0):
 PSYoungGen      total 18176K, used 2271K [0x00000000ebb60000, 0x00000000edee0000, 0x0000000100000000)
  eden space 15616K, 0% used [0x00000000ebb60000,0x00000000ebb60000,0x00000000ecaa0000)
  from space 2560K, 88% used [0x00000000ecaa0000,0x00000000eccd7e08,0x00000000ecd20000)
  to   space 2560K, 0% used [0x00000000edc60000,0x00000000edc60000,0x00000000edee0000)
 ParOldGen       total 41536K, used 8K [0x00000000c3200000, 0x00000000c5a90000, 0x00000000ebb60000)
  object space 41536K, 0% used [0x00000000c3200000,0x00000000c3202000,0x00000000c5a90000)
 PSPermGen       total 21248K, used 6730K [0x00000000be000000, 0x00000000bf4c0000, 0x00000000c3200000)
  object space 21248K, 31% used [0x00000000be000000,0x00000000be6928c8,0x00000000bf4c0000)
}
Event: 1.493 GC heap before
{Heap before GC invocations=2 (full 0):
 PSYoungGen      total 18176K, used 17887K [0x00000000ebb60000, 0x00000000edee0000, 0x0000000100000000)
  eden space 15616K, 100% used [0x00000000ebb60000,0x00000000ecaa0000,0x00000000ecaa0000)
  from space 2560K, 88% used [0x00000000ecaa0000,0x00000000eccd7e08,0x00000000ecd20000)
  to   space 2560K, 0% used [0x00000000edc60000,0x00000000edc60000,0x00000000edee0000)
 ParOldGen       total 41536K, used 8K [0x00000000c3200000, 0x00000000c5a90000, 0x00000000ebb60000)
  object space 41536K, 0% used [0x00000000c3200000,0x00000000c3202000,0x00000000c5a90000)
 PSPermGen       total 21248K, used 10027K [0x00000000be000000, 0x00000000bf4c0000, 0x00000000c3200000)
  object space 21248K, 47% used [0x00000000be000000,0x00000000be9caeb8,0x00000000bf4c0000)
Event: 1.502 GC heap after
Heap after GC invocations=2 (full 0):
 PSYoungGen      total 33792K, used 2557K [0x00000000ebb60000, 0x00000000edee0000, 0x0000000100000000)
  eden space 31232K, 0% used [0x00000000ebb60000,0x00000000ebb60000,0x00000000ed9e0000)
  from space 2560K, 99% used [0x00000000edc60000,0x00000000ededf708,0x00000000edee0000)
  to   space 2560K, 0% used [0x00000000ed9e0000,0x00000000ed9e0000,0x00000000edc60000)
 ParOldGen       total 41536K, used 108K [0x00000000c3200000, 0x00000000c5a90000, 0x00000000ebb60000)
  object space 41536K, 0% used [0x00000000c3200000,0x00000000c321b078,0x00000000c5a90000)
 PSPermGen       total 21248K, used 10027K [0x00000000be000000, 0x00000000bf4c0000, 0x00000000c3200000)
  object space 21248K, 47% used [0x00000000be000000,0x00000000be9caeb8,0x00000000bf4c0000)
}
Event: 2.693 GC heap before
{Heap before GC invocations=3 (full 0):
 PSYoungGen      total 33792K, used 33789K [0x00000000ebb60000, 0x00000000edee0000, 0x0000000100000000)
  eden space 31232K, 100% used [0x00000000ebb60000,0x00000000ed9e0000,0x00000000ed9e0000)
  from space 2560K, 99% used [0x00000000edc60000,0x00000000ededf708,0x00000000edee0000)
  to   space 2560K, 0% used [0x00000000ed9e0000,0x00000000ed9e0000,0x00000000edc60000)
 ParOldGen       total 41536K, used 108K [0x00000000c3200000, 0x00000000c5a90000, 0x00000000ebb60000)
  object space 41536K, 0% used [0x00000000c3200000,0x00000000c321b078,0x00000000c5a90000)
 PSPermGen       total 21248K, used 13003K [0x00000000be000000, 0x00000000bf4c0000, 0x00000000c3200000)
  object space 21248K, 61% used [0x00000000be000000,0x00000000becb2e88,0x00000000bf4c0000)
Event: 2.708 GC heap after
Heap after GC invocations=3 (full 0):
 PSYoungGen      total 33792K, used 2550K [0x00000000ebb60000, 0x00000000efd60000, 0x0000000100000000)
  eden space 31232K, 0% used [0x00000000ebb60000,0x00000000ebb60000,0x00000000ed9e0000)
  from space 2560K, 99% used [0x00000000ed9e0000,0x00000000edc5d848,0x00000000edc60000)
  to   space 2560K, 0% used [0x00000000efae0000,0x00000000efae0000,0x00000000efd60000)
 ParOldGen       total 41536K, used 1425K [0x00000000c3200000, 0x00000000c5a90000, 0x00000000ebb60000)
  object space 41536K, 3% used [0x00000000c3200000,0x00000000c33644a0,0x00000000c5a90000)
 PSPermGen       total 21248K, used 13003K [0x00000000be000000, 0x00000000bf4c0000, 0x00000000c3200000)
  object space 21248K, 61% used [0x00000000be000000,0x00000000becb2e88,0x00000000bf4c0000)
}
Event: 3.519 GC heap before
{Heap before GC invocations=4 (full 0):
 PSYoungGen      total 33792K, used 33782K [0x00000000ebb60000, 0x00000000efd60000, 0x0000000100000000)
  eden space 31232K, 100% used [0x00000000ebb60000,0x00000000ed9e0000,0x00000000ed9e0000)
  from space 2560K, 99% used [0x00000000ed9e0000,0x00000000edc5d848,0x00000000edc60000)
  to   space 2560K, 0% used [0x00000000efae0000,0x00000000efae0000,0x00000000efd60000)
 ParOldGen       total 41536K, used 1425K [0x00000000c3200000, 0x00000000c5a90000, 0x00000000ebb60000)
  object space 41536K, 3% used [0x00000000c3200000,0x00000000c33644a0,0x00000000c5a90000)
 PSPermGen       total 21248K, used 13208K [0x00000000be000000, 0x00000000bf4c0000, 0x00000000c3200000)
  object space 21248K, 62% used [0x00000000be000000,0x00000000bece6040,0x00000000bf4c0000)
Event: 3.544 GC heap after
Heap after GC invocations=4 (full 0):
 PSYoungGen      total 65024K, used 2534K [0x00000000ebb60000, 0x00000000efd60000, 0x0000000100000000)
  eden space 62464K, 0% used [0x00000000ebb60000,0x00000000ebb60000,0x00000000ef860000)
  from space 2560K, 98% used [0x00000000efae0000,0x00000000efd59858,0x00000000efd60000)
  to   space 2560K, 0% used [0x00000000ef860000,0x00000000ef860000,0x00000000efae0000)
 ParOldGen       total 41536K, used 2700K [0x00000000c3200000, 0x00000000c5a90000, 0x00000000ebb60000)
  object space 41536K, 6% used [0x00000000c3200000,0x00000000c34a33c0,0x00000000c5a90000)
 PSPermGen       total 21248K, used 13208K [0x00000000be000000, 0x00000000bf4c0000, 0x00000000c3200000)
  object space 21248K, 62% used [0x00000000be000000,0x00000000bece6040,0x00000000bf4c0000)
}
Event: 5.605 GC heap before
{Heap before GC invocations=5 (full 0):
 PSYoungGen      total 65024K, used 64998K [0x00000000ebb60000, 0x00000000efd60000, 0x0000000100000000)
  eden space 62464K, 100% used [0x00000000ebb60000,0x00000000ef860000,0x00000000ef860000)
  from space 2560K, 98% used [0x00000000efae0000,0x00000000efd59858,0x00000000efd60000)
  to   space 2560K, 0% used [0x00000000ef860000,0x00000000ef860000,0x00000000efae0000)
 ParOldGen       total 41536K, used 2700K [0x00000000c3200000, 0x00000000c5a90000, 0x00000000ebb60000)
  object space 41536K, 6% used [0x00000000c3200000,0x00000000c34a33c0,0x00000000c5a90000)
 PSPermGen       total 21248K, used 16790K [0x00000000be000000, 0x00000000bf4c0000, 0x00000000c3200000)
  object space 21248K, 79% used [0x00000000be000000,0x00000000bf065a08,0x00000000bf4c0000)
Event: 5.654 GC heap after
Heap after GC invocations=5 (full 0):
 PSYoungGen      total 65024K, used 2557K [0x00000000ebb60000, 0x00000000f4340000, 0x0000000100000000)
  eden space 62464K, 0% used [0x00000000ebb60000,0x00000000ebb60000,0x00000000ef860000)
  from space 2560K, 99% used [0x00000000ef860000,0x00000000efadf498,0x00000000efae0000)
  to   space 7104K, 0% used [0x00000000f3c50000,0x00000000f3c50000,0x00000000f4340000)
 ParOldGen       total 41536K, used 7477K [0x00000000c3200000, 0x00000000c5a90000, 0x00000000ebb60000)
  object space 41536K, 18% used [0x00000000c3200000,0x00000000c394d488,0x00000000c5a90000)
 PSPermGen       total 21248K, used 16790K [0x00000000be000000, 0x00000000bf4c0000, 0x00000000c3200000)
  object space 21248K, 79% used [0x00000000be000000,0x00000000bf065a08,0x00000000bf4c0000)
}

Deoptimization events (10 events):
Event: 7.176 Thread 0x0000000000a99800 Uncommon trap -25 fr.pc 0x00007f5b35e8e714
Event: 7.238 Thread 0x0000000000a99800 Uncommon trap -75 fr.pc 0x00007f5b35e9c3dc
Event: 7.238 Thread 0x0000000000a99800 Uncommon trap -83 fr.pc 0x00007f5b35e93f80
Event: 7.238 Thread 0x0000000000a99800 Uncommon trap -34 fr.pc 0x00007f5b35e8fbe0
Event: 7.238 Thread 0x0000000000a99800 Uncommon trap -34 fr.pc 0x00007f5b35e6f4b8
Event: 7.239 Thread 0x0000000000a99800 Uncommon trap -34 fr.pc 0x00007f5b35e8fbe0
Event: 7.239 Thread 0x0000000000a99800 Uncommon trap -34 fr.pc 0x00007f5b35e6f4b8
Event: 7.239 Thread 0x0000000000a99800 Uncommon trap -34 fr.pc 0x00007f5b35e8fbe0
Event: 7.239 Thread 0x0000000000a99800 Uncommon trap -34 fr.pc 0x00007f5b35e8fbe0
Event: 7.242 Thread 0x0000000000a99800 Uncommon trap -34 fr.pc 0x00007f5b35e96820

Internal exceptions (10 events):
Event: 7.364 Thread 0x0000000000a99800 Threw 0x00000000eeaa6420 at /HUDSON/workspace/jdk7u9-2-build-linux-amd64-product/jdk7u9/hotspot/src/share/vm/prims/jvm.cpp:1166
Event: 7.365 Thread 0x0000000000a99800 Threw 0x00000000eeaace38 at /HUDSON/workspace/jdk7u9-2-build-linux-amd64-product/jdk7u9/hotspot/src/share/vm/prims/jvm.cpp:1166
Event: 7.366 Thread 0x0000000000a99800 Threw 0x00000000eeab7c20 at /HUDSON/workspace/jdk7u9-2-build-linux-amd64-product/jdk7u9/hotspot/src/share/vm/prims/jvm.cpp:1166
Event: 7.367 Thread 0x0000000000a99800 Threw 0x00000000eeac50a0 at /HUDSON/workspace/jdk7u9-2-build-linux-amd64-product/jdk7u9/hotspot/src/share/vm/prims/jvm.cpp:1166
Event: 7.373 Thread 0x00007f5b2ee43800 Threw 0x00000000eeb0bc08 at /HUDSON/workspace/jdk7u9-2-build-linux-amd64-product/jdk7u9/hotspot/src/share/vm/prims/jvm.cpp:1166
Event: 7.374 Thread 0x00007f5b2ee43800 Threw 0x00000000eeb12868 at /HUDSON/workspace/jdk7u9-2-build-linux-amd64-product/jdk7u9/hotspot/src/share/vm/prims/jvm.cpp:1166
Event: 7.375 Thread 0x00007f5b2ee43800 Threw 0x00000000eeb1a7b8 at /HUDSON/workspace/jdk7u9-2-build-linux-amd64-product/jdk7u9/hotspot/src/share/vm/prims/jvm.cpp:1166
Event: 7.376 Thread 0x00007f5b2ee43800 Threw 0x00000000eeb21b90 at /HUDSON/workspace/jdk7u9-2-build-linux-amd64-product/jdk7u9/hotspot/src/share/vm/prims/jvm.cpp:1166
Event: 15.713 Thread 0x00007f5b2ee43800 Threw 0x00000000eeb26f98 at /HUDSON/workspace/jdk7u9-2-build-linux-amd64-product/jdk7u9/hotspot/src/share/vm/prims/jvm.cpp:1166
Event: 15.716 Thread 0x00007f5b2ee43800 Threw 0x00000000eeb2d358 at /HUDSON/workspace/jdk7u9-2-build-linux-amd64-product/jdk7u9/hotspot/src/share/vm/prims/jvm.cpp:1166

Events (10 events):
Event: 15.730 Executing VM operation: GetCurrentLocation
Event: 15.730 Executing VM operation: GetCurrentLocation done
Event: 15.730 Executing VM operation: ChangeSingleStep
Event: 15.730 Executing VM operation: ChangeSingleStep done
Event: 15.730 Executing VM operation: ChangeSingleStep
Event: 15.730 Executing VM operation: ChangeSingleStep done
Event: 15.736 Executing VM operation: GetOrSetLocal
Event: 15.736 Executing VM operation: GetOrSetLocal done
Event: 15.846 Executing VM operation: GetOrSetLocal
Event: 15.846 Executing VM operation: GetOrSetLocal done


Dynamic libraries:
00400000-00401000 r-xp 00000000 08:01 1836780                            /usr/lib/jvm/jdk1.7.0_09/bin/java
00600000-00601000 rw-p 00000000 08:01 1836780                            /usr/lib/jvm/jdk1.7.0_09/bin/java
00a89000-05582000 rw-p 00000000 00:00 0                                  [heap]
be000000-bf670000 rw-p 00000000 00:00 0 
bf670000-c3200000 rw-p 00000000 00:00 0 
c3200000-c5a90000 rw-p 00000000 00:00 0 
c5a90000-ebb60000 rw-p 00000000 00:00 0 
ebb60000-f4340000 rw-p 00000000 00:00 0 
f4340000-100000000 rw-p 00000000 00:00 0 
7f5b2b5f6000-7f5b2b5f9000 ---p 00000000 00:00 0 
7f5b2b5f9000-7f5b2b6f7000 rw-p 00000000 00:00 0 
7f5b2b6f7000-7f5b2b6fa000 ---p 00000000 00:00 0 
7f5b2b6fa000-7f5b2b7f8000 rw-p 00000000 00:00 0 
7f5b2b7f8000-7f5b2b7fb000 ---p 00000000 00:00 0 
7f5b2b7fb000-7f5b2b8f9000 rw-p 00000000 00:00 0 
7f5b2b8f9000-7f5b2b8fc000 ---p 00000000 00:00 0 
7f5b2b8fc000-7f5b2b9fa000 rw-p 00000000 00:00 0 
7f5b2b9fa000-7f5b2b9fd000 ---p 00000000 00:00 0 
7f5b2b9fd000-7f5b2bafb000 rw-p 00000000 00:00 0 
7f5b2bafb000-7f5b2bafe000 ---p 00000000 00:00 0 
7f5b2bafe000-7f5b2bbfc000 rw-p 00000000 00:00 0 
7f5b2bbfc000-7f5b2bbff000 ---p 00000000 00:00 0 
7f5b2bbff000-7f5b2bcfd000 rw-p 00000000 00:00 0 
7f5b2bcfd000-7f5b2bd00000 ---p 00000000 00:00 0 
7f5b2bd00000-7f5b2bdfe000 rw-p 00000000 00:00 0 
7f5b2bdfe000-7f5b2be01000 ---p 00000000 00:00 0 
7f5b2be01000-7f5b2beff000 rw-p 00000000 00:00 0 
7f5b2beff000-7f5b2bf02000 ---p 00000000 00:00 0 
7f5b2bf02000-7f5b2c000000 rw-p 00000000 00:00 0 
7f5b2c000000-7f5b2f927000 rw-p 00000000 00:00 0 
7f5b2f927000-7f5b30000000 ---p 00000000 00:00 0 
7f5b3007d000-7f5b30080000 ---p 00000000 00:00 0 
7f5b30080000-7f5b3017e000 rw-p 00000000 00:00 0 
7f5b3017e000-7f5b30181000 ---p 00000000 00:00 0 
7f5b30181000-7f5b3027f000 rw-p 00000000 00:00 0 
7f5b3027f000-7f5b30282000 ---p 00000000 00:00 0 
7f5b30282000-7f5b30380000 rw-p 00000000 00:00 0 
7f5b30380000-7f5b30383000 ---p 00000000 00:00 0 
7f5b30383000-7f5b30481000 rw-p 00000000 00:00 0 
7f5b30481000-7f5b30484000 ---p 00000000 00:00 0 
7f5b30484000-7f5b30582000 rw-p 00000000 00:00 0 
7f5b30582000-7f5b30585000 ---p 00000000 00:00 0 
7f5b30585000-7f5b30683000 rw-p 00000000 00:00 0 
7f5b30683000-7f5b30686000 ---p 00000000 00:00 0 
7f5b30686000-7f5b30784000 rw-p 00000000 00:00 0 
7f5b307f9000-7f5b307fc000 ---p 00000000 00:00 0 
7f5b307fc000-7f5b308fa000 rw-p 00000000 00:00 0 
7f5b308fa000-7f5b308fd000 ---p 00000000 00:00 0 
7f5b308fd000-7f5b309fb000 rw-p 00000000 00:00 0 
7f5b309fb000-7f5b309fe000 ---p 00000000 00:00 0 
7f5b309fe000-7f5b30afc000 rw-p 00000000 00:00 0 
7f5b30afc000-7f5b30aff000 ---p 00000000 00:00 0 
7f5b30aff000-7f5b30bfd000 rw-p 00000000 00:00 0 
7f5b30bfd000-7f5b30c00000 ---p 00000000 00:00 0 
7f5b30c00000-7f5b30cfe000 rw-p 00000000 00:00 0 
7f5b30cfe000-7f5b30d06000 r-xp 00000000 08:01 1858645                    /usr/lib/jvm/jdk1.7.0_09/jre/lib/amd64/libmanagement.so
7f5b30d06000-7f5b30f05000 ---p 00008000 08:01 1858645                    /usr/lib/jvm/jdk1.7.0_09/jre/lib/amd64/libmanagement.so
7f5b30f05000-7f5b30f06000 rw-p 00007000 08:01 1858645                    /usr/lib/jvm/jdk1.7.0_09/jre/lib/amd64/libmanagement.so
7f5b30f06000-7f5b30f09000 ---p 00000000 00:00 0 
7f5b30f09000-7f5b31007000 rw-p 00000000 00:00 0 
7f5b31007000-7f5b3101c000 r-xp 00000000 08:01 1858605                    /usr/lib/jvm/jdk1.7.0_09/jre/lib/amd64/libnet.so
7f5b3101c000-7f5b3121c000 ---p 00015000 08:01 1858605                    /usr/lib/jvm/jdk1.7.0_09/jre/lib/amd64/libnet.so
7f5b3121c000-7f5b3121d000 rw-p 00015000 08:01 1858605                    /usr/lib/jvm/jdk1.7.0_09/jre/lib/amd64/libnet.so
7f5b3121d000-7f5b3122d000 r-xp 00000000 08:01 1858600                    /usr/lib/jvm/jdk1.7.0_09/jre/lib/amd64/libnio.so
7f5b3122d000-7f5b3142d000 ---p 00010000 08:01 1858600                    /usr/lib/jvm/jdk1.7.0_09/jre/lib/amd64/libnio.so
7f5b3142d000-7f5b3142e000 rw-p 00010000 08:01 1858600                    /usr/lib/jvm/jdk1.7.0_09/jre/lib/amd64/libnio.so
7f5b3142e000-7f5b31438000 r--s 00254000 08:01 1858108                    /usr/lib/jvm/jdk1.7.0_09/jre/lib/resources.jar
7f5b31438000-7f5b31442000 r--s 0008a000 08:01 1971128                    /home/nwhitehead/.m2/repository/org/apache/zookeeper/zookeeper/3.3.4/zookeeper-3.3.4.jar
7f5b31442000-7f5b31447000 r--s 00016000 08:01 1835747                    /home/nwhitehead/.m2/repository/xml-apis/xml-apis/1.0.b2/xml-apis-1.0.b2.jar
7f5b31447000-7f5b3144e000 r--s 00032000 08:01 2100553                    /home/nwhitehead/.m2/repository/org/springframework/spring-tx/3.0.7.RELEASE/spring-tx-3.0.7.RELEASE.jar
7f5b3144e000-7f5b31454000 r--s 00033000 08:01 2100576                    /home/nwhitehead/.m2/repository/org/springframework/spring-test/3.1.1.RELEASE/spring-test-3.1.1.RELEASE.jar
7f5b31454000-7f5b3145e000 r--s 00055000 08:01 2100556                    /home/nwhitehead/.m2/repository/org/springframework/spring-jdbc/3.0.7.RELEASE/spring-jdbc-3.0.7.RELEASE.jar
7f5b3145e000-7f5b31462000 r--s 00026000 08:01 2100550                    /home/nwhitehead/.m2/repository/org/springframework/spring-expression/3.0.7.RELEASE/spring-expression-3.0.7.RELEASE.jar
7f5b31462000-7f5b3146a000 r--s 00041000 08:01 2106676                    /home/nwhitehead/.m2/repository/org/springframework/data/spring-data-mongodb/1.0.4.RELEASE/spring-data-mongodb-1.0.4.RELEASE.jar
7f5b3146a000-7f5b31470000 r--s 0002d000 08:01 2106631                    /home/nwhitehead/.m2/repository/org/springframework/data/spring-data-commons-core/1.2.1.RELEASE/spring-data-commons-core-1.2.1.RELEASE.jar
7f5b31470000-7f5b31479000 r--s 00055000 08:01 2098467                    /home/nwhitehead/.m2/repository/org/springframework/spring-core/3.0.7.RELEASE/spring-core-3.0.7.RELEASE.jar
7f5b31479000-7f5b3148a000 r--s 00093000 08:01 2098449                    /home/nwhitehead/.m2/repository/org/springframework/spring-context/3.0.7.RELEASE/spring-context-3.0.7.RELEASE.jar
7f5b3148a000-7f5b31495000 r--s 0007d000 08:01 2098464                    /home/nwhitehead/.m2/repository/org/springframework/spring-beans/3.0.7.RELEASE/spring-beans-3.0.7.RELEASE.jar
7f5b31495000-7f5b31496000 r--s 0000c000 08:01 2098411                    /home/nwhitehead/.m2/repository/org/springframework/spring-asm/3.0.7.RELEASE/spring-asm-3.0.7.RELEASE.jar
7f5b31496000-7f5b3149f000 r--s 00046000 08:01 2098457                    /home/nwhitehead/.m2/repository/org/springframework/spring-aop/3.0.7.RELEASE/spring-aop-3.0.7.RELEASE.jar
7f5b3149f000-7f5b314a0000 r--s 00002000 08:01 2098458                    /home/nwhitehead/.m2/repository/org/slf4j/slf4j-log4j12/1.6.6/slf4j-log4j12-1.6.6.jar
7f5b314a0000-7f5b314a2000 r--s 00005000 08:01 2098454                    /home/nwhitehead/.m2/repository/org/slf4j/slf4j-api/1.6.6/slf4j-api-1.6.6.jar
7f5b314a2000-7f5b314aa000 r--s 0004a000 08:01 2098420                    /home/nwhitehead/.m2/repository/org/springframework/org.springframework.orm/3.0.7.RELEASE/org.springframework.orm-3.0.7.RELEASE.jar
7f5b314aa000-7f5b314ac000 r--s 00008000 08:01 1859210                    /home/nwhitehead/.m2/repository/com/cgbystrom/netty-tools/1.2.7/netty-tools-1.2.7.jar
7f5b314ac000-7f5b314af000 r--s 0000d000 08:01 1858866                    /home/nwhitehead/.m2/repository/org/helios/nash/1.0-SNAPSHOT/nash-1.0-SNAPSHOT.jar
7f5b314af000-7f5b314b4000 r--s 00043000 08:01 1897640                    /home/nwhitehead/.m2/repository/org/mongodb/mongo-java-driver/2.7.1/mongo-java-driver-2.7.1.jar
7f5b314b4000-7f5b314bd000 r--s 0004d000 08:01 1846066                    /home/nwhitehead/.m2/repository/ch/qos/logback/logback-core/1.0.6/logback-core-1.0.6.jar
7f5b314bd000-7f5b314c3000 r--s 00038000 08:01 1846088                    /home/nwhitehead/.m2/repository/ch/qos/logback/logback-classic/1.0.6/logback-classic-1.0.6.jar
7f5b314c3000-7f5b314c5000 r--s 00004000 08:01 2098465                    /home/nwhitehead/.m2/repository/org/slf4j/log4j-over-slf4j/1.6.4/log4j-over-slf4j-1.6.4.jar
7f5b314c5000-7f5b314c8000 r--s 00006000 08:01 3698766                    /home/nwhitehead/.m2/repository/com/google/code/findbugs/jsr305/1.3.9/jsr305-1.3.9.jar
7f5b314c8000-7f5b314ca000 r--s 00001000 08:01 4456612                    /home/nwhitehead/.m2/repository/net/javacrumbs/json-xml/1.2/json-xml-1.2.jar
7f5b314ca000-7f5b314cb000 r--s 00005000 08:01 3025780                    /home/nwhitehead/.m2/repository/com/googlecode/json-simple/json-simple/1.1.1/json-simple-1.1.1.jar
7f5b314cb000-7f5b314cd000 r--s 0000a000 08:01 1846472                    /home/nwhitehead/.m2/repository/org/json/json/20090211/json-20090211.jar
7f5b314cd000-7f5b314cf000 r--s 00003000 08:01 2098459                    /home/nwhitehead/.m2/repository/org/slf4j/jcl-over-slf4j/1.6.4/jcl-over-slf4j-1.6.4.jar
7f5b314cf000-7f5b314d2000 r--s 00018000 08:01 4347811                    /home/nwhitehead/.m2/repository/org/fusesource/jansi/jansi/1.4/jansi-1.4.jar
7f5b314d2000-7f5b314d6000 r--s 00034000 08:01 1971132                    /home/nwhitehead/.m2/repository/org/codehaus/jackson/jackson-core-asl/1.8.1/jackson-core-asl-1.8.1.jar
7f5b314d6000-7f5b314d8000 r--s 00016000 08:01 1858774                    /home/nwhitehead/.m2/repository/com/github/stephenc/high-scale-lib/high-scale-lib/1.1.4/high-scale-lib-1.1.4.jar
7f5b314d8000-7f5b314fb000 r--s 00211000 08:01 2240994                    /home/nwhitehead/.m2/repository/org/hibernate/hibernate-core/3.3.2.GA/hibernate-core-3.3.2.GA.jar
7f5b314fb000-7f5b31505000 r--s 0012f000 08:01 1858783                    /home/nwhitehead/.m2/repository/com/h2database/h2/1.3.168/h2-1.3.168.jar
7f5b31505000-7f5b31527000 r--s 00195000 08:01 3675761                    /home/nwhitehead/.m2/repository/com/google/guava/guava/12.0/guava-12.0.jar
7f5b31527000-7f5b3152c000 r--s 0002a000 08:01 3675752                    /home/nwhitehead/.m2/repository/com/google/code/gson/gson/2.2.2/gson-2.2.2.jar
7f5b3152c000-7f5b3158b000 r--s 00589000 08:01 1858790                    /home/nwhitehead/.m2/repository/org/codehaus/groovy/groovy-all/2.0.1/groovy-all-2.0.1.jar
7f5b3158b000-7f5b31590000 r--s 00048000 08:01 1836869                    /home/nwhitehead/.m2/repository/dom4j/dom4j/1.6.1/dom4j-1.6.1.jar
7f5b31590000-7f5b31593000 r--s 0000e000 08:01 1863083                    /home/nwhitehead/.m2/repository/de/flapdoodle/embed/de.flapdoodle.embed.process/1.24/de.flapdoodle.embed.process-1.24.jar
7f5b31593000-7f5b31595000 r--s 00005000 08:01 1863082                    /home/nwhitehead/.m2/repository/de/flapdoodle/embed/de.flapdoodle.embed.mongo/1.26/de.flapdoodle.embed.mongo-1.26.jar
7f5b31595000-7f5b31598000 r--s 0002a000 08:01 4456613                    /home/nwhitehead/.m2/repository/net/opentsdb/core/1.1.0/core-1.1.0.jar
7f5b31598000-7f5b3159b000 r--s 00015000 08:01 1836071                    /home/nwhitehead/.m2/repository/commons-pool/commons-pool/1.5.4/commons-pool-1.5.4.jar
7f5b3159b000-7f5b3159d000 r--s 0000d000 08:01 1849525                    /home/nwhitehead/.m2/repository/commons-logging/commons-logging/1.1.1/commons-logging-1.1.1.jar
7f5b3159d000-7f5b315a1000 r--s 00027000 08:01 1863084                    /home/nwhitehead/.m2/repository/commons-io/commons-io/2.2/commons-io-2.2.jar
7f5b315a1000-7f5b315a4000 r--s 00025000 08:01 1858769                    /home/nwhitehead/.m2/repository/commons-dbcp/commons-dbcp/1.4/commons-dbcp-1.4.jar
7f5b315a4000-7f5b315a9000 r--s 00032000 08:01 1976205                    /home/nwhitehead/.m2/repository/org/apache/commons/commons-compress/1.3/commons-compress-1.3.jar
7f5b315a9000-7f5b315b6000 r--s 0007c000 08:01 1836641                    /home/nwhitehead/.m2/repository/commons-collections/commons-collections/3.1/commons-collections-3.1.jar
7f5b315b6000-7f5b315b9000 r--s 00012000 08:01 1970991                    /home/nwhitehead/.m2/repository/org/apache/camel/camel-test-spring/2.10.0/camel-test-spring-2.10.0.jar
7f5b315b9000-7f5b315bb000 r--s 0000c000 08:01 1971113                    /home/nwhitehead/.m2/repository/org/apache/camel/camel-test/2.10.0/camel-test-2.10.0.jar
7f5b315bb000-7f5b315c0000 r--s 00033000 08:01 1971135                    /home/nwhitehead/.m2/repository/org/apache/camel/camel-spring/2.10.0/camel-spring-2.10.0.jar
7f5b315c0000-7f5b315c2000 r--s 0000e000 08:01 1971138                    /home/nwhitehead/.m2/repository/org/apache/camel/camel-netty/2.10.0/camel-netty-2.10.0.jar
7f5b315c2000-7f5b315eb000 r--s 001f1000 08:01 1969727                    /home/nwhitehead/.m2/repository/org/apache/camel/camel-core/2.10.0/camel-core-2.10.0.jar
7f5b315eb000-7f5b315ef000 r--s 00024000 08:01 1858773                    /home/nwhitehead/.m2/repository/org/hbase/asynchbase/1.3.2/asynchbase-1.3.2.jar
7f5b315ef000-7f5b315f8000 r--s 0006c000 08:01 1858778                    /home/nwhitehead/.m2/repository/com/ning/async-http-client/1.7.6/async-http-client-1.7.6.jar
7f5b315f8000-7f5b315f9000 r--s 00003000 08:01 1858770                    /home/nwhitehead/.m2/repository/com/stumbleupon/async/1.2.0/async-1.2.0.jar
7f5b315f9000-7f5b315ff000 r--s 00054000 08:01 5375779                    /home/nwhitehead/.m2/repository/org/snmp4j/snmp4j/1.9.1f/snmp4j-1.9.1f.jar
7f5b315ff000-7f5b31615000 r--s 000fd000 08:01 2229165                    /home/nwhitehead/.m2/repository/io/netty/netty/3.5.8.Final/netty-3.5.8.Final.jar
7f5b31615000-7f5b31616000 ---p 00000000 00:00 0 
7f5b31616000-7f5b31716000 rw-p 00000000 00:00 0 
7f5b31716000-7f5b31719000 ---p 00000000 00:00 0 
7f5b31719000-7f5b31817000 rw-p 00000000 00:00 0 
7f5b31817000-7f5b3181a000 ---p 00000000 00:00 0 
7f5b3181a000-7f5b31918000 rw-p 00000000 00:00 0 
7f5b31918000-7f5b3191b000 ---p 00000000 00:00 0 
7f5b3191b000-7f5b31a19000 rw-p 00000000 00:00 0 
7f5b31a19000-7f5b31a1c000 ---p 00000000 00:00 0 
7f5b31a1c000-7f5b31b1a000 rw-p 00000000 00:00 0 
7f5b31b1a000-7f5b31b1d000 ---p 00000000 00:00 0 
7f5b31b1d000-7f5b31c1b000 rw-p 00000000 00:00 0 
7f5b31c1b000-7f5b31c1e000 ---p 00000000 00:00 0 
7f5b31c1e000-7f5b31d1c000 rw-p 00000000 00:00 0 
7f5b31d1c000-7f5b31d20000 r-xp 00000000 08:01 1858620                    /usr/lib/jvm/jdk1.7.0_09/jre/lib/amd64/libdt_socket.so
7f5b31d20000-7f5b31f1f000 ---p 00004000 08:01 1858620                    /usr/lib/jvm/jdk1.7.0_09/jre/lib/amd64/libdt_socket.so
7f5b31f1f000-7f5b31f20000 rw-p 00003000 08:01 1858620                    /usr/lib/jvm/jdk1.7.0_09/jre/lib/amd64/libdt_socket.so
7f5b31f20000-7f5b31f23000 ---p 00000000 00:00 0 
7f5b31f23000-7f5b32021000 rw-p 00000000 00:00 0 
7f5b32021000-7f5b32024000 ---p 00000000 00:00 0 
7f5b32024000-7f5b32122000 rw-p 00000000 00:00 0 
7f5b32122000-7f5b32125000 ---p 00000000 00:00 0 
7f5b32125000-7f5b32223000 rw-p 00000000 00:00 0 
7f5b32223000-7f5b32224000 ---p 00000000 00:00 0 
7f5b32224000-7f5b32d00000 rw-p 00000000 00:00 0 
7f5b32d00000-7f5b32ebc000 r--s 039da000 08:01 1858659                    /usr/lib/jvm/jdk1.7.0_09/jre/lib/rt.jar
7f5b32ebc000-7f5b35824000 rw-p 00000000 00:00 0 
7f5b35824000-7f5b35825000 ---p 00000000 00:00 0 
7f5b35825000-7f5b35925000 rw-p 00000000 00:00 0 
7f5b35925000-7f5b35926000 ---p 00000000 00:00 0 
7f5b35926000-7f5b35a32000 rw-p 00000000 00:00 0 
7f5b35a32000-7f5b35a4f000 rw-p 00000000 00:00 0 
7f5b35a4f000-7f5b35a64000 rw-p 00000000 00:00 0 
7f5b35a64000-7f5b35b94000 rw-p 00000000 00:00 0 
7f5b35b94000-7f5b35ba0000 rw-p 00000000 00:00 0 
7f5b35ba0000-7f5b35bbd000 rw-p 00000000 00:00 0 
7f5b35bbd000-7f5b35bd2000 rw-p 00000000 00:00 0 
7f5b35bd2000-7f5b35d01000 rw-p 00000000 00:00 0 
7f5b35d01000-7f5b35d46000 rw-p 00000000 00:00 0 
7f5b35d46000-7f5b35da4000 rw-p 00000000 00:00 0 
7f5b35da4000-7f5b35da5000 rw-p 00000000 00:00 0 
7f5b35da5000-7f5b36015000 rwxp 00000000 00:00 0 
7f5b36015000-7f5b38da5000 rw-p 00000000 00:00 0 
7f5b38da5000-7f5b38dbf000 r-xp 00000000 08:01 1858648                    /usr/lib/jvm/jdk1.7.0_09/jre/lib/amd64/libzip.so
7f5b38dbf000-7f5b38fbf000 ---p 0001a000 08:01 1858648                    /usr/lib/jvm/jdk1.7.0_09/jre/lib/amd64/libzip.so
7f5b38fbf000-7f5b38fc0000 rw-p 0001a000 08:01 1858648                    /usr/lib/jvm/jdk1.7.0_09/jre/lib/amd64/libzip.so
7f5b38fc0000-7f5b38fcc000 r-xp 00000000 08:01 2490502                    /lib/libnss_files-2.12.1.so
7f5b38fcc000-7f5b391cb000 ---p 0000c000 08:01 2490502                    /lib/libnss_files-2.12.1.so
7f5b391cb000-7f5b391cc000 r--p 0000b000 08:01 2490502                    /lib/libnss_files-2.12.1.so
7f5b391cc000-7f5b391cd000 rw-p 0000c000 08:01 2490502                    /lib/libnss_files-2.12.1.so
7f5b391cd000-7f5b391d7000 r-xp 00000000 08:01 2490525                    /lib/libnss_nis-2.12.1.so
7f5b391d7000-7f5b393d6000 ---p 0000a000 08:01 2490525                    /lib/libnss_nis-2.12.1.so
7f5b393d6000-7f5b393d7000 r--p 00009000 08:01 2490525                    /lib/libnss_nis-2.12.1.so
7f5b393d7000-7f5b393d8000 rw-p 0000a000 08:01 2490525                    /lib/libnss_nis-2.12.1.so
7f5b393d8000-7f5b393ef000 r-xp 00000000 08:01 2490479                    /lib/libnsl-2.12.1.so
7f5b393ef000-7f5b395ee000 ---p 00017000 08:01 2490479                    /lib/libnsl-2.12.1.so
7f5b395ee000-7f5b395ef000 r--p 00016000 08:01 2490479                    /lib/libnsl-2.12.1.so
7f5b395ef000-7f5b395f0000 rw-p 00017000 08:01 2490479                    /lib/libnsl-2.12.1.so
7f5b395f0000-7f5b395f2000 rw-p 00000000 00:00 0 
7f5b395f2000-7f5b395fa000 r-xp 00000000 08:01 2490489                    /lib/libnss_compat-2.12.1.so
7f5b395fa000-7f5b397f9000 ---p 00008000 08:01 2490489                    /lib/libnss_compat-2.12.1.so
7f5b397f9000-7f5b397fa000 r--p 00007000 08:01 2490489                    /lib/libnss_compat-2.12.1.so
7f5b397fa000-7f5b397fb000 rw-p 00008000 08:01 2490489                    /lib/libnss_compat-2.12.1.so
7f5b397fb000-7f5b39a9f000 r--p 00000000 08:01 2623986                    /usr/lib/locale/locale-archive
7f5b39a9f000-7f5b39aa2000 r-xp 00000000 08:01 1858611                    /usr/lib/jvm/jdk1.7.0_09/jre/lib/amd64/libnpt.so
7f5b39aa2000-7f5b39ca1000 ---p 00003000 08:01 1858611                    /usr/lib/jvm/jdk1.7.0_09/jre/lib/amd64/libnpt.so
7f5b39ca1000-7f5b39ca2000 rw-p 00002000 08:01 1858611                    /usr/lib/jvm/jdk1.7.0_09/jre/lib/amd64/libnpt.so
7f5b39ca2000-7f5b39cdb000 r-xp 00000000 08:01 1858652                    /usr/lib/jvm/jdk1.7.0_09/jre/lib/amd64/libjdwp.so
7f5b39cdb000-7f5b39eda000 ---p 00039000 08:01 1858652                    /usr/lib/jvm/jdk1.7.0_09/jre/lib/amd64/libjdwp.so
7f5b39eda000-7f5b39edc000 rw-p 00038000 08:01 1858652                    /usr/lib/jvm/jdk1.7.0_09/jre/lib/amd64/libjdwp.so
7f5b39edc000-7f5b39f05000 r-xp 00000000 08:01 1858634                    /usr/lib/jvm/jdk1.7.0_09/jre/lib/amd64/libjava.so
7f5b39f05000-7f5b3a105000 ---p 00029000 08:01 1858634                    /usr/lib/jvm/jdk1.7.0_09/jre/lib/amd64/libjava.so
7f5b3a105000-7f5b3a107000 rw-p 00029000 08:01 1858634                    /usr/lib/jvm/jdk1.7.0_09/jre/lib/amd64/libjava.so
7f5b3a107000-7f5b3a114000 r-xp 00000000 08:01 1858632                    /usr/lib/jvm/jdk1.7.0_09/jre/lib/amd64/libverify.so
7f5b3a114000-7f5b3a313000 ---p 0000d000 08:01 1858632                    /usr/lib/jvm/jdk1.7.0_09/jre/lib/amd64/libverify.so
7f5b3a313000-7f5b3a315000 rw-p 0000c000 08:01 1858632                    /usr/lib/jvm/jdk1.7.0_09/jre/lib/amd64/libverify.so
7f5b3a315000-7f5b3a31c000 r-xp 00000000 08:01 2491140                    /lib/librt-2.12.1.so
7f5b3a31c000-7f5b3a51b000 ---p 00007000 08:01 2491140                    /lib/librt-2.12.1.so
7f5b3a51b000-7f5b3a51c000 r--p 00006000 08:01 2491140                    /lib/librt-2.12.1.so
7f5b3a51c000-7f5b3a51d000 rw-p 00007000 08:01 2491140                    /lib/librt-2.12.1.so
7f5b3a51d000-7f5b3a59f000 r-xp 00000000 08:01 2490475                    /lib/libm-2.12.1.so
7f5b3a59f000-7f5b3a79e000 ---p 00082000 08:01 2490475                    /lib/libm-2.12.1.so
7f5b3a79e000-7f5b3a79f000 r--p 00081000 08:01 2490475                    /lib/libm-2.12.1.so
7f5b3a79f000-7f5b3a7a0000 rw-p 00082000 08:01 2490475                    /lib/libm-2.12.1.so
7f5b3a7a0000-7f5b3b1e7000 r-xp 00000000 08:01 1858639                    /usr/lib/jvm/jdk1.7.0_09/jre/lib/amd64/server/libjvm.so
7f5b3b1e7000-7f5b3b3e6000 ---p 00a47000 08:01 1858639                    /usr/lib/jvm/jdk1.7.0_09/jre/lib/amd64/server/libjvm.so
7f5b3b3e6000-7f5b3b48a000 rw-p 00a46000 08:01 1858639                    /usr/lib/jvm/jdk1.7.0_09/jre/lib/amd64/server/libjvm.so
7f5b3b48a000-7f5b3b4c5000 rw-p 00000000 00:00 0 
7f5b3b4c5000-7f5b3b63f000 r-xp 00000000 08:01 2490430                    /lib/libc-2.12.1.so
7f5b3b63f000-7f5b3b83f000 ---p 0017a000 08:01 2490430                    /lib/libc-2.12.1.so
7f5b3b83f000-7f5b3b843000 r--p 0017a000 08:01 2490430                    /lib/libc-2.12.1.so
7f5b3b843000-7f5b3b844000 rw-p 0017e000 08:01 2490430                    /lib/libc-2.12.1.so
7f5b3b844000-7f5b3b849000 rw-p 00000000 00:00 0 
7f5b3b849000-7f5b3b84b000 r-xp 00000000 08:01 2490473                    /lib/libdl-2.12.1.so
7f5b3b84b000-7f5b3ba4b000 ---p 00002000 08:01 2490473                    /lib/libdl-2.12.1.so
7f5b3ba4b000-7f5b3ba4c000 r--p 00002000 08:01 2490473                    /lib/libdl-2.12.1.so
7f5b3ba4c000-7f5b3ba4d000 rw-p 00003000 08:01 2490473                    /lib/libdl-2.12.1.so
7f5b3ba4d000-7f5b3ba63000 r-xp 00000000 08:01 1858609                    /usr/lib/jvm/jdk1.7.0_09/jre/lib/amd64/jli/libjli.so
7f5b3ba63000-7f5b3bc62000 ---p 00016000 08:01 1858609                    /usr/lib/jvm/jdk1.7.0_09/jre/lib/amd64/jli/libjli.so
7f5b3bc62000-7f5b3bc63000 rw-p 00015000 08:01 1858609                    /usr/lib/jvm/jdk1.7.0_09/jre/lib/amd64/jli/libjli.so
7f5b3bc63000-7f5b3bc7b000 r-xp 00000000 08:01 2490545                    /lib/libpthread-2.12.1.so
7f5b3bc7b000-7f5b3be7a000 ---p 00018000 08:01 2490545                    /lib/libpthread-2.12.1.so
7f5b3be7a000-7f5b3be7b000 r--p 00017000 08:01 2490545                    /lib/libpthread-2.12.1.so
7f5b3be7b000-7f5b3be7c000 rw-p 00018000 08:01 2490545                    /lib/libpthread-2.12.1.so
7f5b3be7c000-7f5b3be80000 rw-p 00000000 00:00 0 
7f5b3be80000-7f5b3bea0000 r-xp 00000000 08:01 2490421                    /lib/ld-2.12.1.so
7f5b3bea1000-7f5b3bea3000 rw-p 00000000 00:00 0 
7f5b3bea3000-7f5b3beaa000 r--s 00062000 08:01 2381988                    /home/nwhitehead/.m2/repository/org/hyperic/sigar/1.6.4/sigar-1.6.4.jar
7f5b3beaa000-7f5b3beb3000 r--s 0006d000 08:01 1835714                    /home/nwhitehead/.m2/repository/log4j/log4j/1.2.16/log4j-1.2.16.jar
7f5b3beb3000-7f5b3beb9000 r--s 00034000 08:01 3189641                    /home/nwhitehead/.m2/repository/junit/junit/4.8.2/junit-4.8.2.jar
7f5b3beb9000-7f5b3bec3000 rw-p 00000000 00:00 0 
7f5b3bec3000-7f5b3bf79000 rw-p 00000000 00:00 0 
7f5b3bf79000-7f5b3bf7c000 ---p 00000000 00:00 0 
7f5b3bf7c000-7f5b3c07e000 rw-p 00000000 00:00 0 
7f5b3c07e000-7f5b3c082000 r--s 00089000 08:01 1858097                    /usr/lib/jvm/jdk1.7.0_09/jre/lib/jsse.jar
7f5b3c082000-7f5b3c08b000 r--s 00098000 08:01 1836150                    /home/nwhitehead/.m2/repository/org/javassist/javassist/3.16.1-GA/javassist-3.16.1-GA.jar
7f5b3c08b000-7f5b3c08d000 r--s 00000000 08:01 1835649                    /home/nwhitehead/.m2/repository/aopalliance/aopalliance/1.0/aopalliance-1.0.jar
7f5b3c08d000-7f5b3c093000 r--s 00067000 08:01 1835777                    /home/nwhitehead/.m2/repository/antlr/antlr/2.7.6/antlr-2.7.6.jar
7f5b3c093000-7f5b3c094000 r--s 00003000 08:01 1835778                    /home/nwhitehead/.m2/repository/javax/transaction/jta/1.1/jta-1.1.jar
7f5b3c094000-7f5b3c09c000 rw-s 00000000 08:01 4864754                    /tmp/hsperfdata_nwhitehead/10842
7f5b3c09c000-7f5b3c09d000 rw-p 00000000 00:00 0 
7f5b3c09d000-7f5b3c09e000 r--p 00000000 00:00 0 
7f5b3c09e000-7f5b3c0a0000 rw-p 00000000 00:00 0 
7f5b3c0a0000-7f5b3c0a1000 r--p 00020000 08:01 2490421                    /lib/ld-2.12.1.so
7f5b3c0a1000-7f5b3c0a2000 rw-p 00021000 08:01 2490421                    /lib/ld-2.12.1.so
7f5b3c0a2000-7f5b3c0a3000 rw-p 00000000 00:00 0 
7fff87d23000-7fff87d45000 rw-p 00000000 00:00 0                          [stack]
7fff87dff000-7fff87e00000 r-xp 00000000 00:00 0                          [vdso]
ffffffffff600000-ffffffffff601000 r-xp 00000000 00:00 0                  [vsyscall]

VM Arguments:
jvm_args: -agentlib:jdwp=transport=dt_socket,suspend=y,address=localhost:55347 -Dfile.encoding=UTF-8 
java_command: org.helios.apmrouter.APMRouter ./src/test/resources/server
Launcher Type: SUN_STANDARD

Environment Variables:
PATH=/home/nwhitehead/bin:/usr/local/sbin:/usr/local/bin:/usr/sbin:/usr/bin:/sbin:/bin:/usr/games
USERNAME=nwhitehead
LD_LIBRARY_PATH=/usr/lib/jvm/jdk1.7.0_09/jre/lib/amd64/server:/usr/lib/jvm/jdk1.7.0_09/jre/lib/amd64:/usr/lib/jvm/jdk1.7.0_09/jre/../lib/amd64:/usr/lib/jvm/java-6-openjdk/jre/lib/amd64/server:/usr/lib/jvm/java-6-openjdk/jre/lib/amd64:/usr/lib/jvm/java-6-openjdk/jre/../lib/amd64
SHELL=/bin/bash
DISPLAY=:0.0

Signal Handlers:
SIGSEGV: [libjvm.so+0x8a5c80], sa_mask[0]=0x7ffbfeff, sa_flags=0x10000004
SIGBUS: [libjvm.so+0x8a5c80], sa_mask[0]=0x7ffbfeff, sa_flags=0x10000004
SIGFPE: [libjvm.so+0x741d60], sa_mask[0]=0x7ffbfeff, sa_flags=0x10000004
SIGPIPE: [libjvm.so+0x741d60], sa_mask[0]=0x7ffbfeff, sa_flags=0x10000004
SIGXFSZ: [libjvm.so+0x741d60], sa_mask[0]=0x7ffbfeff, sa_flags=0x10000004
SIGILL: [libjvm.so+0x741d60], sa_mask[0]=0x7ffbfeff, sa_flags=0x10000004
SIGUSR1: SIG_DFL, sa_mask[0]=0x00000000, sa_flags=0x00000000
SIGUSR2: [libjvm.so+0x7416b0], sa_mask[0]=0x00000004, sa_flags=0x10000004
SIGHUP: [libjvm.so+0x743a40], sa_mask[0]=0x7ffbfeff, sa_flags=0x10000004
SIGINT: [libjvm.so+0x743a40], sa_mask[0]=0x7ffbfeff, sa_flags=0x10000004
SIGTERM: [libjvm.so+0x743a40], sa_mask[0]=0x7ffbfeff, sa_flags=0x10000004
SIGQUIT: [libjvm.so+0x743a40], sa_mask[0]=0x7ffbfeff, sa_flags=0x10000004


---------------  S Y S T E M  ---------------

OS:squeeze/sid

uname:Linux 2.6.35-32-generic #67-Ubuntu SMP Mon Mar 5 19:39:49 UTC 2012 x86_64
libc:glibc 2.12.1 NPTL 2.12.1 
rlimit: STACK 8192k, CORE 0k, NPROC infinity, NOFILE 4096, AS infinity
load average:0.42 0.58 0.55

/proc/meminfo:
MemTotal:        3984228 kB
MemFree:          301012 kB
Buffers:           32792 kB
Cached:           575312 kB
SwapCached:       198192 kB
Active:          2322184 kB
Inactive:        1070000 kB
Active(anon):    2153344 kB
Inactive(anon):   876820 kB
Active(file):     168840 kB
Inactive(file):   193180 kB
Unevictable:          80 kB
Mlocked:              80 kB
SwapTotal:       4016124 kB
SwapFree:        2951076 kB
Dirty:             13144 kB
Writeback:             0 kB
AnonPages:       2676696 kB
Mapped:           133052 kB
Shmem:            246080 kB
Slab:              93916 kB
SReclaimable:      53444 kB
SUnreclaim:        40472 kB
KernelStack:        6824 kB
PageTables:        57816 kB
NFS_Unstable:          0 kB
Bounce:                0 kB
WritebackTmp:          0 kB
CommitLimit:     6008236 kB
Committed_AS:    7766196 kB
VmallocTotal:   34359738367 kB
VmallocUsed:      378368 kB
VmallocChunk:   34359285368 kB
HardwareCorrupted:     0 kB
HugePages_Total:       0
HugePages_Free:        0
HugePages_Rsvd:        0
HugePages_Surp:        0
Hugepagesize:       2048 kB
DirectMap4k:        8896 kB
DirectMap2M:     4110336 kB


CPU:total 2 (2 cores per cpu, 1 threads per core) family 6 model 15 stepping 11, cmov, cx8, fxsr, mmx, sse, sse2, sse3, ssse3, tsc

/proc/cpuinfo:
processor	: 0
vendor_id	: GenuineIntel
cpu family	: 6
model		: 15
model name	: Intel(R) Core(TM)2 Duo CPU     T7300  @ 2.00GHz
stepping	: 11
cpu MHz		: 1200.000
cache size	: 4096 KB
physical id	: 0
siblings	: 2
core id		: 0
cpu cores	: 2
apicid		: 0
initial apicid	: 0
fpu		: yes
fpu_exception	: yes
cpuid level	: 10
wp		: yes
flags		: fpu vme de pse tsc msr pae mce cx8 apic sep mtrr pge mca cmov pat pse36 clflush dts acpi mmx fxsr sse sse2 ss ht tm pbe syscall nx lm constant_tsc arch_perfmon pebs bts rep_good aperfmperf pni dtes64 monitor ds_cpl vmx est tm2 ssse3 cx16 xtpr pdcm lahf_lm ida dts tpr_shadow vnmi flexpriority
bogomips	: 3990.01
clflush size	: 64
cache_alignment	: 64
address sizes	: 36 bits physical, 48 bits virtual
power management:

processor	: 1
vendor_id	: GenuineIntel
cpu family	: 6
model		: 15
model name	: Intel(R) Core(TM)2 Duo CPU     T7300  @ 2.00GHz
stepping	: 11
cpu MHz		: 2001.000
cache size	: 4096 KB
physical id	: 0
siblings	: 2
core id		: 1
cpu cores	: 2
apicid		: 1
initial apicid	: 1
fpu		: yes
fpu_exception	: yes
cpuid level	: 10
wp		: yes
flags		: fpu vme de pse tsc msr pae mce cx8 apic sep mtrr pge mca cmov pat pse36 clflush dts acpi mmx fxsr sse sse2 ss ht tm pbe syscall nx lm constant_tsc arch_perfmon pebs bts rep_good aperfmperf pni dtes64 monitor ds_cpl vmx est tm2 ssse3 cx16 xtpr pdcm lahf_lm ida dts tpr_shadow vnmi flexpriority
bogomips	: 3992.05
clflush size	: 64
cache_alignment	: 64
address sizes	: 36 bits physical, 48 bits virtual
power management:



Memory: 4k page, physical 3984228k(301012k free), swap 4016124k(2951076k free)

vm_info: Java HotSpot(TM) 64-Bit Server VM (23.5-b02) for linux-amd64 JRE (1.7.0_09-b05), built on Sep 24 2012 20:07:15 by "java_re" with gcc 4.3.0 20080428 (Red Hat 4.3.0-8)

time: Sun Nov 25 12:37:23 2012
elapsed time: 15 seconds

