#
# A fatal error has been detected by the Java Runtime Environment:
#
#  SIGSEGV (0xb) at pc=0x00007fcb1b5a1a54, pid=11402, tid=140510052202240
#
# JRE version: 7.0_09-b05
# Java VM: Java HotSpot(TM) 64-Bit Server VM (23.5-b02 mixed mode linux-amd64 compressed oops)
# Problematic frame:
# V  [libjvm.so+0x886a54]  Unsafe_GetNativeInt+0x74
#
# Failed to write core dump. Core dumps have been disabled. To enable core dumping, try "ulimit -c unlimited" before starting Java again
#
# If you would like to submit a bug report, please visit:
#   http://bugreport.sun.com/bugreport/crash.jsp
#

---------------  T H R E A D  ---------------

Current thread (0x00007fcb04c4a800):  JavaThread "MonitorSchedulerThread#1" daemon [_thread_in_vm, id=11472, stack(0x00007fcb0bafb000,0x00007fcb0bbfc000)]

siginfo:si_signo=SIGSEGV: si_errno=0, si_code=1 (SEGV_MAPERR), si_addr=0x0000000000000014

Registers:
RAX=0x00007fcb04c4a800, RBX=0x00007fcb0bbf9870, RCX=0x00007fcb1c3f62a0, RDX=0x00007fcb0bbfba20
RSP=0x00007fcb0bbf9600, RBP=0x00007fcb0bbf9630, RSI=0x0000000000000006, RDI=0x0000000000000010
R8 =0x0000000001abbea0, R9 =0x0000000000005400, R10=0x00007fcb16337d85, R11=0x00007fcb1b4e9cf0
R12=0x0000000000000014, R13=0x00000000be0d8df8, R14=0x00007fcb0bbf9600, R15=0x00007fcb04c4a800
RIP=0x00007fcb1b5a1a54, EFLAGS=0x0000000000010246, CSGSFS=0x0000000000000033, ERR=0x0000000000000004
  TRAPNO=0x000000000000000e

Top of Stack: (sp=0x00007fcb0bbf9600)
0x00007fcb0bbf9600:   00007fcb04c4a800 0000000003131a98
0x00007fcb0bbf9610:   00000000be0d8df8 0000000000000000
0x00007fcb0bbf9620:   00000000be0d8df8 00007fcb0bbf96c8
0x00007fcb0bbf9630:   00007fcb0bbf9698 00007fcb16337db1
0x00007fcb0bbf9640:   0000000003131a68 00007fcb00000000
0x00007fcb0bbf9650:   00007fcb04c4a800 00007fcb0bbf9658
0x00007fcb0bbf9660:   0000000000000000 00007fcb0bbf96c8
0x00007fcb0bbf9670:   00000000be0dca68 0000000000000000
0x00007fcb0bbf9680:   00000000be0d8df8 0000000000000000
0x00007fcb0bbf9690:   00007fcb0bbf96b8 00007fcb0bbf9710
0x00007fcb0bbf96a0:   00007fcb16326354 0000000000000000
0x00007fcb0bbf96b0:   00007fcb16333036 0000000000000014
0x00007fcb0bbf96c0:   00000000eeb30b90 00000000ef93f430
0x00007fcb0bbf96d0:   00007fcb0bbf96d0 00000000bf49cc5a
0x00007fcb0bbf96e0:   00007fcb0bbf9728 00000000bf66ac00
0x00007fcb0bbf96f0:   0000000000000000 00000000bf49cc80
0x00007fcb0bbf9700:   00007fcb0bbf96b8 00007fcb0bbf9720
0x00007fcb0bbf9710:   00007fcb0bbf9770 00007fcb16326354
0x00007fcb0bbf9720:   0000000000000014 00000000eeb30b90
0x00007fcb0bbf9730:   00007fcb0bbf9730 00000000bf46d54b
0x00007fcb0bbf9740:   00007fcb0bbf9788 00000000bf483e20
0x00007fcb0bbf9750:   0000000000000000 00000000bf46d570
0x00007fcb0bbf9760:   00007fcb0bbf9720 00007fcb0bbf9780
0x00007fcb0bbf9770:   00007fcb0bbf97f0 00007fcb163204f7
0x00007fcb0bbf9780:   00000000eeb30b90 00000000ed75df50
0x00007fcb0bbf9790:   00007fcb00001fa0 00007fcb0bbf9ab0
0x00007fcb0bbf97a0:   00007fcb0bbf9870 00007fcb0bbf9940
0x00007fcb0bbf97b0:   00007fcb04c4a800 0000000003131a60
0x00007fcb0bbf97c0:   00007fcb0bbf9830 00007fcb0bbf9ab8
0x00007fcb0bbf97d0:   00007fcb0000000b 00000000bf46d570
0x00007fcb0bbf97e0:   00007fcb16335340 00007fcb0bbf9948
0x00007fcb0bbf97f0:   00007fcb0bbf98d0 00007fcb1b26c8d5 

Instructions: (pc=0x00007fcb1b5a1a54)
0x00007fcb1b5a1a34:   89 f7 e8 25 69 ef ff 48 8b 05 56 f3 43 00 8b 38
0x00007fcb1b5a1a44:   e8 df 25 91 ff 48 8b 5b 48 c6 80 74 02 00 00 01
0x00007fcb1b5a1a54:   45 8b 2c 24 c6 80 74 02 00 00 00 48 8b 7b 10 4c
0x00007fcb1b5a1a64:   8b 63 08 48 83 3f 00 74 09 e8 5e 41 9a ff 48 8b 

Register to memory mapping:

RAX=0x00007fcb04c4a800 is a thread
RBX=0x00007fcb0bbf9870 is pointing into the stack for thread: 0x00007fcb04c4a800
RCX=0x00007fcb1c3f62a0: <offset 0x2182a0> in /lib/libpthread.so.0 at 0x00007fcb1c1de000
RDX=0x00007fcb0bbfba20 is pointing into the stack for thread: 0x00007fcb04c4a800
RSP=0x00007fcb0bbf9600 is pointing into the stack for thread: 0x00007fcb04c4a800
RBP=0x00007fcb0bbf9630 is pointing into the stack for thread: 0x00007fcb04c4a800
RSI=0x0000000000000006 is an unknown value
RDI=0x0000000000000010 is an unknown value
R8 =0x0000000001abbea0 is an unknown value
R9 =0x0000000000005400 is an unknown value
R10=0x00007fcb16337d85 is an Interpreter codelet
method entry point (kind = native)  [0x00007fcb163378e0, 0x00007fcb163386c0]  3552 bytes
R11=0x00007fcb1b4e9cf0: <offset 0x7cecf0> in /usr/lib/jvm/jdk1.7.0_09/jre/lib/amd64/server/libjvm.so at 0x00007fcb1ad1b000
R12=0x0000000000000014 is an unknown value
R13=0x00000000be0d8df8 is an oop
{method} 
 - klass: {other class}
R14=0x00007fcb0bbf9600 is pointing into the stack for thread: 0x00007fcb04c4a800
R15=0x00007fcb04c4a800 is a thread


Stack: [0x00007fcb0bafb000,0x00007fcb0bbfc000],  sp=0x00007fcb0bbf9600,  free space=1017k
Native frames: (J=compiled Java code, j=interpreted, Vv=VM code, C=native code)
V  [libjvm.so+0x886a54]  Unsafe_GetNativeInt+0x74
j  sun.misc.Unsafe.getInt(J)I+0
j  vanilla.java.chronicle.impl.UnsafeExcerpt.readInt(I)I+10
j  org.helios.apmrouter.destination.chronicletimeseries.ChronicleTier.getSeriesEntryCount(Lvanilla/java/chronicle/impl/UnsafeExcerpt;)J+3
v  ~StubRoutines::call_stub
V  [libjvm.so+0x5518d5]  JavaCalls::call_helper(JavaValue*, methodHandle*, JavaCallArguments*, Thread*)+0x355
V  [libjvm.so+0x5503f8]  JavaCalls::call(JavaValue*, methodHandle, JavaCallArguments*, Thread*)+0x28
V  [libjvm.so+0x564e04]  jni_invoke_nonstatic(JNIEnv_*, JavaValue*, _jobject*, JNICallType, _jmethodID*, JNI_ArgumentPusher*, Thread*)+0x2a4
V  [libjvm.so+0x574b79]  jni_CallNonvirtualLongMethodA+0xe9
C  [libjdwp.so+0x1be44]  invoker_doInvoke+0xd64
C  [libjdwp.so+0x14dc5]  reportEvents+0xc5
C  [libjdwp.so+0x15152]  event_callback+0x1c2
C  [libjdwp.so+0x182f7]  cbSingleStep+0xb7
V  [libjvm.so+0x61f3bd]  JvmtiExport::post_single_step(JavaThread*, methodOopDesc*, unsigned char*)+0x1dd
V  [libjvm.so+0x6232d5]  JvmtiExport::at_single_stepping_point(JavaThread*, methodOopDesc*, unsigned char*)+0xc5
V  [libjvm.so+0x54c3e5]  InterpreterRuntime::at_safepoint(JavaThread*)+0x65
j  org.helios.apmrouter.destination.chronicletimeseries.ChronicleTier.createNewMetric()J+20
j  org.helios.apmrouter.catalog.jdbc.h2.H2JDBCMetricCatalog.getID(JLjava/lang/String;Ljava/lang/String;ILjava/lang/String;Ljava/lang/String;)J+25
j  org.helios.apmrouter.server.tracing.ServerTracerFactory.processMetrics(Ljava/util/Collection;)I+86
j  org.helios.apmrouter.server.tracing.ServerTracerFactory.submit(Ljava/util/Collection;)V+2
j  org.helios.apmrouter.server.tracing.ServerTracerFactory.submit([Lorg/helios/apmrouter/metric/IMetric;)V+21
j  org.helios.apmrouter.trace.TracerImpl.traceCounter(JLjava/lang/CharSequence;[Ljava/lang/CharSequence;)Lorg/helios/apmrouter/metric/ICEMetric;+33
j  org.helios.apmrouter.monitor.jvm.JVMMonitor.doCollect(J)V+76
j  org.helios.apmrouter.monitor.AbstractMonitor.collect()V+9
j  org.helios.apmrouter.monitor.AbstractMonitor.run()V+1
j  java.util.concurrent.Executors$RunnableAdapter.call()Ljava/lang/Object;+4
j  java.util.concurrent.FutureTask$Sync.innerRunAndReset()Z+30
j  java.util.concurrent.FutureTask.runAndReset()Z+4
j  java.util.concurrent.ScheduledThreadPoolExecutor$ScheduledFutureTask.access$301(Ljava/util/concurrent/ScheduledThreadPoolExecutor$ScheduledFutureTask;)Z+1
j  java.util.concurrent.ScheduledThreadPoolExecutor$ScheduledFutureTask.run()V+37
j  org.helios.apmrouter.jmx.ListenerAwareRunnableScheduledFuture.run()V+4
j  java.util.concurrent.ThreadPoolExecutor.runWorker(Ljava/util/concurrent/ThreadPoolExecutor$Worker;)V+46
j  java.util.concurrent.ThreadPoolExecutor$Worker.run()V+5
j  java.lang.Thread.run()V+11
v  ~StubRoutines::call_stub
V  [libjvm.so+0x5518d5]  JavaCalls::call_helper(JavaValue*, methodHandle*, JavaCallArguments*, Thread*)+0x355
V  [libjvm.so+0x5503f8]  JavaCalls::call(JavaValue*, methodHandle, JavaCallArguments*, Thread*)+0x28
V  [libjvm.so+0x55068c]  JavaCalls::call_virtual(JavaValue*, KlassHandle, Symbol*, Symbol*, JavaCallArguments*, Thread*)+0x17c
V  [libjvm.so+0x5507b7]  JavaCalls::call_virtual(JavaValue*, Handle, KlassHandle, Symbol*, Symbol*, Thread*)+0x47
V  [libjvm.so+0x5ab07f]  thread_entry(JavaThread*, Thread*)+0xdf
V  [libjvm.so+0x8650c8]  JavaThread::thread_main_inner()+0xc8
V  [libjvm.so+0x865218]  JavaThread::run()+0x138
V  [libjvm.so+0x746c00]  java_start(Thread*)+0x100

Java frames: (J=compiled Java code, j=interpreted, Vv=VM code)
j  sun.misc.Unsafe.getInt(J)I+0
j  vanilla.java.chronicle.impl.UnsafeExcerpt.readInt(I)I+10
j  org.helios.apmrouter.destination.chronicletimeseries.ChronicleTier.getSeriesEntryCount(Lvanilla/java/chronicle/impl/UnsafeExcerpt;)J+3
v  ~StubRoutines::call_stub
j  org.helios.apmrouter.destination.chronicletimeseries.ChronicleTier.createNewMetric()J+20
j  org.helios.apmrouter.catalog.jdbc.h2.H2JDBCMetricCatalog.getID(JLjava/lang/String;Ljava/lang/String;ILjava/lang/String;Ljava/lang/String;)J+25
j  org.helios.apmrouter.server.tracing.ServerTracerFactory.processMetrics(Ljava/util/Collection;)I+86
j  org.helios.apmrouter.server.tracing.ServerTracerFactory.submit(Ljava/util/Collection;)V+2
j  org.helios.apmrouter.server.tracing.ServerTracerFactory.submit([Lorg/helios/apmrouter/metric/IMetric;)V+21
j  org.helios.apmrouter.trace.TracerImpl.traceCounter(JLjava/lang/CharSequence;[Ljava/lang/CharSequence;)Lorg/helios/apmrouter/metric/ICEMetric;+33
j  org.helios.apmrouter.monitor.jvm.JVMMonitor.doCollect(J)V+76
j  org.helios.apmrouter.monitor.AbstractMonitor.collect()V+9
j  org.helios.apmrouter.monitor.AbstractMonitor.run()V+1
j  java.util.concurrent.Executors$RunnableAdapter.call()Ljava/lang/Object;+4
j  java.util.concurrent.FutureTask$Sync.innerRunAndReset()Z+30
j  java.util.concurrent.FutureTask.runAndReset()Z+4
j  java.util.concurrent.ScheduledThreadPoolExecutor$ScheduledFutureTask.access$301(Ljava/util/concurrent/ScheduledThreadPoolExecutor$ScheduledFutureTask;)Z+1
j  java.util.concurrent.ScheduledThreadPoolExecutor$ScheduledFutureTask.run()V+37
j  org.helios.apmrouter.jmx.ListenerAwareRunnableScheduledFuture.run()V+4
j  java.util.concurrent.ThreadPoolExecutor.runWorker(Ljava/util/concurrent/ThreadPoolExecutor$Worker;)V+46
j  java.util.concurrent.ThreadPoolExecutor$Worker.run()V+5
j  java.lang.Thread.run()V+11
v  ~StubRoutines::call_stub

---------------  P R O C E S S  ---------------

Java Threads: ( => current thread )
=>0x00007fcb04c4a800 JavaThread "MonitorSchedulerThread#1" daemon [_thread_in_vm, id=11472, stack(0x00007fcb0bafb000,0x00007fcb0bbfc000)]
  0x00007fcb04c49000 JavaThread "CollectionFunnelTimer" daemon [_thread_blocked, id=11471, stack(0x00007fcb0bbfc000,0x00007fcb0bcfd000)]
  0x00007fcb0c84c000 JavaThread "New I/O  worker #4" daemon [_thread_blocked, id=11470, stack(0x00007fcb0bcfd000,0x00007fcb0bdfe000)]
  0x00007fcb0c84b000 JavaThread "New I/O  worker #3" daemon [_thread_blocked, id=11469, stack(0x00007fcb0bdfe000,0x00007fcb0beff000)]
  0x00007fcb0ef5a800 JavaThread "New I/O  worker #2" daemon [_thread_blocked, id=11468, stack(0x00007fcb0beff000,0x00007fcb0c000000)]
  0x00007fcb0c848800 JavaThread "New I/O  worker #1" daemon [_thread_blocked, id=11467, stack(0x00007fcb10063000,0x00007fcb10164000)]
  0x00007fcb05c96000 JavaThread "AgentSchedulerSchedulerThread#1" daemon [_thread_blocked, id=11466, stack(0x00007fcb10164000,0x00007fcb10265000)]
  0x00007fcb05c8f000 JavaThread "TimeoutQueueMapThread#1" daemon [_thread_blocked, id=11465, stack(0x00007fcb10265000,0x00007fcb10366000)]
  0x00007fcb05c8a800 JavaThread "CollectionFunnelThread#1" daemon [_thread_blocked, id=11464, stack(0x00007fcb10366000,0x00007fcb10467000)]
  0x00007fcb05d39000 JavaThread "PatternRouterWorkersThread#8" daemon [_thread_blocked, id=11457, stack(0x00007fcb10467000,0x00007fcb10568000)]
  0x00007fcb05d38000 JavaThread "PatternRouterWorkersThread#7" daemon [_thread_blocked, id=11456, stack(0x00007fcb10568000,0x00007fcb10669000)]
  0x00007fcb05ca4000 JavaThread "PatternRouterWorkersThread#6" daemon [_thread_blocked, id=11454, stack(0x00007fcb10669000,0x00007fcb1076a000)]
  0x00007fcb05ca2000 JavaThread "PatternRouterWorkersThread#5" daemon [_thread_blocked, id=11453, stack(0x00007fcb1076a000,0x00007fcb1086b000)]
  0x00007fcb05ca0800 JavaThread "PatternRouterWorkersThread#4" daemon [_thread_blocked, id=11452, stack(0x00007fcb1086b000,0x00007fcb1096c000)]
  0x00007fcb05c9e800 JavaThread "PatternRouterWorkersThread#3" daemon [_thread_blocked, id=11451, stack(0x00007fcb1096c000,0x00007fcb10a6d000)]
  0x00007fcb05c9c000 JavaThread "PatternRouterWorkersThread#2" daemon [_thread_blocked, id=11450, stack(0x00007fcb10be5000,0x00007fcb10ce6000)]
  0x00007fcb0eedc000 JavaThread "PatternRouterWorkersThread#1" daemon [_thread_blocked, id=11449, stack(0x00007fcb10ce6000,0x00007fcb10de7000)]
  0x00007fcb0eeda800 JavaThread "MetricConflationThread#1" daemon [_thread_blocked, id=11448, stack(0x00007fcb10de7000,0x00007fcb10ee8000)]
  0x00007fcb0eee2000 JavaThread "H2 Log Writer DB" daemon [_thread_blocked, id=11440, stack(0x00007fcb10ee8000,0x00007fcb10fe9000)]
  0x00007fcb05d69000 JavaThread "H2 File Lock Watchdog /home/nwhitehead/.apmrouter/h2/db.lock.db" daemon [_thread_blocked, id=11439, stack(0x00007fcb11178000,0x00007fcb11279000)]
  0x00007fcb05d11000 JavaThread "SpringEventPoolThread#1" daemon [_thread_blocked, id=11437, stack(0x00007fcb10fe9000,0x00007fcb110ea000)]
  0x00007fcb0ce7e000 JavaThread "MongoCleaner1459797344" daemon [_thread_blocked, id=11436, stack(0x00007fcb10a6d000,0x00007fcb10b6e000)]
  0x00007fcb0c2c4800 JavaThread "FileWatchdog" daemon [_thread_blocked, id=11430, stack(0x00007fcb11481000,0x00007fcb11582000)]
  0x00007fcb0c001800 JavaThread "Service Thread" daemon [_thread_blocked, id=11428, stack(0x00007fcb11c91000,0x00007fcb11d92000)]
  0x0000000001b9d000 JavaThread "C2 CompilerThread1" daemon [_thread_blocked, id=11427, stack(0x00007fcb11d92000,0x00007fcb11e93000)]
  0x0000000001b98800 JavaThread "C2 CompilerThread0" daemon [_thread_blocked, id=11426, stack(0x00007fcb11e93000,0x00007fcb11f94000)]
  0x0000000001b8b000 JavaThread "JDWP Command Reader" daemon [_thread_in_native, id=11423, stack(0x00007fcb11f94000,0x00007fcb12095000)]
  0x0000000001b88800 JavaThread "JDWP Event Helper Thread" daemon [_thread_blocked, id=11422, stack(0x00007fcb12095000,0x00007fcb12196000)]
  0x0000000001b85000 JavaThread "JDWP Transport Listener: dt_socket" daemon [_thread_blocked, id=11419, stack(0x00007fcb12196000,0x00007fcb12297000)]
  0x0000000001b76800 JavaThread "Signal Dispatcher" daemon [_thread_blocked, id=11417, stack(0x00007fcb1249b000,0x00007fcb1259c000)]
  0x0000000001b25000 JavaThread "Finalizer" daemon [_thread_blocked, id=11414, stack(0x00007fcb1259c000,0x00007fcb1269d000)]
  0x0000000001b22800 JavaThread "Reference Handler" daemon [_thread_blocked, id=11412, stack(0x00007fcb1269d000,0x00007fcb1279e000)]
  0x0000000001a96800 JavaThread "main" [_thread_in_Java, id=11404, stack(0x00007fcb1c4f4000,0x00007fcb1c5f5000)]

Other Threads:
  0x0000000001b1b000 VMThread [stack: 0x00007fcb1279e000,0x00007fcb1289f000] [id=11410]
  0x00007fcb0c00c000 WatcherThread [stack: 0x00007fcb11b90000,0x00007fcb11c91000] [id=11429]

VM state:not at safepoint (normal execution)

VM Mutex/Monitor currently owned by a thread: None

Heap
 PSYoungGen      total 65024K, used 53211K [0x00000000ebb60000, 0x00000000f4360000, 0x0000000100000000)
  eden space 62464K, 81% used [0x00000000ebb60000,0x00000000eecd7980,0x00000000ef860000)
  from space 2560K, 99% used [0x00000000ef860000,0x00000000efadf4b8,0x00000000efae0000)
  to   space 7168K, 0% used [0x00000000f3c60000,0x00000000f3c60000,0x00000000f4360000)
 ParOldGen       total 41536K, used 7621K [0x00000000c3200000, 0x00000000c5a90000, 0x00000000ebb60000)
  object space 41536K, 18% used [0x00000000c3200000,0x00000000c3971538,0x00000000c5a90000)
 PSPermGen       total 22976K, used 22956K [0x00000000be000000, 0x00000000bf670000, 0x00000000c3200000)
  object space 22976K, 99% used [0x00000000be000000,0x00000000bf66b180,0x00000000bf670000)

Card table byte_map: [0x00007fcb1610f000,0x00007fcb16320000] byte_map_base: 0x00007fcb15b1f000

Polling page: 0x00007fcb1c618000

Code Cache  [0x00007fcb16320000, 0x00007fcb16590000, 0x00007fcb19320000)
 total_blobs=740 nmethods=370 adapters=330 free_code_cache=47187Kb largest_free_block=48174528

Compilation events (10 events):
Event: 9.542 Thread 0x0000000001b9d000 nmethod 369 0x00007fcb163a9150 code [0x00007fcb163a9280, 0x00007fcb163a92d8]
Event: 9.543 Thread 0x0000000001b9d000  371             sun.nio.ch.EPollArrayWrapper::putData (22 bytes)
Event: 9.544 Thread 0x0000000001b9d000 nmethod 371 0x00007fcb163a8e50 code [0x00007fcb163a8fa0, 0x00007fcb163a9078]
Event: 9.545 Thread 0x0000000001b9d000  372             sun.nio.ch.NativeObject::putLong (15 bytes)
Event: 9.546 Thread 0x0000000001b9d000 nmethod 372 0x00007fcb163a8c50 code [0x00007fcb163a8d80, 0x00007fcb163a8dd8]
Event: 9.548 Thread 0x0000000001b9d000  373             sun.nio.ch.EPollArrayWrapper::<init> (99 bytes)
Event: 9.557 Thread 0x0000000001b9d000 nmethod 373 0x00007fcb16421410 code [0x00007fcb164215c0, 0x00007fcb16421b08]
Event: 9.688 Thread 0x0000000001b9d000  374             java.io.UnixFileSystem::resolve (103 bytes)
Event: 9.708 Thread 0x0000000001b9d000 nmethod 374 0x00007fcb164d7690 code [0x00007fcb164d7840, 0x00007fcb164d8038]
Event: 10.259 Thread 0x0000000001b98800 nmethod 8% 0x00007fcb164f58d0 code [0x00007fcb164f72e0, 0x00007fcb165100e0]

GC Heap History (10 events):
Event: 1.239 GC heap before
{Heap before GC invocations=1 (full 0):
 PSYoungGen      total 18176K, used 15616K [0x00000000ebb60000, 0x00000000ecfa0000, 0x0000000100000000)
  eden space 15616K, 100% used [0x00000000ebb60000,0x00000000ecaa0000,0x00000000ecaa0000)
  from space 2560K, 0% used [0x00000000ecd20000,0x00000000ecd20000,0x00000000ecfa0000)
  to   space 2560K, 0% used [0x00000000ecaa0000,0x00000000ecaa0000,0x00000000ecd20000)
 ParOldGen       total 41536K, used 0K [0x00000000c3200000, 0x00000000c5a90000, 0x00000000ebb60000)
  object space 41536K, 0% used [0x00000000c3200000,0x00000000c3200000,0x00000000c5a90000)
 PSPermGen       total 21248K, used 6730K [0x00000000be000000, 0x00000000bf4c0000, 0x00000000c3200000)
  object space 21248K, 31% used [0x00000000be000000,0x00000000be6928a8,0x00000000bf4c0000)
Event: 1.255 GC heap after
Heap after GC invocations=1 (full 0):
 PSYoungGen      total 18176K, used 2271K [0x00000000ebb60000, 0x00000000edee0000, 0x0000000100000000)
  eden space 15616K, 0% used [0x00000000ebb60000,0x00000000ebb60000,0x00000000ecaa0000)
  from space 2560K, 88% used [0x00000000ecaa0000,0x00000000eccd7e08,0x00000000ecd20000)
  to   space 2560K, 0% used [0x00000000edc60000,0x00000000edc60000,0x00000000edee0000)
 ParOldGen       total 41536K, used 8K [0x00000000c3200000, 0x00000000c5a90000, 0x00000000ebb60000)
  object space 41536K, 0% used [0x00000000c3200000,0x00000000c3202000,0x00000000c5a90000)
 PSPermGen       total 21248K, used 6730K [0x00000000be000000, 0x00000000bf4c0000, 0x00000000c3200000)
  object space 21248K, 31% used [0x00000000be000000,0x00000000be6928a8,0x00000000bf4c0000)
}
Event: 1.847 GC heap before
{Heap before GC invocations=2 (full 0):
 PSYoungGen      total 18176K, used 17887K [0x00000000ebb60000, 0x00000000edee0000, 0x0000000100000000)
  eden space 15616K, 100% used [0x00000000ebb60000,0x00000000ecaa0000,0x00000000ecaa0000)
  from space 2560K, 88% used [0x00000000ecaa0000,0x00000000eccd7e08,0x00000000ecd20000)
  to   space 2560K, 0% used [0x00000000edc60000,0x00000000edc60000,0x00000000edee0000)
 ParOldGen       total 41536K, used 8K [0x00000000c3200000, 0x00000000c5a90000, 0x00000000ebb60000)
  object space 41536K, 0% used [0x00000000c3200000,0x00000000c3202000,0x00000000c5a90000)
 PSPermGen       total 21248K, used 10027K [0x00000000be000000, 0x00000000bf4c0000, 0x00000000c3200000)
  object space 21248K, 47% used [0x00000000be000000,0x00000000be9cae98,0x00000000bf4c0000)
Event: 1.856 GC heap after
Heap after GC invocations=2 (full 0):
 PSYoungGen      total 33792K, used 2541K [0x00000000ebb60000, 0x00000000edee0000, 0x0000000100000000)
  eden space 31232K, 0% used [0x00000000ebb60000,0x00000000ebb60000,0x00000000ed9e0000)
  from space 2560K, 99% used [0x00000000edc60000,0x00000000ededb718,0x00000000edee0000)
  to   space 2560K, 0% used [0x00000000ed9e0000,0x00000000ed9e0000,0x00000000edc60000)
 ParOldGen       total 41536K, used 100K [0x00000000c3200000, 0x00000000c5a90000, 0x00000000ebb60000)
  object space 41536K, 0% used [0x00000000c3200000,0x00000000c3219078,0x00000000c5a90000)
 PSPermGen       total 21248K, used 10027K [0x00000000be000000, 0x00000000bf4c0000, 0x00000000c3200000)
  object space 21248K, 47% used [0x00000000be000000,0x00000000be9cae98,0x00000000bf4c0000)
}
Event: 3.377 GC heap before
{Heap before GC invocations=3 (full 0):
 PSYoungGen      total 33792K, used 33773K [0x00000000ebb60000, 0x00000000edee0000, 0x0000000100000000)
  eden space 31232K, 100% used [0x00000000ebb60000,0x00000000ed9e0000,0x00000000ed9e0000)
  from space 2560K, 99% used [0x00000000edc60000,0x00000000ededb718,0x00000000edee0000)
  to   space 2560K, 0% used [0x00000000ed9e0000,0x00000000ed9e0000,0x00000000edc60000)
 ParOldGen       total 41536K, used 100K [0x00000000c3200000, 0x00000000c5a90000, 0x00000000ebb60000)
  object space 41536K, 0% used [0x00000000c3200000,0x00000000c3219078,0x00000000c5a90000)
 PSPermGen       total 21248K, used 13004K [0x00000000be000000, 0x00000000bf4c0000, 0x00000000c3200000)
  object space 21248K, 61% used [0x00000000be000000,0x00000000becb3018,0x00000000bf4c0000)
Event: 3.390 GC heap after
Heap after GC invocations=3 (full 0):
 PSYoungGen      total 33792K, used 2550K [0x00000000ebb60000, 0x00000000efd60000, 0x0000000100000000)
  eden space 31232K, 0% used [0x00000000ebb60000,0x00000000ebb60000,0x00000000ed9e0000)
  from space 2560K, 99% used [0x00000000ed9e0000,0x00000000edc5d878,0x00000000edc60000)
  to   space 2560K, 0% used [0x00000000efae0000,0x00000000efae0000,0x00000000efd60000)
 ParOldGen       total 41536K, used 1422K [0x00000000c3200000, 0x00000000c5a90000, 0x00000000ebb60000)
  object space 41536K, 3% used [0x00000000c3200000,0x00000000c3363b10,0x00000000c5a90000)
 PSPermGen       total 21248K, used 13004K [0x00000000be000000, 0x00000000bf4c0000, 0x00000000c3200000)
  object space 21248K, 61% used [0x00000000be000000,0x00000000becb3018,0x00000000bf4c0000)
}
Event: 4.426 GC heap before
{Heap before GC invocations=4 (full 0):
 PSYoungGen      total 33792K, used 33782K [0x00000000ebb60000, 0x00000000efd60000, 0x0000000100000000)
  eden space 31232K, 100% used [0x00000000ebb60000,0x00000000ed9e0000,0x00000000ed9e0000)
  from space 2560K, 99% used [0x00000000ed9e0000,0x00000000edc5d878,0x00000000edc60000)
  to   space 2560K, 0% used [0x00000000efae0000,0x00000000efae0000,0x00000000efd60000)
 ParOldGen       total 41536K, used 1422K [0x00000000c3200000, 0x00000000c5a90000, 0x00000000ebb60000)
  object space 41536K, 3% used [0x00000000c3200000,0x00000000c3363b10,0x00000000c5a90000)
 PSPermGen       total 21248K, used 13208K [0x00000000be000000, 0x00000000bf4c0000, 0x00000000c3200000)
  object space 21248K, 62% used [0x00000000be000000,0x00000000bece6060,0x00000000bf4c0000)
Event: 4.458 GC heap after
Heap after GC invocations=4 (full 0):
 PSYoungGen      total 65024K, used 2536K [0x00000000ebb60000, 0x00000000efd60000, 0x0000000100000000)
  eden space 62464K, 0% used [0x00000000ebb60000,0x00000000ebb60000,0x00000000ef860000)
  from space 2560K, 99% used [0x00000000efae0000,0x00000000efd5a0b8,0x00000000efd60000)
  to   space 2560K, 0% used [0x00000000ef860000,0x00000000ef860000,0x00000000efae0000)
 ParOldGen       total 41536K, used 2696K [0x00000000c3200000, 0x00000000c5a90000, 0x00000000ebb60000)
  object space 41536K, 6% used [0x00000000c3200000,0x00000000c34a21e8,0x00000000c5a90000)
 PSPermGen       total 21248K, used 13208K [0x00000000be000000, 0x00000000bf4c0000, 0x00000000c3200000)
  object space 21248K, 62% used [0x00000000be000000,0x00000000bece6060,0x00000000bf4c0000)
}
Event: 6.783 GC heap before
{Heap before GC invocations=5 (full 0):
 PSYoungGen      total 65024K, used 65000K [0x00000000ebb60000, 0x00000000efd60000, 0x0000000100000000)
  eden space 62464K, 100% used [0x00000000ebb60000,0x00000000ef860000,0x00000000ef860000)
  from space 2560K, 99% used [0x00000000efae0000,0x00000000efd5a0b8,0x00000000efd60000)
  to   space 2560K, 0% used [0x00000000ef860000,0x00000000ef860000,0x00000000efae0000)
 ParOldGen       total 41536K, used 2696K [0x00000000c3200000, 0x00000000c5a90000, 0x00000000ebb60000)
  object space 41536K, 6% used [0x00000000c3200000,0x00000000c34a21e8,0x00000000c5a90000)
 PSPermGen       total 21248K, used 16783K [0x00000000be000000, 0x00000000bf4c0000, 0x00000000c3200000)
  object space 21248K, 78% used [0x00000000be000000,0x00000000bf063ef8,0x00000000bf4c0000)
Event: 6.813 GC heap after
Heap after GC invocations=5 (full 0):
 PSYoungGen      total 65024K, used 2557K [0x00000000ebb60000, 0x00000000f4360000, 0x0000000100000000)
  eden space 62464K, 0% used [0x00000000ebb60000,0x00000000ebb60000,0x00000000ef860000)
  from space 2560K, 99% used [0x00000000ef860000,0x00000000efadf4b8,0x00000000efae0000)
  to   space 7168K, 0% used [0x00000000f3c60000,0x00000000f3c60000,0x00000000f4360000)
 ParOldGen       total 41536K, used 7621K [0x00000000c3200000, 0x00000000c5a90000, 0x00000000ebb60000)
  object space 41536K, 18% used [0x00000000c3200000,0x00000000c3971538,0x00000000c5a90000)
 PSPermGen       total 21248K, used 16783K [0x00000000be000000, 0x00000000bf4c0000, 0x00000000c3200000)
  object space 21248K, 78% used [0x00000000be000000,0x00000000bf063ef8,0x00000000bf4c0000)
}

Deoptimization events (10 events):
Event: 9.475 Thread 0x0000000001a96800 Uncommon trap -75 fr.pc 0x00007fcb1641d89c
Event: 9.475 Thread 0x0000000001a96800 Uncommon trap -83 fr.pc 0x00007fcb1640e224
Event: 9.476 Thread 0x0000000001a96800 Uncommon trap -34 fr.pc 0x00007fcb163ef730
Event: 9.476 Thread 0x0000000001a96800 Uncommon trap -34 fr.pc 0x00007fcb163e77b8
Event: 9.476 Thread 0x0000000001a96800 Uncommon trap -34 fr.pc 0x00007fcb163ef730
Event: 9.476 Thread 0x0000000001a96800 Uncommon trap -34 fr.pc 0x00007fcb163e77b8
Event: 9.476 Thread 0x0000000001a96800 Uncommon trap -34 fr.pc 0x00007fcb163ef730
Event: 9.482 Thread 0x0000000001a96800 Uncommon trap -34 fr.pc 0x00007fcb163ef730
Event: 9.482 Thread 0x0000000001a96800 Uncommon trap -83 fr.pc 0x00007fcb16455784
Event: 9.486 Thread 0x0000000001a96800 Uncommon trap -34 fr.pc 0x00007fcb16419420

Internal exceptions (10 events):
Event: 9.683 Thread 0x00007fcb04c4a800 Threw 0x00000000eeb16788 at /HUDSON/workspace/jdk7u9-2-build-linux-amd64-product/jdk7u9/hotspot/src/share/vm/prims/jvm.cpp:1166
Event: 9.684 Thread 0x00007fcb04c4a800 Threw 0x00000000eeb1db60 at /HUDSON/workspace/jdk7u9-2-build-linux-amd64-product/jdk7u9/hotspot/src/share/vm/prims/jvm.cpp:1166
Event: 9.685 Thread 0x0000000001a96800 Threw 0x00000000eead90f8 at /HUDSON/workspace/jdk7u9-2-build-linux-amd64-product/jdk7u9/hotspot/src/share/vm/prims/jvm.cpp:1166
Event: 9.688 Thread 0x0000000001a96800 Threw 0x00000000eeaeaaa0 at /HUDSON/workspace/jdk7u9-2-build-linux-amd64-product/jdk7u9/hotspot/src/share/vm/prims/jvm.cpp:1166
Event: 9.689 Thread 0x0000000001a96800 Threw 0x00000000eeafa758 at /HUDSON/workspace/jdk7u9-2-build-linux-amd64-product/jdk7u9/hotspot/src/share/vm/prims/jvm.cpp:1166
Event: 9.691 Thread 0x0000000001a96800 Threw 0x00000000eeba3708 at /HUDSON/workspace/jdk7u9-2-build-linux-amd64-product/jdk7u9/hotspot/src/share/vm/prims/jvm.cpp:1166
Event: 9.692 Thread 0x0000000001a96800 Threw 0x00000000eeba94f0 at /HUDSON/workspace/jdk7u9-2-build-linux-amd64-product/jdk7u9/hotspot/src/share/vm/prims/jvm.cpp:1166
Event: 9.693 Thread 0x0000000001a96800 Threw 0x00000000eebb0378 at /HUDSON/workspace/jdk7u9-2-build-linux-amd64-product/jdk7u9/hotspot/src/share/vm/prims/jvm.cpp:1166
Event: 23.173 Thread 0x00007fcb04c4a800 Threw 0x00000000eeb239f0 at /HUDSON/workspace/jdk7u9-2-build-linux-amd64-product/jdk7u9/hotspot/src/share/vm/prims/jvm.cpp:1166
Event: 23.178 Thread 0x00007fcb04c4a800 Threw 0x00000000eeb29d10 at /HUDSON/workspace/jdk7u9-2-build-linux-amd64-product/jdk7u9/hotspot/src/share/vm/prims/jvm.cpp:1166

Events (10 events):
Event: 23.181 Executing VM operation: GetCurrentLocation
Event: 23.182 Executing VM operation: GetCurrentLocation done
Event: 23.182 Executing VM operation: ChangeSingleStep
Event: 23.182 Executing VM operation: ChangeSingleStep done
Event: 23.182 Executing VM operation: ChangeSingleStep
Event: 23.182 Executing VM operation: ChangeSingleStep done
Event: 23.188 Executing VM operation: GetOrSetLocal
Event: 23.188 Executing VM operation: GetOrSetLocal done
Event: 23.311 Executing VM operation: GetOrSetLocal
Event: 23.311 Executing VM operation: GetOrSetLocal done


Dynamic libraries:
00400000-00401000 r-xp 00000000 08:01 1836780                            /usr/lib/jvm/jdk1.7.0_09/bin/java
00600000-00601000 rw-p 00000000 08:01 1836780                            /usr/lib/jvm/jdk1.7.0_09/bin/java
01a86000-04f84000 rw-p 00000000 00:00 0                                  [heap]
be000000-bf670000 rw-p 00000000 00:00 0 
bf670000-c3200000 rw-p 00000000 00:00 0 
c3200000-c5a90000 rw-p 00000000 00:00 0 
c5a90000-ebb60000 rw-p 00000000 00:00 0 
ebb60000-f4360000 rw-p 00000000 00:00 0 
f4360000-100000000 rw-p 00000000 00:00 0 
7fcb04000000-7fcb062e3000 rw-p 00000000 00:00 0 
7fcb062e3000-7fcb08000000 ---p 00000000 00:00 0 
7fcb0bafb000-7fcb0bafe000 ---p 00000000 00:00 0 
7fcb0bafe000-7fcb0bbfc000 rw-p 00000000 00:00 0 
7fcb0bbfc000-7fcb0bbff000 ---p 00000000 00:00 0 
7fcb0bbff000-7fcb0bcfd000 rw-p 00000000 00:00 0 
7fcb0bcfd000-7fcb0bd00000 ---p 00000000 00:00 0 
7fcb0bd00000-7fcb0bdfe000 rw-p 00000000 00:00 0 
7fcb0bdfe000-7fcb0be01000 ---p 00000000 00:00 0 
7fcb0be01000-7fcb0beff000 rw-p 00000000 00:00 0 
7fcb0beff000-7fcb0bf02000 ---p 00000000 00:00 0 
7fcb0bf02000-7fcb0c000000 rw-p 00000000 00:00 0 
7fcb0c000000-7fcb0fffa000 rw-p 00000000 00:00 0 
7fcb0fffa000-7fcb10000000 ---p 00000000 00:00 0 
7fcb10063000-7fcb10066000 ---p 00000000 00:00 0 
7fcb10066000-7fcb10164000 rw-p 00000000 00:00 0 
7fcb10164000-7fcb10167000 ---p 00000000 00:00 0 
7fcb10167000-7fcb10265000 rw-p 00000000 00:00 0 
7fcb10265000-7fcb10268000 ---p 00000000 00:00 0 
7fcb10268000-7fcb10366000 rw-p 00000000 00:00 0 
7fcb10366000-7fcb10369000 ---p 00000000 00:00 0 
7fcb10369000-7fcb10467000 rw-p 00000000 00:00 0 
7fcb10467000-7fcb1046a000 ---p 00000000 00:00 0 
7fcb1046a000-7fcb10568000 rw-p 00000000 00:00 0 
7fcb10568000-7fcb1056b000 ---p 00000000 00:00 0 
7fcb1056b000-7fcb10669000 rw-p 00000000 00:00 0 
7fcb10669000-7fcb1066c000 ---p 00000000 00:00 0 
7fcb1066c000-7fcb1076a000 rw-p 00000000 00:00 0 
7fcb1076a000-7fcb1076d000 ---p 00000000 00:00 0 
7fcb1076d000-7fcb1086b000 rw-p 00000000 00:00 0 
7fcb1086b000-7fcb1086e000 ---p 00000000 00:00 0 
7fcb1086e000-7fcb1096c000 rw-p 00000000 00:00 0 
7fcb1096c000-7fcb1096f000 ---p 00000000 00:00 0 
7fcb1096f000-7fcb10a6d000 rw-p 00000000 00:00 0 
7fcb10a6d000-7fcb10a70000 ---p 00000000 00:00 0 
7fcb10a70000-7fcb10b6e000 rw-p 00000000 00:00 0 
7fcb10be5000-7fcb10be8000 ---p 00000000 00:00 0 
7fcb10be8000-7fcb10ce6000 rw-p 00000000 00:00 0 
7fcb10ce6000-7fcb10ce9000 ---p 00000000 00:00 0 
7fcb10ce9000-7fcb10de7000 rw-p 00000000 00:00 0 
7fcb10de7000-7fcb10dea000 ---p 00000000 00:00 0 
7fcb10dea000-7fcb10ee8000 rw-p 00000000 00:00 0 
7fcb10ee8000-7fcb10eeb000 ---p 00000000 00:00 0 
7fcb10eeb000-7fcb10fe9000 rw-p 00000000 00:00 0 
7fcb10fe9000-7fcb10fec000 ---p 00000000 00:00 0 
7fcb10fec000-7fcb110ea000 rw-p 00000000 00:00 0 
7fcb11178000-7fcb1117b000 ---p 00000000 00:00 0 
7fcb1117b000-7fcb11279000 rw-p 00000000 00:00 0 
7fcb11279000-7fcb11281000 r-xp 00000000 08:01 1858645                    /usr/lib/jvm/jdk1.7.0_09/jre/lib/amd64/libmanagement.so
7fcb11281000-7fcb11480000 ---p 00008000 08:01 1858645                    /usr/lib/jvm/jdk1.7.0_09/jre/lib/amd64/libmanagement.so
7fcb11480000-7fcb11481000 rw-p 00007000 08:01 1858645                    /usr/lib/jvm/jdk1.7.0_09/jre/lib/amd64/libmanagement.so
7fcb11481000-7fcb11484000 ---p 00000000 00:00 0 
7fcb11484000-7fcb11582000 rw-p 00000000 00:00 0 
7fcb11582000-7fcb11597000 r-xp 00000000 08:01 1858605                    /usr/lib/jvm/jdk1.7.0_09/jre/lib/amd64/libnet.so
7fcb11597000-7fcb11797000 ---p 00015000 08:01 1858605                    /usr/lib/jvm/jdk1.7.0_09/jre/lib/amd64/libnet.so
7fcb11797000-7fcb11798000 rw-p 00015000 08:01 1858605                    /usr/lib/jvm/jdk1.7.0_09/jre/lib/amd64/libnet.so
7fcb11798000-7fcb117a8000 r-xp 00000000 08:01 1858600                    /usr/lib/jvm/jdk1.7.0_09/jre/lib/amd64/libnio.so
7fcb117a8000-7fcb119a8000 ---p 00010000 08:01 1858600                    /usr/lib/jvm/jdk1.7.0_09/jre/lib/amd64/libnio.so
7fcb119a8000-7fcb119a9000 rw-p 00010000 08:01 1858600                    /usr/lib/jvm/jdk1.7.0_09/jre/lib/amd64/libnio.so
7fcb119a9000-7fcb119b3000 r--s 00254000 08:01 1858108                    /usr/lib/jvm/jdk1.7.0_09/jre/lib/resources.jar
7fcb119b3000-7fcb119bd000 r--s 0008a000 08:01 1971128                    /home/nwhitehead/.m2/repository/org/apache/zookeeper/zookeeper/3.3.4/zookeeper-3.3.4.jar
7fcb119bd000-7fcb119c2000 r--s 00016000 08:01 1835747                    /home/nwhitehead/.m2/repository/xml-apis/xml-apis/1.0.b2/xml-apis-1.0.b2.jar
7fcb119c2000-7fcb119c9000 r--s 00032000 08:01 2100553                    /home/nwhitehead/.m2/repository/org/springframework/spring-tx/3.0.7.RELEASE/spring-tx-3.0.7.RELEASE.jar
7fcb119c9000-7fcb119cf000 r--s 00033000 08:01 2100576                    /home/nwhitehead/.m2/repository/org/springframework/spring-test/3.1.1.RELEASE/spring-test-3.1.1.RELEASE.jar
7fcb119cf000-7fcb119d9000 r--s 00055000 08:01 2100556                    /home/nwhitehead/.m2/repository/org/springframework/spring-jdbc/3.0.7.RELEASE/spring-jdbc-3.0.7.RELEASE.jar
7fcb119d9000-7fcb119dd000 r--s 00026000 08:01 2100550                    /home/nwhitehead/.m2/repository/org/springframework/spring-expression/3.0.7.RELEASE/spring-expression-3.0.7.RELEASE.jar
7fcb119dd000-7fcb119e5000 r--s 00041000 08:01 2106676                    /home/nwhitehead/.m2/repository/org/springframework/data/spring-data-mongodb/1.0.4.RELEASE/spring-data-mongodb-1.0.4.RELEASE.jar
7fcb119e5000-7fcb119eb000 r--s 0002d000 08:01 2106631                    /home/nwhitehead/.m2/repository/org/springframework/data/spring-data-commons-core/1.2.1.RELEASE/spring-data-commons-core-1.2.1.RELEASE.jar
7fcb119eb000-7fcb119f4000 r--s 00055000 08:01 2098467                    /home/nwhitehead/.m2/repository/org/springframework/spring-core/3.0.7.RELEASE/spring-core-3.0.7.RELEASE.jar
7fcb119f4000-7fcb11a05000 r--s 00093000 08:01 2098449                    /home/nwhitehead/.m2/repository/org/springframework/spring-context/3.0.7.RELEASE/spring-context-3.0.7.RELEASE.jar
7fcb11a05000-7fcb11a10000 r--s 0007d000 08:01 2098464                    /home/nwhitehead/.m2/repository/org/springframework/spring-beans/3.0.7.RELEASE/spring-beans-3.0.7.RELEASE.jar
7fcb11a10000-7fcb11a11000 r--s 0000c000 08:01 2098411                    /home/nwhitehead/.m2/repository/org/springframework/spring-asm/3.0.7.RELEASE/spring-asm-3.0.7.RELEASE.jar
7fcb11a11000-7fcb11a1a000 r--s 00046000 08:01 2098457                    /home/nwhitehead/.m2/repository/org/springframework/spring-aop/3.0.7.RELEASE/spring-aop-3.0.7.RELEASE.jar
7fcb11a1a000-7fcb11a1b000 r--s 00002000 08:01 2098458                    /home/nwhitehead/.m2/repository/org/slf4j/slf4j-log4j12/1.6.6/slf4j-log4j12-1.6.6.jar
7fcb11a1b000-7fcb11a1d000 r--s 00005000 08:01 2098454                    /home/nwhitehead/.m2/repository/org/slf4j/slf4j-api/1.6.6/slf4j-api-1.6.6.jar
7fcb11a1d000-7fcb11a25000 r--s 0004a000 08:01 2098420                    /home/nwhitehead/.m2/repository/org/springframework/org.springframework.orm/3.0.7.RELEASE/org.springframework.orm-3.0.7.RELEASE.jar
7fcb11a25000-7fcb11a27000 r--s 00008000 08:01 1859210                    /home/nwhitehead/.m2/repository/com/cgbystrom/netty-tools/1.2.7/netty-tools-1.2.7.jar
7fcb11a27000-7fcb11a2a000 r--s 0000d000 08:01 1858866                    /home/nwhitehead/.m2/repository/org/helios/nash/1.0-SNAPSHOT/nash-1.0-SNAPSHOT.jar
7fcb11a2a000-7fcb11a2f000 r--s 00043000 08:01 1897640                    /home/nwhitehead/.m2/repository/org/mongodb/mongo-java-driver/2.7.1/mongo-java-driver-2.7.1.jar
7fcb11a2f000-7fcb11a38000 r--s 0004d000 08:01 1846066                    /home/nwhitehead/.m2/repository/ch/qos/logback/logback-core/1.0.6/logback-core-1.0.6.jar
7fcb11a38000-7fcb11a3e000 r--s 00038000 08:01 1846088                    /home/nwhitehead/.m2/repository/ch/qos/logback/logback-classic/1.0.6/logback-classic-1.0.6.jar
7fcb11a3e000-7fcb11a40000 r--s 00004000 08:01 2098465                    /home/nwhitehead/.m2/repository/org/slf4j/log4j-over-slf4j/1.6.4/log4j-over-slf4j-1.6.4.jar
7fcb11a40000-7fcb11a43000 r--s 00006000 08:01 3698766                    /home/nwhitehead/.m2/repository/com/google/code/findbugs/jsr305/1.3.9/jsr305-1.3.9.jar
7fcb11a43000-7fcb11a45000 r--s 00001000 08:01 4456612                    /home/nwhitehead/.m2/repository/net/javacrumbs/json-xml/1.2/json-xml-1.2.jar
7fcb11a45000-7fcb11a46000 r--s 00005000 08:01 3025780                    /home/nwhitehead/.m2/repository/com/googlecode/json-simple/json-simple/1.1.1/json-simple-1.1.1.jar
7fcb11a46000-7fcb11a48000 r--s 0000a000 08:01 1846472                    /home/nwhitehead/.m2/repository/org/json/json/20090211/json-20090211.jar
7fcb11a48000-7fcb11a4a000 r--s 00003000 08:01 2098459                    /home/nwhitehead/.m2/repository/org/slf4j/jcl-over-slf4j/1.6.4/jcl-over-slf4j-1.6.4.jar
7fcb11a4a000-7fcb11a4d000 r--s 00018000 08:01 4347811                    /home/nwhitehead/.m2/repository/org/fusesource/jansi/jansi/1.4/jansi-1.4.jar
7fcb11a4d000-7fcb11a51000 r--s 00034000 08:01 1971132                    /home/nwhitehead/.m2/repository/org/codehaus/jackson/jackson-core-asl/1.8.1/jackson-core-asl-1.8.1.jar
7fcb11a51000-7fcb11a53000 r--s 00016000 08:01 1858774                    /home/nwhitehead/.m2/repository/com/github/stephenc/high-scale-lib/high-scale-lib/1.1.4/high-scale-lib-1.1.4.jar
7fcb11a53000-7fcb11a76000 r--s 00211000 08:01 2240994                    /home/nwhitehead/.m2/repository/org/hibernate/hibernate-core/3.3.2.GA/hibernate-core-3.3.2.GA.jar
7fcb11a76000-7fcb11a80000 r--s 0012f000 08:01 1858783                    /home/nwhitehead/.m2/repository/com/h2database/h2/1.3.168/h2-1.3.168.jar
7fcb11a80000-7fcb11aa2000 r--s 00195000 08:01 3675761                    /home/nwhitehead/.m2/repository/com/google/guava/guava/12.0/guava-12.0.jar
7fcb11aa2000-7fcb11aa7000 r--s 0002a000 08:01 3675752                    /home/nwhitehead/.m2/repository/com/google/code/gson/gson/2.2.2/gson-2.2.2.jar
7fcb11aa7000-7fcb11b06000 r--s 00589000 08:01 1858790                    /home/nwhitehead/.m2/repository/org/codehaus/groovy/groovy-all/2.0.1/groovy-all-2.0.1.jar
7fcb11b06000-7fcb11b0b000 r--s 00048000 08:01 1836869                    /home/nwhitehead/.m2/repository/dom4j/dom4j/1.6.1/dom4j-1.6.1.jar
7fcb11b0b000-7fcb11b0e000 r--s 0000e000 08:01 1863083                    /home/nwhitehead/.m2/repository/de/flapdoodle/embed/de.flapdoodle.embed.process/1.24/de.flapdoodle.embed.process-1.24.jar
7fcb11b0e000-7fcb11b10000 r--s 00005000 08:01 1863082                    /home/nwhitehead/.m2/repository/de/flapdoodle/embed/de.flapdoodle.embed.mongo/1.26/de.flapdoodle.embed.mongo-1.26.jar
7fcb11b10000-7fcb11b13000 r--s 0002a000 08:01 4456613                    /home/nwhitehead/.m2/repository/net/opentsdb/core/1.1.0/core-1.1.0.jar
7fcb11b13000-7fcb11b16000 r--s 00015000 08:01 1836071                    /home/nwhitehead/.m2/repository/commons-pool/commons-pool/1.5.4/commons-pool-1.5.4.jar
7fcb11b16000-7fcb11b18000 r--s 0000d000 08:01 1849525                    /home/nwhitehead/.m2/repository/commons-logging/commons-logging/1.1.1/commons-logging-1.1.1.jar
7fcb11b18000-7fcb11b1c000 r--s 00027000 08:01 1863084                    /home/nwhitehead/.m2/repository/commons-io/commons-io/2.2/commons-io-2.2.jar
7fcb11b1c000-7fcb11b1f000 r--s 00025000 08:01 1858769                    /home/nwhitehead/.m2/repository/commons-dbcp/commons-dbcp/1.4/commons-dbcp-1.4.jar
7fcb11b1f000-7fcb11b24000 r--s 00032000 08:01 1976205                    /home/nwhitehead/.m2/repository/org/apache/commons/commons-compress/1.3/commons-compress-1.3.jar
7fcb11b24000-7fcb11b31000 r--s 0007c000 08:01 1836641                    /home/nwhitehead/.m2/repository/commons-collections/commons-collections/3.1/commons-collections-3.1.jar
7fcb11b31000-7fcb11b34000 r--s 00012000 08:01 1970991                    /home/nwhitehead/.m2/repository/org/apache/camel/camel-test-spring/2.10.0/camel-test-spring-2.10.0.jar
7fcb11b34000-7fcb11b36000 r--s 0000c000 08:01 1971113                    /home/nwhitehead/.m2/repository/org/apache/camel/camel-test/2.10.0/camel-test-2.10.0.jar
7fcb11b36000-7fcb11b3b000 r--s 00033000 08:01 1971135                    /home/nwhitehead/.m2/repository/org/apache/camel/camel-spring/2.10.0/camel-spring-2.10.0.jar
7fcb11b3b000-7fcb11b3d000 r--s 0000e000 08:01 1971138                    /home/nwhitehead/.m2/repository/org/apache/camel/camel-netty/2.10.0/camel-netty-2.10.0.jar
7fcb11b3d000-7fcb11b66000 r--s 001f1000 08:01 1969727                    /home/nwhitehead/.m2/repository/org/apache/camel/camel-core/2.10.0/camel-core-2.10.0.jar
7fcb11b66000-7fcb11b6a000 r--s 00024000 08:01 1858773                    /home/nwhitehead/.m2/repository/org/hbase/asynchbase/1.3.2/asynchbase-1.3.2.jar
7fcb11b6a000-7fcb11b73000 r--s 0006c000 08:01 1858778                    /home/nwhitehead/.m2/repository/com/ning/async-http-client/1.7.6/async-http-client-1.7.6.jar
7fcb11b73000-7fcb11b74000 r--s 00003000 08:01 1858770                    /home/nwhitehead/.m2/repository/com/stumbleupon/async/1.2.0/async-1.2.0.jar
7fcb11b74000-7fcb11b7a000 r--s 00054000 08:01 5375779                    /home/nwhitehead/.m2/repository/org/snmp4j/snmp4j/1.9.1f/snmp4j-1.9.1f.jar
7fcb11b7a000-7fcb11b90000 r--s 000fd000 08:01 2229165                    /home/nwhitehead/.m2/repository/io/netty/netty/3.5.8.Final/netty-3.5.8.Final.jar
7fcb11b90000-7fcb11b91000 ---p 00000000 00:00 0 
7fcb11b91000-7fcb11c91000 rw-p 00000000 00:00 0 
7fcb11c91000-7fcb11c94000 ---p 00000000 00:00 0 
7fcb11c94000-7fcb11d92000 rw-p 00000000 00:00 0 
7fcb11d92000-7fcb11d95000 ---p 00000000 00:00 0 
7fcb11d95000-7fcb11e93000 rw-p 00000000 00:00 0 
7fcb11e93000-7fcb11e96000 ---p 00000000 00:00 0 
7fcb11e96000-7fcb11f94000 rw-p 00000000 00:00 0 
7fcb11f94000-7fcb11f97000 ---p 00000000 00:00 0 
7fcb11f97000-7fcb12095000 rw-p 00000000 00:00 0 
7fcb12095000-7fcb12098000 ---p 00000000 00:00 0 
7fcb12098000-7fcb12196000 rw-p 00000000 00:00 0 
7fcb12196000-7fcb12199000 ---p 00000000 00:00 0 
7fcb12199000-7fcb12297000 rw-p 00000000 00:00 0 
7fcb12297000-7fcb1229b000 r-xp 00000000 08:01 1858620                    /usr/lib/jvm/jdk1.7.0_09/jre/lib/amd64/libdt_socket.so
7fcb1229b000-7fcb1249a000 ---p 00004000 08:01 1858620                    /usr/lib/jvm/jdk1.7.0_09/jre/lib/amd64/libdt_socket.so
7fcb1249a000-7fcb1249b000 rw-p 00003000 08:01 1858620                    /usr/lib/jvm/jdk1.7.0_09/jre/lib/amd64/libdt_socket.so
7fcb1249b000-7fcb1249e000 ---p 00000000 00:00 0 
7fcb1249e000-7fcb1259c000 rw-p 00000000 00:00 0 
7fcb1259c000-7fcb1259f000 ---p 00000000 00:00 0 
7fcb1259f000-7fcb1269d000 rw-p 00000000 00:00 0 
7fcb1269d000-7fcb126a0000 ---p 00000000 00:00 0 
7fcb126a0000-7fcb1279e000 rw-p 00000000 00:00 0 
7fcb1279e000-7fcb1279f000 ---p 00000000 00:00 0 
7fcb1279f000-7fcb1327b000 rw-p 00000000 00:00 0 
7fcb1327b000-7fcb13437000 r--s 039da000 08:01 1858659                    /usr/lib/jvm/jdk1.7.0_09/jre/lib/rt.jar
7fcb13437000-7fcb15d9f000 rw-p 00000000 00:00 0 
7fcb15d9f000-7fcb15da0000 ---p 00000000 00:00 0 
7fcb15da0000-7fcb15ea0000 rw-p 00000000 00:00 0 
7fcb15ea0000-7fcb15ea1000 ---p 00000000 00:00 0 
7fcb15ea1000-7fcb15fad000 rw-p 00000000 00:00 0 
7fcb15fad000-7fcb15fca000 rw-p 00000000 00:00 0 
7fcb15fca000-7fcb15fdf000 rw-p 00000000 00:00 0 
7fcb15fdf000-7fcb1610f000 rw-p 00000000 00:00 0 
7fcb1610f000-7fcb1611b000 rw-p 00000000 00:00 0 
7fcb1611b000-7fcb16138000 rw-p 00000000 00:00 0 
7fcb16138000-7fcb1614d000 rw-p 00000000 00:00 0 
7fcb1614d000-7fcb1627c000 rw-p 00000000 00:00 0 
7fcb1627c000-7fcb162c1000 rw-p 00000000 00:00 0 
7fcb162c1000-7fcb1631f000 rw-p 00000000 00:00 0 
7fcb1631f000-7fcb16320000 rw-p 00000000 00:00 0 
7fcb16320000-7fcb16590000 rwxp 00000000 00:00 0 
7fcb16590000-7fcb19320000 rw-p 00000000 00:00 0 
7fcb19320000-7fcb1933a000 r-xp 00000000 08:01 1858648                    /usr/lib/jvm/jdk1.7.0_09/jre/lib/amd64/libzip.so
7fcb1933a000-7fcb1953a000 ---p 0001a000 08:01 1858648                    /usr/lib/jvm/jdk1.7.0_09/jre/lib/amd64/libzip.so
7fcb1953a000-7fcb1953b000 rw-p 0001a000 08:01 1858648                    /usr/lib/jvm/jdk1.7.0_09/jre/lib/amd64/libzip.so
7fcb1953b000-7fcb19547000 r-xp 00000000 08:01 2490502                    /lib/libnss_files-2.12.1.so
7fcb19547000-7fcb19746000 ---p 0000c000 08:01 2490502                    /lib/libnss_files-2.12.1.so
7fcb19746000-7fcb19747000 r--p 0000b000 08:01 2490502                    /lib/libnss_files-2.12.1.so
7fcb19747000-7fcb19748000 rw-p 0000c000 08:01 2490502                    /lib/libnss_files-2.12.1.so
7fcb19748000-7fcb19752000 r-xp 00000000 08:01 2490525                    /lib/libnss_nis-2.12.1.so
7fcb19752000-7fcb19951000 ---p 0000a000 08:01 2490525                    /lib/libnss_nis-2.12.1.so
7fcb19951000-7fcb19952000 r--p 00009000 08:01 2490525                    /lib/libnss_nis-2.12.1.so
7fcb19952000-7fcb19953000 rw-p 0000a000 08:01 2490525                    /lib/libnss_nis-2.12.1.so
7fcb19953000-7fcb1996a000 r-xp 00000000 08:01 2490479                    /lib/libnsl-2.12.1.so
7fcb1996a000-7fcb19b69000 ---p 00017000 08:01 2490479                    /lib/libnsl-2.12.1.so
7fcb19b69000-7fcb19b6a000 r--p 00016000 08:01 2490479                    /lib/libnsl-2.12.1.so
7fcb19b6a000-7fcb19b6b000 rw-p 00017000 08:01 2490479                    /lib/libnsl-2.12.1.so
7fcb19b6b000-7fcb19b6d000 rw-p 00000000 00:00 0 
7fcb19b6d000-7fcb19b75000 r-xp 00000000 08:01 2490489                    /lib/libnss_compat-2.12.1.so
7fcb19b75000-7fcb19d74000 ---p 00008000 08:01 2490489                    /lib/libnss_compat-2.12.1.so
7fcb19d74000-7fcb19d75000 r--p 00007000 08:01 2490489                    /lib/libnss_compat-2.12.1.so
7fcb19d75000-7fcb19d76000 rw-p 00008000 08:01 2490489                    /lib/libnss_compat-2.12.1.so
7fcb19d76000-7fcb1a01a000 r--p 00000000 08:01 2623986                    /usr/lib/locale/locale-archive
7fcb1a01a000-7fcb1a01d000 r-xp 00000000 08:01 1858611                    /usr/lib/jvm/jdk1.7.0_09/jre/lib/amd64/libnpt.so
7fcb1a01d000-7fcb1a21c000 ---p 00003000 08:01 1858611                    /usr/lib/jvm/jdk1.7.0_09/jre/lib/amd64/libnpt.so
7fcb1a21c000-7fcb1a21d000 rw-p 00002000 08:01 1858611                    /usr/lib/jvm/jdk1.7.0_09/jre/lib/amd64/libnpt.so
7fcb1a21d000-7fcb1a256000 r-xp 00000000 08:01 1858652                    /usr/lib/jvm/jdk1.7.0_09/jre/lib/amd64/libjdwp.so
7fcb1a256000-7fcb1a455000 ---p 00039000 08:01 1858652                    /usr/lib/jvm/jdk1.7.0_09/jre/lib/amd64/libjdwp.so
7fcb1a455000-7fcb1a457000 rw-p 00038000 08:01 1858652                    /usr/lib/jvm/jdk1.7.0_09/jre/lib/amd64/libjdwp.so
7fcb1a457000-7fcb1a480000 r-xp 00000000 08:01 1858634                    /usr/lib/jvm/jdk1.7.0_09/jre/lib/amd64/libjava.so
7fcb1a480000-7fcb1a680000 ---p 00029000 08:01 1858634                    /usr/lib/jvm/jdk1.7.0_09/jre/lib/amd64/libjava.so
7fcb1a680000-7fcb1a682000 rw-p 00029000 08:01 1858634                    /usr/lib/jvm/jdk1.7.0_09/jre/lib/amd64/libjava.so
7fcb1a682000-7fcb1a68f000 r-xp 00000000 08:01 1858632                    /usr/lib/jvm/jdk1.7.0_09/jre/lib/amd64/libverify.so
7fcb1a68f000-7fcb1a88e000 ---p 0000d000 08:01 1858632                    /usr/lib/jvm/jdk1.7.0_09/jre/lib/amd64/libverify.so
7fcb1a88e000-7fcb1a890000 rw-p 0000c000 08:01 1858632                    /usr/lib/jvm/jdk1.7.0_09/jre/lib/amd64/libverify.so
7fcb1a890000-7fcb1a897000 r-xp 00000000 08:01 2491140                    /lib/librt-2.12.1.so
7fcb1a897000-7fcb1aa96000 ---p 00007000 08:01 2491140                    /lib/librt-2.12.1.so
7fcb1aa96000-7fcb1aa97000 r--p 00006000 08:01 2491140                    /lib/librt-2.12.1.so
7fcb1aa97000-7fcb1aa98000 rw-p 00007000 08:01 2491140                    /lib/librt-2.12.1.so
7fcb1aa98000-7fcb1ab1a000 r-xp 00000000 08:01 2490475                    /lib/libm-2.12.1.so
7fcb1ab1a000-7fcb1ad19000 ---p 00082000 08:01 2490475                    /lib/libm-2.12.1.so
7fcb1ad19000-7fcb1ad1a000 r--p 00081000 08:01 2490475                    /lib/libm-2.12.1.so
7fcb1ad1a000-7fcb1ad1b000 rw-p 00082000 08:01 2490475                    /lib/libm-2.12.1.so
7fcb1ad1b000-7fcb1b762000 r-xp 00000000 08:01 1858639                    /usr/lib/jvm/jdk1.7.0_09/jre/lib/amd64/server/libjvm.so
7fcb1b762000-7fcb1b961000 ---p 00a47000 08:01 1858639                    /usr/lib/jvm/jdk1.7.0_09/jre/lib/amd64/server/libjvm.so
7fcb1b961000-7fcb1ba05000 rw-p 00a46000 08:01 1858639                    /usr/lib/jvm/jdk1.7.0_09/jre/lib/amd64/server/libjvm.so
7fcb1ba05000-7fcb1ba40000 rw-p 00000000 00:00 0 
7fcb1ba40000-7fcb1bbba000 r-xp 00000000 08:01 2490430                    /lib/libc-2.12.1.so
7fcb1bbba000-7fcb1bdba000 ---p 0017a000 08:01 2490430                    /lib/libc-2.12.1.so
7fcb1bdba000-7fcb1bdbe000 r--p 0017a000 08:01 2490430                    /lib/libc-2.12.1.so
7fcb1bdbe000-7fcb1bdbf000 rw-p 0017e000 08:01 2490430                    /lib/libc-2.12.1.so
7fcb1bdbf000-7fcb1bdc4000 rw-p 00000000 00:00 0 
7fcb1bdc4000-7fcb1bdc6000 r-xp 00000000 08:01 2490473                    /lib/libdl-2.12.1.so
7fcb1bdc6000-7fcb1bfc6000 ---p 00002000 08:01 2490473                    /lib/libdl-2.12.1.so
7fcb1bfc6000-7fcb1bfc7000 r--p 00002000 08:01 2490473                    /lib/libdl-2.12.1.so
7fcb1bfc7000-7fcb1bfc8000 rw-p 00003000 08:01 2490473                    /lib/libdl-2.12.1.so
7fcb1bfc8000-7fcb1bfde000 r-xp 00000000 08:01 1858609                    /usr/lib/jvm/jdk1.7.0_09/jre/lib/amd64/jli/libjli.so
7fcb1bfde000-7fcb1c1dd000 ---p 00016000 08:01 1858609                    /usr/lib/jvm/jdk1.7.0_09/jre/lib/amd64/jli/libjli.so
7fcb1c1dd000-7fcb1c1de000 rw-p 00015000 08:01 1858609                    /usr/lib/jvm/jdk1.7.0_09/jre/lib/amd64/jli/libjli.so
7fcb1c1de000-7fcb1c1f6000 r-xp 00000000 08:01 2490545                    /lib/libpthread-2.12.1.so
7fcb1c1f6000-7fcb1c3f5000 ---p 00018000 08:01 2490545                    /lib/libpthread-2.12.1.so
7fcb1c3f5000-7fcb1c3f6000 r--p 00017000 08:01 2490545                    /lib/libpthread-2.12.1.so
7fcb1c3f6000-7fcb1c3f7000 rw-p 00018000 08:01 2490545                    /lib/libpthread-2.12.1.so
7fcb1c3f7000-7fcb1c3fb000 rw-p 00000000 00:00 0 
7fcb1c3fb000-7fcb1c41b000 r-xp 00000000 08:01 2490421                    /lib/ld-2.12.1.so
7fcb1c41b000-7fcb1c41d000 rw-p 00000000 00:00 0 
7fcb1c41d000-7fcb1c41e000 rw-s 00000000 08:01 1930277                    /home/nwhitehead/.apmrouter/h2/time-series/live.index
7fcb1c41e000-7fcb1c425000 r--s 00062000 08:01 2381988                    /home/nwhitehead/.m2/repository/org/hyperic/sigar/1.6.4/sigar-1.6.4.jar
7fcb1c425000-7fcb1c42e000 r--s 0006d000 08:01 1835714                    /home/nwhitehead/.m2/repository/log4j/log4j/1.2.16/log4j-1.2.16.jar
7fcb1c42e000-7fcb1c434000 r--s 00034000 08:01 3189641                    /home/nwhitehead/.m2/repository/junit/junit/4.8.2/junit-4.8.2.jar
7fcb1c434000-7fcb1c43e000 rw-p 00000000 00:00 0 
7fcb1c43e000-7fcb1c4f4000 rw-p 00000000 00:00 0 
7fcb1c4f4000-7fcb1c4f7000 ---p 00000000 00:00 0 
7fcb1c4f7000-7fcb1c5f9000 rw-p 00000000 00:00 0 
7fcb1c5f9000-7fcb1c5fd000 r--s 00089000 08:01 1858097                    /usr/lib/jvm/jdk1.7.0_09/jre/lib/jsse.jar
7fcb1c5fd000-7fcb1c606000 r--s 00098000 08:01 1836150                    /home/nwhitehead/.m2/repository/org/javassist/javassist/3.16.1-GA/javassist-3.16.1-GA.jar
7fcb1c606000-7fcb1c608000 r--s 00000000 08:01 1835649                    /home/nwhitehead/.m2/repository/aopalliance/aopalliance/1.0/aopalliance-1.0.jar
7fcb1c608000-7fcb1c60e000 r--s 00067000 08:01 1835777                    /home/nwhitehead/.m2/repository/antlr/antlr/2.7.6/antlr-2.7.6.jar
7fcb1c60e000-7fcb1c60f000 r--s 00003000 08:01 1835778                    /home/nwhitehead/.m2/repository/javax/transaction/jta/1.1/jta-1.1.jar
7fcb1c60f000-7fcb1c617000 rw-s 00000000 08:01 4850708                    /tmp/hsperfdata_nwhitehead/11402
7fcb1c617000-7fcb1c618000 rw-p 00000000 00:00 0 
7fcb1c618000-7fcb1c619000 r--p 00000000 00:00 0 
7fcb1c619000-7fcb1c61b000 rw-p 00000000 00:00 0 
7fcb1c61b000-7fcb1c61c000 r--p 00020000 08:01 2490421                    /lib/ld-2.12.1.so
7fcb1c61c000-7fcb1c61d000 rw-p 00021000 08:01 2490421                    /lib/ld-2.12.1.so
7fcb1c61d000-7fcb1c61e000 rw-p 00000000 00:00 0 
7ffff428c000-7ffff42ae000 rw-p 00000000 00:00 0                          [stack]
7ffff43df000-7ffff43e0000 r-xp 00000000 00:00 0                          [vdso]
ffffffffff600000-ffffffffff601000 r-xp 00000000 00:00 0                  [vsyscall]

VM Arguments:
jvm_args: -agentlib:jdwp=transport=dt_socket,suspend=y,address=localhost:46254 -Dfile.encoding=UTF-8 
java_command: org.helios.apmrouter.APMRouter ./src/test/resources/server
Launcher Type: SUN_STANDARD

Environment Variables:
PATH=/home/nwhitehead/bin:/usr/local/sbin:/usr/local/bin:/usr/sbin:/usr/bin:/sbin:/bin:/usr/games
USERNAME=nwhitehead
LD_LIBRARY_PATH=/usr/lib/jvm/jdk1.7.0_09/jre/lib/amd64/server:/usr/lib/jvm/jdk1.7.0_09/jre/lib/amd64:/usr/lib/jvm/jdk1.7.0_09/jre/../lib/amd64:/usr/lib/jvm/java-6-openjdk/jre/lib/amd64/server:/usr/lib/jvm/java-6-openjdk/jre/lib/amd64:/usr/lib/jvm/java-6-openjdk/jre/../lib/amd64
SHELL=/bin/bash
DISPLAY=:0.0

Signal Handlers:
SIGSEGV: [libjvm.so+0x8a5c80], sa_mask[0]=0x7ffbfeff, sa_flags=0x10000004
SIGBUS: [libjvm.so+0x8a5c80], sa_mask[0]=0x7ffbfeff, sa_flags=0x10000004
SIGFPE: [libjvm.so+0x741d60], sa_mask[0]=0x7ffbfeff, sa_flags=0x10000004
SIGPIPE: [libjvm.so+0x741d60], sa_mask[0]=0x7ffbfeff, sa_flags=0x10000004
SIGXFSZ: [libjvm.so+0x741d60], sa_mask[0]=0x7ffbfeff, sa_flags=0x10000004
SIGILL: [libjvm.so+0x741d60], sa_mask[0]=0x7ffbfeff, sa_flags=0x10000004
SIGUSR1: SIG_DFL, sa_mask[0]=0x00000000, sa_flags=0x00000000
SIGUSR2: [libjvm.so+0x7416b0], sa_mask[0]=0x00000004, sa_flags=0x10000004
SIGHUP: [libjvm.so+0x743a40], sa_mask[0]=0x7ffbfeff, sa_flags=0x10000004
SIGINT: [libjvm.so+0x743a40], sa_mask[0]=0x7ffbfeff, sa_flags=0x10000004
SIGTERM: [libjvm.so+0x743a40], sa_mask[0]=0x7ffbfeff, sa_flags=0x10000004
SIGQUIT: [libjvm.so+0x743a40], sa_mask[0]=0x7ffbfeff, sa_flags=0x10000004


---------------  S Y S T E M  ---------------

OS:squeeze/sid

uname:Linux 2.6.35-32-generic #67-Ubuntu SMP Mon Mar 5 19:39:49 UTC 2012 x86_64
libc:glibc 2.12.1 NPTL 2.12.1 
rlimit: STACK 8192k, CORE 0k, NPROC infinity, NOFILE 4096, AS infinity
load average:0.40 0.31 0.41

/proc/meminfo:
MemTotal:        3984228 kB
MemFree:          234136 kB
Buffers:           35188 kB
Cached:           608824 kB
SwapCached:       198408 kB
Active:          2368200 kB
Inactive:        1091272 kB
Active(anon):    2181944 kB
Inactive(anon):   874812 kB
Active(file):     186256 kB
Inactive(file):   216460 kB
Unevictable:          80 kB
Mlocked:              80 kB
SwapTotal:       4016124 kB
SwapFree:        2956096 kB
Dirty:             10516 kB
Writeback:             0 kB
AnonPages:       2707820 kB
Mapped:           132296 kB
Shmem:            241296 kB
Slab:              93932 kB
SReclaimable:      53428 kB
SUnreclaim:        40504 kB
KernelStack:        6904 kB
PageTables:        57224 kB
NFS_Unstable:          0 kB
Bounce:                0 kB
WritebackTmp:          0 kB
CommitLimit:     6008236 kB
Committed_AS:    7784500 kB
VmallocTotal:   34359738367 kB
VmallocUsed:      378336 kB
VmallocChunk:   34359285368 kB
HardwareCorrupted:     0 kB
HugePages_Total:       0
HugePages_Free:        0
HugePages_Rsvd:        0
HugePages_Surp:        0
Hugepagesize:       2048 kB
DirectMap4k:        8896 kB
DirectMap2M:     4110336 kB


CPU:total 2 (2 cores per cpu, 1 threads per core) family 6 model 15 stepping 11, cmov, cx8, fxsr, mmx, sse, sse2, sse3, ssse3, tsc

/proc/cpuinfo:
processor	: 0
vendor_id	: GenuineIntel
cpu family	: 6
model		: 15
model name	: Intel(R) Core(TM)2 Duo CPU     T7300  @ 2.00GHz
stepping	: 11
cpu MHz		: 2001.000
cache size	: 4096 KB
physical id	: 0
siblings	: 2
core id		: 0
cpu cores	: 2
apicid		: 0
initial apicid	: 0
fpu		: yes
fpu_exception	: yes
cpuid level	: 10
wp		: yes
flags		: fpu vme de pse tsc msr pae mce cx8 apic sep mtrr pge mca cmov pat pse36 clflush dts acpi mmx fxsr sse sse2 ss ht tm pbe syscall nx lm constant_tsc arch_perfmon pebs bts rep_good aperfmperf pni dtes64 monitor ds_cpl vmx est tm2 ssse3 cx16 xtpr pdcm lahf_lm ida dts tpr_shadow vnmi flexpriority
bogomips	: 3990.01
clflush size	: 64
cache_alignment	: 64
address sizes	: 36 bits physical, 48 bits virtual
power management:

processor	: 1
vendor_id	: GenuineIntel
cpu family	: 6
model		: 15
model name	: Intel(R) Core(TM)2 Duo CPU     T7300  @ 2.00GHz
stepping	: 11
cpu MHz		: 2001.000
cache size	: 4096 KB
physical id	: 0
siblings	: 2
core id		: 1
cpu cores	: 2
apicid		: 1
initial apicid	: 1
fpu		: yes
fpu_exception	: yes
cpuid level	: 10
wp		: yes
flags		: fpu vme de pse tsc msr pae mce cx8 apic sep mtrr pge mca cmov pat pse36 clflush dts acpi mmx fxsr sse sse2 ss ht tm pbe syscall nx lm constant_tsc arch_perfmon pebs bts rep_good aperfmperf pni dtes64 monitor ds_cpl vmx est tm2 ssse3 cx16 xtpr pdcm lahf_lm ida dts tpr_shadow vnmi flexpriority
bogomips	: 3992.05
clflush size	: 64
cache_alignment	: 64
address sizes	: 36 bits physical, 48 bits virtual
power management:



Memory: 4k page, physical 3984228k(234136k free), swap 4016124k(2956096k free)

vm_info: Java HotSpot(TM) 64-Bit Server VM (23.5-b02) for linux-amd64 JRE (1.7.0_09-b05), built on Sep 24 2012 20:07:15 by "java_re" with gcc 4.3.0 20080428 (Red Hat 4.3.0-8)

time: Sun Nov 25 12:47:41 2012
elapsed time: 23 seconds

