#
# A fatal error has been detected by the Java Runtime Environment:
#
#  SIGSEGV (0xb) at pc=0x00007f6e39060a54, pid=10721, tid=140111186147072
#
# JRE version: 7.0_09-b05
# Java VM: Java HotSpot(TM) 64-Bit Server VM (23.5-b02 mixed mode linux-amd64 compressed oops)
# Problematic frame:
# V  [libjvm.so+0x886a54]  Unsafe_GetNativeInt+0x74
#
# Failed to write core dump. Core dumps have been disabled. To enable core dumping, try "ulimit -c unlimited" before starting Java again
#
# If you would like to submit a bug report, please visit:
#   http://bugreport.sun.com/bugreport/crash.jsp
#

---------------  T H R E A D  ---------------

Current thread (0x0000000003509000):  JavaThread "MonitorSchedulerThread#1" daemon [_thread_in_vm, id=10779, stack(0x00007f6e2d6ab000,0x00007f6e2d7ac000)]

siginfo:si_signo=SIGSEGV: si_errno=0, si_code=1 (SEGV_MAPERR), si_addr=0x0000000000000014

Registers:
RAX=0x0000000003509000, RBX=0x00007f6e2d7a98f0, RCX=0x00007f6e39eb52a0, RDX=0x00007f6e2d7aba20
RSP=0x00007f6e2d7a9680, RBP=0x00007f6e2d7a96b0, RSI=0x0000000000000006, RDI=0x0000000000000010
R8 =0x0000000002574ea0, R9 =0x0000000000005400, R10=0x00007f6e33df6d85, R11=0x00007f6e38fa8cf0
R12=0x0000000000000014, R13=0x00000000be0d8df8, R14=0x00007f6e2d7a9680, R15=0x0000000003509000
RIP=0x00007f6e39060a54, EFLAGS=0x0000000000010246, CSGSFS=0x0000000000000033, ERR=0x0000000000000004
  TRAPNO=0x000000000000000e

Top of Stack: (sp=0x00007f6e2d7a9680)
0x00007f6e2d7a9680:   0000000003509000 00007f6e2914a898
0x00007f6e2d7a9690:   00000000be0d8df8 0000000000000000
0x00007f6e2d7a96a0:   00000000be0d8df8 00007f6e2d7a9748
0x00007f6e2d7a96b0:   00007f6e2d7a9718 00007f6e33df6db1
0x00007f6e2d7a96c0:   00007f6e2914a868 00007f6e00000000
0x00007f6e2d7a96d0:   0000000003509000 00007f6e2d7a96d8
0x00007f6e2d7a96e0:   0000000000000000 00007f6e2d7a9748
0x00007f6e2d7a96f0:   00000000be0dca68 0000000000000000
0x00007f6e2d7a9700:   00000000be0d8df8 0000000000000000
0x00007f6e2d7a9710:   00007f6e2d7a9738 00007f6e2d7a9790
0x00007f6e2d7a9720:   00007f6e33de5354 0000000000000000
0x00007f6e2d7a9730:   00007f6e33df2036 0000000000000014
0x00007f6e2d7a9740:   00000000eec5d628 00000000ef997770
0x00007f6e2d7a9750:   00007f6e2d7a9750 00000000bf4bab4a
0x00007f6e2d7a9760:   00007f6e2d7a97a8 00000000bf671e70
0x00007f6e2d7a9770:   0000000000000000 00000000bf4bab70
0x00007f6e2d7a9780:   00007f6e2d7a9738 00007f6e2d7a97a0
0x00007f6e2d7a9790:   00007f6e2d7a97f0 00007f6e33de5354
0x00007f6e2d7a97a0:   0000000000000014 00000000eec5d628
0x00007f6e2d7a97b0:   00007f6e2d7a97b0 00000000bf48a83b
0x00007f6e2d7a97c0:   00007f6e2d7a9808 00000000bf4a1d10
0x00007f6e2d7a97d0:   0000000000000000 00000000bf48a860
0x00007f6e2d7a97e0:   00007f6e2d7a97a0 00007f6e2d7a9800
0x00007f6e2d7a97f0:   00007f6e2d7a9870 00007f6e33ddf4f7
0x00007f6e2d7a9800:   00000000eec5d628 00000000edcb1218
0x00007f6e2d7a9810:   00007f6e00001fa0 00007f6e2d7a9b30
0x00007f6e2d7a9820:   00007f6e2d7a98f0 00007f6e2d7a99c0
0x00007f6e2d7a9830:   0000000003509000 00007f6e2914a860
0x00007f6e2d7a9840:   00007f6e2d7a98b0 00007f6e2d7a9b38
0x00007f6e2d7a9850:   000000000000000b 00000000bf48a860
0x00007f6e2d7a9860:   00007f6e33df4340 00007f6e2d7a99c8
0x00007f6e2d7a9870:   00007f6e2d7a9950 00007f6e38d2b8d5 

Instructions: (pc=0x00007f6e39060a54)
0x00007f6e39060a34:   89 f7 e8 25 69 ef ff 48 8b 05 56 f3 43 00 8b 38
0x00007f6e39060a44:   e8 df 25 91 ff 48 8b 5b 48 c6 80 74 02 00 00 01
0x00007f6e39060a54:   45 8b 2c 24 c6 80 74 02 00 00 00 48 8b 7b 10 4c
0x00007f6e39060a64:   8b 63 08 48 83 3f 00 74 09 e8 5e 41 9a ff 48 8b 

Register to memory mapping:

RAX=0x0000000003509000 is a thread
RBX=0x00007f6e2d7a98f0 is pointing into the stack for thread: 0x0000000003509000
RCX=0x00007f6e39eb52a0: <offset 0x2182a0> in /lib/libpthread.so.0 at 0x00007f6e39c9d000
RDX=0x00007f6e2d7aba20 is pointing into the stack for thread: 0x0000000003509000
RSP=0x00007f6e2d7a9680 is pointing into the stack for thread: 0x0000000003509000
RBP=0x00007f6e2d7a96b0 is pointing into the stack for thread: 0x0000000003509000
RSI=0x0000000000000006 is an unknown value
RDI=0x0000000000000010 is an unknown value
R8 =0x0000000002574ea0 is an unknown value
R9 =0x0000000000005400 is an unknown value
R10=0x00007f6e33df6d85 is an Interpreter codelet
method entry point (kind = native)  [0x00007f6e33df68e0, 0x00007f6e33df76c0]  3552 bytes
R11=0x00007f6e38fa8cf0: <offset 0x7cecf0> in /usr/lib/jvm/jdk1.7.0_09/jre/lib/amd64/server/libjvm.so at 0x00007f6e387da000
R12=0x0000000000000014 is an unknown value
R13=0x00000000be0d8df8 is an oop
{method} 
 - klass: {other class}
R14=0x00007f6e2d7a9680 is pointing into the stack for thread: 0x0000000003509000
R15=0x0000000003509000 is a thread


Stack: [0x00007f6e2d6ab000,0x00007f6e2d7ac000],  sp=0x00007f6e2d7a9680,  free space=1017k
Native frames: (J=compiled Java code, j=interpreted, Vv=VM code, C=native code)
V  [libjvm.so+0x886a54]  Unsafe_GetNativeInt+0x74
j  sun.misc.Unsafe.getInt(J)I+0
j  vanilla.java.chronicle.impl.UnsafeExcerpt.readInt(I)I+10
j  org.helios.apmrouter.destination.chronicletimeseries.ChronicleTier.getSeriesEntryCount(Lvanilla/java/chronicle/impl/UnsafeExcerpt;)J+3
v  ~StubRoutines::call_stub
V  [libjvm.so+0x5518d5]  JavaCalls::call_helper(JavaValue*, methodHandle*, JavaCallArguments*, Thread*)+0x355
V  [libjvm.so+0x5503f8]  JavaCalls::call(JavaValue*, methodHandle, JavaCallArguments*, Thread*)+0x28
V  [libjvm.so+0x564e04]  jni_invoke_nonstatic(JNIEnv_*, JavaValue*, _jobject*, JNICallType, _jmethodID*, JNI_ArgumentPusher*, Thread*)+0x2a4
V  [libjvm.so+0x574b79]  jni_CallNonvirtualLongMethodA+0xe9
C  [libjdwp.so+0x1be44]  invoker_doInvoke+0xd64
C  [libjdwp.so+0x14dc5]  reportEvents+0xc5
C  [libjdwp.so+0x15152]  event_callback+0x1c2
C  [libjdwp.so+0x182f7]  cbSingleStep+0xb7
V  [libjvm.so+0x61f3bd]  JvmtiExport::post_single_step(JavaThread*, methodOopDesc*, unsigned char*)+0x1dd
V  [libjvm.so+0x6232d5]  JvmtiExport::at_single_stepping_point(JavaThread*, methodOopDesc*, unsigned char*)+0xc5
V  [libjvm.so+0x54c3e5]  InterpreterRuntime::at_safepoint(JavaThread*)+0x65
j  org.helios.apmrouter.destination.chronicletimeseries.ChronicleTier.createNewMetric()J+5
j  org.helios.apmrouter.catalog.jdbc.h2.H2JDBCMetricCatalog.getID(JLjava/lang/String;Ljava/lang/String;ILjava/lang/String;Ljava/lang/String;)J+25
j  org.helios.apmrouter.server.tracing.ServerTracerFactory.processMetrics(Ljava/util/Collection;)I+86
j  org.helios.apmrouter.server.tracing.ServerTracerFactory.submit(Ljava/util/Collection;)V+2
j  org.helios.apmrouter.server.tracing.ServerTracerFactory.submit([Lorg/helios/apmrouter/metric/IMetric;)V+21
j  org.helios.apmrouter.trace.TracerImpl.traceCounter(JLjava/lang/CharSequence;[Ljava/lang/CharSequence;)Lorg/helios/apmrouter/metric/ICEMetric;+33
j  org.helios.apmrouter.monitor.jvm.JVMMonitor.doCollect(J)V+76
j  org.helios.apmrouter.monitor.AbstractMonitor.collect()V+9
j  org.helios.apmrouter.monitor.AbstractMonitor.run()V+1
j  java.util.concurrent.Executors$RunnableAdapter.call()Ljava/lang/Object;+4
j  java.util.concurrent.FutureTask$Sync.innerRunAndReset()Z+30
j  java.util.concurrent.FutureTask.runAndReset()Z+4
j  java.util.concurrent.ScheduledThreadPoolExecutor$ScheduledFutureTask.access$301(Ljava/util/concurrent/ScheduledThreadPoolExecutor$ScheduledFutureTask;)Z+1
j  java.util.concurrent.ScheduledThreadPoolExecutor$ScheduledFutureTask.run()V+37
j  org.helios.apmrouter.jmx.ListenerAwareRunnableScheduledFuture.run()V+4
j  java.util.concurrent.ThreadPoolExecutor.runWorker(Ljava/util/concurrent/ThreadPoolExecutor$Worker;)V+46
j  java.util.concurrent.ThreadPoolExecutor$Worker.run()V+5
j  java.lang.Thread.run()V+11
v  ~StubRoutines::call_stub
V  [libjvm.so+0x5518d5]  JavaCalls::call_helper(JavaValue*, methodHandle*, JavaCallArguments*, Thread*)+0x355
V  [libjvm.so+0x5503f8]  JavaCalls::call(JavaValue*, methodHandle, JavaCallArguments*, Thread*)+0x28
V  [libjvm.so+0x55068c]  JavaCalls::call_virtual(JavaValue*, KlassHandle, Symbol*, Symbol*, JavaCallArguments*, Thread*)+0x17c
V  [libjvm.so+0x5507b7]  JavaCalls::call_virtual(JavaValue*, Handle, KlassHandle, Symbol*, Symbol*, Thread*)+0x47
V  [libjvm.so+0x5ab07f]  thread_entry(JavaThread*, Thread*)+0xdf
V  [libjvm.so+0x8650c8]  JavaThread::thread_main_inner()+0xc8
V  [libjvm.so+0x865218]  JavaThread::run()+0x138
V  [libjvm.so+0x746c00]  java_start(Thread*)+0x100

Java frames: (J=compiled Java code, j=interpreted, Vv=VM code)
j  sun.misc.Unsafe.getInt(J)I+0
j  vanilla.java.chronicle.impl.UnsafeExcerpt.readInt(I)I+10
j  org.helios.apmrouter.destination.chronicletimeseries.ChronicleTier.getSeriesEntryCount(Lvanilla/java/chronicle/impl/UnsafeExcerpt;)J+3
v  ~StubRoutines::call_stub
j  org.helios.apmrouter.destination.chronicletimeseries.ChronicleTier.createNewMetric()J+5
j  org.helios.apmrouter.catalog.jdbc.h2.H2JDBCMetricCatalog.getID(JLjava/lang/String;Ljava/lang/String;ILjava/lang/String;Ljava/lang/String;)J+25
j  org.helios.apmrouter.server.tracing.ServerTracerFactory.processMetrics(Ljava/util/Collection;)I+86
j  org.helios.apmrouter.server.tracing.ServerTracerFactory.submit(Ljava/util/Collection;)V+2
j  org.helios.apmrouter.server.tracing.ServerTracerFactory.submit([Lorg/helios/apmrouter/metric/IMetric;)V+21
j  org.helios.apmrouter.trace.TracerImpl.traceCounter(JLjava/lang/CharSequence;[Ljava/lang/CharSequence;)Lorg/helios/apmrouter/metric/ICEMetric;+33
j  org.helios.apmrouter.monitor.jvm.JVMMonitor.doCollect(J)V+76
j  org.helios.apmrouter.monitor.AbstractMonitor.collect()V+9
j  org.helios.apmrouter.monitor.AbstractMonitor.run()V+1
j  java.util.concurrent.Executors$RunnableAdapter.call()Ljava/lang/Object;+4
j  java.util.concurrent.FutureTask$Sync.innerRunAndReset()Z+30
j  java.util.concurrent.FutureTask.runAndReset()Z+4
j  java.util.concurrent.ScheduledThreadPoolExecutor$ScheduledFutureTask.access$301(Ljava/util/concurrent/ScheduledThreadPoolExecutor$ScheduledFutureTask;)Z+1
j  java.util.concurrent.ScheduledThreadPoolExecutor$ScheduledFutureTask.run()V+37
j  org.helios.apmrouter.jmx.ListenerAwareRunnableScheduledFuture.run()V+4
j  java.util.concurrent.ThreadPoolExecutor.runWorker(Ljava/util/concurrent/ThreadPoolExecutor$Worker;)V+46
j  java.util.concurrent.ThreadPoolExecutor$Worker.run()V+5
j  java.lang.Thread.run()V+11
v  ~StubRoutines::call_stub

---------------  P R O C E S S  ---------------

Java Threads: ( => current thread )
=>0x0000000003509000 JavaThread "MonitorSchedulerThread#1" daemon [_thread_in_vm, id=10779, stack(0x00007f6e2d6ab000,0x00007f6e2d7ac000)]
  0x0000000003841800 JavaThread "CollectionFunnelTimer" daemon [_thread_blocked, id=10778, stack(0x00007f6e2d7ac000,0x00007f6e2d8ad000)]
  0x00000000031a4800 JavaThread "New I/O  worker #4" daemon [_thread_blocked, id=10777, stack(0x00007f6e2d8ad000,0x00007f6e2d9ae000)]
  0x00000000031a2800 JavaThread "New I/O  worker #3" daemon [_thread_blocked, id=10776, stack(0x00007f6e2d9ae000,0x00007f6e2daaf000)]
  0x0000000003851800 JavaThread "New I/O  worker #2" daemon [_thread_blocked, id=10775, stack(0x00007f6e2daaf000,0x00007f6e2dbb0000)]
  0x0000000003850800 JavaThread "New I/O  worker #1" daemon [_thread_blocked, id=10774, stack(0x00007f6e2dbb0000,0x00007f6e2dcb1000)]
  0x0000000003847800 JavaThread "AgentSchedulerSchedulerThread#1" daemon [_thread_blocked, id=10773, stack(0x00007f6e2dcb1000,0x00007f6e2ddb2000)]
  0x00000000031c2800 JavaThread "TimeoutQueueMapThread#1" daemon [_thread_blocked, id=10772, stack(0x00007f6e2ddb2000,0x00007f6e2deb3000)]
  0x0000000002ef1800 JavaThread "CollectionFunnelThread#1" daemon [_thread_blocked, id=10771, stack(0x00007f6e2deb3000,0x00007f6e2dfb4000)]
  0x0000000005c05800 JavaThread "H2 Log Writer DB" daemon [_thread_blocked, id=10761, stack(0x00007f6e2dfb4000,0x00007f6e2e0b5000)]
  0x000000000317d000 JavaThread "H2 File Lock Watchdog /home/nwhitehead/.apmrouter/h2/db.lock.db" daemon [_thread_blocked, id=10760, stack(0x00007f6e2e0b5000,0x00007f6e2e1b6000)]
  0x00007f6e2a937800 JavaThread "PatternRouterWorkersThread#8" daemon [_thread_blocked, id=10758, stack(0x00007f6e2e1b6000,0x00007f6e2e2b7000)]
  0x00007f6e28a98000 JavaThread "PatternRouterWorkersThread#7" daemon [_thread_blocked, id=10757, stack(0x00007f6e2e2b7000,0x00007f6e2e3b8000)]
  0x00007f6e20709000 JavaThread "PatternRouterWorkersThread#6" daemon [_thread_blocked, id=10756, stack(0x00007f6e2e3b8000,0x00007f6e2e4b9000)]
  0x00007f6e2ba17000 JavaThread "PatternRouterWorkersThread#5" daemon [_thread_blocked, id=10755, stack(0x00007f6e2e4b9000,0x00007f6e2e5ba000)]
  0x0000000002e86000 JavaThread "PatternRouterWorkersThread#4" daemon [_thread_blocked, id=10754, stack(0x00007f6e2e5ba000,0x00007f6e2e6bb000)]
  0x0000000002d6b800 JavaThread "PatternRouterWorkersThread#3" daemon [_thread_blocked, id=10753, stack(0x00007f6e2e833000,0x00007f6e2e934000)]
  0x0000000002d69000 JavaThread "PatternRouterWorkersThread#2" daemon [_thread_blocked, id=10752, stack(0x00007f6e2e934000,0x00007f6e2ea35000)]
  0x0000000002d67800 JavaThread "PatternRouterWorkersThread#1" daemon [_thread_blocked, id=10751, stack(0x00007f6e2ea35000,0x00007f6e2eb36000)]
  0x000000000477d800 JavaThread "MetricConflationThread#1" daemon [_thread_blocked, id=10750, stack(0x00007f6e2eb36000,0x00007f6e2ec37000)]
  0x00000000057c2000 JavaThread "SpringEventPoolThread#1" daemon [_thread_blocked, id=10749, stack(0x00007f6e2ec37000,0x00007f6e2ed38000)]
  0x0000000005832800 JavaThread "MongoCleaner1147893946" daemon [_thread_blocked, id=10748, stack(0x00007f6e2e6bb000,0x00007f6e2e7bc000)]
  0x00007f6e28159800 JavaThread "FileWatchdog" daemon [_thread_blocked, id=10747, stack(0x00007f6e2ef40000,0x00007f6e2f041000)]
  0x0000000002660800 JavaThread "Service Thread" daemon [_thread_blocked, id=10744, stack(0x00007f6e2f750000,0x00007f6e2f851000)]
  0x0000000002655000 JavaThread "C2 CompilerThread1" daemon [_thread_blocked, id=10743, stack(0x00007f6e2f851000,0x00007f6e2f952000)]
  0x0000000002651800 JavaThread "C2 CompilerThread0" daemon [_thread_blocked, id=10742, stack(0x00007f6e2f952000,0x00007f6e2fa53000)]
  0x0000000002644000 JavaThread "JDWP Command Reader" daemon [_thread_in_native, id=10739, stack(0x00007f6e2fa53000,0x00007f6e2fb54000)]
  0x0000000002641800 JavaThread "JDWP Event Helper Thread" daemon [_thread_blocked, id=10738, stack(0x00007f6e2fb54000,0x00007f6e2fc55000)]
  0x000000000263e000 JavaThread "JDWP Transport Listener: dt_socket" daemon [_thread_in_native, id=10736, stack(0x00007f6e2fc55000,0x00007f6e2fd56000)]
  0x000000000262f800 JavaThread "Signal Dispatcher" daemon [_thread_blocked, id=10734, stack(0x00007f6e2ff5a000,0x00007f6e3005b000)]
  0x00000000025de000 JavaThread "Finalizer" daemon [_thread_blocked, id=10733, stack(0x00007f6e3005b000,0x00007f6e3015c000)]
  0x00000000025db800 JavaThread "Reference Handler" daemon [_thread_blocked, id=10732, stack(0x00007f6e3015c000,0x00007f6e3025d000)]
  0x000000000254f800 JavaThread "main" [_thread_in_Java, id=10726, stack(0x00007f6e39fb3000,0x00007f6e3a0b4000)]

Other Threads:
  0x00000000025d4000 VMThread [stack: 0x00007f6e3025d000,0x00007f6e3035e000] [id=10730]
  0x000000000266b000 WatcherThread [stack: 0x00007f6e2f64f000,0x00007f6e2f750000] [id=10745]

VM state:not at safepoint (normal execution)

VM Mutex/Monitor currently owned by a thread: None

Heap
 PSYoungGen      total 65024K, used 53167K [0x00000000ebb60000, 0x00000000f43a0000, 0x0000000100000000)
  eden space 62464K, 81% used [0x00000000ebb60000,0x00000000eecd09a8,0x00000000ef860000)
  from space 2560K, 99% used [0x00000000ef860000,0x00000000efadb4a8,0x00000000efae0000)
  to   space 7296K, 0% used [0x00000000f3c80000,0x00000000f3c80000,0x00000000f43a0000)
 ParOldGen       total 41536K, used 7769K [0x00000000c3200000, 0x00000000c5a90000, 0x00000000ebb60000)
  object space 41536K, 18% used [0x00000000c3200000,0x00000000c3996720,0x00000000c5a90000)
 PSPermGen       total 23168K, used 22984K [0x00000000be000000, 0x00000000bf6a0000, 0x00000000c3200000)
  object space 23168K, 99% used [0x00000000be000000,0x00000000bf6723f0,0x00000000bf6a0000)

Card table byte_map: [0x00007f6e33bce000,0x00007f6e33ddf000] byte_map_base: 0x00007f6e335de000

Polling page: 0x00007f6e3a0d7000

Code Cache  [0x00007f6e33ddf000, 0x00007f6e3404f000, 0x00007f6e36ddf000)
 total_blobs=737 nmethods=368 adapters=329 free_code_cache=47239Kb largest_free_block=48230144

Compilation events (10 events):
Event: 8.036 Thread 0x0000000002651800 nmethod 369 0x00007f6e33edab50 code [0x00007f6e33edac80, 0x00007f6e33edacd8]
Event: 8.036 Thread 0x0000000002651800  371             sun.nio.ch.EPollArrayWrapper::putData (22 bytes)
Event: 8.037 Thread 0x0000000002651800 nmethod 371 0x00007f6e33eda850 code [0x00007f6e33eda9a0, 0x00007f6e33edaa78]
Event: 8.037 Thread 0x0000000002651800  372             sun.nio.ch.NativeObject::putLong (15 bytes)
Event: 8.037 Thread 0x0000000002651800 nmethod 372 0x00007f6e33eda650 code [0x00007f6e33eda780, 0x00007f6e33eda7d8]
Event: 8.039 Thread 0x0000000002651800  373             sun.nio.ch.EPollArrayWrapper::<init> (99 bytes)
Event: 8.048 Thread 0x0000000002651800 nmethod 373 0x00007f6e33eff110 code [0x00007f6e33eff2c0, 0x00007f6e33eff808]
Event: 8.168 Thread 0x0000000002651800  374             java.io.UnixFileSystem::resolve (103 bytes)
Event: 8.193 Thread 0x0000000002651800 nmethod 374 0x00007f6e33efaf90 code [0x00007f6e33efb140, 0x00007f6e33efb938]
Event: 8.858 Thread 0x0000000002655000 nmethod 7% 0x00007f6e33fa6fd0 code [0x00007f6e33fa89e0, 0x00007f6e33fc17c0]

GC Heap History (10 events):
Event: 0.970 GC heap before
{Heap before GC invocations=1 (full 0):
 PSYoungGen      total 18176K, used 15616K [0x00000000ebb60000, 0x00000000ecfa0000, 0x0000000100000000)
  eden space 15616K, 100% used [0x00000000ebb60000,0x00000000ecaa0000,0x00000000ecaa0000)
  from space 2560K, 0% used [0x00000000ecd20000,0x00000000ecd20000,0x00000000ecfa0000)
  to   space 2560K, 0% used [0x00000000ecaa0000,0x00000000ecaa0000,0x00000000ecd20000)
 ParOldGen       total 41536K, used 0K [0x00000000c3200000, 0x00000000c5a90000, 0x00000000ebb60000)
  object space 41536K, 0% used [0x00000000c3200000,0x00000000c3200000,0x00000000c5a90000)
 PSPermGen       total 21248K, used 6730K [0x00000000be000000, 0x00000000bf4c0000, 0x00000000c3200000)
  object space 21248K, 31% used [0x00000000be000000,0x00000000be6928a8,0x00000000bf4c0000)
Event: 0.984 GC heap after
Heap after GC invocations=1 (full 0):
 PSYoungGen      total 18176K, used 2281K [0x00000000ebb60000, 0x00000000edee0000, 0x0000000100000000)
  eden space 15616K, 0% used [0x00000000ebb60000,0x00000000ebb60000,0x00000000ecaa0000)
  from space 2560K, 89% used [0x00000000ecaa0000,0x00000000eccda5c0,0x00000000ecd20000)
  to   space 2560K, 0% used [0x00000000edc60000,0x00000000edc60000,0x00000000edee0000)
 ParOldGen       total 41536K, used 0K [0x00000000c3200000, 0x00000000c5a90000, 0x00000000ebb60000)
  object space 41536K, 0% used [0x00000000c3200000,0x00000000c3200000,0x00000000c5a90000)
 PSPermGen       total 21248K, used 6730K [0x00000000be000000, 0x00000000bf4c0000, 0x00000000c3200000)
  object space 21248K, 31% used [0x00000000be000000,0x00000000be6928a8,0x00000000bf4c0000)
}
Event: 1.401 GC heap before
{Heap before GC invocations=2 (full 0):
 PSYoungGen      total 18176K, used 17897K [0x00000000ebb60000, 0x00000000edee0000, 0x0000000100000000)
  eden space 15616K, 100% used [0x00000000ebb60000,0x00000000ecaa0000,0x00000000ecaa0000)
  from space 2560K, 89% used [0x00000000ecaa0000,0x00000000eccda5c0,0x00000000ecd20000)
  to   space 2560K, 0% used [0x00000000edc60000,0x00000000edc60000,0x00000000edee0000)
 ParOldGen       total 41536K, used 0K [0x00000000c3200000, 0x00000000c5a90000, 0x00000000ebb60000)
  object space 41536K, 0% used [0x00000000c3200000,0x00000000c3200000,0x00000000c5a90000)
 PSPermGen       total 21248K, used 10027K [0x00000000be000000, 0x00000000bf4c0000, 0x00000000c3200000)
  object space 21248K, 47% used [0x00000000be000000,0x00000000be9cae98,0x00000000bf4c0000)
Event: 1.409 GC heap after
Heap after GC invocations=2 (full 0):
 PSYoungGen      total 33792K, used 2557K [0x00000000ebb60000, 0x00000000edee0000, 0x0000000100000000)
  eden space 31232K, 0% used [0x00000000ebb60000,0x00000000ebb60000,0x00000000ed9e0000)
  from space 2560K, 99% used [0x00000000edc60000,0x00000000ededf708,0x00000000edee0000)
  to   space 2560K, 0% used [0x00000000ed9e0000,0x00000000ed9e0000,0x00000000edc60000)
 ParOldGen       total 41536K, used 77K [0x00000000c3200000, 0x00000000c5a90000, 0x00000000ebb60000)
  object space 41536K, 0% used [0x00000000c3200000,0x00000000c3213618,0x00000000c5a90000)
 PSPermGen       total 21248K, used 10027K [0x00000000be000000, 0x00000000bf4c0000, 0x00000000c3200000)
  object space 21248K, 47% used [0x00000000be000000,0x00000000be9cae98,0x00000000bf4c0000)
}
Event: 2.569 GC heap before
{Heap before GC invocations=3 (full 0):
 PSYoungGen      total 33792K, used 33789K [0x00000000ebb60000, 0x00000000edee0000, 0x0000000100000000)
  eden space 31232K, 100% used [0x00000000ebb60000,0x00000000ed9e0000,0x00000000ed9e0000)
  from space 2560K, 99% used [0x00000000edc60000,0x00000000ededf708,0x00000000edee0000)
  to   space 2560K, 0% used [0x00000000ed9e0000,0x00000000ed9e0000,0x00000000edc60000)
 ParOldGen       total 41536K, used 77K [0x00000000c3200000, 0x00000000c5a90000, 0x00000000ebb60000)
  object space 41536K, 0% used [0x00000000c3200000,0x00000000c3213618,0x00000000c5a90000)
 PSPermGen       total 21248K, used 13004K [0x00000000be000000, 0x00000000bf4c0000, 0x00000000c3200000)
  object space 21248K, 61% used [0x00000000be000000,0x00000000becb3018,0x00000000bf4c0000)
Event: 2.584 GC heap after
Heap after GC invocations=3 (full 0):
 PSYoungGen      total 33792K, used 2550K [0x00000000ebb60000, 0x00000000efd60000, 0x0000000100000000)
  eden space 31232K, 0% used [0x00000000ebb60000,0x00000000ebb60000,0x00000000ed9e0000)
  from space 2560K, 99% used [0x00000000ed9e0000,0x00000000edc5d848,0x00000000edc60000)
  to   space 2560K, 0% used [0x00000000efae0000,0x00000000efae0000,0x00000000efd60000)
 ParOldGen       total 41536K, used 1418K [0x00000000c3200000, 0x00000000c5a90000, 0x00000000ebb60000)
  object space 41536K, 3% used [0x00000000c3200000,0x00000000c3362ab8,0x00000000c5a90000)
 PSPermGen       total 21248K, used 13004K [0x00000000be000000, 0x00000000bf4c0000, 0x00000000c3200000)
  object space 21248K, 61% used [0x00000000be000000,0x00000000becb3018,0x00000000bf4c0000)
}
Event: 3.497 GC heap before
{Heap before GC invocations=4 (full 0):
 PSYoungGen      total 33792K, used 33782K [0x00000000ebb60000, 0x00000000efd60000, 0x0000000100000000)
  eden space 31232K, 100% used [0x00000000ebb60000,0x00000000ed9e0000,0x00000000ed9e0000)
  from space 2560K, 99% used [0x00000000ed9e0000,0x00000000edc5d848,0x00000000edc60000)
  to   space 2560K, 0% used [0x00000000efae0000,0x00000000efae0000,0x00000000efd60000)
 ParOldGen       total 41536K, used 1418K [0x00000000c3200000, 0x00000000c5a90000, 0x00000000ebb60000)
  object space 41536K, 3% used [0x00000000c3200000,0x00000000c3362ab8,0x00000000c5a90000)
 PSPermGen       total 21248K, used 13208K [0x00000000be000000, 0x00000000bf4c0000, 0x00000000c3200000)
  object space 21248K, 62% used [0x00000000be000000,0x00000000bece6040,0x00000000bf4c0000)
Event: 3.522 GC heap after
Heap after GC invocations=4 (full 0):
 PSYoungGen      total 65024K, used 2550K [0x00000000ebb60000, 0x00000000efd60000, 0x0000000100000000)
  eden space 62464K, 0% used [0x00000000ebb60000,0x00000000ebb60000,0x00000000ef860000)
  from space 2560K, 99% used [0x00000000efae0000,0x00000000efd5d868,0x00000000efd60000)
  to   space 2560K, 0% used [0x00000000ef860000,0x00000000ef860000,0x00000000efae0000)
 ParOldGen       total 41536K, used 2654K [0x00000000c3200000, 0x00000000c5a90000, 0x00000000ebb60000)
  object space 41536K, 6% used [0x00000000c3200000,0x00000000c34979c8,0x00000000c5a90000)
 PSPermGen       total 21248K, used 13208K [0x00000000be000000, 0x00000000bf4c0000, 0x00000000c3200000)
  object space 21248K, 62% used [0x00000000be000000,0x00000000bece6040,0x00000000bf4c0000)
}
Event: 5.575 GC heap before
{Heap before GC invocations=5 (full 0):
 PSYoungGen      total 65024K, used 65014K [0x00000000ebb60000, 0x00000000efd60000, 0x0000000100000000)
  eden space 62464K, 100% used [0x00000000ebb60000,0x00000000ef860000,0x00000000ef860000)
  from space 2560K, 99% used [0x00000000efae0000,0x00000000efd5d868,0x00000000efd60000)
  to   space 2560K, 0% used [0x00000000ef860000,0x00000000ef860000,0x00000000efae0000)
 ParOldGen       total 41536K, used 2654K [0x00000000c3200000, 0x00000000c5a90000, 0x00000000ebb60000)
  object space 41536K, 6% used [0x00000000c3200000,0x00000000c34979c8,0x00000000c5a90000)
 PSPermGen       total 21248K, used 16790K [0x00000000be000000, 0x00000000bf4c0000, 0x00000000c3200000)
  object space 21248K, 79% used [0x00000000be000000,0x00000000bf065b10,0x00000000bf4c0000)
Event: 5.604 GC heap after
Heap after GC invocations=5 (full 0):
 PSYoungGen      total 65024K, used 2541K [0x00000000ebb60000, 0x00000000f43a0000, 0x0000000100000000)
  eden space 62464K, 0% used [0x00000000ebb60000,0x00000000ebb60000,0x00000000ef860000)
  from space 2560K, 99% used [0x00000000ef860000,0x00000000efadb4a8,0x00000000efae0000)
  to   space 7296K, 0% used [0x00000000f3c80000,0x00000000f3c80000,0x00000000f43a0000)
 ParOldGen       total 41536K, used 7769K [0x00000000c3200000, 0x00000000c5a90000, 0x00000000ebb60000)
  object space 41536K, 18% used [0x00000000c3200000,0x00000000c3996720,0x00000000c5a90000)
 PSPermGen       total 21248K, used 16790K [0x00000000be000000, 0x00000000bf4c0000, 0x00000000c3200000)
  object space 21248K, 79% used [0x00000000be000000,0x00000000bf065b10,0x00000000bf4c0000)
}

Deoptimization events (10 events):
Event: 7.827 Thread 0x000000000254f800 Uncommon trap -25 fr.pc 0x00007f6e33ecc614
Event: 7.944 Thread 0x000000000254f800 Uncommon trap -75 fr.pc 0x00007f6e33ed515c
Event: 7.945 Thread 0x000000000254f800 Uncommon trap -83 fr.pc 0x00007f6e33ec94cc
Event: 7.945 Thread 0x000000000254f800 Uncommon trap -34 fr.pc 0x00007f6e33eb87bc
Event: 7.945 Thread 0x000000000254f800 Uncommon trap -34 fr.pc 0x00007f6e33ea18b8
Event: 7.945 Thread 0x000000000254f800 Uncommon trap -34 fr.pc 0x00007f6e33eb87bc
Event: 7.945 Thread 0x000000000254f800 Uncommon trap -34 fr.pc 0x00007f6e33ea18b8
Event: 7.945 Thread 0x000000000254f800 Uncommon trap -34 fr.pc 0x00007f6e33eb87bc
Event: 7.945 Thread 0x000000000254f800 Uncommon trap -34 fr.pc 0x00007f6e33eb87bc
Event: 7.962 Thread 0x000000000254f800 Uncommon trap -34 fr.pc 0x00007f6e33ed0a20

Internal exceptions (10 events):
Event: 8.186 Thread 0x0000000003509000 Threw 0x00000000eec4b088 at /HUDSON/workspace/jdk7u9-2-build-linux-amd64-product/jdk7u9/hotspot/src/share/vm/prims/jvm.cpp:1166
Event: 8.187 Thread 0x000000000254f800 Threw 0x00000000eeb09b60 at /HUDSON/workspace/jdk7u9-2-build-linux-amd64-product/jdk7u9/hotspot/src/share/vm/prims/jvm.cpp:1166
Event: 8.188 Thread 0x000000000254f800 Threw 0x00000000eeb109e8 at /HUDSON/workspace/jdk7u9-2-build-linux-amd64-product/jdk7u9/hotspot/src/share/vm/prims/jvm.cpp:1166
Event: 8.189 Thread 0x000000000254f800 Threw 0x00000000eeb19c50 at /HUDSON/workspace/jdk7u9-2-build-linux-amd64-product/jdk7u9/hotspot/src/share/vm/prims/jvm.cpp:1166
Event: 8.189 Thread 0x000000000254f800 Threw 0x00000000eeb20170 at /HUDSON/workspace/jdk7u9-2-build-linux-amd64-product/jdk7u9/hotspot/src/share/vm/prims/jvm.cpp:1166
Event: 8.190 Thread 0x000000000254f800 Threw 0x00000000eeb2ace8 at /HUDSON/workspace/jdk7u9-2-build-linux-amd64-product/jdk7u9/hotspot/src/share/vm/prims/jvm.cpp:1166
Event: 8.191 Thread 0x000000000254f800 Threw 0x00000000eeb31c78 at /HUDSON/workspace/jdk7u9-2-build-linux-amd64-product/jdk7u9/hotspot/src/share/vm/prims/jvm.cpp:1166
Event: 8.192 Thread 0x000000000254f800 Threw 0x00000000eeb3e3b8 at /HUDSON/workspace/jdk7u9-2-build-linux-amd64-product/jdk7u9/hotspot/src/share/vm/prims/jvm.cpp:1166
Event: 22.257 Thread 0x0000000003509000 Threw 0x00000000eec50490 at /HUDSON/workspace/jdk7u9-2-build-linux-amd64-product/jdk7u9/hotspot/src/share/vm/prims/jvm.cpp:1166
Event: 22.264 Thread 0x0000000003509000 Threw 0x00000000eec56850 at /HUDSON/workspace/jdk7u9-2-build-linux-amd64-product/jdk7u9/hotspot/src/share/vm/prims/jvm.cpp:1166

Events (10 events):
Event: 22.268 Executing VM operation: GetCurrentLocation
Event: 22.268 Executing VM operation: GetCurrentLocation done
Event: 22.268 Executing VM operation: ChangeSingleStep
Event: 22.268 Executing VM operation: ChangeSingleStep done
Event: 22.268 Executing VM operation: ChangeSingleStep
Event: 22.268 Executing VM operation: ChangeSingleStep done
Event: 22.284 Executing VM operation: GetOrSetLocal
Event: 22.284 Executing VM operation: GetOrSetLocal done
Event: 22.453 Executing VM operation: GetOrSetLocal
Event: 22.453 Executing VM operation: GetOrSetLocal done


Dynamic libraries:
00400000-00401000 r-xp 00000000 08:01 1836780                            /usr/lib/jvm/jdk1.7.0_09/bin/java
00600000-00601000 rw-p 00000000 08:01 1836780                            /usr/lib/jvm/jdk1.7.0_09/bin/java
0253f000-05e5b000 rw-p 00000000 00:00 0                                  [heap]
be000000-bf6a0000 rw-p 00000000 00:00 0 
bf6a0000-c3200000 rw-p 00000000 00:00 0 
c3200000-c5a90000 rw-p 00000000 00:00 0 
c5a90000-ebb60000 rw-p 00000000 00:00 0 
ebb60000-f43a0000 rw-p 00000000 00:00 0 
f43a0000-100000000 rw-p 00000000 00:00 0 
7f6e20000000-7f6e21a6c000 rw-p 00000000 00:00 0 
7f6e21a6c000-7f6e24000000 ---p 00000000 00:00 0 
7f6e28000000-7f6e2c000000 rw-p 00000000 00:00 0 
7f6e2d6ab000-7f6e2d6ae000 ---p 00000000 00:00 0 
7f6e2d6ae000-7f6e2d7ac000 rw-p 00000000 00:00 0 
7f6e2d7ac000-7f6e2d7af000 ---p 00000000 00:00 0 
7f6e2d7af000-7f6e2d8ad000 rw-p 00000000 00:00 0 
7f6e2d8ad000-7f6e2d8b0000 ---p 00000000 00:00 0 
7f6e2d8b0000-7f6e2d9ae000 rw-p 00000000 00:00 0 
7f6e2d9ae000-7f6e2d9b1000 ---p 00000000 00:00 0 
7f6e2d9b1000-7f6e2daaf000 rw-p 00000000 00:00 0 
7f6e2daaf000-7f6e2dab2000 ---p 00000000 00:00 0 
7f6e2dab2000-7f6e2dbb0000 rw-p 00000000 00:00 0 
7f6e2dbb0000-7f6e2dbb3000 ---p 00000000 00:00 0 
7f6e2dbb3000-7f6e2dcb1000 rw-p 00000000 00:00 0 
7f6e2dcb1000-7f6e2dcb4000 ---p 00000000 00:00 0 
7f6e2dcb4000-7f6e2ddb2000 rw-p 00000000 00:00 0 
7f6e2ddb2000-7f6e2ddb5000 ---p 00000000 00:00 0 
7f6e2ddb5000-7f6e2deb3000 rw-p 00000000 00:00 0 
7f6e2deb3000-7f6e2deb6000 ---p 00000000 00:00 0 
7f6e2deb6000-7f6e2dfb4000 rw-p 00000000 00:00 0 
7f6e2dfb4000-7f6e2dfb7000 ---p 00000000 00:00 0 
7f6e2dfb7000-7f6e2e0b5000 rw-p 00000000 00:00 0 
7f6e2e0b5000-7f6e2e0b8000 ---p 00000000 00:00 0 
7f6e2e0b8000-7f6e2e1b6000 rw-p 00000000 00:00 0 
7f6e2e1b6000-7f6e2e1b9000 ---p 00000000 00:00 0 
7f6e2e1b9000-7f6e2e2b7000 rw-p 00000000 00:00 0 
7f6e2e2b7000-7f6e2e2ba000 ---p 00000000 00:00 0 
7f6e2e2ba000-7f6e2e3b8000 rw-p 00000000 00:00 0 
7f6e2e3b8000-7f6e2e3bb000 ---p 00000000 00:00 0 
7f6e2e3bb000-7f6e2e4b9000 rw-p 00000000 00:00 0 
7f6e2e4b9000-7f6e2e4bc000 ---p 00000000 00:00 0 
7f6e2e4bc000-7f6e2e5ba000 rw-p 00000000 00:00 0 
7f6e2e5ba000-7f6e2e5bd000 ---p 00000000 00:00 0 
7f6e2e5bd000-7f6e2e6bb000 rw-p 00000000 00:00 0 
7f6e2e6bb000-7f6e2e6be000 ---p 00000000 00:00 0 
7f6e2e6be000-7f6e2e7bc000 rw-p 00000000 00:00 0 
7f6e2e833000-7f6e2e836000 ---p 00000000 00:00 0 
7f6e2e836000-7f6e2e934000 rw-p 00000000 00:00 0 
7f6e2e934000-7f6e2e937000 ---p 00000000 00:00 0 
7f6e2e937000-7f6e2ea35000 rw-p 00000000 00:00 0 
7f6e2ea35000-7f6e2ea38000 ---p 00000000 00:00 0 
7f6e2ea38000-7f6e2eb36000 rw-p 00000000 00:00 0 
7f6e2eb36000-7f6e2eb39000 ---p 00000000 00:00 0 
7f6e2eb39000-7f6e2ec37000 rw-p 00000000 00:00 0 
7f6e2ec37000-7f6e2ec3a000 ---p 00000000 00:00 0 
7f6e2ec3a000-7f6e2ed38000 rw-p 00000000 00:00 0 
7f6e2ed38000-7f6e2ed40000 r-xp 00000000 08:01 1858645                    /usr/lib/jvm/jdk1.7.0_09/jre/lib/amd64/libmanagement.so
7f6e2ed40000-7f6e2ef3f000 ---p 00008000 08:01 1858645                    /usr/lib/jvm/jdk1.7.0_09/jre/lib/amd64/libmanagement.so
7f6e2ef3f000-7f6e2ef40000 rw-p 00007000 08:01 1858645                    /usr/lib/jvm/jdk1.7.0_09/jre/lib/amd64/libmanagement.so
7f6e2ef40000-7f6e2ef43000 ---p 00000000 00:00 0 
7f6e2ef43000-7f6e2f041000 rw-p 00000000 00:00 0 
7f6e2f041000-7f6e2f056000 r-xp 00000000 08:01 1858605                    /usr/lib/jvm/jdk1.7.0_09/jre/lib/amd64/libnet.so
7f6e2f056000-7f6e2f256000 ---p 00015000 08:01 1858605                    /usr/lib/jvm/jdk1.7.0_09/jre/lib/amd64/libnet.so
7f6e2f256000-7f6e2f257000 rw-p 00015000 08:01 1858605                    /usr/lib/jvm/jdk1.7.0_09/jre/lib/amd64/libnet.so
7f6e2f257000-7f6e2f267000 r-xp 00000000 08:01 1858600                    /usr/lib/jvm/jdk1.7.0_09/jre/lib/amd64/libnio.so
7f6e2f267000-7f6e2f467000 ---p 00010000 08:01 1858600                    /usr/lib/jvm/jdk1.7.0_09/jre/lib/amd64/libnio.so
7f6e2f467000-7f6e2f468000 rw-p 00010000 08:01 1858600                    /usr/lib/jvm/jdk1.7.0_09/jre/lib/amd64/libnio.so
7f6e2f468000-7f6e2f472000 r--s 00254000 08:01 1858108                    /usr/lib/jvm/jdk1.7.0_09/jre/lib/resources.jar
7f6e2f472000-7f6e2f47c000 r--s 0008a000 08:01 1971128                    /home/nwhitehead/.m2/repository/org/apache/zookeeper/zookeeper/3.3.4/zookeeper-3.3.4.jar
7f6e2f47c000-7f6e2f481000 r--s 00016000 08:01 1835747                    /home/nwhitehead/.m2/repository/xml-apis/xml-apis/1.0.b2/xml-apis-1.0.b2.jar
7f6e2f481000-7f6e2f488000 r--s 00032000 08:01 2100553                    /home/nwhitehead/.m2/repository/org/springframework/spring-tx/3.0.7.RELEASE/spring-tx-3.0.7.RELEASE.jar
7f6e2f488000-7f6e2f48e000 r--s 00033000 08:01 2100576                    /home/nwhitehead/.m2/repository/org/springframework/spring-test/3.1.1.RELEASE/spring-test-3.1.1.RELEASE.jar
7f6e2f48e000-7f6e2f498000 r--s 00055000 08:01 2100556                    /home/nwhitehead/.m2/repository/org/springframework/spring-jdbc/3.0.7.RELEASE/spring-jdbc-3.0.7.RELEASE.jar
7f6e2f498000-7f6e2f49c000 r--s 00026000 08:01 2100550                    /home/nwhitehead/.m2/repository/org/springframework/spring-expression/3.0.7.RELEASE/spring-expression-3.0.7.RELEASE.jar
7f6e2f49c000-7f6e2f4a4000 r--s 00041000 08:01 2106676                    /home/nwhitehead/.m2/repository/org/springframework/data/spring-data-mongodb/1.0.4.RELEASE/spring-data-mongodb-1.0.4.RELEASE.jar
7f6e2f4a4000-7f6e2f4aa000 r--s 0002d000 08:01 2106631                    /home/nwhitehead/.m2/repository/org/springframework/data/spring-data-commons-core/1.2.1.RELEASE/spring-data-commons-core-1.2.1.RELEASE.jar
7f6e2f4aa000-7f6e2f4b3000 r--s 00055000 08:01 2098467                    /home/nwhitehead/.m2/repository/org/springframework/spring-core/3.0.7.RELEASE/spring-core-3.0.7.RELEASE.jar
7f6e2f4b3000-7f6e2f4c4000 r--s 00093000 08:01 2098449                    /home/nwhitehead/.m2/repository/org/springframework/spring-context/3.0.7.RELEASE/spring-context-3.0.7.RELEASE.jar
7f6e2f4c4000-7f6e2f4cf000 r--s 0007d000 08:01 2098464                    /home/nwhitehead/.m2/repository/org/springframework/spring-beans/3.0.7.RELEASE/spring-beans-3.0.7.RELEASE.jar
7f6e2f4cf000-7f6e2f4d0000 r--s 0000c000 08:01 2098411                    /home/nwhitehead/.m2/repository/org/springframework/spring-asm/3.0.7.RELEASE/spring-asm-3.0.7.RELEASE.jar
7f6e2f4d0000-7f6e2f4d9000 r--s 00046000 08:01 2098457                    /home/nwhitehead/.m2/repository/org/springframework/spring-aop/3.0.7.RELEASE/spring-aop-3.0.7.RELEASE.jar
7f6e2f4d9000-7f6e2f4da000 r--s 00002000 08:01 2098458                    /home/nwhitehead/.m2/repository/org/slf4j/slf4j-log4j12/1.6.6/slf4j-log4j12-1.6.6.jar
7f6e2f4da000-7f6e2f4dc000 r--s 00005000 08:01 2098454                    /home/nwhitehead/.m2/repository/org/slf4j/slf4j-api/1.6.6/slf4j-api-1.6.6.jar
7f6e2f4dc000-7f6e2f4e4000 r--s 0004a000 08:01 2098420                    /home/nwhitehead/.m2/repository/org/springframework/org.springframework.orm/3.0.7.RELEASE/org.springframework.orm-3.0.7.RELEASE.jar
7f6e2f4e4000-7f6e2f4e6000 r--s 00008000 08:01 1859210                    /home/nwhitehead/.m2/repository/com/cgbystrom/netty-tools/1.2.7/netty-tools-1.2.7.jar
7f6e2f4e6000-7f6e2f4e9000 r--s 0000d000 08:01 1858866                    /home/nwhitehead/.m2/repository/org/helios/nash/1.0-SNAPSHOT/nash-1.0-SNAPSHOT.jar
7f6e2f4e9000-7f6e2f4ee000 r--s 00043000 08:01 1897640                    /home/nwhitehead/.m2/repository/org/mongodb/mongo-java-driver/2.7.1/mongo-java-driver-2.7.1.jar
7f6e2f4ee000-7f6e2f4f7000 r--s 0004d000 08:01 1846066                    /home/nwhitehead/.m2/repository/ch/qos/logback/logback-core/1.0.6/logback-core-1.0.6.jar
7f6e2f4f7000-7f6e2f4fd000 r--s 00038000 08:01 1846088                    /home/nwhitehead/.m2/repository/ch/qos/logback/logback-classic/1.0.6/logback-classic-1.0.6.jar
7f6e2f4fd000-7f6e2f4ff000 r--s 00004000 08:01 2098465                    /home/nwhitehead/.m2/repository/org/slf4j/log4j-over-slf4j/1.6.4/log4j-over-slf4j-1.6.4.jar
7f6e2f4ff000-7f6e2f502000 r--s 00006000 08:01 3698766                    /home/nwhitehead/.m2/repository/com/google/code/findbugs/jsr305/1.3.9/jsr305-1.3.9.jar
7f6e2f502000-7f6e2f504000 r--s 00001000 08:01 4456612                    /home/nwhitehead/.m2/repository/net/javacrumbs/json-xml/1.2/json-xml-1.2.jar
7f6e2f504000-7f6e2f505000 r--s 00005000 08:01 3025780                    /home/nwhitehead/.m2/repository/com/googlecode/json-simple/json-simple/1.1.1/json-simple-1.1.1.jar
7f6e2f505000-7f6e2f507000 r--s 0000a000 08:01 1846472                    /home/nwhitehead/.m2/repository/org/json/json/20090211/json-20090211.jar
7f6e2f507000-7f6e2f509000 r--s 00003000 08:01 2098459                    /home/nwhitehead/.m2/repository/org/slf4j/jcl-over-slf4j/1.6.4/jcl-over-slf4j-1.6.4.jar
7f6e2f509000-7f6e2f50c000 r--s 00018000 08:01 4347811                    /home/nwhitehead/.m2/repository/org/fusesource/jansi/jansi/1.4/jansi-1.4.jar
7f6e2f50c000-7f6e2f510000 r--s 00034000 08:01 1971132                    /home/nwhitehead/.m2/repository/org/codehaus/jackson/jackson-core-asl/1.8.1/jackson-core-asl-1.8.1.jar
7f6e2f510000-7f6e2f512000 r--s 00016000 08:01 1858774                    /home/nwhitehead/.m2/repository/com/github/stephenc/high-scale-lib/high-scale-lib/1.1.4/high-scale-lib-1.1.4.jar
7f6e2f512000-7f6e2f535000 r--s 00211000 08:01 2240994                    /home/nwhitehead/.m2/repository/org/hibernate/hibernate-core/3.3.2.GA/hibernate-core-3.3.2.GA.jar
7f6e2f535000-7f6e2f53f000 r--s 0012f000 08:01 1858783                    /home/nwhitehead/.m2/repository/com/h2database/h2/1.3.168/h2-1.3.168.jar
7f6e2f53f000-7f6e2f561000 r--s 00195000 08:01 3675761                    /home/nwhitehead/.m2/repository/com/google/guava/guava/12.0/guava-12.0.jar
7f6e2f561000-7f6e2f566000 r--s 0002a000 08:01 3675752                    /home/nwhitehead/.m2/repository/com/google/code/gson/gson/2.2.2/gson-2.2.2.jar
7f6e2f566000-7f6e2f5c5000 r--s 00589000 08:01 1858790                    /home/nwhitehead/.m2/repository/org/codehaus/groovy/groovy-all/2.0.1/groovy-all-2.0.1.jar
7f6e2f5c5000-7f6e2f5ca000 r--s 00048000 08:01 1836869                    /home/nwhitehead/.m2/repository/dom4j/dom4j/1.6.1/dom4j-1.6.1.jar
7f6e2f5ca000-7f6e2f5cd000 r--s 0000e000 08:01 1863083                    /home/nwhitehead/.m2/repository/de/flapdoodle/embed/de.flapdoodle.embed.process/1.24/de.flapdoodle.embed.process-1.24.jar
7f6e2f5cd000-7f6e2f5cf000 r--s 00005000 08:01 1863082                    /home/nwhitehead/.m2/repository/de/flapdoodle/embed/de.flapdoodle.embed.mongo/1.26/de.flapdoodle.embed.mongo-1.26.jar
7f6e2f5cf000-7f6e2f5d2000 r--s 0002a000 08:01 4456613                    /home/nwhitehead/.m2/repository/net/opentsdb/core/1.1.0/core-1.1.0.jar
7f6e2f5d2000-7f6e2f5d5000 r--s 00015000 08:01 1836071                    /home/nwhitehead/.m2/repository/commons-pool/commons-pool/1.5.4/commons-pool-1.5.4.jar
7f6e2f5d5000-7f6e2f5d7000 r--s 0000d000 08:01 1849525                    /home/nwhitehead/.m2/repository/commons-logging/commons-logging/1.1.1/commons-logging-1.1.1.jar
7f6e2f5d7000-7f6e2f5db000 r--s 00027000 08:01 1863084                    /home/nwhitehead/.m2/repository/commons-io/commons-io/2.2/commons-io-2.2.jar
7f6e2f5db000-7f6e2f5de000 r--s 00025000 08:01 1858769                    /home/nwhitehead/.m2/repository/commons-dbcp/commons-dbcp/1.4/commons-dbcp-1.4.jar
7f6e2f5de000-7f6e2f5e3000 r--s 00032000 08:01 1976205                    /home/nwhitehead/.m2/repository/org/apache/commons/commons-compress/1.3/commons-compress-1.3.jar
7f6e2f5e3000-7f6e2f5f0000 r--s 0007c000 08:01 1836641                    /home/nwhitehead/.m2/repository/commons-collections/commons-collections/3.1/commons-collections-3.1.jar
7f6e2f5f0000-7f6e2f5f3000 r--s 00012000 08:01 1970991                    /home/nwhitehead/.m2/repository/org/apache/camel/camel-test-spring/2.10.0/camel-test-spring-2.10.0.jar
7f6e2f5f3000-7f6e2f5f5000 r--s 0000c000 08:01 1971113                    /home/nwhitehead/.m2/repository/org/apache/camel/camel-test/2.10.0/camel-test-2.10.0.jar
7f6e2f5f5000-7f6e2f5fa000 r--s 00033000 08:01 1971135                    /home/nwhitehead/.m2/repository/org/apache/camel/camel-spring/2.10.0/camel-spring-2.10.0.jar
7f6e2f5fa000-7f6e2f5fc000 r--s 0000e000 08:01 1971138                    /home/nwhitehead/.m2/repository/org/apache/camel/camel-netty/2.10.0/camel-netty-2.10.0.jar
7f6e2f5fc000-7f6e2f625000 r--s 001f1000 08:01 1969727                    /home/nwhitehead/.m2/repository/org/apache/camel/camel-core/2.10.0/camel-core-2.10.0.jar
7f6e2f625000-7f6e2f629000 r--s 00024000 08:01 1858773                    /home/nwhitehead/.m2/repository/org/hbase/asynchbase/1.3.2/asynchbase-1.3.2.jar
7f6e2f629000-7f6e2f632000 r--s 0006c000 08:01 1858778                    /home/nwhitehead/.m2/repository/com/ning/async-http-client/1.7.6/async-http-client-1.7.6.jar
7f6e2f632000-7f6e2f633000 r--s 00003000 08:01 1858770                    /home/nwhitehead/.m2/repository/com/stumbleupon/async/1.2.0/async-1.2.0.jar
7f6e2f633000-7f6e2f639000 r--s 00054000 08:01 5375779                    /home/nwhitehead/.m2/repository/org/snmp4j/snmp4j/1.9.1f/snmp4j-1.9.1f.jar
7f6e2f639000-7f6e2f64f000 r--s 000fd000 08:01 2229165                    /home/nwhitehead/.m2/repository/io/netty/netty/3.5.8.Final/netty-3.5.8.Final.jar
7f6e2f64f000-7f6e2f650000 ---p 00000000 00:00 0 
7f6e2f650000-7f6e2f750000 rw-p 00000000 00:00 0 
7f6e2f750000-7f6e2f753000 ---p 00000000 00:00 0 
7f6e2f753000-7f6e2f851000 rw-p 00000000 00:00 0 
7f6e2f851000-7f6e2f854000 ---p 00000000 00:00 0 
7f6e2f854000-7f6e2f952000 rw-p 00000000 00:00 0 
7f6e2f952000-7f6e2f955000 ---p 00000000 00:00 0 
7f6e2f955000-7f6e2fa53000 rw-p 00000000 00:00 0 
7f6e2fa53000-7f6e2fa56000 ---p 00000000 00:00 0 
7f6e2fa56000-7f6e2fb54000 rw-p 00000000 00:00 0 
7f6e2fb54000-7f6e2fb57000 ---p 00000000 00:00 0 
7f6e2fb57000-7f6e2fc55000 rw-p 00000000 00:00 0 
7f6e2fc55000-7f6e2fc58000 ---p 00000000 00:00 0 
7f6e2fc58000-7f6e2fd56000 rw-p 00000000 00:00 0 
7f6e2fd56000-7f6e2fd5a000 r-xp 00000000 08:01 1858620                    /usr/lib/jvm/jdk1.7.0_09/jre/lib/amd64/libdt_socket.so
7f6e2fd5a000-7f6e2ff59000 ---p 00004000 08:01 1858620                    /usr/lib/jvm/jdk1.7.0_09/jre/lib/amd64/libdt_socket.so
7f6e2ff59000-7f6e2ff5a000 rw-p 00003000 08:01 1858620                    /usr/lib/jvm/jdk1.7.0_09/jre/lib/amd64/libdt_socket.so
7f6e2ff5a000-7f6e2ff5d000 ---p 00000000 00:00 0 
7f6e2ff5d000-7f6e3005b000 rw-p 00000000 00:00 0 
7f6e3005b000-7f6e3005e000 ---p 00000000 00:00 0 
7f6e3005e000-7f6e3015c000 rw-p 00000000 00:00 0 
7f6e3015c000-7f6e3015f000 ---p 00000000 00:00 0 
7f6e3015f000-7f6e3025d000 rw-p 00000000 00:00 0 
7f6e3025d000-7f6e3025e000 ---p 00000000 00:00 0 
7f6e3025e000-7f6e30d3a000 rw-p 00000000 00:00 0 
7f6e30d3a000-7f6e30ef6000 r--s 039da000 08:01 1858659                    /usr/lib/jvm/jdk1.7.0_09/jre/lib/rt.jar
7f6e30ef6000-7f6e3385e000 rw-p 00000000 00:00 0 
7f6e3385e000-7f6e3385f000 ---p 00000000 00:00 0 
7f6e3385f000-7f6e3395f000 rw-p 00000000 00:00 0 
7f6e3395f000-7f6e33960000 ---p 00000000 00:00 0 
7f6e33960000-7f6e33a6c000 rw-p 00000000 00:00 0 
7f6e33a6c000-7f6e33a89000 rw-p 00000000 00:00 0 
7f6e33a89000-7f6e33a9e000 rw-p 00000000 00:00 0 
7f6e33a9e000-7f6e33bce000 rw-p 00000000 00:00 0 
7f6e33bce000-7f6e33bda000 rw-p 00000000 00:00 0 
7f6e33bda000-7f6e33bf7000 rw-p 00000000 00:00 0 
7f6e33bf7000-7f6e33c0c000 rw-p 00000000 00:00 0 
7f6e33c0c000-7f6e33d3b000 rw-p 00000000 00:00 0 
7f6e33d3b000-7f6e33d80000 rw-p 00000000 00:00 0 
7f6e33d80000-7f6e33dde000 rw-p 00000000 00:00 0 
7f6e33dde000-7f6e33ddf000 rw-p 00000000 00:00 0 
7f6e33ddf000-7f6e3404f000 rwxp 00000000 00:00 0 
7f6e3404f000-7f6e36ddf000 rw-p 00000000 00:00 0 
7f6e36ddf000-7f6e36df9000 r-xp 00000000 08:01 1858648                    /usr/lib/jvm/jdk1.7.0_09/jre/lib/amd64/libzip.so
7f6e36df9000-7f6e36ff9000 ---p 0001a000 08:01 1858648                    /usr/lib/jvm/jdk1.7.0_09/jre/lib/amd64/libzip.so
7f6e36ff9000-7f6e36ffa000 rw-p 0001a000 08:01 1858648                    /usr/lib/jvm/jdk1.7.0_09/jre/lib/amd64/libzip.so
7f6e36ffa000-7f6e37006000 r-xp 00000000 08:01 2490502                    /lib/libnss_files-2.12.1.so
7f6e37006000-7f6e37205000 ---p 0000c000 08:01 2490502                    /lib/libnss_files-2.12.1.so
7f6e37205000-7f6e37206000 r--p 0000b000 08:01 2490502                    /lib/libnss_files-2.12.1.so
7f6e37206000-7f6e37207000 rw-p 0000c000 08:01 2490502                    /lib/libnss_files-2.12.1.so
7f6e37207000-7f6e37211000 r-xp 00000000 08:01 2490525                    /lib/libnss_nis-2.12.1.so
7f6e37211000-7f6e37410000 ---p 0000a000 08:01 2490525                    /lib/libnss_nis-2.12.1.so
7f6e37410000-7f6e37411000 r--p 00009000 08:01 2490525                    /lib/libnss_nis-2.12.1.so
7f6e37411000-7f6e37412000 rw-p 0000a000 08:01 2490525                    /lib/libnss_nis-2.12.1.so
7f6e37412000-7f6e37429000 r-xp 00000000 08:01 2490479                    /lib/libnsl-2.12.1.so
7f6e37429000-7f6e37628000 ---p 00017000 08:01 2490479                    /lib/libnsl-2.12.1.so
7f6e37628000-7f6e37629000 r--p 00016000 08:01 2490479                    /lib/libnsl-2.12.1.so
7f6e37629000-7f6e3762a000 rw-p 00017000 08:01 2490479                    /lib/libnsl-2.12.1.so
7f6e3762a000-7f6e3762c000 rw-p 00000000 00:00 0 
7f6e3762c000-7f6e37634000 r-xp 00000000 08:01 2490489                    /lib/libnss_compat-2.12.1.so
7f6e37634000-7f6e37833000 ---p 00008000 08:01 2490489                    /lib/libnss_compat-2.12.1.so
7f6e37833000-7f6e37834000 r--p 00007000 08:01 2490489                    /lib/libnss_compat-2.12.1.so
7f6e37834000-7f6e37835000 rw-p 00008000 08:01 2490489                    /lib/libnss_compat-2.12.1.so
7f6e37835000-7f6e37ad9000 r--p 00000000 08:01 2623986                    /usr/lib/locale/locale-archive
7f6e37ad9000-7f6e37adc000 r-xp 00000000 08:01 1858611                    /usr/lib/jvm/jdk1.7.0_09/jre/lib/amd64/libnpt.so
7f6e37adc000-7f6e37cdb000 ---p 00003000 08:01 1858611                    /usr/lib/jvm/jdk1.7.0_09/jre/lib/amd64/libnpt.so
7f6e37cdb000-7f6e37cdc000 rw-p 00002000 08:01 1858611                    /usr/lib/jvm/jdk1.7.0_09/jre/lib/amd64/libnpt.so
7f6e37cdc000-7f6e37d15000 r-xp 00000000 08:01 1858652                    /usr/lib/jvm/jdk1.7.0_09/jre/lib/amd64/libjdwp.so
7f6e37d15000-7f6e37f14000 ---p 00039000 08:01 1858652                    /usr/lib/jvm/jdk1.7.0_09/jre/lib/amd64/libjdwp.so
7f6e37f14000-7f6e37f16000 rw-p 00038000 08:01 1858652                    /usr/lib/jvm/jdk1.7.0_09/jre/lib/amd64/libjdwp.so
7f6e37f16000-7f6e37f3f000 r-xp 00000000 08:01 1858634                    /usr/lib/jvm/jdk1.7.0_09/jre/lib/amd64/libjava.so
7f6e37f3f000-7f6e3813f000 ---p 00029000 08:01 1858634                    /usr/lib/jvm/jdk1.7.0_09/jre/lib/amd64/libjava.so
7f6e3813f000-7f6e38141000 rw-p 00029000 08:01 1858634                    /usr/lib/jvm/jdk1.7.0_09/jre/lib/amd64/libjava.so
7f6e38141000-7f6e3814e000 r-xp 00000000 08:01 1858632                    /usr/lib/jvm/jdk1.7.0_09/jre/lib/amd64/libverify.so
7f6e3814e000-7f6e3834d000 ---p 0000d000 08:01 1858632                    /usr/lib/jvm/jdk1.7.0_09/jre/lib/amd64/libverify.so
7f6e3834d000-7f6e3834f000 rw-p 0000c000 08:01 1858632                    /usr/lib/jvm/jdk1.7.0_09/jre/lib/amd64/libverify.so
7f6e3834f000-7f6e38356000 r-xp 00000000 08:01 2491140                    /lib/librt-2.12.1.so
7f6e38356000-7f6e38555000 ---p 00007000 08:01 2491140                    /lib/librt-2.12.1.so
7f6e38555000-7f6e38556000 r--p 00006000 08:01 2491140                    /lib/librt-2.12.1.so
7f6e38556000-7f6e38557000 rw-p 00007000 08:01 2491140                    /lib/librt-2.12.1.so
7f6e38557000-7f6e385d9000 r-xp 00000000 08:01 2490475                    /lib/libm-2.12.1.so
7f6e385d9000-7f6e387d8000 ---p 00082000 08:01 2490475                    /lib/libm-2.12.1.so
7f6e387d8000-7f6e387d9000 r--p 00081000 08:01 2490475                    /lib/libm-2.12.1.so
7f6e387d9000-7f6e387da000 rw-p 00082000 08:01 2490475                    /lib/libm-2.12.1.so
7f6e387da000-7f6e39221000 r-xp 00000000 08:01 1858639                    /usr/lib/jvm/jdk1.7.0_09/jre/lib/amd64/server/libjvm.so
7f6e39221000-7f6e39420000 ---p 00a47000 08:01 1858639                    /usr/lib/jvm/jdk1.7.0_09/jre/lib/amd64/server/libjvm.so
7f6e39420000-7f6e394c4000 rw-p 00a46000 08:01 1858639                    /usr/lib/jvm/jdk1.7.0_09/jre/lib/amd64/server/libjvm.so
7f6e394c4000-7f6e394ff000 rw-p 00000000 00:00 0 
7f6e394ff000-7f6e39679000 r-xp 00000000 08:01 2490430                    /lib/libc-2.12.1.so
7f6e39679000-7f6e39879000 ---p 0017a000 08:01 2490430                    /lib/libc-2.12.1.so
7f6e39879000-7f6e3987d000 r--p 0017a000 08:01 2490430                    /lib/libc-2.12.1.so
7f6e3987d000-7f6e3987e000 rw-p 0017e000 08:01 2490430                    /lib/libc-2.12.1.so
7f6e3987e000-7f6e39883000 rw-p 00000000 00:00 0 
7f6e39883000-7f6e39885000 r-xp 00000000 08:01 2490473                    /lib/libdl-2.12.1.so
7f6e39885000-7f6e39a85000 ---p 00002000 08:01 2490473                    /lib/libdl-2.12.1.so
7f6e39a85000-7f6e39a86000 r--p 00002000 08:01 2490473                    /lib/libdl-2.12.1.so
7f6e39a86000-7f6e39a87000 rw-p 00003000 08:01 2490473                    /lib/libdl-2.12.1.so
7f6e39a87000-7f6e39a9d000 r-xp 00000000 08:01 1858609                    /usr/lib/jvm/jdk1.7.0_09/jre/lib/amd64/jli/libjli.so
7f6e39a9d000-7f6e39c9c000 ---p 00016000 08:01 1858609                    /usr/lib/jvm/jdk1.7.0_09/jre/lib/amd64/jli/libjli.so
7f6e39c9c000-7f6e39c9d000 rw-p 00015000 08:01 1858609                    /usr/lib/jvm/jdk1.7.0_09/jre/lib/amd64/jli/libjli.so
7f6e39c9d000-7f6e39cb5000 r-xp 00000000 08:01 2490545                    /lib/libpthread-2.12.1.so
7f6e39cb5000-7f6e39eb4000 ---p 00018000 08:01 2490545                    /lib/libpthread-2.12.1.so
7f6e39eb4000-7f6e39eb5000 r--p 00017000 08:01 2490545                    /lib/libpthread-2.12.1.so
7f6e39eb5000-7f6e39eb6000 rw-p 00018000 08:01 2490545                    /lib/libpthread-2.12.1.so
7f6e39eb6000-7f6e39eba000 rw-p 00000000 00:00 0 
7f6e39eba000-7f6e39eda000 r-xp 00000000 08:01 2490421                    /lib/ld-2.12.1.so
7f6e39edb000-7f6e39edd000 rw-p 00000000 00:00 0 
7f6e39edd000-7f6e39ee4000 r--s 00062000 08:01 2381988                    /home/nwhitehead/.m2/repository/org/hyperic/sigar/1.6.4/sigar-1.6.4.jar
7f6e39ee4000-7f6e39eed000 r--s 0006d000 08:01 1835714                    /home/nwhitehead/.m2/repository/log4j/log4j/1.2.16/log4j-1.2.16.jar
7f6e39eed000-7f6e39ef3000 r--s 00034000 08:01 3189641                    /home/nwhitehead/.m2/repository/junit/junit/4.8.2/junit-4.8.2.jar
7f6e39ef3000-7f6e39efd000 rw-p 00000000 00:00 0 
7f6e39efd000-7f6e39fb3000 rw-p 00000000 00:00 0 
7f6e39fb3000-7f6e39fb6000 ---p 00000000 00:00 0 
7f6e39fb6000-7f6e3a0b8000 rw-p 00000000 00:00 0 
7f6e3a0b8000-7f6e3a0bc000 r--s 00089000 08:01 1858097                    /usr/lib/jvm/jdk1.7.0_09/jre/lib/jsse.jar
7f6e3a0bc000-7f6e3a0c5000 r--s 00098000 08:01 1836150                    /home/nwhitehead/.m2/repository/org/javassist/javassist/3.16.1-GA/javassist-3.16.1-GA.jar
7f6e3a0c5000-7f6e3a0c7000 r--s 00000000 08:01 1835649                    /home/nwhitehead/.m2/repository/aopalliance/aopalliance/1.0/aopalliance-1.0.jar
7f6e3a0c7000-7f6e3a0cd000 r--s 00067000 08:01 1835777                    /home/nwhitehead/.m2/repository/antlr/antlr/2.7.6/antlr-2.7.6.jar
7f6e3a0cd000-7f6e3a0ce000 r--s 00003000 08:01 1835778                    /home/nwhitehead/.m2/repository/javax/transaction/jta/1.1/jta-1.1.jar
7f6e3a0ce000-7f6e3a0d6000 rw-s 00000000 08:01 4864754                    /tmp/hsperfdata_nwhitehead/10721
7f6e3a0d6000-7f6e3a0d7000 rw-p 00000000 00:00 0 
7f6e3a0d7000-7f6e3a0d8000 r--p 00000000 00:00 0 
7f6e3a0d8000-7f6e3a0da000 rw-p 00000000 00:00 0 
7f6e3a0da000-7f6e3a0db000 r--p 00020000 08:01 2490421                    /lib/ld-2.12.1.so
7f6e3a0db000-7f6e3a0dc000 rw-p 00021000 08:01 2490421                    /lib/ld-2.12.1.so
7f6e3a0dc000-7f6e3a0dd000 rw-p 00000000 00:00 0 
7fff35378000-7fff3539a000 rw-p 00000000 00:00 0                          [stack]
7fff353ff000-7fff35400000 r-xp 00000000 00:00 0                          [vdso]
ffffffffff600000-ffffffffff601000 r-xp 00000000 00:00 0                  [vsyscall]

VM Arguments:
jvm_args: -agentlib:jdwp=transport=dt_socket,suspend=y,address=localhost:48130 -Dfile.encoding=UTF-8 
java_command: org.helios.apmrouter.APMRouter ./src/test/resources/server
Launcher Type: SUN_STANDARD

Environment Variables:
PATH=/home/nwhitehead/bin:/usr/local/sbin:/usr/local/bin:/usr/sbin:/usr/bin:/sbin:/bin:/usr/games
USERNAME=nwhitehead
LD_LIBRARY_PATH=/usr/lib/jvm/jdk1.7.0_09/jre/lib/amd64/server:/usr/lib/jvm/jdk1.7.0_09/jre/lib/amd64:/usr/lib/jvm/jdk1.7.0_09/jre/../lib/amd64:/usr/lib/jvm/java-6-openjdk/jre/lib/amd64/server:/usr/lib/jvm/java-6-openjdk/jre/lib/amd64:/usr/lib/jvm/java-6-openjdk/jre/../lib/amd64
SHELL=/bin/bash
DISPLAY=:0.0

Signal Handlers:
SIGSEGV: [libjvm.so+0x8a5c80], sa_mask[0]=0x7ffbfeff, sa_flags=0x10000004
SIGBUS: [libjvm.so+0x8a5c80], sa_mask[0]=0x7ffbfeff, sa_flags=0x10000004
SIGFPE: [libjvm.so+0x741d60], sa_mask[0]=0x7ffbfeff, sa_flags=0x10000004
SIGPIPE: [libjvm.so+0x741d60], sa_mask[0]=0x7ffbfeff, sa_flags=0x10000004
SIGXFSZ: [libjvm.so+0x741d60], sa_mask[0]=0x7ffbfeff, sa_flags=0x10000004
SIGILL: [libjvm.so+0x741d60], sa_mask[0]=0x7ffbfeff, sa_flags=0x10000004
SIGUSR1: SIG_DFL, sa_mask[0]=0x00000000, sa_flags=0x00000000
SIGUSR2: [libjvm.so+0x7416b0], sa_mask[0]=0x00000004, sa_flags=0x10000004
SIGHUP: [libjvm.so+0x743a40], sa_mask[0]=0x7ffbfeff, sa_flags=0x10000004
SIGINT: [libjvm.so+0x743a40], sa_mask[0]=0x7ffbfeff, sa_flags=0x10000004
SIGTERM: [libjvm.so+0x743a40], sa_mask[0]=0x7ffbfeff, sa_flags=0x10000004
SIGQUIT: [libjvm.so+0x743a40], sa_mask[0]=0x7ffbfeff, sa_flags=0x10000004


---------------  S Y S T E M  ---------------

OS:squeeze/sid

uname:Linux 2.6.35-32-generic #67-Ubuntu SMP Mon Mar 5 19:39:49 UTC 2012 x86_64
libc:glibc 2.12.1 NPTL 2.12.1 
rlimit: STACK 8192k, CORE 0k, NPROC infinity, NOFILE 4096, AS infinity
load average:1.16 0.66 0.57

/proc/meminfo:
MemTotal:        3984228 kB
MemFree:          286648 kB
Buffers:           32120 kB
Cached:           577044 kB
SwapCached:       198472 kB
Active:          2334612 kB
Inactive:        1071924 kB
Active(anon):    2166560 kB
Inactive(anon):   879816 kB
Active(file):     168052 kB
Inactive(file):   192108 kB
Unevictable:          80 kB
Mlocked:              80 kB
SwapTotal:       4016124 kB
SwapFree:        2950400 kB
Dirty:              8320 kB
Writeback:           616 kB
AnonPages:       2690076 kB
Mapped:           133228 kB
Shmem:            248888 kB
Slab:              94016 kB
SReclaimable:      53444 kB
SUnreclaim:        40572 kB
KernelStack:        6872 kB
PageTables:        57852 kB
NFS_Unstable:          0 kB
Bounce:                0 kB
WritebackTmp:          0 kB
CommitLimit:     6008236 kB
Committed_AS:    7765076 kB
VmallocTotal:   34359738367 kB
VmallocUsed:      378368 kB
VmallocChunk:   34359285368 kB
HardwareCorrupted:     0 kB
HugePages_Total:       0
HugePages_Free:        0
HugePages_Rsvd:        0
HugePages_Surp:        0
Hugepagesize:       2048 kB
DirectMap4k:        8896 kB
DirectMap2M:     4110336 kB


CPU:total 2 (2 cores per cpu, 1 threads per core) family 6 model 15 stepping 11, cmov, cx8, fxsr, mmx, sse, sse2, sse3, ssse3, tsc

/proc/cpuinfo:
processor	: 0
vendor_id	: GenuineIntel
cpu family	: 6
model		: 15
model name	: Intel(R) Core(TM)2 Duo CPU     T7300  @ 2.00GHz
stepping	: 11
cpu MHz		: 2001.000
cache size	: 4096 KB
physical id	: 0
siblings	: 2
core id		: 0
cpu cores	: 2
apicid		: 0
initial apicid	: 0
fpu		: yes
fpu_exception	: yes
cpuid level	: 10
wp		: yes
flags		: fpu vme de pse tsc msr pae mce cx8 apic sep mtrr pge mca cmov pat pse36 clflush dts acpi mmx fxsr sse sse2 ss ht tm pbe syscall nx lm constant_tsc arch_perfmon pebs bts rep_good aperfmperf pni dtes64 monitor ds_cpl vmx est tm2 ssse3 cx16 xtpr pdcm lahf_lm ida dts tpr_shadow vnmi flexpriority
bogomips	: 3990.01
clflush size	: 64
cache_alignment	: 64
address sizes	: 36 bits physical, 48 bits virtual
power management:

processor	: 1
vendor_id	: GenuineIntel
cpu family	: 6
model		: 15
model name	: Intel(R) Core(TM)2 Duo CPU     T7300  @ 2.00GHz
stepping	: 11
cpu MHz		: 2001.000
cache size	: 4096 KB
physical id	: 0
siblings	: 2
core id		: 1
cpu cores	: 2
apicid		: 1
initial apicid	: 1
fpu		: yes
fpu_exception	: yes
cpuid level	: 10
wp		: yes
flags		: fpu vme de pse tsc msr pae mce cx8 apic sep mtrr pge mca cmov pat pse36 clflush dts acpi mmx fxsr sse sse2 ss ht tm pbe syscall nx lm constant_tsc arch_perfmon pebs bts rep_good aperfmperf pni dtes64 monitor ds_cpl vmx est tm2 ssse3 cx16 xtpr pdcm lahf_lm ida dts tpr_shadow vnmi flexpriority
bogomips	: 3992.05
clflush size	: 64
cache_alignment	: 64
address sizes	: 36 bits physical, 48 bits virtual
power management:



Memory: 4k page, physical 3984228k(286648k free), swap 4016124k(2950400k free)

vm_info: Java HotSpot(TM) 64-Bit Server VM (23.5-b02) for linux-amd64 JRE (1.7.0_09-b05), built on Sep 24 2012 20:07:15 by "java_re" with gcc 4.3.0 20080428 (Red Hat 4.3.0-8)

time: Sun Nov 25 12:34:56 2012
elapsed time: 22 seconds

