#
# A fatal error has been detected by the Java Runtime Environment:
#
#  SIGSEGV (0xb) at pc=0x00007fcdeeed38f0, pid=32434, tid=140521995306752
#
# JRE version: 7.0_04-b20
# Java VM: Java HotSpot(TM) 64-Bit Server VM (23.0-b21 mixed mode linux-amd64 compressed oops)
# Problematic frame:
# V  [libjvm.so+0x6698f0]  _Copy_conjoint_jshorts_atomic+0x60
#
# Failed to write core dump. Core dumps have been disabled. To enable core dumping, try "ulimit -c unlimited" before starting Java again
#
# If you would like to submit a bug report, please visit:
#   http://bugreport.sun.com/bugreport/crash.jsp
#

---------------  T H R E A D  ---------------

Current thread (0x00007fcde85bc800):  JavaThread "New I/O  worker #1" daemon [_thread_in_vm, id=32459, stack(0x00007fcdd38d0000,0x00007fcdd39d1000)]

siginfo:si_signo=SIGSEGV: si_errno=0, si_code=2 (SEGV_ACCERR), si_addr=0x00007fcd78029000

Registers:
RAX=0x00007fcd780292be, RBX=0x00007fcde85bc800, RCX=0x00000007ad167ab0, RDX=0xffffffffffffffab
RSP=0x00007fcdd39ceee8, RBP=0x00007fcdd39cef40, RSI=0x0000000000000000, RDI=0x00007fcd7802435e
R8 =0x00000000000027b4, R9 =0x0000000000000010, R10=0x00007fcde5011f64, R11=0x00007fcdef034460
R12=0x0000000000000000, R13=0x00007fcdd39cf020, R14=0x00007fcdd39cef00, R15=0x0000000000000010
RIP=0x00007fcdeeed38f0, EFLAGS=0x0000000000010282, CSGSFS=0x0000000000000033, ERR=0x0000000000000004
  TRAPNO=0x000000000000000e

Top of Stack: (sp=0x00007fcdd39ceee8)
0x00007fcdd39ceee8:   00007fcdef0ef163 0000000000000000
0x00007fcdd39ceef8:   00007fcd7802435e 00007fcde85bc800
0x00007fcdd39cef08:   00007fcde50124a1 00000007008127d0
0x00007fcdd39cef18:   00000007006eaa20 0000000000000000
0x00007fcdd39cef28:   00000007006eaa20 00007fcdd39cf040
0x00007fcdd39cef38:   00007fcde85bc800 00007fcdd39cefe0
0x00007fcdd39cef48:   00007fcde5011f90 0000000000004f68
0x00007fcdd39cef58:   00007fcdd39cef80 00007fcdd39cefd8
0x00007fcdd39cef68:   00007fcde5006450 00007fcd8400a6f8
0x00007fcdd39cef78:   00007fcd8400a6f8 00000007ad162b40
0x00007fcdd39cef88:   00007fcde85bc800 0000000000000001
0x00007fcdd39cef98:   0000000000004f68 00007fcdd39cefa0
0x00007fcdd39cefa8:   0000000000000000 00007fcdd39cf040
0x00007fcdd39cefb8:   00000007006ed890 0000000000000000
0x00007fcdd39cefc8:   00000007006eaa20 0000000000000000
0x00007fcdd39cefd8:   00007fcdd39cf000 00007fcdd39cf088
0x00007fcdd39cefe8:   00007fcde5006158 0000000000000000
0x00007fcdd39ceff8:   00007fcde500edd8 0000000000004f68
0x00007fcdd39cf008:   00007fcdeedae03a 0000000000000010
0x00007fcdd39cf018:   0000000000000010 00000007ad162b40
0x00007fcdd39cf028:   00007fcd7802435e 00007fcdd39cf088
0x00007fcdd39cf038:   0000000000000000 00000007b06a0528
0x00007fcdd39cf048:   00007fcdd39cf048 0000000701352dac
0x00007fcdd39cf058:   00007fcdd39cf0a8 00000007013535b0
0x00007fcdd39cf068:   0000000000000000 0000000701352df0
0x00007fcdd39cf078:   00007fcdd39cf000 00007fcdd39cf0a0
0x00007fcdd39cf088:   00007fcdd39cf100 00007fcde5006333
0x00007fcdd39cf098:   00000007ad162b40 0000000000004f68
0x00007fcdd39cf0a8:   00000007ad162478 00000007ad162b20
0x00007fcdd39cf0b8:   00000007ad162b20 00007fcdd39cf0c0
0x00007fcdd39cf0c8:   0000000701352ca1 00007fcdd39cf110
0x00007fcdd39cf0d8:   00000007013535b0 0000000000000000 

Instructions: (pc=0x00007fcdeeed38f0)
0x00007fcdeeed38d0:   08 89 71 08 48 83 c1 04 49 f7 c0 01 00 00 00 74
0x00007fcdeeed38e0:   0a 66 42 8b 74 47 fe 66 89 71 08 c3 0f 1f 40 00
0x00007fcdeeed38f0:   48 8b 74 d0 e8 48 89 74 d1 e8 48 8b 74 d0 f0 48
0x00007fcdeeed3900:   89 74 d1 f0 48 8b 74 d0 f8 48 89 74 d1 f8 48 8b 

Register to memory mapping:

RAX=0x00007fcd780292be is an unknown value
RBX=0x00007fcde85bc800 is a thread
RCX=0x00000007ad167ab0 is an unknown value
RDX=0xffffffffffffffab is an unknown value
RSP=0x00007fcdd39ceee8 is pointing into the stack for thread: 0x00007fcde85bc800
RBP=0x00007fcdd39cef40 is pointing into the stack for thread: 0x00007fcde85bc800
RSI=0x0000000000000000 is an unknown value
RDI=0x00007fcd7802435e is an unknown value
R8 =0x00000000000027b4 is an unknown value
R9 =0x0000000000000010 is an unknown value
R10=0x00007fcde5011f64 is an Interpreter codelet
method entry point (kind = native)  [0x00007fcde5011d00, 0x00007fcde5012540]  2112 bytes
R11=0x00007fcdef034460: <offset 0x7ca460> in /usr/lib/jvm/jdk1.7.0_04/jre/lib/amd64/server/libjvm.so at 0x00007fcdee86a000
R12=0x0000000000000000 is an unknown value
R13=0x00007fcdd39cf020 is pointing into the stack for thread: 0x00007fcde85bc800
R14=0x00007fcdd39cef00 is pointing into the stack for thread: 0x00007fcde85bc800
R15=0x0000000000000010 is an unknown value


Stack: [0x00007fcdd38d0000,0x00007fcdd39d1000],  sp=0x00007fcdd39ceee8,  free space=1019k
Native frames: (J=compiled Java code, j=interpreted, Vv=VM code, C=native code)
V  [libjvm.so+0x6698f0]  _Copy_conjoint_jshorts_atomic+0x60
j  sun.misc.Unsafe.copyMemory(Ljava/lang/Object;JLjava/lang/Object;JJ)V+0
j  org.helios.apmrouter.trace.DirectMetricCollection$Reader.readBytes(I)[B+28
j  org.helios.apmrouter.trace.DirectMetricCollection$Reader.readString()Ljava/lang/String;+9
j  org.helios.apmrouter.trace.DirectMetricCollection$MetricReader.next()Lorg/helios/apmrouter/metric/IMetric;+73
j  org.helios.apmrouter.trace.DirectMetricCollection$MetricReader.next()Ljava/lang/Object;+1
j  org.helios.apmrouter.trace.DirectMetricCollection.decode()[Lorg/helios/apmrouter/metric/IMetric;+24
j  org.helios.apmrouter.server.net.listener.netty.handlers.AgentMetricHandler.processAgentRequest(Lorg/helios/apmrouter/SenderOpCode;Lorg/jboss/netty/buffer/ChannelBuffer;Ljava/net/SocketAddress;Lorg/jboss/netty/channel/Channel;)V+28
j  org.helios.apmrouter.server.net.listener.netty.handlers.udp.UDPAgentOperationRouter.handleUpstream(Lorg/jboss/netty/channel/ChannelHandlerContext;Lorg/jboss/netty/channel/ChannelEvent;)V+74
j  org.jboss.netty.channel.DefaultChannelPipeline.sendUpstream(Lorg/jboss/netty/channel/DefaultChannelPipeline$DefaultChannelHandlerContext;Lorg/jboss/netty/channel/ChannelEvent;)V+9
j  org.jboss.netty.channel.DefaultChannelPipeline.sendUpstream(Lorg/jboss/netty/channel/ChannelEvent;)V+55
j  org.jboss.netty.channel.Channels.fireMessageReceived(Lorg/jboss/netty/channel/Channel;Ljava/lang/Object;Ljava/net/SocketAddress;)V+16
j  org.jboss.netty.channel.socket.nio.NioDatagramWorker.read(Ljava/nio/channels/SelectionKey;)Z+136
j  org.jboss.netty.channel.socket.nio.AbstractNioWorker.processSelectedKeys(Ljava/util/Set;)V+52
j  org.jboss.netty.channel.socket.nio.AbstractNioWorker.run()V+97
j  org.jboss.netty.channel.socket.nio.NioDatagramWorker.run()V+1
j  org.jboss.netty.util.ThreadRenamingRunnable.run()V+55
j  org.jboss.netty.util.internal.DeadLockProofWorker$1.run()V+14
j  java.util.concurrent.ThreadPoolExecutor.runWorker(Ljava/util/concurrent/ThreadPoolExecutor$Worker;)V+46
j  java.util.concurrent.ThreadPoolExecutor$Worker.run()V+5
j  java.lang.Thread.run()V+11
v  ~StubRoutines::call_stub
V  [libjvm.so+0x54df25]  JavaCalls::call_helper(JavaValue*, methodHandle*, JavaCallArguments*, Thread*)+0x355
V  [libjvm.so+0x54ca48]  JavaCalls::call(JavaValue*, methodHandle, JavaCallArguments*, Thread*)+0x28
V  [libjvm.so+0x54ccdc]  JavaCalls::call_virtual(JavaValue*, KlassHandle, Symbol*, Symbol*, JavaCallArguments*, Thread*)+0x17c
V  [libjvm.so+0x54ce07]  JavaCalls::call_virtual(JavaValue*, Handle, KlassHandle, Symbol*, Symbol*, Thread*)+0x47
V  [libjvm.so+0x5a6e3f]  thread_entry(JavaThread*, Thread*)+0xdf
V  [libjvm.so+0x860228]  JavaThread::thread_main_inner()+0xc8
V  [libjvm.so+0x860378]  JavaThread::run()+0x138
V  [libjvm.so+0x741ff0]  java_start(Thread*)+0x100

Java frames: (J=compiled Java code, j=interpreted, Vv=VM code)
j  sun.misc.Unsafe.copyMemory(Ljava/lang/Object;JLjava/lang/Object;JJ)V+0
j  org.helios.apmrouter.trace.DirectMetricCollection$Reader.readBytes(I)[B+28
j  org.helios.apmrouter.trace.DirectMetricCollection$Reader.readString()Ljava/lang/String;+9
j  org.helios.apmrouter.trace.DirectMetricCollection$MetricReader.next()Lorg/helios/apmrouter/metric/IMetric;+73
j  org.helios.apmrouter.trace.DirectMetricCollection$MetricReader.next()Ljava/lang/Object;+1
j  org.helios.apmrouter.trace.DirectMetricCollection.decode()[Lorg/helios/apmrouter/metric/IMetric;+24
j  org.helios.apmrouter.server.net.listener.netty.handlers.AgentMetricHandler.processAgentRequest(Lorg/helios/apmrouter/SenderOpCode;Lorg/jboss/netty/buffer/ChannelBuffer;Ljava/net/SocketAddress;Lorg/jboss/netty/channel/Channel;)V+28
j  org.helios.apmrouter.server.net.listener.netty.handlers.udp.UDPAgentOperationRouter.handleUpstream(Lorg/jboss/netty/channel/ChannelHandlerContext;Lorg/jboss/netty/channel/ChannelEvent;)V+74
j  org.jboss.netty.channel.DefaultChannelPipeline.sendUpstream(Lorg/jboss/netty/channel/DefaultChannelPipeline$DefaultChannelHandlerContext;Lorg/jboss/netty/channel/ChannelEvent;)V+9
j  org.jboss.netty.channel.DefaultChannelPipeline.sendUpstream(Lorg/jboss/netty/channel/ChannelEvent;)V+55
j  org.jboss.netty.channel.Channels.fireMessageReceived(Lorg/jboss/netty/channel/Channel;Ljava/lang/Object;Ljava/net/SocketAddress;)V+16
j  org.jboss.netty.channel.socket.nio.NioDatagramWorker.read(Ljava/nio/channels/SelectionKey;)Z+136
j  org.jboss.netty.channel.socket.nio.AbstractNioWorker.processSelectedKeys(Ljava/util/Set;)V+52
j  org.jboss.netty.channel.socket.nio.AbstractNioWorker.run()V+97
j  org.jboss.netty.channel.socket.nio.NioDatagramWorker.run()V+1
j  org.jboss.netty.util.ThreadRenamingRunnable.run()V+55
j  org.jboss.netty.util.internal.DeadLockProofWorker$1.run()V+14
j  java.util.concurrent.ThreadPoolExecutor.runWorker(Ljava/util/concurrent/ThreadPoolExecutor$Worker;)V+46
j  java.util.concurrent.ThreadPoolExecutor$Worker.run()V+5
j  java.lang.Thread.run()V+11
v  ~StubRoutines::call_stub

---------------  P R O C E S S  ---------------

Java Threads: ( => current thread )
  0x00007fcde85e2000 JavaThread "PatternRouterWorkersThread#3" daemon [_thread_blocked, id=32462, stack(0x00007fcdd35cd000,0x00007fcdd36ce000)]
  0x00007fcde85e0800 JavaThread "PatternRouterWorkersThread#2" daemon [_thread_blocked, id=32461, stack(0x00007fcdd36ce000,0x00007fcdd37cf000)]
  0x00007fcde85e0000 JavaThread "PatternRouterWorkersThread#1" daemon [_thread_blocked, id=32460, stack(0x00007fcdd37cf000,0x00007fcdd38d0000)]
=>0x00007fcde85bc800 JavaThread "New I/O  worker #1" daemon [_thread_in_vm, id=32459, stack(0x00007fcdd38d0000,0x00007fcdd39d1000)]
  0x00007fcde85d5000 JavaThread "SpringEventPoolThread#1" daemon [_thread_blocked, id=32458, stack(0x00007fcdd800b000,0x00007fcdd810c000)]
  0x00007fcde80f8800 JavaThread "Service Thread" daemon [_thread_blocked, id=32455, stack(0x00007fcdd82dc000,0x00007fcdd83dd000)]
  0x00007fcde80f6000 JavaThread "C2 CompilerThread1" daemon [_thread_blocked, id=32454, stack(0x00007fcdd83dd000,0x00007fcdd84de000)]
  0x00007fcde80f3000 JavaThread "C2 CompilerThread0" daemon [_thread_blocked, id=32453, stack(0x00007fcdd84de000,0x00007fcdd85df000)]
  0x00007fcde80f1000 JavaThread "Signal Dispatcher" daemon [_thread_blocked, id=32452, stack(0x00007fcdd85df000,0x00007fcdd86e0000)]
  0x00007fcde80a4800 JavaThread "Finalizer" daemon [_thread_blocked, id=32451, stack(0x00007fcdd8dc3000,0x00007fcdd8ec4000)]
  0x00007fcde80a2800 JavaThread "Reference Handler" daemon [_thread_blocked, id=32450, stack(0x00007fcdd8ec4000,0x00007fcdd8fc5000)]
  0x00007fcde800a000 JavaThread "main" [_thread_blocked, id=32440, stack(0x00007fcdf0079000,0x00007fcdf017a000)]

Other Threads:
  0x00007fcde809b000 VMThread [stack: 0x00007fcdd8fc5000,0x00007fcdd90c6000] [id=32449]
  0x00007fcde810b000 WatcherThread [stack: 0x00007fcdd81db000,0x00007fcdd82dc000] [id=32456]

VM state:not at safepoint (normal execution)

VM Mutex/Monitor currently owned by a thread: None

Heap
 PSYoungGen      total 74816K, used 16257K [0x00000007ac800000, 0x00000007b1b80000, 0x0000000800000000)
  eden space 64128K, 15% used [0x00000007ac800000,0x00000007ad1c67a0,0x00000007b06a0000)
  from space 10688K, 58% used [0x00000007b06a0000,0x00000007b0cb9e48,0x00000007b1110000)
  to   space 10688K, 0% used [0x00000007b1110000,0x00000007b1110000,0x00000007b1b80000)
 ParOldGen       total 171008K, used 72K [0x0000000705800000, 0x000000070ff00000, 0x00000007ac800000)
  object space 171008K, 0% used [0x0000000705800000,0x0000000705812010,0x000000070ff00000)
 PSPermGen       total 21248K, used 13732K [0x0000000700600000, 0x0000000701ac0000, 0x0000000705800000)
  object space 21248K, 64% used [0x0000000700600000,0x0000000701369088,0x0000000701ac0000)

Code Cache  [0x00007fcde5000000, 0x00007fcde5270000, 0x00007fcde8000000)
 total_blobs=490 nmethods=194 adapters=248 free_code_cache=48281Kb largest_free_block=49407552

Compilation events (10 events):
Event: 4.772 Thread 0x00007fcde80f6000 nmethod 189 0x00007fcde50d4550 code [0x00007fcde50d4720, 0x00007fcde50d4fd8]
Event: 4.772 Thread 0x00007fcde80f6000  191  s          java.nio.charset.CoderResult$Cache::get (109 bytes)
Event: 4.780 Thread 0x00007fcde80f3000 nmethod 190 0x00007fcde50d34d0 code [0x00007fcde50d3680, 0x00007fcde50d3ef8]
Event: 4.780 Thread 0x00007fcde80f3000  192             org.helios.apmrouter.metric.catalog.ICEMetricCatalog::build (230 bytes)
Event: 4.784 Thread 0x00007fcde80f6000 nmethod 191 0x00007fcde50dc2d0 code [0x00007fcde50dc480, 0x00007fcde50dcd18]
Event: 4.784 Thread 0x00007fcde80f6000  193             java.lang.String::substring (83 bytes)
Event: 4.791 Thread 0x00007fcde80f6000 nmethod 193 0x00007fcde50ce0d0 code [0x00007fcde50ce280, 0x00007fcde50ce7e8]
Event: 4.798 Thread 0x00007fcde80f3000 nmethod 192 0x00007fcde50df910 code [0x00007fcde50dfbe0, 0x00007fcde50e0b68]
Event: 4.801 Thread 0x00007fcde80f6000  194             java.lang.String::toString (2 bytes)
Event: 4.801 Thread 0x00007fcde80f6000 nmethod 194 0x00007fcde50cfa50 code [0x00007fcde50cfb80, 0x00007fcde50cfbd8]

GC Heap History (2 events):
Event: 4.732 GC heap before
{Heap before GC invocations=1 (full 0):
 PSYoungGen      total 74816K, used 64128K [0x00000007ac800000, 0x00000007b1b80000, 0x0000000800000000)
  eden space 64128K, 100% used [0x00000007ac800000,0x00000007b06a0000,0x00000007b06a0000)
  from space 10688K, 0% used [0x00000007b1110000,0x00000007b1110000,0x00000007b1b80000)
  to   space 10688K, 0% used [0x00000007b06a0000,0x00000007b06a0000,0x00000007b1110000)
 ParOldGen       total 171008K, used 0K [0x0000000705800000, 0x000000070ff00000, 0x00000007ac800000)
  object space 171008K, 0% used [0x0000000705800000,0x0000000705800000,0x000000070ff00000)
 PSPermGen       total 21248K, used 13724K [0x0000000700600000, 0x0000000701ac0000, 0x0000000705800000)
  object space 21248K, 64% used [0x0000000700600000,0x00000007013672d8,0x0000000701ac0000)
Event: 4.744 GC heap after
Heap after GC invocations=1 (full 0):
 PSYoungGen      total 74816K, used 6247K [0x00000007ac800000, 0x00000007b1b80000, 0x0000000800000000)
  eden space 64128K, 0% used [0x00000007ac800000,0x00000007ac800000,0x00000007b06a0000)
  from space 10688K, 58% used [0x00000007b06a0000,0x00000007b0cb9e48,0x00000007b1110000)
  to   space 10688K, 0% used [0x00000007b1110000,0x00000007b1110000,0x00000007b1b80000)
 ParOldGen       total 171008K, used 72K [0x0000000705800000, 0x000000070ff00000, 0x00000007ac800000)
  object space 171008K, 0% used [0x0000000705800000,0x0000000705812010,0x000000070ff00000)
 PSPermGen       total 21248K, used 13724K [0x0000000700600000, 0x0000000701ac0000, 0x0000000705800000)
  object space 21248K, 64% used [0x0000000700600000,0x00000007013672d8,0x0000000701ac0000)
}

Deoptimization events (10 events):
Event: 4.680 Thread 0x00007fcde85bc800 Uncommon trap 234 fr.pc 0x00007fcde5072348
Event: 4.744 Thread 0x00007fcde85bc800 Uncommon trap -12 fr.pc 0x00007fcde50d04c0
Event: 4.744 Thread 0x00007fcde85bc800 Uncommon trap -58 fr.pc 0x00007fcde50a2a88
Event: 4.744 Thread 0x00007fcde85bc800 Uncommon trap -12 fr.pc 0x00007fcde50d20f4
Event: 4.744 Thread 0x00007fcde85bc800 Uncommon trap -58 fr.pc 0x00007fcde50a2a88
Event: 4.747 Thread 0x00007fcde80a4800 Uncommon trap -83 fr.pc 0x00007fcde50c8c8c
Event: 4.747 Thread 0x00007fcde80a4800 Uncommon trap -83 fr.pc 0x00007fcde50c8f7c
Event: 4.747 Thread 0x00007fcde80a4800 Uncommon trap -83 fr.pc 0x00007fcde50cabd4
Event: 4.748 Thread 0x00007fcde85bc800 Uncommon trap -12 fr.pc 0x00007fcde50d1708
Event: 4.748 Thread 0x00007fcde85bc800 Uncommon trap -58 fr.pc 0x00007fcde50a2a88

Internal exceptions (10 events):
Event: 4.674 Thread 0x00007fcde85bc800 Threw 0x00000007afab31d8 at /HUDSON/workspace/jdk7u4-2-build-linux-amd64-product/jdk7u4/hotspot/src/share/vm/prims/jvm.cpp:1166
Event: 4.675 Thread 0x00007fcde85bc800 Threw 0x00000007afab8ef8 at /HUDSON/workspace/jdk7u4-2-build-linux-amd64-product/jdk7u4/hotspot/src/share/vm/prims/jvm.cpp:1166
Event: 4.675 Thread 0x00007fcde85bc800 Threw 0x00000007afabe868 at /HUDSON/workspace/jdk7u4-2-build-linux-amd64-product/jdk7u4/hotspot/src/share/vm/prims/jvm.cpp:1166
Event: 4.676 Thread 0x00007fcde85bc800 Threw 0x00000007afac45d8 at /HUDSON/workspace/jdk7u4-2-build-linux-amd64-product/jdk7u4/hotspot/src/share/vm/prims/jvm.cpp:1166
Event: 4.676 Thread 0x00007fcde85bc800 Threw 0x00000007afac9ee8 at /HUDSON/workspace/jdk7u4-2-build-linux-amd64-product/jdk7u4/hotspot/src/share/vm/prims/jvm.cpp:1166
Event: 4.677 Thread 0x00007fcde85bc800 Threw 0x00000007afad1bb0 at /HUDSON/workspace/jdk7u4-2-build-linux-amd64-product/jdk7u4/hotspot/src/share/vm/prims/jvm.cpp:1166
Event: 4.678 Thread 0x00007fcde85bc800 Threw 0x00000007afadb578 at /HUDSON/workspace/jdk7u4-2-build-linux-amd64-product/jdk7u4/hotspot/src/share/vm/prims/jvm.cpp:1166
Event: 4.744 Thread 0x00007fcde85bc800 Implicit null exception at 0x00007fcde50d01c5 to 0x00007fcde50d04ad
Event: 4.744 Thread 0x00007fcde85bc800 Implicit null exception at 0x00007fcde50d1e31 to 0x00007fcde50d20dd
Event: 4.748 Thread 0x00007fcde85bc800 Implicit null exception at 0x00007fcde50d1455 to 0x00007fcde50d16f1

Events (10 events):
Event: 4.750 Executing VM operation: RevokeBias
Event: 4.750 Executing VM operation: RevokeBias done
Event: 4.750 Executing VM operation: RevokeBias
Event: 4.750 Executing VM operation: RevokeBias done
Event: 4.750 Executing VM operation: RevokeBias
Event: 4.750 Executing VM operation: RevokeBias done
Event: 4.750 Executing VM operation: RevokeBias
Event: 4.750 Executing VM operation: RevokeBias done
Event: 4.786 Executing VM operation: BulkRevokeBias
Event: 4.786 Executing VM operation: BulkRevokeBias done


Dynamic libraries:
00400000-00401000 r-xp 00000000 08:02 29627988                           /usr/lib/jvm/jdk1.7.0_04/bin/java
00600000-00601000 rw-p 00000000 08:02 29627988                           /usr/lib/jvm/jdk1.7.0_04/bin/java
013cd000-013ee000 rw-p 00000000 00:00 0                                  [heap]
700600000-701ac0000 rw-p 00000000 00:00 0 
701ac0000-705800000 rw-p 00000000 00:00 0 
705800000-70ff00000 rw-p 00000000 00:00 0 
70ff00000-7ac800000 rw-p 00000000 00:00 0 
7ac800000-7b1b80000 rw-p 00000000 00:00 0 
7b1b80000-800000000 rw-p 00000000 00:00 0 
7fcd64000000-7fcd64021000 rw-p 00000000 00:00 0 
7fcd64021000-7fcd68000000 ---p 00000000 00:00 0 
7fcd6c000000-7fcd6c021000 rw-p 00000000 00:00 0 
7fcd6c021000-7fcd70000000 ---p 00000000 00:00 0 
7fcd70000000-7fcd70021000 rw-p 00000000 00:00 0 
7fcd70021000-7fcd74000000 ---p 00000000 00:00 0 
7fcd74000000-7fcd74021000 rw-p 00000000 00:00 0 
7fcd74021000-7fcd78000000 ---p 00000000 00:00 0 
7fcd78000000-7fcd780e6000 rw-p 00000000 00:00 0 
7fcd780e6000-7fcd7c000000 ---p 00000000 00:00 0 
7fcd7c000000-7fcd7c021000 rw-p 00000000 00:00 0 
7fcd7c021000-7fcd80000000 ---p 00000000 00:00 0 
7fcd80000000-7fcd80021000 rw-p 00000000 00:00 0 
7fcd80021000-7fcd84000000 ---p 00000000 00:00 0 
7fcd84000000-7fcd849d1000 rw-p 00000000 00:00 0 
7fcd849d1000-7fcd88000000 ---p 00000000 00:00 0 
7fcd88000000-7fcd8858b000 rw-p 00000000 00:00 0 
7fcd8858b000-7fcd8c000000 ---p 00000000 00:00 0 
7fcd8c000000-7fcd8c021000 rw-p 00000000 00:00 0 
7fcd8c021000-7fcd90000000 ---p 00000000 00:00 0 
7fcd90000000-7fcd90021000 rw-p 00000000 00:00 0 
7fcd90021000-7fcd94000000 ---p 00000000 00:00 0 
7fcd94000000-7fcd94021000 rw-p 00000000 00:00 0 
7fcd94021000-7fcd98000000 ---p 00000000 00:00 0 
7fcd98000000-7fcd98021000 rw-p 00000000 00:00 0 
7fcd98021000-7fcd9c000000 ---p 00000000 00:00 0 
7fcd9c000000-7fcd9c021000 rw-p 00000000 00:00 0 
7fcd9c021000-7fcda0000000 ---p 00000000 00:00 0 
7fcda4000000-7fcda4021000 rw-p 00000000 00:00 0 
7fcda4021000-7fcda8000000 ---p 00000000 00:00 0 
7fcdac000000-7fcdac021000 rw-p 00000000 00:00 0 
7fcdac021000-7fcdb0000000 ---p 00000000 00:00 0 
7fcdb4000000-7fcdb4021000 rw-p 00000000 00:00 0 
7fcdb4021000-7fcdb8000000 ---p 00000000 00:00 0 
7fcdbc000000-7fcdbc021000 rw-p 00000000 00:00 0 
7fcdbc021000-7fcdc0000000 ---p 00000000 00:00 0 
7fcdc4000000-7fcdc4021000 rw-p 00000000 00:00 0 
7fcdc4021000-7fcdc8000000 ---p 00000000 00:00 0 
7fcdcc000000-7fcdcc021000 rw-p 00000000 00:00 0 
7fcdcc021000-7fcdd0000000 ---p 00000000 00:00 0 
7fcdd3393000-7fcdd35cd000 rw-p 00000000 00:00 0 
7fcdd35cd000-7fcdd35d0000 ---p 00000000 00:00 0 
7fcdd35d0000-7fcdd36ce000 rw-p 00000000 00:00 0 
7fcdd36ce000-7fcdd36d1000 ---p 00000000 00:00 0 
7fcdd36d1000-7fcdd37cf000 rw-p 00000000 00:00 0 
7fcdd37cf000-7fcdd37d2000 ---p 00000000 00:00 0 
7fcdd37d2000-7fcdd38d0000 rw-p 00000000 00:00 0 
7fcdd38d0000-7fcdd38d3000 ---p 00000000 00:00 0 
7fcdd38d3000-7fcdd39d1000 rw-p 00000000 00:00 0 
7fcdd39d1000-7fcdd39d9000 r-xp 00000000 08:02 34741773                   /usr/lib/jvm/jdk1.7.0_04/jre/lib/amd64/libmanagement.so
7fcdd39d9000-7fcdd3bd8000 ---p 00008000 08:02 34741773                   /usr/lib/jvm/jdk1.7.0_04/jre/lib/amd64/libmanagement.so
7fcdd3bd8000-7fcdd3bd9000 rw-p 00007000 08:02 34741773                   /usr/lib/jvm/jdk1.7.0_04/jre/lib/amd64/libmanagement.so
7fcdd3bd9000-7fcdd3bee000 r-xp 00000000 08:02 34741739                   /usr/lib/jvm/jdk1.7.0_04/jre/lib/amd64/libnet.so
7fcdd3bee000-7fcdd3dee000 ---p 00015000 08:02 34741739                   /usr/lib/jvm/jdk1.7.0_04/jre/lib/amd64/libnet.so
7fcdd3dee000-7fcdd3def000 rw-p 00015000 08:02 34741739                   /usr/lib/jvm/jdk1.7.0_04/jre/lib/amd64/libnet.so
7fcdd3def000-7fcdd3dff000 r-xp 00000000 08:02 34741734                   /usr/lib/jvm/jdk1.7.0_04/jre/lib/amd64/libnio.so
7fcdd3dff000-7fcdd3fff000 ---p 00010000 08:02 34741734                   /usr/lib/jvm/jdk1.7.0_04/jre/lib/amd64/libnio.so
7fcdd3fff000-7fcdd4000000 rw-p 00010000 08:02 34741734                   /usr/lib/jvm/jdk1.7.0_04/jre/lib/amd64/libnio.so
7fcdd4000000-7fcdd4021000 rw-p 00000000 00:00 0 
7fcdd4021000-7fcdd8000000 ---p 00000000 00:00 0 
7fcdd800b000-7fcdd800e000 ---p 00000000 00:00 0 
7fcdd800e000-7fcdd810c000 rw-p 00000000 00:00 0 
7fcdd810c000-7fcdd8115000 r--s 00254000 08:02 30279729                   /usr/lib/jvm/jdk1.7.0_04/jre/lib/resources.jar
7fcdd8115000-7fcdd811c000 r--s 00032000 08:02 36574803                   /home/nwhitehead/.m2/repository/org/springframework/spring-tx/3.0.7.RELEASE/spring-tx-3.0.7.RELEASE.jar
7fcdd811c000-7fcdd8122000 r--s 00033000 08:02 8789171                    /home/nwhitehead/.m2/repository/org/springframework/spring-test/3.1.1.RELEASE/spring-test-3.1.1.RELEASE.jar
7fcdd8122000-7fcdd8126000 r--s 00026000 08:02 8789167                    /home/nwhitehead/.m2/repository/org/springframework/spring-expression/3.0.7.RELEASE/spring-expression-3.0.7.RELEASE.jar
7fcdd8126000-7fcdd812f000 r--s 00055000 08:02 8654891                    /home/nwhitehead/.m2/repository/org/springframework/spring-core/3.0.7.RELEASE/spring-core-3.0.7.RELEASE.jar
7fcdd812f000-7fcdd8140000 r--s 00093000 08:02 8654877                    /home/nwhitehead/.m2/repository/org/springframework/spring-context/3.0.7.RELEASE/spring-context-3.0.7.RELEASE.jar
7fcdd8140000-7fcdd814b000 r--s 0007d000 08:02 8654888                    /home/nwhitehead/.m2/repository/org/springframework/spring-beans/3.0.7.RELEASE/spring-beans-3.0.7.RELEASE.jar
7fcdd814b000-7fcdd814c000 r--s 0000c000 08:02 8654885                    /home/nwhitehead/.m2/repository/org/springframework/spring-asm/3.0.7.RELEASE/spring-asm-3.0.7.RELEASE.jar
7fcdd814c000-7fcdd8155000 r--s 00046000 08:02 8654882                    /home/nwhitehead/.m2/repository/org/springframework/spring-aop/3.0.7.RELEASE/spring-aop-3.0.7.RELEASE.jar
7fcdd8155000-7fcdd815e000 r--s 00098000 08:02 36969372                   /home/nwhitehead/.m2/repository/org/javassist/javassist/3.16.1-GA/javassist-3.16.1-GA.jar
7fcdd815e000-7fcdd8160000 r--s 00016000 08:02 31459454                   /home/nwhitehead/.m2/repository/com/github/stephenc/high-scale-lib/high-scale-lib/1.1.4/high-scale-lib-1.1.4.jar
7fcdd8160000-7fcdd8166000 r--s 00054000 08:02 39194404                   /home/nwhitehead/.m2/repository/org/snmp4j/snmp4j/1.9.1f/snmp4j-1.9.1f.jar
7fcdd8166000-7fcdd8167000 r--s 00002000 08:02 8522569                    /home/nwhitehead/.m2/repository/org/slf4j/slf4j-log4j12/1.6.6/slf4j-log4j12-1.6.6.jar
7fcdd8167000-7fcdd8169000 r--s 00005000 08:02 8391930                    /home/nwhitehead/.m2/repository/org/slf4j/slf4j-api/1.6.6/slf4j-api-1.6.6.jar
7fcdd8169000-7fcdd817e000 r--s 000fc000 08:02 30802879                   /home/nwhitehead/.m2/repository/io/netty/netty/3.5.1.Final/netty-3.5.1.Final.jar
7fcdd817e000-7fcdd8187000 r--s 0006d000 08:02 30278826                   /home/nwhitehead/.m2/repository/log4j/log4j/1.2.16/log4j-1.2.16.jar
7fcdd8187000-7fcdd818d000 r--s 00034000 08:02 29493006                   /home/nwhitehead/.m2/repository/junit/junit/4.8.2/junit-4.8.2.jar
7fcdd818d000-7fcdd81a2000 r--s 000f9000 08:02 33035637                   /home/nwhitehead/.m2/repository/com/sun/xml/bind/jaxb-impl/2.2.5/jaxb-impl-2.2.5.jar
7fcdd81a2000-7fcdd81a4000 r--s 0000d000 08:02 29624438                   /home/nwhitehead/.m2/repository/commons-logging/commons-logging/1.1.1/commons-logging-1.1.1.jar
7fcdd81a4000-7fcdd81a7000 r--s 00012000 08:02 8789170                    /home/nwhitehead/.m2/repository/org/apache/camel/camel-test-spring/2.10.0/camel-test-spring-2.10.0.jar
7fcdd81a7000-7fcdd81a9000 r--s 0000c000 08:02 8522586                    /home/nwhitehead/.m2/repository/org/apache/camel/camel-test/2.10.0/camel-test-2.10.0.jar
7fcdd81a9000-7fcdd81ae000 r--s 00033000 08:02 8654876                    /home/nwhitehead/.m2/repository/org/apache/camel/camel-spring/2.10.0/camel-spring-2.10.0.jar
7fcdd81ae000-7fcdd81b0000 r--s 0000e000 08:02 8522551                    /home/nwhitehead/.m2/repository/org/apache/camel/camel-netty/2.10.0/camel-netty-2.10.0.jar
7fcdd81b0000-7fcdd81d9000 r--s 001f1000 08:02 8391906                    /home/nwhitehead/.m2/repository/org/apache/camel/camel-core/2.10.0/camel-core-2.10.0.jar
7fcdd81d9000-7fcdd81db000 r--s 00000000 08:02 31854785                   /home/nwhitehead/.m2/repository/aopalliance/aopalliance/1.0/aopalliance-1.0.jar
7fcdd81db000-7fcdd81dc000 ---p 00000000 00:00 0 
7fcdd81dc000-7fcdd82dc000 rw-p 00000000 00:00 0 
7fcdd82dc000-7fcdd82df000 ---p 00000000 00:00 0 
7fcdd82df000-7fcdd83dd000 rw-p 00000000 00:00 0 
7fcdd83dd000-7fcdd83e0000 ---p 00000000 00:00 0 
7fcdd83e0000-7fcdd84de000 rw-p 00000000 00:00 0 
7fcdd84de000-7fcdd84e1000 ---p 00000000 00:00 0 
7fcdd84e1000-7fcdd85df000 rw-p 00000000 00:00 0 
7fcdd85df000-7fcdd85e2000 ---p 00000000 00:00 0 
7fcdd85e2000-7fcdd86e0000 rw-p 00000000 00:00 0 
7fcdd86e0000-7fcdd8dc3000 r--p 00000000 08:02 30808157                   /usr/lib/locale/locale-archive
7fcdd8dc3000-7fcdd8dc6000 ---p 00000000 00:00 0 
7fcdd8dc6000-7fcdd8ec4000 rw-p 00000000 00:00 0 
7fcdd8ec4000-7fcdd8ec7000 ---p 00000000 00:00 0 
7fcdd8ec7000-7fcdd8fc5000 rw-p 00000000 00:00 0 
7fcdd8fc5000-7fcdd8fc6000 ---p 00000000 00:00 0 
7fcdd8fc6000-7fcddad7b000 rw-p 00000000 00:00 0 
7fcddad7b000-7fcddaf3b000 r--s 03a2e000 08:02 30279738                   /usr/lib/jvm/jdk1.7.0_04/jre/lib/rt.jar
7fcddaf3b000-7fcde4eff000 rw-p 00000000 00:00 0 
7fcde4eff000-7fcde4f00000 ---p 00000000 00:00 0 
7fcde4f00000-7fcde5000000 rw-p 00000000 00:00 0 
7fcde5000000-7fcde5270000 rwxp 00000000 00:00 0 
7fcde5270000-7fcde880b000 rw-p 00000000 00:00 0 
7fcde880b000-7fcdec000000 ---p 00000000 00:00 0 
7fcdec015000-7fcdec06e000 rw-p 00000000 00:00 0 
7fcdec06e000-7fcdec06f000 ---p 00000000 00:00 0 
7fcdec06f000-7fcdec16f000 rw-p 00000000 00:00 0 
7fcdec16f000-7fcdec170000 ---p 00000000 00:00 0 
7fcdec170000-7fcdec270000 rw-p 00000000 00:00 0 
7fcdec270000-7fcdec271000 ---p 00000000 00:00 0 
7fcdec271000-7fcdec371000 rw-p 00000000 00:00 0 
7fcdec371000-7fcdec372000 ---p 00000000 00:00 0 
7fcdec372000-7fcdec472000 rw-p 00000000 00:00 0 
7fcdec472000-7fcdec473000 ---p 00000000 00:00 0 
7fcdec473000-7fcdec573000 rw-p 00000000 00:00 0 
7fcdec573000-7fcdec574000 ---p 00000000 00:00 0 
7fcdec574000-7fcdec674000 rw-p 00000000 00:00 0 
7fcdec674000-7fcdec675000 ---p 00000000 00:00 0 
7fcdec675000-7fcdec780000 rw-p 00000000 00:00 0 
7fcdec780000-7fcdec79e000 rw-p 00000000 00:00 0 
7fcdec79e000-7fcdec7f2000 rw-p 00000000 00:00 0 
7fcdec7f2000-7fcdeccd6000 rw-p 00000000 00:00 0 
7fcdeccd6000-7fcdecce1000 rw-p 00000000 00:00 0 
7fcdecce1000-7fcdeccff000 rw-p 00000000 00:00 0 
7fcdeccff000-7fcdecd53000 rw-p 00000000 00:00 0 
7fcdecd53000-7fcded237000 rw-p 00000000 00:00 0 
7fcded237000-7fcded261000 rw-p 00000000 00:00 0 
7fcded261000-7fcded4d3000 rw-p 00000000 00:00 0 
7fcded4d3000-7fcded4d4000 rw-p 00000000 00:00 0 
7fcded4d4000-7fcded4ee000 r-xp 00000000 08:02 34741776                   /usr/lib/jvm/jdk1.7.0_04/jre/lib/amd64/libzip.so
7fcded4ee000-7fcded6ee000 ---p 0001a000 08:02 34741776                   /usr/lib/jvm/jdk1.7.0_04/jre/lib/amd64/libzip.so
7fcded6ee000-7fcded6ef000 rw-p 0001a000 08:02 34741776                   /usr/lib/jvm/jdk1.7.0_04/jre/lib/amd64/libzip.so
7fcded6ef000-7fcded6fb000 r-xp 00000000 08:02 6291680                    /lib/x86_64-linux-gnu/libnss_files-2.15.so
7fcded6fb000-7fcded8fa000 ---p 0000c000 08:02 6291680                    /lib/x86_64-linux-gnu/libnss_files-2.15.so
7fcded8fa000-7fcded8fb000 r--p 0000b000 08:02 6291680                    /lib/x86_64-linux-gnu/libnss_files-2.15.so
7fcded8fb000-7fcded8fc000 rw-p 0000c000 08:02 6291680                    /lib/x86_64-linux-gnu/libnss_files-2.15.so
7fcded8fc000-7fcded906000 r-xp 00000000 08:02 6291676                    /lib/x86_64-linux-gnu/libnss_nis-2.15.so
7fcded906000-7fcdedb06000 ---p 0000a000 08:02 6291676                    /lib/x86_64-linux-gnu/libnss_nis-2.15.so
7fcdedb06000-7fcdedb07000 r--p 0000a000 08:02 6291676                    /lib/x86_64-linux-gnu/libnss_nis-2.15.so
7fcdedb07000-7fcdedb08000 rw-p 0000b000 08:02 6291676                    /lib/x86_64-linux-gnu/libnss_nis-2.15.so
7fcdedb08000-7fcdedb1f000 r-xp 00000000 08:02 6291689                    /lib/x86_64-linux-gnu/libnsl-2.15.so
7fcdedb1f000-7fcdedd1e000 ---p 00017000 08:02 6291689                    /lib/x86_64-linux-gnu/libnsl-2.15.so
7fcdedd1e000-7fcdedd1f000 r--p 00016000 08:02 6291689                    /lib/x86_64-linux-gnu/libnsl-2.15.so
7fcdedd1f000-7fcdedd20000 rw-p 00017000 08:02 6291689                    /lib/x86_64-linux-gnu/libnsl-2.15.so
7fcdedd20000-7fcdedd22000 rw-p 00000000 00:00 0 
7fcdedd22000-7fcdedd2a000 r-xp 00000000 08:02 6291681                    /lib/x86_64-linux-gnu/libnss_compat-2.15.so
7fcdedd2a000-7fcdedf29000 ---p 00008000 08:02 6291681                    /lib/x86_64-linux-gnu/libnss_compat-2.15.so
7fcdedf29000-7fcdedf2a000 r--p 00007000 08:02 6291681                    /lib/x86_64-linux-gnu/libnss_compat-2.15.so
7fcdedf2a000-7fcdedf2b000 rw-p 00008000 08:02 6291681                    /lib/x86_64-linux-gnu/libnss_compat-2.15.so
7fcdedf2b000-7fcdedf54000 r-xp 00000000 08:02 34741764                   /usr/lib/jvm/jdk1.7.0_04/jre/lib/amd64/libjava.so
7fcdedf54000-7fcdee154000 ---p 00029000 08:02 34741764                   /usr/lib/jvm/jdk1.7.0_04/jre/lib/amd64/libjava.so
7fcdee154000-7fcdee156000 rw-p 00029000 08:02 34741764                   /usr/lib/jvm/jdk1.7.0_04/jre/lib/amd64/libjava.so
7fcdee156000-7fcdee165000 r-xp 00000000 08:02 34741762                   /usr/lib/jvm/jdk1.7.0_04/jre/lib/amd64/libverify.so
7fcdee165000-7fcdee364000 ---p 0000f000 08:02 34741762                   /usr/lib/jvm/jdk1.7.0_04/jre/lib/amd64/libverify.so
7fcdee364000-7fcdee366000 rw-p 0000e000 08:02 34741762                   /usr/lib/jvm/jdk1.7.0_04/jre/lib/amd64/libverify.so
7fcdee366000-7fcdee36d000 r-xp 00000000 08:02 6291674                    /lib/x86_64-linux-gnu/librt-2.15.so
7fcdee36d000-7fcdee56c000 ---p 00007000 08:02 6291674                    /lib/x86_64-linux-gnu/librt-2.15.so
7fcdee56c000-7fcdee56d000 r--p 00006000 08:02 6291674                    /lib/x86_64-linux-gnu/librt-2.15.so
7fcdee56d000-7fcdee56e000 rw-p 00007000 08:02 6291674                    /lib/x86_64-linux-gnu/librt-2.15.so
7fcdee56e000-7fcdee669000 r-xp 00000000 08:02 6291678                    /lib/x86_64-linux-gnu/libm-2.15.so
7fcdee669000-7fcdee868000 ---p 000fb000 08:02 6291678                    /lib/x86_64-linux-gnu/libm-2.15.so
7fcdee868000-7fcdee869000 r--p 000fa000 08:02 6291678                    /lib/x86_64-linux-gnu/libm-2.15.so
7fcdee869000-7fcdee86a000 rw-p 000fb000 08:02 6291678                    /lib/x86_64-linux-gnu/libm-2.15.so
7fcdee86a000-7fcdef2ab000 r-xp 00000000 08:02 34741769                   /usr/lib/jvm/jdk1.7.0_04/jre/lib/amd64/server/libjvm.so
7fcdef2ab000-7fcdef4aa000 ---p 00a41000 08:02 34741769                   /usr/lib/jvm/jdk1.7.0_04/jre/lib/amd64/server/libjvm.so
7fcdef4aa000-7fcdef54e000 rw-p 00a40000 08:02 34741769                   /usr/lib/jvm/jdk1.7.0_04/jre/lib/amd64/server/libjvm.so
7fcdef54e000-7fcdef589000 rw-p 00000000 00:00 0 
7fcdef589000-7fcdef73b000 r-xp 00000000 08:02 6291670                    /lib/x86_64-linux-gnu/libc-2.15.so
7fcdef73b000-7fcdef93b000 ---p 001b2000 08:02 6291670                    /lib/x86_64-linux-gnu/libc-2.15.so
7fcdef93b000-7fcdef93f000 r--p 001b2000 08:02 6291670                    /lib/x86_64-linux-gnu/libc-2.15.so
7fcdef93f000-7fcdef941000 rw-p 001b6000 08:02 6291670                    /lib/x86_64-linux-gnu/libc-2.15.so
7fcdef941000-7fcdef946000 rw-p 00000000 00:00 0 
7fcdef946000-7fcdef948000 r-xp 00000000 08:02 6291669                    /lib/x86_64-linux-gnu/libdl-2.15.so
7fcdef948000-7fcdefb48000 ---p 00002000 08:02 6291669                    /lib/x86_64-linux-gnu/libdl-2.15.so
7fcdefb48000-7fcdefb49000 r--p 00002000 08:02 6291669                    /lib/x86_64-linux-gnu/libdl-2.15.so
7fcdefb49000-7fcdefb4a000 rw-p 00003000 08:02 6291669                    /lib/x86_64-linux-gnu/libdl-2.15.so
7fcdefb4a000-7fcdefb60000 r-xp 00000000 08:02 34741744                   /usr/lib/jvm/jdk1.7.0_04/jre/lib/amd64/jli/libjli.so
7fcdefb60000-7fcdefd5f000 ---p 00016000 08:02 34741744                   /usr/lib/jvm/jdk1.7.0_04/jre/lib/amd64/jli/libjli.so
7fcdefd5f000-7fcdefd60000 rw-p 00015000 08:02 34741744                   /usr/lib/jvm/jdk1.7.0_04/jre/lib/amd64/jli/libjli.so
7fcdefd60000-7fcdefd78000 r-xp 00000000 08:02 6291672                    /lib/x86_64-linux-gnu/libpthread-2.15.so
7fcdefd78000-7fcdeff77000 ---p 00018000 08:02 6291672                    /lib/x86_64-linux-gnu/libpthread-2.15.so
7fcdeff77000-7fcdeff78000 r--p 00017000 08:02 6291672                    /lib/x86_64-linux-gnu/libpthread-2.15.so
7fcdeff78000-7fcdeff79000 rw-p 00018000 08:02 6291672                    /lib/x86_64-linux-gnu/libpthread-2.15.so
7fcdeff79000-7fcdeff7d000 rw-p 00000000 00:00 0 
7fcdeff7d000-7fcdeff9f000 r-xp 00000000 08:02 6291684                    /lib/x86_64-linux-gnu/ld-2.15.so
7fcdeffb9000-7fcdeffc3000 rw-p 00000000 00:00 0 
7fcdeffc3000-7fcdf0079000 rw-p 00000000 00:00 0 
7fcdf0079000-7fcdf007c000 ---p 00000000 00:00 0 
7fcdf007c000-7fcdf017e000 rw-p 00000000 00:00 0 
7fcdf0192000-7fcdf0193000 rw-p 00000000 00:00 0 
7fcdf0193000-7fcdf019b000 rw-s 00000000 08:02 7471123                    /tmp/hsperfdata_nwhitehead/32434
7fcdf019b000-7fcdf019c000 rw-p 00000000 00:00 0 
7fcdf019c000-7fcdf019d000 r--p 00000000 00:00 0 
7fcdf019d000-7fcdf019f000 rw-p 00000000 00:00 0 
7fcdf019f000-7fcdf01a0000 r--p 00022000 08:02 6291684                    /lib/x86_64-linux-gnu/ld-2.15.so
7fcdf01a0000-7fcdf01a2000 rw-p 00023000 08:02 6291684                    /lib/x86_64-linux-gnu/ld-2.15.so
7fff4a6ca000-7fff4a6eb000 rw-p 00000000 00:00 0                          [stack]
7fff4a7d3000-7fff4a7d4000 r-xp 00000000 00:00 0                          [vdso]
ffffffffff600000-ffffffffff601000 r-xp 00000000 00:00 0                  [vsyscall]

VM Arguments:
jvm_args: -Dfile.encoding=UTF-8 
java_command: org.helios.apmrouter.Boot
Launcher Type: SUN_STANDARD

Environment Variables:
PATH=/home/nwhitehead/bin:/usr/lib/lightdm/lightdm:/usr/local/sbin:/usr/local/bin:/usr/sbin:/usr/bin:/sbin:/bin:/usr/games
SHELL=/bin/bash
DISPLAY=:0

Signal Handlers:
SIGSEGV: [libjvm.so+0x8a0cb0], sa_mask[0]=0x7ffbfeff, sa_flags=0x10000004
SIGBUS: [libjvm.so+0x8a0cb0], sa_mask[0]=0x7ffbfeff, sa_flags=0x10000004
SIGFPE: [libjvm.so+0x73d630], sa_mask[0]=0x7ffbfeff, sa_flags=0x10000004
SIGPIPE: [libjvm.so+0x73d630], sa_mask[0]=0x7ffbfeff, sa_flags=0x10000004
SIGXFSZ: [libjvm.so+0x73d630], sa_mask[0]=0x7ffbfeff, sa_flags=0x10000004
SIGILL: [libjvm.so+0x73d630], sa_mask[0]=0x7ffbfeff, sa_flags=0x10000004
SIGUSR1: SIG_DFL, sa_mask[0]=0x00000000, sa_flags=0x00000000
SIGUSR2: [libjvm.so+0x73cf80], sa_mask[0]=0x00000004, sa_flags=0x10000004
SIGHUP: [libjvm.so+0x73f310], sa_mask[0]=0x7ffbfeff, sa_flags=0x10000004
SIGINT: [libjvm.so+0x73f310], sa_mask[0]=0x7ffbfeff, sa_flags=0x10000004
SIGTERM: [libjvm.so+0x73f310], sa_mask[0]=0x7ffbfeff, sa_flags=0x10000004
SIGQUIT: [libjvm.so+0x73f310], sa_mask[0]=0x7ffbfeff, sa_flags=0x10000004


---------------  S Y S T E M  ---------------

OS:wheezy/sid

uname:Linux 3.2.0-30-generic #48-Ubuntu SMP Fri Aug 24 16:52:48 UTC 2012 x86_64
libc:glibc 2.15 NPTL 2.15 
rlimit: STACK 8192k, CORE 0k, NPROC 128088, NOFILE 4096, AS infinity
load average:2.31 1.79 0.97

/proc/meminfo:
MemTotal:       16412920 kB
MemFree:         6788532 kB
Buffers:          860112 kB
Cached:          3872176 kB
SwapCached:            0 kB
Active:          5938964 kB
Inactive:        2718764 kB
Active(anon):    3927168 kB
Inactive(anon):    32920 kB
Active(file):    2011796 kB
Inactive(file):  2685844 kB
Unevictable:        1776 kB
Mlocked:            1776 kB
SwapTotal:      31249404 kB
SwapFree:       31249404 kB
Dirty:              4420 kB
Writeback:             0 kB
AnonPages:       3927632 kB
Mapped:           342576 kB
Shmem:             34652 kB
Slab:             621124 kB
SReclaimable:     567828 kB
SUnreclaim:        53296 kB
KernelStack:        7432 kB
PageTables:        57596 kB
NFS_Unstable:          0 kB
Bounce:                0 kB
WritebackTmp:          0 kB
CommitLimit:    39455864 kB
Committed_AS:    9646572 kB
VmallocTotal:   34359738367 kB
VmallocUsed:      157060 kB
VmallocChunk:   34359573748 kB
HardwareCorrupted:     0 kB
AnonHugePages:         0 kB
HugePages_Total:       0
HugePages_Free:        0
HugePages_Rsvd:        0
HugePages_Surp:        0
Hugepagesize:       2048 kB
DirectMap4k:      255772 kB
DirectMap2M:    16500736 kB


CPU:total 8 (4 cores per cpu, 2 threads per core) family 6 model 42 stepping 7, cmov, cx8, fxsr, mmx, sse, sse2, sse3, ssse3, sse4.1, sse4.2, popcnt, avx, ht, tsc, tscinvbit

/proc/cpuinfo:
processor	: 0
vendor_id	: GenuineIntel
cpu family	: 6
model		: 42
model name	: Intel(R) Core(TM) i7-2860QM CPU @ 2.50GHz
stepping	: 7
microcode	: 0x1b
cpu MHz		: 2501.000
cache size	: 8192 KB
physical id	: 0
siblings	: 8
core id		: 0
cpu cores	: 4
apicid		: 0
initial apicid	: 0
fpu		: yes
fpu_exception	: yes
cpuid level	: 13
wp		: yes
flags		: fpu vme de pse tsc msr pae mce cx8 apic sep mtrr pge mca cmov pat pse36 clflush dts acpi mmx fxsr sse sse2 ss ht tm pbe syscall nx rdtscp lm constant_tsc arch_perfmon pebs bts rep_good nopl xtopology nonstop_tsc aperfmperf pni pclmulqdq dtes64 monitor ds_cpl vmx smx est tm2 ssse3 cx16 xtpr pdcm pcid sse4_1 sse4_2 x2apic popcnt tsc_deadline_timer aes xsave avx lahf_lm ida arat epb xsaveopt pln pts dtherm tpr_shadow vnmi flexpriority ept vpid
bogomips	: 4989.01
clflush size	: 64
cache_alignment	: 64
address sizes	: 36 bits physical, 48 bits virtual
power management:

processor	: 1
vendor_id	: GenuineIntel
cpu family	: 6
model		: 42
model name	: Intel(R) Core(TM) i7-2860QM CPU @ 2.50GHz
stepping	: 7
microcode	: 0x1b
cpu MHz		: 2501.000
cache size	: 8192 KB
physical id	: 0
siblings	: 8
core id		: 1
cpu cores	: 4
apicid		: 2
initial apicid	: 2
fpu		: yes
fpu_exception	: yes
cpuid level	: 13
wp		: yes
flags		: fpu vme de pse tsc msr pae mce cx8 apic sep mtrr pge mca cmov pat pse36 clflush dts acpi mmx fxsr sse sse2 ss ht tm pbe syscall nx rdtscp lm constant_tsc arch_perfmon pebs bts rep_good nopl xtopology nonstop_tsc aperfmperf pni pclmulqdq dtes64 monitor ds_cpl vmx smx est tm2 ssse3 cx16 xtpr pdcm pcid sse4_1 sse4_2 x2apic popcnt tsc_deadline_timer aes xsave avx lahf_lm ida arat epb xsaveopt pln pts dtherm tpr_shadow vnmi flexpriority ept vpid
bogomips	: 4988.44
clflush size	: 64
cache_alignment	: 64
address sizes	: 36 bits physical, 48 bits virtual
power management:

processor	: 2
vendor_id	: GenuineIntel
cpu family	: 6
model		: 42
model name	: Intel(R) Core(TM) i7-2860QM CPU @ 2.50GHz
stepping	: 7
microcode	: 0x1b
cpu MHz		: 2501.000
cache size	: 8192 KB
physical id	: 0
siblings	: 8
core id		: 2
cpu cores	: 4
apicid		: 4
initial apicid	: 4
fpu		: yes
fpu_exception	: yes
cpuid level	: 13
wp		: yes
flags		: fpu vme de pse tsc msr pae mce cx8 apic sep mtrr pge mca cmov pat pse36 clflush dts acpi mmx fxsr sse sse2 ss ht tm pbe syscall nx rdtscp lm constant_tsc arch_perfmon pebs bts rep_good nopl xtopology nonstop_tsc aperfmperf pni pclmulqdq dtes64 monitor ds_cpl vmx smx est tm2 ssse3 cx16 xtpr pdcm pcid sse4_1 sse4_2 x2apic popcnt tsc_deadline_timer aes xsave avx lahf_lm ida arat epb xsaveopt pln pts dtherm tpr_shadow vnmi flexpriority ept vpid
bogomips	: 4988.44
clflush size	: 64
cache_alignment	: 64
address sizes	: 36 bits physical, 48 bits virtual
power management:

processor	: 3
vendor_id	: GenuineIntel
cpu family	: 6
model		: 42
model name	: Intel(R) Core(TM) i7-2860QM CPU @ 2.50GHz
stepping	: 7
microcode	: 0x1b
cpu MHz		: 2501.000
cache size	: 8192 KB
physical id	: 0
siblings	: 8
core id		: 3
cpu cores	: 4
apicid		: 6
initial apicid	: 6
fpu		: yes
fpu_exception	: yes
cpuid level	: 13
wp		: yes
flags		: fpu vme de pse tsc msr pae mce cx8 apic sep mtrr pge mca cmov pat pse36 clflush dts acpi mmx fxsr sse sse2 ss ht tm pbe syscall nx rdtscp lm constant_tsc arch_perfmon pebs bts rep_good nopl xtopology nonstop_tsc aperfmperf pni pclmulqdq dtes64 monitor ds_cpl vmx smx est tm2 ssse3 cx16 xtpr pdcm pcid sse4_1 sse4_2 x2apic popcnt tsc_deadline_timer aes xsave avx lahf_lm ida arat epb xsaveopt pln pts dtherm tpr_shadow vnmi flexpriority ept vpid
bogomips	: 4988.44
clflush size	: 64
cache_alignment	: 64
address sizes	: 36 bits physical, 48 bits virtual
power management:

processor	: 4
vendor_id	: GenuineIntel
cpu family	: 6
model		: 42
model name	: Intel(R) Core(TM) i7-2860QM CPU @ 2.50GHz
stepping	: 7
microcode	: 0x1b
cpu MHz		: 2501.000
cache size	: 8192 KB
physical id	: 0
siblings	: 8
core id		: 0
cpu cores	: 4
apicid		: 1
initial apicid	: 1
fpu		: yes
fpu_exception	: yes
cpuid level	: 13
wp		: yes
flags		: fpu vme de pse tsc msr pae mce cx8 apic sep mtrr pge mca cmov pat pse36 clflush dts acpi mmx fxsr sse sse2 ss ht tm pbe syscall nx rdtscp lm constant_tsc arch_perfmon pebs bts rep_good nopl xtopology nonstop_tsc aperfmperf pni pclmulqdq dtes64 monitor ds_cpl vmx smx est tm2 ssse3 cx16 xtpr pdcm pcid sse4_1 sse4_2 x2apic popcnt tsc_deadline_timer aes xsave avx lahf_lm ida arat epb xsaveopt pln pts dtherm tpr_shadow vnmi flexpriority ept vpid
bogomips	: 4988.44
clflush size	: 64
cache_alignment	: 64
address sizes	: 36 bits physical, 48 bits virtual
power management:

processor	: 5
vendor_id	: GenuineIntel
cpu family	: 6
model		: 42
model name	: Intel(R) Core(TM) i7-2860QM CPU @ 2.50GHz
stepping	: 7
microcode	: 0x1b
cpu MHz		: 2501.000
cache size	: 8192 KB
physical id	: 0
siblings	: 8
core id		: 1
cpu cores	: 4
apicid		: 3
initial apicid	: 3
fpu		: yes
fpu_exception	: yes
cpuid level	: 13
wp		: yes
flags		: fpu vme de pse tsc msr pae mce cx8 apic sep mtrr pge mca cmov pat pse36 clflush dts acpi mmx fxsr sse sse2 ss ht tm pbe syscall nx rdtscp lm constant_tsc arch_perfmon pebs bts rep_good nopl xtopology nonstop_tsc aperfmperf pni pclmulqdq dtes64 monitor ds_cpl vmx smx est tm2 ssse3 cx16 xtpr pdcm pcid sse4_1 sse4_2 x2apic popcnt tsc_deadline_timer aes xsave avx lahf_lm ida arat epb xsaveopt pln pts dtherm tpr_shadow vnmi flexpriority ept vpid
bogomips	: 4988.44
clflush size	: 64
cache_alignment	: 64
address sizes	: 36 bits physical, 48 bits virtual
power management:

processor	: 6
vendor_id	: GenuineIntel
cpu family	: 6
model		: 42
model name	: Intel(R) Core(TM) i7-2860QM CPU @ 2.50GHz
stepping	: 7
microcode	: 0x1b
cpu MHz		: 2501.000
cache size	: 8192 KB
physical id	: 0
siblings	: 8
core id		: 2
cpu cores	: 4
apicid		: 5
initial apicid	: 5
fpu		: yes
fpu_exception	: yes
cpuid level	: 13
wp		: yes
flags		: fpu vme de pse tsc msr pae mce cx8 apic sep mtrr pge mca cmov pat pse36 clflush dts acpi mmx fxsr sse sse2 ss ht tm pbe syscall nx rdtscp lm constant_tsc arch_perfmon pebs bts rep_good nopl xtopology nonstop_tsc aperfmperf pni pclmulqdq dtes64 monitor ds_cpl vmx smx est tm2 ssse3 cx16 xtpr pdcm pcid sse4_1 sse4_2 x2apic popcnt tsc_deadline_timer aes xsave avx lahf_lm ida arat epb xsaveopt pln pts dtherm tpr_shadow vnmi flexpriority ept vpid
bogomips	: 4988.44
clflush size	: 64
cache_alignment	: 64
address sizes	: 36 bits physical, 48 bits virtual
power management:

processor	: 7
vendor_id	: GenuineIntel
cpu family	: 6
model		: 42
model name	: Intel(R) Core(TM) i7-2860QM CPU @ 2.50GHz
stepping	: 7
microcode	: 0x1b
cpu MHz		: 2501.000
cache size	: 8192 KB
physical id	: 0
siblings	: 8
core id		: 3
cpu cores	: 4
apicid		: 7
initial apicid	: 7
fpu		: yes
fpu_exception	: yes
cpuid level	: 13
wp		: yes
flags		: fpu vme de pse tsc msr pae mce cx8 apic sep mtrr pge mca cmov pat pse36 clflush dts acpi mmx fxsr sse sse2 ss ht tm pbe syscall nx rdtscp lm constant_tsc arch_perfmon pebs bts rep_good nopl xtopology nonstop_tsc aperfmperf pni pclmulqdq dtes64 monitor ds_cpl vmx smx est tm2 ssse3 cx16 xtpr pdcm pcid sse4_1 sse4_2 x2apic popcnt tsc_deadline_timer aes xsave avx lahf_lm ida arat epb xsaveopt pln pts dtherm tpr_shadow vnmi flexpriority ept vpid
bogomips	: 4988.44
clflush size	: 64
cache_alignment	: 64
address sizes	: 36 bits physical, 48 bits virtual
power management:



Memory: 4k page, physical 16412920k(6788532k free), swap 31249404k(31249404k free)

vm_info: Java HotSpot(TM) 64-Bit Server VM (23.0-b21) for linux-amd64 JRE (1.7.0_04-b20), built on Apr 12 2012 01:59:40 by "java_re" with gcc 4.3.0 20080428 (Red Hat 4.3.0-8)

time: Sun Sep 16 17:33:56 2012
elapsed time: 4 seconds

