#
# A fatal error has been detected by the Java Runtime Environment:
#
#  SIGSEGV (0xb) at pc=0x00007f952c835d5f, pid=21394, tid=140278615230208
#
# JRE version: 7.0_04-b20
# Java VM: Java HotSpot(TM) 64-Bit Server VM (23.0-b21 mixed mode linux-amd64 compressed oops)
# Problematic frame:
# V  [libjvm.so+0x79fd5f]  oopDesc* PSPromotionManager::copy_to_survivor_space<false>(oopDesc*)+0x12f
#
# Failed to write core dump. Core dumps have been disabled. To enable core dumping, try "ulimit -c unlimited" before starting Java again
#
# If you would like to submit a bug report, please visit:
#   http://bugreport.sun.com/bugreport/crash.jsp
#

---------------  T H R E A D  ---------------

Current thread (0x00007f9524023000):  GCTaskThread [stack: 0x00007f9528f7c000,0x00007f952907d000] [id=21405]

siginfo:si_signo=SIGSEGV: si_errno=0, si_code=1 (SEGV_MAPERR), si_addr=0x0000000000000020

Registers:
RAX=0x00007f952cd666d0, RBX=0x00007f950a4e2e28, RCX=0x0000000000000003, RDX=0x0000000000000008
RSP=0x00007f952907b560, RBP=0x00007f952907b5d0, RSI=0x00000007b56945f0, RDI=0x0000000000000018
R8 =0x0000000000000001, R9 =0x00007f952cd81248, R10=0x000000070a5b1a90, R11=0x00007f952c8388d0
R12=0x00000007b56945f0, R13=0x0000000000000000, R14=0x00007f952907ba70, R15=0x00007f950a4e2e18
RIP=0x00007f952c835d5f, EFLAGS=0x0000000000010202, CSGSFS=0x0000000000000033, ERR=0x0000000000000004
  TRAPNO=0x000000000000000e

Top of Stack: (sp=0x00007f952907b560)
0x00007f952907b560:   00007f94d8000d00 0000000000000003
0x00007f952907b570:   0000000000000008 00007f952409c7d0
0x00007f952907b580:   00007f952907b5d0 00007f952c7ccb37
0x00007f952907b590:   00007f952907b660 00000007d8000d08
0x00007f952907b5a0:   00007f952907b648 00007f950a4e2e28
0x00007f952907b5b0:   00007f952907b600 00007f950a4e2e40
0x00007f952907b5c0:   00007f952907ba70 00007f950a4e2e18
0x00007f952907b5d0:   00007f952907b5f0 00007f952c83890d
0x00007f952907b5e0:   0000000000000006 0000000000000002
0x00007f952907b5f0:   00007f952907b660 00007f952c77c410
0x00007f952907b600:   00007f94d8007510 0000004900000037
0x00007f952907b610:   000000000000000c 00007f9524023490
0x00007f952907b620:   00007f952150495c 00007f94d8007511
0x00007f952907b630:   00000007028594c0 00007f952907b720
0x00007f952907b640:   0000000000000001 00007f952907b750
0x00007f952907b650:   00007f952907ba70 00007f952907ba50
0x00007f952907b660:   00007f952907b6d0 00007f952c51920e
0x00007f952907b670:   00007f952907ba70 0000000300000007
0x00007f952907b680:   00007f952907b6a0 00007f952c7a3ab9
0x00007f952907b690:   00007f9521004e90 00007f952907b6f0
0x00007f952907b6a0:   00007f952907b6d0 00007f952907b720
0x00007f952907b6b0:   00007f952907b750 00007f9524023000
0x00007f952907b6c0:   00007f952907ba70 00007f9438009000
0x00007f952907b6d0:   00007f952907ba40 00007f952c8f277a
0x00007f952907b6e0:   00007f952907b6f0 00007f952907ba50
0x00007f952907b6f0:   00007f950a4e2d98 00007f9521004ee1
0x00007f952907b700:   00007f9521004e90 00007f9500000000
0x00007f952907b710:   00007f950a4e2e08 00007f950a4e2dc0
0x00007f952907b720:   00007f950a4e2d98 00007f9521004ee1
0x00007f952907b730:   00007f9521004e90 00007f9500000000
0x00007f952907b740:   00007f950a4e2e08 00007f950a4e2dc0
0x00007f952907b750:   0000000000000001 0000000000000008 

Instructions: (pc=0x00007f952c835d5f)
0x00007f952c835d3f:   01 00 00 eb 78 0f 1f 40 00 48 8b 05 e1 a7 51 00
0x00007f952c835d4f:   8b 56 08 8b 48 08 48 d3 e2 48 03 10 48 8d 7a 10
0x00007f952c835d5f:   8b 77 08 83 fe 00 0f 8f 23 ff ff ff 0f 85 7f 03
0x00007f952c835d6f:   00 00 0f 1f 80 00 00 00 00 48 8b 07 4c 89 e6 4c 

Register to memory mapping:

RAX=0x00007f952cd666d0: <offset 0xcd06d0> in /usr/lib/jvm/jdk1.7.0_04/jre/lib/amd64/server/libjvm.so at 0x00007f952c096000
RBX=0x00007f950a4e2e28 is pointing into the stack for thread: 0x00007f9438009000
RCX=0x0000000000000003 is an unknown value
RDX=0x0000000000000008 is an unknown value
RSP=0x00007f952907b560 is an unknown value
RBP=0x00007f952907b5d0 is an unknown value
RSI=0x00000007b56945f0 is an unknown value
RDI=0x0000000000000018 is an unknown value
R8 =0x0000000000000001 is an unknown value
R9 =0x00007f952cd81248: <offset 0xceb248> in /usr/lib/jvm/jdk1.7.0_04/jre/lib/amd64/server/libjvm.so at 0x00007f952c096000
R10=0x000000070a5b1a90 is an oop
[B 
 - klass: {type array byte}
 - length: 2254
R11=0x00007f952c8388d0: <offset 0x7a28d0> in /usr/lib/jvm/jdk1.7.0_04/jre/lib/amd64/server/libjvm.so at 0x00007f952c096000
R12=0x00000007b56945f0 is an unknown value
R13=0x0000000000000000 is an unknown value
R14=0x00007f952907ba70 is an unknown value
R15=0x00007f950a4e2e18 is pointing into the stack for thread: 0x00007f9438009000


Stack: [0x00007f9528f7c000,0x00007f952907d000],  sp=0x00007f952907b560,  free space=1021k
Native frames: (J=compiled Java code, j=interpreted, Vv=VM code, C=native code)
V  [libjvm.so+0x79fd5f]  oopDesc* PSPromotionManager::copy_to_survivor_space<false>(oopDesc*)+0x12f
V  [libjvm.so+0x7a290d]  PSRootsClosure<false>::do_oop(oopDesc**)+0x3d
V  [libjvm.so+0x6e6410]  MethodHandles::ricochet_frame_oops_do(frame const&, OopClosure*, RegisterMap const*)+0x1d0
V  [libjvm.so+0x48320e]  frame::oops_do_internal(OopClosure*, CodeBlobClosure*, RegisterMap*, bool)+0x1ae
V  [libjvm.so+0x85c77a]  JavaThread::oops_do(OopClosure*, CodeBlobClosure*)+0x15a
V  [libjvm.so+0x7a2b65]  ThreadRootsTask::do_it(GCTaskManager*, unsigned int)+0x75
V  [libjvm.so+0x4b5080]  GCTaskThread::run()+0x130
V  [libjvm.so+0x741ff0]  java_start(Thread*)+0x100

JavaThread 0x00007f9438009000 (nid = 21655) was being processed
Java frames: (J=compiled Java code, j=interpreted, Vv=VM code)
j  java.lang.invoke.InvokeGeneric.dispatch(Ljava/lang/invoke/MethodType;Ljava/lang/invoke/MethodHandle;)Ljava/lang/invoke/MethodHandle;+0
v  ~RichochetBlob
j  org.helios.apmrouter.dataservice.json.JSONRequestHandlerImpl.processRequest(Lorg/helios/apmrouter/dataservice/json/JsonRequest;Lorg/jboss/netty/channel/Channel;)V+10
j  org.helios.apmrouter.dataservice.json.JSONRequestRouter.invoke(Lorg/json/JSONObject;Lorg/jboss/netty/channel/Channel;)V+50
j  org.helios.apmrouter.server.unification.pipeline.http.WebSocketServiceHandler.handleRequest(Lorg/jboss/netty/channel/ChannelHandlerContext;Lorg/jboss/netty/handler/codec/http/websocketx/WebSocketFrame;)V+234
j  org.helios.apmrouter.server.unification.pipeline.http.WebSocketServiceHandler.handleUpstream(Lorg/jboss/netty/channel/ChannelHandlerContext;Lorg/jboss/netty/channel/ChannelEvent;)V+53
j  org.jboss.netty.channel.DefaultChannelPipeline.sendUpstream(Lorg/jboss/netty/channel/DefaultChannelPipeline$DefaultChannelHandlerContext;Lorg/jboss/netty/channel/ChannelEvent;)V+9
j  org.jboss.netty.channel.DefaultChannelPipeline$DefaultChannelHandlerContext.sendUpstream(Lorg/jboss/netty/channel/ChannelEvent;)V+22
j  org.helios.apmrouter.server.unification.pipeline.http.HttpRequestRouter.handleUpstream(Lorg/jboss/netty/channel/ChannelHandlerContext;Lorg/jboss/netty/channel/ChannelEvent;)V+83
j  org.jboss.netty.channel.DefaultChannelPipeline.sendUpstream(Lorg/jboss/netty/channel/DefaultChannelPipeline$DefaultChannelHandlerContext;Lorg/jboss/netty/channel/ChannelEvent;)V+9
j  org.jboss.netty.channel.DefaultChannelPipeline$DefaultChannelHandlerContext.sendUpstream(Lorg/jboss/netty/channel/ChannelEvent;)V+22
j  org.jboss.netty.handler.stream.ChunkedWriteHandler.handleUpstream(Lorg/jboss/netty/channel/ChannelHandlerContext;Lorg/jboss/netty/channel/ChannelEvent;)V+84
j  org.jboss.netty.channel.DefaultChannelPipeline.sendUpstream(Lorg/jboss/netty/channel/DefaultChannelPipeline$DefaultChannelHandlerContext;Lorg/jboss/netty/channel/ChannelEvent;)V+9
j  org.jboss.netty.channel.DefaultChannelPipeline$DefaultChannelHandlerContext.sendUpstream(Lorg/jboss/netty/channel/ChannelEvent;)V+22
j  org.jboss.netty.channel.Channels.fireMessageReceived(Lorg/jboss/netty/channel/ChannelHandlerContext;Ljava/lang/Object;Ljava/net/SocketAddress;)V+16
j  org.jboss.netty.handler.codec.frame.FrameDecoder.unfoldAndFireMessageReceived(Lorg/jboss/netty/channel/ChannelHandlerContext;Ljava/net/SocketAddress;Ljava/lang/Object;)V+123
j  org.jboss.netty.handler.codec.replay.ReplayingDecoder.callDecode(Lorg/jboss/netty/channel/ChannelHandlerContext;Lorg/jboss/netty/channel/Channel;Lorg/jboss/netty/buffer/ChannelBuffer;Lorg/jboss/netty/buffer/ChannelBuffer;Ljava/net/SocketAddress;)V+176
j  org.jboss.netty.handler.codec.replay.ReplayingDecoder.messageReceived(Lorg/jboss/netty/channel/ChannelHandlerContext;Lorg/jboss/netty/channel/MessageEvent;)V+95
j  org.jboss.netty.channel.SimpleChannelUpstreamHandler.handleUpstream(Lorg/jboss/netty/channel/ChannelHandlerContext;Lorg/jboss/netty/channel/ChannelEvent;)V+13
j  org.jboss.netty.channel.DefaultChannelPipeline.sendUpstream(Lorg/jboss/netty/channel/DefaultChannelPipeline$DefaultChannelHandlerContext;Lorg/jboss/netty/channel/ChannelEvent;)V+9
j  org.jboss.netty.channel.DefaultChannelPipeline$DefaultChannelHandlerContext.sendUpstream(Lorg/jboss/netty/channel/ChannelEvent;)V+22
j  org.jboss.netty.handler.execution.ChannelUpstreamEventRunnable.doRun()V+8
j  org.jboss.netty.handler.execution.ChannelEventRunnable.run()V+11
j  org.jboss.netty.handler.execution.OrderedMemoryAwareThreadPoolExecutor$ChildExecutor.run()V+53
j  java.util.concurrent.ThreadPoolExecutor.runWorker(Ljava/util/concurrent/ThreadPoolExecutor$Worker;)V+46
j  java.util.concurrent.ThreadPoolExecutor$Worker.run()V+5
j  java.lang.Thread.run()V+11
v  ~StubRoutines::call_stub

---------------  P R O C E S S  ---------------

Java Threads: ( => current thread )
  0x00007f9438009000 JavaThread "pool-4-thread-13" [_thread_blocked, id=21655, stack(0x00007f950a3e4000,0x00007f950a4e5000)]
  0x00007f9474271800 JavaThread "qtp1069852093-107" daemon [_thread_blocked, id=21542, stack(0x00007f950aced000,0x00007f950adee000)]
  0x00007f947426f000 JavaThread "qtp1069852093-106" daemon [_thread_blocked, id=21541, stack(0x00007f950adee000,0x00007f950aeef000)]
  0x00007f947426d000 JavaThread "qtp1069852093-105" daemon [_thread_blocked, id=21540, stack(0x00007f950aeef000,0x00007f950aff0000)]
  0x00007f947426b000 JavaThread "qtp1069852093-104" daemon [_thread_blocked, id=21539, stack(0x00007f950aff0000,0x00007f950b0f1000)]
  0x00007f9474269000 JavaThread "qtp1069852093-103" daemon [_thread_blocked, id=21538, stack(0x00007f950b0f1000,0x00007f950b1f2000)]
  0x00007f9474267800 JavaThread "qtp1069852093-102" daemon [_thread_blocked, id=21537, stack(0x00007f950b1f2000,0x00007f950b2f3000)]
  0x00007f9474266000 JavaThread "qtp1069852093-101 Acceptor0 SelectChannelConnector@0.0.0.0:8161" daemon [_thread_blocked, id=21536, stack(0x00007f950b2f3000,0x00007f950b3f4000)]
  0x00007f9474263800 JavaThread "qtp1069852093-100 Acceptor1 SelectChannelConnector@0.0.0.0:8161" daemon [_thread_in_native, id=21535, stack(0x00007f950b3f4000,0x00007f950b4f5000)]
  0x00007f9474250800 JavaThread "qtp1069852093-99 Selector0" daemon [_thread_in_native, id=21534, stack(0x00007f950b4f5000,0x00007f950b5f6000)]
  0x00007f9474259000 JavaThread "qtp1069852093-98 Selector1" daemon [_thread_in_native, id=21533, stack(0x00007f950b5f6000,0x00007f950b6f7000)]
  0x00007f9474209800 JavaThread "HashSessionScavenger-1" daemon [_thread_blocked, id=21532, stack(0x00007f950b6f7000,0x00007f950b7f8000)]
  0x00007f94741cd000 JavaThread "HashSessionScavenger-0" daemon [_thread_blocked, id=21531, stack(0x00007f95103c5000,0x00007f95104c6000)]
  0x00007f947002c800 JavaThread "New I/O  worker #49" daemon [_thread_in_native, id=21530, stack(0x00007f95100c2000,0x00007f95101c3000)]
  0x00007f947002b800 JavaThread "New I/O server boss #2 ([id: 0x636d9613, /0:0:0:0:0:0:0:0:2113])" daemon [_thread_in_native, id=21529, stack(0x00007f95101c3000,0x00007f95102c4000)]
  0x00007f9440002000 JavaThread "TimeSizeFlushQueueSchedulerThread#2" daemon [_thread_blocked, id=21528, stack(0x00007f95102c4000,0x00007f95103c5000)]
  0x00007f9474013000 JavaThread "TimeoutQueueMapThread#4" daemon [_thread_blocked, id=21525, stack(0x00007f95105c7000,0x00007f95106c8000)]
  0x00007f9490033800 JavaThread "SpringHotDeployerWatchThread" daemon [_thread_blocked, id=21523, stack(0x00007f950bafb000,0x00007f950bbfc000)]
  0x00007f9490029000 JavaThread "Thread-4" daemon [_thread_in_native, id=21522, stack(0x00007f950b8f9000,0x00007f950b9fa000)]
  0x00007f9490002800 JavaThread "SpringHotDeployerProcessingThread" daemon [_thread_blocked, id=21521, stack(0x00007f950b9fa000,0x00007f950bafb000)]
  0x00007f95259ce800 JavaThread "H2 TCP Server (tcp://localhost:3083)" [_thread_in_native, id=21517, stack(0x00007f950bcfd000,0x00007f950bdfe000)]
  0x00007f95259d0800 JavaThread "H2 Console Server (http://localhost:3082)" [_thread_in_native, id=21515, stack(0x00007f950beff000,0x00007f950c000000)]
  0x00007f9525746000 JavaThread "TimeSizeFlushQueueSchedulerThread#1" daemon [_thread_blocked, id=21513, stack(0x00007f95106c8000,0x00007f95107c9000)]
  0x00007f9525743800 JavaThread "H2DestinationWorkersThread#1" daemon [_thread_blocked, id=21512, stack(0x00007f95107c9000,0x00007f95108ca000)]
  0x00007f9525741000 JavaThread "New I/O  worker #48" daemon [_thread_in_native, id=21511, stack(0x00007f95108ca000,0x00007f95109cb000)]
  0x00007f9525722000 JavaThread "New I/O  worker #47" daemon [_thread_in_native, id=21510, stack(0x00007f95109cb000,0x00007f9510acc000)]
  0x00007f9525703000 JavaThread "New I/O  worker #46" daemon [_thread_in_native, id=21509, stack(0x00007f9510acc000,0x00007f9510bcd000)]
  0x00007f95256e4000 JavaThread "New I/O  worker #45" daemon [_thread_in_native, id=21508, stack(0x00007f9510bcd000,0x00007f9510cce000)]
  0x00007f95256c5000 JavaThread "New I/O  worker #44" daemon [_thread_in_native, id=21507, stack(0x00007f9510cce000,0x00007f9510dcf000)]
  0x00007f95256a6000 JavaThread "New I/O  worker #43" daemon [_thread_in_native, id=21506, stack(0x00007f9510dcf000,0x00007f9510ed0000)]
  0x00007f9525687000 JavaThread "New I/O  worker #42" daemon [_thread_in_native, id=21505, stack(0x00007f9510ed0000,0x00007f9510fd1000)]
  0x00007f9525668000 JavaThread "New I/O  worker #41" daemon [_thread_in_native, id=21504, stack(0x00007f9510fd1000,0x00007f95110d2000)]
  0x00007f9525649000 JavaThread "New I/O  worker #40" daemon [_thread_in_native, id=21503, stack(0x00007f95110d2000,0x00007f95111d3000)]
  0x00007f952562a000 JavaThread "New I/O  worker #39" daemon [_thread_in_native, id=21502, stack(0x00007f95111d3000,0x00007f95112d4000)]
  0x00007f952560a800 JavaThread "New I/O  worker #38" daemon [_thread_in_native, id=21501, stack(0x00007f95112d4000,0x00007f95113d5000)]
  0x00007f95255eb800 JavaThread "New I/O  worker #37" daemon [_thread_in_native, id=21500, stack(0x00007f95113d5000,0x00007f95114d6000)]
  0x00007f95255cd800 JavaThread "New I/O  worker #36" daemon [_thread_in_native, id=21499, stack(0x00007f95114d6000,0x00007f95115d7000)]
  0x00007f9525555800 JavaThread "New I/O  worker #35" daemon [_thread_in_native, id=21498, stack(0x00007f95115d7000,0x00007f95116d8000)]
  0x00007f9525554000 JavaThread "New I/O  worker #34" daemon [_thread_in_native, id=21497, stack(0x00007f95116d8000,0x00007f95117d9000)]
  0x00007f9525552000 JavaThread "ProxyBossThread#1" daemon [_thread_blocked, id=21496, stack(0x00007f95117d9000,0x00007f95118da000)]
  0x00007f9525551800 JavaThread "New I/O  worker #33" daemon [_thread_in_native, id=21495, stack(0x00007f95118da000,0x00007f95119db000)]
  0x00007f952553e000 JavaThread "New I/O  worker #32" daemon [_thread_in_native, id=21490, stack(0x00007f95119db000,0x00007f9511adc000)]
  0x00007f952551f000 JavaThread "New I/O  worker #31" daemon [_thread_in_native, id=21489, stack(0x00007f9511adc000,0x00007f9511bdd000)]
  0x00007f9525500000 JavaThread "New I/O  worker #30" daemon [_thread_in_native, id=21488, stack(0x00007f9511bdd000,0x00007f9511cde000)]
  0x00007f95254e1000 JavaThread "New I/O  worker #29" daemon [_thread_in_native, id=21486, stack(0x00007f9511cde000,0x00007f9511ddf000)]
  0x00007f95254c1800 JavaThread "New I/O  worker #28" daemon [_thread_in_native, id=21485, stack(0x00007f9511ddf000,0x00007f9511ee0000)]
  0x00007f95254a2800 JavaThread "New I/O  worker #27" daemon [_thread_in_native, id=21483, stack(0x00007f9511ee0000,0x00007f9511fe1000)]
  0x00007f9525483800 JavaThread "New I/O  worker #26" daemon [_thread_in_native, id=21482, stack(0x00007f9511fe1000,0x00007f95120e2000)]
  0x00007f9525464800 JavaThread "New I/O  worker #25" daemon [_thread_in_native, id=21481, stack(0x00007f95120e2000,0x00007f95121e3000)]
  0x00007f9525445800 JavaThread "New I/O  worker #24" daemon [_thread_in_native, id=21480, stack(0x00007f95121e3000,0x00007f95122e4000)]
  0x00007f9525359800 JavaThread "New I/O  worker #23" daemon [_thread_in_native, id=21479, stack(0x00007f95122e4000,0x00007f95123e5000)]
  0x00007f9525358000 JavaThread "New I/O  worker #22" daemon [_thread_in_native, id=21478, stack(0x00007f95123e5000,0x00007f95124e6000)]
  0x00007f9525356800 JavaThread "New I/O  worker #21" daemon [_thread_in_native, id=21477, stack(0x00007f95124e6000,0x00007f95125e7000)]
  0x00007f9525355000 JavaThread "New I/O  worker #20" daemon [_thread_in_native, id=21476, stack(0x00007f95125e7000,0x00007f95126e8000)]
  0x00007f952534d000 JavaThread "New I/O  worker #19" daemon [_thread_in_native, id=21475, stack(0x00007f95126e8000,0x00007f95127e9000)]
  0x00007f952534c000 JavaThread "New I/O  worker #18" daemon [_thread_in_native, id=21474, stack(0x00007f95127e9000,0x00007f95128ea000)]
  0x00007f9525352000 JavaThread "New I/O server boss #1 ([id: 0xdd0b04e7, /0:0:0:0:0:0:0:0:8087])" daemon [_thread_in_native, id=21473, stack(0x00007f95128ea000,0x00007f95129eb000)]
  0x00007f9525349800 JavaThread "New I/O  worker #17" daemon [_thread_in_native, id=21472, stack(0x00007f95129eb000,0x00007f9512aec000)]
  0x00007f9524f4f000 JavaThread "PatternRouterWorkersThread#8" daemon [_thread_blocked, id=21469, stack(0x00007f9512aec000,0x00007f9512bed000)]
  0x00007f9524c87800 JavaThread "PatternRouterWorkersThread#7" daemon [_thread_blocked, id=21468, stack(0x00007f9512bed000,0x00007f9512cee000)]
  0x00007f9524c85800 JavaThread "PatternRouterWorkersThread#6" daemon [_thread_blocked, id=21467, stack(0x00007f9512cee000,0x00007f9512def000)]
  0x00007f9524c83800 JavaThread "PatternRouterWorkersThread#5" daemon [_thread_blocked, id=21466, stack(0x00007f9512def000,0x00007f9512ef0000)]
  0x00007f9524c81800 JavaThread "PatternRouterWorkersThread#4" daemon [_thread_blocked, id=21465, stack(0x00007f9512ef0000,0x00007f9512ff1000)]
  0x00007f9524c23800 JavaThread "PatternRouterWorkersThread#3" daemon [_thread_blocked, id=21464, stack(0x00007f9512ff1000,0x00007f95130f2000)]
  0x00007f9524c21800 JavaThread "PatternRouterWorkersThread#2" daemon [_thread_blocked, id=21463, stack(0x00007f95130f2000,0x00007f95131f3000)]
  0x00007f9524c20000 JavaThread "PatternRouterWorkersThread#1" daemon [_thread_blocked, id=21462, stack(0x00007f95131f3000,0x00007f95132f4000)]
  0x00007f9524c37000 JavaThread "MetricConflationThread#1" daemon [_thread_blocked, id=21461, stack(0x00007f95132f4000,0x00007f95133f5000)]
  0x00007f9524c2a000 JavaThread "TimeoutQueueMapThread#3" daemon [_thread_blocked, id=21460, stack(0x00007f95133f5000,0x00007f95134f6000)]
  0x00007f9524c1c000 JavaThread "TimeoutQueueMapThread#2" daemon [_thread_blocked, id=21459, stack(0x00007f95134f6000,0x00007f95135f7000)]
  0x00007f9524c19000 JavaThread "TimeoutQueueMapThread#1" daemon [_thread_blocked, id=21458, stack(0x00007f95135f7000,0x00007f95136f8000)]
  0x00007f9524be8800 JavaThread "New I/O  worker #1" daemon [_thread_blocked, id=21457, stack(0x00007f95136f8000,0x00007f95137f9000)]
  0x00007f948404c800 JavaThread "RMI RenewClean-[127.0.0.1:8002]" daemon [_thread_blocked, id=21455, stack(0x00007f95138fa000,0x00007f95139fb000)]
  0x00007f952489a000 JavaThread "RMI Scheduler(0)" daemon [_thread_blocked, id=21454, stack(0x00007f9513bfc000,0x00007f9513cfd000)]
  0x00007f9524143800 JavaThread "GC Daemon" daemon [_thread_blocked, id=21452, stack(0x00007f9513dfe000,0x00007f9513eff000)]
  0x00007f9524142000 JavaThread "RMI Reaper" [_thread_blocked, id=21451, stack(0x00007f9513eff000,0x00007f9514000000)]
  0x00007f9524140000 JavaThread "RMI TCP Accept-8002" daemon [_thread_in_native, id=21450, stack(0x00007f9518063000,0x00007f9518164000)]
  0x00007f9524115800 JavaThread "RMI TCP Accept-8005" daemon [_thread_in_native, id=21449, stack(0x00007f95182b8000,0x00007f95183b9000)]
  0x00007f9524ee0800 JavaThread "SpringEventPoolThread#1" daemon [_thread_blocked, id=21448, stack(0x00007f95183b9000,0x00007f95184ba000)]
  0x00007f9524e9e800 JavaThread "H2 Log Writer DB" daemon [_thread_blocked, id=21447, stack(0x00007f95184ba000,0x00007f95185bb000)]
  0x00007f94a0002000 JavaThread "SharedChannelGroupPingerThread#2" daemon [_thread_blocked, id=21436, stack(0x00007f95185bb000,0x00007f95186bc000)]
  0x00007f9524e78800 JavaThread "H2 File Lock Watchdog /home/nwhitehead/.apmrouter/h2/db.lock.db" daemon [_thread_blocked, id=21435, stack(0x00007f95186bc000,0x00007f95187bd000)]
  0x00007f9524c5c800 JavaThread "SharedChannelGroupPingerThread#1" daemon [_thread_blocked, id=21432, stack(0x00007f9518164000,0x00007f9518265000)]
  0x00007f95243fc800 JavaThread "FileWatchdog" daemon [_thread_blocked, id=21431, stack(0x00007f95189ca000,0x00007f9518acb000)]
  0x00007f952410d000 JavaThread "Service Thread" daemon [_thread_blocked, id=21428, stack(0x00007f95190fb000,0x00007f95191fc000)]
  0x00007f952410a800 JavaThread "C2 CompilerThread1" daemon [_thread_blocked, id=21427, stack(0x00007f95191fc000,0x00007f95192fd000)]
  0x00007f9524107800 JavaThread "C2 CompilerThread0" daemon [_thread_blocked, id=21426, stack(0x00007f95192fd000,0x00007f95193fe000)]
  0x00007f94cc001000 JavaThread "JDWP Command Reader" daemon [_thread_in_native, id=21423, stack(0x00007f95193fe000,0x00007f95194ff000)]
  0x00007f9524105800 JavaThread "JDWP Event Helper Thread" daemon [_thread_blocked, id=21421, stack(0x00007f95194ff000,0x00007f9519600000)]
  0x00007f9524102000 JavaThread "JDWP Transport Listener: dt_socket" daemon [_thread_blocked, id=21419, stack(0x00007f9519600000,0x00007f9519701000)]
  0x00007f95240f4000 JavaThread "Signal Dispatcher" daemon [_thread_blocked, id=21415, stack(0x00007f9519905000,0x00007f9519a06000)]
  0x00007f95240a8800 JavaThread "Finalizer" daemon [_thread_blocked, id=21411, stack(0x00007f9519a06000,0x00007f9519b07000)]
  0x00007f95240a6000 JavaThread "Reference Handler" daemon [_thread_blocked, id=21410, stack(0x00007f9519b07000,0x00007f9519c08000)]
  0x00007f952400e000 JavaThread "main" [_thread_blocked, id=21399, stack(0x00007f952d8a6000,0x00007f952d9a7000)]

Other Threads:
  0x00007f952409e800 VMThread [stack: 0x00007f9519c08000,0x00007f9519d09000] [id=21409]
  0x00007f952411f800 WatcherThread [stack: 0x00007f9518ffa000,0x00007f95190fb000] [id=21429]

=>0x00007f9524023000 (exited) GCTaskThread [stack: 0x00007f9528f7c000,0x00007f952907d000] [id=21405]

VM state:at safepoint (normal execution)

VM Mutex/Monitor currently owned by a thread:  ([mutex/lock_event])
[0x00007f952400a180] Threads_lock - owner thread: 0x00007f952409e800
[0x00007f952400a680] Heap_lock - owner thread: 0x00007f9440002000

Heap
 PSYoungGen      total 560320K, used 560320K [0x00000007ac800000, 0x00000007ed0a0000, 0x0000000800000000)
  eden space 545920K, 100% used [0x00000007ac800000,0x00000007cdd20000,0x00000007cdd20000)
  from space 14400K, 100% used [0x00000007eafc0000,0x00000007ebdd0000,0x00000007ebdd0000)
  to   space 19264K, 72% used [0x00000007ebdd0000,0x00000007ecb78000,0x00000007ed0a0000)
 ParOldGen       total 171008K, used 87350K [0x0000000705800000, 0x000000070ff00000, 0x00000007ac800000)
  object space 171008K, 51% used [0x0000000705800000,0x000000070ad4da90,0x000000070ff00000)
 PSPermGen       total 41280K, used 35421K [0x0000000700600000, 0x0000000702e50000, 0x0000000705800000)
  object space 41280K, 85% used [0x0000000700600000,0x00000007028975e0,0x0000000702e50000)

Code Cache  [0x00007f9521000000, 0x00007f95215e0000, 0x00007f9524000000)
 total_blobs=1878 nmethods=1467 adapters=369 free_code_cache=43265Kb largest_free_block=44192960

Compilation events (10 events):
Event: 269.127 Thread 0x00007f952410a800 1601   !         org.apache.commons.dbcp.DelegatingConnection::checkOpen (73 bytes)
Event: 269.128 Thread 0x00007f952410a800 nmethod 1601 0x00007f95214d1050 code [0x00007f95214d11a0, 0x00007f95214d1298]
Event: 270.526 Thread 0x00007f9524107800 1602             java.util.concurrent.ThreadPoolExecutor::isShutdown (19 bytes)
Event: 270.527 Thread 0x00007f9524107800 nmethod 1602 0x00007f9521396650 code [0x00007f95213967a0, 0x00007f9521396858]
Event: 272.089 Thread 0x00007f952410a800 1603             java.util.TimSort::mergeLo (655 bytes)
Event: 272.116 Thread 0x00007f952410a800 nmethod 1603 0x00007f95215d7b90 code [0x00007f95215d7da0, 0x00007f95215d9d18]
Event: 272.217 Thread 0x00007f9524107800 1604             org.helios.apmrouter.util.thread.ManagedThreadPool::isShutdown (8 bytes)
Event: 272.217 Thread 0x00007f9524107800 nmethod 1604 0x00007f95215acd90 code [0x00007f95215acee0, 0x00007f95215acfd8]
Event: 276.262 Thread 0x00007f952410a800 1605             java.lang.ThreadLocal::setInitialValue (36 bytes)
Event: 276.263 Thread 0x00007f952410a800 nmethod 1605 0x00007f95215aca10 code [0x00007f95215acb60, 0x00007f95215acc48]

GC Heap History (10 events):
Event: 90.366 GC heap after
Heap after GC invocations=16 (full 1):
 PSYoungGen      total 684288K, used 13984K [0x00000007ac800000, 0x00000007efdb0000, 0x0000000800000000)
  eden space 656896K, 0% used [0x00000007ac800000,0x00000007ac800000,0x00000007d4980000)
  from space 27392K, 51% used [0x00000007d4980000,0x00000007d5728000,0x00000007d6440000)
  to   space 26240K, 0% used [0x00000007ee410000,0x00000007ee410000,0x00000007efdb0000)
 ParOldGen       total 171008K, used 45422K [0x0000000705800000, 0x000000070ff00000, 0x00000007ac800000)
  object space 171008K, 26% used [0x0000000705800000,0x000000070845ba70,0x000000070ff00000)
 PSPermGen       total 41280K, used 35378K [0x0000000700600000, 0x0000000702e50000, 0x0000000705800000)
  object space 41280K, 85% used [0x0000000700600000,0x000000070288c9e8,0x0000000702e50000)
}
Event: 131.099 GC heap before
{Heap before GC invocations=17 (full 1):
 PSYoungGen      total 684288K, used 670880K [0x00000007ac800000, 0x00000007efdb0000, 0x0000000800000000)
  eden space 656896K, 100% used [0x00000007ac800000,0x00000007d4980000,0x00000007d4980000)
  from space 27392K, 51% used [0x00000007d4980000,0x00000007d5728000,0x00000007d6440000)
  to   space 26240K, 0% used [0x00000007ee410000,0x00000007ee410000,0x00000007efdb0000)
 ParOldGen       total 171008K, used 45422K [0x0000000705800000, 0x000000070ff00000, 0x00000007ac800000)
  object space 171008K, 26% used [0x0000000705800000,0x000000070845ba70,0x000000070ff00000)
 PSPermGen       total 41280K, used 35388K [0x0000000700600000, 0x0000000702e50000, 0x0000000705800000)
  object space 41280K, 85% used [0x0000000700600000,0x000000070288f3c0,0x0000000702e50000)
Event: 131.106 GC heap after
Heap after GC invocations=17 (full 1):
 PSYoungGen      total 643136K, used 16128K [0x00000007ac800000, 0x00000007ef3d0000, 0x0000000800000000)
  eden space 627008K, 0% used [0x00000007ac800000,0x00000007ac800000,0x00000007d2c50000)
  from space 16128K, 100% used [0x00000007ee410000,0x00000007ef3d0000,0x00000007ef3d0000)
  to   space 25664K, 0% used [0x00000007ec1b0000,0x00000007ec1b0000,0x00000007edac0000)
 ParOldGen       total 171008K, used 52358K [0x0000000705800000, 0x000000070ff00000, 0x00000007ac800000)
  object space 171008K, 30% used [0x0000000705800000,0x0000000708b21a90,0x000000070ff00000)
 PSPermGen       total 41280K, used 35388K [0x0000000700600000, 0x0000000702e50000, 0x0000000705800000)
  object space 41280K, 85% used [0x0000000700600000,0x000000070288f3c0,0x0000000702e50000)
}
Event: 171.243 GC heap before
{Heap before GC invocations=18 (full 1):
 PSYoungGen      total 643136K, used 643136K [0x00000007ac800000, 0x00000007ef3d0000, 0x0000000800000000)
  eden space 627008K, 100% used [0x00000007ac800000,0x00000007d2c50000,0x00000007d2c50000)
  from space 16128K, 100% used [0x00000007ee410000,0x00000007ef3d0000,0x00000007ef3d0000)
  to   space 25664K, 0% used [0x00000007ec1b0000,0x00000007ec1b0000,0x00000007edac0000)
 ParOldGen       total 171008K, used 52358K [0x0000000705800000, 0x000000070ff00000, 0x00000007ac800000)
  object space 171008K, 30% used [0x0000000705800000,0x0000000708b21a90,0x000000070ff00000)
 PSPermGen       total 41280K, used 35391K [0x0000000700600000, 0x0000000702e50000, 0x0000000705800000)
  object space 41280K, 85% used [0x0000000700600000,0x000000070288fd58,0x0000000702e50000)
Event: 171.251 GC heap after
Heap after GC invocations=18 (full 1):
 PSYoungGen      total 613824K, used 15200K [0x00000007ac800000, 0x00000007ee420000, 0x0000000800000000)
  eden space 598592K, 0% used [0x00000007ac800000,0x00000007ac800000,0x00000007d1090000)
  from space 15232K, 99% used [0x00000007ec1b0000,0x00000007ed088000,0x00000007ed090000)
  to   space 20032K, 0% used [0x00000007ed090000,0x00000007ed090000,0x00000007ee420000)
 ParOldGen       total 171008K, used 62958K [0x0000000705800000, 0x000000070ff00000, 0x00000007ac800000)
  object space 171008K, 36% used [0x0000000705800000,0x000000070957ba90,0x000000070ff00000)
 PSPermGen       total 41280K, used 35391K [0x0000000700600000, 0x0000000702e50000, 0x0000000705800000)
  object space 41280K, 85% used [0x0000000700600000,0x000000070288fd58,0x0000000702e50000)
}
Event: 207.331 GC heap before
{Heap before GC invocations=19 (full 1):
 PSYoungGen      total 613824K, used 613792K [0x00000007ac800000, 0x00000007ee420000, 0x0000000800000000)
  eden space 598592K, 100% used [0x00000007ac800000,0x00000007d1090000,0x00000007d1090000)
  from space 15232K, 99% used [0x00000007ec1b0000,0x00000007ed088000,0x00000007ed090000)
  to   space 20032K, 0% used [0x00000007ed090000,0x00000007ed090000,0x00000007ee420000)
 ParOldGen       total 171008K, used 62958K [0x0000000705800000, 0x000000070ff00000, 0x00000007ac800000)
  object space 171008K, 36% used [0x0000000705800000,0x000000070957ba90,0x000000070ff00000)
 PSPermGen       total 41280K, used 35397K [0x0000000700600000, 0x0000000702e50000, 0x0000000705800000)
  object space 41280K, 85% used [0x0000000700600000,0x0000000702891680,0x0000000702e50000)
Event: 207.338 GC heap after
Heap after GC invocations=19 (full 1):
 PSYoungGen      total 585728K, used 14112K [0x00000007ac800000, 0x00000007ede60000, 0x0000000800000000)
  eden space 571584K, 0% used [0x00000007ac800000,0x00000007ac800000,0x00000007cf630000)
  from space 14144K, 99% used [0x00000007ed090000,0x00000007ede58000,0x00000007ede60000)
  to   space 23872K, 0% used [0x00000007eafc0000,0x00000007eafc0000,0x00000007ec710000)
 ParOldGen       total 171008K, used 71766K [0x0000000705800000, 0x000000070ff00000, 0x00000007ac800000)
  object space 171008K, 41% used [0x0000000705800000,0x0000000709e15a90,0x000000070ff00000)
 PSPermGen       total 41280K, used 35397K [0x0000000700600000, 0x0000000702e50000, 0x0000000705800000)
  object space 41280K, 85% used [0x0000000700600000,0x0000000702891680,0x0000000702e50000)
}
Event: 241.768 GC heap before
{Heap before GC invocations=20 (full 1):
 PSYoungGen      total 585728K, used 585696K [0x00000007ac800000, 0x00000007ede60000, 0x0000000800000000)
  eden space 571584K, 100% used [0x00000007ac800000,0x00000007cf630000,0x00000007cf630000)
  from space 14144K, 99% used [0x00000007ed090000,0x00000007ede58000,0x00000007ede60000)
  to   space 23872K, 0% used [0x00000007eafc0000,0x00000007eafc0000,0x00000007ec710000)
 ParOldGen       total 171008K, used 71766K [0x0000000705800000, 0x000000070ff00000, 0x00000007ac800000)
  object space 171008K, 41% used [0x0000000705800000,0x0000000709e15a90,0x000000070ff00000)
 PSPermGen       total 41280K, used 35406K [0x0000000700600000, 0x0000000702e50000, 0x0000000705800000)
  object space 41280K, 85% used [0x0000000700600000,0x0000000702893aa0,0x0000000702e50000)
Event: 241.775 GC heap after
Heap after GC invocations=20 (full 1):
 PSYoungGen      total 560320K, used 14400K [0x00000007ac800000, 0x00000007ed0a0000, 0x0000000800000000)
  eden space 545920K, 0% used [0x00000007ac800000,0x00000007ac800000,0x00000007cdd20000)
  from space 14400K, 100% used [0x00000007eafc0000,0x00000007ebdd0000,0x00000007ebdd0000)
  to   space 19264K, 0% used [0x00000007ebdd0000,0x00000007ebdd0000,0x00000007ed0a0000)
 ParOldGen       total 171008K, used 79318K [0x0000000705800000, 0x000000070ff00000, 0x00000007ac800000)
  object space 171008K, 46% used [0x0000000705800000,0x000000070a575a90,0x000000070ff00000)
 PSPermGen       total 41280K, used 35406K [0x0000000700600000, 0x0000000702e50000, 0x0000000705800000)
  object space 41280K, 85% used [0x0000000700600000,0x0000000702893aa0,0x0000000702e50000)
}
Event: 276.270 GC heap before
{Heap before GC invocations=21 (full 1):
 PSYoungGen      total 560320K, used 560320K [0x00000007ac800000, 0x00000007ed0a0000, 0x0000000800000000)
  eden space 545920K, 100% used [0x00000007ac800000,0x00000007cdd20000,0x00000007cdd20000)
  from space 14400K, 100% used [0x00000007eafc0000,0x00000007ebdd0000,0x00000007ebdd0000)
  to   space 19264K, 0% used [0x00000007ebdd0000,0x00000007ebdd0000,0x00000007ed0a0000)
 ParOldGen       total 171008K, used 79318K [0x0000000705800000, 0x000000070ff00000, 0x00000007ac800000)
  object space 171008K, 46% used [0x0000000705800000,0x000000070a575a90,0x000000070ff00000)
 PSPermGen       total 41280K, used 35421K [0x0000000700600000, 0x0000000702e50000, 0x0000000705800000)
  object space 41280K, 85% used [0x0000000700600000,0x00000007028975e0,0x0000000702e50000)

Deoptimization events (10 events):
Event: 159.360 Thread 0x00007f9440002000 Uncommon trap -12 fr.pc 0x00007f95215bb004
Event: 169.882 Thread 0x00007f9488001800 Uncommon trap -12 fr.pc 0x00007f95214ad6bc
Event: 182.103 Thread 0x00007f9525746000 Uncommon trap 38 fr.pc 0x00007f95213e8c1c
Event: 201.273 Thread 0x00007f9440002000 Uncommon trap 38 fr.pc 0x00007f95212459cc
Event: 241.778 Thread 0x00007f95240a6000 Uncommon trap -83 fr.pc 0x00007f952150e694
Event: 241.779 Thread 0x00007f95240a6000 Uncommon trap -83 fr.pc 0x00007f952150eeb0
Event: 273.351 Thread 0x00007f9525746000 Uncommon trap -42 fr.pc 0x00007f95215d95ac
Event: 273.352 Thread 0x00007f9525746000 Uncommon trap -42 fr.pc 0x00007f95215d95ac
Event: 273.352 Thread 0x00007f9525746000 Uncommon trap -42 fr.pc 0x00007f95215d95ac
Event: 275.061 Thread 0x00007f9525746000 Uncommon trap -42 fr.pc 0x00007f95215d95ac

Internal exceptions (10 events):
Event: 27.823 Thread 0x00007f943800e000 Threw 0x00000007b20e4148 at /HUDSON/workspace/jdk7u4-2-build-linux-amd64-product/jdk7u4/hotspot/src/share/vm/prims/jvm.cpp:1166
Event: 27.825 Thread 0x00007f943800e000 Threw 0x00000007b20f83e0 at /HUDSON/workspace/jdk7u4-2-build-linux-amd64-product/jdk7u4/hotspot/src/share/vm/prims/jvm.cpp:1166
Event: 27.826 Thread 0x00007f943800e000 Threw 0x00000007b21021d0 at /HUDSON/workspace/jdk7u4-2-build-linux-amd64-product/jdk7u4/hotspot/src/share/vm/prims/jvm.cpp:1166
Event: 39.226 Thread 0x00007f9524c21800 Implicit null exception at 0x00007f9521433e32 to 0x00007f9521433f11
Event: 39.269 Thread 0x00007f9440002000 Implicit null exception at 0x00007f95214b1f53 to 0x00007f95214b3f91
Event: 94.880 Thread 0x00007f9488001800 Implicit null exception at 0x00007f952154c72c to 0x00007f952154e9a1
Event: 123.123 Thread 0x00007f9438009000 Implicit null exception at 0x00007f952120e03a to 0x00007f952120e171
Event: 159.360 Thread 0x00007f9525746000 Implicit null exception at 0x00007f95215b963c to 0x00007f95215bafe1
Event: 159.360 Thread 0x00007f9440002000 Implicit null exception at 0x00007f95215b963c to 0x00007f95215bafe1
Event: 169.882 Thread 0x00007f9488001800 Implicit null exception at 0x00007f95214ad4f3 to 0x00007f95214ad6ac

Events (10 events):
Event: 273.798 Executing VM operation: GetOrSetLocal done
Event: 273.815 Executing VM operation: GetOrSetLocal
Event: 273.815 Executing VM operation: GetOrSetLocal done
Event: 273.815 Executing VM operation: GetOrSetLocal
Event: 273.815 Executing VM operation: GetOrSetLocal done
Event: 275.061 Thread 0x00007f9525746000 DEOPT PACKING pc=0x00007f95215d95ac sp=0x00007f95107c6be0
Event: 275.061 Thread 0x00007f9525746000 DEOPT UNPACKING pc=0x00007f9521039145 sp=0x00007f95107c6bf0 mode 2
Event: 276.260 Thread 0x00007f9524c37000 DEOPT PACKING pc=0x00007f952159af68 sp=0x00007f95133f37b0
Event: 276.260 Thread 0x00007f9524c37000 DEOPT UNPACKING pc=0x00007f9521038f0f sp=0x00007f95133f3508 mode 1
Event: 276.270 Executing VM operation: ParallelGCFailedAllocation


Dynamic libraries:
00400000-00401000 r-xp 00000000 08:02 29627988                           /usr/lib/jvm/jdk1.7.0_04/bin/java
00600000-00601000 rw-p 00000000 08:02 29627988                           /usr/lib/jvm/jdk1.7.0_04/bin/java
01344000-01365000 rw-p 00000000 00:00 0                                  [heap]
700600000-702e50000 rw-p 00000000 00:00 0 
702e50000-705800000 rw-p 00000000 00:00 0 
705800000-70ff00000 rw-p 00000000 00:00 0 
70ff00000-7ac800000 rw-p 00000000 00:00 0 
7ac800000-7ed0a0000 rw-p 00000000 00:00 0 
7ed0a0000-7efdb0000 ---p 00000000 00:00 0 
7efdb0000-800000000 rw-p 00000000 00:00 0 
7f93f8000000-7f93f98f8000 rw-p 00000000 00:00 0 
7f93f98f8000-7f93fc000000 ---p 00000000 00:00 0 
7f9400000000-7f9400021000 rw-p 00000000 00:00 0 
7f9400021000-7f9404000000 ---p 00000000 00:00 0 
7f9404000000-7f9404021000 rw-p 00000000 00:00 0 
7f9404021000-7f9408000000 ---p 00000000 00:00 0 
7f9408000000-7f9408021000 rw-p 00000000 00:00 0 
7f9408021000-7f940c000000 ---p 00000000 00:00 0 
7f940c000000-7f940c021000 rw-p 00000000 00:00 0 
7f940c021000-7f9410000000 ---p 00000000 00:00 0 
7f9410000000-7f9410021000 rw-p 00000000 00:00 0 
7f9410021000-7f9414000000 ---p 00000000 00:00 0 
7f9414000000-7f9414021000 rw-p 00000000 00:00 0 
7f9414021000-7f9418000000 ---p 00000000 00:00 0 
7f9418000000-7f9418021000 rw-p 00000000 00:00 0 
7f9418021000-7f941c000000 ---p 00000000 00:00 0 
7f941c000000-7f941c021000 rw-p 00000000 00:00 0 
7f941c021000-7f9420000000 ---p 00000000 00:00 0 
7f9420000000-7f9420021000 rw-p 00000000 00:00 0 
7f9420021000-7f9424000000 ---p 00000000 00:00 0 
7f9424000000-7f9424021000 rw-p 00000000 00:00 0 
7f9424021000-7f9428000000 ---p 00000000 00:00 0 
7f9428000000-7f9428021000 rw-p 00000000 00:00 0 
7f9428021000-7f942c000000 ---p 00000000 00:00 0 
7f942c000000-7f942c021000 rw-p 00000000 00:00 0 
7f942c021000-7f9430000000 ---p 00000000 00:00 0 
7f9430000000-7f9430021000 rw-p 00000000 00:00 0 
7f9430021000-7f9434000000 ---p 00000000 00:00 0 
7f9434000000-7f9434021000 rw-p 00000000 00:00 0 
7f9434021000-7f9438000000 ---p 00000000 00:00 0 
7f9438000000-7f9438040000 rw-p 00000000 00:00 0 
7f9438040000-7f943c000000 ---p 00000000 00:00 0 
7f943c000000-7f943c021000 rw-p 00000000 00:00 0 
7f943c021000-7f9440000000 ---p 00000000 00:00 0 
7f9440000000-7f9440021000 rw-p 00000000 00:00 0 
7f9440021000-7f9444000000 ---p 00000000 00:00 0 
7f9444000000-7f9444021000 rw-p 00000000 00:00 0 
7f9444021000-7f9448000000 ---p 00000000 00:00 0 
7f9448000000-7f94480a1000 rw-p 00000000 00:00 0 
7f94480a1000-7f944c000000 ---p 00000000 00:00 0 
7f944c000000-7f944cffd000 rw-p 00000000 00:00 0 
7f944cffd000-7f9450000000 ---p 00000000 00:00 0 
7f9450000000-7f9450025000 rw-p 00000000 00:00 0 
7f9450025000-7f9454000000 ---p 00000000 00:00 0 
7f9454000000-7f9454021000 rw-p 00000000 00:00 0 
7f9454021000-7f9458000000 ---p 00000000 00:00 0 
7f9458000000-7f9458021000 rw-p 00000000 00:00 0 
7f9458021000-7f945c000000 ---p 00000000 00:00 0 
7f945c000000-7f945c021000 rw-p 00000000 00:00 0 
7f945c021000-7f9460000000 ---p 00000000 00:00 0 
7f9460000000-7f9460021000 rw-p 00000000 00:00 0 
7f9460021000-7f9464000000 ---p 00000000 00:00 0 
7f9464000000-7f9464040000 rw-p 00000000 00:00 0 
7f9464040000-7f9468000000 ---p 00000000 00:00 0 
7f9468000000-7f9468021000 rw-p 00000000 00:00 0 
7f9468021000-7f946c000000 ---p 00000000 00:00 0 
7f946c000000-7f946c021000 rw-p 00000000 00:00 0 
7f946c021000-7f9470000000 ---p 00000000 00:00 0 
7f9470000000-7f947021a000 rw-p 00000000 00:00 0 
7f947021a000-7f9474000000 ---p 00000000 00:00 0 
7f9474000000-7f94743cb000 rw-p 00000000 00:00 0 
7f94743cb000-7f9478000000 ---p 00000000 00:00 0 
7f9478000000-7f9478021000 rw-p 00000000 00:00 0 
7f9478021000-7f947c000000 ---p 00000000 00:00 0 
7f947c000000-7f947ce32000 rw-p 00000000 00:00 0 
7f947ce32000-7f9480000000 ---p 00000000 00:00 0 
7f9480000000-7f9480021000 rw-p 00000000 00:00 0 
7f9480021000-7f9484000000 ---p 00000000 00:00 0 
7f9484000000-7f9484084000 rw-p 00000000 00:00 0 
7f9484084000-7f9488000000 ---p 00000000 00:00 0 
7f9488000000-7f9488021000 rw-p 00000000 00:00 0 
7f9488021000-7f948c000000 ---p 00000000 00:00 0 
7f948c000000-7f948c021000 rw-p 00000000 00:00 0 
7f948c021000-7f9490000000 ---p 00000000 00:00 0 
7f9490000000-7f94902ac000 rw-p 00000000 00:00 0 
7f94902ac000-7f9494000000 ---p 00000000 00:00 0 
7f9494000000-7f9494021000 rw-p 00000000 00:00 0 
7f9494021000-7f9498000000 ---p 00000000 00:00 0 
7f9498000000-7f9498021000 rw-p 00000000 00:00 0 
7f9498021000-7f949c000000 ---p 00000000 00:00 0 
7f949c000000-7f949c021000 rw-p 00000000 00:00 0 
7f949c021000-7f94a0000000 ---p 00000000 00:00 0 
7f94a0000000-7f94a0021000 rw-p 00000000 00:00 0 
7f94a0021000-7f94a4000000 ---p 00000000 00:00 0 
7f94a4000000-7f94a4021000 rw-p 00000000 00:00 0 
7f94a4021000-7f94a8000000 ---p 00000000 00:00 0 
7f94a8000000-7f94a8021000 rw-p 00000000 00:00 0 
7f94a8021000-7f94ac000000 ---p 00000000 00:00 0 
7f94ac000000-7f94adb64000 rw-p 00000000 00:00 0 
7f94adb64000-7f94b0000000 ---p 00000000 00:00 0 
7f94b0000000-7f94b0021000 rw-p 00000000 00:00 0 
7f94b0021000-7f94b4000000 ---p 00000000 00:00 0 
7f94b4000000-7f94b4021000 rw-p 00000000 00:00 0 
7f94b4021000-7f94b8000000 ---p 00000000 00:00 0 
7f94b8000000-7f94bbffb000 rw-p 00000000 00:00 0 
7f94bbffb000-7f94bc000000 ---p 00000000 00:00 0 
7f94bc000000-7f94bfe80000 rw-p 00000000 00:00 0 
7f94bfe80000-7f94c0000000 ---p 00000000 00:00 0 
7f94c0000000-7f94c0021000 rw-p 00000000 00:00 0 
7f94c0021000-7f94c4000000 ---p 00000000 00:00 0 
7f94c4000000-7f94c4021000 rw-p 00000000 00:00 0 
7f94c4021000-7f94c8000000 ---p 00000000 00:00 0 
7f94c8000000-7f94c8021000 rw-p 00000000 00:00 0 
7f94c8021000-7f94cc000000 ---p 00000000 00:00 0 
7f94cc000000-7f94cc038000 rw-p 00000000 00:00 0 
7f94cc038000-7f94d0000000 ---p 00000000 00:00 0 
7f94d0000000-7f94d0021000 rw-p 00000000 00:00 0 
7f94d0021000-7f94d4000000 ---p 00000000 00:00 0 
7f94d4000000-7f94d4021000 rw-p 00000000 00:00 0 
7f94d4021000-7f94d8000000 ---p 00000000 00:00 0 
7f94d8000000-7f94d80b1000 rw-p 00000000 00:00 0 
7f94d80b1000-7f94dc000000 ---p 00000000 00:00 0 
7f94dc030000-7f94e4000000 rw-p 00000000 00:00 0 
7f94e4000000-7f94e4021000 rw-p 00000000 00:00 0 
7f94e4021000-7f94e8000000 ---p 00000000 00:00 0 
7f94ec000000-7f94ec021000 rw-p 00000000 00:00 0 
7f94ec021000-7f94f0000000 ---p 00000000 00:00 0 
7f94f4000000-7f94f420b000 rw-p 00000000 00:00 0 
7f94f420b000-7f94f8000000 ---p 00000000 00:00 0 
7f94fc000000-7f94fc021000 rw-p 00000000 00:00 0 
7f94fc021000-7f9500000000 ---p 00000000 00:00 0 
7f9504000000-7f9504021000 rw-p 00000000 00:00 0 
7f9504021000-7f9508000000 ---p 00000000 00:00 0 
7f950a1e2000-7f950a1e5000 ---p 00000000 00:00 0 
7f950a1e5000-7f950a2e3000 rw-p 00000000 00:00 0 
7f950a2e3000-7f950a2e6000 ---p 00000000 00:00 0 
7f950a2e6000-7f950a3e4000 rw-p 00000000 00:00 0 
7f950a3e4000-7f950a3e7000 ---p 00000000 00:00 0 
7f950a3e7000-7f950a4e5000 rw-p 00000000 00:00 0 
7f950a4e5000-7f950a4e8000 ---p 00000000 00:00 0 
7f950a4e8000-7f950a5e6000 rw-p 00000000 00:00 0 
7f950a5e6000-7f950a5e9000 ---p 00000000 00:00 0 
7f950a5e9000-7f950a6e7000 rw-p 00000000 00:00 0 
7f950a6e7000-7f950a6ea000 ---p 00000000 00:00 0 
7f950a6ea000-7f950a7e8000 rw-p 00000000 00:00 0 
7f950a7e8000-7f950a7eb000 ---p 00000000 00:00 0 
7f950a7eb000-7f950a8e9000 rw-p 00000000 00:00 0 
7f950a8e9000-7f950a8ec000 ---p 00000000 00:00 0 
7f950a8ec000-7f950a9ea000 rw-p 00000000 00:00 0 
7f950a9ea000-7f950a9ed000 ---p 00000000 00:00 0 
7f950a9ed000-7f950aaeb000 rw-p 00000000 00:00 0 
7f950aaeb000-7f950aaee000 ---p 00000000 00:00 0 
7f950aaee000-7f950abec000 rw-p 00000000 00:00 0 
7f950abec000-7f950abef000 ---p 00000000 00:00 0 
7f950abef000-7f950aced000 rw-p 00000000 00:00 0 
7f950aced000-7f950acf0000 ---p 00000000 00:00 0 
7f950acf0000-7f950adee000 rw-p 00000000 00:00 0 
7f950adee000-7f950adf1000 ---p 00000000 00:00 0 
7f950adf1000-7f950aeef000 rw-p 00000000 00:00 0 
7f950aeef000-7f950aef2000 ---p 00000000 00:00 0 
7f950aef2000-7f950aff0000 rw-p 00000000 00:00 0 
7f950aff0000-7f950aff3000 ---p 00000000 00:00 0 
7f950aff3000-7f950b0f1000 rw-p 00000000 00:00 0 
7f950b0f1000-7f950b0f4000 ---p 00000000 00:00 0 
7f950b0f4000-7f950b1f2000 rw-p 00000000 00:00 0 
7f950b1f2000-7f950b1f5000 ---p 00000000 00:00 0 
7f950b1f5000-7f950b2f3000 rw-p 00000000 00:00 0 
7f950b2f3000-7f950b2f6000 ---p 00000000 00:00 0 
7f950b2f6000-7f950b3f4000 rw-p 00000000 00:00 0 
7f950b3f4000-7f950b3f7000 ---p 00000000 00:00 0 
7f950b3f7000-7f950b4f5000 rw-p 00000000 00:00 0 
7f950b4f5000-7f950b4f8000 ---p 00000000 00:00 0 
7f950b4f8000-7f950b5f6000 rw-p 00000000 00:00 0 
7f950b5f6000-7f950b5f9000 ---p 00000000 00:00 0 
7f950b5f9000-7f950b6f7000 rw-p 00000000 00:00 0 
7f950b6f7000-7f950b6fa000 ---p 00000000 00:00 0 
7f950b6fa000-7f950b7f8000 rw-p 00000000 00:00 0 
7f950b7f8000-7f950b7fb000 ---p 00000000 00:00 0 
7f950b7fb000-7f950b8f9000 rw-p 00000000 00:00 0 
7f950b8f9000-7f950b8fc000 ---p 00000000 00:00 0 
7f950b8fc000-7f950b9fa000 rw-p 00000000 00:00 0 
7f950b9fa000-7f950b9fd000 ---p 00000000 00:00 0 
7f950b9fd000-7f950bafb000 rw-p 00000000 00:00 0 
7f950bafb000-7f950bafe000 ---p 00000000 00:00 0 
7f950bafe000-7f950bbfc000 rw-p 00000000 00:00 0 
7f950bbfc000-7f950bbff000 ---p 00000000 00:00 0 
7f950bbff000-7f950bcfd000 rw-p 00000000 00:00 0 
7f950bcfd000-7f950bd00000 ---p 00000000 00:00 0 
7f950bd00000-7f950bdfe000 rw-p 00000000 00:00 0 
7f950bdfe000-7f950be01000 ---p 00000000 00:00 0 
7f950be01000-7f950beff000 rw-p 00000000 00:00 0 
7f950beff000-7f950bf02000 ---p 00000000 00:00 0 
7f950bf02000-7f950c000000 rw-p 00000000 00:00 0 
7f950c000000-7f950c021000 rw-p 00000000 00:00 0 
7f950c021000-7f9510000000 ---p 00000000 00:00 0 
7f95100c2000-7f95100c5000 ---p 00000000 00:00 0 
7f95100c5000-7f95101c3000 rw-p 00000000 00:00 0 
7f95101c3000-7f95101c6000 ---p 00000000 00:00 0 
7f95101c6000-7f95102c4000 rw-p 00000000 00:00 0 
7f95102c4000-7f95102c7000 ---p 00000000 00:00 0 
7f95102c7000-7f95103c5000 rw-p 00000000 00:00 0 
7f95103c5000-7f95103c8000 ---p 00000000 00:00 0 
7f95103c8000-7f95104c6000 rw-p 00000000 00:00 0 
7f95104c6000-7f95104c9000 ---p 00000000 00:00 0 
7f95104c9000-7f95105c7000 rw-p 00000000 00:00 0 
7f95105c7000-7f95105ca000 ---p 00000000 00:00 0 
7f95105ca000-7f95106c8000 rw-p 00000000 00:00 0 
7f95106c8000-7f95106cb000 ---p 00000000 00:00 0 
7f95106cb000-7f95107c9000 rw-p 00000000 00:00 0 
7f95107c9000-7f95107cc000 ---p 00000000 00:00 0 
7f95107cc000-7f95108ca000 rw-p 00000000 00:00 0 
7f95108ca000-7f95108cd000 ---p 00000000 00:00 0 
7f95108cd000-7f95109cb000 rw-p 00000000 00:00 0 
7f95109cb000-7f95109ce000 ---p 00000000 00:00 0 
7f95109ce000-7f9510acc000 rw-p 00000000 00:00 0 
7f9510acc000-7f9510acf000 ---p 00000000 00:00 0 
7f9510acf000-7f9510bcd000 rw-p 00000000 00:00 0 
7f9510bcd000-7f9510bd0000 ---p 00000000 00:00 0 
7f9510bd0000-7f9510cce000 rw-p 00000000 00:00 0 
7f9510cce000-7f9510cd1000 ---p 00000000 00:00 0 
7f9510cd1000-7f9510dcf000 rw-p 00000000 00:00 0 
7f9510dcf000-7f9510dd2000 ---p 00000000 00:00 0 
7f9510dd2000-7f9510ed0000 rw-p 00000000 00:00 0 
7f9510ed0000-7f9510ed3000 ---p 00000000 00:00 0 
7f9510ed3000-7f9510fd1000 rw-p 00000000 00:00 0 
7f9510fd1000-7f9510fd4000 ---p 00000000 00:00 0 
7f9510fd4000-7f95110d2000 rw-p 00000000 00:00 0 
7f95110d2000-7f95110d5000 ---p 00000000 00:00 0 
7f95110d5000-7f95111d3000 rw-p 00000000 00:00 0 
7f95111d3000-7f95111d6000 ---p 00000000 00:00 0 
7f95111d6000-7f95112d4000 rw-p 00000000 00:00 0 
7f95112d4000-7f95112d7000 ---p 00000000 00:00 0 
7f95112d7000-7f95113d5000 rw-p 00000000 00:00 0 
7f95113d5000-7f95113d8000 ---p 00000000 00:00 0 
7f95113d8000-7f95114d6000 rw-p 00000000 00:00 0 
7f95114d6000-7f95114d9000 ---p 00000000 00:00 0 
7f95114d9000-7f95115d7000 rw-p 00000000 00:00 0 
7f95115d7000-7f95115da000 ---p 00000000 00:00 0 
7f95115da000-7f95116d8000 rw-p 00000000 00:00 0 
7f95116d8000-7f95116db000 ---p 00000000 00:00 0 
7f95116db000-7f95117d9000 rw-p 00000000 00:00 0 
7f95117d9000-7f95117dc000 ---p 00000000 00:00 0 
7f95117dc000-7f95118da000 rw-p 00000000 00:00 0 
7f95118da000-7f95118dd000 ---p 00000000 00:00 0 
7f95118dd000-7f95119db000 rw-p 00000000 00:00 0 
7f95119db000-7f95119de000 ---p 00000000 00:00 0 
7f95119de000-7f9511adc000 rw-p 00000000 00:00 0 
7f9511adc000-7f9511adf000 ---p 00000000 00:00 0 
7f9511adf000-7f9511bdd000 rw-p 00000000 00:00 0 
7f9511bdd000-7f9511be0000 ---p 00000000 00:00 0 
7f9511be0000-7f9511cde000 rw-p 00000000 00:00 0 
7f9511cde000-7f9511ce1000 ---p 00000000 00:00 0 
7f9511ce1000-7f9511ddf000 rw-p 00000000 00:00 0 
7f9511ddf000-7f9511de2000 ---p 00000000 00:00 0 
7f9511de2000-7f9511ee0000 rw-p 00000000 00:00 0 
7f9511ee0000-7f9511ee3000 ---p 00000000 00:00 0 
7f9511ee3000-7f9511fe1000 rw-p 00000000 00:00 0 
7f9511fe1000-7f9511fe4000 ---p 00000000 00:00 0 
7f9511fe4000-7f95120e2000 rw-p 00000000 00:00 0 
7f95120e2000-7f95120e5000 ---p 00000000 00:00 0 
7f95120e5000-7f95121e3000 rw-p 00000000 00:00 0 
7f95121e3000-7f95121e6000 ---p 00000000 00:00 0 
7f95121e6000-7f95122e4000 rw-p 00000000 00:00 0 
7f95122e4000-7f95122e7000 ---p 00000000 00:00 0 
7f95122e7000-7f95123e5000 rw-p 00000000 00:00 0 
7f95123e5000-7f95123e8000 ---p 00000000 00:00 0 
7f95123e8000-7f95124e6000 rw-p 00000000 00:00 0 
7f95124e6000-7f95124e9000 ---p 00000000 00:00 0 
7f95124e9000-7f95125e7000 rw-p 00000000 00:00 0 
7f95125e7000-7f95125ea000 ---p 00000000 00:00 0 
7f95125ea000-7f95126e8000 rw-p 00000000 00:00 0 
7f95126e8000-7f95126eb000 ---p 00000000 00:00 0 
7f95126eb000-7f95127e9000 rw-p 00000000 00:00 0 
7f95127e9000-7f95127ec000 ---p 00000000 00:00 0 
7f95127ec000-7f95128ea000 rw-p 00000000 00:00 0 
7f95128ea000-7f95128ed000 ---p 00000000 00:00 0 
7f95128ed000-7f95129eb000 rw-p 00000000 00:00 0 
7f95129eb000-7f95129ee000 ---p 00000000 00:00 0 
7f95129ee000-7f9512aec000 rw-p 00000000 00:00 0 
7f9512aec000-7f9512aef000 ---p 00000000 00:00 0 
7f9512aef000-7f9512bed000 rw-p 00000000 00:00 0 
7f9512bed000-7f9512bf0000 ---p 00000000 00:00 0 
7f9512bf0000-7f9512cee000 rw-p 00000000 00:00 0 
7f9512cee000-7f9512cf1000 ---p 00000000 00:00 0 
7f9512cf1000-7f9512def000 rw-p 00000000 00:00 0 
7f9512def000-7f9512df2000 ---p 00000000 00:00 0 
7f9512df2000-7f9512ef0000 rw-p 00000000 00:00 0 
7f9512ef0000-7f9512ef3000 ---p 00000000 00:00 0 
7f9512ef3000-7f9512ff1000 rw-p 00000000 00:00 0 
7f9512ff1000-7f9512ff4000 ---p 00000000 00:00 0 
7f9512ff4000-7f95130f2000 rw-p 00000000 00:00 0 
7f95130f2000-7f95130f5000 ---p 00000000 00:00 0 
7f95130f5000-7f95131f3000 rw-p 00000000 00:00 0 
7f95131f3000-7f95131f6000 ---p 00000000 00:00 0 
7f95131f6000-7f95132f4000 rw-p 00000000 00:00 0 
7f95132f4000-7f95132f7000 ---p 00000000 00:00 0 
7f95132f7000-7f95133f5000 rw-p 00000000 00:00 0 
7f95133f5000-7f95133f8000 ---p 00000000 00:00 0 
7f95133f8000-7f95134f6000 rw-p 00000000 00:00 0 
7f95134f6000-7f95134f9000 ---p 00000000 00:00 0 
7f95134f9000-7f95135f7000 rw-p 00000000 00:00 0 
7f95135f7000-7f95135fa000 ---p 00000000 00:00 0 
7f95135fa000-7f95136f8000 rw-p 00000000 00:00 0 
7f95136f8000-7f95136fb000 ---p 00000000 00:00 0 
7f95136fb000-7f95137f9000 rw-p 00000000 00:00 0 
7f95137f9000-7f95137fc000 ---p 00000000 00:00 0 
7f95137fc000-7f95138fa000 rw-p 00000000 00:00 0 
7f95138fa000-7f95138fd000 ---p 00000000 00:00 0 
7f95138fd000-7f95139fb000 rw-p 00000000 00:00 0 
7f95139fb000-7f95139fc000 r-xp 00000000 08:02 34741740                   /usr/lib/jvm/jdk1.7.0_04/jre/lib/amd64/librmi.so
7f95139fc000-7f9513bfb000 ---p 00001000 08:02 34741740                   /usr/lib/jvm/jdk1.7.0_04/jre/lib/amd64/librmi.so
7f9513bfb000-7f9513bfc000 rw-p 00000000 08:02 34741740                   /usr/lib/jvm/jdk1.7.0_04/jre/lib/amd64/librmi.so
7f9513bfc000-7f9513bff000 ---p 00000000 00:00 0 
7f9513bff000-7f9513cfd000 rw-p 00000000 00:00 0 
7f9513cfd000-7f9513d00000 ---p 00000000 00:00 0 
7f9513d00000-7f9513dfe000 rw-p 00000000 00:00 0 
7f9513dfe000-7f9513e01000 ---p 00000000 00:00 0 
7f9513e01000-7f9513eff000 rw-p 00000000 00:00 0 
7f9513eff000-7f9513f02000 ---p 00000000 00:00 0 
7f9513f02000-7f9514000000 rw-p 00000000 00:00 0 
7f9514000000-7f9514021000 rw-p 00000000 00:00 0 
7f9514021000-7f9518000000 ---p 00000000 00:00 0 
7f9518063000-7f9518066000 ---p 00000000 00:00 0 
7f9518066000-7f9518164000 rw-p 00000000 00:00 0 
7f9518164000-7f9518167000 ---p 00000000 00:00 0 
7f9518167000-7f9518265000 rw-p 00000000 00:00 0 
7f9518285000-7f9518286000 rw-p 00000000 00:00 0 
7f9518286000-7f9518287000 r--s 00003000 08:02 8260763                    /tmp/jetty-0.0.0.0-8161-aji.war-_aji-any-/webapp/WEB-INF/lib/json-simple-1.1.jar
7f9518287000-7f9518289000 r--s 00000000 08:02 8260762                    /tmp/jetty-0.0.0.0-8161-aji.war-_aji-any-/webapp/WEB-INF/lib/jolokia-jsr160-1.0.6-SNAPSHOT.jar
7f9518289000-7f951828e000 r--s 00035000 08:02 8260761                    /tmp/jetty-0.0.0.0-8161-aji.war-_aji-any-/webapp/WEB-INF/lib/jolokia-core-1.0.6-SNAPSHOT.jar
7f951828e000-7f951828f000 r--s 00003000 08:02 32114406                   /home/nwhitehead/.apmrouter/hotdir/jolokia.app/jolokia.lib/jolokia.war/WEB-INF/lib/json-simple-1.1.jar
7f951828f000-7f9518291000 r--s 00000000 08:02 32114404                   /home/nwhitehead/.apmrouter/hotdir/jolokia.app/jolokia.lib/jolokia.war/WEB-INF/lib/jolokia-jsr160-1.0.6-SNAPSHOT.jar
7f9518291000-7f9518296000 r--s 00035000 08:02 32114402                   /home/nwhitehead/.apmrouter/hotdir/jolokia.app/jolokia.lib/jolokia.war/WEB-INF/lib/jolokia-core-1.0.6-SNAPSHOT.jar
7f9518296000-7f9518297000 r--s 00001000 08:02 10100928                   /home/nwhitehead/.m2/repository/org/helios/apmrouter/apmrouter-cl/1.0-SNAPSHOT/apmrouter-cl-1.0-SNAPSHOT.jar
7f9518297000-7f951829a000 r--s 0000d000 08:02 35397220                   /home/nwhitehead/.m2/repository/org/helios/nash/1.0-SNAPSHOT/nash-1.0-SNAPSHOT.jar
7f951829a000-7f951829d000 r--s 00012000 08:02 31334936                   /home/nwhitehead/.m2/repository/javax/servlet/javax.servlet-api/3.0.1/javax.servlet-api-3.0.1.jar
7f951829d000-7f95182b8000 r--s 001a1000 08:02 34476075                   /home/nwhitehead/.m2/repository/org/eclipse/jetty/aggregate/jetty-all-server/8.1.7.v20120910/jetty-all-server-8.1.7.v20120910.jar
7f95182b8000-7f95182bb000 ---p 00000000 00:00 0 
7f95182bb000-7f95183b9000 rw-p 00000000 00:00 0 
7f95183b9000-7f95183bc000 ---p 00000000 00:00 0 
7f95183bc000-7f95184ba000 rw-p 00000000 00:00 0 
7f95184ba000-7f95184bd000 ---p 00000000 00:00 0 
7f95184bd000-7f95185bb000 rw-p 00000000 00:00 0 
7f95185bb000-7f95185be000 ---p 00000000 00:00 0 
7f95185be000-7f95186bc000 rw-p 00000000 00:00 0 
7f95186bc000-7f95186bf000 ---p 00000000 00:00 0 
7f95186bf000-7f95187bd000 rw-p 00000000 00:00 0 
7f95187bd000-7f95187c2000 r--s 00088000 08:02 30279724                   /usr/lib/jvm/jdk1.7.0_04/jre/lib/jsse.jar
7f95187c2000-7f95187ca000 r-xp 00000000 08:02 34741773                   /usr/lib/jvm/jdk1.7.0_04/jre/lib/amd64/libmanagement.so
7f95187ca000-7f95189c9000 ---p 00008000 08:02 34741773                   /usr/lib/jvm/jdk1.7.0_04/jre/lib/amd64/libmanagement.so
7f95189c9000-7f95189ca000 rw-p 00007000 08:02 34741773                   /usr/lib/jvm/jdk1.7.0_04/jre/lib/amd64/libmanagement.so
7f95189ca000-7f95189cd000 ---p 00000000 00:00 0 
7f95189cd000-7f9518acb000 rw-p 00000000 00:00 0 
7f9518acb000-7f9518ae0000 r-xp 00000000 08:02 34741739                   /usr/lib/jvm/jdk1.7.0_04/jre/lib/amd64/libnet.so
7f9518ae0000-7f9518ce0000 ---p 00015000 08:02 34741739                   /usr/lib/jvm/jdk1.7.0_04/jre/lib/amd64/libnet.so
7f9518ce0000-7f9518ce1000 rw-p 00015000 08:02 34741739                   /usr/lib/jvm/jdk1.7.0_04/jre/lib/amd64/libnet.so
7f9518ce1000-7f9518cf1000 r-xp 00000000 08:02 34741734                   /usr/lib/jvm/jdk1.7.0_04/jre/lib/amd64/libnio.so
7f9518cf1000-7f9518ef1000 ---p 00010000 08:02 34741734                   /usr/lib/jvm/jdk1.7.0_04/jre/lib/amd64/libnio.so
7f9518ef1000-7f9518ef2000 rw-p 00010000 08:02 34741734                   /usr/lib/jvm/jdk1.7.0_04/jre/lib/amd64/libnio.so
7f9518ef2000-7f9518efb000 r--s 00254000 08:02 30279729                   /usr/lib/jvm/jdk1.7.0_04/jre/lib/resources.jar
7f9518efb000-7f9518f05000 r--s 0008a000 08:02 39065843                   /home/nwhitehead/.m2/repository/org/apache/zookeeper/zookeeper/3.3.4/zookeeper-3.3.4.jar
7f9518f05000-7f9518f0a000 r--s 00016000 08:02 30278871                   /home/nwhitehead/.m2/repository/xml-apis/xml-apis/1.0.b2/xml-apis-1.0.b2.jar
7f9518f0a000-7f9518f11000 r--s 00032000 08:02 36574803                   /home/nwhitehead/.m2/repository/org/springframework/spring-tx/3.0.7.RELEASE/spring-tx-3.0.7.RELEASE.jar
7f9518f11000-7f9518f17000 r--s 00033000 08:02 8789171                    /home/nwhitehead/.m2/repository/org/springframework/spring-test/3.1.1.RELEASE/spring-test-3.1.1.RELEASE.jar
7f9518f17000-7f9518f21000 r--s 00055000 08:02 36577268                   /home/nwhitehead/.m2/repository/org/springframework/spring-jdbc/3.0.7.RELEASE/spring-jdbc-3.0.7.RELEASE.jar
7f9518f21000-7f9518f25000 r--s 00026000 08:02 8789167                    /home/nwhitehead/.m2/repository/org/springframework/spring-expression/3.0.7.RELEASE/spring-expression-3.0.7.RELEASE.jar
7f9518f25000-7f9518f2e000 r--s 00055000 08:02 8654891                    /home/nwhitehead/.m2/repository/org/springframework/spring-core/3.0.7.RELEASE/spring-core-3.0.7.RELEASE.jar
7f9518f2e000-7f9518f3f000 r--s 00093000 08:02 8654877                    /home/nwhitehead/.m2/repository/org/springframework/spring-context/3.0.7.RELEASE/spring-context-3.0.7.RELEASE.jar
7f9518f3f000-7f9518f4a000 r--s 0007d000 08:02 8654888                    /home/nwhitehead/.m2/repository/org/springframework/spring-beans/3.0.7.RELEASE/spring-beans-3.0.7.RELEASE.jar
7f9518f4a000-7f9518f4b000 r--s 0000c000 08:02 8654885                    /home/nwhitehead/.m2/repository/org/springframework/spring-asm/3.0.7.RELEASE/spring-asm-3.0.7.RELEASE.jar
7f9518f4b000-7f9518f54000 r--s 00046000 08:02 8654882                    /home/nwhitehead/.m2/repository/org/springframework/spring-aop/3.0.7.RELEASE/spring-aop-3.0.7.RELEASE.jar
7f9518f54000-7f9518f55000 r--s 00002000 08:02 8522569                    /home/nwhitehead/.m2/repository/org/slf4j/slf4j-log4j12/1.6.6/slf4j-log4j12-1.6.6.jar
7f9518f55000-7f9518f57000 r--s 00005000 08:02 8391930                    /home/nwhitehead/.m2/repository/org/slf4j/slf4j-api/1.6.6/slf4j-api-1.6.6.jar
7f9518f57000-7f9518f5f000 r--s 0004a000 08:02 12060630                   /home/nwhitehead/.m2/repository/org/springframework/org.springframework.orm/3.0.7.RELEASE/org.springframework.orm-3.0.7.RELEASE.jar
7f9518f5f000-7f9518f61000 r--s 00008000 08:02 7475830                    /home/nwhitehead/.m2/repository/com/cgbystrom/netty-tools/1.2.7/netty-tools-1.2.7.jar
7f9518f61000-7f9518f63000 r--s 00005000 08:02 37495232                   /home/nwhitehead/.m2/repository/org/slf4j/slf4j-api/1.6.1/slf4j-api-1.6.1.jar
7f9518f63000-7f9518f78000 r--s 000fd000 08:02 33689857                   /home/nwhitehead/.m2/repository/io/netty/netty/3.5.2.Final/netty-3.5.2.Final.jar
7f9518f78000-7f9518f81000 r--s 0004d000 08:02 33955993                   /home/nwhitehead/.m2/repository/ch/qos/logback/logback-core/1.0.6/logback-core-1.0.6.jar
7f9518f81000-7f9518f87000 r--s 00038000 08:02 33689862                   /home/nwhitehead/.m2/repository/ch/qos/logback/logback-classic/1.0.6/logback-classic-1.0.6.jar
7f9518f87000-7f9518f89000 r--s 00004000 08:02 37894907                   /home/nwhitehead/.m2/repository/org/slf4j/log4j-over-slf4j/1.6.4/log4j-over-slf4j-1.6.4.jar
7f9518f89000-7f9518f8c000 r--s 00006000 08:02 30410314                   /home/nwhitehead/.m2/repository/com/google/code/findbugs/jsr305/1.3.9/jsr305-1.3.9.jar
7f9518f8c000-7f9518f8e000 r--s 00001000 08:02 30019837                   /home/nwhitehead/.m2/repository/net/javacrumbs/json-xml/1.2/json-xml-1.2.jar
7f9518f8e000-7f9518f8f000 r--s 00005000 08:02 12060588                   /home/nwhitehead/.m2/repository/com/googlecode/json-simple/json-simple/1.1.1/json-simple-1.1.1.jar
7f9518f8f000-7f9518f91000 r--s 0000a000 08:02 39322457                   /home/nwhitehead/.m2/repository/org/json/json/20090211/json-20090211.jar
7f9518f91000-7f9518fa6000 r--s 000f9000 08:02 33035637                   /home/nwhitehead/.m2/repository/com/sun/xml/bind/jaxb-impl/2.2.5/jaxb-impl-2.2.5.jar
7f9518fa6000-7f9518fc9000 r--s 00211000 08:02 38143918                   /home/nwhitehead/.m2/repository/org/hibernate/hibernate-core/3.3.2.GA/hibernate-core-3.3.2.GA.jar
7f9518fc9000-7f9518fd3000 r--s 0012f000 08:02 32906390                   /home/nwhitehead/.m2/repository/com/h2database/h2/1.3.168/h2-1.3.168.jar
7f9518fd3000-7f9518ff5000 r--s 00195000 08:02 40896398                   /home/nwhitehead/.m2/repository/com/google/guava/guava/12.0/guava-12.0.jar
7f9518ff5000-7f9518ffa000 r--s 0002a000 08:02 12847726                   /home/nwhitehead/.m2/repository/com/google/code/gson/gson/2.2.2/gson-2.2.2.jar
7f9518ffa000-7f9518ffb000 ---p 00000000 00:00 0 
7f9518ffb000-7f95190fb000 rw-p 00000000 00:00 0 
7f95190fb000-7f95190fe000 ---p 00000000 00:00 0 
7f95190fe000-7f95191fc000 rw-p 00000000 00:00 0 
7f95191fc000-7f95191ff000 ---p 00000000 00:00 0 
7f95191ff000-7f95192fd000 rw-p 00000000 00:00 0 
7f95192fd000-7f9519300000 ---p 00000000 00:00 0 
7f9519300000-7f95193fe000 rw-p 00000000 00:00 0 
7f95193fe000-7f9519401000 ---p 00000000 00:00 0 
7f9519401000-7f95194ff000 rw-p 00000000 00:00 0 
7f95194ff000-7f9519502000 ---p 00000000 00:00 0 
7f9519502000-7f9519600000 rw-p 00000000 00:00 0 
7f9519600000-7f9519603000 ---p 00000000 00:00 0 
7f9519603000-7f9519701000 rw-p 00000000 00:00 0 
7f9519701000-7f9519705000 r-xp 00000000 08:02 34741752                   /usr/lib/jvm/jdk1.7.0_04/jre/lib/amd64/libdt_socket.so
7f9519705000-7f9519904000 ---p 00004000 08:02 34741752                   /usr/lib/jvm/jdk1.7.0_04/jre/lib/amd64/libdt_socket.so
7f9519904000-7f9519905000 rw-p 00003000 08:02 34741752                   /usr/lib/jvm/jdk1.7.0_04/jre/lib/amd64/libdt_socket.so
7f9519905000-7f9519908000 ---p 00000000 00:00 0 
7f9519908000-7f9519a06000 rw-p 00000000 00:00 0 
7f9519a06000-7f9519a09000 ---p 00000000 00:00 0 
7f9519a09000-7f9519b07000 rw-p 00000000 00:00 0 
7f9519b07000-7f9519b0a000 ---p 00000000 00:00 0 
7f9519b0a000-7f9519c08000 rw-p 00000000 00:00 0 
7f9519c08000-7f9519c09000 ---p 00000000 00:00 0 
7f9519c09000-7f951c000000 rw-p 00000000 00:00 0 
7f951c000000-7f951c021000 rw-p 00000000 00:00 0 
7f951c021000-7f9520000000 ---p 00000000 00:00 0 
7f9520000000-7f9520004000 r--s 00034000 08:02 12060591                   /home/nwhitehead/.m2/repository/org/codehaus/jackson/jackson-core-asl/1.8.1/jackson-core-asl-1.8.1.jar
7f9520004000-7f9520063000 r--s 00589000 08:02 36185006                   /home/nwhitehead/.m2/repository/org/codehaus/groovy/groovy-all/2.0.1/groovy-all-2.0.1.jar
7f9520063000-7f9520068000 r--s 00048000 08:02 32511931                   /home/nwhitehead/.m2/repository/dom4j/dom4j/1.6.1/dom4j-1.6.1.jar
7f9520068000-7f952006b000 r--s 0002a000 08:02 31859672                   /home/nwhitehead/.m2/repository/net/opentsdb/core/1.1.0/core-1.1.0.jar
7f952006b000-7f952006e000 r--s 00015000 08:02 29624519                   /home/nwhitehead/.m2/repository/commons-pool/commons-pool/1.5.4/commons-pool-1.5.4.jar
7f952006e000-7f9520070000 r--s 0000d000 08:02 29624438                   /home/nwhitehead/.m2/repository/commons-logging/commons-logging/1.1.1/commons-logging-1.1.1.jar
7f9520070000-7f9520073000 r--s 00025000 08:02 35001736                   /home/nwhitehead/.m2/repository/commons-dbcp/commons-dbcp/1.4/commons-dbcp-1.4.jar
7f9520073000-7f9520080000 r--s 0007c000 08:02 31460551                   /home/nwhitehead/.m2/repository/commons-collections/commons-collections/3.1/commons-collections-3.1.jar
7f9520080000-7f9520083000 r--s 00012000 08:02 8789170                    /home/nwhitehead/.m2/repository/org/apache/camel/camel-test-spring/2.10.0/camel-test-spring-2.10.0.jar
7f9520083000-7f9520085000 r--s 0000c000 08:02 8522586                    /home/nwhitehead/.m2/repository/org/apache/camel/camel-test/2.10.0/camel-test-2.10.0.jar
7f9520085000-7f952008a000 r--s 00033000 08:02 8654876                    /home/nwhitehead/.m2/repository/org/apache/camel/camel-spring/2.10.0/camel-spring-2.10.0.jar
7f952008a000-7f952008c000 r--s 0000e000 08:02 8522551                    /home/nwhitehead/.m2/repository/org/apache/camel/camel-netty/2.10.0/camel-netty-2.10.0.jar
7f952008c000-7f95200b5000 r--s 001f1000 08:02 8391906                    /home/nwhitehead/.m2/repository/org/apache/camel/camel-core/2.10.0/camel-core-2.10.0.jar
7f95200b5000-7f95200b9000 r--s 00024000 08:02 40896395                   /home/nwhitehead/.m2/repository/org/hbase/asynchbase/1.3.2/asynchbase-1.3.2.jar
7f95200b9000-7f95200c2000 r--s 0006c000 08:02 30814650                   /home/nwhitehead/.m2/repository/com/ning/async-http-client/1.7.6/async-http-client-1.7.6.jar
7f95200c2000-7f95200c3000 r--s 00003000 08:02 36707454                   /home/nwhitehead/.m2/repository/com/stumbleupon/async/1.2.0/async-1.2.0.jar
7f95200c3000-7f95200c9000 r--s 00054000 08:02 39194404                   /home/nwhitehead/.m2/repository/org/snmp4j/snmp4j/1.9.1f/snmp4j-1.9.1f.jar
7f95200c9000-7f9521000000 rw-p 00000000 00:00 0 
7f9521000000-7f95215e0000 rwxp 00000000 00:00 0 
7f95215e0000-7f9525a47000 rw-p 00000000 00:00 0 
7f9525a47000-7f9528000000 ---p 00000000 00:00 0 
7f9528000000-7f9528016000 r--s 000fd000 08:02 31465379                   /home/nwhitehead/.m2/repository/io/netty/netty/3.5.8.Final/netty-3.5.8.Final.jar
7f9528016000-7f9528a91000 rw-p 00000000 00:00 0 
7f9528a91000-7f9528c51000 r--s 03a2e000 08:02 30279738                   /usr/lib/jvm/jdk1.7.0_04/jre/lib/rt.jar
7f9528c51000-7f9528c79000 rw-p 00000000 00:00 0 
7f9528c79000-7f9528c7a000 ---p 00000000 00:00 0 
7f9528c7a000-7f9528d7a000 rw-p 00000000 00:00 0 
7f9528d7a000-7f9528d7b000 ---p 00000000 00:00 0 
7f9528d7b000-7f9528e7b000 rw-p 00000000 00:00 0 
7f9528e7b000-7f9528e7c000 ---p 00000000 00:00 0 
7f9528e7c000-7f9528f7c000 rw-p 00000000 00:00 0 
7f9528f7c000-7f9528f7d000 ---p 00000000 00:00 0 
7f9528f7d000-7f952907d000 rw-p 00000000 00:00 0 
7f952907d000-7f952907e000 ---p 00000000 00:00 0 
7f952907e000-7f952917e000 rw-p 00000000 00:00 0 
7f952917e000-7f952917f000 ---p 00000000 00:00 0 
7f952917f000-7f952927f000 rw-p 00000000 00:00 0 
7f952927f000-7f9529280000 ---p 00000000 00:00 0 
7f9529280000-7f9529380000 rw-p 00000000 00:00 0 
7f9529380000-7f9529381000 ---p 00000000 00:00 0 
7f9529381000-7f9529496000 rw-p 00000000 00:00 0 
7f9529496000-7f95294aa000 rw-p 00000000 00:00 0 
7f95294aa000-7f95294fe000 rw-p 00000000 00:00 0 
7f95294fe000-7f95299e2000 rw-p 00000000 00:00 0 
7f95299e2000-7f95299f7000 rw-p 00000000 00:00 0 
7f95299f7000-7f9529a0b000 rw-p 00000000 00:00 0 
7f9529a0b000-7f9529a5f000 rw-p 00000000 00:00 0 
7f9529a5f000-7f9529f43000 rw-p 00000000 00:00 0 
7f9529f43000-7f952a148000 rw-p 00000000 00:00 0 
7f952a148000-7f952a15e000 ---p 00000000 00:00 0 
7f952a15e000-7f952a1df000 rw-p 00000000 00:00 0 
7f952a1df000-7f952a1e0000 rw-p 00000000 00:00 0 
7f952a1e0000-7f952a1fa000 r-xp 00000000 08:02 34741776                   /usr/lib/jvm/jdk1.7.0_04/jre/lib/amd64/libzip.so
7f952a1fa000-7f952a3fa000 ---p 0001a000 08:02 34741776                   /usr/lib/jvm/jdk1.7.0_04/jre/lib/amd64/libzip.so
7f952a3fa000-7f952a3fb000 rw-p 0001a000 08:02 34741776                   /usr/lib/jvm/jdk1.7.0_04/jre/lib/amd64/libzip.so
7f952a3fb000-7f952a407000 r-xp 00000000 08:02 6292213                    /lib/x86_64-linux-gnu/libnss_files-2.15.so
7f952a407000-7f952a606000 ---p 0000c000 08:02 6292213                    /lib/x86_64-linux-gnu/libnss_files-2.15.so
7f952a606000-7f952a607000 r--p 0000b000 08:02 6292213                    /lib/x86_64-linux-gnu/libnss_files-2.15.so
7f952a607000-7f952a608000 rw-p 0000c000 08:02 6292213                    /lib/x86_64-linux-gnu/libnss_files-2.15.so
7f952a608000-7f952a612000 r-xp 00000000 08:02 6292209                    /lib/x86_64-linux-gnu/libnss_nis-2.15.so
7f952a612000-7f952a812000 ---p 0000a000 08:02 6292209                    /lib/x86_64-linux-gnu/libnss_nis-2.15.so
7f952a812000-7f952a813000 r--p 0000a000 08:02 6292209                    /lib/x86_64-linux-gnu/libnss_nis-2.15.so
7f952a813000-7f952a814000 rw-p 0000b000 08:02 6292209                    /lib/x86_64-linux-gnu/libnss_nis-2.15.so
7f952a814000-7f952a82b000 r-xp 00000000 08:02 6292222                    /lib/x86_64-linux-gnu/libnsl-2.15.so
7f952a82b000-7f952aa2a000 ---p 00017000 08:02 6292222                    /lib/x86_64-linux-gnu/libnsl-2.15.so
7f952aa2a000-7f952aa2b000 r--p 00016000 08:02 6292222                    /lib/x86_64-linux-gnu/libnsl-2.15.so
7f952aa2b000-7f952aa2c000 rw-p 00017000 08:02 6292222                    /lib/x86_64-linux-gnu/libnsl-2.15.so
7f952aa2c000-7f952aa2e000 rw-p 00000000 00:00 0 
7f952aa2e000-7f952aa36000 r-xp 00000000 08:02 6292214                    /lib/x86_64-linux-gnu/libnss_compat-2.15.so
7f952aa36000-7f952ac35000 ---p 00008000 08:02 6292214                    /lib/x86_64-linux-gnu/libnss_compat-2.15.so
7f952ac35000-7f952ac36000 r--p 00007000 08:02 6292214                    /lib/x86_64-linux-gnu/libnss_compat-2.15.so
7f952ac36000-7f952ac37000 rw-p 00008000 08:02 6292214                    /lib/x86_64-linux-gnu/libnss_compat-2.15.so
7f952ac37000-7f952b31a000 r--p 00000000 08:02 30808157                   /usr/lib/locale/locale-archive
7f952b31a000-7f952b31d000 r-xp 00000000 08:02 34741745                   /usr/lib/jvm/jdk1.7.0_04/jre/lib/amd64/libnpt.so
7f952b31d000-7f952b51c000 ---p 00003000 08:02 34741745                   /usr/lib/jvm/jdk1.7.0_04/jre/lib/amd64/libnpt.so
7f952b51c000-7f952b51d000 rw-p 00002000 08:02 34741745                   /usr/lib/jvm/jdk1.7.0_04/jre/lib/amd64/libnpt.so
7f952b51d000-7f952b556000 r-xp 00000000 08:02 34741780                   /usr/lib/jvm/jdk1.7.0_04/jre/lib/amd64/libjdwp.so
7f952b556000-7f952b755000 ---p 00039000 08:02 34741780                   /usr/lib/jvm/jdk1.7.0_04/jre/lib/amd64/libjdwp.so
7f952b755000-7f952b757000 rw-p 00038000 08:02 34741780                   /usr/lib/jvm/jdk1.7.0_04/jre/lib/amd64/libjdwp.so
7f952b757000-7f952b780000 r-xp 00000000 08:02 34741764                   /usr/lib/jvm/jdk1.7.0_04/jre/lib/amd64/libjava.so
7f952b780000-7f952b980000 ---p 00029000 08:02 34741764                   /usr/lib/jvm/jdk1.7.0_04/jre/lib/amd64/libjava.so
7f952b980000-7f952b982000 rw-p 00029000 08:02 34741764                   /usr/lib/jvm/jdk1.7.0_04/jre/lib/amd64/libjava.so
7f952b982000-7f952b991000 r-xp 00000000 08:02 34741762                   /usr/lib/jvm/jdk1.7.0_04/jre/lib/amd64/libverify.so
7f952b991000-7f952bb90000 ---p 0000f000 08:02 34741762                   /usr/lib/jvm/jdk1.7.0_04/jre/lib/amd64/libverify.so
7f952bb90000-7f952bb92000 rw-p 0000e000 08:02 34741762                   /usr/lib/jvm/jdk1.7.0_04/jre/lib/amd64/libverify.so
7f952bb92000-7f952bb99000 r-xp 00000000 08:02 6292206                    /lib/x86_64-linux-gnu/librt-2.15.so
7f952bb99000-7f952bd98000 ---p 00007000 08:02 6292206                    /lib/x86_64-linux-gnu/librt-2.15.so
7f952bd98000-7f952bd99000 r--p 00006000 08:02 6292206                    /lib/x86_64-linux-gnu/librt-2.15.so
7f952bd99000-7f952bd9a000 rw-p 00007000 08:02 6292206                    /lib/x86_64-linux-gnu/librt-2.15.so
7f952bd9a000-7f952be95000 r-xp 00000000 08:02 6292211                    /lib/x86_64-linux-gnu/libm-2.15.so
7f952be95000-7f952c094000 ---p 000fb000 08:02 6292211                    /lib/x86_64-linux-gnu/libm-2.15.so
7f952c094000-7f952c095000 r--p 000fa000 08:02 6292211                    /lib/x86_64-linux-gnu/libm-2.15.so
7f952c095000-7f952c096000 rw-p 000fb000 08:02 6292211                    /lib/x86_64-linux-gnu/libm-2.15.so
7f952c096000-7f952cad7000 r-xp 00000000 08:02 34741769                   /usr/lib/jvm/jdk1.7.0_04/jre/lib/amd64/server/libjvm.so
7f952cad7000-7f952ccd6000 ---p 00a41000 08:02 34741769                   /usr/lib/jvm/jdk1.7.0_04/jre/lib/amd64/server/libjvm.so
7f952ccd6000-7f952cd7a000 rw-p 00a40000 08:02 34741769                   /usr/lib/jvm/jdk1.7.0_04/jre/lib/amd64/server/libjvm.so
7f952cd7a000-7f952cdb5000 rw-p 00000000 00:00 0 
7f952cdb5000-7f952cf6a000 r-xp 00000000 08:02 6292132                    /lib/x86_64-linux-gnu/libc-2.15.so
7f952cf6a000-7f952d169000 ---p 001b5000 08:02 6292132                    /lib/x86_64-linux-gnu/libc-2.15.so
7f952d169000-7f952d16d000 r--p 001b4000 08:02 6292132                    /lib/x86_64-linux-gnu/libc-2.15.so
7f952d16d000-7f952d16f000 rw-p 001b8000 08:02 6292132                    /lib/x86_64-linux-gnu/libc-2.15.so
7f952d16f000-7f952d174000 rw-p 00000000 00:00 0 
7f952d174000-7f952d176000 r-xp 00000000 08:02 6292130                    /lib/x86_64-linux-gnu/libdl-2.15.so
7f952d176000-7f952d376000 ---p 00002000 08:02 6292130                    /lib/x86_64-linux-gnu/libdl-2.15.so
7f952d376000-7f952d377000 r--p 00002000 08:02 6292130                    /lib/x86_64-linux-gnu/libdl-2.15.so
7f952d377000-7f952d378000 rw-p 00003000 08:02 6292130                    /lib/x86_64-linux-gnu/libdl-2.15.so
7f952d378000-7f952d38e000 r-xp 00000000 08:02 34741744                   /usr/lib/jvm/jdk1.7.0_04/jre/lib/amd64/jli/libjli.so
7f952d38e000-7f952d58d000 ---p 00016000 08:02 34741744                   /usr/lib/jvm/jdk1.7.0_04/jre/lib/amd64/jli/libjli.so
7f952d58d000-7f952d58e000 rw-p 00015000 08:02 34741744                   /usr/lib/jvm/jdk1.7.0_04/jre/lib/amd64/jli/libjli.so
7f952d58e000-7f952d5a6000 r-xp 00000000 08:02 6292134                    /lib/x86_64-linux-gnu/libpthread-2.15.so
7f952d5a6000-7f952d7a5000 ---p 00018000 08:02 6292134                    /lib/x86_64-linux-gnu/libpthread-2.15.so
7f952d7a5000-7f952d7a6000 r--p 00017000 08:02 6292134                    /lib/x86_64-linux-gnu/libpthread-2.15.so
7f952d7a6000-7f952d7a7000 rw-p 00018000 08:02 6292134                    /lib/x86_64-linux-gnu/libpthread-2.15.so
7f952d7a7000-7f952d7ab000 rw-p 00000000 00:00 0 
7f952d7ab000-7f952d7cd000 r-xp 00000000 08:02 6292217                    /lib/x86_64-linux-gnu/ld-2.15.so
7f952d7cd000-7f952d7d0000 r--s 00018000 08:02 35261639                   /home/nwhitehead/.m2/repository/org/fusesource/jansi/jansi/1.4/jansi-1.4.jar
7f952d7d0000-7f952d7d7000 r--s 00062000 08:02 35261579                   /home/nwhitehead/.m2/repository/org/hyperic/sigar/1.6.4/sigar-1.6.4.jar
7f952d7d7000-7f952d7e0000 r--s 0006d000 08:02 30278826                   /home/nwhitehead/.m2/repository/log4j/log4j/1.2.16/log4j-1.2.16.jar
7f952d7e0000-7f952d7e6000 r--s 00034000 08:02 29493006                   /home/nwhitehead/.m2/repository/junit/junit/4.8.2/junit-4.8.2.jar
7f952d7e6000-7f952d7fe000 rw-p 00000000 00:00 0 
7f952d7fe000-7f952d8a6000 rw-p 00000000 00:00 0 
7f952d8a6000-7f952d8a9000 ---p 00000000 00:00 0 
7f952d8a9000-7f952d9ab000 rw-p 00000000 00:00 0 
7f952d9ab000-7f952d9ad000 r--s 00003000 08:02 37496863                   /home/nwhitehead/.m2/repository/org/slf4j/jcl-over-slf4j/1.6.4/jcl-over-slf4j-1.6.4.jar
7f952d9ad000-7f952d9af000 r--s 00016000 08:02 31459454                   /home/nwhitehead/.m2/repository/com/github/stephenc/high-scale-lib/high-scale-lib/1.1.4/high-scale-lib-1.1.4.jar
7f952d9af000-7f952d9b8000 r--s 00098000 08:02 36969372                   /home/nwhitehead/.m2/repository/org/javassist/javassist/3.16.1-GA/javassist-3.16.1-GA.jar
7f952d9b8000-7f952d9ba000 r--s 00000000 08:02 31854785                   /home/nwhitehead/.m2/repository/aopalliance/aopalliance/1.0/aopalliance-1.0.jar
7f952d9ba000-7f952d9c0000 r--s 00067000 08:02 29755657                   /home/nwhitehead/.m2/repository/antlr/antlr/2.7.6/antlr-2.7.6.jar
7f952d9c0000-7f952d9c1000 r--s 00003000 08:02 29890335                   /home/nwhitehead/.m2/repository/javax/transaction/jta/1.1/jta-1.1.jar
7f952d9c1000-7f952d9c9000 rw-s 00000000 08:02 7475846                    /tmp/hsperfdata_nwhitehead/21394
7f952d9c9000-7f952d9ca000 rw-p 00000000 00:00 0 
7f952d9ca000-7f952d9cb000 ---p 00000000 00:00 0 
7f952d9cb000-7f952d9cd000 rw-p 00000000 00:00 0 
7f952d9cd000-7f952d9ce000 r--p 00022000 08:02 6292217                    /lib/x86_64-linux-gnu/ld-2.15.so
7f952d9ce000-7f952d9d0000 rw-p 00023000 08:02 6292217                    /lib/x86_64-linux-gnu/ld-2.15.so
7fff79824000-7fff79846000 rw-p 00000000 00:00 0                          [stack]
7fff799be000-7fff799bf000 r-xp 00000000 00:00 0                          [vdso]
ffffffffff600000-ffffffffff601000 r-xp 00000000 00:00 0                  [vsyscall]

VM Arguments:
jvm_args: -agentlib:jdwp=transport=dt_socket,suspend=y,address=localhost:36880 -Dfile.encoding=UTF-8 
java_command: org.helios.apmrouter.APMRouter ./src/test/resources/server
Launcher Type: SUN_STANDARD

Environment Variables:
PATH=/home/nwhitehead/bin:/usr/lib/lightdm/lightdm:/usr/local/sbin:/usr/local/bin:/usr/sbin:/usr/bin:/sbin:/bin:/usr/games
SHELL=/bin/bash
DISPLAY=:0

Signal Handlers:
SIGSEGV: [libjvm.so+0x8a0cb0], sa_mask[0]=0x7ffbfeff, sa_flags=0x10000004
SIGBUS: [libjvm.so+0x8a0cb0], sa_mask[0]=0x7ffbfeff, sa_flags=0x10000004
SIGFPE: [libjvm.so+0x73d630], sa_mask[0]=0x7ffbfeff, sa_flags=0x10000004
SIGPIPE: [libjvm.so+0x73d630], sa_mask[0]=0x7ffbfeff, sa_flags=0x10000004
SIGXFSZ: [libjvm.so+0x73d630], sa_mask[0]=0x7ffbfeff, sa_flags=0x10000004
SIGILL: [libjvm.so+0x73d630], sa_mask[0]=0x7ffbfeff, sa_flags=0x10000004
SIGUSR1: SIG_DFL, sa_mask[0]=0x00000000, sa_flags=0x00000000
SIGUSR2: [libjvm.so+0x73cf80], sa_mask[0]=0x00000004, sa_flags=0x10000004
SIGHUP: [libjvm.so+0x73f310], sa_mask[0]=0x7ffbfeff, sa_flags=0x10000004
SIGINT: [libjvm.so+0x73f310], sa_mask[0]=0x7ffbfeff, sa_flags=0x10000004
SIGTERM: [libjvm.so+0x73f310], sa_mask[0]=0x7ffbfeff, sa_flags=0x10000004
SIGQUIT: [libjvm.so+0x73f310], sa_mask[0]=0x7ffbfeff, sa_flags=0x10000004


---------------  S Y S T E M  ---------------

OS:wheezy/sid

uname:Linux 3.2.0-33-generic #52-Ubuntu SMP Thu Oct 18 16:29:15 UTC 2012 x86_64
libc:glibc 2.15 NPTL 2.15 
rlimit: STACK 8192k, CORE 0k, NPROC 128088, NOFILE 4096, AS infinity
load average:0.15 0.30 0.32

/proc/meminfo:
MemTotal:       16412916 kB
MemFree:         8979356 kB
Buffers:          344376 kB
Cached:          1763764 kB
SwapCached:            0 kB
Active:          5536504 kB
Inactive:        1386096 kB
Active(anon):    4816124 kB
Inactive(anon):    62664 kB
Active(file):     720380 kB
Inactive(file):  1323432 kB
Unevictable:         160 kB
Mlocked:             160 kB
SwapTotal:      31249404 kB
SwapFree:       31249404 kB
Dirty:              9424 kB
Writeback:             0 kB
AnonPages:       4815276 kB
Mapped:           354624 kB
Shmem:             64336 kB
Slab:             173308 kB
SReclaimable:     120900 kB
SUnreclaim:        52408 kB
KernelStack:        9176 kB
PageTables:        66652 kB
NFS_Unstable:          0 kB
Bounce:                0 kB
WritebackTmp:          0 kB
CommitLimit:    39455860 kB
Committed_AS:   11230112 kB
VmallocTotal:   34359738367 kB
VmallocUsed:      151304 kB
VmallocChunk:   34359578620 kB
HardwareCorrupted:     0 kB
AnonHugePages:         0 kB
HugePages_Total:       0
HugePages_Free:        0
HugePages_Rsvd:        0
HugePages_Surp:        0
Hugepagesize:       2048 kB
DirectMap4k:      202524 kB
DirectMap2M:    16553984 kB


CPU:total 8 (4 cores per cpu, 2 threads per core) family 6 model 42 stepping 7, cmov, cx8, fxsr, mmx, sse, sse2, sse3, ssse3, sse4.1, sse4.2, popcnt, avx, ht, tsc, tscinvbit

/proc/cpuinfo:
processor	: 0
vendor_id	: GenuineIntel
cpu family	: 6
model		: 42
model name	: Intel(R) Core(TM) i7-2860QM CPU @ 2.50GHz
stepping	: 7
microcode	: 0x1b
cpu MHz		: 2501.000
cache size	: 8192 KB
physical id	: 0
siblings	: 8
core id		: 0
cpu cores	: 4
apicid		: 0
initial apicid	: 0
fpu		: yes
fpu_exception	: yes
cpuid level	: 13
wp		: yes
flags		: fpu vme de pse tsc msr pae mce cx8 apic sep mtrr pge mca cmov pat pse36 clflush dts acpi mmx fxsr sse sse2 ss ht tm pbe syscall nx rdtscp lm constant_tsc arch_perfmon pebs bts rep_good nopl xtopology nonstop_tsc aperfmperf pni pclmulqdq dtes64 monitor ds_cpl vmx smx est tm2 ssse3 cx16 xtpr pdcm pcid sse4_1 sse4_2 x2apic popcnt tsc_deadline_timer aes xsave avx lahf_lm ida arat epb xsaveopt pln pts dtherm tpr_shadow vnmi flexpriority ept vpid
bogomips	: 4988.55
clflush size	: 64
cache_alignment	: 64
address sizes	: 36 bits physical, 48 bits virtual
power management:

processor	: 1
vendor_id	: GenuineIntel
cpu family	: 6
model		: 42
model name	: Intel(R) Core(TM) i7-2860QM CPU @ 2.50GHz
stepping	: 7
microcode	: 0x1b
cpu MHz		: 2501.000
cache size	: 8192 KB
physical id	: 0
siblings	: 8
core id		: 1
cpu cores	: 4
apicid		: 2
initial apicid	: 2
fpu		: yes
fpu_exception	: yes
cpuid level	: 13
wp		: yes
flags		: fpu vme de pse tsc msr pae mce cx8 apic sep mtrr pge mca cmov pat pse36 clflush dts acpi mmx fxsr sse sse2 ss ht tm pbe syscall nx rdtscp lm constant_tsc arch_perfmon pebs bts rep_good nopl xtopology nonstop_tsc aperfmperf pni pclmulqdq dtes64 monitor ds_cpl vmx smx est tm2 ssse3 cx16 xtpr pdcm pcid sse4_1 sse4_2 x2apic popcnt tsc_deadline_timer aes xsave avx lahf_lm ida arat epb xsaveopt pln pts dtherm tpr_shadow vnmi flexpriority ept vpid
bogomips	: 4988.44
clflush size	: 64
cache_alignment	: 64
address sizes	: 36 bits physical, 48 bits virtual
power management:

processor	: 2
vendor_id	: GenuineIntel
cpu family	: 6
model		: 42
model name	: Intel(R) Core(TM) i7-2860QM CPU @ 2.50GHz
stepping	: 7
microcode	: 0x1b
cpu MHz		: 2501.000
cache size	: 8192 KB
physical id	: 0
siblings	: 8
core id		: 2
cpu cores	: 4
apicid		: 4
initial apicid	: 4
fpu		: yes
fpu_exception	: yes
cpuid level	: 13
wp		: yes
flags		: fpu vme de pse tsc msr pae mce cx8 apic sep mtrr pge mca cmov pat pse36 clflush dts acpi mmx fxsr sse sse2 ss ht tm pbe syscall nx rdtscp lm constant_tsc arch_perfmon pebs bts rep_good nopl xtopology nonstop_tsc aperfmperf pni pclmulqdq dtes64 monitor ds_cpl vmx smx est tm2 ssse3 cx16 xtpr pdcm pcid sse4_1 sse4_2 x2apic popcnt tsc_deadline_timer aes xsave avx lahf_lm ida arat epb xsaveopt pln pts dtherm tpr_shadow vnmi flexpriority ept vpid
bogomips	: 4988.44
clflush size	: 64
cache_alignment	: 64
address sizes	: 36 bits physical, 48 bits virtual
power management:

processor	: 3
vendor_id	: GenuineIntel
cpu family	: 6
model		: 42
model name	: Intel(R) Core(TM) i7-2860QM CPU @ 2.50GHz
stepping	: 7
microcode	: 0x1b
cpu MHz		: 2501.000
cache size	: 8192 KB
physical id	: 0
siblings	: 8
core id		: 3
cpu cores	: 4
apicid		: 6
initial apicid	: 6
fpu		: yes
fpu_exception	: yes
cpuid level	: 13
wp		: yes
flags		: fpu vme de pse tsc msr pae mce cx8 apic sep mtrr pge mca cmov pat pse36 clflush dts acpi mmx fxsr sse sse2 ss ht tm pbe syscall nx rdtscp lm constant_tsc arch_perfmon pebs bts rep_good nopl xtopology nonstop_tsc aperfmperf pni pclmulqdq dtes64 monitor ds_cpl vmx smx est tm2 ssse3 cx16 xtpr pdcm pcid sse4_1 sse4_2 x2apic popcnt tsc_deadline_timer aes xsave avx lahf_lm ida arat epb xsaveopt pln pts dtherm tpr_shadow vnmi flexpriority ept vpid
bogomips	: 4988.44
clflush size	: 64
cache_alignment	: 64
address sizes	: 36 bits physical, 48 bits virtual
power management:

processor	: 4
vendor_id	: GenuineIntel
cpu family	: 6
model		: 42
model name	: Intel(R) Core(TM) i7-2860QM CPU @ 2.50GHz
stepping	: 7
microcode	: 0x1b
cpu MHz		: 2501.000
cache size	: 8192 KB
physical id	: 0
siblings	: 8
core id		: 0
cpu cores	: 4
apicid		: 1
initial apicid	: 1
fpu		: yes
fpu_exception	: yes
cpuid level	: 13
wp		: yes
flags		: fpu vme de pse tsc msr pae mce cx8 apic sep mtrr pge mca cmov pat pse36 clflush dts acpi mmx fxsr sse sse2 ss ht tm pbe syscall nx rdtscp lm constant_tsc arch_perfmon pebs bts rep_good nopl xtopology nonstop_tsc aperfmperf pni pclmulqdq dtes64 monitor ds_cpl vmx smx est tm2 ssse3 cx16 xtpr pdcm pcid sse4_1 sse4_2 x2apic popcnt tsc_deadline_timer aes xsave avx lahf_lm ida arat epb xsaveopt pln pts dtherm tpr_shadow vnmi flexpriority ept vpid
bogomips	: 4988.43
clflush size	: 64
cache_alignment	: 64
address sizes	: 36 bits physical, 48 bits virtual
power management:

processor	: 5
vendor_id	: GenuineIntel
cpu family	: 6
model		: 42
model name	: Intel(R) Core(TM) i7-2860QM CPU @ 2.50GHz
stepping	: 7
microcode	: 0x1b
cpu MHz		: 2501.000
cache size	: 8192 KB
physical id	: 0
siblings	: 8
core id		: 1
cpu cores	: 4
apicid		: 3
initial apicid	: 3
fpu		: yes
fpu_exception	: yes
cpuid level	: 13
wp		: yes
flags		: fpu vme de pse tsc msr pae mce cx8 apic sep mtrr pge mca cmov pat pse36 clflush dts acpi mmx fxsr sse sse2 ss ht tm pbe syscall nx rdtscp lm constant_tsc arch_perfmon pebs bts rep_good nopl xtopology nonstop_tsc aperfmperf pni pclmulqdq dtes64 monitor ds_cpl vmx smx est tm2 ssse3 cx16 xtpr pdcm pcid sse4_1 sse4_2 x2apic popcnt tsc_deadline_timer aes xsave avx lahf_lm ida arat epb xsaveopt pln pts dtherm tpr_shadow vnmi flexpriority ept vpid
bogomips	: 4988.44
clflush size	: 64
cache_alignment	: 64
address sizes	: 36 bits physical, 48 bits virtual
power management:

processor	: 6
vendor_id	: GenuineIntel
cpu family	: 6
model		: 42
model name	: Intel(R) Core(TM) i7-2860QM CPU @ 2.50GHz
stepping	: 7
microcode	: 0x1b
cpu MHz		: 2501.000
cache size	: 8192 KB
physical id	: 0
siblings	: 8
core id		: 2
cpu cores	: 4
apicid		: 5
initial apicid	: 5
fpu		: yes
fpu_exception	: yes
cpuid level	: 13
wp		: yes
flags		: fpu vme de pse tsc msr pae mce cx8 apic sep mtrr pge mca cmov pat pse36 clflush dts acpi mmx fxsr sse sse2 ss ht tm pbe syscall nx rdtscp lm constant_tsc arch_perfmon pebs bts rep_good nopl xtopology nonstop_tsc aperfmperf pni pclmulqdq dtes64 monitor ds_cpl vmx smx est tm2 ssse3 cx16 xtpr pdcm pcid sse4_1 sse4_2 x2apic popcnt tsc_deadline_timer aes xsave avx lahf_lm ida arat epb xsaveopt pln pts dtherm tpr_shadow vnmi flexpriority ept vpid
bogomips	: 4988.44
clflush size	: 64
cache_alignment	: 64
address sizes	: 36 bits physical, 48 bits virtual
power management:

processor	: 7
vendor_id	: GenuineIntel
cpu family	: 6
model		: 42
model name	: Intel(R) Core(TM) i7-2860QM CPU @ 2.50GHz
stepping	: 7
microcode	: 0x1b
cpu MHz		: 2501.000
cache size	: 8192 KB
physical id	: 0
siblings	: 8
core id		: 3
cpu cores	: 4
apicid		: 7
initial apicid	: 7
fpu		: yes
fpu_exception	: yes
cpuid level	: 13
wp		: yes
flags		: fpu vme de pse tsc msr pae mce cx8 apic sep mtrr pge mca cmov pat pse36 clflush dts acpi mmx fxsr sse sse2 ss ht tm pbe syscall nx rdtscp lm constant_tsc arch_perfmon pebs bts rep_good nopl xtopology nonstop_tsc aperfmperf pni pclmulqdq dtes64 monitor ds_cpl vmx smx est tm2 ssse3 cx16 xtpr pdcm pcid sse4_1 sse4_2 x2apic popcnt tsc_deadline_timer aes xsave avx lahf_lm ida arat epb xsaveopt pln pts dtherm tpr_shadow vnmi flexpriority ept vpid
bogomips	: 4988.44
clflush size	: 64
cache_alignment	: 64
address sizes	: 36 bits physical, 48 bits virtual
power management:



Memory: 4k page, physical 16412916k(8979356k free), swap 31249404k(31249404k free)

vm_info: Java HotSpot(TM) 64-Bit Server VM (23.0-b21) for linux-amd64 JRE (1.7.0_04-b20), built on Apr 12 2012 01:59:40 by "java_re" with gcc 4.3.0 20080428 (Red Hat 4.3.0-8)

time: Mon Nov 12 17:35:23 2012
elapsed time: 276 seconds

