#
# A fatal error has been detected by the Java Runtime Environment:
#
#  SIGSEGV (0xb) at pc=0x00007f10b17dc558, pid=21100, tid=139709691131648
#
# JRE version: 7.0_09-b05
# Java VM: Java HotSpot(TM) 64-Bit Server VM (23.5-b02 mixed mode linux-amd64 compressed oops)
# Problematic frame:
# V  [libjvm.so+0x886558]  Unsafe_GetNativeLong+0xe8
#
# Failed to write core dump. Core dumps have been disabled. To enable core dumping, try "ulimit -c unlimited" before starting Java again
#
# If you would like to submit a bug report, please visit:
#   http://bugreport.sun.com/bugreport/crash.jsp
#

---------------  T H R E A D  ---------------

Current thread (0x000000000197b800):  JavaThread "main" [_thread_in_vm, id=21102, stack(0x00007f10b272f000,0x00007f10b2830000)]

siginfo:si_signo=SIGSEGV: si_errno=0, si_code=1 (SEGV_MAPERR), si_addr=0x0000000000000000

Registers:
RAX=0x000000000197b800, RBX=0x000000000197b800, RCX=0x000000000197b800, RDX=0x00007f10b282fa20
RSP=0x00007f10b282c1b0, RBP=0x00007f10b282c1e0, RSI=0x0000000000000006, RDI=0x0000000000000010
R8 =0x0000000000000006, R9 =0x0000000000005400, R10=0x00007f10ac572d85, R11=0x00007f10b1724cf0
R12=0x0000000000000000, R13=0x00000000be0d8fb8, R14=0x00007f10b282c1b0, R15=0x000000000197b800
RIP=0x00007f10b17dc558, EFLAGS=0x0000000000010246, CSGSFS=0x0000000000000033, ERR=0x0000000000000004
  TRAPNO=0x000000000000000e

Top of Stack: (sp=0x00007f10b282c1b0)
0x00007f10b282c1b0:   000000000197b800 0000000000000000
0x00007f10b282c1c0:   00000000be0d8fb8 0000000000000000
0x00007f10b282c1d0:   00000000be0d8fb8 00007f10b282c280
0x00007f10b282c1e0:   00007f10b282c250 00007f10ac572db1
0x00007f10b282c1f0:   00007f10b282c250 00007f10ac5729b6
0x00007f10b282c200:   000000000197b800 00007f10ac572982
0x00007f10b282c210:   00007f10b282c210 00000000be0d8fb8
0x00007f10b282c220:   00007f10b282c280 00000000be0dca68
0x00007f10b282c230:   0000000000000000 00000000be0d8fb8
0x00007f10b282c240:   0000000000000000 00007f10b282c270
0x00007f10b282c250:   00007f10b282c2c8 00007f10ac5612f5
0x00007f10b282c260:   0000000000000000 00007f10ac56e037
0x00007f10b282c270:   0000000000000000 00000000ec473ff0
0x00007f10b282c280:   00000000c356dae0 00007f10b282c288
0x00007f10b282c290:   00000000bf4dc6bf 00007f10b282c2e8
0x00007f10b282c2a0:   00000000bf4ede70 0000000000000000
0x00007f10b282c2b0:   00000000bf4dc6f8 00007f10b282c270
0x00007f10b282c2c0:   00007f10b282c2e8 00007f10b282c330
0x00007f10b282c2d0:   00007f10ac5612f5 0000000000000000
0x00007f10b282c2e0:   0000000000000000 00000000ec473ff0
0x00007f10b282c2f0:   00007f10b282c2f0 00000000bf4aafca
0x00007f10b282c300:   00007f10b282c378 00000000bf4c3608
0x00007f10b282c310:   0000000000000000 00000000bf4ab080
0x00007f10b282c320:   00007f10b282c2e8 00007f10b282c378
0x00007f10b282c330:   00007f10b282c3c0 00007f10ac5611d8
0x00007f10b282c340:   0000000000000000 0000000000000000
0x00007f10b282c350:   0000000000000000 0000000000000000
0x00007f10b282c360:   00000000ec473ff0 0000000000000000
0x00007f10b282c370:   0000000000000000 00000000ec411c60
0x00007f10b282c380:   00007f10b282c380 00000000bf4aadad
0x00007f10b282c390:   00007f10b282c3f0 00000000bf4c3608
0x00007f10b282c3a0:   0000000000000000 00000000bf4aae90 

Instructions: (pc=0x00007f10b17dc558)
0x00007f10b17dc538:   e8 63 88 ac ff 4c 89 e8 48 8b 5d e0 4c 8b 65 e8
0x00007f10b17dc548:   4c 8b 6d f0 4c 8b 75 f8 c9 c3 66 0f 1f 44 00 00
0x00007f10b17dc558:   4d 8b 2c 24 eb 9e 66 90 55 48 89 e5 48 89 5d e8
0x00007f10b17dc568:   48 8d 9f 28 fe ff ff 4c 89 65 f0 4c 89 6d f8 48 

Register to memory mapping:

RAX=0x000000000197b800 is a thread
RBX=0x000000000197b800 is a thread
RCX=0x000000000197b800 is a thread
RDX=0x00007f10b282fa20 is pointing into the stack for thread: 0x000000000197b800
RSP=0x00007f10b282c1b0 is pointing into the stack for thread: 0x000000000197b800
RBP=0x00007f10b282c1e0 is pointing into the stack for thread: 0x000000000197b800
RSI=0x0000000000000006 is an unknown value
RDI=0x0000000000000010 is an unknown value
R8 =0x0000000000000006 is an unknown value
R9 =0x0000000000005400 is an unknown value
R10=0x00007f10ac572d85 is an Interpreter codelet
method entry point (kind = native)  [0x00007f10ac5728e0, 0x00007f10ac5736c0]  3552 bytes
R11=0x00007f10b1724cf0: <offset 0x7cecf0> in /usr/lib/jvm/jdk1.7.0_09/jre/lib/amd64/server/libjvm.so at 0x00007f10b0f56000
R12=0x0000000000000000 is an unknown value
R13=0x00000000be0d8fb8 is an oop
{method} 
 - klass: {other class}
R14=0x00007f10b282c1b0 is pointing into the stack for thread: 0x000000000197b800
R15=0x000000000197b800 is a thread


Stack: [0x00007f10b272f000,0x00007f10b2830000],  sp=0x00007f10b282c1b0,  free space=1012k
Native frames: (J=compiled Java code, j=interpreted, Vv=VM code, C=native code)
V  [libjvm.so+0x886558]  Unsafe_GetNativeLong+0xe8
j  sun.misc.Unsafe.getLong(J)J+0
j  vanilla.java.chronicle.impl.UnsafeExcerpt.readLong()J+7
j  org.helios.apmrouter.destination.chronicletimeseries.ChronicleTier.initSeries()V+74
j  org.helios.apmrouter.destination.chronicletimeseries.ChronicleTier.<init>(Lorg/helios/apmrouter/tsmodel/Tier;Lorg/helios/apmrouter/destination/chronicletimeseries/ChronicleTier;Lorg/helios/apmrouter/destination/chronicletimeseries/ChronicleTSManager;)V+325
j  org.helios.apmrouter.destination.chronicletimeseries.ChronicleTSManager.<init>(Ljava/lang/String;)V+93
v  ~StubRoutines::call_stub
V  [libjvm.so+0x5518d5]  JavaCalls::call_helper(JavaValue*, methodHandle*, JavaCallArguments*, Thread*)+0x355
V  [libjvm.so+0x5503f8]  JavaCalls::call(JavaValue*, methodHandle, JavaCallArguments*, Thread*)+0x28
V  [libjvm.so+0x7b1cd5]  Reflection::invoke(instanceKlassHandle, methodHandle, Handle, bool, objArrayHandle, BasicType, objArrayHandle, bool, Thread*)+0x455
V  [libjvm.so+0x7b28d6]  Reflection::invoke_constructor(oopDesc*, objArrayHandle, Thread*)+0x2d6
V  [libjvm.so+0x5a921a]  JVM_NewInstanceFromConstructor+0xea
j  sun.reflect.NativeConstructorAccessorImpl.newInstance0(Ljava/lang/reflect/Constructor;[Ljava/lang/Object;)Ljava/lang/Object;+0
j  sun.reflect.NativeConstructorAccessorImpl.newInstance([Ljava/lang/Object;)Ljava/lang/Object;+72
j  sun.reflect.DelegatingConstructorAccessorImpl.newInstance([Ljava/lang/Object;)Ljava/lang/Object;+5
j  java.lang.reflect.Constructor.newInstance([Ljava/lang/Object;)Ljava/lang/Object;+80
j  org.springframework.beans.BeanUtils.instantiateClass(Ljava/lang/reflect/Constructor;[Ljava/lang/Object;)Ljava/lang/Object;+12
j  org.springframework.beans.factory.support.SimpleInstantiationStrategy.instantiate(Lorg/springframework/beans/factory/support/RootBeanDefinition;Ljava/lang/String;Lorg/springframework/beans/factory/BeanFactory;Ljava/lang/reflect/Constructor;[Ljava/lang/Object;)Ljava/lang/Object;+34
j  org.springframework.beans.factory.support.ConstructorResolver.autowireConstructor(Ljava/lang/String;Lorg/springframework/beans/factory/support/RootBeanDefinition;[Ljava/lang/reflect/Constructor;[Ljava/lang/Object;)Lorg/springframework/beans/BeanWrapper;+874
j  org.springframework.beans.factory.support.AbstractAutowireCapableBeanFactory.autowireConstructor(Ljava/lang/String;Lorg/springframework/beans/factory/support/RootBeanDefinition;[Ljava/lang/reflect/Constructor;[Ljava/lang/Object;)Lorg/springframework/beans/BeanWrapper;+13
j  org.springframework.beans.factory.support.AbstractAutowireCapableBeanFactory.createBeanInstance(Ljava/lang/String;Lorg/springframework/beans/factory/support/RootBeanDefinition;[Ljava/lang/Object;)Lorg/springframework/beans/BeanWrapper;+196
j  org.springframework.beans.factory.support.AbstractAutowireCapableBeanFactory.doCreateBean(Ljava/lang/String;Lorg/springframework/beans/factory/support/RootBeanDefinition;[Ljava/lang/Object;)Ljava/lang/Object;+34
j  org.springframework.beans.factory.support.AbstractAutowireCapableBeanFactory.createBean(Ljava/lang/String;Lorg/springframework/beans/factory/support/RootBeanDefinition;[Ljava/lang/Object;)Ljava/lang/Object;+122
j  org.springframework.beans.factory.support.AbstractBeanFactory$1.getObject()Ljava/lang/Object;+16
j  org.springframework.beans.factory.support.DefaultSingletonBeanRegistry.getSingleton(Ljava/lang/String;Lorg/springframework/beans/factory/ObjectFactory;)Ljava/lang/Object;+126
j  org.springframework.beans.factory.support.AbstractBeanFactory.doGetBean(Ljava/lang/String;Ljava/lang/Class;[Ljava/lang/Object;Z)Ljava/lang/Object;+307
j  org.springframework.beans.factory.support.AbstractBeanFactory.getBean(Ljava/lang/String;)Ljava/lang/Object;+5
j  org.springframework.beans.factory.support.BeanDefinitionValueResolver.resolveReference(Ljava/lang/Object;Lorg/springframework/beans/factory/config/RuntimeBeanReference;)Ljava/lang/Object;+94
j  org.springframework.beans.factory.support.BeanDefinitionValueResolver.resolveValueIfNecessary(Ljava/lang/Object;Ljava/lang/Object;)Ljava/lang/Object;+15
j  org.springframework.beans.factory.support.AbstractAutowireCapableBeanFactory.applyPropertyValues(Ljava/lang/String;Lorg/springframework/beans/factory/config/BeanDefinition;Lorg/springframework/beans/BeanWrapper;Lorg/springframework/beans/PropertyValues;)V+231
j  org.springframework.beans.factory.support.AbstractAutowireCapableBeanFactory.populateBean(Ljava/lang/String;Lorg/springframework/beans/factory/support/AbstractBeanDefinition;Lorg/springframework/beans/BeanWrapper;)V+339
j  org.springframework.beans.factory.support.AbstractAutowireCapableBeanFactory.doCreateBean(Ljava/lang/String;Lorg/springframework/beans/factory/support/RootBeanDefinition;[Ljava/lang/Object;)Ljava/lang/Object;+217
j  org.springframework.beans.factory.support.AbstractAutowireCapableBeanFactory.createBean(Ljava/lang/String;Lorg/springframework/beans/factory/support/RootBeanDefinition;[Ljava/lang/Object;)Ljava/lang/Object;+122
j  org.springframework.beans.factory.support.AbstractBeanFactory$1.getObject()Ljava/lang/Object;+16
j  org.springframework.beans.factory.support.DefaultSingletonBeanRegistry.getSingleton(Ljava/lang/String;Lorg/springframework/beans/factory/ObjectFactory;)Ljava/lang/Object;+126
j  org.springframework.beans.factory.support.AbstractBeanFactory.doGetBean(Ljava/lang/String;Ljava/lang/Class;[Ljava/lang/Object;Z)Ljava/lang/Object;+307
j  org.springframework.beans.factory.support.AbstractBeanFactory.getBean(Ljava/lang/String;)Ljava/lang/Object;+5
j  org.springframework.beans.factory.support.DefaultListableBeanFactory.findAutowireCandidates(Ljava/lang/String;Ljava/lang/Class;Lorg/springframework/beans/factory/config/DependencyDescriptor;)Ljava/util/Map;+169
j  org.springframework.beans.factory.support.DefaultListableBeanFactory.doResolveDependency(Lorg/springframework/beans/factory/config/DependencyDescriptor;Ljava/lang/Class;Ljava/lang/String;Ljava/util/Set;Lorg/springframework/beans/TypeConverter;)Ljava/lang/Object;+636
j  org.springframework.beans.factory.support.DefaultListableBeanFactory.resolveDependency(Lorg/springframework/beans/factory/config/DependencyDescriptor;Ljava/lang/String;Ljava/util/Set;Lorg/springframework/beans/TypeConverter;)Ljava/lang/Object;+70
j  org.springframework.beans.factory.annotation.AutowiredAnnotationBeanPostProcessor$AutowiredMethodElement.inject(Ljava/lang/Object;Ljava/lang/String;Lorg/springframework/beans/PropertyValues;)V+152
j  org.springframework.beans.factory.annotation.InjectionMetadata.inject(Ljava/lang/Object;Ljava/lang/String;Lorg/springframework/beans/PropertyValues;)V+94
j  org.springframework.beans.factory.annotation.AutowiredAnnotationBeanPostProcessor.postProcessPropertyValues(Lorg/springframework/beans/PropertyValues;[Ljava/beans/PropertyDescriptor;Ljava/lang/Object;Ljava/lang/String;)Lorg/springframework/beans/PropertyValues;+16
j  org.springframework.beans.factory.support.AbstractAutowireCapableBeanFactory.populateBean(Ljava/lang/String;Lorg/springframework/beans/factory/support/AbstractBeanDefinition;Lorg/springframework/beans/BeanWrapper;)V+295
j  org.springframework.beans.factory.support.AbstractAutowireCapableBeanFactory.doCreateBean(Ljava/lang/String;Lorg/springframework/beans/factory/support/RootBeanDefinition;[Ljava/lang/Object;)Ljava/lang/Object;+217
j  org.springframework.beans.factory.support.AbstractAutowireCapableBeanFactory.createBean(Ljava/lang/String;Lorg/springframework/beans/factory/support/RootBeanDefinition;[Ljava/lang/Object;)Ljava/lang/Object;+122
j  org.springframework.beans.factory.support.AbstractBeanFactory$1.getObject()Ljava/lang/Object;+16
j  org.springframework.beans.factory.support.DefaultSingletonBeanRegistry.getSingleton(Ljava/lang/String;Lorg/springframework/beans/factory/ObjectFactory;)Ljava/lang/Object;+126
j  org.springframework.beans.factory.support.AbstractBeanFactory.doGetBean(Ljava/lang/String;Ljava/lang/Class;[Ljava/lang/Object;Z)Ljava/lang/Object;+307
j  org.springframework.beans.factory.support.AbstractBeanFactory.getBean(Ljava/lang/String;Ljava/lang/Class;)Ljava/lang/Object;+5
j  org.springframework.context.event.AbstractApplicationEventMulticaster.getApplicationListeners(Lorg/springframework/context/ApplicationEvent;)Ljava/util/Collection;+206
j  org.springframework.context.event.SimpleApplicationEventMulticaster.multicastEvent(Lorg/springframework/context/ApplicationEvent;)V+2
j  org.springframework.context.support.AbstractApplicationContext.publishEvent(Lorg/springframework/context/ApplicationEvent;)V+60
j  org.helios.apmrouter.destination.BaseDestination.doStart()V+16
j  org.helios.apmrouter.destination.mongodb.MongoDbDestination.doStart()V+1
j  org.helios.apmrouter.server.ServerComponentBean.start()V+66
j  org.helios.apmrouter.server.ServerComponentBean.afterPropertiesSet()V+1
j  org.springframework.beans.factory.support.AbstractAutowireCapableBeanFactory.invokeInitMethods(Ljava/lang/String;Ljava/lang/Object;Lorg/springframework/beans/factory/support/RootBeanDefinition;)V+107
j  org.springframework.beans.factory.support.AbstractAutowireCapableBeanFactory.initializeBean(Ljava/lang/String;Ljava/lang/Object;Lorg/springframework/beans/factory/support/RootBeanDefinition;)Ljava/lang/Object;+61
j  org.springframework.beans.factory.support.AbstractAutowireCapableBeanFactory.doCreateBean(Ljava/lang/String;Lorg/springframework/beans/factory/support/RootBeanDefinition;[Ljava/lang/Object;)Ljava/lang/Object;+230
j  org.springframework.beans.factory.support.AbstractAutowireCapableBeanFactory.createBean(Ljava/lang/String;Lorg/springframework/beans/factory/support/RootBeanDefinition;[Ljava/lang/Object;)Ljava/lang/Object;+122
j  org.springframework.beans.factory.support.AbstractBeanFactory$1.getObject()Ljava/lang/Object;+16
j  org.springframework.beans.factory.support.DefaultSingletonBeanRegistry.getSingleton(Ljava/lang/String;Lorg/springframework/beans/factory/ObjectFactory;)Ljava/lang/Object;+126
j  org.springframework.beans.factory.support.AbstractBeanFactory.doGetBean(Ljava/lang/String;Ljava/lang/Class;[Ljava/lang/Object;Z)Ljava/lang/Object;+307
j  org.springframework.beans.factory.support.AbstractBeanFactory.getBean(Ljava/lang/String;)Ljava/lang/Object;+5
j  org.springframework.beans.factory.support.DefaultListableBeanFactory.preInstantiateSingletons()V+230
j  org.springframework.context.support.AbstractApplicationContext.finishBeanFactoryInitialization(Lorg/springframework/beans/factory/config/ConfigurableListableBeanFactory;)V+62
j  org.springframework.context.support.AbstractApplicationContext.refresh()V+54
j  org.helios.apmrouter.APMRouter.main([Ljava/lang/String;)V+636
v  ~StubRoutines::call_stub
V  [libjvm.so+0x5518d5]  JavaCalls::call_helper(JavaValue*, methodHandle*, JavaCallArguments*, Thread*)+0x355
V  [libjvm.so+0x5503f8]  JavaCalls::call(JavaValue*, methodHandle, JavaCallArguments*, Thread*)+0x28
V  [libjvm.so+0x56495a]  jni_invoke_static(JNIEnv_*, JavaValue*, _jobject*, JNICallType, _jmethodID*, JNI_ArgumentPusher*, Thread*)+0x20a
V  [libjvm.so+0x570ea2]  jni_CallStaticVoidMethod+0x162
C  [libjli.so+0x3bb3]  JavaMain+0x8d3

Java frames: (J=compiled Java code, j=interpreted, Vv=VM code)
j  sun.misc.Unsafe.getLong(J)J+0
j  vanilla.java.chronicle.impl.UnsafeExcerpt.readLong()J+7
j  org.helios.apmrouter.destination.chronicletimeseries.ChronicleTier.initSeries()V+74
j  org.helios.apmrouter.destination.chronicletimeseries.ChronicleTier.<init>(Lorg/helios/apmrouter/tsmodel/Tier;Lorg/helios/apmrouter/destination/chronicletimeseries/ChronicleTier;Lorg/helios/apmrouter/destination/chronicletimeseries/ChronicleTSManager;)V+325
j  org.helios.apmrouter.destination.chronicletimeseries.ChronicleTSManager.<init>(Ljava/lang/String;)V+93
v  ~StubRoutines::call_stub
j  sun.reflect.NativeConstructorAccessorImpl.newInstance0(Ljava/lang/reflect/Constructor;[Ljava/lang/Object;)Ljava/lang/Object;+0
j  sun.reflect.NativeConstructorAccessorImpl.newInstance([Ljava/lang/Object;)Ljava/lang/Object;+72
j  sun.reflect.DelegatingConstructorAccessorImpl.newInstance([Ljava/lang/Object;)Ljava/lang/Object;+5
j  java.lang.reflect.Constructor.newInstance([Ljava/lang/Object;)Ljava/lang/Object;+80
j  org.springframework.beans.BeanUtils.instantiateClass(Ljava/lang/reflect/Constructor;[Ljava/lang/Object;)Ljava/lang/Object;+12
j  org.springframework.beans.factory.support.SimpleInstantiationStrategy.instantiate(Lorg/springframework/beans/factory/support/RootBeanDefinition;Ljava/lang/String;Lorg/springframework/beans/factory/BeanFactory;Ljava/lang/reflect/Constructor;[Ljava/lang/Object;)Ljava/lang/Object;+34
j  org.springframework.beans.factory.support.ConstructorResolver.autowireConstructor(Ljava/lang/String;Lorg/springframework/beans/factory/support/RootBeanDefinition;[Ljava/lang/reflect/Constructor;[Ljava/lang/Object;)Lorg/springframework/beans/BeanWrapper;+874
j  org.springframework.beans.factory.support.AbstractAutowireCapableBeanFactory.autowireConstructor(Ljava/lang/String;Lorg/springframework/beans/factory/support/RootBeanDefinition;[Ljava/lang/reflect/Constructor;[Ljava/lang/Object;)Lorg/springframework/beans/BeanWrapper;+13
j  org.springframework.beans.factory.support.AbstractAutowireCapableBeanFactory.createBeanInstance(Ljava/lang/String;Lorg/springframework/beans/factory/support/RootBeanDefinition;[Ljava/lang/Object;)Lorg/springframework/beans/BeanWrapper;+196
j  org.springframework.beans.factory.support.AbstractAutowireCapableBeanFactory.doCreateBean(Ljava/lang/String;Lorg/springframework/beans/factory/support/RootBeanDefinition;[Ljava/lang/Object;)Ljava/lang/Object;+34
j  org.springframework.beans.factory.support.AbstractAutowireCapableBeanFactory.createBean(Ljava/lang/String;Lorg/springframework/beans/factory/support/RootBeanDefinition;[Ljava/lang/Object;)Ljava/lang/Object;+122
j  org.springframework.beans.factory.support.AbstractBeanFactory$1.getObject()Ljava/lang/Object;+16
j  org.springframework.beans.factory.support.DefaultSingletonBeanRegistry.getSingleton(Ljava/lang/String;Lorg/springframework/beans/factory/ObjectFactory;)Ljava/lang/Object;+126
j  org.springframework.beans.factory.support.AbstractBeanFactory.doGetBean(Ljava/lang/String;Ljava/lang/Class;[Ljava/lang/Object;Z)Ljava/lang/Object;+307
j  org.springframework.beans.factory.support.AbstractBeanFactory.getBean(Ljava/lang/String;)Ljava/lang/Object;+5
j  org.springframework.beans.factory.support.BeanDefinitionValueResolver.resolveReference(Ljava/lang/Object;Lorg/springframework/beans/factory/config/RuntimeBeanReference;)Ljava/lang/Object;+94
j  org.springframework.beans.factory.support.BeanDefinitionValueResolver.resolveValueIfNecessary(Ljava/lang/Object;Ljava/lang/Object;)Ljava/lang/Object;+15
j  org.springframework.beans.factory.support.AbstractAutowireCapableBeanFactory.applyPropertyValues(Ljava/lang/String;Lorg/springframework/beans/factory/config/BeanDefinition;Lorg/springframework/beans/BeanWrapper;Lorg/springframework/beans/PropertyValues;)V+231
j  org.springframework.beans.factory.support.AbstractAutowireCapableBeanFactory.populateBean(Ljava/lang/String;Lorg/springframework/beans/factory/support/AbstractBeanDefinition;Lorg/springframework/beans/BeanWrapper;)V+339
j  org.springframework.beans.factory.support.AbstractAutowireCapableBeanFactory.doCreateBean(Ljava/lang/String;Lorg/springframework/beans/factory/support/RootBeanDefinition;[Ljava/lang/Object;)Ljava/lang/Object;+217
j  org.springframework.beans.factory.support.AbstractAutowireCapableBeanFactory.createBean(Ljava/lang/String;Lorg/springframework/beans/factory/support/RootBeanDefinition;[Ljava/lang/Object;)Ljava/lang/Object;+122
j  org.springframework.beans.factory.support.AbstractBeanFactory$1.getObject()Ljava/lang/Object;+16
j  org.springframework.beans.factory.support.DefaultSingletonBeanRegistry.getSingleton(Ljava/lang/String;Lorg/springframework/beans/factory/ObjectFactory;)Ljava/lang/Object;+126
j  org.springframework.beans.factory.support.AbstractBeanFactory.doGetBean(Ljava/lang/String;Ljava/lang/Class;[Ljava/lang/Object;Z)Ljava/lang/Object;+307
j  org.springframework.beans.factory.support.AbstractBeanFactory.getBean(Ljava/lang/String;)Ljava/lang/Object;+5
j  org.springframework.beans.factory.support.DefaultListableBeanFactory.findAutowireCandidates(Ljava/lang/String;Ljava/lang/Class;Lorg/springframework/beans/factory/config/DependencyDescriptor;)Ljava/util/Map;+169
j  org.springframework.beans.factory.support.DefaultListableBeanFactory.doResolveDependency(Lorg/springframework/beans/factory/config/DependencyDescriptor;Ljava/lang/Class;Ljava/lang/String;Ljava/util/Set;Lorg/springframework/beans/TypeConverter;)Ljava/lang/Object;+636
j  org.springframework.beans.factory.support.DefaultListableBeanFactory.resolveDependency(Lorg/springframework/beans/factory/config/DependencyDescriptor;Ljava/lang/String;Ljava/util/Set;Lorg/springframework/beans/TypeConverter;)Ljava/lang/Object;+70
j  org.springframework.beans.factory.annotation.AutowiredAnnotationBeanPostProcessor$AutowiredMethodElement.inject(Ljava/lang/Object;Ljava/lang/String;Lorg/springframework/beans/PropertyValues;)V+152
j  org.springframework.beans.factory.annotation.InjectionMetadata.inject(Ljava/lang/Object;Ljava/lang/String;Lorg/springframework/beans/PropertyValues;)V+94
j  org.springframework.beans.factory.annotation.AutowiredAnnotationBeanPostProcessor.postProcessPropertyValues(Lorg/springframework/beans/PropertyValues;[Ljava/beans/PropertyDescriptor;Ljava/lang/Object;Ljava/lang/String;)Lorg/springframework/beans/PropertyValues;+16
j  org.springframework.beans.factory.support.AbstractAutowireCapableBeanFactory.populateBean(Ljava/lang/String;Lorg/springframework/beans/factory/support/AbstractBeanDefinition;Lorg/springframework/beans/BeanWrapper;)V+295
j  org.springframework.beans.factory.support.AbstractAutowireCapableBeanFactory.doCreateBean(Ljava/lang/String;Lorg/springframework/beans/factory/support/RootBeanDefinition;[Ljava/lang/Object;)Ljava/lang/Object;+217
j  org.springframework.beans.factory.support.AbstractAutowireCapableBeanFactory.createBean(Ljava/lang/String;Lorg/springframework/beans/factory/support/RootBeanDefinition;[Ljava/lang/Object;)Ljava/lang/Object;+122
j  org.springframework.beans.factory.support.AbstractBeanFactory$1.getObject()Ljava/lang/Object;+16
j  org.springframework.beans.factory.support.DefaultSingletonBeanRegistry.getSingleton(Ljava/lang/String;Lorg/springframework/beans/factory/ObjectFactory;)Ljava/lang/Object;+126
j  org.springframework.beans.factory.support.AbstractBeanFactory.doGetBean(Ljava/lang/String;Ljava/lang/Class;[Ljava/lang/Object;Z)Ljava/lang/Object;+307
j  org.springframework.beans.factory.support.AbstractBeanFactory.getBean(Ljava/lang/String;Ljava/lang/Class;)Ljava/lang/Object;+5
j  org.springframework.context.event.AbstractApplicationEventMulticaster.getApplicationListeners(Lorg/springframework/context/ApplicationEvent;)Ljava/util/Collection;+206
j  org.springframework.context.event.SimpleApplicationEventMulticaster.multicastEvent(Lorg/springframework/context/ApplicationEvent;)V+2
j  org.springframework.context.support.AbstractApplicationContext.publishEvent(Lorg/springframework/context/ApplicationEvent;)V+60
j  org.helios.apmrouter.destination.BaseDestination.doStart()V+16
j  org.helios.apmrouter.destination.mongodb.MongoDbDestination.doStart()V+1
j  org.helios.apmrouter.server.ServerComponentBean.start()V+66
j  org.helios.apmrouter.server.ServerComponentBean.afterPropertiesSet()V+1
j  org.springframework.beans.factory.support.AbstractAutowireCapableBeanFactory.invokeInitMethods(Ljava/lang/String;Ljava/lang/Object;Lorg/springframework/beans/factory/support/RootBeanDefinition;)V+107
j  org.springframework.beans.factory.support.AbstractAutowireCapableBeanFactory.initializeBean(Ljava/lang/String;Ljava/lang/Object;Lorg/springframework/beans/factory/support/RootBeanDefinition;)Ljava/lang/Object;+61
j  org.springframework.beans.factory.support.AbstractAutowireCapableBeanFactory.doCreateBean(Ljava/lang/String;Lorg/springframework/beans/factory/support/RootBeanDefinition;[Ljava/lang/Object;)Ljava/lang/Object;+230
j  org.springframework.beans.factory.support.AbstractAutowireCapableBeanFactory.createBean(Ljava/lang/String;Lorg/springframework/beans/factory/support/RootBeanDefinition;[Ljava/lang/Object;)Ljava/lang/Object;+122
j  org.springframework.beans.factory.support.AbstractBeanFactory$1.getObject()Ljava/lang/Object;+16
j  org.springframework.beans.factory.support.DefaultSingletonBeanRegistry.getSingleton(Ljava/lang/String;Lorg/springframework/beans/factory/ObjectFactory;)Ljava/lang/Object;+126
j  org.springframework.beans.factory.support.AbstractBeanFactory.doGetBean(Ljava/lang/String;Ljava/lang/Class;[Ljava/lang/Object;Z)Ljava/lang/Object;+307
j  org.springframework.beans.factory.support.AbstractBeanFactory.getBean(Ljava/lang/String;)Ljava/lang/Object;+5
j  org.springframework.beans.factory.support.DefaultListableBeanFactory.preInstantiateSingletons()V+230
j  org.springframework.context.support.AbstractApplicationContext.finishBeanFactoryInitialization(Lorg/springframework/beans/factory/config/ConfigurableListableBeanFactory;)V+62
j  org.springframework.context.support.AbstractApplicationContext.refresh()V+54
j  org.helios.apmrouter.APMRouter.main([Ljava/lang/String;)V+636
v  ~StubRoutines::call_stub

---------------  P R O C E S S  ---------------

Java Threads: ( => current thread )
  0x00007f1098561800 JavaThread "H2 Log Writer DB" daemon [_thread_blocked, id=21145, stack(0x00007f10a6732000,0x00007f10a6833000)]
  0x00007f10a2aea800 JavaThread "H2 File Lock Watchdog /home/nwhitehead/.apmrouter/h2/db.lock.db" daemon [_thread_blocked, id=21144, stack(0x00007f10a6833000,0x00007f10a6934000)]
  0x00007f109842b800 JavaThread "PatternRouterWorkersThread#8" daemon [_thread_blocked, id=21141, stack(0x00007f10a6934000,0x00007f10a6a35000)]
  0x00007f1098429800 JavaThread "PatternRouterWorkersThread#7" daemon [_thread_blocked, id=21140, stack(0x00007f10a6a35000,0x00007f10a6b36000)]
  0x00007f1098427800 JavaThread "PatternRouterWorkersThread#6" daemon [_thread_blocked, id=21139, stack(0x00007f10a6b36000,0x00007f10a6c37000)]
  0x00007f1098426000 JavaThread "PatternRouterWorkersThread#5" daemon [_thread_blocked, id=21138, stack(0x00007f10a6c37000,0x00007f10a6d38000)]
  0x00007f1098424000 JavaThread "PatternRouterWorkersThread#4" daemon [_thread_blocked, id=21137, stack(0x00007f10a6d38000,0x00007f10a6e39000)]
  0x00007f1098422800 JavaThread "PatternRouterWorkersThread#3" daemon [_thread_blocked, id=21136, stack(0x00007f10a6faf000,0x00007f10a70b0000)]
  0x00007f1098421000 JavaThread "PatternRouterWorkersThread#2" daemon [_thread_blocked, id=21135, stack(0x00007f10a70b0000,0x00007f10a71b1000)]
  0x00007f109841f800 JavaThread "PatternRouterWorkersThread#1" daemon [_thread_blocked, id=21134, stack(0x00007f10a71b1000,0x00007f10a72b2000)]
  0x00007f109841e800 JavaThread "MetricConflationThread#1" daemon [_thread_blocked, id=21133, stack(0x00007f10a72b2000,0x00007f10a73b3000)]
  0x00007f10983f9000 JavaThread "SpringEventPoolThread#1" daemon [_thread_blocked, id=21129, stack(0x00007f10a73b3000,0x00007f10a74b4000)]
  0x00007f109830f800 JavaThread "MongoCleaner897234979" daemon [_thread_blocked, id=21128, stack(0x00007f10a6e39000,0x00007f10a6f3a000)]
  0x00007f10a017e800 JavaThread "FileWatchdog" daemon [_thread_blocked, id=21127, stack(0x00007f10a76bc000,0x00007f10a77bd000)]
  0x0000000001a8c800 JavaThread "Service Thread" daemon [_thread_blocked, id=21122, stack(0x00007f10a7ecc000,0x00007f10a7fcd000)]
  0x0000000001a81000 JavaThread "C2 CompilerThread1" daemon [_thread_blocked, id=21121, stack(0x00007f10a7fcd000,0x00007f10a80ce000)]
  0x0000000001a7d800 JavaThread "C2 CompilerThread0" daemon [_thread_blocked, id=21120, stack(0x00007f10a80ce000,0x00007f10a81cf000)]
  0x0000000001a70000 JavaThread "JDWP Command Reader" daemon [_thread_in_native, id=21118, stack(0x00007f10a81cf000,0x00007f10a82d0000)]
  0x0000000001a6d800 JavaThread "JDWP Event Helper Thread" daemon [_thread_blocked, id=21117, stack(0x00007f10a82d0000,0x00007f10a83d1000)]
  0x0000000001a6a000 JavaThread "JDWP Transport Listener: dt_socket" daemon [_thread_blocked, id=21114, stack(0x00007f10a83d1000,0x00007f10a84d2000)]
  0x0000000001a5b800 JavaThread "Signal Dispatcher" daemon [_thread_blocked, id=21112, stack(0x00007f10a86d6000,0x00007f10a87d7000)]
  0x0000000001a0f800 JavaThread "Finalizer" daemon [_thread_blocked, id=21111, stack(0x00007f10a87d7000,0x00007f10a88d8000)]
  0x0000000001a07800 JavaThread "Reference Handler" daemon [_thread_blocked, id=21110, stack(0x00007f10a88d8000,0x00007f10a89d9000)]
=>0x000000000197b800 JavaThread "main" [_thread_in_vm, id=21102, stack(0x00007f10b272f000,0x00007f10b2830000)]

Other Threads:
  0x0000000001a00000 VMThread [stack: 0x00007f10a89d9000,0x00007f10a8ada000] [id=21109]
  0x0000000001a97000 WatcherThread [stack: 0x00007f10a7dcb000,0x00007f10a7ecc000] [id=21123]

VM state:not at safepoint (normal execution)

VM Mutex/Monitor currently owned by a thread: None

Heap
 PSYoungGen      total 66432K, used 15627K [0x00000000ebb60000, 0x00000000f4220000, 0x0000000100000000)
  eden space 61632K, 17% used [0x00000000ebb60000,0x00000000ec5fa6e0,0x00000000ef790000)
  from space 4800K, 99% used [0x00000000ef790000,0x00000000efc386d0,0x00000000efc40000)
  to   space 7360K, 0% used [0x00000000f3af0000,0x00000000f3af0000,0x00000000f4220000)
 ParOldGen       total 41536K, used 6997K [0x00000000c3200000, 0x00000000c5a90000, 0x00000000ebb60000)
  object space 41536K, 16% used [0x00000000c3200000,0x00000000c38d5680,0x00000000c5a90000)
 PSPermGen       total 21440K, used 21432K [0x00000000be000000, 0x00000000bf4f0000, 0x00000000c3200000)
  object space 21440K, 99% used [0x00000000be000000,0x00000000bf4ee3f0,0x00000000bf4f0000)

Card table byte_map: [0x00007f10ac34a000,0x00007f10ac55b000] byte_map_base: 0x00007f10abd5a000

Polling page: 0x00007f10b2853000

Code Cache  [0x00007f10ac55b000, 0x00007f10ac7cb000, 0x00007f10af55b000)
 total_blobs=703 nmethods=352 adapters=311 free_code_cache=47440Kb largest_free_block=48533568

Compilation events (10 events):
Event: 9.173 Thread 0x0000000001a81000 nmethod 347 0x00007f10ac708a90 code [0x00007f10ac708d20, 0x00007f10ac7098f8]
Event: 9.173 Thread 0x0000000001a81000  350             java.io.UnixFileSystem::getBooleanAttributes (49 bytes)
Event: 9.189 Thread 0x0000000001a81000 nmethod 350 0x00007f10ac6aa450 code [0x00007f10ac6aa5e0, 0x00007f10ac6aa928]
Event: 9.190 Thread 0x0000000001a81000  352             java.io.File::getName (42 bytes)
Event: 9.193 Thread 0x0000000001a81000 nmethod 352 0x00007f10ac6c03d0 code [0x00007f10ac6c0540, 0x00007f10ac6c0758]
Event: 9.194 Thread 0x0000000001a81000    8 %           org.springframework.util.ReflectionUtils::findMethod @ 51 (110 bytes)
Event: 9.215 Thread 0x0000000001a81000 nmethod 8% 0x00007f10ac70a810 code [0x00007f10ac70aa20, 0x00007f10ac70b530]
Event: 9.215 Thread 0x0000000001a81000  353             java.util.regex.Matcher::search (109 bytes)
Event: 9.223 Thread 0x0000000001a81000 nmethod 353 0x00007f10ac7043d0 code [0x00007f10ac704560, 0x00007f10ac704a08]
Event: 9.249 Thread 0x0000000001a7d800 nmethod 349 0x00007f10ac70ded0 code [0x00007f10ac70e280, 0x00007f10ac70fc28]

GC Heap History (10 events):
Event: 2.066 GC heap before
{Heap before GC invocations=3 (full 0):
 PSYoungGen      total 18176K, used 18173K [0x00000000ebb60000, 0x00000000edee0000, 0x0000000100000000)
  eden space 15616K, 100% used [0x00000000ebb60000,0x00000000ecaa0000,0x00000000ecaa0000)
  from space 2560K, 99% used [0x00000000ecd20000,0x00000000ecf9f708,0x00000000ecfa0000)
  to   space 2560K, 0% used [0x00000000ecaa0000,0x00000000ecaa0000,0x00000000ecd20000)
 ParOldGen       total 41536K, used 49K [0x00000000c3200000, 0x00000000c5a90000, 0x00000000ebb60000)
  object space 41536K, 0% used [0x00000000c3200000,0x00000000c320c640,0x00000000c5a90000)
 PSPermGen       total 21248K, used 12752K [0x00000000be000000, 0x00000000bf4c0000, 0x00000000c3200000)
  object space 21248K, 60% used [0x00000000be000000,0x00000000bec741b8,0x00000000bf4c0000)
Event: 2.079 GC heap after
Heap after GC invocations=3 (full 0):
 PSYoungGen      total 18176K, used 2558K [0x00000000ebb60000, 0x00000000edee0000, 0x0000000100000000)
  eden space 15616K, 0% used [0x00000000ebb60000,0x00000000ebb60000,0x00000000ecaa0000)
  from space 2560K, 99% used [0x00000000ecaa0000,0x00000000ecd1fb58,0x00000000ecd20000)
  to   space 2560K, 0% used [0x00000000edc60000,0x00000000edc60000,0x00000000edee0000)
 ParOldGen       total 41536K, used 704K [0x00000000c3200000, 0x00000000c5a90000, 0x00000000ebb60000)
  object space 41536K, 1% used [0x00000000c3200000,0x00000000c32b02e8,0x00000000c5a90000)
 PSPermGen       total 21248K, used 12752K [0x00000000be000000, 0x00000000bf4c0000, 0x00000000c3200000)
  object space 21248K, 60% used [0x00000000be000000,0x00000000bec741b8,0x00000000bf4c0000)
}
Event: 2.757 GC heap before
{Heap before GC invocations=4 (full 0):
 PSYoungGen      total 18176K, used 18174K [0x00000000ebb60000, 0x00000000edee0000, 0x0000000100000000)
  eden space 15616K, 100% used [0x00000000ebb60000,0x00000000ecaa0000,0x00000000ecaa0000)
  from space 2560K, 99% used [0x00000000ecaa0000,0x00000000ecd1fb58,0x00000000ecd20000)
  to   space 2560K, 0% used [0x00000000edc60000,0x00000000edc60000,0x00000000edee0000)
 ParOldGen       total 41536K, used 704K [0x00000000c3200000, 0x00000000c5a90000, 0x00000000ebb60000)
  object space 41536K, 1% used [0x00000000c3200000,0x00000000c32b02e8,0x00000000c5a90000)
 PSPermGen       total 21248K, used 13005K [0x00000000be000000, 0x00000000bf4c0000, 0x00000000c3200000)
  object space 21248K, 61% used [0x00000000be000000,0x00000000becb3448,0x00000000bf4c0000)
Event: 2.774 GC heap after
Heap after GC invocations=4 (full 0):
 PSYoungGen      total 33792K, used 2550K [0x00000000ebb60000, 0x00000000edee0000, 0x0000000100000000)
  eden space 31232K, 0% used [0x00000000ebb60000,0x00000000ebb60000,0x00000000ed9e0000)
  from space 2560K, 99% used [0x00000000edc60000,0x00000000ededd868,0x00000000edee0000)
  to   space 2560K, 0% used [0x00000000ed9e0000,0x00000000ed9e0000,0x00000000edc60000)
 ParOldGen       total 41536K, used 1099K [0x00000000c3200000, 0x00000000c5a90000, 0x00000000ebb60000)
  object space 41536K, 2% used [0x00000000c3200000,0x00000000c3312ed8,0x00000000c5a90000)
 PSPermGen       total 21248K, used 13005K [0x00000000be000000, 0x00000000bf4c0000, 0x00000000c3200000)
  object space 21248K, 61% used [0x00000000be000000,0x00000000becb3448,0x00000000bf4c0000)
}
Event: 3.595 GC heap before
{Heap before GC invocations=5 (full 0):
 PSYoungGen      total 33792K, used 33782K [0x00000000ebb60000, 0x00000000edee0000, 0x0000000100000000)
  eden space 31232K, 100% used [0x00000000ebb60000,0x00000000ed9e0000,0x00000000ed9e0000)
  from space 2560K, 99% used [0x00000000edc60000,0x00000000ededd868,0x00000000edee0000)
  to   space 2560K, 0% used [0x00000000ed9e0000,0x00000000ed9e0000,0x00000000edc60000)
 ParOldGen       total 41536K, used 1099K [0x00000000c3200000, 0x00000000c5a90000, 0x00000000ebb60000)
  object space 41536K, 2% used [0x00000000c3200000,0x00000000c3312ed8,0x00000000c5a90000)
 PSPermGen       total 21248K, used 13209K [0x00000000be000000, 0x00000000bf4c0000, 0x00000000c3200000)
  object space 21248K, 62% used [0x00000000be000000,0x00000000bece64b0,0x00000000bf4c0000)
Event: 3.619 GC heap after
Heap after GC invocations=5 (full 0):
 PSYoungGen      total 33792K, used 2534K [0x00000000ebb60000, 0x00000000f0020000, 0x0000000100000000)
  eden space 31232K, 0% used [0x00000000ebb60000,0x00000000ebb60000,0x00000000ed9e0000)
  from space 2560K, 98% used [0x00000000ed9e0000,0x00000000edc59858,0x00000000edc60000)
  to   space 3968K, 0% used [0x00000000efc40000,0x00000000efc40000,0x00000000f0020000)
 ParOldGen       total 41536K, used 2283K [0x00000000c3200000, 0x00000000c5a90000, 0x00000000ebb60000)
  object space 41536K, 5% used [0x00000000c3200000,0x00000000c343aec8,0x00000000c5a90000)
 PSPermGen       total 21248K, used 13209K [0x00000000be000000, 0x00000000bf4c0000, 0x00000000c3200000)
  object space 21248K, 62% used [0x00000000be000000,0x00000000bece64b0,0x00000000bf4c0000)
}
Event: 4.607 GC heap before
{Heap before GC invocations=6 (full 0):
 PSYoungGen      total 33792K, used 33766K [0x00000000ebb60000, 0x00000000f0020000, 0x0000000100000000)
  eden space 31232K, 100% used [0x00000000ebb60000,0x00000000ed9e0000,0x00000000ed9e0000)
  from space 2560K, 98% used [0x00000000ed9e0000,0x00000000edc59858,0x00000000edc60000)
  to   space 3968K, 0% used [0x00000000efc40000,0x00000000efc40000,0x00000000f0020000)
 ParOldGen       total 41536K, used 2283K [0x00000000c3200000, 0x00000000c5a90000, 0x00000000ebb60000)
  object space 41536K, 5% used [0x00000000c3200000,0x00000000c343aec8,0x00000000c5a90000)
 PSPermGen       total 21248K, used 15062K [0x00000000be000000, 0x00000000bf4c0000, 0x00000000c3200000)
  object space 21248K, 70% used [0x00000000be000000,0x00000000beeb5a58,0x00000000bf4c0000)
Event: 4.646 GC heap after
Heap after GC invocations=6 (full 0):
 PSYoungGen      total 65600K, used 3966K [0x00000000ebb60000, 0x00000000f01c0000, 0x0000000100000000)
  eden space 61632K, 0% used [0x00000000ebb60000,0x00000000ebb60000,0x00000000ef790000)
  from space 3968K, 99% used [0x00000000efc40000,0x00000000f001fa68,0x00000000f0020000)
  to   space 4800K, 0% used [0x00000000ef790000,0x00000000ef790000,0x00000000efc40000)
 ParOldGen       total 41536K, used 3081K [0x00000000c3200000, 0x00000000c5a90000, 0x00000000ebb60000)
  object space 41536K, 7% used [0x00000000c3200000,0x00000000c3502600,0x00000000c5a90000)
 PSPermGen       total 21248K, used 15062K [0x00000000be000000, 0x00000000bf4c0000, 0x00000000c3200000)
  object space 21248K, 70% used [0x00000000be000000,0x00000000beeb5a58,0x00000000bf4c0000)
}
Event: 8.788 GC heap before
{Heap before GC invocations=7 (full 0):
 PSYoungGen      total 65600K, used 65598K [0x00000000ebb60000, 0x00000000f01c0000, 0x0000000100000000)
  eden space 61632K, 100% used [0x00000000ebb60000,0x00000000ef790000,0x00000000ef790000)
  from space 3968K, 99% used [0x00000000efc40000,0x00000000f001fa68,0x00000000f0020000)
  to   space 4800K, 0% used [0x00000000ef790000,0x00000000ef790000,0x00000000efc40000)
 ParOldGen       total 41536K, used 3081K [0x00000000c3200000, 0x00000000c5a90000, 0x00000000ebb60000)
  object space 41536K, 7% used [0x00000000c3200000,0x00000000c3502600,0x00000000c5a90000)
 PSPermGen       total 21248K, used 20235K [0x00000000be000000, 0x00000000bf4c0000, 0x00000000c3200000)
  object space 21248K, 95% used [0x00000000be000000,0x00000000bf3c2c68,0x00000000bf4c0000)
Event: 8.813 GC heap after
Heap after GC invocations=7 (full 0):
 PSYoungGen      total 66432K, used 4769K [0x00000000ebb60000, 0x00000000f4220000, 0x0000000100000000)
  eden space 61632K, 0% used [0x00000000ebb60000,0x00000000ebb60000,0x00000000ef790000)
  from space 4800K, 99% used [0x00000000ef790000,0x00000000efc386d0,0x00000000efc40000)
  to   space 7360K, 0% used [0x00000000f3af0000,0x00000000f3af0000,0x00000000f4220000)
 ParOldGen       total 41536K, used 6997K [0x00000000c3200000, 0x00000000c5a90000, 0x00000000ebb60000)
  object space 41536K, 16% used [0x00000000c3200000,0x00000000c38d5680,0x00000000c5a90000)
 PSPermGen       total 21248K, used 20235K [0x00000000be000000, 0x00000000bf4c0000, 0x00000000c3200000)
  object space 21248K, 95% used [0x00000000be000000,0x00000000bf3c2c68,0x00000000bf4c0000)
}

Deoptimization events (10 events):
Event: 9.184 Thread 0x000000000197b800 Uncommon trap -34 fr.pc 0x00007f10ac623788
Event: 9.185 Thread 0x000000000197b800 Uncommon trap -34 fr.pc 0x00007f10ac63554c
Event: 9.185 Thread 0x000000000197b800 Uncommon trap -34 fr.pc 0x00007f10ac622fac
Event: 9.186 Thread 0x000000000197b800 Uncommon trap -34 fr.pc 0x00007f10ac622f1c
Event: 9.186 Thread 0x000000000197b800 Uncommon trap -34 fr.pc 0x00007f10ac622fac
Event: 9.186 Thread 0x000000000197b800 Uncommon trap -34 fr.pc 0x00007f10ac6241b8
Event: 9.186 Thread 0x000000000197b800 Uncommon trap -34 fr.pc 0x00007f10ac622f1c
Event: 9.186 Thread 0x000000000197b800 Uncommon trap -34 fr.pc 0x00007f10ac650ae0
Event: 9.201 Thread 0x000000000197b800 Uncommon trap -34 fr.pc 0x00007f10ac6241b8
Event: 9.201 Thread 0x000000000197b800 Uncommon trap -34 fr.pc 0x00007f10ac650ae0

Internal exceptions (10 events):
Event: 9.235 Thread 0x000000000197b800 Threw 0x00000000ec4274a8 at /HUDSON/workspace/jdk7u9-2-build-linux-amd64-product/jdk7u9/hotspot/src/share/vm/prims/jvm.cpp:1166
Event: 9.236 Thread 0x000000000197b800 Threw 0x00000000ec42c798 at /HUDSON/workspace/jdk7u9-2-build-linux-amd64-product/jdk7u9/hotspot/src/share/vm/prims/jvm.cpp:1166
Event: 9.237 Thread 0x000000000197b800 Threw 0x00000000ec43e0b0 at /HUDSON/workspace/jdk7u9-2-build-linux-amd64-product/jdk7u9/hotspot/src/share/vm/prims/jvm.cpp:1166
Event: 9.237 Thread 0x000000000197b800 Threw 0x00000000ec442e78 at /HUDSON/workspace/jdk7u9-2-build-linux-amd64-product/jdk7u9/hotspot/src/share/vm/prims/jvm.cpp:1166
Event: 9.238 Thread 0x000000000197b800 Threw 0x00000000ec448860 at /HUDSON/workspace/jdk7u9-2-build-linux-amd64-product/jdk7u9/hotspot/src/share/vm/prims/jvm.cpp:1166
Event: 9.239 Thread 0x000000000197b800 Threw 0x00000000ec44e0e8 at /HUDSON/workspace/jdk7u9-2-build-linux-amd64-product/jdk7u9/hotspot/src/share/vm/prims/jvm.cpp:1166
Event: 9.240 Thread 0x000000000197b800 Threw 0x00000000ec4535f8 at /HUDSON/workspace/jdk7u9-2-build-linux-amd64-product/jdk7u9/hotspot/src/share/vm/prims/jvm.cpp:1166
Event: 9.241 Thread 0x000000000197b800 Threw 0x00000000ec45cfe8 at /HUDSON/workspace/jdk7u9-2-build-linux-amd64-product/jdk7u9/hotspot/src/share/vm/prims/jvm.cpp:1166
Event: 24.667 Thread 0x000000000197b800 Threw 0x00000000ec466850 at /HUDSON/workspace/jdk7u9-2-build-linux-amd64-product/jdk7u9/hotspot/src/share/vm/prims/jvm.cpp:1166
Event: 24.670 Thread 0x000000000197b800 Threw 0x00000000ec46cf70 at /HUDSON/workspace/jdk7u9-2-build-linux-amd64-product/jdk7u9/hotspot/src/share/vm/prims/jvm.cpp:1166

Events (10 events):
Event: 24.790 Executing VM operation: GetOrSetLocal
Event: 24.790 Executing VM operation: GetOrSetLocal done
Event: 28.519 Executing VM operation: EnterInterpOnlyMode
Event: 28.519 Executing VM operation: EnterInterpOnlyMode done
Event: 28.519 Executing VM operation: GetCurrentLocation
Event: 28.519 Executing VM operation: GetCurrentLocation done
Event: 28.519 Executing VM operation: ChangeSingleStep
Event: 28.519 Executing VM operation: ChangeSingleStep done
Event: 28.521 Executing VM operation: ChangeSingleStep
Event: 28.521 Executing VM operation: ChangeSingleStep done


Dynamic libraries:
00400000-00401000 r-xp 00000000 08:01 1836780                            /usr/lib/jvm/jdk1.7.0_09/bin/java
00600000-00601000 rw-p 00000000 08:01 1836780                            /usr/lib/jvm/jdk1.7.0_09/bin/java
0196b000-05480000 rw-p 00000000 00:00 0                                  [heap]
be000000-bf4f0000 rw-p 00000000 00:00 0 
bf4f0000-c3200000 rw-p 00000000 00:00 0 
c3200000-c5a90000 rw-p 00000000 00:00 0 
c5a90000-ebb60000 rw-p 00000000 00:00 0 
ebb60000-f4220000 rw-p 00000000 00:00 0 
f4220000-100000000 rw-p 00000000 00:00 0 
7f1098000000-7f109860b000 rw-p 00000000 00:00 0 
7f109860b000-7f109c000000 ---p 00000000 00:00 0 
7f10a0000000-7f10a3e58000 rw-p 00000000 00:00 0 
7f10a3e58000-7f10a4000000 ---p 00000000 00:00 0 
7f10a6732000-7f10a6735000 ---p 00000000 00:00 0 
7f10a6735000-7f10a6833000 rw-p 00000000 00:00 0 
7f10a6833000-7f10a6836000 ---p 00000000 00:00 0 
7f10a6836000-7f10a6934000 rw-p 00000000 00:00 0 
7f10a6934000-7f10a6937000 ---p 00000000 00:00 0 
7f10a6937000-7f10a6a35000 rw-p 00000000 00:00 0 
7f10a6a35000-7f10a6a38000 ---p 00000000 00:00 0 
7f10a6a38000-7f10a6b36000 rw-p 00000000 00:00 0 
7f10a6b36000-7f10a6b39000 ---p 00000000 00:00 0 
7f10a6b39000-7f10a6c37000 rw-p 00000000 00:00 0 
7f10a6c37000-7f10a6c3a000 ---p 00000000 00:00 0 
7f10a6c3a000-7f10a6d38000 rw-p 00000000 00:00 0 
7f10a6d38000-7f10a6d3b000 ---p 00000000 00:00 0 
7f10a6d3b000-7f10a6e39000 rw-p 00000000 00:00 0 
7f10a6e39000-7f10a6e3c000 ---p 00000000 00:00 0 
7f10a6e3c000-7f10a6f3a000 rw-p 00000000 00:00 0 
7f10a6faf000-7f10a6fb2000 ---p 00000000 00:00 0 
7f10a6fb2000-7f10a70b0000 rw-p 00000000 00:00 0 
7f10a70b0000-7f10a70b3000 ---p 00000000 00:00 0 
7f10a70b3000-7f10a71b1000 rw-p 00000000 00:00 0 
7f10a71b1000-7f10a71b4000 ---p 00000000 00:00 0 
7f10a71b4000-7f10a72b2000 rw-p 00000000 00:00 0 
7f10a72b2000-7f10a72b5000 ---p 00000000 00:00 0 
7f10a72b5000-7f10a73b3000 rw-p 00000000 00:00 0 
7f10a73b3000-7f10a73b6000 ---p 00000000 00:00 0 
7f10a73b6000-7f10a74b4000 rw-p 00000000 00:00 0 
7f10a74b4000-7f10a74bc000 r-xp 00000000 08:01 1858645                    /usr/lib/jvm/jdk1.7.0_09/jre/lib/amd64/libmanagement.so
7f10a74bc000-7f10a76bb000 ---p 00008000 08:01 1858645                    /usr/lib/jvm/jdk1.7.0_09/jre/lib/amd64/libmanagement.so
7f10a76bb000-7f10a76bc000 rw-p 00007000 08:01 1858645                    /usr/lib/jvm/jdk1.7.0_09/jre/lib/amd64/libmanagement.so
7f10a76bc000-7f10a76bf000 ---p 00000000 00:00 0 
7f10a76bf000-7f10a77bd000 rw-p 00000000 00:00 0 
7f10a77bd000-7f10a77d2000 r-xp 00000000 08:01 1858605                    /usr/lib/jvm/jdk1.7.0_09/jre/lib/amd64/libnet.so
7f10a77d2000-7f10a79d2000 ---p 00015000 08:01 1858605                    /usr/lib/jvm/jdk1.7.0_09/jre/lib/amd64/libnet.so
7f10a79d2000-7f10a79d3000 rw-p 00015000 08:01 1858605                    /usr/lib/jvm/jdk1.7.0_09/jre/lib/amd64/libnet.so
7f10a79d3000-7f10a79e3000 r-xp 00000000 08:01 1858600                    /usr/lib/jvm/jdk1.7.0_09/jre/lib/amd64/libnio.so
7f10a79e3000-7f10a7be3000 ---p 00010000 08:01 1858600                    /usr/lib/jvm/jdk1.7.0_09/jre/lib/amd64/libnio.so
7f10a7be3000-7f10a7be4000 rw-p 00010000 08:01 1858600                    /usr/lib/jvm/jdk1.7.0_09/jre/lib/amd64/libnio.so
7f10a7be4000-7f10a7bee000 r--s 00254000 08:01 1858108                    /usr/lib/jvm/jdk1.7.0_09/jre/lib/resources.jar
7f10a7bee000-7f10a7bf8000 r--s 0008a000 08:01 1971128                    /home/nwhitehead/.m2/repository/org/apache/zookeeper/zookeeper/3.3.4/zookeeper-3.3.4.jar
7f10a7bf8000-7f10a7bfd000 r--s 00016000 08:01 1835747                    /home/nwhitehead/.m2/repository/xml-apis/xml-apis/1.0.b2/xml-apis-1.0.b2.jar
7f10a7bfd000-7f10a7c04000 r--s 00032000 08:01 2100553                    /home/nwhitehead/.m2/repository/org/springframework/spring-tx/3.0.7.RELEASE/spring-tx-3.0.7.RELEASE.jar
7f10a7c04000-7f10a7c0a000 r--s 00033000 08:01 2100576                    /home/nwhitehead/.m2/repository/org/springframework/spring-test/3.1.1.RELEASE/spring-test-3.1.1.RELEASE.jar
7f10a7c0a000-7f10a7c14000 r--s 00055000 08:01 2100556                    /home/nwhitehead/.m2/repository/org/springframework/spring-jdbc/3.0.7.RELEASE/spring-jdbc-3.0.7.RELEASE.jar
7f10a7c14000-7f10a7c18000 r--s 00026000 08:01 2100550                    /home/nwhitehead/.m2/repository/org/springframework/spring-expression/3.0.7.RELEASE/spring-expression-3.0.7.RELEASE.jar
7f10a7c18000-7f10a7c20000 r--s 00041000 08:01 2106676                    /home/nwhitehead/.m2/repository/org/springframework/data/spring-data-mongodb/1.0.4.RELEASE/spring-data-mongodb-1.0.4.RELEASE.jar
7f10a7c20000-7f10a7c26000 r--s 0002d000 08:01 2106631                    /home/nwhitehead/.m2/repository/org/springframework/data/spring-data-commons-core/1.2.1.RELEASE/spring-data-commons-core-1.2.1.RELEASE.jar
7f10a7c26000-7f10a7c2f000 r--s 00055000 08:01 2098467                    /home/nwhitehead/.m2/repository/org/springframework/spring-core/3.0.7.RELEASE/spring-core-3.0.7.RELEASE.jar
7f10a7c2f000-7f10a7c40000 r--s 00093000 08:01 2098449                    /home/nwhitehead/.m2/repository/org/springframework/spring-context/3.0.7.RELEASE/spring-context-3.0.7.RELEASE.jar
7f10a7c40000-7f10a7c4b000 r--s 0007d000 08:01 2098464                    /home/nwhitehead/.m2/repository/org/springframework/spring-beans/3.0.7.RELEASE/spring-beans-3.0.7.RELEASE.jar
7f10a7c4b000-7f10a7c4c000 r--s 0000c000 08:01 2098411                    /home/nwhitehead/.m2/repository/org/springframework/spring-asm/3.0.7.RELEASE/spring-asm-3.0.7.RELEASE.jar
7f10a7c4c000-7f10a7c55000 r--s 00046000 08:01 2098457                    /home/nwhitehead/.m2/repository/org/springframework/spring-aop/3.0.7.RELEASE/spring-aop-3.0.7.RELEASE.jar
7f10a7c55000-7f10a7c56000 r--s 00002000 08:01 2098458                    /home/nwhitehead/.m2/repository/org/slf4j/slf4j-log4j12/1.6.6/slf4j-log4j12-1.6.6.jar
7f10a7c56000-7f10a7c58000 r--s 00005000 08:01 2098454                    /home/nwhitehead/.m2/repository/org/slf4j/slf4j-api/1.6.6/slf4j-api-1.6.6.jar
7f10a7c58000-7f10a7c60000 r--s 0004a000 08:01 2098420                    /home/nwhitehead/.m2/repository/org/springframework/org.springframework.orm/3.0.7.RELEASE/org.springframework.orm-3.0.7.RELEASE.jar
7f10a7c60000-7f10a7c62000 r--s 00008000 08:01 1859210                    /home/nwhitehead/.m2/repository/com/cgbystrom/netty-tools/1.2.7/netty-tools-1.2.7.jar
7f10a7c62000-7f10a7c65000 r--s 0000d000 08:01 1858866                    /home/nwhitehead/.m2/repository/org/helios/nash/1.0-SNAPSHOT/nash-1.0-SNAPSHOT.jar
7f10a7c65000-7f10a7c6a000 r--s 00043000 08:01 1897640                    /home/nwhitehead/.m2/repository/org/mongodb/mongo-java-driver/2.7.1/mongo-java-driver-2.7.1.jar
7f10a7c6a000-7f10a7c73000 r--s 0004d000 08:01 1846066                    /home/nwhitehead/.m2/repository/ch/qos/logback/logback-core/1.0.6/logback-core-1.0.6.jar
7f10a7c73000-7f10a7c79000 r--s 00038000 08:01 1846088                    /home/nwhitehead/.m2/repository/ch/qos/logback/logback-classic/1.0.6/logback-classic-1.0.6.jar
7f10a7c79000-7f10a7c7b000 r--s 00004000 08:01 2098465                    /home/nwhitehead/.m2/repository/org/slf4j/log4j-over-slf4j/1.6.4/log4j-over-slf4j-1.6.4.jar
7f10a7c7b000-7f10a7c7e000 r--s 00006000 08:01 3698766                    /home/nwhitehead/.m2/repository/com/google/code/findbugs/jsr305/1.3.9/jsr305-1.3.9.jar
7f10a7c7e000-7f10a7c80000 r--s 00001000 08:01 4456612                    /home/nwhitehead/.m2/repository/net/javacrumbs/json-xml/1.2/json-xml-1.2.jar
7f10a7c80000-7f10a7c81000 r--s 00005000 08:01 3025780                    /home/nwhitehead/.m2/repository/com/googlecode/json-simple/json-simple/1.1.1/json-simple-1.1.1.jar
7f10a7c81000-7f10a7c83000 r--s 0000a000 08:01 1846472                    /home/nwhitehead/.m2/repository/org/json/json/20090211/json-20090211.jar
7f10a7c83000-7f10a7c85000 r--s 00003000 08:01 2098459                    /home/nwhitehead/.m2/repository/org/slf4j/jcl-over-slf4j/1.6.4/jcl-over-slf4j-1.6.4.jar
7f10a7c85000-7f10a7c88000 r--s 00018000 08:01 4347811                    /home/nwhitehead/.m2/repository/org/fusesource/jansi/jansi/1.4/jansi-1.4.jar
7f10a7c88000-7f10a7c8c000 r--s 00034000 08:01 1971132                    /home/nwhitehead/.m2/repository/org/codehaus/jackson/jackson-core-asl/1.8.1/jackson-core-asl-1.8.1.jar
7f10a7c8c000-7f10a7c8e000 r--s 00016000 08:01 1858774                    /home/nwhitehead/.m2/repository/com/github/stephenc/high-scale-lib/high-scale-lib/1.1.4/high-scale-lib-1.1.4.jar
7f10a7c8e000-7f10a7cb1000 r--s 00211000 08:01 2240994                    /home/nwhitehead/.m2/repository/org/hibernate/hibernate-core/3.3.2.GA/hibernate-core-3.3.2.GA.jar
7f10a7cb1000-7f10a7cbb000 r--s 0012f000 08:01 1858783                    /home/nwhitehead/.m2/repository/com/h2database/h2/1.3.168/h2-1.3.168.jar
7f10a7cbb000-7f10a7cdd000 r--s 00195000 08:01 3675761                    /home/nwhitehead/.m2/repository/com/google/guava/guava/12.0/guava-12.0.jar
7f10a7cdd000-7f10a7ce2000 r--s 0002a000 08:01 3675752                    /home/nwhitehead/.m2/repository/com/google/code/gson/gson/2.2.2/gson-2.2.2.jar
7f10a7ce2000-7f10a7d41000 r--s 00589000 08:01 1858790                    /home/nwhitehead/.m2/repository/org/codehaus/groovy/groovy-all/2.0.1/groovy-all-2.0.1.jar
7f10a7d41000-7f10a7d46000 r--s 00048000 08:01 1836869                    /home/nwhitehead/.m2/repository/dom4j/dom4j/1.6.1/dom4j-1.6.1.jar
7f10a7d46000-7f10a7d49000 r--s 0000e000 08:01 1863083                    /home/nwhitehead/.m2/repository/de/flapdoodle/embed/de.flapdoodle.embed.process/1.24/de.flapdoodle.embed.process-1.24.jar
7f10a7d49000-7f10a7d4b000 r--s 00005000 08:01 1863082                    /home/nwhitehead/.m2/repository/de/flapdoodle/embed/de.flapdoodle.embed.mongo/1.26/de.flapdoodle.embed.mongo-1.26.jar
7f10a7d4b000-7f10a7d4e000 r--s 0002a000 08:01 4456613                    /home/nwhitehead/.m2/repository/net/opentsdb/core/1.1.0/core-1.1.0.jar
7f10a7d4e000-7f10a7d51000 r--s 00015000 08:01 1836071                    /home/nwhitehead/.m2/repository/commons-pool/commons-pool/1.5.4/commons-pool-1.5.4.jar
7f10a7d51000-7f10a7d53000 r--s 0000d000 08:01 1849525                    /home/nwhitehead/.m2/repository/commons-logging/commons-logging/1.1.1/commons-logging-1.1.1.jar
7f10a7d53000-7f10a7d57000 r--s 00027000 08:01 1863084                    /home/nwhitehead/.m2/repository/commons-io/commons-io/2.2/commons-io-2.2.jar
7f10a7d57000-7f10a7d5a000 r--s 00025000 08:01 1858769                    /home/nwhitehead/.m2/repository/commons-dbcp/commons-dbcp/1.4/commons-dbcp-1.4.jar
7f10a7d5a000-7f10a7d5f000 r--s 00032000 08:01 1976205                    /home/nwhitehead/.m2/repository/org/apache/commons/commons-compress/1.3/commons-compress-1.3.jar
7f10a7d5f000-7f10a7d6c000 r--s 0007c000 08:01 1836641                    /home/nwhitehead/.m2/repository/commons-collections/commons-collections/3.1/commons-collections-3.1.jar
7f10a7d6c000-7f10a7d6f000 r--s 00012000 08:01 1970991                    /home/nwhitehead/.m2/repository/org/apache/camel/camel-test-spring/2.10.0/camel-test-spring-2.10.0.jar
7f10a7d6f000-7f10a7d71000 r--s 0000c000 08:01 1971113                    /home/nwhitehead/.m2/repository/org/apache/camel/camel-test/2.10.0/camel-test-2.10.0.jar
7f10a7d71000-7f10a7d76000 r--s 00033000 08:01 1971135                    /home/nwhitehead/.m2/repository/org/apache/camel/camel-spring/2.10.0/camel-spring-2.10.0.jar
7f10a7d76000-7f10a7d78000 r--s 0000e000 08:01 1971138                    /home/nwhitehead/.m2/repository/org/apache/camel/camel-netty/2.10.0/camel-netty-2.10.0.jar
7f10a7d78000-7f10a7da1000 r--s 001f1000 08:01 1969727                    /home/nwhitehead/.m2/repository/org/apache/camel/camel-core/2.10.0/camel-core-2.10.0.jar
7f10a7da1000-7f10a7da5000 r--s 00024000 08:01 1858773                    /home/nwhitehead/.m2/repository/org/hbase/asynchbase/1.3.2/asynchbase-1.3.2.jar
7f10a7da5000-7f10a7dae000 r--s 0006c000 08:01 1858778                    /home/nwhitehead/.m2/repository/com/ning/async-http-client/1.7.6/async-http-client-1.7.6.jar
7f10a7dae000-7f10a7daf000 r--s 00003000 08:01 1858770                    /home/nwhitehead/.m2/repository/com/stumbleupon/async/1.2.0/async-1.2.0.jar
7f10a7daf000-7f10a7db5000 r--s 00054000 08:01 5375779                    /home/nwhitehead/.m2/repository/org/snmp4j/snmp4j/1.9.1f/snmp4j-1.9.1f.jar
7f10a7db5000-7f10a7dcb000 r--s 000fd000 08:01 2229165                    /home/nwhitehead/.m2/repository/io/netty/netty/3.5.8.Final/netty-3.5.8.Final.jar
7f10a7dcb000-7f10a7dcc000 ---p 00000000 00:00 0 
7f10a7dcc000-7f10a7ecc000 rw-p 00000000 00:00 0 
7f10a7ecc000-7f10a7ecf000 ---p 00000000 00:00 0 
7f10a7ecf000-7f10a7fcd000 rw-p 00000000 00:00 0 
7f10a7fcd000-7f10a7fd0000 ---p 00000000 00:00 0 
7f10a7fd0000-7f10a80ce000 rw-p 00000000 00:00 0 
7f10a80ce000-7f10a80d1000 ---p 00000000 00:00 0 
7f10a80d1000-7f10a81cf000 rw-p 00000000 00:00 0 
7f10a81cf000-7f10a81d2000 ---p 00000000 00:00 0 
7f10a81d2000-7f10a82d0000 rw-p 00000000 00:00 0 
7f10a82d0000-7f10a82d3000 ---p 00000000 00:00 0 
7f10a82d3000-7f10a83d1000 rw-p 00000000 00:00 0 
7f10a83d1000-7f10a83d4000 ---p 00000000 00:00 0 
7f10a83d4000-7f10a84d2000 rw-p 00000000 00:00 0 
7f10a84d2000-7f10a84d6000 r-xp 00000000 08:01 1858620                    /usr/lib/jvm/jdk1.7.0_09/jre/lib/amd64/libdt_socket.so
7f10a84d6000-7f10a86d5000 ---p 00004000 08:01 1858620                    /usr/lib/jvm/jdk1.7.0_09/jre/lib/amd64/libdt_socket.so
7f10a86d5000-7f10a86d6000 rw-p 00003000 08:01 1858620                    /usr/lib/jvm/jdk1.7.0_09/jre/lib/amd64/libdt_socket.so
7f10a86d6000-7f10a86d9000 ---p 00000000 00:00 0 
7f10a86d9000-7f10a87d7000 rw-p 00000000 00:00 0 
7f10a87d7000-7f10a87da000 ---p 00000000 00:00 0 
7f10a87da000-7f10a88d8000 rw-p 00000000 00:00 0 
7f10a88d8000-7f10a88db000 ---p 00000000 00:00 0 
7f10a88db000-7f10a89d9000 rw-p 00000000 00:00 0 
7f10a89d9000-7f10a89da000 ---p 00000000 00:00 0 
7f10a89da000-7f10a94b6000 rw-p 00000000 00:00 0 
7f10a94b6000-7f10a9672000 r--s 039da000 08:01 1858659                    /usr/lib/jvm/jdk1.7.0_09/jre/lib/rt.jar
7f10a9672000-7f10abfda000 rw-p 00000000 00:00 0 
7f10abfda000-7f10abfdb000 ---p 00000000 00:00 0 
7f10abfdb000-7f10ac0db000 rw-p 00000000 00:00 0 
7f10ac0db000-7f10ac0dc000 ---p 00000000 00:00 0 
7f10ac0dc000-7f10ac1e7000 rw-p 00000000 00:00 0 
7f10ac1e7000-7f10ac205000 rw-p 00000000 00:00 0 
7f10ac205000-7f10ac21a000 rw-p 00000000 00:00 0 
7f10ac21a000-7f10ac34a000 rw-p 00000000 00:00 0 
7f10ac34a000-7f10ac355000 rw-p 00000000 00:00 0 
7f10ac355000-7f10ac373000 rw-p 00000000 00:00 0 
7f10ac373000-7f10ac388000 rw-p 00000000 00:00 0 
7f10ac388000-7f10ac4b7000 rw-p 00000000 00:00 0 
7f10ac4b7000-7f10ac4fc000 rw-p 00000000 00:00 0 
7f10ac4fc000-7f10ac55a000 rw-p 00000000 00:00 0 
7f10ac55a000-7f10ac55b000 rw-p 00000000 00:00 0 
7f10ac55b000-7f10ac7cb000 rwxp 00000000 00:00 0 
7f10ac7cb000-7f10af55b000 rw-p 00000000 00:00 0 
7f10af55b000-7f10af575000 r-xp 00000000 08:01 1858648                    /usr/lib/jvm/jdk1.7.0_09/jre/lib/amd64/libzip.so
7f10af575000-7f10af775000 ---p 0001a000 08:01 1858648                    /usr/lib/jvm/jdk1.7.0_09/jre/lib/amd64/libzip.so
7f10af775000-7f10af776000 rw-p 0001a000 08:01 1858648                    /usr/lib/jvm/jdk1.7.0_09/jre/lib/amd64/libzip.so
7f10af776000-7f10af782000 r-xp 00000000 08:01 2490502                    /lib/libnss_files-2.12.1.so
7f10af782000-7f10af981000 ---p 0000c000 08:01 2490502                    /lib/libnss_files-2.12.1.so
7f10af981000-7f10af982000 r--p 0000b000 08:01 2490502                    /lib/libnss_files-2.12.1.so
7f10af982000-7f10af983000 rw-p 0000c000 08:01 2490502                    /lib/libnss_files-2.12.1.so
7f10af983000-7f10af98d000 r-xp 00000000 08:01 2490525                    /lib/libnss_nis-2.12.1.so
7f10af98d000-7f10afb8c000 ---p 0000a000 08:01 2490525                    /lib/libnss_nis-2.12.1.so
7f10afb8c000-7f10afb8d000 r--p 00009000 08:01 2490525                    /lib/libnss_nis-2.12.1.so
7f10afb8d000-7f10afb8e000 rw-p 0000a000 08:01 2490525                    /lib/libnss_nis-2.12.1.so
7f10afb8e000-7f10afba5000 r-xp 00000000 08:01 2490479                    /lib/libnsl-2.12.1.so
7f10afba5000-7f10afda4000 ---p 00017000 08:01 2490479                    /lib/libnsl-2.12.1.so
7f10afda4000-7f10afda5000 r--p 00016000 08:01 2490479                    /lib/libnsl-2.12.1.so
7f10afda5000-7f10afda6000 rw-p 00017000 08:01 2490479                    /lib/libnsl-2.12.1.so
7f10afda6000-7f10afda8000 rw-p 00000000 00:00 0 
7f10afda8000-7f10afdb0000 r-xp 00000000 08:01 2490489                    /lib/libnss_compat-2.12.1.so
7f10afdb0000-7f10affaf000 ---p 00008000 08:01 2490489                    /lib/libnss_compat-2.12.1.so
7f10affaf000-7f10affb0000 r--p 00007000 08:01 2490489                    /lib/libnss_compat-2.12.1.so
7f10affb0000-7f10affb1000 rw-p 00008000 08:01 2490489                    /lib/libnss_compat-2.12.1.so
7f10affb1000-7f10b0255000 r--p 00000000 08:01 2623986                    /usr/lib/locale/locale-archive
7f10b0255000-7f10b0258000 r-xp 00000000 08:01 1858611                    /usr/lib/jvm/jdk1.7.0_09/jre/lib/amd64/libnpt.so
7f10b0258000-7f10b0457000 ---p 00003000 08:01 1858611                    /usr/lib/jvm/jdk1.7.0_09/jre/lib/amd64/libnpt.so
7f10b0457000-7f10b0458000 rw-p 00002000 08:01 1858611                    /usr/lib/jvm/jdk1.7.0_09/jre/lib/amd64/libnpt.so
7f10b0458000-7f10b0491000 r-xp 00000000 08:01 1858652                    /usr/lib/jvm/jdk1.7.0_09/jre/lib/amd64/libjdwp.so
7f10b0491000-7f10b0690000 ---p 00039000 08:01 1858652                    /usr/lib/jvm/jdk1.7.0_09/jre/lib/amd64/libjdwp.so
7f10b0690000-7f10b0692000 rw-p 00038000 08:01 1858652                    /usr/lib/jvm/jdk1.7.0_09/jre/lib/amd64/libjdwp.so
7f10b0692000-7f10b06bb000 r-xp 00000000 08:01 1858634                    /usr/lib/jvm/jdk1.7.0_09/jre/lib/amd64/libjava.so
7f10b06bb000-7f10b08bb000 ---p 00029000 08:01 1858634                    /usr/lib/jvm/jdk1.7.0_09/jre/lib/amd64/libjava.so
7f10b08bb000-7f10b08bd000 rw-p 00029000 08:01 1858634                    /usr/lib/jvm/jdk1.7.0_09/jre/lib/amd64/libjava.so
7f10b08bd000-7f10b08ca000 r-xp 00000000 08:01 1858632                    /usr/lib/jvm/jdk1.7.0_09/jre/lib/amd64/libverify.so
7f10b08ca000-7f10b0ac9000 ---p 0000d000 08:01 1858632                    /usr/lib/jvm/jdk1.7.0_09/jre/lib/amd64/libverify.so
7f10b0ac9000-7f10b0acb000 rw-p 0000c000 08:01 1858632                    /usr/lib/jvm/jdk1.7.0_09/jre/lib/amd64/libverify.so
7f10b0acb000-7f10b0ad2000 r-xp 00000000 08:01 2491140                    /lib/librt-2.12.1.so
7f10b0ad2000-7f10b0cd1000 ---p 00007000 08:01 2491140                    /lib/librt-2.12.1.so
7f10b0cd1000-7f10b0cd2000 r--p 00006000 08:01 2491140                    /lib/librt-2.12.1.so
7f10b0cd2000-7f10b0cd3000 rw-p 00007000 08:01 2491140                    /lib/librt-2.12.1.so
7f10b0cd3000-7f10b0d55000 r-xp 00000000 08:01 2490475                    /lib/libm-2.12.1.so
7f10b0d55000-7f10b0f54000 ---p 00082000 08:01 2490475                    /lib/libm-2.12.1.so
7f10b0f54000-7f10b0f55000 r--p 00081000 08:01 2490475                    /lib/libm-2.12.1.so
7f10b0f55000-7f10b0f56000 rw-p 00082000 08:01 2490475                    /lib/libm-2.12.1.so
7f10b0f56000-7f10b199d000 r-xp 00000000 08:01 1858639                    /usr/lib/jvm/jdk1.7.0_09/jre/lib/amd64/server/libjvm.so
7f10b199d000-7f10b1b9c000 ---p 00a47000 08:01 1858639                    /usr/lib/jvm/jdk1.7.0_09/jre/lib/amd64/server/libjvm.so
7f10b1b9c000-7f10b1c40000 rw-p 00a46000 08:01 1858639                    /usr/lib/jvm/jdk1.7.0_09/jre/lib/amd64/server/libjvm.so
7f10b1c40000-7f10b1c7b000 rw-p 00000000 00:00 0 
7f10b1c7b000-7f10b1df5000 r-xp 00000000 08:01 2490430                    /lib/libc-2.12.1.so
7f10b1df5000-7f10b1ff5000 ---p 0017a000 08:01 2490430                    /lib/libc-2.12.1.so
7f10b1ff5000-7f10b1ff9000 r--p 0017a000 08:01 2490430                    /lib/libc-2.12.1.so
7f10b1ff9000-7f10b1ffa000 rw-p 0017e000 08:01 2490430                    /lib/libc-2.12.1.so
7f10b1ffa000-7f10b1fff000 rw-p 00000000 00:00 0 
7f10b1fff000-7f10b2001000 r-xp 00000000 08:01 2490473                    /lib/libdl-2.12.1.so
7f10b2001000-7f10b2201000 ---p 00002000 08:01 2490473                    /lib/libdl-2.12.1.so
7f10b2201000-7f10b2202000 r--p 00002000 08:01 2490473                    /lib/libdl-2.12.1.so
7f10b2202000-7f10b2203000 rw-p 00003000 08:01 2490473                    /lib/libdl-2.12.1.so
7f10b2203000-7f10b2219000 r-xp 00000000 08:01 1858609                    /usr/lib/jvm/jdk1.7.0_09/jre/lib/amd64/jli/libjli.so
7f10b2219000-7f10b2418000 ---p 00016000 08:01 1858609                    /usr/lib/jvm/jdk1.7.0_09/jre/lib/amd64/jli/libjli.so
7f10b2418000-7f10b2419000 rw-p 00015000 08:01 1858609                    /usr/lib/jvm/jdk1.7.0_09/jre/lib/amd64/jli/libjli.so
7f10b2419000-7f10b2431000 r-xp 00000000 08:01 2490545                    /lib/libpthread-2.12.1.so
7f10b2431000-7f10b2630000 ---p 00018000 08:01 2490545                    /lib/libpthread-2.12.1.so
7f10b2630000-7f10b2631000 r--p 00017000 08:01 2490545                    /lib/libpthread-2.12.1.so
7f10b2631000-7f10b2632000 rw-p 00018000 08:01 2490545                    /lib/libpthread-2.12.1.so
7f10b2632000-7f10b2636000 rw-p 00000000 00:00 0 
7f10b2636000-7f10b2656000 r-xp 00000000 08:01 2490421                    /lib/ld-2.12.1.so
7f10b2656000-7f10b2658000 rw-p 00000000 00:00 0 
7f10b2658000-7f10b2659000 rw-s 00000000 08:01 1946538                    /home/nwhitehead/.apmrouter/h2/time-series/live.index
7f10b2659000-7f10b2660000 r--s 00062000 08:01 2381988                    /home/nwhitehead/.m2/repository/org/hyperic/sigar/1.6.4/sigar-1.6.4.jar
7f10b2660000-7f10b2669000 r--s 0006d000 08:01 1835714                    /home/nwhitehead/.m2/repository/log4j/log4j/1.2.16/log4j-1.2.16.jar
7f10b2669000-7f10b266f000 r--s 00034000 08:01 3189641                    /home/nwhitehead/.m2/repository/junit/junit/4.8.2/junit-4.8.2.jar
7f10b266f000-7f10b2679000 rw-p 00000000 00:00 0 
7f10b2679000-7f10b272f000 rw-p 00000000 00:00 0 
7f10b272f000-7f10b2732000 ---p 00000000 00:00 0 
7f10b2732000-7f10b2834000 rw-p 00000000 00:00 0 
7f10b2834000-7f10b2838000 r--s 00089000 08:01 1858097                    /usr/lib/jvm/jdk1.7.0_09/jre/lib/jsse.jar
7f10b2838000-7f10b2841000 r--s 00098000 08:01 1836150                    /home/nwhitehead/.m2/repository/org/javassist/javassist/3.16.1-GA/javassist-3.16.1-GA.jar
7f10b2841000-7f10b2843000 r--s 00000000 08:01 1835649                    /home/nwhitehead/.m2/repository/aopalliance/aopalliance/1.0/aopalliance-1.0.jar
7f10b2843000-7f10b2849000 r--s 00067000 08:01 1835777                    /home/nwhitehead/.m2/repository/antlr/antlr/2.7.6/antlr-2.7.6.jar
7f10b2849000-7f10b284a000 r--s 00003000 08:01 1835778                    /home/nwhitehead/.m2/repository/javax/transaction/jta/1.1/jta-1.1.jar
7f10b284a000-7f10b2852000 rw-s 00000000 08:01 4850708                    /tmp/hsperfdata_nwhitehead/21100
7f10b2852000-7f10b2853000 rw-p 00000000 00:00 0 
7f10b2853000-7f10b2854000 r--p 00000000 00:00 0 
7f10b2854000-7f10b2856000 rw-p 00000000 00:00 0 
7f10b2856000-7f10b2857000 r--p 00020000 08:01 2490421                    /lib/ld-2.12.1.so
7f10b2857000-7f10b2858000 rw-p 00021000 08:01 2490421                    /lib/ld-2.12.1.so
7f10b2858000-7f10b2859000 rw-p 00000000 00:00 0 
7fffc0380000-7fffc03a2000 rw-p 00000000 00:00 0                          [stack]
7fffc03ff000-7fffc0400000 r-xp 00000000 00:00 0                          [vdso]
ffffffffff600000-ffffffffff601000 r-xp 00000000 00:00 0                  [vsyscall]

VM Arguments:
jvm_args: -agentlib:jdwp=transport=dt_socket,suspend=y,address=localhost:54854 -Dfile.encoding=UTF-8 
java_command: org.helios.apmrouter.APMRouter ./src/test/resources/server
Launcher Type: SUN_STANDARD

Environment Variables:
PATH=/home/nwhitehead/bin:/usr/local/sbin:/usr/local/bin:/usr/sbin:/usr/bin:/sbin:/bin:/usr/games
USERNAME=nwhitehead
LD_LIBRARY_PATH=/usr/lib/jvm/jdk1.7.0_09/jre/lib/amd64/server:/usr/lib/jvm/jdk1.7.0_09/jre/lib/amd64:/usr/lib/jvm/jdk1.7.0_09/jre/../lib/amd64:/usr/lib/jvm/java-6-openjdk/jre/lib/amd64/server:/usr/lib/jvm/java-6-openjdk/jre/lib/amd64:/usr/lib/jvm/java-6-openjdk/jre/../lib/amd64
SHELL=/bin/bash
DISPLAY=:0.0

Signal Handlers:
SIGSEGV: [libjvm.so+0x8a5c80], sa_mask[0]=0x7ffbfeff, sa_flags=0x10000004
SIGBUS: [libjvm.so+0x8a5c80], sa_mask[0]=0x7ffbfeff, sa_flags=0x10000004
SIGFPE: [libjvm.so+0x741d60], sa_mask[0]=0x7ffbfeff, sa_flags=0x10000004
SIGPIPE: [libjvm.so+0x741d60], sa_mask[0]=0x7ffbfeff, sa_flags=0x10000004
SIGXFSZ: [libjvm.so+0x741d60], sa_mask[0]=0x7ffbfeff, sa_flags=0x10000004
SIGILL: [libjvm.so+0x741d60], sa_mask[0]=0x7ffbfeff, sa_flags=0x10000004
SIGUSR1: SIG_DFL, sa_mask[0]=0x00000000, sa_flags=0x00000000
SIGUSR2: [libjvm.so+0x7416b0], sa_mask[0]=0x00000004, sa_flags=0x10000004
SIGHUP: [libjvm.so+0x743a40], sa_mask[0]=0x7ffbfeff, sa_flags=0x10000004
SIGINT: [libjvm.so+0x743a40], sa_mask[0]=0x7ffbfeff, sa_flags=0x10000004
SIGTERM: [libjvm.so+0x743a40], sa_mask[0]=0x7ffbfeff, sa_flags=0x10000004
SIGQUIT: [libjvm.so+0x743a40], sa_mask[0]=0x7ffbfeff, sa_flags=0x10000004


---------------  S Y S T E M  ---------------

OS:squeeze/sid

uname:Linux 2.6.35-32-generic #67-Ubuntu SMP Mon Mar 5 19:39:49 UTC 2012 x86_64
libc:glibc 2.12.1 NPTL 2.12.1 
rlimit: STACK 8192k, CORE 0k, NPROC infinity, NOFILE 4096, AS infinity
load average:0.47 1.24 1.08

/proc/meminfo:
MemTotal:        3984228 kB
MemFree:          274440 kB
Buffers:           14748 kB
Cached:           518156 kB
SwapCached:       222576 kB
Active:          2314824 kB
Inactive:        1101248 kB
Active(anon):    2209072 kB
Inactive(anon):   926940 kB
Active(file):     105752 kB
Inactive(file):   174308 kB
Unevictable:          80 kB
Mlocked:              80 kB
SwapTotal:       4016124 kB
SwapFree:        2768556 kB
Dirty:             10600 kB
Writeback:           664 kB
AnonPages:       2767728 kB
Mapped:           112276 kB
Shmem:            252840 kB
Slab:              95964 kB
SReclaimable:      55100 kB
SUnreclaim:        40864 kB
KernelStack:        6768 kB
PageTables:        57968 kB
NFS_Unstable:          0 kB
Bounce:                0 kB
WritebackTmp:          0 kB
CommitLimit:     6008236 kB
Committed_AS:    7964084 kB
VmallocTotal:   34359738367 kB
VmallocUsed:      378172 kB
VmallocChunk:   34359284736 kB
HardwareCorrupted:     0 kB
HugePages_Total:       0
HugePages_Free:        0
HugePages_Rsvd:        0
HugePages_Surp:        0
Hugepagesize:       2048 kB
DirectMap4k:        8896 kB
DirectMap2M:     4110336 kB


CPU:total 2 (2 cores per cpu, 1 threads per core) family 6 model 15 stepping 11, cmov, cx8, fxsr, mmx, sse, sse2, sse3, ssse3, tsc

/proc/cpuinfo:
processor	: 0
vendor_id	: GenuineIntel
cpu family	: 6
model		: 15
model name	: Intel(R) Core(TM)2 Duo CPU     T7300  @ 2.00GHz
stepping	: 11
cpu MHz		: 2001.000
cache size	: 4096 KB
physical id	: 0
siblings	: 2
core id		: 0
cpu cores	: 2
apicid		: 0
initial apicid	: 0
fpu		: yes
fpu_exception	: yes
cpuid level	: 10
wp		: yes
flags		: fpu vme de pse tsc msr pae mce cx8 apic sep mtrr pge mca cmov pat pse36 clflush dts acpi mmx fxsr sse sse2 ss ht tm pbe syscall nx lm constant_tsc arch_perfmon pebs bts rep_good aperfmperf pni dtes64 monitor ds_cpl vmx est tm2 ssse3 cx16 xtpr pdcm lahf_lm ida dts tpr_shadow vnmi flexpriority
bogomips	: 3990.01
clflush size	: 64
cache_alignment	: 64
address sizes	: 36 bits physical, 48 bits virtual
power management:

processor	: 1
vendor_id	: GenuineIntel
cpu family	: 6
model		: 15
model name	: Intel(R) Core(TM)2 Duo CPU     T7300  @ 2.00GHz
stepping	: 11
cpu MHz		: 800.000
cache size	: 4096 KB
physical id	: 0
siblings	: 2
core id		: 1
cpu cores	: 2
apicid		: 1
initial apicid	: 1
fpu		: yes
fpu_exception	: yes
cpuid level	: 10
wp		: yes
flags		: fpu vme de pse tsc msr pae mce cx8 apic sep mtrr pge mca cmov pat pse36 clflush dts acpi mmx fxsr sse sse2 ss ht tm pbe syscall nx lm constant_tsc arch_perfmon pebs bts rep_good aperfmperf pni dtes64 monitor ds_cpl vmx est tm2 ssse3 cx16 xtpr pdcm lahf_lm ida dts tpr_shadow vnmi flexpriority
bogomips	: 3992.05
clflush size	: 64
cache_alignment	: 64
address sizes	: 36 bits physical, 48 bits virtual
power management:



Memory: 4k page, physical 3984228k(274440k free), swap 4016124k(2768556k free)

vm_info: Java HotSpot(TM) 64-Bit Server VM (23.5-b02) for linux-amd64 JRE (1.7.0_09-b05), built on Sep 24 2012 20:07:15 by "java_re" with gcc 4.3.0 20080428 (Red Hat 4.3.0-8)

time: Mon Nov 26 06:17:16 2012
elapsed time: 28 seconds

