#
# A fatal error has been detected by the Java Runtime Environment:
#
#  SIGSEGV (0xb) at pc=0x00007fac2e8da460, pid=11657, tid=140377231128320
#
# JRE version: 7.0_09-b05
# Java VM: Java HotSpot(TM) 64-Bit Server VM (23.5-b02 mixed mode linux-amd64 compressed oops)
# Problematic frame:
# V  [libjvm.so+0x886460]  Unsafe_SetNativeLong+0x150
#
# Failed to write core dump. Core dumps have been disabled. To enable core dumping, try "ulimit -c unlimited" before starting Java again
#
# If you would like to submit a bug report, please visit:
#   http://bugreport.sun.com/bugreport/crash.jsp
#

---------------  T H R E A D  ---------------

Current thread (0x00007fac187f7000):  JavaThread "MonitorSchedulerThread#1" daemon [_thread_in_vm, id=11715, stack(0x00007fac1eeef000,0x00007fac1eff0000)]

siginfo:si_signo=SIGSEGV: si_errno=0, si_code=1 (SEGV_MAPERR), si_addr=0x0000000000000000

Registers:
RAX=0x00007fac187f7000, RBX=0x00007fac187f7000, RCX=0x00007fac2f72f2a0, RDX=0x00007fac1efefa20
RSP=0x00007fac1efedeb0, RBP=0x00007fac1efedee0, RSI=0x00007fac1efedf98, RDI=0x0000000000000010
R8 =0x0000000000000006, R9 =0x0000000000005400, R10=0x00007fac29670d85, R11=0x00007fac2e822cf0
R12=0x0000000000000000, R13=0x0000000000000000, R14=0x00007fac1efedf98, R15=0x00007fac187f7000
RIP=0x00007fac2e8da460, EFLAGS=0x0000000000010246, CSGSFS=0x0000000000000033, ERR=0x0000000000000006
  TRAPNO=0x000000000000000e

Top of Stack: (sp=0x00007fac1efedeb0)
0x00007fac1efedeb0:   00007fac187f7000 00007fac29670982
0x00007fac1efedec0:   00007fac2965e410 00000000be0d9098
0x00007fac1efeded0:   0000000000000000 00000000be0d9098
0x00007fac1efedee0:   00007fac1efedf58 00007fac29670db1
0x00007fac1efedef0:   0000000000000000 00000000be0d9098
0x00007fac1efedf00:   00007fac1efedf58 00007fac296709c4
0x00007fac1efedf10:   00007fac29670982 00007fac1efedf18
0x00007fac1efedf20:   00000000be0d9098 00007fac1efedf98
0x00007fac1efedf30:   00000000be0dca68 0000000000000000
0x00007fac1efedf40:   00000000be0d9098 0000000000000000
0x00007fac1efedf50:   00007fac1efedf78 00007fac1efedfe0
0x00007fac1efedf60:   00007fac2965f1d8 0000000000000000
0x00007fac1efedf70:   00007fac2966c038 0000000000000000
0x00007fac1efedf80:   00007fac1efedfe0 0000000000000000
0x00007fac1efedf90:   00000000eec6b950 00000000ef8e4eb8
0x00007fac1efedfa0:   00007fac1efedfa0 00000000bf4bc370
0x00007fac1efedfb0:   00007fac1efee000 00000000bf675640
0x00007fac1efedfc0:   0000000000000000 00000000bf4bc3a8
0x00007fac1efedfd0:   00007fac1efedf78 00007fac1efedff0
0x00007fac1efedfe0:   00007fac1efee058 00007fac2965f886
0x00007fac1efedff0:   0000000000000000 00007fac2966c764
0x00007fac1efee000:   00000000eec6b950 0000002339628e01
0x00007fac1efee010:   00000000edcb2210 00007fac1efee008
0x00007fac1efee020:   00000000bf48b177 00007fac1efee098
0x00007fac1efee030:   00000000bf4a21b8 0000000000000000
0x00007fac1efee040:   00000000bf48b208 00007fac1efedff0
0x00007fac1efee050:   00007fac1efee098 00007fac1efee0e0
0x00007fac1efee060:   00007fac2965f2f5 0000000000000000
0x00007fac1efee070:   0000013b38b1ccc1 0000000000000000
0x00007fac1efee080:   00000000eec6b950 0000000000000000
0x00007fac1efee090:   0000000000000000 00000000edcb2210
0x00007fac1efee0a0:   00007fac1efee0a0 00000000bee05cb9 

Instructions: (pc=0x00007fac2e8da460)
0x00007fac2e8da440:   21 d0 48 8b 15 4f b0 43 00 48 03 02 c7 00 01 00
0x00007fac2e8da450:   00 00 e9 26 ff ff ff 66 0f 1f 84 00 00 00 00 00
0x00007fac2e8da460:   4d 89 65 00 e9 68 ff ff ff 0f 1f 80 00 00 00 00
0x00007fac2e8da470:   55 48 89 e5 48 89 5d e0 48 8d 9f 28 fe ff ff 4c 

Register to memory mapping:

RAX=0x00007fac187f7000 is a thread
RBX=0x00007fac187f7000 is a thread
RCX=0x00007fac2f72f2a0: <offset 0x2182a0> in /lib/libpthread.so.0 at 0x00007fac2f517000
RDX=0x00007fac1efefa20 is pointing into the stack for thread: 0x00007fac187f7000
RSP=0x00007fac1efedeb0 is pointing into the stack for thread: 0x00007fac187f7000
RBP=0x00007fac1efedee0 is pointing into the stack for thread: 0x00007fac187f7000
RSI=0x00007fac1efedf98 is pointing into the stack for thread: 0x00007fac187f7000
RDI=0x0000000000000010 is an unknown value
R8 =0x0000000000000006 is an unknown value
R9 =0x0000000000005400 is an unknown value
R10=0x00007fac29670d85 is an Interpreter codelet
method entry point (kind = native)  [0x00007fac296708e0, 0x00007fac296716c0]  3552 bytes
R11=0x00007fac2e822cf0: <offset 0x7cecf0> in /usr/lib/jvm/jdk1.7.0_09/jre/lib/amd64/server/libjvm.so at 0x00007fac2e054000
R12=0x0000000000000000 is an unknown value
R13=0x0000000000000000 is an unknown value
R14=0x00007fac1efedf98 is pointing into the stack for thread: 0x00007fac187f7000
R15=0x00007fac187f7000 is a thread


Stack: [0x00007fac1eeef000,0x00007fac1eff0000],  sp=0x00007fac1efedeb0,  free space=1019k
Native frames: (J=compiled Java code, j=interpreted, Vv=VM code, C=native code)
V  [libjvm.so+0x886460]  Unsafe_SetNativeLong+0x150
j  sun.misc.Unsafe.putLong(JJ)V+0
j  vanilla.java.chronicle.impl.UnsafeExcerpt.writeLong(J)V+8
j  org.helios.apmrouter.destination.chronicletimeseries.ChronicleTier.createNewMetric()J+39
j  org.helios.apmrouter.catalog.jdbc.h2.H2JDBCMetricCatalog.getID(JLjava/lang/String;Ljava/lang/String;ILjava/lang/String;Ljava/lang/String;)J+25
j  org.helios.apmrouter.server.tracing.ServerTracerFactory.processMetrics(Ljava/util/Collection;)I+86
j  org.helios.apmrouter.server.tracing.ServerTracerFactory.submit(Ljava/util/Collection;)V+2
j  org.helios.apmrouter.server.tracing.ServerTracerFactory.submit([Lorg/helios/apmrouter/metric/IMetric;)V+21
j  org.helios.apmrouter.trace.TracerImpl.traceCounter(JLjava/lang/CharSequence;[Ljava/lang/CharSequence;)Lorg/helios/apmrouter/metric/ICEMetric;+33
j  org.helios.apmrouter.monitor.jvm.JVMMonitor.doCollect(J)V+76
j  org.helios.apmrouter.monitor.AbstractMonitor.collect()V+9
j  org.helios.apmrouter.monitor.AbstractMonitor.run()V+1
j  java.util.concurrent.Executors$RunnableAdapter.call()Ljava/lang/Object;+4
j  java.util.concurrent.FutureTask$Sync.innerRunAndReset()Z+30
j  java.util.concurrent.FutureTask.runAndReset()Z+4
j  java.util.concurrent.ScheduledThreadPoolExecutor$ScheduledFutureTask.access$301(Ljava/util/concurrent/ScheduledThreadPoolExecutor$ScheduledFutureTask;)Z+1
j  java.util.concurrent.ScheduledThreadPoolExecutor$ScheduledFutureTask.run()V+37
j  org.helios.apmrouter.jmx.ListenerAwareRunnableScheduledFuture.run()V+4
j  java.util.concurrent.ThreadPoolExecutor.runWorker(Ljava/util/concurrent/ThreadPoolExecutor$Worker;)V+46
j  java.util.concurrent.ThreadPoolExecutor$Worker.run()V+5
j  java.lang.Thread.run()V+11
v  ~StubRoutines::call_stub
V  [libjvm.so+0x5518d5]  JavaCalls::call_helper(JavaValue*, methodHandle*, JavaCallArguments*, Thread*)+0x355
V  [libjvm.so+0x5503f8]  JavaCalls::call(JavaValue*, methodHandle, JavaCallArguments*, Thread*)+0x28
V  [libjvm.so+0x55068c]  JavaCalls::call_virtual(JavaValue*, KlassHandle, Symbol*, Symbol*, JavaCallArguments*, Thread*)+0x17c
V  [libjvm.so+0x5507b7]  JavaCalls::call_virtual(JavaValue*, Handle, KlassHandle, Symbol*, Symbol*, Thread*)+0x47
V  [libjvm.so+0x5ab07f]  thread_entry(JavaThread*, Thread*)+0xdf
V  [libjvm.so+0x8650c8]  JavaThread::thread_main_inner()+0xc8
V  [libjvm.so+0x865218]  JavaThread::run()+0x138
V  [libjvm.so+0x746c00]  java_start(Thread*)+0x100

Java frames: (J=compiled Java code, j=interpreted, Vv=VM code)
j  sun.misc.Unsafe.putLong(JJ)V+0
j  vanilla.java.chronicle.impl.UnsafeExcerpt.writeLong(J)V+8
j  org.helios.apmrouter.destination.chronicletimeseries.ChronicleTier.createNewMetric()J+39
j  org.helios.apmrouter.catalog.jdbc.h2.H2JDBCMetricCatalog.getID(JLjava/lang/String;Ljava/lang/String;ILjava/lang/String;Ljava/lang/String;)J+25
j  org.helios.apmrouter.server.tracing.ServerTracerFactory.processMetrics(Ljava/util/Collection;)I+86
j  org.helios.apmrouter.server.tracing.ServerTracerFactory.submit(Ljava/util/Collection;)V+2
j  org.helios.apmrouter.server.tracing.ServerTracerFactory.submit([Lorg/helios/apmrouter/metric/IMetric;)V+21
j  org.helios.apmrouter.trace.TracerImpl.traceCounter(JLjava/lang/CharSequence;[Ljava/lang/CharSequence;)Lorg/helios/apmrouter/metric/ICEMetric;+33
j  org.helios.apmrouter.monitor.jvm.JVMMonitor.doCollect(J)V+76
j  org.helios.apmrouter.monitor.AbstractMonitor.collect()V+9
j  org.helios.apmrouter.monitor.AbstractMonitor.run()V+1
j  java.util.concurrent.Executors$RunnableAdapter.call()Ljava/lang/Object;+4
j  java.util.concurrent.FutureTask$Sync.innerRunAndReset()Z+30
j  java.util.concurrent.FutureTask.runAndReset()Z+4
j  java.util.concurrent.ScheduledThreadPoolExecutor$ScheduledFutureTask.access$301(Ljava/util/concurrent/ScheduledThreadPoolExecutor$ScheduledFutureTask;)Z+1
j  java.util.concurrent.ScheduledThreadPoolExecutor$ScheduledFutureTask.run()V+37
j  org.helios.apmrouter.jmx.ListenerAwareRunnableScheduledFuture.run()V+4
j  java.util.concurrent.ThreadPoolExecutor.runWorker(Ljava/util/concurrent/ThreadPoolExecutor$Worker;)V+46
j  java.util.concurrent.ThreadPoolExecutor$Worker.run()V+5
j  java.lang.Thread.run()V+11
v  ~StubRoutines::call_stub

---------------  P R O C E S S  ---------------

Java Threads: ( => current thread )
=>0x00007fac187f7000 JavaThread "MonitorSchedulerThread#1" daemon [_thread_in_vm, id=11715, stack(0x00007fac1eeef000,0x00007fac1eff0000)]
  0x00007fac187fb000 JavaThread "CollectionFunnelTimer" daemon [_thread_blocked, id=11714, stack(0x00007fac1eff0000,0x00007fac1f0f1000)]
  0x00007fac1885d000 JavaThread "New I/O  worker #4" daemon [_thread_blocked, id=11713, stack(0x00007fac1f0f1000,0x00007fac1f1f2000)]
  0x00007fac18887000 JavaThread "New I/O  worker #3" daemon [_thread_blocked, id=11712, stack(0x00007fac1f1f2000,0x00007fac1f2f3000)]
  0x00007fac18797000 JavaThread "New I/O  worker #2" daemon [_thread_blocked, id=11711, stack(0x00007fac1f2f3000,0x00007fac1f3f4000)]
  0x00007fac18889000 JavaThread "New I/O  worker #1" daemon [_thread_blocked, id=11710, stack(0x00007fac240a6000,0x00007fac241a7000)]
  0x00007fac1887c000 JavaThread "AgentSchedulerSchedulerThread#1" daemon [_thread_blocked, id=11709, stack(0x00007fac241a7000,0x00007fac242a8000)]
  0x00007fac18806000 JavaThread "TimeoutQueueMapThread#1" daemon [_thread_blocked, id=11708, stack(0x00007fac242a8000,0x00007fac243a9000)]
  0x00007fac18804000 JavaThread "CollectionFunnelThread#1" daemon [_thread_blocked, id=11707, stack(0x00007fac243a9000,0x00007fac244aa000)]
  0x00007fac18727800 JavaThread "H2 Log Writer DB" daemon [_thread_blocked, id=11697, stack(0x00007fac244aa000,0x00007fac245ab000)]
  0x00007fac184e1000 JavaThread "H2 File Lock Watchdog /home/nwhitehead/.apmrouter/h2/db.lock.db" daemon [_thread_blocked, id=11696, stack(0x00007fac1f3f4000,0x00007fac1f4f5000)]
  0x00007fac18499800 JavaThread "PatternRouterWorkersThread#8" daemon [_thread_blocked, id=11694, stack(0x00007fac1f4f5000,0x00007fac1f5f6000)]
  0x00007fac18497800 JavaThread "PatternRouterWorkersThread#7" daemon [_thread_blocked, id=11693, stack(0x00007fac1f5f6000,0x00007fac1f6f7000)]
  0x00007fac18495800 JavaThread "PatternRouterWorkersThread#6" daemon [_thread_blocked, id=11692, stack(0x00007fac1f6f7000,0x00007fac1f7f8000)]
  0x00007fac18493800 JavaThread "PatternRouterWorkersThread#5" daemon [_thread_blocked, id=11691, stack(0x00007fac1f7f8000,0x00007fac1f8f9000)]
  0x00007fac18529000 JavaThread "PatternRouterWorkersThread#4" daemon [_thread_blocked, id=11690, stack(0x00007fac1f8f9000,0x00007fac1f9fa000)]
  0x00007fac18527000 JavaThread "PatternRouterWorkersThread#3" daemon [_thread_blocked, id=11689, stack(0x00007fac1f9fa000,0x00007fac1fafb000)]
  0x00007fac18525800 JavaThread "PatternRouterWorkersThread#2" daemon [_thread_blocked, id=11688, stack(0x00007fac1fafb000,0x00007fac1fbfc000)]
  0x00007fac18524000 JavaThread "PatternRouterWorkersThread#1" daemon [_thread_blocked, id=11687, stack(0x00007fac1fbfc000,0x00007fac1fcfd000)]
  0x00007fac18523000 JavaThread "MetricConflationThread#1" daemon [_thread_blocked, id=11686, stack(0x00007fac1fcfd000,0x00007fac1fdfe000)]
  0x00007fac18555800 JavaThread "SpringEventPoolThread#1" daemon [_thread_blocked, id=11685, stack(0x00007fac1fdfe000,0x00007fac1feff000)]
  0x00007fac184fa000 JavaThread "MongoCleaner1800409581" daemon [_thread_blocked, id=11684, stack(0x00007fac1feff000,0x00007fac20000000)]
  0x0000000001e9a000 JavaThread "FileWatchdog" daemon [_thread_blocked, id=11683, stack(0x00007fac247b3000,0x00007fac248b4000)]
  0x0000000001a43800 JavaThread "Service Thread" daemon [_thread_blocked, id=11681, stack(0x00007fac24fca000,0x00007fac250cb000)]
  0x0000000001a38800 JavaThread "C2 CompilerThread1" daemon [_thread_blocked, id=11680, stack(0x00007fac250cb000,0x00007fac251cc000)]
  0x0000000001a34800 JavaThread "C2 CompilerThread0" daemon [_thread_blocked, id=11679, stack(0x00007fac251cc000,0x00007fac252cd000)]
  0x0000000001a27000 JavaThread "JDWP Command Reader" daemon [_thread_in_native, id=11675, stack(0x00007fac252cd000,0x00007fac253ce000)]
  0x0000000001a24800 JavaThread "JDWP Event Helper Thread" daemon [_thread_blocked, id=11674, stack(0x00007fac253ce000,0x00007fac254cf000)]
  0x0000000001a21000 JavaThread "JDWP Transport Listener: dt_socket" daemon [_thread_blocked, id=11672, stack(0x00007fac254cf000,0x00007fac255d0000)]
  0x0000000001a12800 JavaThread "Signal Dispatcher" daemon [_thread_blocked, id=11670, stack(0x00007fac257d4000,0x00007fac258d5000)]
  0x00000000019c1000 JavaThread "Finalizer" daemon [_thread_blocked, id=11668, stack(0x00007fac258d5000,0x00007fac259d6000)]
  0x00000000019be800 JavaThread "Reference Handler" daemon [_thread_blocked, id=11667, stack(0x00007fac259d6000,0x00007fac25ad7000)]
  0x0000000001932800 JavaThread "main" [_thread_blocked, id=11662, stack(0x00007fac2f82d000,0x00007fac2f92e000)]

Other Threads:
  0x00000000019b7000 VMThread [stack: 0x00007fac25ad7000,0x00007fac25bd8000] [id=11666]
  0x0000000001a4e000 WatcherThread [stack: 0x00007fac24ec9000,0x00007fac24fca000] [id=11682]

VM state:not at safepoint (normal execution)

VM Mutex/Monitor currently owned by a thread: None

Heap
 PSYoungGen      total 65024K, used 53231K [0x00000000ebb60000, 0x00000000f43a0000, 0x0000000100000000)
  eden space 62464K, 81% used [0x00000000ebb60000,0x00000000eecde240,0x00000000ef860000)
  from space 2560K, 99% used [0x00000000ef860000,0x00000000efaddc60,0x00000000efae0000)
  to   space 7296K, 0% used [0x00000000f3c80000,0x00000000f3c80000,0x00000000f43a0000)
 ParOldGen       total 41536K, used 7798K [0x00000000c3200000, 0x00000000c5a90000, 0x00000000ebb60000)
  object space 41536K, 18% used [0x00000000c3200000,0x00000000c399da18,0x00000000c5a90000)
 PSPermGen       total 23168K, used 22998K [0x00000000be000000, 0x00000000bf6a0000, 0x00000000c3200000)
  object space 23168K, 99% used [0x00000000be000000,0x00000000bf675bc0,0x00000000bf6a0000)

Card table byte_map: [0x00007fac29448000,0x00007fac29659000] byte_map_base: 0x00007fac28e58000

Polling page: 0x00007fac2f951000

Code Cache  [0x00007fac29659000, 0x00007fac298c9000, 0x00007fac2c659000)
 total_blobs=745 nmethods=375 adapters=330 free_code_cache=47460Kb largest_free_block=48558272

Compilation events (10 events):
Event: 7.077 Thread 0x0000000001a38800  376             sun.nio.ch.NativeObject::putInt (15 bytes)
Event: 7.078 Thread 0x0000000001a38800 nmethod 376 0x00007fac297532d0 code [0x00007fac29753400, 0x00007fac29753458]
Event: 7.078 Thread 0x0000000001a38800  378             sun.nio.ch.EPollArrayWrapper::putData (22 bytes)
Event: 7.079 Thread 0x0000000001a38800 nmethod 378 0x00007fac29752fd0 code [0x00007fac29753120, 0x00007fac297531f8]
Event: 7.079 Thread 0x0000000001a38800  379             sun.nio.ch.NativeObject::putLong (15 bytes)
Event: 7.079 Thread 0x0000000001a38800 nmethod 379 0x00007fac29752dd0 code [0x00007fac29752f00, 0x00007fac29752f58]
Event: 7.083 Thread 0x0000000001a38800  380             sun.nio.ch.EPollArrayWrapper::<init> (99 bytes)
Event: 7.094 Thread 0x0000000001a38800 nmethod 380 0x00007fac29802dd0 code [0x00007fac29802f80, 0x00007fac298034c8]
Event: 7.189 Thread 0x0000000001a34800  381             java.io.UnixFileSystem::resolve (103 bytes)
Event: 7.201 Thread 0x0000000001a34800 nmethod 381 0x00007fac298039d0 code [0x00007fac29803b80, 0x00007fac29804378]

GC Heap History (10 events):
Event: 0.907 GC heap before
{Heap before GC invocations=1 (full 0):
 PSYoungGen      total 18176K, used 15616K [0x00000000ebb60000, 0x00000000ecfa0000, 0x0000000100000000)
  eden space 15616K, 100% used [0x00000000ebb60000,0x00000000ecaa0000,0x00000000ecaa0000)
  from space 2560K, 0% used [0x00000000ecd20000,0x00000000ecd20000,0x00000000ecfa0000)
  to   space 2560K, 0% used [0x00000000ecaa0000,0x00000000ecaa0000,0x00000000ecd20000)
 ParOldGen       total 41536K, used 0K [0x00000000c3200000, 0x00000000c5a90000, 0x00000000ebb60000)
  object space 41536K, 0% used [0x00000000c3200000,0x00000000c3200000,0x00000000c5a90000)
 PSPermGen       total 21248K, used 6730K [0x00000000be000000, 0x00000000bf4c0000, 0x00000000c3200000)
  object space 21248K, 31% used [0x00000000be000000,0x00000000be6928a8,0x00000000bf4c0000)
Event: 0.922 GC heap after
Heap after GC invocations=1 (full 0):
 PSYoungGen      total 18176K, used 2288K [0x00000000ebb60000, 0x00000000edee0000, 0x0000000100000000)
  eden space 15616K, 0% used [0x00000000ebb60000,0x00000000ebb60000,0x00000000ecaa0000)
  from space 2560K, 89% used [0x00000000ecaa0000,0x00000000eccdc190,0x00000000ecd20000)
  to   space 2560K, 0% used [0x00000000edc60000,0x00000000edc60000,0x00000000edee0000)
 ParOldGen       total 41536K, used 0K [0x00000000c3200000, 0x00000000c5a90000, 0x00000000ebb60000)
  object space 41536K, 0% used [0x00000000c3200000,0x00000000c3200000,0x00000000c5a90000)
 PSPermGen       total 21248K, used 6730K [0x00000000be000000, 0x00000000bf4c0000, 0x00000000c3200000)
  object space 21248K, 31% used [0x00000000be000000,0x00000000be6928a8,0x00000000bf4c0000)
}
Event: 1.362 GC heap before
{Heap before GC invocations=2 (full 0):
 PSYoungGen      total 18176K, used 17904K [0x00000000ebb60000, 0x00000000edee0000, 0x0000000100000000)
  eden space 15616K, 100% used [0x00000000ebb60000,0x00000000ecaa0000,0x00000000ecaa0000)
  from space 2560K, 89% used [0x00000000ecaa0000,0x00000000eccdc190,0x00000000ecd20000)
  to   space 2560K, 0% used [0x00000000edc60000,0x00000000edc60000,0x00000000edee0000)
 ParOldGen       total 41536K, used 0K [0x00000000c3200000, 0x00000000c5a90000, 0x00000000ebb60000)
  object space 41536K, 0% used [0x00000000c3200000,0x00000000c3200000,0x00000000c5a90000)
 PSPermGen       total 21248K, used 10027K [0x00000000be000000, 0x00000000bf4c0000, 0x00000000c3200000)
  object space 21248K, 47% used [0x00000000be000000,0x00000000be9cae98,0x00000000bf4c0000)
Event: 1.370 GC heap after
Heap after GC invocations=2 (full 0):
 PSYoungGen      total 33792K, used 2541K [0x00000000ebb60000, 0x00000000edee0000, 0x0000000100000000)
  eden space 31232K, 0% used [0x00000000ebb60000,0x00000000ebb60000,0x00000000ed9e0000)
  from space 2560K, 99% used [0x00000000edc60000,0x00000000ededb718,0x00000000edee0000)
  to   space 2560K, 0% used [0x00000000ed9e0000,0x00000000ed9e0000,0x00000000edc60000)
 ParOldGen       total 41536K, used 77K [0x00000000c3200000, 0x00000000c5a90000, 0x00000000ebb60000)
  object space 41536K, 0% used [0x00000000c3200000,0x00000000c3213618,0x00000000c5a90000)
 PSPermGen       total 21248K, used 10027K [0x00000000be000000, 0x00000000bf4c0000, 0x00000000c3200000)
  object space 21248K, 47% used [0x00000000be000000,0x00000000be9cae98,0x00000000bf4c0000)
}
Event: 2.530 GC heap before
{Heap before GC invocations=3 (full 0):
 PSYoungGen      total 33792K, used 33773K [0x00000000ebb60000, 0x00000000edee0000, 0x0000000100000000)
  eden space 31232K, 100% used [0x00000000ebb60000,0x00000000ed9e0000,0x00000000ed9e0000)
  from space 2560K, 99% used [0x00000000edc60000,0x00000000ededb718,0x00000000edee0000)
  to   space 2560K, 0% used [0x00000000ed9e0000,0x00000000ed9e0000,0x00000000edc60000)
 ParOldGen       total 41536K, used 77K [0x00000000c3200000, 0x00000000c5a90000, 0x00000000ebb60000)
  object space 41536K, 0% used [0x00000000c3200000,0x00000000c3213618,0x00000000c5a90000)
 PSPermGen       total 21248K, used 13003K [0x00000000be000000, 0x00000000bf4c0000, 0x00000000c3200000)
  object space 21248K, 61% used [0x00000000be000000,0x00000000becb2f70,0x00000000bf4c0000)
Event: 2.541 GC heap after
Heap after GC invocations=3 (full 0):
 PSYoungGen      total 33792K, used 2534K [0x00000000ebb60000, 0x00000000efd60000, 0x0000000100000000)
  eden space 31232K, 0% used [0x00000000ebb60000,0x00000000ebb60000,0x00000000ed9e0000)
  from space 2560K, 98% used [0x00000000ed9e0000,0x00000000edc59868,0x00000000edc60000)
  to   space 2560K, 0% used [0x00000000efae0000,0x00000000efae0000,0x00000000efd60000)
 ParOldGen       total 41536K, used 1410K [0x00000000c3200000, 0x00000000c5a90000, 0x00000000ebb60000)
  object space 41536K, 3% used [0x00000000c3200000,0x00000000c3360a70,0x00000000c5a90000)
 PSPermGen       total 21248K, used 13003K [0x00000000be000000, 0x00000000bf4c0000, 0x00000000c3200000)
  object space 21248K, 61% used [0x00000000be000000,0x00000000becb2f70,0x00000000bf4c0000)
}
Event: 3.293 GC heap before
{Heap before GC invocations=4 (full 0):
 PSYoungGen      total 33792K, used 33766K [0x00000000ebb60000, 0x00000000efd60000, 0x0000000100000000)
  eden space 31232K, 100% used [0x00000000ebb60000,0x00000000ed9e0000,0x00000000ed9e0000)
  from space 2560K, 98% used [0x00000000ed9e0000,0x00000000edc59868,0x00000000edc60000)
  to   space 2560K, 0% used [0x00000000efae0000,0x00000000efae0000,0x00000000efd60000)
 ParOldGen       total 41536K, used 1410K [0x00000000c3200000, 0x00000000c5a90000, 0x00000000ebb60000)
  object space 41536K, 3% used [0x00000000c3200000,0x00000000c3360a70,0x00000000c5a90000)
 PSPermGen       total 21248K, used 13208K [0x00000000be000000, 0x00000000bf4c0000, 0x00000000c3200000)
  object space 21248K, 62% used [0x00000000be000000,0x00000000bece6040,0x00000000bf4c0000)
Event: 3.324 GC heap after
Heap after GC invocations=4 (full 0):
 PSYoungGen      total 65024K, used 2536K [0x00000000ebb60000, 0x00000000efd60000, 0x0000000100000000)
  eden space 62464K, 0% used [0x00000000ebb60000,0x00000000ebb60000,0x00000000ef860000)
  from space 2560K, 99% used [0x00000000efae0000,0x00000000efd5a0c8,0x00000000efd60000)
  to   space 2560K, 0% used [0x00000000ef860000,0x00000000ef860000,0x00000000efae0000)
 ParOldGen       total 41536K, used 2677K [0x00000000c3200000, 0x00000000c5a90000, 0x00000000ebb60000)
  object space 41536K, 6% used [0x00000000c3200000,0x00000000c349d6c0,0x00000000c5a90000)
 PSPermGen       total 21248K, used 13208K [0x00000000be000000, 0x00000000bf4c0000, 0x00000000c3200000)
  object space 21248K, 62% used [0x00000000be000000,0x00000000bece6040,0x00000000bf4c0000)
}
Event: 5.252 GC heap before
{Heap before GC invocations=5 (full 0):
 PSYoungGen      total 65024K, used 65000K [0x00000000ebb60000, 0x00000000efd60000, 0x0000000100000000)
  eden space 62464K, 100% used [0x00000000ebb60000,0x00000000ef860000,0x00000000ef860000)
  from space 2560K, 99% used [0x00000000efae0000,0x00000000efd5a0c8,0x00000000efd60000)
  to   space 2560K, 0% used [0x00000000ef860000,0x00000000ef860000,0x00000000efae0000)
 ParOldGen       total 41536K, used 2677K [0x00000000c3200000, 0x00000000c5a90000, 0x00000000ebb60000)
  object space 41536K, 6% used [0x00000000c3200000,0x00000000c349d6c0,0x00000000c5a90000)
 PSPermGen       total 21248K, used 16791K [0x00000000be000000, 0x00000000bf4c0000, 0x00000000c3200000)
  object space 21248K, 79% used [0x00000000be000000,0x00000000bf065cb8,0x00000000bf4c0000)
Event: 5.302 GC heap after
Heap after GC invocations=5 (full 0):
 PSYoungGen      total 65024K, used 2551K [0x00000000ebb60000, 0x00000000f43a0000, 0x0000000100000000)
  eden space 62464K, 0% used [0x00000000ebb60000,0x00000000ebb60000,0x00000000ef860000)
  from space 2560K, 99% used [0x00000000ef860000,0x00000000efaddc60,0x00000000efae0000)
  to   space 7296K, 0% used [0x00000000f3c80000,0x00000000f3c80000,0x00000000f43a0000)
 ParOldGen       total 41536K, used 7798K [0x00000000c3200000, 0x00000000c5a90000, 0x00000000ebb60000)
  object space 41536K, 18% used [0x00000000c3200000,0x00000000c399da18,0x00000000c5a90000)
 PSPermGen       total 21248K, used 16791K [0x00000000be000000, 0x00000000bf4c0000, 0x00000000c3200000)
  object space 21248K, 79% used [0x00000000be000000,0x00000000bf065cb8,0x00000000bf4c0000)
}

Deoptimization events (10 events):
Event: 7.007 Thread 0x0000000001932800 Uncommon trap -75 fr.pc 0x00007fac2974d71c
Event: 7.008 Thread 0x0000000001932800 Uncommon trap -83 fr.pc 0x00007fac29739fa4
Event: 7.013 Thread 0x0000000001932800 Uncommon trap -34 fr.pc 0x00007fac29733cd0
Event: 7.013 Thread 0x0000000001932800 Uncommon trap -34 fr.pc 0x00007fac29716938
Event: 7.013 Thread 0x0000000001932800 Uncommon trap -34 fr.pc 0x00007fac29733cd0
Event: 7.013 Thread 0x0000000001932800 Uncommon trap -34 fr.pc 0x00007fac29716938
Event: 7.013 Thread 0x0000000001932800 Uncommon trap -34 fr.pc 0x00007fac29733cd0
Event: 7.019 Thread 0x0000000001932800 Uncommon trap -34 fr.pc 0x00007fac29733cd0
Event: 7.019 Thread 0x0000000001932800 Uncommon trap -83 fr.pc 0x00007fac296e1d44
Event: 7.023 Thread 0x0000000001932800 Uncommon trap -34 fr.pc 0x00007fac2974b660

Internal exceptions (10 events):
Event: 7.195 Thread 0x00007fac187f7000 Threw 0x00000000eec58920 at /HUDSON/workspace/jdk7u9-2-build-linux-amd64-product/jdk7u9/hotspot/src/share/vm/prims/jvm.cpp:1166
Event: 7.197 Thread 0x0000000001932800 Threw 0x00000000eeb18b50 at /HUDSON/workspace/jdk7u9-2-build-linux-amd64-product/jdk7u9/hotspot/src/share/vm/prims/jvm.cpp:1166
Event: 7.198 Thread 0x0000000001932800 Threw 0x00000000eeb1f070 at /HUDSON/workspace/jdk7u9-2-build-linux-amd64-product/jdk7u9/hotspot/src/share/vm/prims/jvm.cpp:1166
Event: 7.198 Thread 0x0000000001932800 Threw 0x00000000eeb29be8 at /HUDSON/workspace/jdk7u9-2-build-linux-amd64-product/jdk7u9/hotspot/src/share/vm/prims/jvm.cpp:1166
Event: 7.199 Thread 0x0000000001932800 Threw 0x00000000eeb30b78 at /HUDSON/workspace/jdk7u9-2-build-linux-amd64-product/jdk7u9/hotspot/src/share/vm/prims/jvm.cpp:1166
Event: 7.200 Thread 0x0000000001932800 Threw 0x00000000eeb3d2b8 at /HUDSON/workspace/jdk7u9-2-build-linux-amd64-product/jdk7u9/hotspot/src/share/vm/prims/jvm.cpp:1166
Event: 7.201 Thread 0x0000000001932800 Threw 0x00000000eeb43330 at /HUDSON/workspace/jdk7u9-2-build-linux-amd64-product/jdk7u9/hotspot/src/share/vm/prims/jvm.cpp:1166
Event: 7.202 Thread 0x0000000001932800 Threw 0x00000000eeb49258 at /HUDSON/workspace/jdk7u9-2-build-linux-amd64-product/jdk7u9/hotspot/src/share/vm/prims/jvm.cpp:1166
Event: 12.938 Thread 0x00007fac187f7000 Threw 0x00000000eec5e7b0 at /HUDSON/workspace/jdk7u9-2-build-linux-amd64-product/jdk7u9/hotspot/src/share/vm/prims/jvm.cpp:1166
Event: 12.942 Thread 0x00007fac187f7000 Threw 0x00000000eec64ad0 at /HUDSON/workspace/jdk7u9-2-build-linux-amd64-product/jdk7u9/hotspot/src/share/vm/prims/jvm.cpp:1166

Events (10 events):
Event: 14.711 Executing VM operation: GetOrSetLocal
Event: 14.711 Executing VM operation: GetOrSetLocal done
Event: 15.250 Executing VM operation: EnterInterpOnlyMode
Event: 15.251 Executing VM operation: EnterInterpOnlyMode done
Event: 15.251 Executing VM operation: GetCurrentLocation
Event: 15.251 Executing VM operation: GetCurrentLocation done
Event: 15.251 Executing VM operation: ChangeSingleStep
Event: 15.251 Executing VM operation: ChangeSingleStep done
Event: 15.252 Executing VM operation: ChangeSingleStep
Event: 15.252 Executing VM operation: ChangeSingleStep done


Dynamic libraries:
00400000-00401000 r-xp 00000000 08:01 1836780                            /usr/lib/jvm/jdk1.7.0_09/bin/java
00600000-00601000 rw-p 00000000 08:01 1836780                            /usr/lib/jvm/jdk1.7.0_09/bin/java
01922000-07a8f000 rw-p 00000000 00:00 0                                  [heap]
be000000-bf6a0000 rw-p 00000000 00:00 0 
bf6a0000-c3200000 rw-p 00000000 00:00 0 
c3200000-c5a90000 rw-p 00000000 00:00 0 
c5a90000-ebb60000 rw-p 00000000 00:00 0 
ebb60000-f43a0000 rw-p 00000000 00:00 0 
f43a0000-100000000 rw-p 00000000 00:00 0 
7fac18000000-7fac188e2000 rw-p 00000000 00:00 0 
7fac188e2000-7fac1c000000 ---p 00000000 00:00 0 
7fac1eeef000-7fac1eef2000 ---p 00000000 00:00 0 
7fac1eef2000-7fac1eff0000 rw-p 00000000 00:00 0 
7fac1eff0000-7fac1eff3000 ---p 00000000 00:00 0 
7fac1eff3000-7fac1f0f1000 rw-p 00000000 00:00 0 
7fac1f0f1000-7fac1f0f4000 ---p 00000000 00:00 0 
7fac1f0f4000-7fac1f1f2000 rw-p 00000000 00:00 0 
7fac1f1f2000-7fac1f1f5000 ---p 00000000 00:00 0 
7fac1f1f5000-7fac1f2f3000 rw-p 00000000 00:00 0 
7fac1f2f3000-7fac1f2f6000 ---p 00000000 00:00 0 
7fac1f2f6000-7fac1f3f4000 rw-p 00000000 00:00 0 
7fac1f3f4000-7fac1f3f7000 ---p 00000000 00:00 0 
7fac1f3f7000-7fac1f4f5000 rw-p 00000000 00:00 0 
7fac1f4f5000-7fac1f4f8000 ---p 00000000 00:00 0 
7fac1f4f8000-7fac1f5f6000 rw-p 00000000 00:00 0 
7fac1f5f6000-7fac1f5f9000 ---p 00000000 00:00 0 
7fac1f5f9000-7fac1f6f7000 rw-p 00000000 00:00 0 
7fac1f6f7000-7fac1f6fa000 ---p 00000000 00:00 0 
7fac1f6fa000-7fac1f7f8000 rw-p 00000000 00:00 0 
7fac1f7f8000-7fac1f7fb000 ---p 00000000 00:00 0 
7fac1f7fb000-7fac1f8f9000 rw-p 00000000 00:00 0 
7fac1f8f9000-7fac1f8fc000 ---p 00000000 00:00 0 
7fac1f8fc000-7fac1f9fa000 rw-p 00000000 00:00 0 
7fac1f9fa000-7fac1f9fd000 ---p 00000000 00:00 0 
7fac1f9fd000-7fac1fafb000 rw-p 00000000 00:00 0 
7fac1fafb000-7fac1fafe000 ---p 00000000 00:00 0 
7fac1fafe000-7fac1fbfc000 rw-p 00000000 00:00 0 
7fac1fbfc000-7fac1fbff000 ---p 00000000 00:00 0 
7fac1fbff000-7fac1fcfd000 rw-p 00000000 00:00 0 
7fac1fcfd000-7fac1fd00000 ---p 00000000 00:00 0 
7fac1fd00000-7fac1fdfe000 rw-p 00000000 00:00 0 
7fac1fdfe000-7fac1fe01000 ---p 00000000 00:00 0 
7fac1fe01000-7fac1feff000 rw-p 00000000 00:00 0 
7fac1feff000-7fac1ff02000 ---p 00000000 00:00 0 
7fac1ff02000-7fac20000000 rw-p 00000000 00:00 0 
7fac20000000-7fac218a9000 rw-p 00000000 00:00 0 
7fac218a9000-7fac24000000 ---p 00000000 00:00 0 
7fac240a6000-7fac240a9000 ---p 00000000 00:00 0 
7fac240a9000-7fac241a7000 rw-p 00000000 00:00 0 
7fac241a7000-7fac241aa000 ---p 00000000 00:00 0 
7fac241aa000-7fac242a8000 rw-p 00000000 00:00 0 
7fac242a8000-7fac242ab000 ---p 00000000 00:00 0 
7fac242ab000-7fac243a9000 rw-p 00000000 00:00 0 
7fac243a9000-7fac243ac000 ---p 00000000 00:00 0 
7fac243ac000-7fac244aa000 rw-p 00000000 00:00 0 
7fac244aa000-7fac244ad000 ---p 00000000 00:00 0 
7fac244ad000-7fac245ab000 rw-p 00000000 00:00 0 
7fac245ab000-7fac245b3000 r-xp 00000000 08:01 1858645                    /usr/lib/jvm/jdk1.7.0_09/jre/lib/amd64/libmanagement.so
7fac245b3000-7fac247b2000 ---p 00008000 08:01 1858645                    /usr/lib/jvm/jdk1.7.0_09/jre/lib/amd64/libmanagement.so
7fac247b2000-7fac247b3000 rw-p 00007000 08:01 1858645                    /usr/lib/jvm/jdk1.7.0_09/jre/lib/amd64/libmanagement.so
7fac247b3000-7fac247b6000 ---p 00000000 00:00 0 
7fac247b6000-7fac248b4000 rw-p 00000000 00:00 0 
7fac248b4000-7fac248c9000 r-xp 00000000 08:01 1858605                    /usr/lib/jvm/jdk1.7.0_09/jre/lib/amd64/libnet.so
7fac248c9000-7fac24ac9000 ---p 00015000 08:01 1858605                    /usr/lib/jvm/jdk1.7.0_09/jre/lib/amd64/libnet.so
7fac24ac9000-7fac24aca000 rw-p 00015000 08:01 1858605                    /usr/lib/jvm/jdk1.7.0_09/jre/lib/amd64/libnet.so
7fac24aca000-7fac24ada000 r-xp 00000000 08:01 1858600                    /usr/lib/jvm/jdk1.7.0_09/jre/lib/amd64/libnio.so
7fac24ada000-7fac24cda000 ---p 00010000 08:01 1858600                    /usr/lib/jvm/jdk1.7.0_09/jre/lib/amd64/libnio.so
7fac24cda000-7fac24cdb000 rw-p 00010000 08:01 1858600                    /usr/lib/jvm/jdk1.7.0_09/jre/lib/amd64/libnio.so
7fac24cdb000-7fac24ce5000 r--s 00254000 08:01 1858108                    /usr/lib/jvm/jdk1.7.0_09/jre/lib/resources.jar
7fac24ce5000-7fac24cef000 r--s 0008a000 08:01 1971128                    /home/nwhitehead/.m2/repository/org/apache/zookeeper/zookeeper/3.3.4/zookeeper-3.3.4.jar
7fac24cef000-7fac24cf8000 r--s 00055000 08:01 2098467                    /home/nwhitehead/.m2/repository/org/springframework/spring-core/3.0.7.RELEASE/spring-core-3.0.7.RELEASE.jar
7fac24cff000-7fac24d04000 r--s 00016000 08:01 1835747                    /home/nwhitehead/.m2/repository/xml-apis/xml-apis/1.0.b2/xml-apis-1.0.b2.jar
7fac24d04000-7fac24d0b000 r--s 00032000 08:01 2100553                    /home/nwhitehead/.m2/repository/org/springframework/spring-tx/3.0.7.RELEASE/spring-tx-3.0.7.RELEASE.jar
7fac24d0b000-7fac24d11000 r--s 00033000 08:01 2100576                    /home/nwhitehead/.m2/repository/org/springframework/spring-test/3.1.1.RELEASE/spring-test-3.1.1.RELEASE.jar
7fac24d11000-7fac24d1b000 r--s 00055000 08:01 2100556                    /home/nwhitehead/.m2/repository/org/springframework/spring-jdbc/3.0.7.RELEASE/spring-jdbc-3.0.7.RELEASE.jar
7fac24d1b000-7fac24d1f000 r--s 00026000 08:01 2100550                    /home/nwhitehead/.m2/repository/org/springframework/spring-expression/3.0.7.RELEASE/spring-expression-3.0.7.RELEASE.jar
7fac24d1f000-7fac24d27000 r--s 00041000 08:01 2106676                    /home/nwhitehead/.m2/repository/org/springframework/data/spring-data-mongodb/1.0.4.RELEASE/spring-data-mongodb-1.0.4.RELEASE.jar
7fac24d27000-7fac24d2d000 r--s 0002d000 08:01 2106631                    /home/nwhitehead/.m2/repository/org/springframework/data/spring-data-commons-core/1.2.1.RELEASE/spring-data-commons-core-1.2.1.RELEASE.jar
7fac24d2d000-7fac24d3e000 r--s 00093000 08:01 2098449                    /home/nwhitehead/.m2/repository/org/springframework/spring-context/3.0.7.RELEASE/spring-context-3.0.7.RELEASE.jar
7fac24d3e000-7fac24d49000 r--s 0007d000 08:01 2098464                    /home/nwhitehead/.m2/repository/org/springframework/spring-beans/3.0.7.RELEASE/spring-beans-3.0.7.RELEASE.jar
7fac24d49000-7fac24d4a000 r--s 0000c000 08:01 2098411                    /home/nwhitehead/.m2/repository/org/springframework/spring-asm/3.0.7.RELEASE/spring-asm-3.0.7.RELEASE.jar
7fac24d4a000-7fac24d53000 r--s 00046000 08:01 2098457                    /home/nwhitehead/.m2/repository/org/springframework/spring-aop/3.0.7.RELEASE/spring-aop-3.0.7.RELEASE.jar
7fac24d53000-7fac24d54000 r--s 00002000 08:01 2098458                    /home/nwhitehead/.m2/repository/org/slf4j/slf4j-log4j12/1.6.6/slf4j-log4j12-1.6.6.jar
7fac24d54000-7fac24d56000 r--s 00005000 08:01 2098454                    /home/nwhitehead/.m2/repository/org/slf4j/slf4j-api/1.6.6/slf4j-api-1.6.6.jar
7fac24d56000-7fac24d5e000 r--s 0004a000 08:01 2098420                    /home/nwhitehead/.m2/repository/org/springframework/org.springframework.orm/3.0.7.RELEASE/org.springframework.orm-3.0.7.RELEASE.jar
7fac24d5e000-7fac24d60000 r--s 00008000 08:01 1859210                    /home/nwhitehead/.m2/repository/com/cgbystrom/netty-tools/1.2.7/netty-tools-1.2.7.jar
7fac24d60000-7fac24d63000 r--s 0000d000 08:01 1858866                    /home/nwhitehead/.m2/repository/org/helios/nash/1.0-SNAPSHOT/nash-1.0-SNAPSHOT.jar
7fac24d63000-7fac24d68000 r--s 00043000 08:01 1897640                    /home/nwhitehead/.m2/repository/org/mongodb/mongo-java-driver/2.7.1/mongo-java-driver-2.7.1.jar
7fac24d68000-7fac24d71000 r--s 0004d000 08:01 1846066                    /home/nwhitehead/.m2/repository/ch/qos/logback/logback-core/1.0.6/logback-core-1.0.6.jar
7fac24d71000-7fac24d77000 r--s 00038000 08:01 1846088                    /home/nwhitehead/.m2/repository/ch/qos/logback/logback-classic/1.0.6/logback-classic-1.0.6.jar
7fac24d77000-7fac24d79000 r--s 00004000 08:01 2098465                    /home/nwhitehead/.m2/repository/org/slf4j/log4j-over-slf4j/1.6.4/log4j-over-slf4j-1.6.4.jar
7fac24d79000-7fac24d7c000 r--s 00006000 08:01 3698766                    /home/nwhitehead/.m2/repository/com/google/code/findbugs/jsr305/1.3.9/jsr305-1.3.9.jar
7fac24d7c000-7fac24d7e000 r--s 00001000 08:01 4456612                    /home/nwhitehead/.m2/repository/net/javacrumbs/json-xml/1.2/json-xml-1.2.jar
7fac24d7e000-7fac24d7f000 r--s 00005000 08:01 3025780                    /home/nwhitehead/.m2/repository/com/googlecode/json-simple/json-simple/1.1.1/json-simple-1.1.1.jar
7fac24d7f000-7fac24d81000 r--s 0000a000 08:01 1846472                    /home/nwhitehead/.m2/repository/org/json/json/20090211/json-20090211.jar
7fac24d81000-7fac24d83000 r--s 00003000 08:01 2098459                    /home/nwhitehead/.m2/repository/org/slf4j/jcl-over-slf4j/1.6.4/jcl-over-slf4j-1.6.4.jar
7fac24d83000-7fac24d86000 r--s 00018000 08:01 4347811                    /home/nwhitehead/.m2/repository/org/fusesource/jansi/jansi/1.4/jansi-1.4.jar
7fac24d86000-7fac24d8a000 r--s 00034000 08:01 1971132                    /home/nwhitehead/.m2/repository/org/codehaus/jackson/jackson-core-asl/1.8.1/jackson-core-asl-1.8.1.jar
7fac24d8a000-7fac24d8c000 r--s 00016000 08:01 1858774                    /home/nwhitehead/.m2/repository/com/github/stephenc/high-scale-lib/high-scale-lib/1.1.4/high-scale-lib-1.1.4.jar
7fac24d8c000-7fac24daf000 r--s 00211000 08:01 2240994                    /home/nwhitehead/.m2/repository/org/hibernate/hibernate-core/3.3.2.GA/hibernate-core-3.3.2.GA.jar
7fac24daf000-7fac24db9000 r--s 0012f000 08:01 1858783                    /home/nwhitehead/.m2/repository/com/h2database/h2/1.3.168/h2-1.3.168.jar
7fac24db9000-7fac24ddb000 r--s 00195000 08:01 3675761                    /home/nwhitehead/.m2/repository/com/google/guava/guava/12.0/guava-12.0.jar
7fac24ddb000-7fac24de0000 r--s 0002a000 08:01 3675752                    /home/nwhitehead/.m2/repository/com/google/code/gson/gson/2.2.2/gson-2.2.2.jar
7fac24de0000-7fac24e3f000 r--s 00589000 08:01 1858790                    /home/nwhitehead/.m2/repository/org/codehaus/groovy/groovy-all/2.0.1/groovy-all-2.0.1.jar
7fac24e3f000-7fac24e44000 r--s 00048000 08:01 1836869                    /home/nwhitehead/.m2/repository/dom4j/dom4j/1.6.1/dom4j-1.6.1.jar
7fac24e44000-7fac24e47000 r--s 0000e000 08:01 1863083                    /home/nwhitehead/.m2/repository/de/flapdoodle/embed/de.flapdoodle.embed.process/1.24/de.flapdoodle.embed.process-1.24.jar
7fac24e47000-7fac24e49000 r--s 00005000 08:01 1863082                    /home/nwhitehead/.m2/repository/de/flapdoodle/embed/de.flapdoodle.embed.mongo/1.26/de.flapdoodle.embed.mongo-1.26.jar
7fac24e49000-7fac24e4c000 r--s 0002a000 08:01 4456613                    /home/nwhitehead/.m2/repository/net/opentsdb/core/1.1.0/core-1.1.0.jar
7fac24e4c000-7fac24e4f000 r--s 00015000 08:01 1836071                    /home/nwhitehead/.m2/repository/commons-pool/commons-pool/1.5.4/commons-pool-1.5.4.jar
7fac24e4f000-7fac24e51000 r--s 0000d000 08:01 1849525                    /home/nwhitehead/.m2/repository/commons-logging/commons-logging/1.1.1/commons-logging-1.1.1.jar
7fac24e51000-7fac24e55000 r--s 00027000 08:01 1863084                    /home/nwhitehead/.m2/repository/commons-io/commons-io/2.2/commons-io-2.2.jar
7fac24e55000-7fac24e58000 r--s 00025000 08:01 1858769                    /home/nwhitehead/.m2/repository/commons-dbcp/commons-dbcp/1.4/commons-dbcp-1.4.jar
7fac24e58000-7fac24e5d000 r--s 00032000 08:01 1976205                    /home/nwhitehead/.m2/repository/org/apache/commons/commons-compress/1.3/commons-compress-1.3.jar
7fac24e5d000-7fac24e6a000 r--s 0007c000 08:01 1836641                    /home/nwhitehead/.m2/repository/commons-collections/commons-collections/3.1/commons-collections-3.1.jar
7fac24e6a000-7fac24e6d000 r--s 00012000 08:01 1970991                    /home/nwhitehead/.m2/repository/org/apache/camel/camel-test-spring/2.10.0/camel-test-spring-2.10.0.jar
7fac24e6d000-7fac24e6f000 r--s 0000c000 08:01 1971113                    /home/nwhitehead/.m2/repository/org/apache/camel/camel-test/2.10.0/camel-test-2.10.0.jar
7fac24e6f000-7fac24e74000 r--s 00033000 08:01 1971135                    /home/nwhitehead/.m2/repository/org/apache/camel/camel-spring/2.10.0/camel-spring-2.10.0.jar
7fac24e74000-7fac24e76000 r--s 0000e000 08:01 1971138                    /home/nwhitehead/.m2/repository/org/apache/camel/camel-netty/2.10.0/camel-netty-2.10.0.jar
7fac24e76000-7fac24e9f000 r--s 001f1000 08:01 1969727                    /home/nwhitehead/.m2/repository/org/apache/camel/camel-core/2.10.0/camel-core-2.10.0.jar
7fac24e9f000-7fac24ea3000 r--s 00024000 08:01 1858773                    /home/nwhitehead/.m2/repository/org/hbase/asynchbase/1.3.2/asynchbase-1.3.2.jar
7fac24ea3000-7fac24eac000 r--s 0006c000 08:01 1858778                    /home/nwhitehead/.m2/repository/com/ning/async-http-client/1.7.6/async-http-client-1.7.6.jar
7fac24eac000-7fac24ead000 r--s 00003000 08:01 1858770                    /home/nwhitehead/.m2/repository/com/stumbleupon/async/1.2.0/async-1.2.0.jar
7fac24ead000-7fac24eb3000 r--s 00054000 08:01 5375779                    /home/nwhitehead/.m2/repository/org/snmp4j/snmp4j/1.9.1f/snmp4j-1.9.1f.jar
7fac24eb3000-7fac24ec9000 r--s 000fd000 08:01 2229165                    /home/nwhitehead/.m2/repository/io/netty/netty/3.5.8.Final/netty-3.5.8.Final.jar
7fac24ec9000-7fac24eca000 ---p 00000000 00:00 0 
7fac24eca000-7fac24fca000 rw-p 00000000 00:00 0 
7fac24fca000-7fac24fcd000 ---p 00000000 00:00 0 
7fac24fcd000-7fac250cb000 rw-p 00000000 00:00 0 
7fac250cb000-7fac250ce000 ---p 00000000 00:00 0 
7fac250ce000-7fac251cc000 rw-p 00000000 00:00 0 
7fac251cc000-7fac251cf000 ---p 00000000 00:00 0 
7fac251cf000-7fac252cd000 rw-p 00000000 00:00 0 
7fac252cd000-7fac252d0000 ---p 00000000 00:00 0 
7fac252d0000-7fac253ce000 rw-p 00000000 00:00 0 
7fac253ce000-7fac253d1000 ---p 00000000 00:00 0 
7fac253d1000-7fac254cf000 rw-p 00000000 00:00 0 
7fac254cf000-7fac254d2000 ---p 00000000 00:00 0 
7fac254d2000-7fac255d0000 rw-p 00000000 00:00 0 
7fac255d0000-7fac255d4000 r-xp 00000000 08:01 1858620                    /usr/lib/jvm/jdk1.7.0_09/jre/lib/amd64/libdt_socket.so
7fac255d4000-7fac257d3000 ---p 00004000 08:01 1858620                    /usr/lib/jvm/jdk1.7.0_09/jre/lib/amd64/libdt_socket.so
7fac257d3000-7fac257d4000 rw-p 00003000 08:01 1858620                    /usr/lib/jvm/jdk1.7.0_09/jre/lib/amd64/libdt_socket.so
7fac257d4000-7fac257d7000 ---p 00000000 00:00 0 
7fac257d7000-7fac258d5000 rw-p 00000000 00:00 0 
7fac258d5000-7fac258d8000 ---p 00000000 00:00 0 
7fac258d8000-7fac259d6000 rw-p 00000000 00:00 0 
7fac259d6000-7fac259d9000 ---p 00000000 00:00 0 
7fac259d9000-7fac25ad7000 rw-p 00000000 00:00 0 
7fac25ad7000-7fac25ad8000 ---p 00000000 00:00 0 
7fac25ad8000-7fac265b4000 rw-p 00000000 00:00 0 
7fac265b4000-7fac26770000 r--s 039da000 08:01 1858659                    /usr/lib/jvm/jdk1.7.0_09/jre/lib/rt.jar
7fac26770000-7fac290d8000 rw-p 00000000 00:00 0 
7fac290d8000-7fac290d9000 ---p 00000000 00:00 0 
7fac290d9000-7fac291d9000 rw-p 00000000 00:00 0 
7fac291d9000-7fac291da000 ---p 00000000 00:00 0 
7fac291da000-7fac292e6000 rw-p 00000000 00:00 0 
7fac292e6000-7fac29303000 rw-p 00000000 00:00 0 
7fac29303000-7fac29318000 rw-p 00000000 00:00 0 
7fac29318000-7fac29448000 rw-p 00000000 00:00 0 
7fac29448000-7fac29454000 rw-p 00000000 00:00 0 
7fac29454000-7fac29471000 rw-p 00000000 00:00 0 
7fac29471000-7fac29486000 rw-p 00000000 00:00 0 
7fac29486000-7fac295b5000 rw-p 00000000 00:00 0 
7fac295b5000-7fac295fa000 rw-p 00000000 00:00 0 
7fac295fa000-7fac29658000 rw-p 00000000 00:00 0 
7fac29658000-7fac29659000 rw-p 00000000 00:00 0 
7fac29659000-7fac298c9000 rwxp 00000000 00:00 0 
7fac298c9000-7fac2c659000 rw-p 00000000 00:00 0 
7fac2c659000-7fac2c673000 r-xp 00000000 08:01 1858648                    /usr/lib/jvm/jdk1.7.0_09/jre/lib/amd64/libzip.so
7fac2c673000-7fac2c873000 ---p 0001a000 08:01 1858648                    /usr/lib/jvm/jdk1.7.0_09/jre/lib/amd64/libzip.so
7fac2c873000-7fac2c874000 rw-p 0001a000 08:01 1858648                    /usr/lib/jvm/jdk1.7.0_09/jre/lib/amd64/libzip.so
7fac2c874000-7fac2c880000 r-xp 00000000 08:01 2490502                    /lib/libnss_files-2.12.1.so
7fac2c880000-7fac2ca7f000 ---p 0000c000 08:01 2490502                    /lib/libnss_files-2.12.1.so
7fac2ca7f000-7fac2ca80000 r--p 0000b000 08:01 2490502                    /lib/libnss_files-2.12.1.so
7fac2ca80000-7fac2ca81000 rw-p 0000c000 08:01 2490502                    /lib/libnss_files-2.12.1.so
7fac2ca81000-7fac2ca8b000 r-xp 00000000 08:01 2490525                    /lib/libnss_nis-2.12.1.so
7fac2ca8b000-7fac2cc8a000 ---p 0000a000 08:01 2490525                    /lib/libnss_nis-2.12.1.so
7fac2cc8a000-7fac2cc8b000 r--p 00009000 08:01 2490525                    /lib/libnss_nis-2.12.1.so
7fac2cc8b000-7fac2cc8c000 rw-p 0000a000 08:01 2490525                    /lib/libnss_nis-2.12.1.so
7fac2cc8c000-7fac2cca3000 r-xp 00000000 08:01 2490479                    /lib/libnsl-2.12.1.so
7fac2cca3000-7fac2cea2000 ---p 00017000 08:01 2490479                    /lib/libnsl-2.12.1.so
7fac2cea2000-7fac2cea3000 r--p 00016000 08:01 2490479                    /lib/libnsl-2.12.1.so
7fac2cea3000-7fac2cea4000 rw-p 00017000 08:01 2490479                    /lib/libnsl-2.12.1.so
7fac2cea4000-7fac2cea6000 rw-p 00000000 00:00 0 
7fac2cea6000-7fac2ceae000 r-xp 00000000 08:01 2490489                    /lib/libnss_compat-2.12.1.so
7fac2ceae000-7fac2d0ad000 ---p 00008000 08:01 2490489                    /lib/libnss_compat-2.12.1.so
7fac2d0ad000-7fac2d0ae000 r--p 00007000 08:01 2490489                    /lib/libnss_compat-2.12.1.so
7fac2d0ae000-7fac2d0af000 rw-p 00008000 08:01 2490489                    /lib/libnss_compat-2.12.1.so
7fac2d0af000-7fac2d353000 r--p 00000000 08:01 2623986                    /usr/lib/locale/locale-archive
7fac2d353000-7fac2d356000 r-xp 00000000 08:01 1858611                    /usr/lib/jvm/jdk1.7.0_09/jre/lib/amd64/libnpt.so
7fac2d356000-7fac2d555000 ---p 00003000 08:01 1858611                    /usr/lib/jvm/jdk1.7.0_09/jre/lib/amd64/libnpt.so
7fac2d555000-7fac2d556000 rw-p 00002000 08:01 1858611                    /usr/lib/jvm/jdk1.7.0_09/jre/lib/amd64/libnpt.so
7fac2d556000-7fac2d58f000 r-xp 00000000 08:01 1858652                    /usr/lib/jvm/jdk1.7.0_09/jre/lib/amd64/libjdwp.so
7fac2d58f000-7fac2d78e000 ---p 00039000 08:01 1858652                    /usr/lib/jvm/jdk1.7.0_09/jre/lib/amd64/libjdwp.so
7fac2d78e000-7fac2d790000 rw-p 00038000 08:01 1858652                    /usr/lib/jvm/jdk1.7.0_09/jre/lib/amd64/libjdwp.so
7fac2d790000-7fac2d7b9000 r-xp 00000000 08:01 1858634                    /usr/lib/jvm/jdk1.7.0_09/jre/lib/amd64/libjava.so
7fac2d7b9000-7fac2d9b9000 ---p 00029000 08:01 1858634                    /usr/lib/jvm/jdk1.7.0_09/jre/lib/amd64/libjava.so
7fac2d9b9000-7fac2d9bb000 rw-p 00029000 08:01 1858634                    /usr/lib/jvm/jdk1.7.0_09/jre/lib/amd64/libjava.so
7fac2d9bb000-7fac2d9c8000 r-xp 00000000 08:01 1858632                    /usr/lib/jvm/jdk1.7.0_09/jre/lib/amd64/libverify.so
7fac2d9c8000-7fac2dbc7000 ---p 0000d000 08:01 1858632                    /usr/lib/jvm/jdk1.7.0_09/jre/lib/amd64/libverify.so
7fac2dbc7000-7fac2dbc9000 rw-p 0000c000 08:01 1858632                    /usr/lib/jvm/jdk1.7.0_09/jre/lib/amd64/libverify.so
7fac2dbc9000-7fac2dbd0000 r-xp 00000000 08:01 2491140                    /lib/librt-2.12.1.so
7fac2dbd0000-7fac2ddcf000 ---p 00007000 08:01 2491140                    /lib/librt-2.12.1.so
7fac2ddcf000-7fac2ddd0000 r--p 00006000 08:01 2491140                    /lib/librt-2.12.1.so
7fac2ddd0000-7fac2ddd1000 rw-p 00007000 08:01 2491140                    /lib/librt-2.12.1.so
7fac2ddd1000-7fac2de53000 r-xp 00000000 08:01 2490475                    /lib/libm-2.12.1.so
7fac2de53000-7fac2e052000 ---p 00082000 08:01 2490475                    /lib/libm-2.12.1.so
7fac2e052000-7fac2e053000 r--p 00081000 08:01 2490475                    /lib/libm-2.12.1.so
7fac2e053000-7fac2e054000 rw-p 00082000 08:01 2490475                    /lib/libm-2.12.1.so
7fac2e054000-7fac2ea9b000 r-xp 00000000 08:01 1858639                    /usr/lib/jvm/jdk1.7.0_09/jre/lib/amd64/server/libjvm.so
7fac2ea9b000-7fac2ec9a000 ---p 00a47000 08:01 1858639                    /usr/lib/jvm/jdk1.7.0_09/jre/lib/amd64/server/libjvm.so
7fac2ec9a000-7fac2ed3e000 rw-p 00a46000 08:01 1858639                    /usr/lib/jvm/jdk1.7.0_09/jre/lib/amd64/server/libjvm.so
7fac2ed3e000-7fac2ed79000 rw-p 00000000 00:00 0 
7fac2ed79000-7fac2eef3000 r-xp 00000000 08:01 2490430                    /lib/libc-2.12.1.so
7fac2eef3000-7fac2f0f3000 ---p 0017a000 08:01 2490430                    /lib/libc-2.12.1.so
7fac2f0f3000-7fac2f0f7000 r--p 0017a000 08:01 2490430                    /lib/libc-2.12.1.so
7fac2f0f7000-7fac2f0f8000 rw-p 0017e000 08:01 2490430                    /lib/libc-2.12.1.so
7fac2f0f8000-7fac2f0fd000 rw-p 00000000 00:00 0 
7fac2f0fd000-7fac2f0ff000 r-xp 00000000 08:01 2490473                    /lib/libdl-2.12.1.so
7fac2f0ff000-7fac2f2ff000 ---p 00002000 08:01 2490473                    /lib/libdl-2.12.1.so
7fac2f2ff000-7fac2f300000 r--p 00002000 08:01 2490473                    /lib/libdl-2.12.1.so
7fac2f300000-7fac2f301000 rw-p 00003000 08:01 2490473                    /lib/libdl-2.12.1.so
7fac2f301000-7fac2f317000 r-xp 00000000 08:01 1858609                    /usr/lib/jvm/jdk1.7.0_09/jre/lib/amd64/jli/libjli.so
7fac2f317000-7fac2f516000 ---p 00016000 08:01 1858609                    /usr/lib/jvm/jdk1.7.0_09/jre/lib/amd64/jli/libjli.so
7fac2f516000-7fac2f517000 rw-p 00015000 08:01 1858609                    /usr/lib/jvm/jdk1.7.0_09/jre/lib/amd64/jli/libjli.so
7fac2f517000-7fac2f52f000 r-xp 00000000 08:01 2490545                    /lib/libpthread-2.12.1.so
7fac2f52f000-7fac2f72e000 ---p 00018000 08:01 2490545                    /lib/libpthread-2.12.1.so
7fac2f72e000-7fac2f72f000 r--p 00017000 08:01 2490545                    /lib/libpthread-2.12.1.so
7fac2f72f000-7fac2f730000 rw-p 00018000 08:01 2490545                    /lib/libpthread-2.12.1.so
7fac2f730000-7fac2f734000 rw-p 00000000 00:00 0 
7fac2f734000-7fac2f754000 r-xp 00000000 08:01 2490421                    /lib/ld-2.12.1.so
7fac2f755000-7fac2f756000 rw-p 00000000 00:00 0 
7fac2f756000-7fac2f757000 rw-s 00000000 08:01 1930260                    /home/nwhitehead/.apmrouter/h2/time-series/live.index
7fac2f757000-7fac2f75e000 r--s 00062000 08:01 2381988                    /home/nwhitehead/.m2/repository/org/hyperic/sigar/1.6.4/sigar-1.6.4.jar
7fac2f75e000-7fac2f767000 r--s 0006d000 08:01 1835714                    /home/nwhitehead/.m2/repository/log4j/log4j/1.2.16/log4j-1.2.16.jar
7fac2f767000-7fac2f76d000 r--s 00034000 08:01 3189641                    /home/nwhitehead/.m2/repository/junit/junit/4.8.2/junit-4.8.2.jar
7fac2f76d000-7fac2f777000 rw-p 00000000 00:00 0 
7fac2f777000-7fac2f82d000 rw-p 00000000 00:00 0 
7fac2f82d000-7fac2f830000 ---p 00000000 00:00 0 
7fac2f830000-7fac2f932000 rw-p 00000000 00:00 0 
7fac2f932000-7fac2f936000 r--s 00089000 08:01 1858097                    /usr/lib/jvm/jdk1.7.0_09/jre/lib/jsse.jar
7fac2f936000-7fac2f93f000 r--s 00098000 08:01 1836150                    /home/nwhitehead/.m2/repository/org/javassist/javassist/3.16.1-GA/javassist-3.16.1-GA.jar
7fac2f93f000-7fac2f941000 r--s 00000000 08:01 1835649                    /home/nwhitehead/.m2/repository/aopalliance/aopalliance/1.0/aopalliance-1.0.jar
7fac2f941000-7fac2f947000 r--s 00067000 08:01 1835777                    /home/nwhitehead/.m2/repository/antlr/antlr/2.7.6/antlr-2.7.6.jar
7fac2f947000-7fac2f948000 r--s 00003000 08:01 1835778                    /home/nwhitehead/.m2/repository/javax/transaction/jta/1.1/jta-1.1.jar
7fac2f948000-7fac2f950000 rw-s 00000000 08:01 4852811                    /tmp/hsperfdata_nwhitehead/11657
7fac2f950000-7fac2f951000 rw-p 00000000 00:00 0 
7fac2f951000-7fac2f952000 r--p 00000000 00:00 0 
7fac2f952000-7fac2f954000 rw-p 00000000 00:00 0 
7fac2f954000-7fac2f955000 r--p 00020000 08:01 2490421                    /lib/ld-2.12.1.so
7fac2f955000-7fac2f956000 rw-p 00021000 08:01 2490421                    /lib/ld-2.12.1.so
7fac2f956000-7fac2f957000 rw-p 00000000 00:00 0 
7fff2a737000-7fff2a759000 rw-p 00000000 00:00 0                          [stack]
7fff2a7ff000-7fff2a800000 r-xp 00000000 00:00 0                          [vdso]
ffffffffff600000-ffffffffff601000 r-xp 00000000 00:00 0                  [vsyscall]

VM Arguments:
jvm_args: -agentlib:jdwp=transport=dt_socket,suspend=y,address=localhost:38657 -Dfile.encoding=UTF-8 
java_command: org.helios.apmrouter.APMRouter ./src/test/resources/server
Launcher Type: SUN_STANDARD

Environment Variables:
PATH=/home/nwhitehead/bin:/usr/local/sbin:/usr/local/bin:/usr/sbin:/usr/bin:/sbin:/bin:/usr/games
USERNAME=nwhitehead
LD_LIBRARY_PATH=/usr/lib/jvm/jdk1.7.0_09/jre/lib/amd64/server:/usr/lib/jvm/jdk1.7.0_09/jre/lib/amd64:/usr/lib/jvm/jdk1.7.0_09/jre/../lib/amd64:/usr/lib/jvm/java-6-openjdk/jre/lib/amd64/server:/usr/lib/jvm/java-6-openjdk/jre/lib/amd64:/usr/lib/jvm/java-6-openjdk/jre/../lib/amd64
SHELL=/bin/bash
DISPLAY=:0.0

Signal Handlers:
SIGSEGV: [libjvm.so+0x8a5c80], sa_mask[0]=0x7ffbfeff, sa_flags=0x10000004
SIGBUS: [libjvm.so+0x8a5c80], sa_mask[0]=0x7ffbfeff, sa_flags=0x10000004
SIGFPE: [libjvm.so+0x741d60], sa_mask[0]=0x7ffbfeff, sa_flags=0x10000004
SIGPIPE: [libjvm.so+0x741d60], sa_mask[0]=0x7ffbfeff, sa_flags=0x10000004
SIGXFSZ: [libjvm.so+0x741d60], sa_mask[0]=0x7ffbfeff, sa_flags=0x10000004
SIGILL: [libjvm.so+0x741d60], sa_mask[0]=0x7ffbfeff, sa_flags=0x10000004
SIGUSR1: SIG_DFL, sa_mask[0]=0x00000000, sa_flags=0x00000000
SIGUSR2: [libjvm.so+0x7416b0], sa_mask[0]=0x00000004, sa_flags=0x10000004
SIGHUP: [libjvm.so+0x743a40], sa_mask[0]=0x7ffbfeff, sa_flags=0x10000004
SIGINT: [libjvm.so+0x743a40], sa_mask[0]=0x7ffbfeff, sa_flags=0x10000004
SIGTERM: [libjvm.so+0x743a40], sa_mask[0]=0x7ffbfeff, sa_flags=0x10000004
SIGQUIT: [libjvm.so+0x743a40], sa_mask[0]=0x7ffbfeff, sa_flags=0x10000004


---------------  S Y S T E M  ---------------

OS:squeeze/sid

uname:Linux 2.6.35-32-generic #67-Ubuntu SMP Mon Mar 5 19:39:49 UTC 2012 x86_64
libc:glibc 2.12.1 NPTL 2.12.1 
rlimit: STACK 8192k, CORE 0k, NPROC infinity, NOFILE 4096, AS infinity
load average:0.51 0.34 0.40

/proc/meminfo:
MemTotal:        3984228 kB
MemFree:          232580 kB
Buffers:           36436 kB
Cached:           627732 kB
SwapCached:       196884 kB
Active:          2348316 kB
Inactive:        1111404 kB
Active(anon):    2159544 kB
Inactive(anon):   878456 kB
Active(file):     188772 kB
Inactive(file):   232948 kB
Unevictable:          80 kB
Mlocked:              80 kB
SwapTotal:       4016124 kB
SwapFree:        2960500 kB
Dirty:             10356 kB
Writeback:             0 kB
AnonPages:       2689764 kB
Mapped:           134320 kB
Shmem:            242516 kB
Slab:              94632 kB
SReclaimable:      54084 kB
SUnreclaim:        40548 kB
KernelStack:        6888 kB
PageTables:        57508 kB
NFS_Unstable:          0 kB
Bounce:                0 kB
WritebackTmp:          0 kB
CommitLimit:     6008236 kB
Committed_AS:    7833508 kB
VmallocTotal:   34359738367 kB
VmallocUsed:      378336 kB
VmallocChunk:   34359285368 kB
HardwareCorrupted:     0 kB
HugePages_Total:       0
HugePages_Free:        0
HugePages_Rsvd:        0
HugePages_Surp:        0
Hugepagesize:       2048 kB
DirectMap4k:        8896 kB
DirectMap2M:     4110336 kB


CPU:total 2 (2 cores per cpu, 1 threads per core) family 6 model 15 stepping 11, cmov, cx8, fxsr, mmx, sse, sse2, sse3, ssse3, tsc

/proc/cpuinfo:
processor	: 0
vendor_id	: GenuineIntel
cpu family	: 6
model		: 15
model name	: Intel(R) Core(TM)2 Duo CPU     T7300  @ 2.00GHz
stepping	: 11
cpu MHz		: 2001.000
cache size	: 4096 KB
physical id	: 0
siblings	: 2
core id		: 0
cpu cores	: 2
apicid		: 0
initial apicid	: 0
fpu		: yes
fpu_exception	: yes
cpuid level	: 10
wp		: yes
flags		: fpu vme de pse tsc msr pae mce cx8 apic sep mtrr pge mca cmov pat pse36 clflush dts acpi mmx fxsr sse sse2 ss ht tm pbe syscall nx lm constant_tsc arch_perfmon pebs bts rep_good aperfmperf pni dtes64 monitor ds_cpl vmx est tm2 ssse3 cx16 xtpr pdcm lahf_lm ida dts tpr_shadow vnmi flexpriority
bogomips	: 3990.01
clflush size	: 64
cache_alignment	: 64
address sizes	: 36 bits physical, 48 bits virtual
power management:

processor	: 1
vendor_id	: GenuineIntel
cpu family	: 6
model		: 15
model name	: Intel(R) Core(TM)2 Duo CPU     T7300  @ 2.00GHz
stepping	: 11
cpu MHz		: 2001.000
cache size	: 4096 KB
physical id	: 0
siblings	: 2
core id		: 1
cpu cores	: 2
apicid		: 1
initial apicid	: 1
fpu		: yes
fpu_exception	: yes
cpuid level	: 10
wp		: yes
flags		: fpu vme de pse tsc msr pae mce cx8 apic sep mtrr pge mca cmov pat pse36 clflush dts acpi mmx fxsr sse sse2 ss ht tm pbe syscall nx lm constant_tsc arch_perfmon pebs bts rep_good aperfmperf pni dtes64 monitor ds_cpl vmx est tm2 ssse3 cx16 xtpr pdcm lahf_lm ida dts tpr_shadow vnmi flexpriority
bogomips	: 3992.05
clflush size	: 64
cache_alignment	: 64
address sizes	: 36 bits physical, 48 bits virtual
power management:



Memory: 4k page, physical 3984228k(232580k free), swap 4016124k(2960500k free)

vm_info: Java HotSpot(TM) 64-Bit Server VM (23.5-b02) for linux-amd64 JRE (1.7.0_09-b05), built on Sep 24 2012 20:07:15 by "java_re" with gcc 4.3.0 20080428 (Red Hat 4.3.0-8)

time: Sun Nov 25 12:51:15 2012
elapsed time: 15 seconds

