#
# A fatal error has been detected by the Java Runtime Environment:
#
#  SIGSEGV (0xb) at pc=0x00007fb78b6e8a54, pid=11108, tid=140426032957184
#
# JRE version: 7.0_09-b05
# Java VM: Java HotSpot(TM) 64-Bit Server VM (23.5-b02 mixed mode linux-amd64 compressed oops)
# Problematic frame:
# V  [libjvm.so+0x886a54]  Unsafe_GetNativeInt+0x74
#
# Failed to write core dump. Core dumps have been disabled. To enable core dumping, try "ulimit -c unlimited" before starting Java again
#
# If you would like to submit a bug report, please visit:
#   http://bugreport.sun.com/bugreport/crash.jsp
#

---------------  T H R E A D  ---------------

Current thread (0x0000000002d20800):  JavaThread "MonitorSchedulerThread#1" daemon [_thread_in_vm, id=11165, stack(0x00007fb77bbfc000,0x00007fb77bcfd000)]

siginfo:si_signo=SIGSEGV: si_errno=0, si_code=1 (SEGV_MAPERR), si_addr=0x0000000000000014

Registers:
RAX=0x0000000002d20800, RBX=0x00007fb77bcfac70, RCX=0x00007fb78c53d2a0, RDX=0x00007fb77bcfca20
RSP=0x00007fb77bcfaa00, RBP=0x00007fb77bcfaa30, RSI=0x0000000000000006, RDI=0x0000000000000010
R8 =0x000000000160aea0, R9 =0x0000000000005400, R10=0x00007fb78647ed85, R11=0x00007fb78b630cf0
R12=0x0000000000000014, R13=0x00000000be0d8df8, R14=0x00007fb77bcfaa00, R15=0x0000000002d20800
RIP=0x00007fb78b6e8a54, EFLAGS=0x0000000000010246, CSGSFS=0x0000000000000033, ERR=0x0000000000000004
  TRAPNO=0x000000000000000e

Top of Stack: (sp=0x00007fb77bcfaa00)
0x00007fb77bcfaa00:   0000000002d20800 0000000001f6d220
0x00007fb77bcfaa10:   00000000be0d8df8 0000000000000000
0x00007fb77bcfaa20:   00000000be0d8df8 00007fb77bcfaac8
0x00007fb77bcfaa30:   00007fb77bcfaa98 00007fb78647edb1
0x00007fb77bcfaa40:   0000000001f6d1f0 0000000400000000
0x00007fb77bcfaa50:   0000000002d20800 00007fb77bcfaa58
0x00007fb77bcfaa60:   0000000000000000 00007fb77bcfaac8
0x00007fb77bcfaa70:   00000000be0dca68 0000000000000000
0x00007fb77bcfaa80:   00000000be0d8df8 0000000000000000
0x00007fb77bcfaa90:   00007fb77bcfaab8 00007fb77bcfab10
0x00007fb77bcfaaa0:   00007fb78646d354 0000000000000000
0x00007fb77bcfaab0:   00007fb78647a036 0000000000000014
0x00007fb77bcfaac0:   00000000ed2fae10 00000000c355e2d8
0x00007fb77bcfaad0:   00007fb77bcfaad0 00000000bf4d7d82
0x00007fb77bcfaae0:   00007fb77bcfab28 00000000bf685f00
0x00007fb77bcfaaf0:   0000000000000000 00000000bf4d7da8
0x00007fb77bcfab00:   00007fb77bcfaab8 00007fb77bcfab20
0x00007fb77bcfab10:   00007fb77bcfab70 00007fb78646d354
0x00007fb77bcfab20:   0000000000000014 00000000ed2fae10
0x00007fb77bcfab30:   00007fb77bcfab30 00000000bf4a8073
0x00007fb77bcfab40:   00007fb77bcfab88 00000000bf4bef48
0x00007fb77bcfab50:   0000000000000000 00000000bf4a8098
0x00007fb77bcfab60:   00007fb77bcfab20 00007fb77bcfab80
0x00007fb77bcfab70:   00007fb77bcfabf0 00007fb7864674f7
0x00007fb77bcfab80:   00000000ed2fae10 00000000ec435c98
0x00007fb77bcfab90:   0000000000001fa0 00007fb77bcfaeb0
0x00007fb77bcfaba0:   00007fb77bcfac70 00007fb77bcfad40
0x00007fb77bcfabb0:   0000000002d20800 0000000001f6d1e8
0x00007fb77bcfabc0:   00007fb77bcfac30 00007fb77bcfaeb8
0x00007fb77bcfabd0:   000000000000000b 00000000bf4a8098
0x00007fb77bcfabe0:   00007fb78647c340 00007fb77bcfad48
0x00007fb77bcfabf0:   00007fb77bcfacd0 00007fb78b3b38d5 

Instructions: (pc=0x00007fb78b6e8a54)
0x00007fb78b6e8a34:   89 f7 e8 25 69 ef ff 48 8b 05 56 f3 43 00 8b 38
0x00007fb78b6e8a44:   e8 df 25 91 ff 48 8b 5b 48 c6 80 74 02 00 00 01
0x00007fb78b6e8a54:   45 8b 2c 24 c6 80 74 02 00 00 00 48 8b 7b 10 4c
0x00007fb78b6e8a64:   8b 63 08 48 83 3f 00 74 09 e8 5e 41 9a ff 48 8b 

Register to memory mapping:

RAX=0x0000000002d20800 is a thread
RBX=0x00007fb77bcfac70 is pointing into the stack for thread: 0x0000000002d20800
RCX=0x00007fb78c53d2a0: <offset 0x2182a0> in /lib/libpthread.so.0 at 0x00007fb78c325000
RDX=0x00007fb77bcfca20 is pointing into the stack for thread: 0x0000000002d20800
RSP=0x00007fb77bcfaa00 is pointing into the stack for thread: 0x0000000002d20800
RBP=0x00007fb77bcfaa30 is pointing into the stack for thread: 0x0000000002d20800
RSI=0x0000000000000006 is an unknown value
RDI=0x0000000000000010 is an unknown value
R8 =0x000000000160aea0 is an unknown value
R9 =0x0000000000005400 is an unknown value
R10=0x00007fb78647ed85 is an Interpreter codelet
method entry point (kind = native)  [0x00007fb78647e8e0, 0x00007fb78647f6c0]  3552 bytes
R11=0x00007fb78b630cf0: <offset 0x7cecf0> in /usr/lib/jvm/jdk1.7.0_09/jre/lib/amd64/server/libjvm.so at 0x00007fb78ae62000
R12=0x0000000000000014 is an unknown value
R13=0x00000000be0d8df8 is an oop
{method} 
 - klass: {other class}
R14=0x00007fb77bcfaa00 is pointing into the stack for thread: 0x0000000002d20800
R15=0x0000000002d20800 is a thread


Stack: [0x00007fb77bbfc000,0x00007fb77bcfd000],  sp=0x00007fb77bcfaa00,  free space=1018k
Native frames: (J=compiled Java code, j=interpreted, Vv=VM code, C=native code)
V  [libjvm.so+0x886a54]  Unsafe_GetNativeInt+0x74
j  sun.misc.Unsafe.getInt(J)I+0
j  vanilla.java.chronicle.impl.UnsafeExcerpt.readInt(I)I+10
j  org.helios.apmrouter.destination.chronicletimeseries.ChronicleTier.getSeriesEntryCount(Lvanilla/java/chronicle/impl/UnsafeExcerpt;)J+3
v  ~StubRoutines::call_stub
V  [libjvm.so+0x5518d5]  JavaCalls::call_helper(JavaValue*, methodHandle*, JavaCallArguments*, Thread*)+0x355
V  [libjvm.so+0x5503f8]  JavaCalls::call(JavaValue*, methodHandle, JavaCallArguments*, Thread*)+0x28
V  [libjvm.so+0x564e04]  jni_invoke_nonstatic(JNIEnv_*, JavaValue*, _jobject*, JNICallType, _jmethodID*, JNI_ArgumentPusher*, Thread*)+0x2a4
V  [libjvm.so+0x574b79]  jni_CallNonvirtualLongMethodA+0xe9
C  [libjdwp.so+0x1be44]  invoker_doInvoke+0xd64
C  [libjdwp.so+0x14dc5]  reportEvents+0xc5
C  [libjdwp.so+0x15152]  event_callback+0x1c2
C  [libjdwp.so+0x180b7]  cbBreakpoint+0xb7
V  [libjvm.so+0x6240fa]  JvmtiExport::post_raw_breakpoint(JavaThread*, methodOopDesc*, unsigned char*)+0x22a
V  [libjvm.so+0x5477a1]  InterpreterRuntime::_breakpoint(JavaThread*, methodOopDesc*, unsigned char*)+0x21
j  org.helios.apmrouter.destination.chronicletimeseries.ChronicleTier.createNewMetric()J+5
j  org.helios.apmrouter.catalog.jdbc.h2.H2JDBCMetricCatalog.getID(JLjava/lang/String;Ljava/lang/String;ILjava/lang/String;Ljava/lang/String;)J+25
j  org.helios.apmrouter.server.tracing.ServerTracerFactory.processMetrics(Ljava/util/Collection;)I+86
j  org.helios.apmrouter.server.tracing.ServerTracerFactory.submit(Ljava/util/Collection;)V+2
j  org.helios.apmrouter.server.tracing.ServerTracerFactory.submit([Lorg/helios/apmrouter/metric/IMetric;)V+21
j  org.helios.apmrouter.trace.TracerImpl.traceCounter(JLjava/lang/CharSequence;[Ljava/lang/CharSequence;)Lorg/helios/apmrouter/metric/ICEMetric;+33
j  org.helios.apmrouter.monitor.jvm.JVMMonitor.doCollect(J)V+76
j  org.helios.apmrouter.monitor.AbstractMonitor.collect()V+9
j  org.helios.apmrouter.monitor.AbstractMonitor.run()V+1
j  java.util.concurrent.Executors$RunnableAdapter.call()Ljava/lang/Object;+4
j  java.util.concurrent.FutureTask$Sync.innerRunAndReset()Z+30
j  java.util.concurrent.FutureTask.runAndReset()Z+4
j  java.util.concurrent.ScheduledThreadPoolExecutor$ScheduledFutureTask.access$301(Ljava/util/concurrent/ScheduledThreadPoolExecutor$ScheduledFutureTask;)Z+1
j  java.util.concurrent.ScheduledThreadPoolExecutor$ScheduledFutureTask.run()V+37
j  org.helios.apmrouter.jmx.ListenerAwareRunnableScheduledFuture.run()V+4
j  java.util.concurrent.ThreadPoolExecutor.runWorker(Ljava/util/concurrent/ThreadPoolExecutor$Worker;)V+46
j  java.util.concurrent.ThreadPoolExecutor$Worker.run()V+5
j  java.lang.Thread.run()V+11
v  ~StubRoutines::call_stub
V  [libjvm.so+0x5518d5]  JavaCalls::call_helper(JavaValue*, methodHandle*, JavaCallArguments*, Thread*)+0x355
V  [libjvm.so+0x5503f8]  JavaCalls::call(JavaValue*, methodHandle, JavaCallArguments*, Thread*)+0x28
V  [libjvm.so+0x55068c]  JavaCalls::call_virtual(JavaValue*, KlassHandle, Symbol*, Symbol*, JavaCallArguments*, Thread*)+0x17c
V  [libjvm.so+0x5507b7]  JavaCalls::call_virtual(JavaValue*, Handle, KlassHandle, Symbol*, Symbol*, Thread*)+0x47
V  [libjvm.so+0x5ab07f]  thread_entry(JavaThread*, Thread*)+0xdf
V  [libjvm.so+0x8650c8]  JavaThread::thread_main_inner()+0xc8
V  [libjvm.so+0x865218]  JavaThread::run()+0x138
V  [libjvm.so+0x746c00]  java_start(Thread*)+0x100

Java frames: (J=compiled Java code, j=interpreted, Vv=VM code)
j  sun.misc.Unsafe.getInt(J)I+0
j  vanilla.java.chronicle.impl.UnsafeExcerpt.readInt(I)I+10
j  org.helios.apmrouter.destination.chronicletimeseries.ChronicleTier.getSeriesEntryCount(Lvanilla/java/chronicle/impl/UnsafeExcerpt;)J+3
v  ~StubRoutines::call_stub
j  org.helios.apmrouter.destination.chronicletimeseries.ChronicleTier.createNewMetric()J+5
j  org.helios.apmrouter.catalog.jdbc.h2.H2JDBCMetricCatalog.getID(JLjava/lang/String;Ljava/lang/String;ILjava/lang/String;Ljava/lang/String;)J+25
j  org.helios.apmrouter.server.tracing.ServerTracerFactory.processMetrics(Ljava/util/Collection;)I+86
j  org.helios.apmrouter.server.tracing.ServerTracerFactory.submit(Ljava/util/Collection;)V+2
j  org.helios.apmrouter.server.tracing.ServerTracerFactory.submit([Lorg/helios/apmrouter/metric/IMetric;)V+21
j  org.helios.apmrouter.trace.TracerImpl.traceCounter(JLjava/lang/CharSequence;[Ljava/lang/CharSequence;)Lorg/helios/apmrouter/metric/ICEMetric;+33
j  org.helios.apmrouter.monitor.jvm.JVMMonitor.doCollect(J)V+76
j  org.helios.apmrouter.monitor.AbstractMonitor.collect()V+9
j  org.helios.apmrouter.monitor.AbstractMonitor.run()V+1
j  java.util.concurrent.Executors$RunnableAdapter.call()Ljava/lang/Object;+4
j  java.util.concurrent.FutureTask$Sync.innerRunAndReset()Z+30
j  java.util.concurrent.FutureTask.runAndReset()Z+4
j  java.util.concurrent.ScheduledThreadPoolExecutor$ScheduledFutureTask.access$301(Ljava/util/concurrent/ScheduledThreadPoolExecutor$ScheduledFutureTask;)Z+1
j  java.util.concurrent.ScheduledThreadPoolExecutor$ScheduledFutureTask.run()V+37
j  org.helios.apmrouter.jmx.ListenerAwareRunnableScheduledFuture.run()V+4
j  java.util.concurrent.ThreadPoolExecutor.runWorker(Ljava/util/concurrent/ThreadPoolExecutor$Worker;)V+46
j  java.util.concurrent.ThreadPoolExecutor$Worker.run()V+5
j  java.lang.Thread.run()V+11
v  ~StubRoutines::call_stub

---------------  P R O C E S S  ---------------

Java Threads: ( => current thread )
=>0x0000000002d20800 JavaThread "MonitorSchedulerThread#1" daemon [_thread_in_vm, id=11165, stack(0x00007fb77bbfc000,0x00007fb77bcfd000)]
  0x0000000002d18000 JavaThread "CollectionFunnelTimer" daemon [_thread_blocked, id=11164, stack(0x00007fb77bcfd000,0x00007fb77bdfe000)]
  0x00007fb77c715800 JavaThread "New I/O  worker #4" daemon [_thread_blocked, id=11163, stack(0x00007fb77bdfe000,0x00007fb77beff000)]
  0x00007fb77c2aa000 JavaThread "New I/O  worker #3" daemon [_thread_blocked, id=11162, stack(0x00007fb77beff000,0x00007fb77c000000)]
  0x00007fb77c2ab000 JavaThread "New I/O  worker #2" daemon [_thread_blocked, id=11161, stack(0x00007fb7800c4000,0x00007fb7801c5000)]
  0x00007fb77df01800 JavaThread "New I/O  worker #1" daemon [_thread_blocked, id=11160, stack(0x00007fb780a44000,0x00007fb780b45000)]
  0x00007fb77ccb6800 JavaThread "AgentSchedulerSchedulerThread#1" daemon [_thread_blocked, id=11159, stack(0x00007fb780b45000,0x00007fb780c46000)]
  0x00007fb77dc35800 JavaThread "TimeoutQueueMapThread#1" daemon [_thread_blocked, id=11158, stack(0x00007fb780c46000,0x00007fb780d47000)]
  0x00007fb77df22800 JavaThread "CollectionFunnelThread#1" daemon [_thread_blocked, id=11157, stack(0x00007fb780d47000,0x00007fb780e48000)]
  0x00007fb77f321000 JavaThread "H2 Log Writer DB" daemon [_thread_blocked, id=11150, stack(0x00007fb780e48000,0x00007fb780f49000)]
  0x0000000002d50800 JavaThread "H2 File Lock Watchdog /home/nwhitehead/.apmrouter/h2/db.lock.db" daemon [_thread_blocked, id=11149, stack(0x00007fb7801c5000,0x00007fb7802c6000)]
  0x0000000002235800 JavaThread "PatternRouterWorkersThread#8" daemon [_thread_blocked, id=11145, stack(0x00007fb7802c6000,0x00007fb7803c7000)]
  0x0000000002233000 JavaThread "PatternRouterWorkersThread#7" daemon [_thread_blocked, id=11144, stack(0x00007fb7803c7000,0x00007fb7804c8000)]
  0x0000000002230800 JavaThread "PatternRouterWorkersThread#6" daemon [_thread_blocked, id=11143, stack(0x00007fb7804c8000,0x00007fb7805c9000)]
  0x00000000026ef000 JavaThread "PatternRouterWorkersThread#5" daemon [_thread_blocked, id=11142, stack(0x00007fb7805c9000,0x00007fb7806ca000)]
  0x00000000026ec800 JavaThread "PatternRouterWorkersThread#4" daemon [_thread_blocked, id=11141, stack(0x00007fb7806ca000,0x00007fb7807cb000)]
  0x0000000002bab800 JavaThread "PatternRouterWorkersThread#3" daemon [_thread_blocked, id=11140, stack(0x00007fb7807cb000,0x00007fb7808cc000)]
  0x0000000002ba9800 JavaThread "PatternRouterWorkersThread#2" daemon [_thread_blocked, id=11139, stack(0x00007fb7808cc000,0x00007fb7809cd000)]
  0x0000000002ba8000 JavaThread "PatternRouterWorkersThread#1" daemon [_thread_blocked, id=11138, stack(0x00007fb7810bd000,0x00007fb7811be000)]
  0x0000000002b23000 JavaThread "MetricConflationThread#1" daemon [_thread_blocked, id=11137, stack(0x00007fb7811be000,0x00007fb7812bf000)]
  0x0000000002468000 JavaThread "SpringEventPoolThread#1" daemon [_thread_blocked, id=11136, stack(0x00007fb7812bf000,0x00007fb7813c0000)]
  0x00007fb77c631000 JavaThread "MongoCleaner1250566083" daemon [_thread_blocked, id=11135, stack(0x00007fb780f49000,0x00007fb78104a000)]
  0x0000000001a69000 JavaThread "FileWatchdog" daemon [_thread_blocked, id=11134, stack(0x00007fb7815c8000,0x00007fb7816c9000)]
  0x00007fb77c006800 JavaThread "Service Thread" daemon [_thread_blocked, id=11131, stack(0x00007fb781dd8000,0x00007fb781ed9000)]
  0x00007fb77c004000 JavaThread "C2 CompilerThread1" daemon [_thread_blocked, id=11130, stack(0x00007fb781ed9000,0x00007fb781fda000)]
  0x00007fb77c001000 JavaThread "C2 CompilerThread0" daemon [_thread_blocked, id=11129, stack(0x00007fb781fda000,0x00007fb7820db000)]
  0x00000000016da000 JavaThread "JDWP Command Reader" daemon [_thread_in_native, id=11126, stack(0x00007fb7820db000,0x00007fb7821dc000)]
  0x00000000016d7800 JavaThread "JDWP Event Helper Thread" daemon [_thread_blocked, id=11125, stack(0x00007fb7821dc000,0x00007fb7822dd000)]
  0x00000000016d4000 JavaThread "JDWP Transport Listener: dt_socket" daemon [_thread_blocked, id=11123, stack(0x00007fb7822dd000,0x00007fb7823de000)]
  0x00000000016c5800 JavaThread "Signal Dispatcher" daemon [_thread_blocked, id=11121, stack(0x00007fb7825e2000,0x00007fb7826e3000)]
  0x0000000001674000 JavaThread "Finalizer" daemon [_thread_blocked, id=11119, stack(0x00007fb7826e3000,0x00007fb7827e4000)]
  0x0000000001671800 JavaThread "Reference Handler" daemon [_thread_blocked, id=11118, stack(0x00007fb7827e4000,0x00007fb7828e5000)]
  0x00000000015e5800 JavaThread "main" [_thread_in_Java, id=11112, stack(0x00007fb78c63b000,0x00007fb78c73c000)]

Other Threads:
  0x000000000166a000 VMThread [stack: 0x00007fb7828e5000,0x00007fb7829e6000] [id=11117]
  0x00007fb77c011800 WatcherThread [stack: 0x00007fb781cd7000,0x00007fb781dd8000] [id=11132]

VM state:not at safepoint (normal execution)

VM Mutex/Monitor currently owned by a thread: None

Heap
 PSYoungGen      total 66432K, used 29318K [0x00000000ebb60000, 0x00000000f4220000, 0x0000000100000000)
  eden space 61504K, 39% used [0x00000000ebb60000,0x00000000ed339538,0x00000000ef770000)
  from space 4928K, 99% used [0x00000000ef770000,0x00000000efc383a0,0x00000000efc40000)
  to   space 7488K, 0% used [0x00000000f3ad0000,0x00000000f3ad0000,0x00000000f4220000)
 ParOldGen       total 41536K, used 7227K [0x00000000c3200000, 0x00000000c5a90000, 0x00000000ebb60000)
  object space 41536K, 17% used [0x00000000c3200000,0x00000000c390ef58,0x00000000c5a90000)
 PSPermGen       total 23168K, used 23066K [0x00000000be000000, 0x00000000bf6a0000, 0x00000000c3200000)
  object space 23168K, 99% used [0x00000000be000000,0x00000000bf686ae0,0x00000000bf6a0000)

Card table byte_map: [0x00007fb786256000,0x00007fb786467000] byte_map_base: 0x00007fb785c66000

Polling page: 0x00007fb78c75f000

Code Cache  [0x00007fb786467000, 0x00007fb7866d7000, 0x00007fb789467000)
 total_blobs=744 nmethods=375 adapters=329 free_code_cache=47430Kb largest_free_block=48538304

Compilation events (10 events):
Event: 9.376 Thread 0x00007fb77c004000  376             sun.nio.ch.NativeObject::putInt (15 bytes)
Event: 9.376 Thread 0x00007fb77c004000 nmethod 376 0x00007fb786584b10 code [0x00007fb786584c40, 0x00007fb786584c98]
Event: 9.376 Thread 0x00007fb77c004000  378             sun.nio.ch.EPollArrayWrapper::putData (22 bytes)
Event: 9.377 Thread 0x00007fb77c004000 nmethod 378 0x00007fb7865d9ad0 code [0x00007fb7865d9c20, 0x00007fb7865d9cf8]
Event: 9.377 Thread 0x00007fb77c001000  379             sun.nio.ch.NativeObject::putLong (15 bytes)
Event: 9.377 Thread 0x00007fb77c001000 nmethod 379 0x00007fb7865d98d0 code [0x00007fb7865d9a00, 0x00007fb7865d9a58]
Event: 9.379 Thread 0x00007fb77c001000  380             sun.nio.ch.EPollArrayWrapper::<init> (99 bytes)
Event: 9.393 Thread 0x00007fb77c001000 nmethod 380 0x00007fb786585e10 code [0x00007fb786585fc0, 0x00007fb786586508]
Event: 9.478 Thread 0x00007fb77c004000  381             java.io.UnixFileSystem::resolve (103 bytes)
Event: 9.500 Thread 0x00007fb77c004000 nmethod 381 0x00007fb78661bfd0 code [0x00007fb78661c180, 0x00007fb78661c978]

GC Heap History (10 events):
Event: 1.965 GC heap before
{Heap before GC invocations=3 (full 0):
 PSYoungGen      total 18176K, used 18173K [0x00000000ebb60000, 0x00000000edee0000, 0x0000000100000000)
  eden space 15616K, 100% used [0x00000000ebb60000,0x00000000ecaa0000,0x00000000ecaa0000)
  from space 2560K, 99% used [0x00000000ecd20000,0x00000000ecf9f708,0x00000000ecfa0000)
  to   space 2560K, 0% used [0x00000000ecaa0000,0x00000000ecaa0000,0x00000000ecd20000)
 ParOldGen       total 41536K, used 77K [0x00000000c3200000, 0x00000000c5a90000, 0x00000000ebb60000)
  object space 41536K, 0% used [0x00000000c3200000,0x00000000c3213618,0x00000000c5a90000)
 PSPermGen       total 21248K, used 12752K [0x00000000be000000, 0x00000000bf4c0000, 0x00000000c3200000)
  object space 21248K, 60% used [0x00000000be000000,0x00000000bec741b8,0x00000000bf4c0000)
Event: 1.975 GC heap after
Heap after GC invocations=3 (full 0):
 PSYoungGen      total 18176K, used 2558K [0x00000000ebb60000, 0x00000000edee0000, 0x0000000100000000)
  eden space 15616K, 0% used [0x00000000ebb60000,0x00000000ebb60000,0x00000000ecaa0000)
  from space 2560K, 99% used [0x00000000ecaa0000,0x00000000ecd1fb58,0x00000000ecd20000)
  to   space 2560K, 0% used [0x00000000edc60000,0x00000000edc60000,0x00000000edee0000)
 ParOldGen       total 41536K, used 757K [0x00000000c3200000, 0x00000000c5a90000, 0x00000000ebb60000)
  object space 41536K, 1% used [0x00000000c3200000,0x00000000c32bd580,0x00000000c5a90000)
 PSPermGen       total 21248K, used 12752K [0x00000000be000000, 0x00000000bf4c0000, 0x00000000c3200000)
  object space 21248K, 60% used [0x00000000be000000,0x00000000bec741b8,0x00000000bf4c0000)
}
Event: 2.694 GC heap before
{Heap before GC invocations=4 (full 0):
 PSYoungGen      total 18176K, used 18174K [0x00000000ebb60000, 0x00000000edee0000, 0x0000000100000000)
  eden space 15616K, 100% used [0x00000000ebb60000,0x00000000ecaa0000,0x00000000ecaa0000)
  from space 2560K, 99% used [0x00000000ecaa0000,0x00000000ecd1fb58,0x00000000ecd20000)
  to   space 2560K, 0% used [0x00000000edc60000,0x00000000edc60000,0x00000000edee0000)
 ParOldGen       total 41536K, used 757K [0x00000000c3200000, 0x00000000c5a90000, 0x00000000ebb60000)
  object space 41536K, 1% used [0x00000000c3200000,0x00000000c32bd580,0x00000000c5a90000)
 PSPermGen       total 21248K, used 13004K [0x00000000be000000, 0x00000000bf4c0000, 0x00000000c3200000)
  object space 21248K, 61% used [0x00000000be000000,0x00000000becb3370,0x00000000bf4c0000)
Event: 2.721 GC heap after
Heap after GC invocations=4 (full 0):
 PSYoungGen      total 33792K, used 2550K [0x00000000ebb60000, 0x00000000edee0000, 0x0000000100000000)
  eden space 31232K, 0% used [0x00000000ebb60000,0x00000000ebb60000,0x00000000ed9e0000)
  from space 2560K, 99% used [0x00000000edc60000,0x00000000ededd868,0x00000000edee0000)
  to   space 2560K, 0% used [0x00000000ed9e0000,0x00000000ed9e0000,0x00000000edc60000)
 ParOldGen       total 41536K, used 1152K [0x00000000c3200000, 0x00000000c5a90000, 0x00000000ebb60000)
  object space 41536K, 2% used [0x00000000c3200000,0x00000000c3320170,0x00000000c5a90000)
 PSPermGen       total 21248K, used 13004K [0x00000000be000000, 0x00000000bf4c0000, 0x00000000c3200000)
  object space 21248K, 61% used [0x00000000be000000,0x00000000becb3370,0x00000000bf4c0000)
}
Event: 3.397 GC heap before
{Heap before GC invocations=5 (full 0):
 PSYoungGen      total 33792K, used 33782K [0x00000000ebb60000, 0x00000000edee0000, 0x0000000100000000)
  eden space 31232K, 100% used [0x00000000ebb60000,0x00000000ed9e0000,0x00000000ed9e0000)
  from space 2560K, 99% used [0x00000000edc60000,0x00000000ededd868,0x00000000edee0000)
  to   space 2560K, 0% used [0x00000000ed9e0000,0x00000000ed9e0000,0x00000000edc60000)
 ParOldGen       total 41536K, used 1152K [0x00000000c3200000, 0x00000000c5a90000, 0x00000000ebb60000)
  object space 41536K, 2% used [0x00000000c3200000,0x00000000c3320170,0x00000000c5a90000)
 PSPermGen       total 21248K, used 13209K [0x00000000be000000, 0x00000000bf4c0000, 0x00000000c3200000)
  object space 21248K, 62% used [0x00000000be000000,0x00000000bece64c8,0x00000000bf4c0000)
Event: 3.413 GC heap after
Heap after GC invocations=5 (full 0):
 PSYoungGen      total 33792K, used 2534K [0x00000000ebb60000, 0x00000000f0020000, 0x0000000100000000)
  eden space 31232K, 0% used [0x00000000ebb60000,0x00000000ebb60000,0x00000000ed9e0000)
  from space 2560K, 98% used [0x00000000ed9e0000,0x00000000edc59858,0x00000000edc60000)
  to   space 3968K, 0% used [0x00000000efc40000,0x00000000efc40000,0x00000000f0020000)
 ParOldGen       total 41536K, used 2344K [0x00000000c3200000, 0x00000000c5a90000, 0x00000000ebb60000)
  object space 41536K, 5% used [0x00000000c3200000,0x00000000c344a2a8,0x00000000c5a90000)
 PSPermGen       total 21248K, used 13209K [0x00000000be000000, 0x00000000bf4c0000, 0x00000000c3200000)
  object space 21248K, 62% used [0x00000000be000000,0x00000000bece64c8,0x00000000bf4c0000)
}
Event: 4.513 GC heap before
{Heap before GC invocations=6 (full 0):
 PSYoungGen      total 33792K, used 33766K [0x00000000ebb60000, 0x00000000f0020000, 0x0000000100000000)
  eden space 31232K, 100% used [0x00000000ebb60000,0x00000000ed9e0000,0x00000000ed9e0000)
  from space 2560K, 98% used [0x00000000ed9e0000,0x00000000edc59858,0x00000000edc60000)
  to   space 3968K, 0% used [0x00000000efc40000,0x00000000efc40000,0x00000000f0020000)
 ParOldGen       total 41536K, used 2344K [0x00000000c3200000, 0x00000000c5a90000, 0x00000000ebb60000)
  object space 41536K, 5% used [0x00000000c3200000,0x00000000c344a2a8,0x00000000c5a90000)
 PSPermGen       total 21248K, used 15070K [0x00000000be000000, 0x00000000bf4c0000, 0x00000000c3200000)
  object space 21248K, 70% used [0x00000000be000000,0x00000000beeb7ad8,0x00000000bf4c0000)
Event: 4.529 GC heap after
Heap after GC invocations=6 (full 0):
 PSYoungGen      total 65472K, used 3936K [0x00000000ebb60000, 0x00000000f0200000, 0x0000000100000000)
  eden space 61504K, 0% used [0x00000000ebb60000,0x00000000ebb60000,0x00000000ef770000)
  from space 3968K, 99% used [0x00000000efc40000,0x00000000f00180b8,0x00000000f0020000)
  to   space 4928K, 0% used [0x00000000ef770000,0x00000000ef770000,0x00000000efc40000)
 ParOldGen       total 41536K, used 3323K [0x00000000c3200000, 0x00000000c5a90000, 0x00000000ebb60000)
  object space 41536K, 8% used [0x00000000c3200000,0x00000000c353ed48,0x00000000c5a90000)
 PSPermGen       total 21248K, used 15070K [0x00000000be000000, 0x00000000bf4c0000, 0x00000000c3200000)
  object space 21248K, 70% used [0x00000000be000000,0x00000000beeb7ad8,0x00000000bf4c0000)
}
Event: 8.589 GC heap before
{Heap before GC invocations=7 (full 0):
 PSYoungGen      total 65472K, used 65440K [0x00000000ebb60000, 0x00000000f0200000, 0x0000000100000000)
  eden space 61504K, 100% used [0x00000000ebb60000,0x00000000ef770000,0x00000000ef770000)
  from space 3968K, 99% used [0x00000000efc40000,0x00000000f00180b8,0x00000000f0020000)
  to   space 4928K, 0% used [0x00000000ef770000,0x00000000ef770000,0x00000000efc40000)
 ParOldGen       total 41536K, used 3323K [0x00000000c3200000, 0x00000000c5a90000, 0x00000000ebb60000)
  object space 41536K, 8% used [0x00000000c3200000,0x00000000c353ed48,0x00000000c5a90000)
 PSPermGen       total 21248K, used 20127K [0x00000000be000000, 0x00000000bf4c0000, 0x00000000c3200000)
  object space 21248K, 94% used [0x00000000be000000,0x00000000bf3a7fc8,0x00000000bf4c0000)
Event: 8.616 GC heap after
Heap after GC invocations=7 (full 0):
 PSYoungGen      total 66432K, used 4896K [0x00000000ebb60000, 0x00000000f4220000, 0x0000000100000000)
  eden space 61504K, 0% used [0x00000000ebb60000,0x00000000ebb60000,0x00000000ef770000)
  from space 4928K, 99% used [0x00000000ef770000,0x00000000efc383a0,0x00000000efc40000)
  to   space 7488K, 0% used [0x00000000f3ad0000,0x00000000f3ad0000,0x00000000f4220000)
 ParOldGen       total 41536K, used 7227K [0x00000000c3200000, 0x00000000c5a90000, 0x00000000ebb60000)
  object space 41536K, 17% used [0x00000000c3200000,0x00000000c390ef58,0x00000000c5a90000)
 PSPermGen       total 21248K, used 20127K [0x00000000be000000, 0x00000000bf4c0000, 0x00000000c3200000)
  object space 21248K, 94% used [0x00000000be000000,0x00000000bf3a7fc8,0x00000000bf4c0000)
}

Deoptimization events (10 events):
Event: 9.297 Thread 0x00000000015e5800 Uncommon trap -75 fr.pc 0x00007fb78655ea5c
Event: 9.298 Thread 0x00000000015e5800 Uncommon trap -83 fr.pc 0x00007fb78655205c
Event: 9.298 Thread 0x00000000015e5800 Uncommon trap -34 fr.pc 0x00007fb78653056c
Event: 9.298 Thread 0x00000000015e5800 Uncommon trap -34 fr.pc 0x00007fb786527af8
Event: 9.298 Thread 0x00000000015e5800 Uncommon trap -34 fr.pc 0x00007fb78653056c
Event: 9.298 Thread 0x00000000015e5800 Uncommon trap -34 fr.pc 0x00007fb786527af8
Event: 9.298 Thread 0x00000000015e5800 Uncommon trap -34 fr.pc 0x00007fb78653056c
Event: 9.305 Thread 0x00000000015e5800 Uncommon trap -34 fr.pc 0x00007fb78653056c
Event: 9.315 Thread 0x00000000015e5800 Uncommon trap -83 fr.pc 0x00007fb78658457c
Event: 9.322 Thread 0x00000000015e5800 Uncommon trap -34 fr.pc 0x00007fb78655c9a0

Internal exceptions (10 events):
Event: 9.477 Thread 0x0000000002d20800 Threw 0x00000000ed2da360 at /HUDSON/workspace/jdk7u9-2-build-linux-amd64-product/jdk7u9/hotspot/src/share/vm/prims/jvm.cpp:1166
Event: 9.488 Thread 0x0000000002d20800 Threw 0x00000000ed2e22b0 at /HUDSON/workspace/jdk7u9-2-build-linux-amd64-product/jdk7u9/hotspot/src/share/vm/prims/jvm.cpp:1166
Event: 9.489 Thread 0x0000000002d20800 Threw 0x00000000ed2e9688 at /HUDSON/workspace/jdk7u9-2-build-linux-amd64-product/jdk7u9/hotspot/src/share/vm/prims/jvm.cpp:1166
Event: 9.491 Thread 0x0000000002d20800 Threw 0x00000000ed2eea88 at /HUDSON/workspace/jdk7u9-2-build-linux-amd64-product/jdk7u9/hotspot/src/share/vm/prims/jvm.cpp:1166
Event: 9.497 Thread 0x00000000015e5800 Threw 0x00000000ed215df0 at /HUDSON/workspace/jdk7u9-2-build-linux-amd64-product/jdk7u9/hotspot/src/share/vm/prims/jvm.cpp:1166
Event: 9.499 Thread 0x00000000015e5800 Threw 0x00000000ed222dc8 at /HUDSON/workspace/jdk7u9-2-build-linux-amd64-product/jdk7u9/hotspot/src/share/vm/prims/jvm.cpp:1166
Event: 9.500 Thread 0x00000000015e5800 Threw 0x00000000ed228bb0 at /HUDSON/workspace/jdk7u9-2-build-linux-amd64-product/jdk7u9/hotspot/src/share/vm/prims/jvm.cpp:1166
Event: 9.501 Thread 0x0000000002d20800 Threw 0x00000000ed2f4da8 at /HUDSON/workspace/jdk7u9-2-build-linux-amd64-product/jdk7u9/hotspot/src/share/vm/prims/jvm.cpp:1166
Event: 9.501 Thread 0x00000000015e5800 Threw 0x00000000ed22f260 at /HUDSON/workspace/jdk7u9-2-build-linux-amd64-product/jdk7u9/hotspot/src/share/vm/prims/jvm.cpp:1166
Event: 9.502 Thread 0x00000000015e5800 Threw 0x00000000ed237ce8 at /HUDSON/workspace/jdk7u9-2-build-linux-amd64-product/jdk7u9/hotspot/src/share/vm/prims/jvm.cpp:1166

Events (10 events):
Event: 9.501 loading class 0x00007fb77d260440
Event: 9.501 loading class 0x00007fb77d260440 done
Event: 9.502 loading class 0x0000000002c679d0
Event: 9.502 loading class 0x0000000002c679d0 done
Event: 9.503 Executing VM operation: ForceSafepoint
Event: 9.504 Executing VM operation: ForceSafepoint done
Event: 9.632 Executing VM operation: GetOrSetLocal
Event: 9.632 Executing VM operation: GetOrSetLocal done
Event: 10.063 Executing VM operation: GetOrSetLocal
Event: 10.063 Executing VM operation: GetOrSetLocal done


Dynamic libraries:
00400000-00401000 r-xp 00000000 08:01 1836780                            /usr/lib/jvm/jdk1.7.0_09/bin/java
00600000-00601000 rw-p 00000000 08:01 1836780                            /usr/lib/jvm/jdk1.7.0_09/bin/java
015d5000-03031000 rw-p 00000000 00:00 0                                  [heap]
be000000-bf6a0000 rw-p 00000000 00:00 0 
bf6a0000-c3200000 rw-p 00000000 00:00 0 
c3200000-c5a90000 rw-p 00000000 00:00 0 
c5a90000-ebb60000 rw-p 00000000 00:00 0 
ebb60000-f4220000 rw-p 00000000 00:00 0 
f4220000-100000000 rw-p 00000000 00:00 0 
7fb774000000-7fb7767a8000 rw-p 00000000 00:00 0 
7fb7767a8000-7fb778000000 ---p 00000000 00:00 0 
7fb77bbfc000-7fb77bbff000 ---p 00000000 00:00 0 
7fb77bbff000-7fb77bcfd000 rw-p 00000000 00:00 0 
7fb77bcfd000-7fb77bd00000 ---p 00000000 00:00 0 
7fb77bd00000-7fb77bdfe000 rw-p 00000000 00:00 0 
7fb77bdfe000-7fb77be01000 ---p 00000000 00:00 0 
7fb77be01000-7fb77beff000 rw-p 00000000 00:00 0 
7fb77beff000-7fb77bf02000 ---p 00000000 00:00 0 
7fb77bf02000-7fb77c000000 rw-p 00000000 00:00 0 
7fb77c000000-7fb77fffb000 rw-p 00000000 00:00 0 
7fb77fffb000-7fb780000000 ---p 00000000 00:00 0 
7fb7800c4000-7fb7800c7000 ---p 00000000 00:00 0 
7fb7800c7000-7fb7801c5000 rw-p 00000000 00:00 0 
7fb7801c5000-7fb7801c8000 ---p 00000000 00:00 0 
7fb7801c8000-7fb7802c6000 rw-p 00000000 00:00 0 
7fb7802c6000-7fb7802c9000 ---p 00000000 00:00 0 
7fb7802c9000-7fb7803c7000 rw-p 00000000 00:00 0 
7fb7803c7000-7fb7803ca000 ---p 00000000 00:00 0 
7fb7803ca000-7fb7804c8000 rw-p 00000000 00:00 0 
7fb7804c8000-7fb7804cb000 ---p 00000000 00:00 0 
7fb7804cb000-7fb7805c9000 rw-p 00000000 00:00 0 
7fb7805c9000-7fb7805cc000 ---p 00000000 00:00 0 
7fb7805cc000-7fb7806ca000 rw-p 00000000 00:00 0 
7fb7806ca000-7fb7806cd000 ---p 00000000 00:00 0 
7fb7806cd000-7fb7807cb000 rw-p 00000000 00:00 0 
7fb7807cb000-7fb7807ce000 ---p 00000000 00:00 0 
7fb7807ce000-7fb7808cc000 rw-p 00000000 00:00 0 
7fb7808cc000-7fb7808cf000 ---p 00000000 00:00 0 
7fb7808cf000-7fb7809cd000 rw-p 00000000 00:00 0 
7fb780a44000-7fb780a47000 ---p 00000000 00:00 0 
7fb780a47000-7fb780b45000 rw-p 00000000 00:00 0 
7fb780b45000-7fb780b48000 ---p 00000000 00:00 0 
7fb780b48000-7fb780c46000 rw-p 00000000 00:00 0 
7fb780c46000-7fb780c49000 ---p 00000000 00:00 0 
7fb780c49000-7fb780d47000 rw-p 00000000 00:00 0 
7fb780d47000-7fb780d4a000 ---p 00000000 00:00 0 
7fb780d4a000-7fb780e48000 rw-p 00000000 00:00 0 
7fb780e48000-7fb780e4b000 ---p 00000000 00:00 0 
7fb780e4b000-7fb780f49000 rw-p 00000000 00:00 0 
7fb780f49000-7fb780f4c000 ---p 00000000 00:00 0 
7fb780f4c000-7fb78104a000 rw-p 00000000 00:00 0 
7fb7810bd000-7fb7810c0000 ---p 00000000 00:00 0 
7fb7810c0000-7fb7811be000 rw-p 00000000 00:00 0 
7fb7811be000-7fb7811c1000 ---p 00000000 00:00 0 
7fb7811c1000-7fb7812bf000 rw-p 00000000 00:00 0 
7fb7812bf000-7fb7812c2000 ---p 00000000 00:00 0 
7fb7812c2000-7fb7813c0000 rw-p 00000000 00:00 0 
7fb7813c0000-7fb7813c8000 r-xp 00000000 08:01 1858645                    /usr/lib/jvm/jdk1.7.0_09/jre/lib/amd64/libmanagement.so
7fb7813c8000-7fb7815c7000 ---p 00008000 08:01 1858645                    /usr/lib/jvm/jdk1.7.0_09/jre/lib/amd64/libmanagement.so
7fb7815c7000-7fb7815c8000 rw-p 00007000 08:01 1858645                    /usr/lib/jvm/jdk1.7.0_09/jre/lib/amd64/libmanagement.so
7fb7815c8000-7fb7815cb000 ---p 00000000 00:00 0 
7fb7815cb000-7fb7816c9000 rw-p 00000000 00:00 0 
7fb7816c9000-7fb7816de000 r-xp 00000000 08:01 1858605                    /usr/lib/jvm/jdk1.7.0_09/jre/lib/amd64/libnet.so
7fb7816de000-7fb7818de000 ---p 00015000 08:01 1858605                    /usr/lib/jvm/jdk1.7.0_09/jre/lib/amd64/libnet.so
7fb7818de000-7fb7818df000 rw-p 00015000 08:01 1858605                    /usr/lib/jvm/jdk1.7.0_09/jre/lib/amd64/libnet.so
7fb7818df000-7fb7818ef000 r-xp 00000000 08:01 1858600                    /usr/lib/jvm/jdk1.7.0_09/jre/lib/amd64/libnio.so
7fb7818ef000-7fb781aef000 ---p 00010000 08:01 1858600                    /usr/lib/jvm/jdk1.7.0_09/jre/lib/amd64/libnio.so
7fb781aef000-7fb781af0000 rw-p 00010000 08:01 1858600                    /usr/lib/jvm/jdk1.7.0_09/jre/lib/amd64/libnio.so
7fb781af0000-7fb781afa000 r--s 00254000 08:01 1858108                    /usr/lib/jvm/jdk1.7.0_09/jre/lib/resources.jar
7fb781afa000-7fb781b04000 r--s 0008a000 08:01 1971128                    /home/nwhitehead/.m2/repository/org/apache/zookeeper/zookeeper/3.3.4/zookeeper-3.3.4.jar
7fb781b04000-7fb781b09000 r--s 00016000 08:01 1835747                    /home/nwhitehead/.m2/repository/xml-apis/xml-apis/1.0.b2/xml-apis-1.0.b2.jar
7fb781b09000-7fb781b10000 r--s 00032000 08:01 2100553                    /home/nwhitehead/.m2/repository/org/springframework/spring-tx/3.0.7.RELEASE/spring-tx-3.0.7.RELEASE.jar
7fb781b10000-7fb781b16000 r--s 00033000 08:01 2100576                    /home/nwhitehead/.m2/repository/org/springframework/spring-test/3.1.1.RELEASE/spring-test-3.1.1.RELEASE.jar
7fb781b16000-7fb781b20000 r--s 00055000 08:01 2100556                    /home/nwhitehead/.m2/repository/org/springframework/spring-jdbc/3.0.7.RELEASE/spring-jdbc-3.0.7.RELEASE.jar
7fb781b20000-7fb781b24000 r--s 00026000 08:01 2100550                    /home/nwhitehead/.m2/repository/org/springframework/spring-expression/3.0.7.RELEASE/spring-expression-3.0.7.RELEASE.jar
7fb781b24000-7fb781b2c000 r--s 00041000 08:01 2106676                    /home/nwhitehead/.m2/repository/org/springframework/data/spring-data-mongodb/1.0.4.RELEASE/spring-data-mongodb-1.0.4.RELEASE.jar
7fb781b2c000-7fb781b32000 r--s 0002d000 08:01 2106631                    /home/nwhitehead/.m2/repository/org/springframework/data/spring-data-commons-core/1.2.1.RELEASE/spring-data-commons-core-1.2.1.RELEASE.jar
7fb781b32000-7fb781b3b000 r--s 00055000 08:01 2098467                    /home/nwhitehead/.m2/repository/org/springframework/spring-core/3.0.7.RELEASE/spring-core-3.0.7.RELEASE.jar
7fb781b3b000-7fb781b4c000 r--s 00093000 08:01 2098449                    /home/nwhitehead/.m2/repository/org/springframework/spring-context/3.0.7.RELEASE/spring-context-3.0.7.RELEASE.jar
7fb781b4c000-7fb781b57000 r--s 0007d000 08:01 2098464                    /home/nwhitehead/.m2/repository/org/springframework/spring-beans/3.0.7.RELEASE/spring-beans-3.0.7.RELEASE.jar
7fb781b57000-7fb781b58000 r--s 0000c000 08:01 2098411                    /home/nwhitehead/.m2/repository/org/springframework/spring-asm/3.0.7.RELEASE/spring-asm-3.0.7.RELEASE.jar
7fb781b58000-7fb781b61000 r--s 00046000 08:01 2098457                    /home/nwhitehead/.m2/repository/org/springframework/spring-aop/3.0.7.RELEASE/spring-aop-3.0.7.RELEASE.jar
7fb781b61000-7fb781b62000 r--s 00002000 08:01 2098458                    /home/nwhitehead/.m2/repository/org/slf4j/slf4j-log4j12/1.6.6/slf4j-log4j12-1.6.6.jar
7fb781b62000-7fb781b64000 r--s 00005000 08:01 2098454                    /home/nwhitehead/.m2/repository/org/slf4j/slf4j-api/1.6.6/slf4j-api-1.6.6.jar
7fb781b64000-7fb781b6c000 r--s 0004a000 08:01 2098420                    /home/nwhitehead/.m2/repository/org/springframework/org.springframework.orm/3.0.7.RELEASE/org.springframework.orm-3.0.7.RELEASE.jar
7fb781b6c000-7fb781b6e000 r--s 00008000 08:01 1859210                    /home/nwhitehead/.m2/repository/com/cgbystrom/netty-tools/1.2.7/netty-tools-1.2.7.jar
7fb781b6e000-7fb781b71000 r--s 0000d000 08:01 1858866                    /home/nwhitehead/.m2/repository/org/helios/nash/1.0-SNAPSHOT/nash-1.0-SNAPSHOT.jar
7fb781b71000-7fb781b76000 r--s 00043000 08:01 1897640                    /home/nwhitehead/.m2/repository/org/mongodb/mongo-java-driver/2.7.1/mongo-java-driver-2.7.1.jar
7fb781b76000-7fb781b7f000 r--s 0004d000 08:01 1846066                    /home/nwhitehead/.m2/repository/ch/qos/logback/logback-core/1.0.6/logback-core-1.0.6.jar
7fb781b7f000-7fb781b85000 r--s 00038000 08:01 1846088                    /home/nwhitehead/.m2/repository/ch/qos/logback/logback-classic/1.0.6/logback-classic-1.0.6.jar
7fb781b85000-7fb781b87000 r--s 00004000 08:01 2098465                    /home/nwhitehead/.m2/repository/org/slf4j/log4j-over-slf4j/1.6.4/log4j-over-slf4j-1.6.4.jar
7fb781b87000-7fb781b8a000 r--s 00006000 08:01 3698766                    /home/nwhitehead/.m2/repository/com/google/code/findbugs/jsr305/1.3.9/jsr305-1.3.9.jar
7fb781b8a000-7fb781b8c000 r--s 00001000 08:01 4456612                    /home/nwhitehead/.m2/repository/net/javacrumbs/json-xml/1.2/json-xml-1.2.jar
7fb781b8c000-7fb781b8d000 r--s 00005000 08:01 3025780                    /home/nwhitehead/.m2/repository/com/googlecode/json-simple/json-simple/1.1.1/json-simple-1.1.1.jar
7fb781b8d000-7fb781b8f000 r--s 0000a000 08:01 1846472                    /home/nwhitehead/.m2/repository/org/json/json/20090211/json-20090211.jar
7fb781b8f000-7fb781b91000 r--s 00003000 08:01 2098459                    /home/nwhitehead/.m2/repository/org/slf4j/jcl-over-slf4j/1.6.4/jcl-over-slf4j-1.6.4.jar
7fb781b91000-7fb781b94000 r--s 00018000 08:01 4347811                    /home/nwhitehead/.m2/repository/org/fusesource/jansi/jansi/1.4/jansi-1.4.jar
7fb781b94000-7fb781b98000 r--s 00034000 08:01 1971132                    /home/nwhitehead/.m2/repository/org/codehaus/jackson/jackson-core-asl/1.8.1/jackson-core-asl-1.8.1.jar
7fb781b98000-7fb781b9a000 r--s 00016000 08:01 1858774                    /home/nwhitehead/.m2/repository/com/github/stephenc/high-scale-lib/high-scale-lib/1.1.4/high-scale-lib-1.1.4.jar
7fb781b9a000-7fb781bbd000 r--s 00211000 08:01 2240994                    /home/nwhitehead/.m2/repository/org/hibernate/hibernate-core/3.3.2.GA/hibernate-core-3.3.2.GA.jar
7fb781bbd000-7fb781bc7000 r--s 0012f000 08:01 1858783                    /home/nwhitehead/.m2/repository/com/h2database/h2/1.3.168/h2-1.3.168.jar
7fb781bc7000-7fb781be9000 r--s 00195000 08:01 3675761                    /home/nwhitehead/.m2/repository/com/google/guava/guava/12.0/guava-12.0.jar
7fb781be9000-7fb781bee000 r--s 0002a000 08:01 3675752                    /home/nwhitehead/.m2/repository/com/google/code/gson/gson/2.2.2/gson-2.2.2.jar
7fb781bee000-7fb781c4d000 r--s 00589000 08:01 1858790                    /home/nwhitehead/.m2/repository/org/codehaus/groovy/groovy-all/2.0.1/groovy-all-2.0.1.jar
7fb781c4d000-7fb781c52000 r--s 00048000 08:01 1836869                    /home/nwhitehead/.m2/repository/dom4j/dom4j/1.6.1/dom4j-1.6.1.jar
7fb781c52000-7fb781c55000 r--s 0000e000 08:01 1863083                    /home/nwhitehead/.m2/repository/de/flapdoodle/embed/de.flapdoodle.embed.process/1.24/de.flapdoodle.embed.process-1.24.jar
7fb781c55000-7fb781c57000 r--s 00005000 08:01 1863082                    /home/nwhitehead/.m2/repository/de/flapdoodle/embed/de.flapdoodle.embed.mongo/1.26/de.flapdoodle.embed.mongo-1.26.jar
7fb781c57000-7fb781c5a000 r--s 0002a000 08:01 4456613                    /home/nwhitehead/.m2/repository/net/opentsdb/core/1.1.0/core-1.1.0.jar
7fb781c5a000-7fb781c5d000 r--s 00015000 08:01 1836071                    /home/nwhitehead/.m2/repository/commons-pool/commons-pool/1.5.4/commons-pool-1.5.4.jar
7fb781c5d000-7fb781c5f000 r--s 0000d000 08:01 1849525                    /home/nwhitehead/.m2/repository/commons-logging/commons-logging/1.1.1/commons-logging-1.1.1.jar
7fb781c5f000-7fb781c63000 r--s 00027000 08:01 1863084                    /home/nwhitehead/.m2/repository/commons-io/commons-io/2.2/commons-io-2.2.jar
7fb781c63000-7fb781c66000 r--s 00025000 08:01 1858769                    /home/nwhitehead/.m2/repository/commons-dbcp/commons-dbcp/1.4/commons-dbcp-1.4.jar
7fb781c66000-7fb781c6b000 r--s 00032000 08:01 1976205                    /home/nwhitehead/.m2/repository/org/apache/commons/commons-compress/1.3/commons-compress-1.3.jar
7fb781c6b000-7fb781c78000 r--s 0007c000 08:01 1836641                    /home/nwhitehead/.m2/repository/commons-collections/commons-collections/3.1/commons-collections-3.1.jar
7fb781c78000-7fb781c7b000 r--s 00012000 08:01 1970991                    /home/nwhitehead/.m2/repository/org/apache/camel/camel-test-spring/2.10.0/camel-test-spring-2.10.0.jar
7fb781c7b000-7fb781c7d000 r--s 0000c000 08:01 1971113                    /home/nwhitehead/.m2/repository/org/apache/camel/camel-test/2.10.0/camel-test-2.10.0.jar
7fb781c7d000-7fb781c82000 r--s 00033000 08:01 1971135                    /home/nwhitehead/.m2/repository/org/apache/camel/camel-spring/2.10.0/camel-spring-2.10.0.jar
7fb781c82000-7fb781c84000 r--s 0000e000 08:01 1971138                    /home/nwhitehead/.m2/repository/org/apache/camel/camel-netty/2.10.0/camel-netty-2.10.0.jar
7fb781c84000-7fb781cad000 r--s 001f1000 08:01 1969727                    /home/nwhitehead/.m2/repository/org/apache/camel/camel-core/2.10.0/camel-core-2.10.0.jar
7fb781cad000-7fb781cb1000 r--s 00024000 08:01 1858773                    /home/nwhitehead/.m2/repository/org/hbase/asynchbase/1.3.2/asynchbase-1.3.2.jar
7fb781cb1000-7fb781cba000 r--s 0006c000 08:01 1858778                    /home/nwhitehead/.m2/repository/com/ning/async-http-client/1.7.6/async-http-client-1.7.6.jar
7fb781cba000-7fb781cbb000 r--s 00003000 08:01 1858770                    /home/nwhitehead/.m2/repository/com/stumbleupon/async/1.2.0/async-1.2.0.jar
7fb781cbb000-7fb781cc1000 r--s 00054000 08:01 5375779                    /home/nwhitehead/.m2/repository/org/snmp4j/snmp4j/1.9.1f/snmp4j-1.9.1f.jar
7fb781cc1000-7fb781cd7000 r--s 000fd000 08:01 2229165                    /home/nwhitehead/.m2/repository/io/netty/netty/3.5.8.Final/netty-3.5.8.Final.jar
7fb781cd7000-7fb781cd8000 ---p 00000000 00:00 0 
7fb781cd8000-7fb781dd8000 rw-p 00000000 00:00 0 
7fb781dd8000-7fb781ddb000 ---p 00000000 00:00 0 
7fb781ddb000-7fb781ed9000 rw-p 00000000 00:00 0 
7fb781ed9000-7fb781edc000 ---p 00000000 00:00 0 
7fb781edc000-7fb781fda000 rw-p 00000000 00:00 0 
7fb781fda000-7fb781fdd000 ---p 00000000 00:00 0 
7fb781fdd000-7fb7820db000 rw-p 00000000 00:00 0 
7fb7820db000-7fb7820de000 ---p 00000000 00:00 0 
7fb7820de000-7fb7821dc000 rw-p 00000000 00:00 0 
7fb7821dc000-7fb7821df000 ---p 00000000 00:00 0 
7fb7821df000-7fb7822dd000 rw-p 00000000 00:00 0 
7fb7822dd000-7fb7822e0000 ---p 00000000 00:00 0 
7fb7822e0000-7fb7823de000 rw-p 00000000 00:00 0 
7fb7823de000-7fb7823e2000 r-xp 00000000 08:01 1858620                    /usr/lib/jvm/jdk1.7.0_09/jre/lib/amd64/libdt_socket.so
7fb7823e2000-7fb7825e1000 ---p 00004000 08:01 1858620                    /usr/lib/jvm/jdk1.7.0_09/jre/lib/amd64/libdt_socket.so
7fb7825e1000-7fb7825e2000 rw-p 00003000 08:01 1858620                    /usr/lib/jvm/jdk1.7.0_09/jre/lib/amd64/libdt_socket.so
7fb7825e2000-7fb7825e5000 ---p 00000000 00:00 0 
7fb7825e5000-7fb7826e3000 rw-p 00000000 00:00 0 
7fb7826e3000-7fb7826e6000 ---p 00000000 00:00 0 
7fb7826e6000-7fb7827e4000 rw-p 00000000 00:00 0 
7fb7827e4000-7fb7827e7000 ---p 00000000 00:00 0 
7fb7827e7000-7fb7828e5000 rw-p 00000000 00:00 0 
7fb7828e5000-7fb7828e6000 ---p 00000000 00:00 0 
7fb7828e6000-7fb7833c2000 rw-p 00000000 00:00 0 
7fb7833c2000-7fb78357e000 r--s 039da000 08:01 1858659                    /usr/lib/jvm/jdk1.7.0_09/jre/lib/rt.jar
7fb78357e000-7fb785ee6000 rw-p 00000000 00:00 0 
7fb785ee6000-7fb785ee7000 ---p 00000000 00:00 0 
7fb785ee7000-7fb785fe7000 rw-p 00000000 00:00 0 
7fb785fe7000-7fb785fe8000 ---p 00000000 00:00 0 
7fb785fe8000-7fb7860f4000 rw-p 00000000 00:00 0 
7fb7860f4000-7fb786111000 rw-p 00000000 00:00 0 
7fb786111000-7fb786126000 rw-p 00000000 00:00 0 
7fb786126000-7fb786256000 rw-p 00000000 00:00 0 
7fb786256000-7fb786262000 rw-p 00000000 00:00 0 
7fb786262000-7fb78627f000 rw-p 00000000 00:00 0 
7fb78627f000-7fb786294000 rw-p 00000000 00:00 0 
7fb786294000-7fb7863c3000 rw-p 00000000 00:00 0 
7fb7863c3000-7fb786408000 rw-p 00000000 00:00 0 
7fb786408000-7fb786466000 rw-p 00000000 00:00 0 
7fb786466000-7fb786467000 rw-p 00000000 00:00 0 
7fb786467000-7fb7866d7000 rwxp 00000000 00:00 0 
7fb7866d7000-7fb789467000 rw-p 00000000 00:00 0 
7fb789467000-7fb789481000 r-xp 00000000 08:01 1858648                    /usr/lib/jvm/jdk1.7.0_09/jre/lib/amd64/libzip.so
7fb789481000-7fb789681000 ---p 0001a000 08:01 1858648                    /usr/lib/jvm/jdk1.7.0_09/jre/lib/amd64/libzip.so
7fb789681000-7fb789682000 rw-p 0001a000 08:01 1858648                    /usr/lib/jvm/jdk1.7.0_09/jre/lib/amd64/libzip.so
7fb789682000-7fb78968e000 r-xp 00000000 08:01 2490502                    /lib/libnss_files-2.12.1.so
7fb78968e000-7fb78988d000 ---p 0000c000 08:01 2490502                    /lib/libnss_files-2.12.1.so
7fb78988d000-7fb78988e000 r--p 0000b000 08:01 2490502                    /lib/libnss_files-2.12.1.so
7fb78988e000-7fb78988f000 rw-p 0000c000 08:01 2490502                    /lib/libnss_files-2.12.1.so
7fb78988f000-7fb789899000 r-xp 00000000 08:01 2490525                    /lib/libnss_nis-2.12.1.so
7fb789899000-7fb789a98000 ---p 0000a000 08:01 2490525                    /lib/libnss_nis-2.12.1.so
7fb789a98000-7fb789a99000 r--p 00009000 08:01 2490525                    /lib/libnss_nis-2.12.1.so
7fb789a99000-7fb789a9a000 rw-p 0000a000 08:01 2490525                    /lib/libnss_nis-2.12.1.so
7fb789a9a000-7fb789ab1000 r-xp 00000000 08:01 2490479                    /lib/libnsl-2.12.1.so
7fb789ab1000-7fb789cb0000 ---p 00017000 08:01 2490479                    /lib/libnsl-2.12.1.so
7fb789cb0000-7fb789cb1000 r--p 00016000 08:01 2490479                    /lib/libnsl-2.12.1.so
7fb789cb1000-7fb789cb2000 rw-p 00017000 08:01 2490479                    /lib/libnsl-2.12.1.so
7fb789cb2000-7fb789cb4000 rw-p 00000000 00:00 0 
7fb789cb4000-7fb789cbc000 r-xp 00000000 08:01 2490489                    /lib/libnss_compat-2.12.1.so
7fb789cbc000-7fb789ebb000 ---p 00008000 08:01 2490489                    /lib/libnss_compat-2.12.1.so
7fb789ebb000-7fb789ebc000 r--p 00007000 08:01 2490489                    /lib/libnss_compat-2.12.1.so
7fb789ebc000-7fb789ebd000 rw-p 00008000 08:01 2490489                    /lib/libnss_compat-2.12.1.so
7fb789ebd000-7fb78a161000 r--p 00000000 08:01 2623986                    /usr/lib/locale/locale-archive
7fb78a161000-7fb78a164000 r-xp 00000000 08:01 1858611                    /usr/lib/jvm/jdk1.7.0_09/jre/lib/amd64/libnpt.so
7fb78a164000-7fb78a363000 ---p 00003000 08:01 1858611                    /usr/lib/jvm/jdk1.7.0_09/jre/lib/amd64/libnpt.so
7fb78a363000-7fb78a364000 rw-p 00002000 08:01 1858611                    /usr/lib/jvm/jdk1.7.0_09/jre/lib/amd64/libnpt.so
7fb78a364000-7fb78a39d000 r-xp 00000000 08:01 1858652                    /usr/lib/jvm/jdk1.7.0_09/jre/lib/amd64/libjdwp.so
7fb78a39d000-7fb78a59c000 ---p 00039000 08:01 1858652                    /usr/lib/jvm/jdk1.7.0_09/jre/lib/amd64/libjdwp.so
7fb78a59c000-7fb78a59e000 rw-p 00038000 08:01 1858652                    /usr/lib/jvm/jdk1.7.0_09/jre/lib/amd64/libjdwp.so
7fb78a59e000-7fb78a5c7000 r-xp 00000000 08:01 1858634                    /usr/lib/jvm/jdk1.7.0_09/jre/lib/amd64/libjava.so
7fb78a5c7000-7fb78a7c7000 ---p 00029000 08:01 1858634                    /usr/lib/jvm/jdk1.7.0_09/jre/lib/amd64/libjava.so
7fb78a7c7000-7fb78a7c9000 rw-p 00029000 08:01 1858634                    /usr/lib/jvm/jdk1.7.0_09/jre/lib/amd64/libjava.so
7fb78a7c9000-7fb78a7d6000 r-xp 00000000 08:01 1858632                    /usr/lib/jvm/jdk1.7.0_09/jre/lib/amd64/libverify.so
7fb78a7d6000-7fb78a9d5000 ---p 0000d000 08:01 1858632                    /usr/lib/jvm/jdk1.7.0_09/jre/lib/amd64/libverify.so
7fb78a9d5000-7fb78a9d7000 rw-p 0000c000 08:01 1858632                    /usr/lib/jvm/jdk1.7.0_09/jre/lib/amd64/libverify.so
7fb78a9d7000-7fb78a9de000 r-xp 00000000 08:01 2491140                    /lib/librt-2.12.1.so
7fb78a9de000-7fb78abdd000 ---p 00007000 08:01 2491140                    /lib/librt-2.12.1.so
7fb78abdd000-7fb78abde000 r--p 00006000 08:01 2491140                    /lib/librt-2.12.1.so
7fb78abde000-7fb78abdf000 rw-p 00007000 08:01 2491140                    /lib/librt-2.12.1.so
7fb78abdf000-7fb78ac61000 r-xp 00000000 08:01 2490475                    /lib/libm-2.12.1.so
7fb78ac61000-7fb78ae60000 ---p 00082000 08:01 2490475                    /lib/libm-2.12.1.so
7fb78ae60000-7fb78ae61000 r--p 00081000 08:01 2490475                    /lib/libm-2.12.1.so
7fb78ae61000-7fb78ae62000 rw-p 00082000 08:01 2490475                    /lib/libm-2.12.1.so
7fb78ae62000-7fb78b8a9000 r-xp 00000000 08:01 1858639                    /usr/lib/jvm/jdk1.7.0_09/jre/lib/amd64/server/libjvm.so
7fb78b8a9000-7fb78baa8000 ---p 00a47000 08:01 1858639                    /usr/lib/jvm/jdk1.7.0_09/jre/lib/amd64/server/libjvm.so
7fb78baa8000-7fb78bb4c000 rw-p 00a46000 08:01 1858639                    /usr/lib/jvm/jdk1.7.0_09/jre/lib/amd64/server/libjvm.so
7fb78bb4c000-7fb78bb87000 rw-p 00000000 00:00 0 
7fb78bb87000-7fb78bd01000 r-xp 00000000 08:01 2490430                    /lib/libc-2.12.1.so
7fb78bd01000-7fb78bf01000 ---p 0017a000 08:01 2490430                    /lib/libc-2.12.1.so
7fb78bf01000-7fb78bf05000 r--p 0017a000 08:01 2490430                    /lib/libc-2.12.1.so
7fb78bf05000-7fb78bf06000 rw-p 0017e000 08:01 2490430                    /lib/libc-2.12.1.so
7fb78bf06000-7fb78bf0b000 rw-p 00000000 00:00 0 
7fb78bf0b000-7fb78bf0d000 r-xp 00000000 08:01 2490473                    /lib/libdl-2.12.1.so
7fb78bf0d000-7fb78c10d000 ---p 00002000 08:01 2490473                    /lib/libdl-2.12.1.so
7fb78c10d000-7fb78c10e000 r--p 00002000 08:01 2490473                    /lib/libdl-2.12.1.so
7fb78c10e000-7fb78c10f000 rw-p 00003000 08:01 2490473                    /lib/libdl-2.12.1.so
7fb78c10f000-7fb78c125000 r-xp 00000000 08:01 1858609                    /usr/lib/jvm/jdk1.7.0_09/jre/lib/amd64/jli/libjli.so
7fb78c125000-7fb78c324000 ---p 00016000 08:01 1858609                    /usr/lib/jvm/jdk1.7.0_09/jre/lib/amd64/jli/libjli.so
7fb78c324000-7fb78c325000 rw-p 00015000 08:01 1858609                    /usr/lib/jvm/jdk1.7.0_09/jre/lib/amd64/jli/libjli.so
7fb78c325000-7fb78c33d000 r-xp 00000000 08:01 2490545                    /lib/libpthread-2.12.1.so
7fb78c33d000-7fb78c53c000 ---p 00018000 08:01 2490545                    /lib/libpthread-2.12.1.so
7fb78c53c000-7fb78c53d000 r--p 00017000 08:01 2490545                    /lib/libpthread-2.12.1.so
7fb78c53d000-7fb78c53e000 rw-p 00018000 08:01 2490545                    /lib/libpthread-2.12.1.so
7fb78c53e000-7fb78c542000 rw-p 00000000 00:00 0 
7fb78c542000-7fb78c562000 r-xp 00000000 08:01 2490421                    /lib/ld-2.12.1.so
7fb78c563000-7fb78c565000 rw-p 00000000 00:00 0 
7fb78c565000-7fb78c56c000 r--s 00062000 08:01 2381988                    /home/nwhitehead/.m2/repository/org/hyperic/sigar/1.6.4/sigar-1.6.4.jar
7fb78c56c000-7fb78c575000 r--s 0006d000 08:01 1835714                    /home/nwhitehead/.m2/repository/log4j/log4j/1.2.16/log4j-1.2.16.jar
7fb78c575000-7fb78c57b000 r--s 00034000 08:01 3189641                    /home/nwhitehead/.m2/repository/junit/junit/4.8.2/junit-4.8.2.jar
7fb78c57b000-7fb78c585000 rw-p 00000000 00:00 0 
7fb78c585000-7fb78c63b000 rw-p 00000000 00:00 0 
7fb78c63b000-7fb78c63e000 ---p 00000000 00:00 0 
7fb78c63e000-7fb78c740000 rw-p 00000000 00:00 0 
7fb78c740000-7fb78c744000 r--s 00089000 08:01 1858097                    /usr/lib/jvm/jdk1.7.0_09/jre/lib/jsse.jar
7fb78c744000-7fb78c74d000 r--s 00098000 08:01 1836150                    /home/nwhitehead/.m2/repository/org/javassist/javassist/3.16.1-GA/javassist-3.16.1-GA.jar
7fb78c74d000-7fb78c74f000 r--s 00000000 08:01 1835649                    /home/nwhitehead/.m2/repository/aopalliance/aopalliance/1.0/aopalliance-1.0.jar
7fb78c74f000-7fb78c755000 r--s 00067000 08:01 1835777                    /home/nwhitehead/.m2/repository/antlr/antlr/2.7.6/antlr-2.7.6.jar
7fb78c755000-7fb78c756000 r--s 00003000 08:01 1835778                    /home/nwhitehead/.m2/repository/javax/transaction/jta/1.1/jta-1.1.jar
7fb78c756000-7fb78c75e000 rw-s 00000000 08:01 4850708                    /tmp/hsperfdata_nwhitehead/11108
7fb78c75e000-7fb78c75f000 rw-p 00000000 00:00 0 
7fb78c75f000-7fb78c760000 r--p 00000000 00:00 0 
7fb78c760000-7fb78c762000 rw-p 00000000 00:00 0 
7fb78c762000-7fb78c763000 r--p 00020000 08:01 2490421                    /lib/ld-2.12.1.so
7fb78c763000-7fb78c764000 rw-p 00021000 08:01 2490421                    /lib/ld-2.12.1.so
7fb78c764000-7fb78c765000 rw-p 00000000 00:00 0 
7fffcab15000-7fffcab37000 rw-p 00000000 00:00 0                          [stack]
7fffcabff000-7fffcac00000 r-xp 00000000 00:00 0                          [vdso]
ffffffffff600000-ffffffffff601000 r-xp 00000000 00:00 0                  [vsyscall]

VM Arguments:
jvm_args: -agentlib:jdwp=transport=dt_socket,suspend=y,address=localhost:58265 -Dfile.encoding=UTF-8 
java_command: org.helios.apmrouter.APMRouter ./src/test/resources/server
Launcher Type: SUN_STANDARD

Environment Variables:
PATH=/home/nwhitehead/bin:/usr/local/sbin:/usr/local/bin:/usr/sbin:/usr/bin:/sbin:/bin:/usr/games
USERNAME=nwhitehead
LD_LIBRARY_PATH=/usr/lib/jvm/jdk1.7.0_09/jre/lib/amd64/server:/usr/lib/jvm/jdk1.7.0_09/jre/lib/amd64:/usr/lib/jvm/jdk1.7.0_09/jre/../lib/amd64:/usr/lib/jvm/java-6-openjdk/jre/lib/amd64/server:/usr/lib/jvm/java-6-openjdk/jre/lib/amd64:/usr/lib/jvm/java-6-openjdk/jre/../lib/amd64
SHELL=/bin/bash
DISPLAY=:0.0

Signal Handlers:
SIGSEGV: [libjvm.so+0x8a5c80], sa_mask[0]=0x7ffbfeff, sa_flags=0x10000004
SIGBUS: [libjvm.so+0x8a5c80], sa_mask[0]=0x7ffbfeff, sa_flags=0x10000004
SIGFPE: [libjvm.so+0x741d60], sa_mask[0]=0x7ffbfeff, sa_flags=0x10000004
SIGPIPE: [libjvm.so+0x741d60], sa_mask[0]=0x7ffbfeff, sa_flags=0x10000004
SIGXFSZ: [libjvm.so+0x741d60], sa_mask[0]=0x7ffbfeff, sa_flags=0x10000004
SIGILL: [libjvm.so+0x741d60], sa_mask[0]=0x7ffbfeff, sa_flags=0x10000004
SIGUSR1: SIG_DFL, sa_mask[0]=0x00000000, sa_flags=0x00000000
SIGUSR2: [libjvm.so+0x7416b0], sa_mask[0]=0x00000004, sa_flags=0x10000004
SIGHUP: [libjvm.so+0x743a40], sa_mask[0]=0x7ffbfeff, sa_flags=0x10000004
SIGINT: [libjvm.so+0x743a40], sa_mask[0]=0x7ffbfeff, sa_flags=0x10000004
SIGTERM: [libjvm.so+0x743a40], sa_mask[0]=0x7ffbfeff, sa_flags=0x10000004
SIGQUIT: [libjvm.so+0x743a40], sa_mask[0]=0x7ffbfeff, sa_flags=0x10000004


---------------  S Y S T E M  ---------------

OS:squeeze/sid

uname:Linux 2.6.35-32-generic #67-Ubuntu SMP Mon Mar 5 19:39:49 UTC 2012 x86_64
libc:glibc 2.12.1 NPTL 2.12.1 
rlimit: STACK 8192k, CORE 0k, NPROC infinity, NOFILE 4096, AS infinity
load average:0.65 0.50 0.52

/proc/meminfo:
MemTotal:        3984228 kB
MemFree:          287160 kB
Buffers:           33472 kB
Cached:           584884 kB
SwapCached:       198276 kB
Active:          2326696 kB
Inactive:        1079888 kB
Active(anon):    2155536 kB
Inactive(anon):   883832 kB
Active(file):     171160 kB
Inactive(file):   196056 kB
Unevictable:          80 kB
Mlocked:              80 kB
SwapTotal:       4016124 kB
SwapFree:        2954332 kB
Dirty:             14056 kB
Writeback:             0 kB
AnonPages:       2680428 kB
Mapped:           133584 kB
Shmem:            251044 kB
Slab:              93880 kB
SReclaimable:      53408 kB
SUnreclaim:        40472 kB
KernelStack:        6848 kB
PageTables:        57484 kB
NFS_Unstable:          0 kB
Bounce:                0 kB
WritebackTmp:          0 kB
CommitLimit:     6008236 kB
Committed_AS:    7710848 kB
VmallocTotal:   34359738367 kB
VmallocUsed:      378368 kB
VmallocChunk:   34359281988 kB
HardwareCorrupted:     0 kB
HugePages_Total:       0
HugePages_Free:        0
HugePages_Rsvd:        0
HugePages_Surp:        0
Hugepagesize:       2048 kB
DirectMap4k:        8896 kB
DirectMap2M:     4110336 kB


CPU:total 2 (2 cores per cpu, 1 threads per core) family 6 model 15 stepping 11, cmov, cx8, fxsr, mmx, sse, sse2, sse3, ssse3, tsc

/proc/cpuinfo:
processor	: 0
vendor_id	: GenuineIntel
cpu family	: 6
model		: 15
model name	: Intel(R) Core(TM)2 Duo CPU     T7300  @ 2.00GHz
stepping	: 11
cpu MHz		: 2001.000
cache size	: 4096 KB
physical id	: 0
siblings	: 2
core id		: 0
cpu cores	: 2
apicid		: 0
initial apicid	: 0
fpu		: yes
fpu_exception	: yes
cpuid level	: 10
wp		: yes
flags		: fpu vme de pse tsc msr pae mce cx8 apic sep mtrr pge mca cmov pat pse36 clflush dts acpi mmx fxsr sse sse2 ss ht tm pbe syscall nx lm constant_tsc arch_perfmon pebs bts rep_good aperfmperf pni dtes64 monitor ds_cpl vmx est tm2 ssse3 cx16 xtpr pdcm lahf_lm ida dts tpr_shadow vnmi flexpriority
bogomips	: 3990.01
clflush size	: 64
cache_alignment	: 64
address sizes	: 36 bits physical, 48 bits virtual
power management:

processor	: 1
vendor_id	: GenuineIntel
cpu family	: 6
model		: 15
model name	: Intel(R) Core(TM)2 Duo CPU     T7300  @ 2.00GHz
stepping	: 11
cpu MHz		: 2001.000
cache size	: 4096 KB
physical id	: 0
siblings	: 2
core id		: 1
cpu cores	: 2
apicid		: 1
initial apicid	: 1
fpu		: yes
fpu_exception	: yes
cpuid level	: 10
wp		: yes
flags		: fpu vme de pse tsc msr pae mce cx8 apic sep mtrr pge mca cmov pat pse36 clflush dts acpi mmx fxsr sse sse2 ss ht tm pbe syscall nx lm constant_tsc arch_perfmon pebs bts rep_good aperfmperf pni dtes64 monitor ds_cpl vmx est tm2 ssse3 cx16 xtpr pdcm lahf_lm ida dts tpr_shadow vnmi flexpriority
bogomips	: 3992.05
clflush size	: 64
cache_alignment	: 64
address sizes	: 36 bits physical, 48 bits virtual
power management:



Memory: 4k page, physical 3984228k(287160k free), swap 4016124k(2954332k free)

vm_info: Java HotSpot(TM) 64-Bit Server VM (23.5-b02) for linux-amd64 JRE (1.7.0_09-b05), built on Sep 24 2012 20:07:15 by "java_re" with gcc 4.3.0 20080428 (Red Hat 4.3.0-8)

time: Sun Nov 25 12:41:02 2012
elapsed time: 10 seconds

